time: 946686600.0
diff: 163.0
waiting
going to web site
Hello world	Thread-906	3

time: 946686763.849036
diff: 11.15096402168274
waiting
going to web site
Hello world	Thread-945	3

time: 946686775.859037
diff: -0.8590370416641235
going to web site
Hello world	Thread-948	3

time: 946686776.7080729
diff: -0.7080729007720947
going to web site
Hello world	Thread-954	6

time: 946686777.574683
diff: -1.5746829509735107
going to web site
Hello world	Thread-961	3

time: 946686778.436719
diff: -1.4367189407348633
going to web site
Hello world	Thread-967	2

time: 946686779.290646
diff: -2.290645956993103
going to web site
Hello world	Thread-974	2

time: 946686780.147351
diff: -2.147351026535034
going to web site
Hello world	Thread-978	2

time: 946686780.998387
diff: -1.9983869791030884
going to web site
Hello world	Thread-982	5

time: 946686781.847423
diff: 0.15257704257965088
waiting
going to web site
Hello world	Thread-257	2

time: 946686782.870037
diff: 1.1299630403518677
waiting
going to web site
Hello world	Thread-999	2

time: 946686784.8776189
diff: 1.1223810911178589
waiting
going to web site
Hello world	Thread-1007	2

time: 946686786.859037
diff: 1.1409629583358765
waiting
going to web site
Hello world	Thread-1011	3

time: 946686788.865776
diff: -0.8657759428024292
going to web site
Hello world	Thread-1013	4

time: 946686789.714812
diff: -1.7148120403289795
going to web site
Hello world	Thread-1016	3

time: 946686790.578848
diff: -1.5788480043411255
going to web site
Hello world	Thread-1020	3

time: 946686791.444884
diff: -0.44488394260406494
going to web site
Hello world	Thread-1024	2

time: 946686792.29392
diff: -0.29392004013061523
going to web site
Hello world	Thread-1026	2

time: 946686793.142956
diff: -0.14295601844787598
going to web site
Hello world	Thread-1029	2

time: 946686793.9919921
diff: -0.9919921159744263
going to web site
Hello world	Thread-1031	2

time: 946686794.841028
diff: 0.15897202491760254
waiting
going to web site
Hello world	Thread-1035	2

time: 946686795.869037
diff: -0.8690370321273804
going to web site
Hello world	Thread-289	2

time: 946686796.718073
diff: 0.2819269895553589
waiting
going to web site
Hello world	Thread-1042	3

time: 946686797.859583
diff: 4.140416979789734
waiting
going to web site
Hello world	Thread-1057	2

time: 946686802.857036
diff: 0.14296400547027588
waiting
going to web site
Hello world	Thread-1062	2

time: 946686803.869037
diff: 2.1309629678726196
waiting
going to web site
Hello world	Thread-1084	4

time: 946686806.849036
diff: -0.8490359783172607
going to web site
Hello world	Thread-1090	8

time: 946686807.705072
diff: -0.7050720453262329
going to web site
Hello world	Thread-1098	8

time: 946686808.561108
diff: 7.4388920068740845
waiting
going to web site
Hello world	Thread-347	2

time: 946686816.859205
diff: 6.140794992446899
waiting
going to web site
Hello world	Thread-1197	4

time: 946686823.8629351
diff: 0.13706493377685547
waiting
going to web site
Hello world	Thread-1205	2

time: 946686824.8590261
diff: 0.14097392559051514
waiting
going to web site
Hello world	Thread-1213	3

time: 946686825.8632259
diff: -0.8632259368896484
going to web site
Hello world	Thread-1217	3

time: 946686826.712262
diff: 20.2877379655838
waiting
going to web site
Hello world	Thread-447	2

time: 946686847.867036
diff: 8.132964015007019
waiting
going to web site
Hello world	Thread-484	2

time: 946686856.882037
diff: 19.117962956428528
waiting
going to web site
Hello world	Thread-548	3

time: 946686876.849036
diff: 23.15096402168274
waiting
going to web site
Hello world	Thread-645	3

time: 946686900.876846
diff: 10.123154044151306
waiting
going to web site
Hello world	Thread-684	4

time: 946686911.86696
diff: 23.133039951324463
waiting
going to web site
Hello world	Thread-782	5

time: 946686935.860036
diff: 18.13996398448944
waiting
going to web site
Hello world	Thread-873	4

time: 946686954.8685831
diff: 18.13141691684723
waiting
going to web site
Hello world	Thread-963	2

time: 946686973.8590361
diff: 24.140963912010193
waiting
going to web site
Hello world	Thread-1073	2

time: 946686998.869673
diff: 22.130326986312866
waiting
going to web site
Hello world	Thread-1178	4

time: 946687021.850036
diff: 24.149963974952698
waiting
going to web site
Hello world	Thread-1296	7

time: 946687046.849036
diff: 28.15096402168274
waiting
going to web site
Hello world	Thread-1425	2

time: 946687075.849037
diff: 26.150962948799133
waiting
going to web site
Hello world	Thread-1549	3

time: 946687102.8660359
diff: 14.13396406173706
waiting
going to web site
Hello world	Thread-1609	3

time: 946687117.8630371
diff: 12.136962890625
waiting
going to web site
Hello world	Thread-1664	2

time: 946687130.850036
diff: 42.1499639749527
waiting
going to web site
Hello world	Thread-1842	2

time: 946687173.850935
diff: 26.149065017700195
waiting
going to web site
Hello world	Thread-1958	2

time: 946687200.8605831
diff: 16.139416933059692
waiting
going to web site
Hello world	Thread-2027	6

time: 946687217.856582
diff: 13.143417954444885
waiting
going to web site
Hello world	Thread-2089	4

time: 946687231.849036
diff: 23.15096402168274
waiting
going to web site
Hello world	Thread-2195	2

time: 946687255.858037
diff: 35.14196300506592
waiting
going to web site
Hello world	Thread-2356	2

time: 946687291.8650371
diff: 15.134962916374207
waiting
going to web site
Hello world	Thread-2426	2

time: 946687307.849036
diff: 33.15096402168274
waiting
going to web site
Hello world	Thread-2571	4

time: 946687341.858037
diff: 18.141963005065918
waiting
going to web site
Hello world	Thread-2661	3

time: 946687361.859037
diff: 6.1409629583358765
waiting
going to web site
Hello world	Thread-2691	4

time: 946687368.840832
diff: 23.159168004989624
waiting
going to web site
Hello world	Thread-2800	5

time: 946687392.851833
diff: 16.14816701412201
waiting
going to web site
Hello world	Thread-2871	3

time: 946687409.841833
diff: 27.158167004585266
waiting
going to web site
Hello world	Thread-2991	2

time: 946687437.841833
diff: 9.158167004585266
waiting
going to web site
Hello world	Thread-3031	4

time: 946687447.841833
diff: 24.158167004585266
waiting
going to web site
Hello world	Thread-3145	6

time: 946687472.848833
diff: 26.151167035102844
waiting
going to web site
Hello world	Thread-3265	5

time: 946687499.832833
diff: 23.16716694831848
waiting
going to web site
Hello world	Thread-3372	7

time: 946687523.832832
diff: 33.16716802120209
waiting
going to web site
Hello world	Thread-3518	4

time: 946687557.841833
diff: 11.158167004585266
waiting
going to web site
Hello world	Thread-3575	3

time: 946687570.849833
diff: 36.1501669883728
waiting
going to web site
Hello world	Thread-3732	4

time: 946687607.832832
diff: 13.167168021202087
waiting
going to web site
Hello world	Thread-3802	5

time: 946687621.841833
diff: 26.158167004585266
waiting
going to web site
Hello world	Thread-3907	2

time: 946687648.841833
diff: 28.158167004585266
waiting
going to web site
Hello world	Thread-4040	5

time: 946687677.832833
diff: 21.16716694831848
waiting
going to web site
Hello world	Thread-4140	5

time: 946687699.832832
diff: 17.167168021202087
waiting
going to web site
Hello world	Thread-4218	5

time: 946687717.832833
diff: 29.16716694831848
waiting
going to web site
Hello world	Thread-4349	3

time: 946687747.832832
diff: 14.167168021202087
waiting
going to web site
Hello world	Thread-4418	3

time: 946687763.841833
diff: 15.158167004585266
waiting
going to web site
Hello world	Thread-4496	3

time: 946687779.841833
diff: 29.158167004585266
waiting
going to web site
Hello world	Thread-4631	3

time: 946687809.841833
diff: 8.158167004585266
waiting
going to web site
Hello world	Thread-4664	2

time: 946687818.841833
diff: 32.158167004585266
waiting
going to web site
Hello world	Thread-4818	3

time: 946687851.841833
diff: 12.158167004585266
waiting
going to web site
Hello world	Thread-4870	4

time: 946687864.841833
diff: 12.158167004585266
waiting
going to web site
Hello world	Thread-4935	2

time: 946687877.832833
diff: 39.16716694831848
waiting
going to web site
Hello world	Thread-5114	5

time: 946687917.832832
diff: 23.167168021202087
waiting
going to web site
Hello world	Thread-5236	3

time: 946687942.841833
diff: 19.158167004585266
waiting
going to web site
Hello world	Thread-5329	4

time: 946687962.832833
diff: 15.167166948318481
waiting
going to web site
Hello world	Thread-5412	4

time: 946687978.832832
diff: 27.167168021202087
waiting
going to web site
Hello world	Thread-5534	3

time: 946688006.849833
diff: 21.150166988372803
waiting
going to web site
Hello world	Thread-5631	4

time: 946688028.8418319
diff: 18.158168077468872
waiting
going to web site
Hello world	Thread-5716	4

time: 946688047.8398329
diff: 15.16016709804535
waiting
going to web site
Hello world	Thread-5790	5

time: 946688063.841833
diff: 16.158167004585266
waiting
going to web site
Hello world	Thread-5870	2

time: 946688080.845833
diff: 23.15416705608368
waiting
going to web site
Hello world	Thread-5971	3

time: 946688104.841833
diff: 25.158167004585266
waiting
going to web site
Hello world	Thread-6090	2

time: 946688130.845833
diff: 17.15416705608368
waiting
going to web site
Hello world	Thread-6170	2

time: 946688149.841833
diff: 28.158167004585266
waiting
going to web site
Hello world	Thread-6283	4

time: 946688178.841833
diff: 25.158167004585266
waiting
going to web site
Hello world	Thread-6406	4

time: 946688204.841833
diff: 21.158167004585266
waiting
going to web site
Hello world	Thread-6502	3

time: 946688226.832833
diff: 27.16716694831848
waiting
going to web site
Hello world	Thread-6617	7

time: 946688254.832832
diff: 18.167168021202087
waiting
going to web site
Hello world	Thread-6702	4

time: 946688273.8424561
diff: 22.157543897628784
waiting
going to web site
Hello world	Thread-6803	4

time: 946688296.832832
diff: 26.167168021202087
waiting
going to web site
Hello world	Thread-6931	2

time: 946688323.843657
diff: 18.15634298324585
waiting
going to web site
Hello world	Thread-7005	3

time: 946688342.832832
diff: 28.167168021202087
waiting
going to web site
Hello world	Thread-7143	3

time: 946688372.851833
diff: 13.14816701412201
waiting
going to web site
Hello world	Thread-7205	4

time: 946688386.841833
diff: 36.158167004585266
waiting
going to web site
Hello world	Thread-7371	4

time: 946688423.841833
diff: 11.158167004585266
waiting
going to web site
Hello world	Thread-7421	4

time: 946688435.841833
diff: 12.158167004585266
waiting
going to web site
Hello world	Thread-7482	2

time: 946688448.841833
diff: 28.158167004585266
waiting
going to web site
Hello world	Thread-7619	3

time: 946688478.841833
diff: 11.158167004585266
waiting
going to web site
Hello world	Thread-7665	2

time: 946688490.841833
diff: 28.158167004585266
waiting
going to web site
Hello world	Thread-7807	3

time: 946688520.841833
diff: 18.158167004585266
waiting
going to web site
Hello world	Thread-7886	2

time: 946688539.841833
diff: 12.158167004585266
waiting
going to web site
Hello world	Thread-7934	5

time: 946688552.841833
diff: 17.158167004585266
waiting
going to web site
Hello world	Thread-8023	2

time: 946688570.841833
diff: 39.158167004585266
waiting
going to web site
Hello world	Thread-8193	4

time: 946688610.544065
diff: 14.455935001373291
waiting
going to web site
Hello world	Thread-8255	3

time: 946688625.5518321
diff: 32.44816792011261
waiting
going to web site
Hello world	Thread-8395	7

time: 946688658.5294169
diff: 20.470583081245422
waiting
going to web site
Hello world	Thread-8480	7

time: 946688679.544065
diff: 32.45593500137329
waiting
going to web site
Hello world	Thread-8616	6

time: 946688712.5350649
diff: 33.464935064315796
waiting
going to web site
Hello world	Thread-8755	5

time: 946688746.5350649
diff: 19.464935064315796
waiting
going to web site
Hello world	Thread-8831	3

time: 946688766.544065
diff: 20.45593500137329
waiting
going to web site
Hello world	Thread-8911	5

time: 946688787.544065
diff: 21.45593500137329
waiting
going to web site
Hello world	Thread-9005	6

time: 946688809.533065
diff: 12.46693503856659
waiting
going to web site
Hello world	Thread-9056	4

time: 946688822.544065
diff: 27.45593500137329
waiting
going to web site
Hello world	Thread-9177	6

time: 946688850.540065
diff: 41.45993494987488
waiting
going to web site
Hello world	Thread-9361	7

time: 946688892.5350641
diff: 22.464935898780823
waiting
going to web site
Hello world	Thread-9453	3

time: 946688915.5350641
diff: 17.464935898780823
waiting
going to web site
Hello world	Thread-9534	7

time: 946688933.5350641
diff: 24.464935898780823
waiting
going to web site
Hello world	Thread-9638	5

time: 946688958.5350641
diff: 8.464935898780823
waiting
going to web site
Hello world	Thread-9681	7

time: 946688967.5294169
diff: 27.470583081245422
waiting
going to web site
Hello world	Thread-9813	6

time: 946688995.544065
diff: 21.45593500137329
waiting
going to web site
Hello world	Thread-9921	6

time: 946689017.539065
diff: 30.46093499660492
waiting
going to web site
Hello world	Thread-10053	7

time: 946689048.526064
diff: 11.473935961723328
waiting
going to web site
Hello world	Thread-10108	6

time: 946689060.5350641
diff: 27.464935898780823
waiting
going to web site
Hello world	Thread-10250	6

time: 946689088.5350641
diff: 8.464935898780823
waiting
going to web site
Hello world	Thread-10276	6

time: 946689097.5350641
diff: 22.464935898780823
waiting
going to web site
Hello world	Thread-10386	7

time: 946689120.532064
diff: 10.467936038970947
waiting
going to web site
Hello world	Thread-10447	3

time: 946689131.544911
diff: 20.45508897304535
waiting
going to web site
Hello world	Thread-10545	6

time: 946689152.5350641
diff: 29.464935898780823
waiting
going to web site
Hello world	Thread-10685	7

time: 946689182.5350641
diff: 14.464935898780823
waiting
going to web site
Hello world	Thread-10760	7

time: 946689197.5350641
diff: 36.46493589878082
waiting
going to web site
Hello world	Thread-10935	7

time: 946689234.5294169
diff: 16.470583081245422
waiting
going to web site
Hello world	Thread-11021	6

time: 946689251.5350649
diff: 15.464935064315796
waiting
going to web site
Hello world	Thread-11095	6

time: 946689267.539065
diff: 22.46093499660492
waiting
going to web site
Hello world	Thread-11207	7

time: 946689290.526064
diff: 29.473935961723328
waiting
going to web site
Hello world	Thread-11349	7

time: 946689320.5350641
diff: 12.464935898780823
waiting
going to web site
Hello world	Thread-11405	7

time: 946689333.5350641
diff: 18.464935898780823
waiting
going to web site
Hello world	Thread-11495	6

time: 946689352.535685
diff: 16.464315056800842
waiting
going to web site
Hello world	Thread-11575	5

time: 946689369.544065
diff: 24.45593500137329
waiting
going to web site
Hello world	Thread-11691	4

time: 946689394.5350649
diff: 30.464935064315796
waiting
going to web site
Hello world	Thread-11831	6

time: 946689425.539065
diff: 10.46093499660492
waiting
going to web site
Hello world	Thread-11887	3

time: 946689436.526064
diff: 31.473935961723328
waiting
going to web site
Hello world	Thread-12024	5

time: 946689468.5350641
diff: 17.464935898780823
waiting
going to web site
Hello world	Thread-12114	7

time: 946689486.5350641
diff: 7.464935898780823
waiting
going to web site
Hello world	Thread-12151	5

time: 946689494.526064
diff: 24.473935961723328
waiting
going to web site
Hello world	Thread-12254	4

time: 946689519.536032
diff: 28.46396803855896
waiting
going to web site
Hello world	Thread-12392	5

time: 946689548.5350649
diff: 27.464935064315796
waiting
going to web site
Hello world	Thread-12519	3

time: 946689576.544065
diff: 27.45593500137329
waiting
going to web site
Hello world	Thread-12646	2

time: 946689604.5351491
diff: 21.464850902557373
waiting
going to web site
Hello world	Thread-12740	7

time: 946689626.526064
diff: 20.473935961723328
waiting
going to web site
Hello world	Thread-12839	8

time: 946689647.5350641
diff: 23.464935898780823
waiting
going to web site
Hello world	Thread-12951	8

time: 946689671.5350641
diff: 10.464935898780823
waiting
going to web site
Hello world	Thread-13010	6

time: 946689682.526064
diff: 19.473935961723328
waiting
going to web site
Hello world	Thread-13101	4

time: 946689702.5350641
diff: 18.464935898780823
waiting
going to web site
Hello world	Thread-13189	6

time: 946689721.5350641
diff: 32.46493589878082
waiting
going to web site
Hello world	Thread-13337	6

time: 946689754.5350641
diff: 17.464935898780823
waiting
going to web site
Hello world	Thread-13417	3

time: 946689772.5350641
diff: 12.464935898780823
waiting
going to web site
Hello world	Thread-13470	6

time: 946689785.531417
diff: 18.46858298778534
waiting
going to web site
Hello world	Thread-13559	6

time: 946689804.5350641
diff: 15.464935898780823
waiting
going to web site
Hello world	Thread-13641	5

time: 946689820.5350641
diff: 28.464935898780823
waiting
going to web site
Hello world	Thread-13777	6

time: 946689849.832832
diff: 17.167168021202087
waiting
going to web site
Hello world	Thread-13877	2

time: 946689870.851507
diff: 32.14849305152893
waiting
going to web site
Hello world	Thread-14025	3

time: 946689903.841833
diff: 10.158167004585266
waiting
going to web site
Hello world	Thread-14066	3

time: 946689914.841833
diff: 22.158167004585266
waiting
going to web site
Hello world	Thread-14165	4

time: 946689937.841833
diff: 20.158167004585266
waiting
going to web site
Hello world	Thread-14264	4

time: 946689958.841833
diff: 32.158167004585266
waiting
going to web site
Hello world	Thread-14406	2

time: 946689991.841833
diff: 17.158167004585266
waiting
going to web site
Hello world	Thread-14487	4

time: 946690009.841833
diff: 18.158167004585266
waiting
going to web site
Hello world	Thread-14568	3

time: 946690028.841833
diff: 42.158167004585266
waiting
going to web site
Hello world	Thread-14746	3

time: 946690071.832833
diff: 16.16716694831848
waiting
going to web site
Hello world	Thread-14818	5

time: 946690088.832832
diff: 30.167168021202087
waiting
going to web site
Hello world	Thread-14948	6

time: 946690119.832833
diff: 19.16716694831848
waiting
going to web site
Hello world	Thread-15034	6

time: 946690139.832832
diff: 9.167168021202087
waiting
going to web site
Hello world	Thread-15077	3

time: 946690149.832833
diff: 30.16716694831848
waiting
going to web site
Hello world	Thread-15208	2

time: 946690180.836832
diff: 23.16316795349121
waiting
going to web site
Hello world	Thread-15311	6

time: 946690204.832832
diff: 16.167168021202087
waiting
going to web site
Hello world	Thread-15383	3

time: 946690221.841833
diff: 33.158167004585266
waiting
going to web site
Hello world	Thread-15533	7

time: 946690255.832833
diff: 24.16716694831848
waiting
going to web site
Hello world	Thread-15642	2

time: 946690280.832832
diff: 8.167168021202087
waiting
going to web site
Hello world	Thread-15687	3

time: 946690289.841833
diff: 32.158167004585266
waiting
going to web site
Hello world	Thread-15829	3

time: 946690322.841833
diff: 21.158167004585266
waiting
going to web site
Hello world	Thread-15919	2

time: 946690344.832833
diff: 13.167166948318481
waiting
going to web site
Hello world	Thread-15973	4

time: 946690358.832832
diff: 21.167168021202087
waiting
going to web site
Hello world	Thread-16073	2

time: 946690380.832833
diff: 19.16716694831848
waiting
going to web site
Hello world	Thread-16160	2

time: 946690400.832832
diff: 24.167168021202087
waiting
going to web site
Hello world	Thread-16270	3

time: 946690425.841833
diff: 30.158167004585266
waiting
going to web site
Hello world	Thread-16403	6

time: 946690456.699561
diff: 30.3004390001297
waiting
going to web site
Hello world	Thread-16543	2

time: 946690487.7085611
diff: 19.291438937187195
waiting
going to web site
Hello world	Thread-16626	6

time: 946690507.6995599
diff: 29.300440073013306
waiting
going to web site
Hello world	Thread-16757	5

time: 946690537.699561
diff: 18.3004390001297
waiting
going to web site
Hello world	Thread-16836	6

time: 946690556.699561
diff: 8.3004390001297
waiting
going to web site
Hello world	Thread-16882	4

time: 946690565.699561
diff: 33.3004390001297
waiting
going to web site
Hello world	Thread-17031	5

time: 946690599.699561
diff: 9.3004390001297
waiting
going to web site
Hello world	Thread-17062	7

time: 946690609.699561
diff: 31.3004390001297
waiting
going to web site
Hello world	Thread-17208	4

time: 946690641.699561
diff: 8.3004390001297
waiting
going to web site
Hello world	Thread-17240	4

time: 946690650.699561
diff: 35.3004390001297
waiting
going to web site
Hello world	Thread-17401	6

time: 946690686.699561
diff: 23.3004390001297
waiting
going to web site
Hello world	Thread-17504	5

time: 946690710.699561
diff: 27.3004390001297
waiting
going to web site
Hello world	Thread-17627	6

time: 946690738.699561
diff: 27.3004390001297
waiting
going to web site
Hello world	Thread-17745	5

time: 946690766.699561
diff: 16.3004390001297
waiting
going to web site
Hello world	Thread-17824	6

time: 946690783.699561
diff: 21.3004390001297
waiting
going to web site
Hello world	Thread-17914	6

time: 946690805.699561
diff: 20.3004390001297
waiting
going to web site
Hello world	Thread-18005	7

time: 946690826.713817
diff: 21.2861829996109
waiting
going to web site
Hello world	Thread-18094	4

time: 946690848.6995599
diff: 21.300440073013306
waiting
going to web site
Hello world	Thread-18191	5

time: 946690870.699561
diff: 29.3004390001297
waiting
going to web site
Hello world	Thread-18317	6

time: 946690900.699561
diff: 28.3004390001297
waiting
going to web site
Hello world	Thread-18436	7

time: 946690929.699561
diff: 17.3004390001297
waiting
going to web site
Hello world	Thread-18516	5

time: 946690947.714561
diff: 22.285439014434814
waiting
going to web site
Hello world	Thread-18613	3

time: 946690970.699561
diff: 20.3004390001297
waiting
going to web site
Hello world	Thread-18710	4

time: 946690991.702561
diff: 35.297438979148865
waiting
going to web site
Hello world	Thread-18863	6

time: 946691027.6995599
diff: 2.3004400730133057
waiting
going to web site
Hello world	Thread-18878	4

time: 946691030.699561
diff: 33.3004390001297
waiting
going to web site
Hello world	Thread-19028	7

time: 946691064.5350649
diff: 15.464935064315796
waiting
going to web site
Hello world	Thread-19100	6

time: 946691080.544065
diff: 33.45593500137329
waiting
going to web site
Hello world	Thread-19249	5

time: 946691114.5370649
diff: 20.462935090065002
waiting
going to web site
Hello world	Thread-19342	6

time: 946691135.536065
diff: 11.463935017585754
waiting
going to web site
Hello world	Thread-19394	5

time: 946691147.5350649
diff: 22.464935064315796
waiting
going to web site
Hello world	Thread-19497	7

time: 946691170.5350649
diff: 30.464935064315796
waiting
going to web site
Hello world	Thread-19640	6

time: 946691201.542065
diff: 7.4579349756240845
waiting
going to web site
Hello world	Thread-19673	7

time: 946691209.5350641
diff: 26.464935898780823
waiting
going to web site
Hello world	Thread-19805	6

time: 946691236.526064
diff: 16.473935961723328
waiting
going to web site
Hello world	Thread-19880	7

time: 946691253.5350641
diff: 21.464935898780823
waiting
going to web site
Hello world	Thread-19979	3

time: 946691275.526064
diff: 27.473935961723328
waiting
going to web site
Hello world	Thread-20103	6

time: 946691303.5350641
diff: 19.464935898780823
waiting
going to web site
Hello world	Thread-20202	7

time: 946691323.5350641
diff: 22.464935898780823
waiting
going to web site
Hello world	Thread-20309	7

time: 946691346.5350641
diff: 13.464935898780823
waiting
going to web site
Hello world	Thread-20372	6

time: 946691360.5294169
diff: 13.470583081245422
waiting
going to web site
Hello world	Thread-20457	4

time: 946691374.541065
diff: 20.458935022354126
waiting
going to web site
Hello world	Thread-20560	5

time: 946691395.544065
diff: 35.45593500137329
waiting
going to web site
Hello world	Thread-20729	5

time: 946691431.544065
diff: 17.45593500137329
waiting
going to web site
Hello world	Thread-20818	3

time: 946691449.5350649
diff: 6.464935064315796
waiting
going to web site
Hello world	Thread-20849	5

time: 946691456.536065
diff: 38.463935017585754
waiting
going to web site
Hello world	Thread-21029	5

time: 946691495.526065
diff: 19.47393500804901
waiting
going to web site
Hello world	Thread-21121	5

time: 946691515.539065
diff: 17.46093499660492
waiting
going to web site
Hello world	Thread-21208	7

time: 946691533.5350641
diff: 17.464935898780823
waiting
going to web site
Hello world	Thread-21294	7

time: 946691551.5350641
diff: 21.464935898780823
waiting
going to web site
Hello world	Thread-21386	4

time: 946691573.526064
diff: 19.473935961723328
waiting
going to web site
Hello world	Thread-21483	5

time: 946691593.5350641
diff: 10.464935898780823
waiting
going to web site
Hello world	Thread-21535	3

time: 946691604.5350641
diff: 23.464935898780823
waiting
going to web site
Hello world	Thread-21640	7

time: 946691628.526064
diff: 40.47393596172333
waiting
going to web site
Hello world	Thread-21815	5

time: 946691669.832832
diff: 22.167168021202087
waiting
going to web site
Hello world	Thread-21927	2

time: 946691692.841833
diff: 16.158167004585266
waiting
going to web site
Hello world	Thread-22003	2

time: 946691709.845833
diff: 21.15416705608368
waiting
going to web site
Hello world	Thread-22102	2

time: 946691731.841833
diff: 34.158167004585266
waiting
going to web site
Hello world	Thread-22254	2

time: 946691766.841833
diff: 19.158167004585266
waiting
going to web site
Hello world	Thread-22331	3

time: 946691786.841833
diff: 15.158167004585266
waiting
going to web site
Hello world	Thread-22402	2

time: 946691802.841833
diff: 19.158167004585266
waiting
going to web site
Hello world	Thread-22494	2

time: 946691822.841833
diff: 26.158167004585266
waiting
going to web site
Hello world	Thread-22613	4

time: 946691850.841833
diff: 18.158167004585266
waiting
going to web site
Hello world	Thread-22701	2

time: 946691870.841833
diff: 19.158167004585266
waiting
going to web site
Hello world	Thread-22793	2

time: 946691890.832833
diff: 19.16716694831848
waiting
going to web site
Hello world	Thread-22874	5

time: 946691910.832832
diff: 26.167168021202087
waiting
going to web site
Hello world	Thread-23000	4

time: 946691937.832833
diff: 15.167166948318481
waiting
going to web site
Hello world	Thread-23080	5

time: 946691953.832832
diff: 40.16716802120209
waiting
going to web site
Hello world	Thread-23275	2

time: 946691994.832833
diff: 3.1671669483184814
waiting
going to web site
Hello world	Thread-23288	4

time: 946691998.832832
diff: 33.16716802120209
waiting
going to web site
Hello world	Thread-23453	3

time: 946692032.841833
diff: 4.158167004585266
waiting
going to web site
Hello world	Thread-23471	2

time: 946692037.841833
diff: 36.158167004585266
waiting
going to web site
Hello world	Thread-23655	2

time: 946692074.8422489
diff: 13.157751083374023
waiting
going to web site
Hello world	Thread-23721	5

time: 946692088.832833
diff: 13.167166948318481
waiting
going to web site
Hello world	Thread-23787	3

time: 946692102.832832
diff: 26.167168021202087
waiting
going to web site
Hello world	Thread-23918	2

time: 946692129.841833
diff: 18.158167004585266
waiting
going to web site
Hello world	Thread-24005	2

time: 946692148.841833
diff: 22.158167004585266
waiting
going to web site
Hello world	Thread-24115	2

time: 946692172.861137
diff: 12.13886296749115
waiting
going to web site
Hello world	Thread-24173	4

time: 946692185.842832
diff: 12.15716803073883
waiting
going to web site
Hello world	Thread-24229	2

time: 946692198.841833
diff: 24.158167004585266
waiting
going to web site
Hello world	Thread-24352	2

time: 946692223.832833
diff: 33.16716694831848
waiting
going to web site
Hello world	Thread-24499	4

time: 946692257.836832
diff: 20.16316795349121
waiting
going to web site
Hello world	Thread-24596	6

time: 946692278.7205839
diff: 20.27941608428955
waiting
going to web site
Hello world	Thread-24691	5

time: 946692299.732325
diff: 30.267675042152405
waiting
going to web site
Hello world	Thread-24827	5

time: 946692330.720585
diff: 25.279415011405945
waiting
going to web site
Hello world	Thread-24935	4

time: 946692356.732325
diff: 18.267675042152405
waiting
going to web site
Hello world	Thread-25021	5

time: 946692375.720585
diff: 26.279415011405945
waiting
going to web site
Hello world	Thread-25136	2

time: 946692402.732325
diff: 18.267675042152405
waiting
going to web site
Hello world	Thread-25209	3

time: 946692421.729585
diff: 20.27041494846344
waiting
going to web site
Hello world	Thread-25296	6

time: 946692442.7205839
diff: 34.27941608428955
waiting
going to web site
Hello world	Thread-25453	4

time: 946692477.732325
diff: 22.267675042152405
waiting
going to web site
Hello world	Thread-25540	3

time: 946692500.732585
diff: 8.267415046691895
waiting
going to web site
Hello world	Thread-25577	4

time: 946692509.738585
diff: 36.261415004730225
waiting
going to web site
Hello world	Thread-25738	2

time: 946692546.732585
diff: 11.267415046691895
waiting
going to web site
Hello world	Thread-25783	5

time: 946692558.720585
diff: 27.279415011405945
waiting
going to web site
Hello world	Thread-25908	4

time: 946692586.738585
diff: 18.261415004730225
waiting
going to web site
Hello world	Thread-25989	3

time: 946692605.732325
diff: 22.267675042152405
waiting
going to web site
Hello world	Thread-26086	4

time: 946692628.732585
diff: 31.267415046691895
waiting
going to web site
Hello world	Thread-26208	4

time: 946692660.732585
diff: 15.267415046691895
waiting
going to web site
Hello world	Thread-26270	2

time: 946692676.732325
diff: 26.267675042152405
waiting
going to web site
Hello world	Thread-26353	2

time: 946692703.7245849
diff: 20.275415062904358
waiting
going to web site
Hello world	Thread-26412	4

time: 946692724.7301689
diff: 24.26983106136322
waiting
going to web site
Hello world	Thread-26491	3

time: 946692749.720585
diff: 19.279415011405945
waiting
going to web site
Hello world	Thread-26538	3

