time: 946686600.0
diff: 227.0
waiting
going to web site
Hello world	Thread-1223	3

time: 946686827.838832
diff: -0.8388320207595825
going to web site
Hello world	Thread-1227	4

time: 946686828.671664
diff: -0.6716639995574951
going to web site
Hello world	Thread-1231	5

time: 946686829.504496
diff: -1.5044959783554077
going to web site
Hello world	Thread-1235	3

time: 946686830.343328
diff: -2.3433279991149902
going to web site
Hello world	Thread-1239	3

time: 946686831.1771599
diff: 1.8228400945663452
waiting
going to web site
Hello world	Thread-1255	3

time: 946686833.833833
diff: 13.16616702079773
waiting
going to web site
Hello world	Thread-1315	2

time: 946686847.844833
diff: -0.8448330163955688
going to web site
Hello world	Thread-449	5

time: 946686848.680665
diff: 1.3193349838256836
waiting
going to web site
Hello world	Thread-459	5

time: 946686850.848449
diff: 3.1515510082244873
waiting
going to web site
Hello world	Thread-1328	2

time: 946686854.841833
diff: 0.1581670045852661
waiting
going to web site
Hello world	Thread-1331	3

time: 946686855.841833
diff: -0.8418329954147339
going to web site
Hello world	Thread-1334	4

time: 946686856.6896651
diff: -1.6896650791168213
going to web site
Hello world	Thread-1340	5

time: 946686857.525497
diff: 25.47450304031372
waiting
going to web site
Hello world	Thread-573	3

time: 946686883.859037
diff: 13.140962958335876
waiting
going to web site
Hello world	Thread-630	3

time: 946686897.840832
diff: -0.840831995010376
going to web site
Hello world	Thread-1492	6

time: 946686898.673664
diff: 2.3263360261917114
waiting
going to web site
Hello world	Thread-1513	3

time: 946686901.877999
diff: -0.877998948097229
going to web site
Hello world	Thread-1521	4

time: 946686902.727198
diff: 0.2728019952774048
waiting
going to web site
Hello world	Thread-1528	4

time: 946686903.855137
diff: 1.1448630094528198
waiting
going to web site
Hello world	Thread-1540	5

time: 946686905.841833
diff: 10.158167004585266
waiting
going to web site
Hello world	Thread-709	2

time: 946686916.841833
diff: 20.158167004585266
waiting
going to web site
Hello world	Thread-791	2

time: 946686937.842833
diff: 16.157166957855225
waiting
going to web site
Hello world	Thread-872	5

time: 946686954.859481
diff: 16.14051902294159
waiting
going to web site
Hello world	Thread-952	3

time: 946686971.860833
diff: 10.139166951179504
waiting
going to web site
Hello world	Thread-994	4

time: 946686982.832832
diff: 16.167168021202087
waiting
going to web site
Hello world	Thread-1077	4

time: 946686999.8420889
diff: 23.1579110622406
waiting
going to web site
Hello world	Thread-1186	2

time: 946687023.841833
diff: 21.158167004585266
waiting
going to web site
Hello world	Thread-1293	4

time: 946687045.848833
diff: 31.151167035102844
waiting
going to web site
Hello world	Thread-1434	4

time: 946687077.848833
diff: 29.151167035102844
waiting
going to web site
Hello world	Thread-1567	3

time: 946687107.832833
diff: 27.16716694831848
waiting
going to web site
Hello world	Thread-1688	5

time: 946687135.832832
diff: 15.167168021202087
waiting
going to web site
Hello world	Thread-1754	2

time: 946687151.832833
diff: 29.16716694831848
waiting
going to web site
Hello world	Thread-1873	4

time: 946687181.832832
diff: 14.167168021202087
waiting
going to web site
Hello world	Thread-1944	3

time: 946687197.841833
diff: 24.158167004585266
waiting
going to web site
Hello world	Thread-2055	2

time: 946687222.832833
diff: 27.16716694831848
waiting
going to web site
Hello world	Thread-2165	4

time: 946687250.832832
diff: 27.167168021202087
waiting
going to web site
Hello world	Thread-2298	2

time: 946687278.8588331
diff: 13.141166925430298
waiting
going to web site
Hello world	Thread-2360	3

time: 946687292.840417
diff: 17.15958297252655
waiting
going to web site
Hello world	Thread-2436	4

time: 946687310.832832
diff: 29.167168021202087
waiting
going to web site
Hello world	Thread-2570	2

time: 946687340.832833
diff: 25.16716694831848
waiting
going to web site
Hello world	Thread-2679	4

time: 946687366.832832
diff: 23.167168021202087
waiting
going to web site
Hello world	Thread-2793	2

time: 946687390.841833
diff: 26.158167004585266
waiting
going to web site
Hello world	Thread-2911	3

time: 946687417.841833
diff: 15.158167004585266
waiting
going to web site
Hello world	Thread-2975	5

time: 946687433.5350649
diff: 19.464935064315796
waiting
going to web site
Hello world	Thread-3060	7

time: 946687453.526065
diff: 20.47393500804901
waiting
going to web site
Hello world	Thread-3156	5

time: 946687474.5456849
diff: 9.454315066337585
waiting
going to web site
Hello world	Thread-3198	6

time: 946687484.542065
diff: 26.457934975624084
waiting
going to web site
Hello world	Thread-3309	7

time: 946687511.5350641
diff: 31.464935898780823
waiting
going to web site
Hello world	Thread-3450	7

time: 946687543.5330639
diff: 24.466936111450195
waiting
going to web site
Hello world	Thread-3560	6

time: 946687568.5350649
diff: 10.464935064315796
waiting
going to web site
Hello world	Thread-3609	5

time: 946687579.534065
diff: 30.465934991836548
waiting
going to web site
Hello world	Thread-3746	6

time: 946687610.526064
diff: 17.473935961723328
waiting
going to web site
Hello world	Thread-3826	6

time: 946687628.5350641
diff: 29.464935898780823
waiting
going to web site
Hello world	Thread-3952	7

time: 946687658.5350641
diff: 27.464935898780823
waiting
going to web site
Hello world	Thread-4077	7

time: 946687686.5294169
diff: 22.470583081245422
waiting
going to web site
Hello world	Thread-4174	4

time: 946687709.544065
diff: 30.45593500137329
waiting
going to web site
Hello world	Thread-4314	6

time: 946687740.5350649
diff: 23.464935064315796
waiting
going to web site
Hello world	Thread-4422	3

time: 946687764.5350649
diff: 14.464935064315796
waiting
going to web site
Hello world	Thread-4494	5

time: 946687779.544065
diff: 23.45593500137329
waiting
going to web site
Hello world	Thread-4600	3

time: 946687803.526065
diff: 11.473935008049011
waiting
going to web site
Hello world	Thread-4652	4

time: 946687815.526065
diff: 20.47393500804901
waiting
going to web site
Hello world	Thread-4744	7

time: 946687836.541065
diff: 31.458935022354126
waiting
going to web site
Hello world	Thread-4892	4

time: 946687868.544065
diff: 12.455935001373291
waiting
going to web site
Hello world	Thread-4952	5

time: 946687881.544065
diff: 26.45593500137329
waiting
going to web site
Hello world	Thread-5069	3

time: 946687908.526065
diff: 12.473935008049011
waiting
going to web site
Hello world	Thread-5134	4

time: 946687921.544065
diff: 25.45593500137329
waiting
going to web site
Hello world	Thread-5261	3

time: 946687947.5350649
diff: 17.464935064315796
waiting
going to web site
Hello world	Thread-5340	6

time: 946687965.544065
diff: 22.45593500137329
waiting
going to web site
Hello world	Thread-5456	4

time: 946687988.5448331
diff: 19.455166935920715
waiting
going to web site
Hello world	Thread-5540	6

time: 946688008.5350641
diff: 27.464935898780823
waiting
going to web site
Hello world	Thread-5676	5

time: 946688036.8398321
diff: 29.160167932510376
waiting
going to web site
Hello world	Thread-5803	5

time: 946688066.832832
diff: 26.167168021202087
waiting
going to web site
Hello world	Thread-5925	2

time: 946688093.832833
diff: 15.167166948318481
waiting
going to web site
Hello world	Thread-5996	4

time: 946688109.8398321
diff: 18.160167932510376
waiting
going to web site
Hello world	Thread-6077	4

time: 946688128.832832
diff: 17.167168021202087
waiting
going to web site
Hello world	Thread-6168	3

time: 946688149.841833
diff: 10.158167004585266
waiting
going to web site
Hello world	Thread-6212	2

time: 946688160.841833
diff: 33.158167004585266
waiting
going to web site
Hello world	Thread-6360	2

time: 946688195.841833
diff: 15.158167004585266
waiting
going to web site
Hello world	Thread-6433	2

time: 946688211.841833
diff: 26.158167004585266
waiting
going to web site
Hello world	Thread-6550	3

time: 946688238.8422699
diff: 15.157730102539062
waiting
going to web site
Hello world	Thread-6618	3

time: 946688254.841833
diff: 30.158167004585266
waiting
going to web site
Hello world	Thread-6761	2

time: 946688285.832833
diff: 23.16716694831848
waiting
going to web site
Hello world	Thread-6861	3

time: 946688309.832832
diff: 19.167168021202087
waiting
going to web site
Hello world	Thread-6953	2

time: 946688329.841833
diff: 28.158167004585266
waiting
going to web site
Hello world	Thread-7080	4

time: 946688358.832833
diff: 29.16716694831848
waiting
going to web site
Hello world	Thread-7214	5

time: 946688388.832832
diff: 24.167168021202087
waiting
going to web site
Hello world	Thread-7325	4

time: 946688413.832833
diff: 27.16716694831848
waiting
going to web site
Hello world	Thread-7455	3

time: 946688441.832832
diff: 12.167168021202087
waiting
going to web site
Hello world	Thread-7505	2

time: 946688454.841833
diff: 20.158167004585266
waiting
going to web site
Hello world	Thread-7601	5

time: 946688475.832833
diff: 10.167166948318481
waiting
going to web site
Hello world	Thread-7650	5

time: 946688486.836832
diff: 32.16316795349121
waiting
going to web site
Hello world	Thread-7798	5

time: 946688519.832832
diff: 12.167168021202087
waiting
going to web site
Hello world	Thread-7844	3

time: 946688532.832833
diff: 16.16716694831848
waiting
going to web site
Hello world	Thread-7920	5

time: 946688549.832832
diff: 29.167168021202087
waiting
going to web site
Hello world	Thread-8057	2

time: 946688579.841833
diff: 9.158167004585266
waiting
going to web site
Hello world	Thread-8101	3

time: 946688589.832833
diff: 15.167166948318481
waiting
going to web site
Hello world	Thread-8170	5

time: 946688605.832832
diff: 29.167168021202087
waiting
going to web site
Hello world	Thread-8302	2

time: 946688635.841833
diff: 32.158167004585266
waiting
going to web site
Hello world	Thread-8444	2

time: 946688668.836833
diff: 20.163166999816895
waiting
going to web site
Hello world	Thread-8531	3

time: 946688689.836832
diff: 30.16316795349121
waiting
going to web site
Hello world	Thread-8650	5

time: 946688720.836832
diff: 19.16316795349121
waiting
going to web site
Hello world	Thread-8730	5

time: 946688740.832832
diff: 35.16716802120209
waiting
going to web site
Hello world	Thread-8872	2

time: 946688776.843833
diff: 19.156167030334473
waiting
going to web site
Hello world	Thread-8955	5

time: 946688797.849833
diff: 27.150166988372803
waiting
going to web site
Hello world	Thread-9065	5

time: 946688825.832832
diff: 24.167168021202087
waiting
going to web site
Hello world	Thread-9182	3

time: 946688850.841833
diff: 24.158167004585266
waiting
going to web site
Hello world	Thread-9280	5

time: 946688875.832833
diff: 20.16716694831848
waiting
going to web site
Hello world	Thread-9379	3

time: 946688896.832832
diff: 11.167168021202087
waiting
going to web site
Hello world	Thread-9424	2

time: 946688908.842348
diff: 35.15765202045441
waiting
going to web site
Hello world	Thread-9580	3

time: 946688944.836833
diff: 29.163166999816895
waiting
going to web site
Hello world	Thread-9720	4

time: 946688974.832832
diff: 17.167168021202087
waiting
going to web site
Hello world	Thread-9805	2

time: 946688992.851833
diff: 20.14816701412201
waiting
going to web site
Hello world	Thread-9900	4

time: 946689013.841833
diff: 13.158167004585266
waiting
going to web site
Hello world	Thread-9965	4

time: 946689027.841833
diff: 25.158167004585266
waiting
going to web site
Hello world	Thread-10077	4

time: 946689053.832833
diff: 24.16716694831848
waiting
going to web site
Hello world	Thread-10203	3

time: 946689078.832832
diff: 18.167168021202087
waiting
going to web site
Hello world	Thread-10287	2

time: 946689098.842833
diff: 16.157166957855225
waiting
going to web site
Hello world	Thread-10370	4

time: 946689115.841833
diff: 35.158167004585266
waiting
going to web site
Hello world	Thread-10544	2

time: 946689151.8508971
diff: 11.149102926254272
waiting
going to web site
Hello world	Thread-10596	4

time: 946689163.832832
diff: 19.167168021202087
waiting
going to web site
Hello world	Thread-10702	2

time: 946689184.842833
diff: 13.157166957855225
waiting
going to web site
Hello world	Thread-10768	3

time: 946689198.836832
diff: 9.163167953491211
waiting
going to web site
Hello world	Thread-10815	3

time: 946689208.832832
diff: 32.16716802120209
waiting
going to web site
Hello world	Thread-10974	3

time: 946689242.841833
diff: 23.158167004585266
waiting
going to web site
Hello world	Thread-11093	2

time: 946689266.842348
diff: 22.157652020454407
waiting
going to web site
Hello world	Thread-11218	3

time: 946689292.841833
diff: 9.158167004585266
waiting
going to web site
Hello world	Thread-11265	3

time: 946689302.832833
diff: 35.16716694831848
waiting
going to web site
Hello world	Thread-11438	3

time: 946689338.841833
diff: 7.158167004585266
waiting
going to web site
Hello world	Thread-11472	4

time: 946689346.832833
diff: 18.16716694831848
waiting
going to web site
Hello world	Thread-11553	3

time: 946689365.832832
diff: 29.167168021202087
waiting
going to web site
Hello world	Thread-11700	3

time: 946689395.841833
diff: 21.158167004585266
waiting
going to web site
Hello world	Thread-11795	4

time: 946689417.841833
diff: 2.158167004585266
waiting
going to web site
Hello world	Thread-11807	2

time: 946689420.841833
diff: 29.158167004585266
waiting
going to web site
Hello world	Thread-11944	3

time: 946689450.841833
diff: 27.158167004585266
waiting
going to web site
Hello world	Thread-12081	2

time: 946689478.845833
diff: 22.15416705608368
waiting
going to web site
Hello world	Thread-12179	4

time: 946689501.841833
diff: 28.158167004585266
waiting
going to web site
Hello world	Thread-12310	5

time: 946689530.841833
diff: 14.158167004585266
waiting
going to web site
Hello world	Thread-12384	3

time: 946689545.841833
diff: 15.158167004585266
waiting
going to web site
Hello world	Thread-12455	2

time: 946689561.836833
diff: 19.163166999816895
waiting
going to web site
Hello world	Thread-12544	2

time: 946689581.842832
diff: 21.15716803073883
waiting
going to web site
Hello world	Thread-12643	2

time: 946689603.841833
diff: 29.158167004585266
waiting
going to web site
Hello world	Thread-12781	2

time: 946689633.841833
diff: 27.158167004585266
waiting
going to web site
Hello world	Thread-12915	2

time: 946689662.842833
diff: 26.157166957855225
waiting
going to web site
Hello world	Thread-13048	4

time: 946689689.832832
diff: 20.167168021202087
waiting
going to web site
Hello world	Thread-13134	3

time: 946689710.841833
diff: 20.158167004585266
waiting
going to web site
Hello world	Thread-13226	3

time: 946689731.841833
diff: 7.158167004585266
waiting
going to web site
Hello world	Thread-13264	4

time: 946689739.841833
diff: 13.158167004585266
waiting
going to web site
Hello world	Thread-13336	2

time: 946689753.841833
diff: 26.158167004585266
waiting
going to web site
Hello world	Thread-13453	2

time: 946689780.841833
diff: 32.158167004585266
waiting
going to web site
Hello world	Thread-13604	3

time: 946689813.841833
diff: 15.158167004585266
waiting
going to web site
Hello world	Thread-13678	3

time: 946689829.841833
diff: 16.158167004585266
waiting
going to web site
Hello world	Thread-13759	2

time: 946689846.841833
diff: 23.158167004585266
waiting
going to web site
Hello world	Thread-13875	4

time: 946689870.832833
diff: 16.16716694831848
waiting
going to web site
Hello world	Thread-13950	5

time: 946689887.832832
diff: 23.167168021202087
waiting
going to web site
Hello world	Thread-14060	3

time: 946689911.531065
diff: 14.468935012817383
waiting
going to web site
Hello world	Thread-14120	4

time: 946689926.534065
diff: 27.465934991836548
waiting
going to web site
Hello world	Thread-14240	7

time: 946689954.5300651
diff: 27.469934940338135
waiting
going to web site
Hello world	Thread-14358	7

time: 946689982.526064
diff: 21.473935961723328
waiting
going to web site
Hello world	Thread-14459	7

time: 946690004.5350641
diff: 16.464935898780823
waiting
going to web site
Hello world	Thread-14534	5

time: 946690021.535733
diff: 24.464267015457153
waiting
going to web site
Hello world	Thread-14641	4

time: 946690046.544065
diff: 23.45593500137329
waiting
going to web site
Hello world	Thread-14742	4

time: 946690070.5350649
diff: 16.464935064315796
waiting
going to web site
Hello world	Thread-14813	6

time: 946690087.544065
diff: 43.45593500137329
waiting
going to web site
Hello world	Thread-15005	5

time: 946690131.526065
diff: 26.47393500804901
waiting
going to web site
Hello world	Thread-15115	5

time: 946690158.5332409
diff: 15.466759085655212
waiting
going to web site
Hello world	Thread-15179	6

time: 946690174.544065
diff: 19.45593500137329
waiting
going to web site
Hello world	Thread-15261	6

time: 946690194.544065
diff: 24.45593500137329
waiting
going to web site
Hello world	Thread-15371	4

time: 946690219.526065
diff: 10.473935008049011
waiting
going to web site
Hello world	Thread-15429	5

time: 946690230.5350649
diff: 27.464935064315796
waiting
going to web site
Hello world	Thread-15546	5

time: 946690258.5350649
diff: 26.464935064315796
waiting
going to web site
Hello world	Thread-15661	6

time: 946690285.544065
diff: 27.45593500137329
waiting
going to web site
Hello world	Thread-15787	4

time: 946690313.526065
diff: 13.473935008049011
waiting
going to web site
Hello world	Thread-15847	3

time: 946690327.544065
diff: 26.45593500137329
waiting
going to web site
Hello world	Thread-15961	4

time: 946690354.5350649
diff: 25.464935064315796
waiting
going to web site
Hello world	Thread-16072	3

time: 946690380.526065
diff: 17.47393500804901
waiting
going to web site
Hello world	Thread-16151	4

time: 946690398.544065
diff: 22.45593500137329
waiting
going to web site
Hello world	Thread-16252	5

time: 946690421.5350649
diff: 22.464935064315796
waiting
going to web site
Hello world	Thread-16353	7

time: 946690444.544065
diff: 16.45593500137329
waiting
going to web site
Hello world	Thread-16425	5

time: 946690461.544065
diff: 24.45593500137329
waiting
going to web site
Hello world	Thread-16537	6

time: 946690486.544065
diff: 26.45593500137329
waiting
going to web site
Hello world	Thread-16655	5

time: 946690513.727409
diff: 28.2725909948349
waiting
going to web site
Hello world	Thread-16781	3

time: 946690542.731408
diff: 25.26859200000763
waiting
going to web site
Hello world	Thread-16897	4

time: 946690568.727409
diff: 18.2725909948349
waiting
going to web site
Hello world	Thread-16976	4

time: 946690587.718408
diff: 16.28159201145172
waiting
going to web site
Hello world	Thread-17046	3

time: 946690604.7314091
diff: 26.268590927124023
waiting
going to web site
Hello world	Thread-17165	2

time: 946690631.7312369
diff: 29.268763065338135
waiting
going to web site
Hello world	Thread-17290	4

time: 946690661.732213
diff: 19.267786979675293
waiting
going to web site
Hello world	Thread-17379	5

time: 946690681.731408
diff: 21.26859200000763
waiting
going to web site
Hello world	Thread-17474	3

time: 946690703.718409
diff: 13.281591057777405
waiting
going to web site
Hello world	Thread-17536	3

time: 946690717.7314091
diff: 18.268590927124023
waiting
going to web site
Hello world	Thread-17620	6

time: 946690736.718408
diff: 28.28159201145172
waiting
going to web site
Hello world	Thread-17738	6

time: 946690765.7314091
diff: 22.268590927124023
waiting
going to web site
Hello world	Thread-17844	5

time: 946690788.727408
diff: 28.272591948509216
waiting
going to web site
Hello world	Thread-17966	4

time: 946690817.718408
diff: 21.28159201145172
waiting
going to web site
Hello world	Thread-18061	5

time: 946690839.7312369
diff: 22.268763065338135
waiting
going to web site
Hello world	Thread-18152	6

time: 946690862.7314091
diff: 21.268590927124023
waiting
going to web site
Hello world	Thread-18243	6

time: 946690884.718408
diff: 24.28159201145172
waiting
going to web site
Hello world	Thread-18358	3

time: 946690909.723409
diff: 15.276590943336487
waiting
going to web site
Hello world	Thread-18415	4

time: 946690925.718408
diff: 25.28159201145172
waiting
going to web site
Hello world	Thread-18535	4

time: 946690951.7314091
diff: 36.26859092712402
waiting
going to web site
Hello world	Thread-18694	5

time: 946690988.718408
diff: 17.28159201145172
waiting
going to web site
Hello world	Thread-18777	3

time: 946691006.727409
diff: 25.2725909948349
waiting
going to web site
Hello world	Thread-18888	3

time: 946691032.718408
diff: 23.28159201145172
waiting
going to web site
Hello world	Thread-18995	5

time: 946691056.723409
diff: 28.276590943336487
waiting
going to web site
Hello world	Thread-19120	3

time: 946691085.719408
diff: 13.28059196472168
waiting
going to web site
Hello world	Thread-19182	4

time: 946691099.718408
diff: 20.28159201145172
waiting
going to web site
Hello world	Thread-19277	4

time: 946691120.802193
diff: 25.19780695438385
waiting
going to web site
Hello world	Thread-19390	3

time: 946691146.797192
diff: 26.202808022499084
waiting
going to web site
Hello world	Thread-19516	6

time: 946691173.802193
diff: 11.19780695438385
waiting
going to web site
Hello world	Thread-19563	3

time: 946691185.802192
diff: 19.197808027267456
waiting
going to web site
Hello world	Thread-19661	4

time: 946691205.8031449
diff: 19.196855068206787
waiting
going to web site
Hello world	Thread-19751	4

time: 946691225.7971929
diff: 31.202807068824768
waiting
going to web site
Hello world	Thread-19905	4

time: 946691257.7971929
diff: 13.202807068824768
waiting
going to web site
Hello world	Thread-19968	3

time: 946691271.802193
diff: 12.19780695438385
waiting
going to web site
Hello world	Thread-20024	3

time: 946691284.797192
diff: 22.202808022499084
waiting
going to web site
Hello world	Thread-20128	3

time: 946691307.802193
diff: 25.19780695438385
waiting
going to web site
Hello world	Thread-20256	6

time: 946691333.797192
diff: 40.202808022499084
waiting
going to web site
Hello world	Thread-20461	4

time: 946691375.806193
diff: 4.193807005882263
waiting
going to web site
Hello world	Thread-20493	3

time: 946691381.802193
diff: 25.19780695438385
waiting
going to web site
Hello world	Thread-20620	3

time: 946691407.802192
diff: 24.197808027267456
waiting
going to web site
Hello world	Thread-20734	5

time: 946691432.802193
diff: 7.19780695438385
waiting
going to web site
Hello world	Thread-20771	6

time: 946691440.800192
diff: 17.19980800151825
waiting
going to web site
Hello world	Thread-20860	5

time: 946691458.8031449
diff: 20.196855068206787
waiting
going to web site
Hello world	Thread-20960	2

time: 946691479.802193
diff: 25.19780695438385
waiting
going to web site
Hello world	Thread-21081	4

time: 946691505.802192
diff: 16.197808027267456
waiting
going to web site
Hello world	Thread-21161	3

time: 946691522.802193
diff: 27.19780695438385
waiting
going to web site
Hello world	Thread-21290	4

time: 946691550.802192
diff: 24.197808027267456
waiting
going to web site
Hello world	Thread-21401	4

time: 946691575.7971929
diff: 12.202807068824768
waiting
going to web site
Hello world	Thread-21459	3

time: 946691588.802193
diff: 17.19780695438385
waiting
going to web site
Hello world	Thread-21543	3

time: 946691606.802192
diff: 13.197808027267456
waiting
going to web site
Hello world	Thread-21605	3

time: 946691620.802193
diff: 22.19780695438385
waiting
going to web site
Hello world	Thread-21712	3

time: 946691643.802192
diff: 24.197808027267456
waiting
going to web site
Hello world	Thread-21809	5

time: 946691668.802193
diff: 31.19780695438385
waiting
going to web site
Hello world	Thread-21956	6

time: 946691700.802192
diff: 25.197808027267456
waiting
going to web site
Hello world	Thread-22094	4

time: 946691729.836833
diff: 15.163166999816895
waiting
going to web site
Hello world	Thread-22156	4

time: 946691745.832832
diff: 29.167168021202087
waiting
going to web site
Hello world	Thread-22289	2

time: 946691775.836833
diff: 15.163166999816895
waiting
going to web site
Hello world	Thread-22356	4

time: 946691791.832832
diff: 32.16716802120209
waiting
going to web site
Hello world	Thread-22509	2

time: 946691825.841833
diff: 19.158167004585266
waiting
going to web site
Hello world	Thread-22588	2

time: 946691845.841833
diff: 11.158167004585266
waiting
going to web site
Hello world	Thread-22645	3

time: 946691857.841833
diff: 32.158167004585266
waiting
going to web site
Hello world	Thread-22791	4

time: 946691890.832833
diff: 23.16716694831848
waiting
going to web site
Hello world	Thread-22899	5

time: 946691914.832832
diff: 15.167168021202087
waiting
going to web site
Hello world	Thread-22969	3

time: 946691930.832833
diff: 13.167166948318481
waiting
going to web site
Hello world	Thread-23032	5

time: 946691944.832832
diff: 28.167168021202087
waiting
going to web site
Hello world	Thread-23178	2

time: 946691973.841833
diff: 18.158167004585266
waiting
going to web site
Hello world	Thread-23265	2

time: 946691992.841833
diff: 19.158167004585266
waiting
going to web site
Hello world	Thread-23360	2

time: 946692013.841833
diff: 32.158167004585266
waiting
going to web site
Hello world	Thread-23518	4

time: 946692046.832833
diff: 20.16716694831848
waiting
going to web site
Hello world	Thread-23620	4

time: 946692067.832832
diff: 17.167168021202087
waiting
going to web site
Hello world	Thread-23706	3

time: 946692085.841833
diff: 13.158167004585266
waiting
going to web site
Hello world	Thread-23774	2

time: 946692099.842833
diff: 35.157166957855225
waiting
going to web site
Hello world	Thread-23943	4

time: 946692135.832832
diff: 5.167168021202087
waiting
going to web site
Hello world	Thread-23972	3

time: 946692141.851833
diff: 16.14816701412201
waiting
going to web site
Hello world	Thread-24050	3

time: 946692158.841833
diff: 37.158167004585266
waiting
going to web site
Hello world	Thread-24219	2

time: 946692196.841833
diff: 10.158167004585266
waiting
going to web site
Hello world	Thread-24268	2

time: 946692207.841833
diff: 18.158167004585266
waiting
going to web site
Hello world	Thread-24364	2

time: 946692226.841833
diff: 16.158167004585266
waiting
going to web site
Hello world	Thread-24435	2

time: 946692243.852625
diff: 10.147374987602234
waiting
going to web site
Hello world	Thread-24483	6

time: 946692254.832832
diff: 18.167168021202087
waiting
going to web site
Hello world	Thread-24572	2

time: 946692273.841833
diff: 30.158167004585266
waiting
going to web site
Hello world	Thread-24718	4

time: 946692305.841833
diff: 35.158167004585266
waiting
going to web site
Hello world	Thread-24872	6

time: 946692341.5350649
diff: 16.464935064315796
waiting
going to web site
Hello world	Thread-24944	7

time: 946692358.542065
diff: 18.457934975624084
waiting
going to web site
Hello world	Thread-25029	6

time: 946692377.540064
diff: 34.459936022758484
waiting
going to web site
Hello world	Thread-25171	5

time: 946692412.526065
diff: 15.473935008049011
waiting
going to web site
Hello world	Thread-25239	7

time: 946692428.5350649
diff: 23.464935064315796
waiting
going to web site
Hello world	Thread-25336	7

time: 946692452.526065
diff: 24.47393500804901
waiting
going to web site
Hello world	Thread-25452	5

time: 946692477.544065
diff: 30.45593500137329
waiting
going to web site
Hello world	Thread-25570	6

time: 946692508.544065
diff: 25.45593500137329
waiting
going to web site
Hello world	Thread-25682	4

time: 946692534.5350649
diff: 12.464935064315796
waiting
going to web site
Hello world	Thread-25741	6

time: 946692547.544065
diff: 27.45593500137329
waiting
going to web site
Hello world	Thread-25859	5

time: 946692575.544065
diff: 24.45593500137329
waiting
going to web site
Hello world	Thread-25958	7

time: 946692600.5480651
diff: 17.451934933662415
waiting
going to web site
Hello world	Thread-26042	6

time: 946692618.5350641
diff: 17.464935898780823
waiting
going to web site
Hello world	Thread-26111	6

time: 946692636.5350641
diff: 35.46493589878082
waiting
going to web site
Hello world	Thread-26248	7

time: 946692672.534064
diff: 19.465935945510864
waiting
going to web site
Hello world	Thread-26317	6

time: 946692692.5350641
diff: 16.464935898780823
waiting
going to web site
Hello world	Thread-26373	6

time: 946692709.5350641
diff: 28.464935898780823
waiting
going to web site
Hello world	Thread-26458	5

time: 946692738.526064
diff: 32.47393596172333
waiting
going to web site
Hello world	Thread-26544	3

time: 946692771.526064
diff: 14.473935961723328
waiting
going to web site
Hello world	Thread-26574	6

time: 946692786.5350641
diff: 13.464935898780823
waiting
going to web site
Hello world	Thread-26604	5

time: 946692800.5350641
diff: 29.464935898780823
waiting
going to web site
Hello world	Thread-26664	4

