time: 946686600.0
diff: 168.0
waiting
going to web site
Hello world	Thread-212	5

time: 946686768.548557
diff: 13.451442956924438
waiting
going to web site
Hello world	Thread-253	8

time: 946686782.536519
diff: 20.463480949401855
waiting
going to web site
Hello world	Thread-314	4

time: 946686803.5470649
diff: 0.4529350996017456
waiting
going to web site
Hello world	Thread-1067	5

time: 946686804.5470649
diff: -0.5470649003982544
going to web site
Hello world	Thread-1071	2

time: 946686805.0731289
diff: -1.0731289386749268
going to web site
Hello world	Thread-1075	6

time: 946686805.607193
diff: -1.6071929931640625
going to web site
Hello world	Thread-1081	3

time: 946686806.1332569
diff: -2.1332569122314453
going to web site
Hello world	Thread-1086	5

time: 946686806.659321
diff: -2.6593209505081177
going to web site
Hello world	Thread-1089	2

time: 946686807.1923851
diff: -3.1923850774765015
going to web site
Hello world	Thread-1095	6

time: 946686807.718449
diff: -3.7184489965438843
going to web site
Hello world	Thread-1097	3

time: 946686808.244513
diff: -3.2445130348205566
going to web site
Hello world	Thread-1106	3

time: 946686808.813637
diff: -3.8136370182037354
going to web site
Hello world	Thread-1108	4

time: 946686809.349701
diff: -4.3497010469436646
going to web site
Hello world	Thread-1115	3

time: 946686809.875765
diff: -4.875764966011047
going to web site
Hello world	Thread-1118	5

time: 946686810.404829
diff: -5.404829025268555
going to web site
Hello world	Thread-1124	3

time: 946686810.936696
diff: -5.9366960525512695
going to web site
Hello world	Thread-1126	3

time: 946686811.46276
diff: -6.462759971618652
going to web site
Hello world	Thread-1129	3

time: 946686811.996824
diff: -6.996824026107788
going to web site
Hello world	Thread-1131	3

time: 946686812.5315279
diff: -7.531527876853943
going to web site
Hello world	Thread-1133	3

time: 946686813.0804081
diff: -8.080408096313477
going to web site
Hello world	Thread-1135	4

time: 946686813.6064719
diff: -7.60647189617157
going to web site
Hello world	Thread-1140	4

time: 946686814.1405361
diff: -8.140536069869995
going to web site
Hello world	Thread-1144	5

time: 946686814.6666
diff: -8.666599988937378
going to web site
Hello world	Thread-1147	3

time: 946686815.199664
diff: -8.199663996696472
going to web site
Hello world	Thread-1149	2

time: 946686815.737728
diff: -7.737727999687195
going to web site
Hello world	Thread-1151	3

time: 946686816.272201
diff: -8.27220094203949
going to web site
Hello world	Thread-1155	2

time: 946686816.807265
diff: -8.807265043258667
going to web site
Hello world	Thread-1158	3

time: 946686817.348725
diff: -9.348724961280823
going to web site
Hello world	Thread-1161	3

time: 946686817.8797891
diff: -8.879789113998413
going to web site
Hello world	Thread-1166	4

time: 946686818.405853
diff: -9.405853033065796
going to web site
Hello world	Thread-1169	3

time: 946686818.940917
diff: -7.940917015075684
going to web site
Hello world	Thread-1171	4

time: 946686819.482981
diff: 4.517019033432007
waiting
going to web site
Hello world	Thread-374	5

time: 946686824.551065
diff: 16.44893503189087
waiting
going to web site
Hello world	Thread-427	6

time: 946686841.544065
diff: 9.455935001373291
waiting
going to web site
Hello world	Thread-463	7

time: 946686851.531065
diff: 17.468935012817383
waiting
going to web site
Hello world	Thread-520	6

time: 946686869.543065
diff: 27.456935048103333
waiting
going to web site
Hello world	Thread-627	7

time: 946686897.543065
diff: 10.456935048103333
waiting
going to web site
Hello world	Thread-668	3

time: 946686908.542065
diff: 21.457934975624084
waiting
going to web site
Hello world	Thread-750	8

time: 946686930.542107
diff: 11.457893013954163
waiting
going to web site
Hello world	Thread-815	6

time: 946686942.542065
diff: 33.457934975624084
waiting
going to web site
Hello world	Thread-976	6

time: 946686976.532064
diff: 16.467936038970947
waiting
going to web site
Hello world	Thread-1047	9

time: 946686993.533065
diff: 29.46693503856659
waiting
going to web site
Hello world	Thread-1184	5

time: 946687023.544065
diff: 30.45593500137329
waiting
going to web site
Hello world	Thread-1328	6

time: 946687054.539065
diff: 25.46093499660492
waiting
going to web site
Hello world	Thread-1444	3

time: 946687080.532064
diff: 21.467936038970947
waiting
going to web site
Hello world	Thread-1546	8

time: 946687102.551065
diff: 18.44893503189087
waiting
going to web site
Hello world	Thread-1625	5

time: 946687121.536065
diff: 29.463935017585754
waiting
going to web site
Hello world	Thread-1752	4

time: 946687151.532065
diff: 27.46793496608734
waiting
going to web site
Hello world	Thread-1859	6

time: 946687179.5330639
diff: 8.466936111450195
waiting
going to web site
Hello world	Thread-1899	6

time: 946687188.526065
diff: 14.473935008049011
waiting
going to web site
Hello world	Thread-1967	2

time: 946687203.5350649
diff: 37.464935064315796
waiting
going to web site
Hello world	Thread-2123	7

time: 946687241.543065
diff: 23.456935048103333
waiting
going to web site
Hello world	Thread-2235	8

time: 946687265.5350649
diff: 20.464935064315796
waiting
going to web site
Hello world	Thread-2334	8

time: 946687286.542518
diff: 28.45748198032379
waiting
going to web site
Hello world	Thread-2459	7

time: 946687315.532064
diff: 14.467936038970947
waiting
going to web site
Hello world	Thread-2520	5

time: 946687330.544065
diff: 22.45593500137329
waiting
going to web site
Hello world	Thread-2620	6

time: 946687353.526065
diff: 12.473935008049011
waiting
going to web site
Hello world	Thread-2677	6

time: 946687366.540065
diff: 25.459934949874878
waiting
going to web site
Hello world	Thread-2799	6

time: 946687392.842832
diff: 14.15716803073883
waiting
going to web site
Hello world	Thread-2861	4

time: 946687407.841833
diff: 27.158167004585266
waiting
going to web site
Hello world	Thread-2981	2

time: 946687435.832833
diff: 29.16716694831848
waiting
going to web site
Hello world	Thread-3119	4

time: 946687465.8398321
diff: 15.160167932510376
waiting
going to web site
Hello world	Thread-3182	6

time: 946687481.832832
diff: 20.167168021202087
waiting
going to web site
Hello world	Thread-3279	2

time: 946687502.832833
diff: 27.16716694831848
waiting
going to web site
Hello world	Thread-3402	2

time: 946687530.832832
diff: 26.167168021202087
waiting
going to web site
Hello world	Thread-3520	2

time: 946687557.841833
diff: 29.158167004585266
waiting
going to web site
Hello world	Thread-3647	3

time: 946687587.841833
diff: 12.158167004585266
waiting
going to web site
Hello world	Thread-3703	2

time: 946687600.841865
diff: 35.15813505649567
waiting
going to web site
Hello world	Thread-3864	3

time: 946687636.841833
diff: 22.158167004585266
waiting
going to web site
Hello world	Thread-3969	3

time: 946687660.841833
diff: 20.158167004585266
waiting
going to web site
Hello world	Thread-4057	3

time: 946687681.841833
diff: 15.158167004585266
waiting
going to web site
Hello world	Thread-4132	2

time: 946687697.845833
diff: 33.15416705608368
waiting
going to web site
Hello world	Thread-4283	2

time: 946687731.84848
diff: 13.151520013809204
waiting
going to web site
Hello world	Thread-4375	2

time: 946687752.8611591
diff: 7.138840913772583
waiting
going to web site
Hello world	Thread-4398	6

time: 946687760.832832
diff: 16.167168021202087
waiting
going to web site
Hello world	Thread-4486	2

time: 946687777.832833
diff: 19.16716694831848
waiting
going to web site
Hello world	Thread-4575	5

time: 946687797.836832
diff: 20.16316795349121
waiting
going to web site
Hello world	Thread-4663	4

time: 946687818.832832
diff: 24.167168021202087
waiting
going to web site
Hello world	Thread-4783	5

time: 946687843.841833
diff: 23.158167004585266
waiting
going to web site
Hello world	Thread-4889	3

time: 946687867.8437251
diff: 20.156274914741516
waiting
going to web site
Hello world	Thread-4982	3

time: 946687888.832832
diff: 24.167168021202087
waiting
going to web site
Hello world	Thread-5099	4

time: 946687913.841833
diff: 24.158167004585266
waiting
going to web site
Hello world	Thread-5249	2

time: 946687945.841833
diff: 12.158167004585266
waiting
going to web site
Hello world	Thread-5314	2

time: 946687958.832833
diff: 30.16716694831848
waiting
going to web site
Hello world	Thread-5458	3

time: 946687989.832832
diff: 18.167168021202087
waiting
going to web site
Hello world	Thread-5542	5

time: 946688008.732585
diff: 12.267415046691895
waiting
going to web site
Hello world	Thread-5600	7

time: 946688021.729585
diff: 32.27041494846344
waiting
going to web site
Hello world	Thread-5752	7

time: 946688054.7205839
diff: 10.27941608428955
waiting
going to web site
Hello world	Thread-5797	6

time: 946688065.729585
diff: 13.27041494846344
waiting
going to web site
Hello world	Thread-5862	4

time: 946688079.7205839
diff: 25.27941608428955
waiting
going to web site
Hello world	Thread-5972	7

time: 946688105.722585
diff: 30.27741503715515
waiting
going to web site
Hello world	Thread-6109	6

time: 946688136.720585
diff: 25.279415011405945
waiting
going to web site
Hello world	Thread-6216	2

time: 946688162.720585
diff: 19.279415011405945
waiting
going to web site
Hello world	Thread-6302	5

time: 946688182.720585
diff: 23.279415011405945
waiting
going to web site
Hello world	Thread-6410	7

time: 946688206.729585
diff: 29.27041494846344
waiting
going to web site
Hello world	Thread-6539	3

time: 946688236.7205839
diff: 11.27941608428955
waiting
going to web site
Hello world	Thread-6598	5

time: 946688248.729585
diff: 26.27041494846344
waiting
going to web site
Hello world	Thread-6707	5

time: 946688275.7205839
diff: 34.27941608428955
waiting
going to web site
Hello world	Thread-6865	4

time: 946688310.720585
diff: 24.279415011405945
waiting
going to web site
Hello world	Thread-6981	4

time: 946688335.732585
diff: 29.267415046691895
waiting
going to web site
Hello world	Thread-7108	2

time: 946688365.732585
diff: 0.26741504669189453
waiting
going to web site
Hello world	Thread-7111	5

time: 946688366.729585
diff: 25.27041494846344
waiting
going to web site
Hello world	Thread-7230	5

time: 946688392.7205839
diff: 17.27941608428955
waiting
going to web site
Hello world	Thread-7310	6

time: 946688410.729585
diff: 31.27041494846344
waiting
going to web site
Hello world	Thread-7458	4

time: 946688442.724584
diff: 14.275416016578674
waiting
going to web site
Hello world	Thread-7516	6

time: 946688457.7331331
diff: 20.26686692237854
waiting
going to web site
Hello world	Thread-7616	7

time: 946688478.7205839
diff: 20.27941608428955
waiting
going to web site
Hello world	Thread-7706	7

time: 946688499.720585
diff: 11.279415011405945
waiting
going to web site
Hello world	Thread-7759	4

time: 946688511.729585
diff: 18.27041494846344
waiting
going to web site
Hello world	Thread-7837	2

time: 946688530.7205839
diff: 32.27941608428955
waiting
going to web site
Hello world	Thread-7991	4

time: 946688563.732585
diff: 19.267415046691895
waiting
going to web site
Hello world	Thread-8072	4

time: 946688583.738585
diff: 32.261415004730225
waiting
going to web site
Hello world	Thread-8220	5

time: 946688616.729585
diff: 15.27041494846344
waiting
going to web site
Hello world	Thread-8289	2

time: 946688632.724584
diff: 28.275416016578674
waiting
going to web site
Hello world	Thread-8413	4

time: 946688661.732585
diff: 42.267415046691895
waiting
going to web site
Hello world	Thread-8585	5

time: 946688704.730317
diff: 8.269683003425598
waiting
going to web site
Hello world	Thread-8623	3

time: 946688713.732325
diff: 36.267675042152405
waiting
going to web site
Hello world	Thread-8776	3

time: 946688750.732325
diff: 9.267675042152405
waiting
going to web site
Hello world	Thread-8811	5

time: 946688760.732585
diff: 27.267415046691895
waiting
going to web site
Hello world	Thread-8918	4

time: 946688788.741585
diff: 15.25841498374939
waiting
going to web site
Hello world	Thread-8989	3

time: 946688804.7205839
diff: 27.27941608428955
waiting
going to web site
Hello world	Thread-9099	4

time: 946688832.729585
diff: 39.27041494846344
waiting
going to web site
Hello world	Thread-9266	4

time: 946688872.732325
diff: 10.267675042152405
waiting
going to web site
Hello world	Thread-9312	4

time: 946688883.732585
diff: 39.267415046691895
waiting
going to web site
Hello world	Thread-9490	4

time: 946688923.720585
diff: 19.279415011405945
waiting
going to web site
Hello world	Thread-9577	2

time: 946688943.732585
diff: 6.2674150466918945
waiting
going to web site
Hello world	Thread-9602	4

time: 946688950.732585
diff: 16.267415046691895
waiting
going to web site
Hello world	Thread-9684	4

time: 946688967.732325
diff: 28.267675042152405
waiting
going to web site
Hello world	Thread-9819	6

time: 946688996.720585
diff: 18.279415011405945
waiting
going to web site
Hello world	Thread-9911	5

time: 946689015.732968
diff: 21.267032027244568
waiting
going to web site
Hello world	Thread-10011	5

time: 946689037.732741
diff: 31.267259001731873
waiting
going to web site
Hello world	Thread-10154	2

time: 946689069.729585
diff: 18.27041494846344
waiting
going to web site
Hello world	Thread-10251	4

time: 946689088.7205839
diff: 3.279416084289551
waiting
going to web site
Hello world	Thread-10263	4

time: 946689092.732585
diff: 14.267415046691895
waiting
going to web site
Hello world	Thread-10330	4

time: 946689107.738585
diff: 20.261415004730225
waiting
going to web site
Hello world	Thread-10434	2

time: 946689128.732325
diff: 35.267675042152405
waiting
going to web site
Hello world	Thread-10602	4

time: 946689164.732325
diff: 26.267675042152405
waiting
going to web site
Hello world	Thread-10736	5

time: 946689191.732585
diff: 8.267415046691895
waiting
going to web site
Hello world	Thread-10779	4

time: 946689200.741585
diff: 21.25841498374939
waiting
going to web site
Hello world	Thread-10880	6

time: 946689222.5294809
diff: 30.470519065856934
waiting
going to web site
Hello world	Thread-11028	7

time: 946689253.5350649
diff: 18.464935064315796
waiting
going to web site
Hello world	Thread-11114	6

time: 946689272.544065
diff: 25.45593500137329
waiting
going to web site
Hello world	Thread-11245	5

time: 946689298.526065
diff: 11.473935008049011
waiting
going to web site
Hello world	Thread-11300	5

time: 946689310.5350649
diff: 17.464935064315796
waiting
going to web site
Hello world	Thread-11381	3

time: 946689328.5350649
diff: 25.464935064315796
waiting
going to web site
Hello world	Thread-11505	7

time: 946689354.5350649
diff: 21.464935064315796
waiting
going to web site
Hello world	Thread-11612	5

time: 946689376.542065
diff: 20.457934975624084
waiting
going to web site
Hello world	Thread-11707	7

time: 946689397.5350641
diff: 22.464935898780823
waiting
going to web site
Hello world	Thread-11804	7

time: 946689420.5350641
diff: 28.464935898780823
waiting
going to web site
Hello world	Thread-11933	7

time: 946689449.5350641
diff: 6.464935898780823
waiting
going to web site
Hello world	Thread-11970	7

time: 946689456.5350641
diff: 24.464935898780823
waiting
going to web site
Hello world	Thread-12091	7

time: 946689481.5350641
diff: 9.464935898780823
waiting
going to web site
Hello world	Thread-12139	6

time: 946689491.5294169
diff: 40.47058308124542
waiting
going to web site
Hello world	Thread-12316	6

time: 946689532.544065
diff: 11.455935001373291
waiting
going to web site
Hello world	Thread-12378	3

time: 946689544.5350649
diff: 26.464935064315796
waiting
going to web site
Hello world	Thread-12494	5

time: 946689571.542065
diff: 36.457934975624084
waiting
going to web site
Hello world	Thread-12657	7

time: 946689608.5350641
diff: 25.464935898780823
waiting
going to web site
Hello world	Thread-12782	7

time: 946689634.535535
diff: 11.464465022087097
waiting
going to web site
Hello world	Thread-12833	7

time: 946689646.5350649
diff: 17.464935064315796
waiting
going to web site
Hello world	Thread-12925	4

time: 946689664.544065
diff: 14.455935001373291
waiting
going to web site
Hello world	Thread-12995	6

time: 946689679.544065
diff: 22.45593500137329
waiting
going to web site
Hello world	Thread-13103	3

time: 946689702.544065
diff: 20.45593500137329
waiting
going to web site
Hello world	Thread-13197	3

time: 946689723.5350649
diff: 24.464935064315796
waiting
going to web site
Hello world	Thread-13307	7

time: 946689748.5350649
diff: 22.464935064315796
waiting
going to web site
Hello world	Thread-13413	4

time: 946689771.544065
diff: 19.45593500137329
waiting
going to web site
Hello world	Thread-13502	7

time: 946689791.526065
diff: 17.47393500804901
waiting
going to web site
Hello world	Thread-13582	6

time: 946689809.544065
diff: 18.45593500137329
waiting
going to web site
Hello world	Thread-13670	4

time: 946689828.841833
diff: 18.158167004585266
waiting
going to web site
Hello world	Thread-13803	2

time: 946689854.8426639
diff: 25.157336115837097
waiting
going to web site
Hello world	Thread-13921	3

time: 946689880.8478329
diff: 23.152167081832886
waiting
going to web site
Hello world	Thread-14030	2

time: 946689904.841833
diff: 19.158167004585266
waiting
going to web site
Hello world	Thread-14113	2

time: 946689924.841833
diff: 11.158167004585266
waiting
going to web site
Hello world	Thread-14160	2

time: 946689936.8588331
diff: 29.141166925430298
waiting
going to web site
Hello world	Thread-14295	3

time: 946689966.832832
diff: 15.167168021202087
waiting
going to web site
Hello world	Thread-14361	3

time: 946689982.8524569
diff: 26.1475430727005
waiting
going to web site
Hello world	Thread-14486	3

time: 946690009.841833
diff: 29.158167004585266
waiting
going to web site
Hello world	Thread-14613	2

time: 946690039.841833
diff: 38.158167004585266
waiting
going to web site
Hello world	Thread-14769	5

time: 946690078.841833
diff: 21.158167004585266
waiting
going to web site
Hello world	Thread-14874	3

time: 946690100.841833
diff: 16.158167004585266
waiting
going to web site
Hello world	Thread-14938	2

time: 946690117.832833
diff: 10.167166948318481
waiting
going to web site
Hello world	Thread-14991	4

time: 946690128.832832
diff: 30.167168021202087
waiting
going to web site
Hello world	Thread-15124	2

time: 946690159.841833
diff: 10.158167004585266
waiting
going to web site
Hello world	Thread-15167	2

time: 946690170.852832
diff: 29.147168040275574
waiting
going to web site
Hello world	Thread-15292	4

time: 946690200.832833
diff: 23.16716694831848
waiting
going to web site
Hello world	Thread-15400	2

time: 946690224.832832
diff: 36.16716802120209
waiting
going to web site
Hello world	Thread-15560	2

time: 946690261.8588331
diff: 8.141166925430298
waiting
going to web site
Hello world	Thread-15611	4

time: 946690271.832832
diff: 23.167168021202087
waiting
going to web site
Hello world	Thread-15715	2

time: 946690295.841833
diff: 27.158167004585266
waiting
going to web site
Hello world	Thread-15836	4

time: 946690323.841833
diff: 16.158167004585266
waiting
going to web site
Hello world	Thread-15905	3

time: 946690340.841833
diff: 28.158167004585266
waiting
going to web site
Hello world	Thread-16027	3

time: 946690369.845833
diff: 21.15416705608368
waiting
going to web site
Hello world	Thread-16123	3

time: 946690391.841833
diff: 15.158167004585266
waiting
going to web site
Hello world	Thread-16198	2

time: 946690407.841833
diff: 33.158167004585266
waiting
going to web site
Hello world	Thread-16340	3

time: 946690441.848833
diff: 24.151167035102844
waiting
going to web site
Hello world	Thread-16450	5

time: 946690466.841833
diff: 24.158167004585266
waiting
going to web site
Hello world	Thread-16562	6

time: 946690491.841833
diff: 18.158167004585266
waiting
going to web site
Hello world	Thread-16643	4

time: 946690510.841833
diff: 15.158167004585266
waiting
going to web site
Hello world	Thread-16712	4

time: 946690526.8420761
diff: 25.157923936843872
waiting
going to web site
Hello world	Thread-16814	6

time: 946690552.832832
diff: 26.167168021202087
waiting
going to web site
Hello world	Thread-16946	2

time: 946690579.849833
diff: 11.150166988372803
waiting
going to web site
Hello world	Thread-16994	3

time: 946690591.832832
diff: 19.167168021202087
waiting
going to web site
Hello world	Thread-17076	2

time: 946690611.860833
diff: 13.139166951179504
waiting
going to web site
Hello world	Thread-17137	2

time: 946690625.832832
diff: 26.167168021202087
waiting
going to web site
Hello world	Thread-17253	2

time: 946690652.841833
diff: 31.158167004585266
waiting
going to web site
Hello world	Thread-17398	3

time: 946690685.851833
diff: 25.14816701412201
waiting
going to web site
Hello world	Thread-17511	3

time: 946690711.841833
diff: 23.158167004585266
waiting
going to web site
Hello world	Thread-17619	3

time: 946690735.845833
diff: 27.15416705608368
waiting
going to web site
Hello world	Thread-17732	5

time: 946690763.841833
diff: 13.158167004585266
waiting
going to web site
Hello world	Thread-17798	3

time: 946690777.841833
diff: 21.158167004585266
waiting
going to web site
Hello world	Thread-17893	3

time: 946690799.841833
diff: 29.158167004585266
waiting
going to web site
Hello world	Thread-18026	4

time: 946690829.841833
diff: 26.158167004585266
waiting
going to web site
Hello world	Thread-18129	3

time: 946690856.836833
diff: 22.163166999816895
waiting
going to web site
Hello world	Thread-18222	6

time: 946690879.832832
diff: 19.167168021202087
waiting
going to web site
Hello world	Thread-18321	4

time: 946690900.845833
diff: 18.15416705608368
waiting
going to web site
Hello world	Thread-18392	2

time: 946690919.832833
diff: 29.16716694831848
waiting
going to web site
Hello world	Thread-18524	7

time: 946690949.832832
diff: 22.167168021202087
waiting
going to web site
Hello world	Thread-18624	2

time: 946690972.8378329
diff: 26.162167072296143
waiting
going to web site
Hello world	Thread-18744	4

time: 946690999.841833
diff: 14.158167004585266
waiting
going to web site
Hello world	Thread-18810	3

time: 946691014.845833
diff: 30.15416705608368
waiting
going to web site
Hello world	Thread-18946	5

time: 946691045.836713
diff: 11.163287043571472
waiting
going to web site
Hello world	Thread-19004	2

time: 946691057.847713
diff: 32.152287006378174
waiting
going to web site
Hello world	Thread-19150	3

time: 946691091.845713
diff: 21.154286980628967
waiting
going to web site
Hello world	Thread-19247	3

time: 946691113.840712
diff: 21.1592880487442
waiting
going to web site
Hello world	Thread-19345	2

time: 946691135.836713
diff: 9.163287043571472
waiting
going to web site
Hello world	Thread-19385	2

time: 946691145.836713
diff: 31.163287043571472
waiting
going to web site
Hello world	Thread-19537	2

time: 946691177.836713
diff: 12.163287043571472
waiting
going to web site
Hello world	Thread-19587	3

time: 946691190.836713
diff: 13.163287043571472
waiting
going to web site
Hello world	Thread-19657	2

time: 946691204.8417131
diff: 23.158286929130554
waiting
going to web site
Hello world	Thread-19766	2

time: 946691228.845712
diff: 29.154288053512573
waiting
going to web site
Hello world	Thread-19912	3

time: 946691258.845713
diff: 36.15428698062897
waiting
going to web site
Hello world	Thread-20078	3

time: 946691295.8367119
diff: 14.163288116455078
waiting
going to web site
Hello world	Thread-20143	4

time: 946691310.8407129
diff: 22.159287095069885
waiting
going to web site
Hello world	Thread-20264	2

time: 946691334.845713
diff: 11.154286980628967
waiting
going to web site
Hello world	Thread-20312	3

time: 946691346.839712
diff: 17.160287976264954
waiting
going to web site
Hello world	Thread-20408	4

time: 946691367.8367119
diff: 15.163288116455078
waiting
going to web site
Hello world	Thread-20503	4

time: 946691383.836713
diff: 13.163287043571472
waiting
going to web site
Hello world	Thread-20575	2

time: 946691397.836713
diff: 20.163287043571472
waiting
going to web site
Hello world	Thread-20674	2

time: 946691418.836713
diff: 18.163287043571472
waiting
going to web site
Hello world	Thread-20758	3

time: 946691437.836713
diff: 25.163287043571472
waiting
going to web site
Hello world	Thread-20888	4

time: 946691463.836713
diff: 31.163287043571472
waiting
going to web site
Hello world	Thread-21031	3

time: 946691495.836713
diff: 14.163287043571472
waiting
going to web site
Hello world	Thread-21101	3

time: 946691510.836713
diff: 14.163287043571472
waiting
going to web site
Hello world	Thread-21177	3

time: 946691525.839713
diff: 15.160287022590637
waiting
going to web site
Hello world	Thread-21251	4

time: 946691541.836713
diff: 33.16328704357147
waiting
going to web site
Hello world	Thread-21402	2

time: 946691575.839713
diff: 22.160287022590637
waiting
going to web site
Hello world	Thread-21513	2

time: 946691598.836713
diff: 10.163287043571472
waiting
going to web site
Hello world	Thread-21554	4

time: 946691609.836713
diff: 34.16328704357147
waiting
going to web site
Hello world	Thread-21719	2

time: 946691644.845713
diff: 32.15428698062897
waiting
going to web site
Hello world	Thread-21860	3

time: 946691678.846684
diff: 3.153316020965576
waiting
going to web site
Hello world	Thread-21883	2

time: 946691682.841833
diff: 34.158167004585266
waiting
going to web site
Hello world	Thread-22034	3

time: 946691717.841833
diff: 20.158167004585266
waiting
going to web site
Hello world	Thread-22124	3

time: 946691738.832833
diff: 25.16716694831848
waiting
going to web site
Hello world	Thread-22239	6

time: 946691764.832832
diff: 19.167168021202087
waiting
going to web site
Hello world	Thread-22322	2

time: 946691784.841833
diff: 12.158167004585266
waiting
going to web site
Hello world	Thread-22383	2

time: 946691797.832833
diff: 34.16716694831848
waiting
going to web site
Hello world	Thread-22534	3

time: 946691832.832832
diff: 18.167168021202087
waiting
going to web site
Hello world	Thread-22619	3

time: 946691851.841833
diff: 17.158167004585266
waiting
going to web site
Hello world	Thread-22694	3

time: 946691869.841833
diff: 29.158167004585266
waiting
going to web site
Hello world	Thread-22834	2

time: 946691899.832833
diff: 14.167166948318481
waiting
going to web site
Hello world	Thread-22898	4

time: 946691914.832832
diff: 30.167168021202087
waiting
going to web site
Hello world	Thread-23038	4

time: 946691945.841833
diff: 20.158167004585266
waiting
going to web site
Hello world	Thread-23138	2

time: 946691966.851665
diff: 13.148334980010986
waiting
going to web site
Hello world	Thread-23202	4

time: 946691980.832832
diff: 19.167168021202087
waiting
going to web site
Hello world	Thread-23307	2

time: 946692001.8510411
diff: 24.148958921432495
waiting
going to web site
Hello world	Thread-23420	5

time: 946692026.832832
diff: 31.167168021202087
waiting
going to web site
Hello world	Thread-23582	3

time: 946692058.832833
diff: 7.1671669483184814
waiting
going to web site
Hello world	Thread-23614	4

time: 946692066.832832
diff: 16.167168021202087
waiting
going to web site
Hello world	Thread-23694	2

time: 946692083.841833
diff: 29.158167004585266
waiting
going to web site
Hello world	Thread-23835	5

time: 946692113.832833
diff: 9.167166948318481
waiting
going to web site
Hello world	Thread-23890	4

time: 946692123.832832
diff: 24.167168021202087
waiting
going to web site
Hello world	Thread-24007	3

time: 946692148.841833
diff: 9.158167004585266
waiting
going to web site
Hello world	Thread-24049	2

time: 946692158.841833
diff: 12.158167004585266
waiting
going to web site
Hello world	Thread-24109	2

time: 946692171.851748
diff: 33.14825201034546
waiting
going to web site
Hello world	Thread-24266	2

time: 946692206.860833
diff: 18.139166951179504
waiting
going to web site
Hello world	Thread-24355	7

time: 946692225.837832
diff: 33.16216802597046
waiting
going to web site
Hello world	Thread-24517	3

time: 946692260.841833
diff: 13.158167004585266
waiting
going to web site
Hello world	Thread-24576	2

time: 946692274.841833
diff: 29.158167004585266
waiting
going to web site
Hello world	Thread-24714	5

time: 946692304.5350649
diff: 33.464935064315796
waiting
going to web site
Hello world	Thread-24861	4

time: 946692338.544065
diff: 15.455935001373291
waiting
going to web site
Hello world	Thread-24925	5

time: 946692354.5350649
diff: 16.464935064315796
waiting
going to web site
Hello world	Thread-25001	6

time: 946692371.5350649
diff: 20.464935064315796
waiting
going to web site
Hello world	Thread-25087	4

time: 946692392.544065
diff: 28.45593500137329
waiting
going to web site
Hello world	Thread-25207	6

time: 946692421.543097
diff: 29.456902980804443
waiting
going to web site
Hello world	Thread-25333	4

time: 946692451.5350641
diff: 19.464935898780823
waiting
going to web site
Hello world	Thread-25418	6

time: 946692471.5350641
diff: 16.464935898780823
waiting
going to web site
Hello world	Thread-25491	7

time: 946692488.5350641
diff: 29.464935898780823
waiting
going to web site
Hello world	Thread-25620	3

time: 946692518.5352931
diff: 21.464706897735596
waiting
going to web site
Hello world	Thread-25704	7

time: 946692540.5350641
diff: 20.464935898780823
waiting
going to web site
Hello world	Thread-25797	7

time: 946692561.5350641
diff: 26.464935898780823
waiting
going to web site
Hello world	Thread-25913	7

time: 946692588.5350641
diff: 28.464935898780823
waiting
going to web site
Hello world	Thread-26037	5

time: 946692617.5350641
diff: 20.464935898780823
waiting
going to web site
Hello world	Thread-26123	5

time: 946692638.5350641
diff: 29.464935898780823
waiting
going to web site
Hello world	Thread-26231	7

time: 946692668.5350649
diff: 21.464935064315796
waiting
going to web site
Hello world	Thread-26311	3

time: 946692690.533065
diff: 26.46693503856659
waiting
going to web site
Hello world	Thread-26398	7

time: 946692717.539065
diff: 13.46093499660492
waiting
going to web site
Hello world	Thread-26433	6

time: 946692731.5345191
diff: 13.465480923652649
waiting
going to web site
Hello world	Thread-26473	5

