time: 946686600.0
diff: 0.0
going to web site
Hello world	Thread-2	2

time: 946686600.8398321
diff: -0.839832067489624
going to web site
Hello world	Thread-3	2

time: 946686601.672664
diff: -1.6726640462875366
going to web site
Hello world	Thread-4	2

time: 946686602.50615
diff: -2.506150007247925
going to web site
Hello world	Thread-5	2

time: 946686603.338982
diff: -2.3389819860458374
going to web site
Hello world	Thread-6	2

time: 946686604.172814
diff: -3.1728140115737915
going to web site
Hello world	Thread-7	2

time: 946686605.005646
diff: -4.005645990371704
going to web site
Hello world	Thread-8	2

time: 946686605.838478
diff: -2.8384779691696167
going to web site
Hello world	Thread-9	2

time: 946686606.67131
diff: -3.6713099479675293
going to web site
Hello world	Thread-10	2

time: 946686607.5041419
diff: 1.495858073234558
waiting
going to web site
Hello world	Thread-12	2

time: 946686609.851833
diff: 2.1481670141220093
waiting
going to web site
Hello world	Thread-27	2

time: 946686612.841833
diff: -0.8418329954147339
going to web site
Hello world	Thread-33	2

time: 946686613.674665
diff: 0.3253350257873535
waiting
going to web site
Hello world	Thread-39	2

time: 946686614.832833
diff: 0.16716694831848145
waiting
going to web site
Hello world	Thread-44	2

time: 946686615.832832
diff: 0.1671680212020874
waiting
going to web site
Hello world	Thread-4	2

time: 946686616.841833
diff: 5.158167004585266
waiting
going to web site
Hello world	Thread-69	2

time: 946686622.8648419
diff: -0.8648419380187988
going to web site
Hello world	Thread-71	2

time: 946686623.704674
diff: -0.7046740055084229
going to web site
Hello world	Thread-7	2

time: 946686624.544506
diff: 12.455494046211243
waiting
going to web site
Hello world	Thread-129	2

time: 946686637.841833
diff: 1.1581670045852661
waiting
going to web site
Hello world	Thread-138	3

time: 946686639.832833
diff: 0.16716694831848145
waiting
going to web site
Hello world	Thread-143	2

time: 946686640.836832
diff: 0.16316795349121094
waiting
going to web site
Hello world	Thread-147	3

time: 946686641.832832
diff: 5.167168021202087
waiting
going to web site
Hello world	Thread-21	2

time: 946686647.842816
diff: 23.15718400478363
waiting
going to web site
Hello world	Thread-39	2

time: 946686671.8398329
diff: 18.16016709804535
waiting
going to web site
Hello world	Thread-432	5

time: 946686691.851696
diff: 4.148303985595703
waiting
going to web site
Hello world	Thread-487	4

time: 946686696.840832
diff: 2.159168004989624
waiting
going to web site
Hello world	Thread-74	2

time: 946686699.8554809
diff: 1.1445190906524658
waiting
going to web site
Hello world	Thread-530	2

time: 946686701.843833
diff: 0.15616703033447266
waiting
going to web site
Hello world	Thread-536	2

time: 946686702.834833
diff: 0.165166974067688
waiting
going to web site
Hello world	Thread-79	2

time: 946686703.832832
diff: 19.167168021202087
waiting
going to web site
Hello world	Thread-117	3

time: 946686723.841833
diff: 10.158167004585266
waiting
going to web site
Hello world	Thread-140	2

time: 946686734.835833
diff: 25.164167046546936
waiting
going to web site
Hello world	Thread-896	2

time: 946686760.838833
diff: 6.161167025566101
waiting
going to web site
Hello world	Thread-211	3

time: 946686767.841833
diff: 4.158167004585266
waiting
going to web site
Hello world	Thread-228	2

time: 946686772.841833
diff: 21.158167004585266
waiting
going to web site
Hello world	Thread-283	2

time: 946686794.850611
diff: 27.149389028549194
waiting
going to web site
Hello world	Thread-366	2

time: 946686822.835833
diff: 32.164167046546936
waiting
going to web site
Hello world	Thread-481	4

time: 946686855.841833
diff: 20.158167004585266
waiting
going to web site
Hello world	Thread-549	2

time: 946686876.8588331
diff: 32.1411669254303
waiting
going to web site
Hello world	Thread-674	3

time: 946686909.834832
diff: 8.165168046951294
waiting
going to web site
Hello world	Thread-715	2

time: 946686918.860412
diff: 27.139587998390198
waiting
going to web site
Hello world	Thread-830	2

time: 946686946.832832
diff: 27.167168021202087
waiting
going to web site
Hello world	Thread-967	5

time: 946686974.841833
diff: 24.158167004585266
waiting
going to web site
Hello world	Thread-1076	5

time: 946686999.8420889
diff: 32.1579110622406
waiting
going to web site
Hello world	Thread-1231	3

time: 946687032.841833
diff: 15.158167004585266
waiting
going to web site
Hello world	Thread-1310	3

time: 946687048.859833
diff: 16.140166997909546
waiting
going to web site
Hello world	Thread-1382	2

time: 946687065.832832
diff: 23.167168021202087
waiting
going to web site
Hello world	Thread-1490	2

time: 946687089.834833
diff: 29.165166974067688
waiting
going to web site
Hello world	Thread-1618	4

time: 946687119.832832
diff: 13.167168021202087
waiting
going to web site
Hello world	Thread-1676	3

time: 946687133.848833
diff: 31.151167035102844
waiting
going to web site
Hello world	Thread-1813	2

time: 946687165.841833
diff: 28.158167004585266
waiting
going to web site
Hello world	Thread-1931	2

time: 946687194.841833
diff: 5.158167004585266
waiting
going to web site
Hello world	Thread-1956	4

time: 946687200.536065
diff: 19.463935017585754
waiting
going to web site
Hello world	Thread-2041	5

time: 946687220.526065
diff: 27.47393500804901
waiting
going to web site
Hello world	Thread-2154	5

time: 946687248.544065
diff: 7.455935001373291
waiting
going to web site
Hello world	Thread-2197	3

time: 946687256.5376121
diff: 27.462387919425964
waiting
going to web site
Hello world	Thread-2326	4

time: 946687284.5350641
diff: 26.464935898780823
waiting
going to web site
Hello world	Thread-2440	8

time: 946687311.532064
diff: 15.467936038970947
waiting
going to web site
Hello world	Thread-2502	8

time: 946687327.542065
diff: 23.457934975624084
waiting
going to web site
Hello world	Thread-2609	6

time: 946687351.526064
diff: 41.47393596172333
waiting
going to web site
Hello world	Thread-2804	8

time: 946687393.532064
diff: 3.4679360389709473
waiting
going to web site
Hello world	Thread-2817	4

time: 946687397.526065
diff: 31.47393500804901
waiting
going to web site
Hello world	Thread-2960	4

time: 946687429.544065
diff: 27.45593500137329
waiting
going to web site
Hello world	Thread-3081	7

time: 946687457.526065
diff: 19.47393500804901
waiting
going to web site
Hello world	Thread-3165	5

time: 946687477.5350649
diff: 22.464935064315796
waiting
going to web site
Hello world	Thread-3268	7

time: 946687500.544065
diff: 24.45593500137329
waiting
going to web site
Hello world	Thread-3378	4

time: 946687525.544065
diff: 28.45593500137329
waiting
going to web site
Hello world	Thread-3502	6

time: 946687554.526065
diff: 16.47393500804901
waiting
going to web site
Hello world	Thread-3577	4

time: 946687571.544065
diff: 29.45593500137329
waiting
going to web site
Hello world	Thread-3705	3

time: 946687601.526065
diff: 9.473935008049011
waiting
going to web site
Hello world	Thread-3751	7

time: 946687611.5350649
diff: 16.464935064315796
waiting
going to web site
Hello world	Thread-3827	4

time: 946687628.544065
diff: 18.45593500137329
waiting
going to web site
Hello world	Thread-3901	4

time: 946687647.526065
diff: 22.47393500804901
waiting
going to web site
Hello world	Thread-4004	7

time: 946687670.5350649
diff: 21.464935064315796
waiting
going to web site
Hello world	Thread-4110	3

time: 946687692.5380651
diff: 21.46193492412567
waiting
going to web site
Hello world	Thread-4200	5

time: 946687714.538064
diff: 33.46193599700928
waiting
going to web site
Hello world	Thread-4352	7

time: 946687748.5350641
diff: 23.464935898780823
waiting
going to web site
Hello world	Thread-4457	7

time: 946687772.530064
diff: 8.46993601322174
waiting
going to web site
Hello world	Thread-4502	6

time: 946687781.544065
diff: 31.45593500137329
waiting
going to web site
Hello world	Thread-4646	2

time: 946687813.843096
diff: 32.156903982162476
waiting
going to web site
Hello world	Thread-4794	4

time: 946687846.8367119
diff: 9.163288116455078
waiting
going to web site
Hello world	Thread-4837	4

time: 946687856.836713
diff: 21.163287043571472
waiting
going to web site
Hello world	Thread-4940	2

time: 946687878.836713
diff: 16.163287043571472
waiting
going to web site
Hello world	Thread-5015	3

time: 946687895.839713
diff: 17.160287022590637
waiting
going to web site
Hello world	Thread-5098	5

time: 946687913.836713
diff: 21.163287043571472
waiting
going to web site
Hello world	Thread-5348	2

time: 946687966.845713
diff: -9.845713019371033
going to web site
Hello world	Thread-5349	5

time: 946687967.6824249
diff: 21.317575097084045
waiting
going to web site
Hello world	Thread-5459	2

time: 946687989.836713
diff: 19.163287043571472
waiting
going to web site
Hello world	Thread-5548	4

time: 946688009.839713
diff: 21.160287022590637
waiting
going to web site
Hello world	Thread-5645	6

time: 946688031.836713
diff: 20.163287043571472
waiting
going to web site
Hello world	Thread-5742	5

time: 946688052.8407129
diff: 19.159287095069885
waiting
going to web site
Hello world	Thread-5827	3

time: 946688072.836713
diff: 32.16328704357147
waiting
going to web site
Hello world	Thread-5975	4

time: 946688105.836713
diff: 21.163287043571472
waiting
going to web site
Hello world	Thread-6073	3

time: 946688127.836713
diff: 26.163287043571472
waiting
going to web site
Hello world	Thread-6189	3

time: 946688154.836713
diff: 28.163287043571472
waiting
going to web site
Hello world	Thread-6309	3

time: 946688183.836713
diff: 27.163287043571472
waiting
going to web site
Hello world	Thread-6432	3

time: 946688211.836713
diff: 9.163287043571472
waiting
going to web site
Hello world	Thread-6479	4

time: 946688221.836713
diff: 33.16328704357147
waiting
going to web site
Hello world	Thread-6625	2

time: 946688255.836713
diff: 2.163287043571472
waiting
going to web site
Hello world	Thread-6639	3

time: 946688258.836713
diff: 22.163287043571472
waiting
going to web site
Hello world	Thread-6741	2

time: 946688281.836713
diff: 19.163287043571472
waiting
going to web site
Hello world	Thread-6824	5

time: 946688301.836713
diff: 16.163287043571472
waiting
going to web site
Hello world	Thread-6908	3

time: 946688318.836713
diff: 33.16328704357147
waiting
going to web site
Hello world	Thread-7051	2

time: 946688352.836713
diff: 4.163287043571472
waiting
going to web site
Hello world	Thread-7074	5

time: 946688357.836713
diff: 26.163287043571472
waiting
going to web site
Hello world	Thread-7197	4

time: 946688384.836713
diff: 15.163287043571472
waiting
going to web site
Hello world	Thread-7266	2

time: 946688400.847713
diff: 37.152287006378174
waiting
going to web site
Hello world	Thread-7443	4

time: 946688439.841833
diff: 20.158167004585266
waiting
going to web site
Hello world	Thread-7534	4

time: 946688460.832833
diff: 24.16716694831848
waiting
going to web site
Hello world	Thread-7646	2

time: 946688485.832832
diff: 23.167168021202087
waiting
going to web site
Hello world	Thread-7748	3

time: 946688509.845833
diff: 32.15416705608368
waiting
going to web site
Hello world	Thread-7898	5

time: 946688542.841833
diff: 31.158167004585266
waiting
going to web site
Hello world	Thread-8046	3

time: 946688575.841833
diff: 15.158167004585266
waiting
going to web site
Hello world	Thread-8111	4

time: 946688591.841833
diff: 22.158167004585266
waiting
going to web site
Hello world	Thread-8214	3

time: 946688614.836833
diff: 32.163166999816895
waiting
going to web site
Hello world	Thread-8347	4

time: 946688647.832832
diff: 16.167168021202087
waiting
going to web site
Hello world	Thread-8435	2

time: 946688665.841833
diff: 22.158167004585266
waiting
going to web site
Hello world	Thread-8524	4

time: 946688688.832833
diff: 30.16716694831848
waiting
going to web site
Hello world	Thread-8645	3

time: 946688719.836832
diff: 24.16316795349121
waiting
going to web site
Hello world	Thread-8747	3

time: 946688744.836832
diff: 23.16316795349121
waiting
going to web site
Hello world	Thread-8838	6

time: 946688768.832832
diff: 23.167168021202087
waiting
going to web site
Hello world	Thread-8928	2

time: 946688792.841833
diff: 3.158167004585266
waiting
going to web site
Hello world	Thread-8949	3

time: 946688796.841833
diff: 32.158167004585266
waiting
going to web site
Hello world	Thread-9084	4

time: 946688829.841833
diff: 22.158167004585266
waiting
going to web site
Hello world	Thread-9191	6

time: 946688852.832833
diff: 24.16716694831848
waiting
going to web site
Hello world	Thread-9292	2

time: 946688877.832832
diff: 13.167168021202087
waiting
going to web site
Hello world	Thread-9355	2

time: 946688891.841833
diff: 23.158167004585266
waiting
going to web site
Hello world	Thread-9454	2

time: 946688915.841833
diff: 23.158167004585266
waiting
going to web site
Hello world	Thread-9561	2

time: 946688939.841833
diff: 10.158167004585266
waiting
going to web site
Hello world	Thread-9603	2

time: 946688950.841833
diff: 17.158167004585266
waiting
going to web site
Hello world	Thread-9709	2

time: 946688971.841833
diff: 17.158167004585266
waiting
going to web site
Hello world	Thread-9788	5

time: 946688989.8588331
diff: 11.141166925430298
waiting
going to web site
Hello world	Thread-9843	5

time: 946689001.836832
diff: 31.16316795349121
waiting
going to web site
Hello world	Thread-9994	3

time: 946689033.832832
diff: 26.167168021202087
waiting
going to web site
Hello world	Thread-10110	5

time: 946689060.802193
diff: 9.19780695438385
waiting
going to web site
Hello world	Thread-10156	5

time: 946689070.797192
diff: 34.202808022499084
waiting
going to web site
Hello world	Thread-10321	3

time: 946689105.8031449
diff: 18.196855068206787
waiting
going to web site
Hello world	Thread-10410	7

time: 946689124.7971929
diff: 25.202807068824768
waiting
going to web site
Hello world	Thread-10540	2

time: 946689150.802193
diff: 16.19780695438385
waiting
going to web site
Hello world	Thread-10614	6

time: 946689167.797192
diff: 9.202808022499084
waiting
going to web site
Hello world	Thread-10661	4

time: 946689177.802193
diff: 24.19780695438385
waiting
going to web site
Hello world	Thread-10789	3

time: 946689202.802192
diff: 14.197808027267456
waiting
going to web site
Hello world	Thread-10859	4

time: 946689217.802193
diff: 27.19780695438385
waiting
going to web site
Hello world	Thread-10989	4

time: 946689245.802192
diff: 27.197808027267456
waiting
going to web site
Hello world	Thread-11122	2

time: 946689273.8031449
diff: 13.196855068206787
waiting
going to web site
Hello world	Thread-11188	5

time: 946689287.7971929
diff: 29.202807068824768
waiting
going to web site
Hello world	Thread-11335	2

time: 946689317.8031449
diff: 17.196855068206787
waiting
going to web site
Hello world	Thread-11419	4

time: 946689335.8031449
diff: 9.196855068206787
waiting
going to web site
Hello world	Thread-11466	4

time: 946689345.802193
diff: 23.19780695438385
waiting
going to web site
Hello world	Thread-11577	3

time: 946689369.8031449
diff: 33.19685506820679
waiting
going to web site
Hello world	Thread-11738	4

time: 946689403.7971929
diff: 18.202807068824768
waiting
going to web site
Hello world	Thread-11816	3

time: 946689422.806193
diff: 28.193807005882263
waiting
going to web site
Hello world	Thread-11954	5

time: 946689452.806193
diff: 29.193807005882263
waiting
going to web site
Hello world	Thread-12098	6

time: 946689482.7971929
diff: 11.202807068824768
waiting
going to web site
Hello world	Thread-12154	2

time: 946689494.8031449
diff: 26.196855068206787
waiting
going to web site
Hello world	Thread-12264	6

time: 946689521.802193
diff: 5.19780695438385
waiting
going to web site
Hello world	Thread-12293	5

time: 946689527.802192
diff: 25.197808027267456
waiting
going to web site
Hello world	Thread-12418	4

time: 946689553.8031449
diff: 25.196855068206787
waiting
going to web site
Hello world	Thread-12530	6

time: 946689579.802193
diff: 19.19780695438385
waiting
going to web site
Hello world	Thread-12625	3

time: 946689599.802192
diff: 28.197808027267456
waiting
going to web site
Hello world	Thread-12751	6

time: 946689628.7971929
diff: 9.202807068824768
waiting
going to web site
Hello world	Thread-12800	4

time: 946689638.7971929
diff: 22.202807068824768
waiting
going to web site
Hello world	Thread-12910	4

time: 946689661.841833
diff: 18.158167004585266
waiting
going to web site
Hello world	Thread-13003	3

time: 946689680.843833
diff: 17.156167030334473
waiting
going to web site
Hello world	Thread-13089	5

time: 946689699.8415769
diff: 28.15842306613922
waiting
going to web site
Hello world	Thread-13213	3

time: 946689728.841833
diff: 13.158167004585266
waiting
going to web site
Hello world	Thread-13276	2

time: 946689742.834833
diff: 33.16516697406769
waiting
going to web site
Hello world	Thread-13431	6

time: 946689776.832832
diff: 22.167168021202087
waiting
going to web site
Hello world	Thread-13541	2

time: 946689799.841833
diff: 12.158167004585266
waiting
going to web site
Hello world	Thread-13601	3

time: 946689812.841833
diff: 20.158167004585266
waiting
going to web site
Hello world	Thread-13695	2

time: 946689833.841833
diff: 28.158167004585266
waiting
going to web site
Hello world	Thread-13834	2

time: 946689862.832833
diff: 27.16716694831848
waiting
going to web site
Hello world	Thread-13966	3

time: 946689890.832832
diff: 28.167168021202087
waiting
going to web site
Hello world	Thread-14086	2

time: 946689919.841833
diff: 24.158167004585266
waiting
going to web site
Hello world	Thread-14199	3

time: 946689944.832833
diff: 14.167166948318481
waiting
going to web site
Hello world	Thread-14267	6

time: 946689959.832832
diff: 27.167168021202087
waiting
going to web site
Hello world	Thread-14394	5

time: 946689988.859833
diff: 14.140166997909546
waiting
going to web site
Hello world	Thread-14455	4

time: 946690003.832832
diff: 21.167168021202087
waiting
going to web site
Hello world	Thread-14553	5

time: 946690025.832833
diff: 31.16716694831848
waiting
going to web site
Hello world	Thread-14684	5

time: 946690057.832832
diff: 24.167168021202087
waiting
going to web site
Hello world	Thread-14790	2

time: 946690082.851765
diff: 13.148234963417053
waiting
going to web site
Hello world	Thread-14856	4

time: 946690096.832832
diff: 23.167168021202087
waiting
going to web site
Hello world	Thread-14955	3

time: 946690120.841833
diff: 24.158167004585266
waiting
going to web site
Hello world	Thread-15062	3

time: 946690146.842833
diff: 27.157166957855225
waiting
going to web site
Hello world	Thread-15182	4

time: 946690174.832832
diff: 9.167168021202087
waiting
going to web site
Hello world	Thread-15221	2

time: 946690184.832833
diff: 35.16716694831848
waiting
going to web site
Hello world	Thread-15378	3

time: 946690220.832832
diff: 15.167168021202087
waiting
going to web site
Hello world	Thread-15454	3

time: 946690236.832833
diff: 21.16716694831848
waiting
going to web site
Hello world	Thread-15547	4

time: 946690258.832832
diff: 25.167168021202087
waiting
going to web site
Hello world	Thread-15659	3

time: 946690284.850833
diff: 32.14916694164276
waiting
going to web site
Hello world	Thread-15809	5

time: 946690317.832832
diff: 25.167168021202087
waiting
going to web site
Hello world	Thread-15917	4

time: 946690343.832833
diff: 22.16716694831848
waiting
going to web site
Hello world	Thread-16014	4

time: 946690366.832832
diff: 19.167168021202087
waiting
going to web site
Hello world	Thread-16101	2

time: 946690386.841833
diff: 14.158167004585266
waiting
going to web site
Hello world	Thread-16165	3

time: 946690401.841833
diff: 28.158167004585266
waiting
going to web site
Hello world	Thread-16290	2

time: 946690430.841833
diff: 12.158167004585266
waiting
going to web site
Hello world	Thread-16358	2

time: 946690444.851164
diff: 26.14883601665497
waiting
going to web site
Hello world	Thread-16478	3

time: 946690472.841833
diff: 18.158167004585266
waiting
going to web site
Hello world	Thread-16561	4

time: 946690491.841833
diff: 10.158167004585266
waiting
going to web site
Hello world	Thread-16611	2

time: 946690502.841833
diff: 29.158167004585266
waiting
going to web site
Hello world	Thread-16736	5

time: 946690532.841833
diff: 30.158167004585266
waiting
going to web site
Hello world	Thread-16876	5

time: 946690563.832833
diff: 22.16716694831848
waiting
going to web site
Hello world	Thread-16968	6

time: 946690586.832832
diff: 36.16716802120209
waiting
going to web site
Hello world	Thread-17132	3

time: 946690623.843833
diff: 6.156167030334473
waiting
going to web site
Hello world	Thread-17159	3

time: 946690630.841833
diff: 20.158167004585266
waiting
going to web site
Hello world	Thread-17247	3

time: 946690651.841833
diff: 23.158167004585266
waiting
going to web site
Hello world	Thread-17349	2

time: 946690675.841833
diff: 25.158167004585266
waiting
going to web site
Hello world	Thread-17468	3

time: 946690701.841833
diff: 31.158167004585266
waiting
going to web site
Hello world	Thread-17613	3

time: 946690734.841833
diff: 24.158167004585266
waiting
going to web site
Hello world	Thread-17717	5

time: 946690759.841833
diff: 7.158167004585266
waiting
going to web site
Hello world	Thread-17759	2

time: 946690768.841833
diff: 35.158167004585266
waiting
going to web site
Hello world	Thread-17912	4

time: 946690804.832833
diff: 14.167166948318481
waiting
going to web site
Hello world	Thread-17977	4

time: 946690819.832832
diff: 36.16716802120209
waiting
going to web site
Hello world	Thread-18130	4

time: 946690856.836833
diff: 7.1631669998168945
waiting
going to web site
Hello world	Thread-18160	6

time: 946690864.832832
diff: 21.167168021202087
waiting
going to web site
Hello world	Thread-18255	5

time: 946690886.699561
diff: 25.3004390001297
waiting
going to web site
Hello world	Thread-18367	5

time: 946690912.699561
diff: 20.3004390001297
waiting
going to web site
Hello world	Thread-18458	5

time: 946690933.699561
diff: 21.3004390001297
waiting
going to web site
Hello world	Thread-18551	4

time: 946690955.699561
diff: 34.3004390001297
waiting
going to web site
Hello world	Thread-18702	6

time: 946690990.699561
diff: 12.3004390001297
waiting
going to web site
Hello world	Thread-18760	5

time: 946691003.699561
diff: 27.3004390001297
waiting
going to web site
Hello world	Thread-18883	4

time: 946691031.699561
diff: 20.3004390001297
waiting
going to web site
Hello world	Thread-18975	2

time: 946691052.699561
diff: 11.3004390001297
waiting
going to web site
Hello world	Thread-19029	6

time: 946691064.699561
diff: 11.3004390001297
waiting
going to web site
Hello world	Thread-19075	6

time: 946691076.699561
diff: 37.3004390001297
waiting
going to web site
Hello world	Thread-19250	4

time: 946691114.699561
diff: 23.3004390001297
waiting
going to web site
Hello world	Thread-19359	4

time: 946691138.699561
diff: 19.3004390001297
waiting
going to web site
Hello world	Thread-19452	5

time: 946691158.699561
diff: 25.3004390001297
waiting
going to web site
Hello world	Thread-19558	4

time: 946691184.699561
diff: 8.3004390001297
waiting
going to web site
Hello world	Thread-19602	4

time: 946691193.7085611
diff: 22.291438937187195
waiting
going to web site
Hello world	Thread-19706	5

time: 946691216.6995599
diff: 19.300440073013306
waiting
going to web site
Hello world	Thread-19809	2

time: 946691236.699561
diff: 24.3004390001297
waiting
going to web site
Hello world	Thread-19918	4

time: 946691261.699561
diff: 7.3004390001297
waiting
going to web site
Hello world	Thread-19959	4

time: 946691269.699561
diff: 17.3004390001297
waiting
going to web site
Hello world	Thread-20036	6

time: 946691287.699561
diff: 37.3004390001297
waiting
going to web site
Hello world	Thread-20216	5

time: 946691325.699561
diff: 10.3004390001297
waiting
going to web site
Hello world	Thread-20269	4

time: 946691336.699561
diff: 23.3004390001297
waiting
going to web site
Hello world	Thread-20373	5

time: 946691360.699561
diff: 19.3004390001297
waiting
going to web site
Hello world	Thread-20486	4

time: 946691380.699561
diff: 8.3004390001297
waiting
going to web site
Hello world	Thread-20532	5

time: 946691389.699561
diff: 23.3004390001297
waiting
going to web site
Hello world	Thread-20645	5

time: 946691413.699561
diff: 34.3004390001297
waiting
going to web site
Hello world	Thread-20809	6

time: 946691448.699561
diff: 18.3004390001297
waiting
going to web site
Hello world	Thread-20903	6

time: 946691467.699561
diff: 30.3004390001297
waiting
going to web site
Hello world	Thread-21051	2

time: 946691499.841833
diff: 21.158167004585266
waiting
going to web site
Hello world	Thread-21173	3

time: 946691524.851833
diff: 7.148167014122009
waiting
going to web site
Hello world	Thread-21206	2

time: 946691532.841833
diff: 29.158167004585266
waiting
going to web site
Hello world	Thread-21342	5

time: 946691562.838833
diff: 33.1611670255661
waiting
going to web site
Hello world	Thread-21502	2

time: 946691596.841833
diff: 12.158167004585266
waiting
going to web site
Hello world	Thread-21555	2

time: 946691609.841833
diff: 13.158167004585266
waiting
going to web site
Hello world	Thread-21622	2

time: 946691623.841833
diff: 32.158167004585266
waiting
going to web site
Hello world	Thread-21771	2

time: 946691656.841833
diff: 34.158167004585266
waiting
going to web site
Hello world	Thread-21920	3

time: 946691691.832833
diff: 2.1671669483184814
waiting
going to web site
Hello world	Thread-21931	4

time: 946691694.8418319
diff: 17.158168077468872
waiting
going to web site
Hello world	Thread-22017	2

time: 946691712.832833
diff: 27.16716694831848
waiting
going to web site
Hello world	Thread-22132	3

time: 946691740.832832
diff: 27.167168021202087
waiting
going to web site
Hello world	Thread-22262	4

time: 946691768.851832
diff: 24.148167967796326
waiting
going to web site
Hello world	Thread-22365	5

time: 946691793.832832
diff: 20.167168021202087
waiting
going to web site
Hello world	Thread-22459	3

time: 946691814.8588331
diff: 21.141166925430298
waiting
going to web site
Hello world	Thread-22551	6

time: 946691836.836832
diff: 22.16316795349121
waiting
going to web site
Hello world	Thread-22654	3

time: 946691859.832832
diff: 20.167168021202087
waiting
going to web site
Hello world	Thread-22753	2

time: 946691880.8602489
diff: 24.139751076698303
waiting
going to web site
Hello world	Thread-22857	3

time: 946691905.842665
diff: 18.15733504295349
waiting
going to web site
Hello world	Thread-22948	3

time: 946691924.841833
diff: 3.158167004585266
waiting
going to web site
Hello world	Thread-22961	2

time: 946691928.841833
diff: 35.158167004585266
waiting
going to web site
Hello world	Thread-23131	2

time: 946691964.8588331
diff: 10.141166925430298
waiting
going to web site
Hello world	Thread-23183	3

time: 946691975.832832
diff: 11.167168021202087
waiting
going to web site
Hello world	Thread-23237	3

time: 946691987.841833
diff: 26.158167004585266
waiting
going to web site
Hello world	Thread-23367	3

time: 946692014.832833
diff: 17.16716694831848
waiting
going to web site
Hello world	Thread-23451	5

time: 946692032.832832
diff: 14.167168021202087
waiting
going to web site
Hello world	Thread-23601	2

time: 946692062.841833
diff: 20.158167004585266
waiting
going to web site
Hello world	Thread-23697	5

time: 946692083.841833
diff: 21.158167004585266
waiting
going to web site
Hello world	Thread-23795	3

time: 946692105.699561
diff: 25.3004390001297
waiting
going to web site
Hello world	Thread-23922	5

time: 946692131.699561
diff: 26.3004390001297
waiting
going to web site
Hello world	Thread-24048	4

time: 946692158.699561
diff: 28.3004390001297
waiting
going to web site
Hello world	Thread-24180	6

time: 946692187.713817
diff: 17.2861829996109
waiting
going to web site
Hello world	Thread-24258	5

time: 946692205.6995599
diff: 22.300440073013306
waiting
going to web site
Hello world	Thread-24373	5

time: 946692228.7135609
diff: 15.286439061164856
waiting
going to web site
Hello world	Thread-24438	6

time: 946692244.699561
diff: 35.3004390001297
waiting
going to web site
Hello world	Thread-24608	5

time: 946692280.699561
diff: 20.3004390001297
waiting
going to web site
Hello world	Thread-24699	6

time: 946692301.7085611
diff: 27.291438937187195
waiting
going to web site
Hello world	Thread-24822	3

time: 946692329.6995599
diff: 19.300440073013306
waiting
going to web site
Hello world	Thread-24906	3

time: 946692349.699561
diff: 14.3004390001297
waiting
going to web site
Hello world	Thread-24968	2

time: 946692364.699561
diff: 20.3004390001297
waiting
going to web site
Hello world	Thread-25058	3

time: 946692385.699561
diff: 30.3004390001297
waiting
going to web site
Hello world	Thread-25187	2

time: 946692416.699561
diff: 27.3004390001297
waiting
going to web site
Hello world	Thread-25307	4

time: 946692444.699561
diff: 15.3004390001297
waiting
going to web site
Hello world	Thread-25373	5

time: 946692460.699561
diff: 31.3004390001297
waiting
going to web site
Hello world	Thread-25507	5

time: 946692492.699561
diff: 16.3004390001297
waiting
going to web site
Hello world	Thread-25575	7

time: 946692509.699561
diff: 29.3004390001297
waiting
going to web site
Hello world	Thread-25701	4

time: 946692539.699561
diff: 26.3004390001297
waiting
going to web site
Hello world	Thread-25820	2

time: 946692566.699561
diff: 12.3004390001297
waiting
going to web site
Hello world	Thread-25879	6

time: 946692579.699561
diff: 20.3004390001297
waiting
going to web site
Hello world	Thread-25959	6

