time: 946686600.0
diff: 0.0
going to web site
Hello world	Thread-7	7

time: 946686601.079084
diff: 118.92091596126556
waiting
going to web site
Hello world	Thread-71	3

time: 946686721.094084
diff: 119.90591597557068
waiting
going to web site
Hello world	Thread-156	2

time: 946686842.084085
diff: 118.91591501235962
waiting
going to web site
Hello world	Thread-217	3

time: 946686962.0850841
diff: 118.9149159193039
waiting
going to web site
Hello world	Thread-278	4

time: 946687082.078084
diff: 118.9219160079956
waiting
going to web site
Hello world	Thread-370	3

time: 946687232.848924
diff: 28.151075959205627
waiting
going to web site
Hello world	Thread-399	3

time: 946687276.832924
diff: 104.16707599163055
waiting
going to web site
Hello world	Thread-466	3

time: 946687396.8544941
diff: 45.14550590515137
waiting
going to web site
Hello world	Thread-497	2

time: 946687445.8419251
diff: 56.15807485580444
waiting
going to web site
Hello world	Thread-529	3

time: 946687505.8550551
diff: 56.14494490623474
waiting
going to web site
Hello world	Thread-565	3

time: 946687577.842924
diff: 104.1570760011673
waiting
going to web site
Hello world	Thread-633	2

time: 946687713.842924
diff: 88.1570760011673
waiting
going to web site
Hello world	Thread-687	6

time: 946687817.659364
diff: 104.34063601493835
waiting
going to web site
Hello world	Thread-755	3

time: 946687925.667365
diff: 57.332635045051575
waiting
going to web site
Hello world	Thread-791	6

time: 946687986.658365
diff: 56.34163498878479
waiting
going to web site
Hello world	Thread-825	3

time: 946688046.658365
diff: 56.34163498878479
waiting
going to web site
Hello world	Thread-857	4

time: 946688110.668364
diff: 52.33163595199585
waiting
going to web site
Hello world	Thread-881	7

time: 946688166.649364
diff: 116.35063600540161
waiting
going to web site
Hello world	Thread-947	4

time: 946688286.658364
diff: 56.341635942459106
waiting
going to web site
Hello world	Thread-969	4

