time: 946686600.0
diff: 0.0
going to web site
Hello world	Thread-2	12

time: 946686600.646908
diff: 119.35309195518494
waiting
going to web site
Hello world	Thread-96	4

time: 946686727.667796
diff: 52.33220398426056
waiting
going to web site
Hello world	Thread-132	3

time: 946686783.656908
diff: 57.34309196472168
waiting
going to web site
Hello world	Thread-153	5

time: 946686841.658795
diff: 119.34120500087738
waiting
going to web site
Hello world	Thread-215	5

time: 946686961.667952
diff: 119.33204805850983
waiting
going to web site
Hello world	Thread-286	2

time: 946687082.666908
diff: 58.33309197425842
waiting
going to web site
Hello world	Thread-310	8

time: 946687141.646908
diff: 119.35309195518494
waiting
going to web site
Hello world	Thread-392	2

time: 946687264.668364
diff: 116.33163595199585
waiting
going to web site
Hello world	Thread-435	6

time: 946687381.6663641
diff: 120.33363592624664
waiting
going to web site
Hello world	Thread-508	2

time: 946687502.6667511
diff: 59.33324885368347
waiting
going to web site
Hello world	Thread-547	3

time: 946687563.658364
diff: 118.3416359424591
waiting
going to web site
Hello world	Thread-617	5

time: 946687685.649364
diff: 116.35063600540161
waiting
going to web site
Hello world	Thread-689	4

time: 946687817.659364
diff: 44.340636014938354
waiting
going to web site
Hello world	Thread-719	3

time: 946687865.668364
diff: 116.33163595199585
waiting
going to web site
Hello world	Thread-769	3

time: 946687982.666751
diff: 120.33324897289276
waiting
going to web site
Hello world	Thread-836	7

time: 946688103.658364
diff: 59.341635942459106
waiting
going to web site
Hello world	Thread-871	4

time: 946688163.658364
diff: 119.3416359424591
waiting
going to web site
Hello world	Thread-939	5

