time: 946686600.0
diff: 0.0
going to web site
Hello world	Thread-3	4

time: 946686600.5892761
diff: 59.41072392463684
waiting
going to web site
Hello world	Thread-11	4

time: 946686660.577276
diff: 59.42272400856018
waiting
going to web site
Hello world	Thread-17	5

time: 946686720.586277
diff: 59.41372299194336
waiting
going to web site
Hello world	Thread-24	4

time: 946686780.588614
diff: 119.411386013031
waiting
going to web site
Hello world	Thread-36	4

time: 946686900.5886151
diff: 119.4113849401474
waiting
going to web site
Hello world	Thread-49	3

time: 946687020.577276
diff: 120.42272400856018
waiting
going to web site
Hello world	Thread-66	5

time: 946687141.602615
diff: 119.39738500118256
waiting
going to web site
Hello world	Thread-81	3

time: 946687261.5902771
diff: 119.40972292423248
waiting
going to web site
Hello world	Thread-91	3

time: 946687381.577276
diff: 59.42272400856018
waiting
going to web site
Hello world	Thread-96	2

time: 946687441.5862771
diff: 59.41372287273407
waiting
going to web site
Hello world	Thread-103	3

time: 946687501.5892762
diff: 119.41072380542755
waiting
going to web site
Hello world	Thread-118	3

time: 946687621.5892762
diff: 120.41072380542755
waiting
going to web site
Hello world	Thread-133	5

time: 946687742.5982761
diff: 119.40172386169434
waiting
going to web site
Hello world	Thread-142	7

time: 946687862.5932761
diff: 59.406723856925964
waiting
going to web site
Hello world	Thread-151	4

time: 946687922.5772761
diff: 119.42272388935089
waiting
going to web site
Hello world	Thread-164	3

time: 946688042.5772761
diff: 59.42272388935089
waiting
going to web site
Hello world	Thread-174	3

time: 946688102.5772761
diff: 119.42272388935089
waiting
going to web site
Hello world	Thread-189	3

time: 946688222.5772761
diff: 120.42272388935089
waiting
going to web site
Hello world	Thread-202	6

