time: 946686600.0
diff: 0.0
going to web site
Hello world	Thread-257	9

time: 946686841.879353
diff: -121.87935304641724
going to web site
Hello world	Thread-267	8

time: 946686842.4679171
diff: -2.4679170846939087
going to web site
Hello world	Thread-277	4

time: 946686843.055493
diff: 57.944507002830505
waiting
going to web site
Hello world	Thread-365	3

time: 946686904.603656
diff: 56.39634394645691
waiting
going to web site
Hello world	Thread-467	4

time: 946686976.590656
diff: 104.409343957901
waiting
going to web site
Hello world	Thread-544	7

time: 946687082.580656
diff: 58.41934394836426
waiting
going to web site
Hello world	Thread-637	7

time: 946687156.590656
diff: 44.409343957901
waiting
going to web site
Hello world	Thread-650	6

time: 946687201.5916561
diff: 59.40834391117096
waiting
going to web site
Hello world	Thread-777	7

time: 946687292.590656
diff: 88.409343957901
waiting
going to web site
Hello world	Thread-862	2

time: 946687381.580656
diff: 120.41934394836426
waiting
going to web site
Hello world	Thread-1064	6

time: 946687533.590656
diff: 28.409343957901
waiting
going to web site
Hello world	Thread-1096	4

time: 946687565.580656
diff: 56.41934394836426
waiting
going to web site
Hello world	Thread-1195	4

time: 946687653.590656
diff: 88.409343957901
waiting
going to web site
Hello world	Thread-1288	6

time: 946687745.580656
diff: 116.41934394836426
waiting
going to web site
Hello world	Thread-1457	4

time: 946687893.590656
diff: 28.409343957901
waiting
going to web site
Hello world	Thread-1499	3

time: 946687925.580656
diff: 57.41934394836426
waiting
going to web site
Hello world	Thread-1600	4

time: 946687998.5896571
diff: 44.41034293174744
waiting
going to web site
Hello world	Thread-1762	3

time: 946688165.0494591
diff: -2.0494590997695923
going to web site
Hello world	Thread-1769	4

time: 946688165.6341151
diff: 117.36588490009308
waiting
going to web site
Hello world	Thread-1899	2

