time: 946686600.0
diff: 258.0
waiting
going to web site
Hello world	Thread-1350	3

time: 946686858.842832
diff: -0.8428319692611694
going to web site
Hello world	Thread-1356	2

time: 946686859.684664
diff: -0.6846640110015869
going to web site
Hello world	Thread-1363	3

time: 946686860.525496
diff: -1.525496006011963
going to web site
Hello world	Thread-1371	3

time: 946686861.3643279
diff: -2.364327907562256
going to web site
Hello world	Thread-1377	2

time: 946686862.1971599
diff: -3.1971598863601685
going to web site
Hello world	Thread-1383	3

time: 946686863.042
diff: -4.04200005531311
going to web site
Hello world	Thread-1389	2

time: 946686863.880832
diff: -2.8808319568634033
going to web site
Hello world	Thread-1392	3

time: 946686864.7166641
diff: 16.28333592414856
waiting
going to web site
Hello world	Thread-567	2

time: 946686881.854028
diff: 12.14597201347351
waiting
going to web site
Hello world	Thread-616	2

time: 946686894.859833
diff: 2.140166997909546
waiting
going to web site
Hello world	Thread-1486	4

time: 946686897.840832
diff: -0.840831995010376
going to web site
Hello world	Thread-1491	5

time: 946686898.673664
diff: -1.6736639738082886
going to web site
Hello world	Thread-1496	4

time: 946686899.506496
diff: -2.506495952606201
going to web site
Hello world	Thread-1502	3

time: 946686900.339328
diff: -3.3393280506134033
going to web site
Hello world	Thread-1508	3

time: 946686901.18416
diff: -3.184159994125366
going to web site
Hello world	Thread-1517	2

time: 946686902.04353
diff: -1.043529987335205
going to web site
Hello world	Thread-1523	3

time: 946686902.8993621
diff: 20.100637912750244
waiting
going to web site
Hello world	Thread-731	4

time: 946686923.848833
diff: 18.151167035102844
waiting
going to web site
Hello world	Thread-817	2

time: 946686942.8494799
diff: 14.150520086288452
waiting
going to web site
Hello world	Thread-886	2

time: 946686957.841833
diff: 25.158167004585266
waiting
going to web site
Hello world	Thread-998	3

time: 946686983.841833
diff: 4.158167004585266
waiting
going to web site
Hello world	Thread-1023	3

time: 946686988.8398329
diff: 12.16016709804535
waiting
going to web site
Hello world	Thread-1957	2

time: 946687001.832833
diff: -0.8328330516815186
going to web site
Hello world	Thread-1958	2

time: 946687002.665665
diff: -1.6656650304794312
going to web site
Hello world	Thread-1959	3

time: 946687003.498497
diff: 8.501502990722656
waiting
going to web site
Hello world	Thread-1134	5

time: 946687012.832832
diff: 12.167168021202087
waiting
going to web site
Hello world	Thread-1194	3

time: 946687025.86665
diff: 17.133350014686584
waiting
going to web site
Hello world	Thread-1283	2

time: 946687043.858481
diff: 18.14151895046234
waiting
going to web site
Hello world	Thread-1366	5

time: 946687062.832832
diff: 29.167168021202087
waiting
going to web site
Hello world	Thread-1502	2

time: 946687092.841833
diff: 25.158167004585266
waiting
going to web site
Hello world	Thread-1613	4

time: 946687118.841833
diff: 19.158167004585266
waiting
going to web site
Hello world	Thread-1699	3

time: 946687138.832833
diff: 34.16716694831848
waiting
going to web site
Hello world	Thread-1841	5

time: 946687173.832832
diff: 13.167168021202087
waiting
going to web site
Hello world	Thread-1897	3

time: 946687187.841833
diff: 19.158167004585266
waiting
going to web site
Hello world	Thread-1983	3

time: 946687207.841833
diff: 32.158167004585266
waiting
going to web site
Hello world	Thread-2135	3

time: 946687243.841833
diff: 20.158167004585266
waiting
going to web site
Hello world	Thread-2231	2

time: 946687264.841833
diff: 28.158167004585266
waiting
going to web site
Hello world	Thread-2367	5

time: 946687293.84848
diff: 7.151520013809204
waiting
going to web site
Hello world	Thread-2399	3

time: 946687301.832833
diff: 22.16716694831848
waiting
going to web site
Hello world	Thread-2492	2

time: 946687324.836832
diff: 24.16316795349121
waiting
going to web site
Hello world	Thread-2602	4

time: 946687349.836832
diff: 31.16316795349121
waiting
going to web site
Hello world	Thread-2753	2

time: 946687381.832832
diff: 28.167168021202087
waiting
going to web site
Hello world	Thread-2882	2

time: 946687411.8478329
diff: 27.152167081832886
waiting
going to web site
Hello world	Thread-2998	4

time: 946687439.841833
diff: 21.158167004585266
waiting
going to web site
Hello world	Thread-3100	3

time: 946687461.720585
diff: 14.279415011405945
waiting
going to web site
Hello world	Thread-3162	4

time: 946687476.729585
diff: 9.27041494846344
waiting
going to web site
Hello world	Thread-3207	6

time: 946687486.729584
diff: 24.270416021347046
waiting
going to web site
Hello world	Thread-3312	4

time: 946687511.732325
diff: 15.267675042152405
waiting
going to web site
Hello world	Thread-3387	3

time: 946687527.733585
diff: 15.266414999961853
waiting
going to web site
Hello world	Thread-3453	3

time: 946687543.7205839
diff: 31.27941608428955
waiting
going to web site
Hello world	Thread-3599	4

time: 946687575.720585
diff: 31.279415011405945
waiting
going to web site
Hello world	Thread-3730	7

time: 946687607.729585
diff: 21.27041494846344
waiting
going to web site
Hello world	Thread-3831	2

time: 946687629.7205839
diff: 20.27941608428955
waiting
going to web site
Hello world	Thread-3916	3

time: 946687650.729585
diff: 23.27041494846344
waiting
going to web site
Hello world	Thread-4022	4

time: 946687674.7205839
diff: 28.27941608428955
waiting
going to web site
Hello world	Thread-4155	5

time: 946687703.720585
diff: 15.279415011405945
waiting
going to web site
Hello world	Thread-4226	4

time: 946687719.720585
diff: 25.279415011405945
waiting
going to web site
Hello world	Thread-4340	3

time: 946687745.729585
diff: 27.27041494846344
waiting
going to web site
Hello world	Thread-4465	5

time: 946687773.7325839
diff: 18.2674161195755
waiting
going to web site
Hello world	Thread-4547	7

time: 946687792.729585
diff: 25.27041494846344
waiting
going to web site
Hello world	Thread-4662	5

time: 946687818.7205839
diff: 17.27941608428955
waiting
going to web site
Hello world	Thread-4746	5

time: 946687836.7555851
diff: 26.244414925575256
waiting
going to web site
Hello world	Thread-4865	3

time: 946687863.7205839
diff: 19.27941608428955
waiting
going to web site
Hello world	Thread-4959	6

time: 946687883.729585
diff: 20.27041494846344
waiting
going to web site
Hello world	Thread-5058	6

time: 946687904.7205839
diff: 11.27941608428955
waiting
going to web site
Hello world	Thread-5111	3

time: 946687916.720585
diff: 30.279415011405945
waiting
going to web site
Hello world	Thread-5267	3

time: 946687948.732585
diff: 5.2674150466918945
waiting
going to web site
Hello world	Thread-5297	6

time: 946687954.729585
diff: 27.27041494846344
waiting
going to web site
Hello world	Thread-5427	4

time: 946687982.724584
diff: 25.275416016578674
waiting
going to web site
Hello world	Thread-5541	4

time: 946688008.732585
diff: 28.267415046691895
waiting
going to web site
Hello world	Thread-5681	4

time: 946688037.729585
diff: 22.27041494846344
waiting
going to web site
Hello world	Thread-5777	2

time: 946688060.7205839
diff: 14.27941608428955
waiting
going to web site
Hello world	Thread-5843	5

time: 946688075.699561
diff: 30.3004390001297
waiting
going to web site
Hello world	Thread-5978	7

time: 946688106.699561
diff: 20.3004390001297
waiting
going to web site
Hello world	Thread-6071	5

time: 946688127.699561
diff: 18.3004390001297
waiting
going to web site
Hello world	Thread-6148	6

time: 946688146.699561
diff: 24.3004390001297
waiting
going to web site
Hello world	Thread-6255	3

time: 946688171.699561
diff: 4.3004390001297
waiting
going to web site
Hello world	Thread-6274	4

time: 946688176.699561
diff: 17.3004390001297
waiting
going to web site
Hello world	Thread-6354	3

time: 946688194.699561
diff: 34.3004390001297
waiting
going to web site
Hello world	Thread-6514	5

time: 946688229.699561
diff: 13.3004390001297
waiting
going to web site
Hello world	Thread-6572	3

time: 946688243.699561
diff: 40.3004390001297
waiting
going to web site
Hello world	Thread-6755	5

time: 946688284.699561
diff: 4.3004390001297
waiting
going to web site
Hello world	Thread-6776	3

time: 946688289.699561
diff: 23.3004390001297
waiting
going to web site
Hello world	Thread-6882	6

time: 946688313.699561
diff: 28.3004390001297
waiting
going to web site
Hello world	Thread-7002	5

time: 946688342.699561
diff: 27.3004390001297
waiting
going to web site
Hello world	Thread-7126	7

time: 946688370.699561
diff: 34.3004390001297
waiting
going to web site
Hello world	Thread-7288	6

time: 946688405.699561
diff: 13.3004390001297
waiting
going to web site
Hello world	Thread-7352	4

time: 946688419.699561
diff: 28.3004390001297
waiting
going to web site
Hello world	Thread-7480	5

time: 946688448.699561
diff: 19.3004390001297
waiting
going to web site
Hello world	Thread-7567	5

time: 946688468.699561
diff: 26.3004390001297
waiting
going to web site
Hello world	Thread-7686	6

time: 946688495.699561
diff: 17.3004390001297
waiting
going to web site
Hello world	Thread-7766	5

time: 946688513.699561
diff: 20.3004390001297
waiting
going to web site
Hello world	Thread-7853	5

time: 946688534.699561
diff: 24.3004390001297
waiting
going to web site
Hello world	Thread-7968	4

time: 946688559.699561
diff: -0.6995609998703003
going to web site
Hello world	Thread-7972	2

time: 946688560.399121
diff: 30.600878953933716
waiting
going to web site
Hello world	Thread-8108	7

time: 946688591.6995599
diff: 22.300440073013306
waiting
going to web site
Hello world	Thread-8212	4

time: 946688614.702561
diff: 12.297438979148865
waiting
going to web site
Hello world	Thread-8265	5

time: 946688627.6995599
diff: 15.300440073013306
waiting
going to web site
Hello world	Thread-8332	5

time: 946688643.699561
diff: 24.3004390001297
waiting
going to web site
Hello world	Thread-8443	4

time: 946688668.7085611
diff: 27.291438937187195
waiting
going to web site
Hello world	Thread-8553	6

time: 946688696.5350641
diff: 25.464935898780823
waiting
going to web site
Hello world	Thread-8659	7

time: 946688722.526064
diff: 29.473935961723328
waiting
going to web site
Hello world	Thread-8780	7

time: 946688752.5350641
diff: 27.464935898780823
waiting
going to web site
Hello world	Thread-8885	5

time: 946688780.5350641
diff: 34.46493589878082
waiting
going to web site
Hello world	Thread-9031	3

time: 946688815.526064
diff: 17.473935961723328
waiting
going to web site
Hello world	Thread-9102	6

time: 946688833.5350641
diff: 24.464935898780823
waiting
going to web site
Hello world	Thread-9208	6

time: 946688858.526064
diff: 30.473935961723328
waiting
going to web site
Hello world	Thread-9343	4

time: 946688889.526064
diff: 15.473935961723328
waiting
going to web site
Hello world	Thread-9411	6

time: 946688905.5350641
diff: 26.464935898780823
waiting
going to web site
Hello world	Thread-9528	7

time: 946688932.5350641
diff: 26.464935898780823
waiting
going to web site
Hello world	Thread-9643	6

time: 946688959.5350641
diff: 25.464935898780823
waiting
going to web site
Hello world	Thread-9764	7

time: 946688985.5350641
diff: 20.464935898780823
waiting
going to web site
Hello world	Thread-9870	6

time: 946689006.526064
diff: 28.473935961723328
waiting
going to web site
Hello world	Thread-10001	6

time: 946689035.5350641
diff: 22.464935898780823
waiting
going to web site
Hello world	Thread-10097	7

time: 946689058.5350641
diff: 8.464935898780823
waiting
going to web site
Hello world	Thread-10143	6

time: 946689067.5350641
diff: 20.464935898780823
waiting
going to web site
Hello world	Thread-10249	5

time: 946689088.5350641
diff: 24.464935898780823
waiting
going to web site
Hello world	Thread-10357	7

time: 946689113.534481
diff: 23.465518951416016
waiting
going to web site
Hello world	Thread-10473	6

time: 946689137.5350641
diff: 10.464935898780823
waiting
going to web site
Hello world	Thread-10526	6

time: 946689148.5350641
diff: 40.46493589878082
waiting
going to web site
Hello world	Thread-10725	7

time: 946689189.5294169
diff: 14.470583081245422
waiting
going to web site
Hello world	Thread-10799	5

time: 946689204.5350649
diff: 11.464935064315796
waiting
going to web site
Hello world	Thread-10850	6

time: 946689216.5350649
diff: 21.464935064315796
waiting
going to web site
Hello world	Thread-10957	2

time: 946689238.5350649
diff: 12.464935064315796
waiting
going to web site
Hello world	Thread-11017	2

time: 946689251.5350649
diff: 16.464935064315796
waiting
going to web site
Hello world	Thread-11100	6

time: 946689268.5350649
diff: 39.464935064315796
waiting
going to web site
Hello world	Thread-11290	4

time: 946689308.836833
diff: 11.163166999816895
waiting
going to web site
Hello world	Thread-11352	4

time: 946689320.832832
diff: 25.167168021202087
waiting
going to web site
Hello world	Thread-11471	5

time: 946689346.832833
diff: 29.16716694831848
waiting
going to web site
Hello world	Thread-11615	2

time: 946689376.832832
diff: 17.167168021202087
waiting
going to web site
Hello world	Thread-11694	2

time: 946689394.841833
diff: 20.158167004585266
waiting
going to web site
Hello world	Thread-11785	4

time: 946689415.841833
diff: 11.158167004585266
waiting
going to web site
Hello world	Thread-11860	2

time: 946689430.844833
diff: 19.15516698360443
waiting
going to web site
Hello world	Thread-11940	7

time: 946689450.832832
diff: 14.167168021202087
waiting
going to web site
Hello world	Thread-12014	4

time: 946689465.841833
diff: 24.158167004585266
waiting
going to web site
Hello world	Thread-12138	2

time: 946689490.841833
diff: 23.158167004585266
waiting
going to web site
Hello world	Thread-12236	2

time: 946689514.841833
diff: 18.158167004585266
waiting
going to web site
Hello world	Thread-12321	2

time: 946689533.841833
diff: 29.158167004585266
waiting
going to web site
Hello world	Thread-12480	3

time: 946689566.8478329
diff: 17.152167081832886
waiting
going to web site
Hello world	Thread-12566	4

time: 946689585.844833
diff: 10.155166983604431
waiting
going to web site
Hello world	Thread-12613	4

time: 946689596.832832
diff: 17.167168021202087
waiting
going to web site
Hello world	Thread-12684	4

time: 946689614.832833
diff: 30.16716694831848
waiting
going to web site
Hello world	Thread-12828	4

time: 946689645.832832
diff: 14.167168021202087
waiting
going to web site
Hello world	Thread-12903	3

time: 946689660.841833
diff: 33.158167004585266
waiting
going to web site
Hello world	Thread-13067	3

time: 946689694.841833
diff: 26.158167004585266
waiting
going to web site
Hello world	Thread-13193	3

time: 946689721.841833
diff: 20.158167004585266
waiting
going to web site
Hello world	Thread-13278	6

time: 946689742.834833
diff: 18.165166974067688
waiting
going to web site
Hello world	Thread-13373	3

time: 946689761.832832
diff: 26.167168021202087
waiting
going to web site
Hello world	Thread-13495	2

time: 946689789.851833
diff: 5.148167014122009
waiting
going to web site
Hello world	Thread-13525	2

time: 946689795.841833
diff: 23.158167004585266
waiting
going to web site
Hello world	Thread-13638	4

time: 946689819.841833
diff: 24.158167004585266
waiting
going to web site
Hello world	Thread-13750	2

time: 946689844.841833
diff: 10.158167004585266
waiting
going to web site
Hello world	Thread-13811	2

time: 946689856.842833
diff: 33.157166957855225
waiting
going to web site
Hello world	Thread-13965	4

time: 946689890.832832
diff: 15.167168021202087
waiting
going to web site
Hello world	Thread-14039	3

time: 946689906.832833
diff: 15.167166948318481
waiting
going to web site
Hello world	Thread-14098	7

time: 946689922.5350641
diff: 14.464935898780823
waiting
going to web site
Hello world	Thread-14162	7

time: 946689937.5350641
diff: 33.46493589878082
waiting
going to web site
Hello world	Thread-14312	5

time: 946689971.534417
diff: 14.465582966804504
waiting
going to web site
Hello world	Thread-14379	8

time: 946689986.536064
diff: 28.46393597126007
waiting
going to web site
Hello world	Thread-14505	4

time: 946690015.5350641
diff: 20.464935898780823
waiting
going to web site
Hello world	Thread-14595	4

time: 946690036.5350641
diff: 27.464935898780823
waiting
going to web site
Hello world	Thread-14717	7

time: 946690064.5350641
diff: 26.464935898780823
waiting
going to web site
Hello world	Thread-14829	7

time: 946690091.534064
diff: 14.465935945510864
waiting
going to web site
Hello world	Thread-14898	6

time: 946690106.526064
diff: 29.473935961723328
waiting
going to web site
Hello world	Thread-15024	5

time: 946690136.534064
diff: 26.465935945510864
waiting
going to web site
Hello world	Thread-15138	6

time: 946690163.5350641
diff: 32.46493589878082
waiting
going to web site
Hello world	Thread-15272	6

time: 946690196.5350641
diff: 23.464935898780823
waiting
going to web site
Hello world	Thread-15374	7

time: 946690220.5350641
diff: 4.464935898780823
waiting
going to web site
Hello world	Thread-15401	7

time: 946690225.5350641
diff: 28.464935898780823
waiting
going to web site
Hello world	Thread-15524	7

time: 946690254.5351549
diff: 22.464845061302185
waiting
going to web site
Hello world	Thread-15632	4

time: 946690277.5350649
diff: 15.464935064315796
waiting
going to web site
Hello world	Thread-15702	5

time: 946690293.544065
diff: 30.45593500137329
waiting
going to web site
Hello world	Thread-15838	5

time: 946690324.542065
diff: 24.457934975624084
waiting
going to web site
Hello world	Thread-15938	6

time: 946690349.533065
diff: 28.46693503856659
waiting
going to web site
Hello world	Thread-16066	5

time: 946690378.544065
diff: 17.45593500137329
waiting
going to web site
Hello world	Thread-16144	4

time: 946690396.544065
diff: 18.45593500137329
waiting
going to web site
Hello world	Thread-16222	5

time: 946690415.5350649
diff: 15.464935064315796
waiting
going to web site
Hello world	Thread-16293	5

time: 946690431.543065
diff: 20.456935048103333
waiting
going to web site
Hello world	Thread-16382	5

time: 946690452.5300651
diff: 21.469934940338135
waiting
going to web site
Hello world	Thread-16484	4

time: 946690474.5350641
diff: 31.464935898780823
waiting
going to web site
Hello world	Thread-16621	7

time: 946690506.5350641
diff: 22.464935898780823
waiting
going to web site
Hello world	Thread-16722	4

time: 946690529.797192
diff: 28.202808022499084
waiting
going to web site
Hello world	Thread-16845	6

time: 946690558.7971929
diff: 19.202807068824768
waiting
going to web site
Hello world	Thread-16939	4

time: 946690578.7971929
diff: 17.202807068824768
waiting
going to web site
Hello world	Thread-17018	4

time: 946690596.8031449
diff: 29.196855068206787
waiting
going to web site
Hello world	Thread-17139	6

time: 946690626.7971929
diff: 19.202807068824768
waiting
going to web site
Hello world	Thread-17224	4

time: 946690646.7971929
diff: 27.202807068824768
waiting
going to web site
Hello world	Thread-17340	5

time: 946690674.802193
diff: 13.19780695438385
waiting
going to web site
Hello world	Thread-17407	2

time: 946690688.802192
diff: 17.197808027267456
waiting
going to web site
Hello world	Thread-17484	3

time: 946690706.802193
diff: 32.19780695438385
waiting
going to web site
Hello world	Thread-17633	5

time: 946690739.802192
diff: 14.197808027267456
waiting
going to web site
Hello world	Thread-17694	5

time: 946690754.802193
diff: 14.19780695438385
waiting
going to web site
Hello world	Thread-17764	3

time: 946690769.8031449
diff: 37.19685506820679
waiting
going to web site
Hello world	Thread-17926	3

time: 946690807.802193
diff: 14.19780695438385
waiting
going to web site
Hello world	Thread-17986	4

time: 946690822.797192
diff: 31.202808022499084
waiting
going to web site
Hello world	Thread-18118	4

time: 946690854.7971929
diff: 34.20280706882477
waiting
going to web site
Hello world	Thread-18272	6

time: 946690889.7971929
diff: 13.202807068824768
waiting
going to web site
Hello world	Thread-18327	6

time: 946690903.7971929
diff: 11.202807068824768
waiting
going to web site
Hello world	Thread-18381	3

time: 946690915.7971929
diff: 32.20280706882477
waiting
going to web site
Hello world	Thread-18521	4

time: 946690948.7971929
diff: 15.202807068824768
waiting
going to web site
Hello world	Thread-18593	3

time: 946690964.802193
diff: 24.19780695438385
waiting
going to web site
Hello world	Thread-18699	3

time: 946690989.802192
diff: 25.197808027267456
waiting
going to web site
Hello world	Thread-18812	5

time: 946691015.8001931
diff: 28.199806928634644
waiting
going to web site
Hello world	Thread-18942	4

time: 946691044.797192
diff: 14.202808022499084
waiting
going to web site
Hello world	Thread-19009	2

time: 946691059.802193
diff: 26.19780695438385
waiting
going to web site
Hello world	Thread-19124	4

time: 946691086.797192
diff: 35.202808022499084
waiting
going to web site
Hello world	Thread-19290	5

time: 946691122.807089
diff: 8.192911028862
waiting
going to web site
Hello world	Thread-19323	4

time: 946691131.7971929
diff: 28.202807068824768
waiting
going to web site
Hello world	Thread-19460	4

time: 946691160.802193
diff: 18.19780695438385
waiting
going to web site
Hello world	Thread-19542	4

time: 946691179.797192
diff: 19.202808022499084
waiting
going to web site
Hello world	Thread-19631	6

time: 946691199.802193
diff: 30.19780695438385
waiting
going to web site
Hello world	Thread-19775	4

time: 946691230.8031449
diff: 21.196855068206787
waiting
going to web site
Hello world	Thread-19877	4

time: 946691252.802193
diff: 11.19780695438385
waiting
going to web site
Hello world	Thread-19934	6

time: 946691264.797192
diff: 27.202808022499084
waiting
going to web site
Hello world	Thread-20065	3

time: 946691292.7971929
diff: 25.202807068824768
waiting
going to web site
Hello world	Thread-20185	4

time: 946691318.805193
diff: 2.1948070526123047
waiting
going to web site
Hello world	Thread-20195	5

time: 946691321.7971929
diff: 17.202807068824768
waiting
going to web site
Hello world	Thread-20282	4

time: 946691339.7971929
diff: 40.20280706882477
waiting
going to web site
Hello world	Thread-20492	4

time: 946691381.802193
diff: 21.19780695438385
waiting
going to web site
Hello world	Thread-20598	5

time: 946691403.8031449
diff: 15.196855068206787
waiting
going to web site
Hello world	Thread-20676	5

time: 946691419.7971929
diff: 35.20280706882477
waiting
going to web site
Hello world	Thread-20844	4

time: 946691455.8131449
diff: 0.18685507774353027
waiting
going to web site
Hello world	Thread-20851	3

time: 946691456.8031449
diff: 18.196855068206787
waiting
going to web site
Hello world	Thread-20937	3

time: 946691475.802193
diff: 21.19780695438385
waiting
going to web site
Hello world	Thread-21040	4

time: 946691497.8031449
diff: 23.196855068206787
waiting
going to web site
Hello world	Thread-21154	4

time: 946691521.7971929
diff: 15.202807068824768
waiting
going to web site
Hello world	Thread-21230	5

time: 946691537.802193
diff: 19.19780695438385
waiting
going to web site
Hello world	Thread-21323	4

time: 946691557.802192
diff: 20.197808027267456
waiting
going to web site
Hello world	Thread-21414	7

time: 946691578.7971929
diff: 24.202807068824768
waiting
going to web site
Hello world	Thread-21531	3

time: 946691603.802193
diff: 30.19780695438385
waiting
going to web site
Hello world	Thread-21669	5

time: 946691634.802192
diff: 18.197808027267456
waiting
going to web site
Hello world	Thread-21753	4

time: 946691653.802193
diff: 8.19780695438385
waiting
going to web site
Hello world	Thread-21792	3

time: 946691662.802192
diff: 18.197808027267456
waiting
going to web site
Hello world	Thread-21878	5

time: 946691681.802193
diff: 20.19780695438385
waiting
going to web site
Hello world	Thread-21966	5

time: 946691702.797192
diff: 27.202808022499084
waiting
going to web site
Hello world	Thread-22097	4

time: 946691730.7971929
diff: 33.20280706882477
waiting
going to web site
Hello world	Thread-22249	3

time: 946691765.841833
diff: 21.158167004585266
waiting
going to web site
Hello world	Thread-22336	2

time: 946691787.841833
diff: 19.158167004585266
waiting
going to web site
Hello world	Thread-22426	3

time: 946691807.832833
diff: 21.16716694831848
waiting
going to web site
Hello world	Thread-22524	3

time: 946691829.832832
diff: 39.16716802120209
waiting
going to web site
Hello world	Thread-22700	3

time: 946691870.841833
diff: 5.158167004585266
waiting
going to web site
Hello world	Thread-22731	2

time: 946691876.841833
diff: 26.158167004585266
waiting
going to web site
Hello world	Thread-22848	2

time: 946691903.832833
diff: 12.167166948318481
waiting
going to web site
Hello world	Thread-22907	4

time: 946691916.832832
diff: 30.167168021202087
waiting
going to web site
Hello world	Thread-23049	4

time: 946691947.841833
diff: 15.158167004585266
waiting
going to web site
Hello world	Thread-23129	2

time: 946691963.832833
diff: 22.16716694831848
waiting
going to web site
Hello world	Thread-23234	4

time: 946691986.832832
diff: 33.16716802120209
waiting
going to web site
Hello world	Thread-23389	4

time: 946692020.841833
diff: 9.158167004585266
waiting
going to web site
Hello world	Thread-23443	3

time: 946692030.841833
diff: 18.158167004585266
waiting
going to web site
Hello world	Thread-23537	2

time: 946692049.841833
diff: 26.158167004585266
waiting
going to web site
Hello world	Thread-23666	3

time: 946692076.84648
diff: 16.153519988059998
waiting
going to web site
Hello world	Thread-23743	3

time: 946692093.832832
diff: 29.167168021202087
waiting
going to web site
Hello world	Thread-23891	2

time: 946692123.841833
diff: 21.158167004585266
waiting
going to web site
Hello world	Thread-23991	2

time: 946692145.832833
diff: 18.16716694831848
waiting
going to web site
Hello world	Thread-24076	5

time: 946692164.832832
diff: 25.167168021202087
waiting
going to web site
Hello world	Thread-24199	2

time: 946692190.841833
diff: 17.158167004585266
waiting
going to web site
Hello world	Thread-24292	4

time: 946692211.842833
diff: 23.157166957855225
waiting
going to web site
Hello world	Thread-24397	4

time: 946692235.832832
diff: 10.167168021202087
waiting
going to web site
Hello world	Thread-24452	3

time: 946692246.8408331
diff: 9.159166932106018
waiting
going to web site
Hello world	Thread-24494	3

time: 946692256.832832
diff: 29.167168021202087
waiting
going to web site
Hello world	Thread-24635	2

time: 946692286.832833
diff: 1.1671669483184814
waiting
going to web site
Hello world	Thread-24640	5

time: 946692288.832832
diff: 22.167168021202087
waiting
going to web site
Hello world	Thread-24741	2

time: 946692311.832833
diff: 31.16716694831848
waiting
going to web site
Hello world	Thread-24885	6

time: 946692344.833833
diff: 21.16616702079773
waiting
going to web site
Hello world	Thread-24975	3

time: 946692366.699561
diff: 34.3004390001297
waiting
going to web site
Hello world	Thread-25129	4

time: 946692401.699561
diff: 23.3004390001297
waiting
going to web site
Hello world	Thread-25225	6

time: 946692425.699561
diff: 21.3004390001297
waiting
going to web site
Hello world	Thread-25320	6

time: 946692447.699561
diff: 14.3004390001297
waiting
going to web site
Hello world	Thread-25383	3

time: 946692462.699561
diff: 22.3004390001297
waiting
going to web site
Hello world	Thread-25478	4

time: 946692485.699561
diff: 28.3004390001297
waiting
going to web site
Hello world	Thread-25606	3

time: 946692514.699561
diff: 25.3004390001297
waiting
going to web site
Hello world	Thread-25707	4

time: 946692540.699561
diff: 26.3004390001297
waiting
going to web site
Hello world	Thread-25823	5

time: 946692567.699561
diff: 31.3004390001297
waiting
going to web site
Hello world	Thread-25954	4

time: 946692599.699561
diff: 15.3004390001297
waiting
going to web site
Hello world	Thread-26028	4

time: 946692615.699561
diff: 17.3004390001297
waiting
going to web site
Hello world	Thread-26101	6

time: 946692633.722561
diff: 24.27743899822235
waiting
going to web site
Hello world	Thread-26198	6

time: 946692658.6995599
diff: 15.300440073013306
waiting
going to web site
Hello world	Thread-26257	5

time: 946692674.699561
diff: 28.3004390001297
waiting
going to web site
Hello world	Thread-26352	3

time: 946692703.699561
diff: 27.3004390001297
waiting
going to web site
Hello world	Thread-26434	5

time: 946692731.699561
diff: 19.3004390001297
waiting
going to web site
Hello world	Thread-26496	3

time: 946692751.699561
diff: 29.3004390001297
waiting
going to web site
Hello world	Thread-26564	3

time: 946692781.699561
diff: 30.3004390001297
waiting
going to web site
Hello world	Thread-26635	3

time: 946692812.699561
diff: 20.3004390001297
waiting
going to web site
Hello world	Thread-26671	3

time: 946692833.699561
diff: 11.3004390001297
waiting
going to web site
Hello world	Thread-26686	2

time: 946692845.699561
diff: 21.3004390001297
waiting
going to web site
Hello world	Thread-26721	2

