time: 946686600.0
diff: 0.0
going to web site
Hello world	Thread-48	6

time: 946686663.600518
diff: -3.600517988204956
going to web site
Hello world	Thread-54	4

time: 946686664.181174
diff: 55.8188259601593
waiting
going to web site
Hello world	Thread-141	2

time: 946686735.604573
diff: 104.39542698860168
waiting
going to web site
Hello world	Thread-306	7

time: 946686847.596656
diff: 113.40334403514862
waiting
going to web site
Hello world	Thread-456	3

time: 946686968.595656
diff: 52.40434396266937
waiting
going to web site
Hello world	Thread-603	6

time: 946687142.8841159
diff: -1.8841159343719482
going to web site
Hello world	Thread-611	7

time: 946687143.4647721
diff: 117.53522789478302
waiting
going to web site
Hello world	Thread-782	2

time: 946687292.590656
diff: 28.409343957901
waiting
going to web site
Hello world	Thread-854	4

time: 946687352.590656
diff: 28.409343957901
waiting
going to web site
Hello world	Thread-889	6

time: 946687384.580656
diff: 56.41934394836426
waiting
going to web site
Hello world	Thread-999	7

time: 946687472.590656
diff: 89.409343957901
waiting
going to web site
Hello world	Thread-1083	5

time: 946687563.580656
diff: 58.41934394836426
waiting
going to web site
Hello world	Thread-1190	3

time: 946687637.590656
diff: 104.409343957901
waiting
going to web site
Hello world	Thread-1255	4

time: 946687742.585656
diff: 119.41434395313263
waiting
going to web site
Hello world	Thread-1555	4

time: 946687983.971876
diff: -1.9718760251998901
going to web site
Hello world	Thread-1561	6

time: 946687984.552532
diff: 118.44746804237366
waiting
going to web site
Hello world	Thread-1811	4

time: 946688223.991588
diff: -60.99158799648285
going to web site
Hello world	Thread-1818	4

time: 946688224.588088
diff: -1.588088035583496
going to web site
Hello world	Thread-1825	3

time: 946688225.192848
diff: 117.80715203285217
waiting
going to web site
Hello world	Thread-1979	7

