time: 946686600.0
diff: 0.0
going to web site
Hello world	Thread-1	3

time: 946686600.5350641
diff: 8.464935898780823
waiting
going to web site
Hello world	Thread-11	4

time: 946686609.526064
diff: -0.5260640382766724
going to web site
Hello world	Thread-14	2

time: 946686610.052128
diff: -1.0521279573440552
going to web site
Hello world	Thread-17	4

time: 946686610.587192
diff: -1.5871920585632324
going to web site
Hello world	Thread-20	3

time: 946686611.113256
diff: -1.1132559776306152
going to web site
Hello world	Thread-22	2

time: 946686611.63932
diff: -1.6393200159072876
going to web site
Hello world	Thread-24	2

time: 946686612.1653839
diff: -2.1653839349746704
going to web site
Hello world	Thread-29	5

time: 946686612.698448
diff: 0.30155205726623535
waiting
going to web site
Hello world	Thread-34	5

time: 946686613.531065
diff: 1.4689350128173828
waiting
going to web site
Hello world	Thread-43	3

time: 946686615.5350649
diff: 0.4649350643157959
waiting
going to web site
Hello world	Thread-48	2

time: 946686616.544065
diff: 0.455935001373291
waiting
going to web site
Hello world	Thread-50	3

time: 946686617.526065
diff: -0.5260649919509888
going to web site
Hello world	Thread-5	2

time: 946686618.052129
diff: 1.9478709697723389
waiting
going to web site
Hello world	Thread-62	2

time: 946686620.526064
diff: -0.5260640382766724
going to web site
Hello world	Thread-63	3

time: 946686621.052128
diff: 11.947872042655945
waiting
going to web site
Hello world	Thread-12	2

time: 946686633.536065
diff: 26.463935017585754
waiting
going to web site
Hello world	Thread-30	2

time: 946686660.539065
diff: 8.46093499660492
waiting
going to web site
Hello world	Thread-37	3

time: 946686669.526064
diff: 18.473935961723328
waiting
going to web site
Hello world	Thread-55	4

time: 946686688.526064
diff: 22.473935961723328
waiting
going to web site
Hello world	Thread-89	5

time: 946686711.530064
diff: 6.469936013221741
waiting
going to web site
Hello world	Thread-105	3

time: 946686718.546348
diff: 29.453652024269104
waiting
going to web site
Hello world	Thread-860	6

time: 946686748.544065
diff: 0.455935001373291
waiting
going to web site
Hello world	Thread-169	3

time: 946686749.540065
diff: 15.459934949874878
waiting
going to web site
Hello world	Thread-199	6

time: 946686765.5350641
diff: 12.464935898780823
waiting
going to web site
Hello world	Thread-242	2

time: 946686778.5274161
diff: 16.472583889961243
waiting
going to web site
Hello world	Thread-284	6

time: 946686795.526064
diff: 23.473935961723328
waiting
going to web site
Hello world	Thread-357	6

time: 946686819.537064
diff: 23.46293604373932
waiting
going to web site
Hello world	Thread-1301	4

time: 946686843.544065
diff: 15.455935001373291
waiting
going to web site
Hello world	Thread-489	5

time: 946686859.543065
diff: 11.456935048103333
waiting
going to web site
Hello world	Thread-526	4

time: 946686871.5350649
diff: 36.464935064315796
waiting
going to web site
Hello world	Thread-669	4

time: 946686908.542065
diff: 23.457934975624084
waiting
going to web site
Hello world	Thread-765	7

time: 946686932.538715
diff: 8.46128499507904
waiting
going to web site
Hello world	Thread-809	6

time: 946686941.546064
diff: 29.453935980796814
waiting
going to web site
Hello world	Thread-947	7

time: 946686971.5350641
diff: 28.464935898780823
waiting
going to web site
Hello world	Thread-1081	8

time: 946687000.532064
diff: 29.467936038970947
waiting
going to web site
Hello world	Thread-1220	5

time: 946687030.543065
diff: 11.456935048103333
waiting
going to web site
Hello world	Thread-1274	7

time: 946687042.541065
diff: 14.458935022354126
waiting
going to web site
Hello world	Thread-1339	5

time: 946687057.537813
diff: 27.46218705177307
waiting
going to web site
Hello world	Thread-1471	5

time: 946687085.5350649
diff: 29.464935064315796
waiting
going to web site
Hello world	Thread-1596	6

time: 946687115.544065
diff: 18.45593500137329
waiting
going to web site
Hello world	Thread-1681	5

time: 946687134.536065
diff: 25.463935017585754
waiting
going to web site
Hello world	Thread-1793	7

time: 946687160.53978
diff: 20.460219979286194
waiting
going to web site
Hello world	Thread-1869	8

time: 946687181.5350641
diff: 19.464935898780823
waiting
going to web site
Hello world	Thread-1960	3

time: 946687201.840712
diff: 19.1592880487442
waiting
going to web site
Hello world	Thread-2046	5

time: 946687221.836713
diff: 24.163287043571472
waiting
going to web site
Hello world	Thread-2149	2

time: 946687246.836713
diff: 15.163287043571472
waiting
going to web site
Hello world	Thread-2222	2

time: 946687262.836713
diff: 23.163287043571472
waiting
going to web site
Hello world	Thread-2337	7

time: 946687286.843713
diff: 26.15628695487976
waiting
going to web site
Hello world	Thread-2450	4

time: 946687313.8367119
diff: 24.163288116455078
waiting
going to web site
Hello world	Thread-2565	3

time: 946687338.836713
diff: 12.163287043571472
waiting
going to web site
Hello world	Thread-2618	3

time: 946687352.836713
diff: 41.16328704357147
waiting
going to web site
Hello world	Thread-2814	4

time: 946687394.836713
diff: 20.163287043571472
waiting
going to web site
Hello world	Thread-2902	5

time: 946687415.836713
diff: 16.163287043571472
waiting
going to web site
Hello world	Thread-2973	3

time: 946687432.836713
diff: 20.163287043571472
waiting
going to web site
Hello world	Thread-3065	2

time: 946687453.836713
diff: 23.163287043571472
waiting
going to web site
Hello world	Thread-3167	3

time: 946687477.836713
diff: 35.16328704357147
waiting
going to web site
Hello world	Thread-3323	3

time: 946687513.836713
diff: 23.163287043571472
waiting
going to web site
Hello world	Thread-3432	5

time: 946687537.836713
diff: 16.163287043571472
waiting
going to web site
Hello world	Thread-3506	2

time: 946687554.836713
diff: 17.163287043571472
waiting
going to web site
Hello world	Thread-3582	5

time: 946687572.836713
diff: 22.163287043571472
waiting
going to web site
Hello world	Thread-3677	3

time: 946687595.836713
diff: 21.163287043571472
waiting
going to web site
Hello world	Thread-3782	3

time: 946687617.839713
diff: 23.160287022590637
waiting
going to web site
Hello world	Thread-3881	3

time: 946687641.836713
diff: 17.163287043571472
waiting
going to web site
Hello world	Thread-3961	4

time: 946687659.836713
diff: 12.163287043571472
waiting
going to web site
Hello world	Thread-4014	6

time: 946687672.839713
diff: 16.160287022590637
waiting
going to web site
Hello world	Thread-4096	4

time: 946687689.839713
diff: 30.160287022590637
waiting
going to web site
Hello world	Thread-4229	3

time: 946687720.836713
diff: 28.163287043571472
waiting
going to web site
Hello world	Thread-4358	4

time: 946687749.836713
diff: 21.163287043571472
waiting
going to web site
Hello world	Thread-4453	2

time: 946687771.843713
diff: 20.15628695487976
waiting
going to web site
Hello world	Thread-4549	5

time: 946687792.8367119
diff: 13.163288116455078
waiting
going to web site
Hello world	Thread-4615	5

time: 946687806.832833
diff: 27.16716694831848
waiting
going to web site
Hello world	Thread-4739	6

time: 946687834.832832
diff: 32.16716802120209
waiting
going to web site
Hello world	Thread-4887	5

time: 946687867.832833
diff: 17.16716694831848
waiting
going to web site
Hello world	Thread-4967	2

time: 946687885.832832
diff: 13.167168021202087
waiting
going to web site
Hello world	Thread-5050	2

time: 946687902.845833
diff: 6.154167056083679
waiting
going to web site
Hello world	Thread-5095	2

time: 946687912.852833
diff: 13.147166967391968
waiting
going to web site
Hello world	Thread-5162	5

time: 946687926.832832
diff: 29.167168021202087
waiting
going to web site
Hello world	Thread-5307	5

time: 946687956.841833
diff: 33.158167004585266
waiting
going to web site
Hello world	Thread-5463	3

time: 946687990.841833
diff: 21.158167004585266
waiting
going to web site
Hello world	Thread-5582	2

time: 946688015.851833
diff: 17.14816701412201
waiting
going to web site
Hello world	Thread-5667	4

time: 946688034.841833
diff: 16.158167004585266
waiting
going to web site
Hello world	Thread-5757	2

time: 946688054.851833
diff: 35.14816701412201
waiting
going to web site
Hello world	Thread-5916	3

time: 946688090.841833
diff: 12.158167004585266
waiting
going to web site
Hello world	Thread-5963	5

time: 946688103.841833
diff: 33.158167004585266
waiting
going to web site
Hello world	Thread-6114	3

time: 946688137.832833
diff: 18.16716694831848
waiting
going to web site
Hello world	Thread-6196	3

time: 946688156.832832
diff: 27.167168021202087
waiting
going to web site
Hello world	Thread-6314	4

time: 946688184.841833
diff: 24.158167004585266
waiting
going to web site
Hello world	Thread-6425	3

time: 946688209.8423389
diff: 8.157661080360413
waiting
going to web site
Hello world	Thread-6464	5

time: 946688218.832833
diff: 26.16716694831848
waiting
going to web site
Hello world	Thread-6581	5

time: 946688245.832832
diff: 20.167168021202087
waiting
going to web site
Hello world	Thread-6677	2

time: 946688266.841833
diff: 17.158167004585266
waiting
going to web site
Hello world	Thread-6756	4

time: 946688284.841833
diff: 9.158167004585266
waiting
going to web site
Hello world	Thread-6798	2

time: 946688294.832833
diff: 31.16716694831848
waiting
going to web site
Hello world	Thread-6942	3

time: 946688326.832832
diff: 18.167168021202087
waiting
going to web site
Hello world	Thread-7026	3

time: 946688346.841833
diff: 14.158167004585266
waiting
going to web site
Hello world	Thread-7093	2

time: 946688361.841833
diff: 28.158167004585266
waiting
going to web site
Hello world	Thread-7224	2

time: 946688390.841833
diff: 19.158167004585266
waiting
going to web site
Hello world	Thread-7313	3

time: 946688410.848833
diff: 20.151167035102844
waiting
going to web site
Hello world	Thread-7408	3

time: 946688431.841833
diff: 37.158167004585266
waiting
going to web site
Hello world	Thread-7577	2

time: 946688469.832833
diff: 15.167166948318481
waiting
going to web site
Hello world	Thread-7651	4

time: 946688486.836832
diff: 33.16316795349121
waiting
going to web site
Hello world	Thread-7806	4

time: 946688520.832832
diff: 21.167168021202087
waiting
going to web site
Hello world	Thread-7895	2

time: 946688542.841833
diff: 28.158167004585266
waiting
going to web site
Hello world	Thread-8025	3

time: 946688571.832833
diff: 27.16716694831848
waiting
going to web site
Hello world	Thread-8142	4

time: 946688599.832832
diff: 13.167168021202087
waiting
going to web site
Hello world	Thread-8210	2

time: 946688613.841833
diff: 39.158167004585266
waiting
going to web site
Hello world	Thread-8383	2

time: 946688654.846833
diff: 2.1531670093536377
waiting
going to web site
Hello world	Thread-8394	2

time: 946688657.848865
diff: 33.151134967803955
waiting
going to web site
Hello world	Thread-8541	2

time: 946688691.832832
diff: 20.167168021202087
waiting
going to web site
Hello world	Thread-8620	2

time: 946688712.841833
diff: 28.158167004585266
waiting
going to web site
Hello world	Thread-8737	3

time: 946688741.841833
diff: 30.158167004585266
waiting
going to web site
Hello world	Thread-8858	3

time: 946688772.841833
diff: 7.158167004585266
waiting
going to web site
Hello world	Thread-8887	2

time: 946688780.841833
diff: 27.158167004585266
waiting
going to web site
Hello world	Thread-9003	2

time: 946688808.841833
diff: 12.158167004585266
waiting
going to web site
Hello world	Thread-9052	4

time: 946688821.832833
diff: 36.16716694831848
waiting
going to web site
Hello world	Thread-9211	2

time: 946688858.832832
diff: 16.167168021202087
waiting
going to web site
Hello world	Thread-9277	2

time: 946688875.832833
diff: 14.167166948318481
waiting
going to web site
Hello world	Thread-9351	2

time: 946688890.832832
diff: 29.167168021202087
waiting
going to web site
Hello world	Thread-9484	3

time: 946688921.850896
diff: 13.149103999137878
waiting
going to web site
Hello world	Thread-9547	4

time: 946688935.832832
diff: 19.167168021202087
waiting
going to web site
Hello world	Thread-9632	2

time: 946688955.841833
diff: 13.158167004585266
waiting
going to web site
Hello world	Thread-9702	3

time: 946688970.841833
diff: 14.158167004585266
waiting
going to web site
Hello world	Thread-9775	4

time: 946688986.841833
diff: 18.158167004585266
waiting
going to web site
Hello world	Thread-9867	2

time: 946689005.841833
diff: 35.158167004585266
waiting
going to web site
Hello world	Thread-10027	5

time: 946689041.526065
diff: 12.473935008049011
waiting
going to web site
Hello world	Thread-10080	5

time: 946689054.526065
diff: 27.47393500804901
waiting
going to web site
Hello world	Thread-10222	5

time: 946689082.526065
diff: 26.47393500804901
waiting
going to web site
Hello world	Thread-10338	6

time: 946689109.544065
diff: 11.455935001373291
waiting
going to web site
Hello world	Thread-10395	5

time: 946689121.5350649
diff: 27.464935064315796
waiting
going to web site
Hello world	Thread-10532	4

time: 946689149.5350649
diff: 11.464935064315796
waiting
going to web site
Hello world	Thread-10582	6

time: 946689161.542065
diff: 17.457934975624084
waiting
going to web site
Hello world	Thread-10670	7

time: 946689179.5350641
diff: 22.464935898780823
waiting
going to web site
Hello world	Thread-10788	4

time: 946689202.5350641
diff: 20.464935898780823
waiting
going to web site
Hello world	Thread-10885	4

time: 946689223.5290639
diff: 27.470936059951782
waiting
going to web site
Hello world	Thread-11019	4

time: 946689251.5350649
diff: 23.464935064315796
waiting
going to web site
Hello world	Thread-11129	3

time: 946689275.544065
diff: 25.45593500137329
waiting
going to web site
Hello world	Thread-11259	5

time: 946689301.526065
diff: 11.473935008049011
waiting
going to web site
Hello world	Thread-11314	7

time: 946689313.526065
diff: 25.47393500804901
waiting
going to web site
Hello world	Thread-11440	4

time: 946689339.526065
diff: 6.473935008049011
waiting
going to web site
Hello world	Thread-11469	6

time: 946689346.526065
diff: 27.47393500804901
waiting
going to web site
Hello world	Thread-11603	6

time: 946689374.5350649
diff: 31.464935064315796
waiting
going to web site
Hello world	Thread-11746	4

time: 946689406.544065
diff: 31.45593500137329
waiting
going to web site
Hello world	Thread-11891	4

time: 946689438.5350649
diff: 21.464935064315796
waiting
going to web site
Hello world	Thread-11990	5

time: 946689460.544065
diff: 15.455935001373291
waiting
going to web site
Hello world	Thread-12069	5

time: 946689476.5448971
diff: 25.455102920532227
waiting
going to web site
Hello world	Thread-12183	5

time: 946689502.526064
diff: 14.473935961723328
waiting
going to web site
Hello world	Thread-12246	7

time: 946689517.5350641
diff: 20.464935898780823
waiting
going to web site
Hello world	Thread-12346	5

time: 946689538.534624
diff: 13.465376019477844
waiting
going to web site
Hello world	Thread-12411	5

time: 946689552.542065
diff: 25.457934975624084
waiting
going to web site
Hello world	Thread-12524	6

time: 946689578.5350641
diff: 24.464935898780823
waiting
going to web site
Hello world	Thread-12639	7

time: 946689603.5350641
diff: 27.464935898780823
waiting
going to web site
Hello world	Thread-12766	7

time: 946689631.5345191
diff: 9.465480923652649
waiting
going to web site
Hello world	Thread-12817	2

time: 946689641.8367119
diff: 15.163288116455078
waiting
going to web site
Hello world	Thread-12894	3

time: 946689658.845713
diff: 26.154286980628967
waiting
going to web site
Hello world	Thread-13030	5

time: 946689685.8367119
diff: 13.163288116455078
waiting
going to web site
Hello world	Thread-13088	6

time: 946689699.843713
diff: 34.15628695487976
waiting
going to web site
Hello world	Thread-13242	5

time: 946689734.839712
diff: 11.160287976264954
waiting
going to web site
Hello world	Thread-13300	2

time: 946689746.8367119
diff: 22.163288116455078
waiting
going to web site
Hello world	Thread-13405	5

time: 946689769.836713
diff: 30.163287043571472
waiting
going to web site
Hello world	Thread-13544	2

time: 946689800.836713
diff: 15.163287043571472
waiting
going to web site
Hello world	Thread-13622	4

time: 946689816.8417131
diff: 29.158286929130554
waiting
going to web site
Hello world	Thread-13758	6

time: 946689846.8367119
diff: 17.163288116455078
waiting
going to web site
Hello world	Thread-13845	3

time: 946689864.836713
diff: 27.163287043571472
waiting
going to web site
Hello world	Thread-13974	3

time: 946689892.836713
diff: 26.163287043571472
waiting
going to web site
Hello world	Thread-14085	5

time: 946689919.836713
diff: 26.163287043571472
waiting
going to web site
Hello world	Thread-14212	4

time: 946689946.836713
diff: 22.163287043571472
waiting
going to web site
Hello world	Thread-14305	5

time: 946689969.839713
diff: 10.160287022590637
waiting
going to web site
Hello world	Thread-14348	5

time: 946689980.839713
diff: 26.160287022590637
waiting
going to web site
Hello world	Thread-14479	2

time: 946690007.836713
diff: 17.163287043571472
waiting
going to web site
Hello world	Thread-14555	4

time: 946690025.836713
diff: 30.163287043571472
waiting
going to web site
Hello world	Thread-14681	2

time: 946690056.836713
diff: 27.163287043571472
waiting
going to web site
Hello world	Thread-14809	2

time: 946690085.845713
diff: 24.154286980628967
waiting
going to web site
Hello world	Thread-14919	2

time: 946690110.8367119
diff: 10.163288116455078
waiting
going to web site
Hello world	Thread-14958	6

time: 946690121.836713
diff: 28.163287043571472
waiting
going to web site
Hello world	Thread-15082	4

time: 946690150.836713
diff: 27.163287043571472
waiting
going to web site
Hello world	Thread-15201	2

time: 946690178.836713
diff: 21.163287043571472
waiting
going to web site
Hello world	Thread-15293	3

time: 946690200.836713
diff: 23.163287043571472
waiting
going to web site
Hello world	Thread-15404	4

time: 946690225.836713
diff: 9.163287043571472
waiting
going to web site
Hello world	Thread-15448	5

time: 946690235.836713
diff: 29.163287043571472
waiting
going to web site
Hello world	Thread-15578	4

time: 946690265.849833
diff: 21.150166988372803
waiting
going to web site
Hello world	Thread-15674	6

time: 946690287.832832
diff: 30.167168021202087
waiting
going to web site
Hello world	Thread-15815	3

time: 946690318.850788
diff: 13.149212002754211
waiting
going to web site
Hello world	Thread-15865	4

time: 946690332.832833
diff: 30.16716694831848
waiting
going to web site
Hello world	Thread-16000	3

time: 946690363.832832
diff: 24.167168021202087
waiting
going to web site
Hello world	Thread-16111	2

time: 946690388.845833
diff: 18.15416705608368
waiting
going to web site
Hello world	Thread-16197	3

time: 946690407.841833
diff: 19.158167004585266
waiting
going to web site
Hello world	Thread-16277	3

time: 946690427.841833
diff: 13.158167004585266
waiting
going to web site
Hello world	Thread-16339	2

time: 946690441.848833
diff: 34.151167035102844
waiting
going to web site
Hello world	Thread-16492	4

time: 946690476.841833
diff: 7.158167004585266
waiting
going to web site
Hello world	Thread-16528	4

time: 946690484.832833
diff: 29.16716694831848
waiting
going to web site
Hello world	Thread-16662	3

time: 946690514.832832
diff: 18.167168021202087
waiting
going to web site
Hello world	Thread-16743	4

time: 946690533.841833
diff: 33.158167004585266
waiting
going to web site
Hello world	Thread-16895	3

time: 946690567.841833
diff: 18.158167004585266
waiting
going to web site
Hello world	Thread-16972	3

time: 946690586.841833
diff: 24.158167004585266
waiting
going to web site
Hello world	Thread-17082	2

time: 946690612.850833
diff: 23.14916694164276
waiting
going to web site
Hello world	Thread-17185	7

time: 946690636.832832
diff: 22.167168021202087
waiting
going to web site
Hello world	Thread-17282	4

time: 946690659.846841
diff: 29.153159022331238
waiting
going to web site
Hello world	Thread-17416	5

time: 946690690.841833
diff: 18.158167004585266
waiting
going to web site
Hello world	Thread-17500	2

time: 946690709.841833
diff: 22.158167004585266
waiting
going to web site
Hello world	Thread-17636	2

time: 946690739.851833
diff: 22.14816701412201
waiting
going to web site
Hello world	Thread-17727	2

time: 946690762.832833
diff: 17.16716694831848
waiting
going to web site
Hello world	Thread-17810	5

time: 946690780.832832
diff: 23.167168021202087
waiting
going to web site
Hello world	Thread-17911	3

time: 946690804.832833
diff: 19.16716694831848
waiting
going to web site
Hello world	Thread-17997	4

time: 946690824.832832
diff: 34.16716802120209
waiting
going to web site
Hello world	Thread-18139	3

time: 946690859.841833
diff: 5.158167004585266
waiting
going to web site
Hello world	Thread-18170	3

time: 946690865.841833
diff: 30.158167004585266
waiting
going to web site
Hello world	Thread-18303	2

time: 946690896.841833
diff: 11.158167004585266
waiting
going to web site
Hello world	Thread-18355	3

time: 946690908.841833
diff: 35.158167004585266
waiting
going to web site
Hello world	Thread-18506	2

time: 946690945.841833
diff: 20.158167004585266
waiting
going to web site
Hello world	Thread-18599	2

time: 946690966.845833
diff: 21.15416705608368
waiting
going to web site
Hello world	Thread-18697	2

time: 946690988.841833
diff: 12.158167004585266
waiting
going to web site
Hello world	Thread-18752	2

time: 946691001.841833
diff: 31.158167004585266
waiting
going to web site
Hello world	Thread-18894	3

time: 946691033.841833
diff: 16.158167004585266
waiting
going to web site
Hello world	Thread-18969	2

time: 946691050.842665
diff: 16.15733504295349
waiting
going to web site
Hello world	Thread-19044	2

time: 946691067.832833
diff: 5.1671669483184814
waiting
going to web site
Hello world	Thread-19064	6

time: 946691073.832832
diff: 41.16716802120209
waiting
going to web site
Hello world	Thread-19255	2

time: 946691115.841833
diff: 25.158167004585266
waiting
going to web site
Hello world	Thread-19371	3

time: 946691141.841833
diff: 8.158167004585266
waiting
going to web site
Hello world	Thread-19414	2

time: 946691150.841833
diff: 40.158167004585266
waiting
going to web site
Hello world	Thread-19594	3

time: 946691191.841833
diff: 4.158167004585266
waiting
going to web site
Hello world	Thread-19621	2

time: 946691196.841833
diff: 16.158167004585266
waiting
going to web site
Hello world	Thread-19693	2

time: 946691213.841833
diff: 16.158167004585266
waiting
going to web site
Hello world	Thread-19776	2

time: 946691230.852481
diff: 30.14751899242401
waiting
going to web site
Hello world	Thread-19919	2

time: 946691261.832832
diff: 10.167168021202087
waiting
going to web site
Hello world	Thread-19972	2

time: 946691272.841833
diff: 17.158167004585266
waiting
going to web site
Hello world	Thread-20056	2

time: 946691290.841833
diff: 32.158167004585266
waiting
going to web site
Hello world	Thread-20207	3

time: 946691323.841833
diff: 25.158167004585266
waiting
going to web site
Hello world	Thread-20328	4

time: 946691349.836833
diff: 19.163166999816895
waiting
going to web site
Hello world	Thread-20422	4

time: 946691369.832832
diff: 16.167168021202087
waiting
going to web site
Hello world	Thread-20516	3

time: 946691386.832833
diff: 12.167166948318481
waiting
going to web site
Hello world	Thread-20584	4

time: 946691399.832832
diff: 26.167168021202087
waiting
going to web site
Hello world	Thread-20705	5

time: 946691426.832833
diff: 16.16716694831848
waiting
going to web site
Hello world	Thread-20794	3

time: 946691444.841833
diff: 28.158167004585266
waiting
going to web site
Hello world	Thread-20924	3

time: 946691473.832833
diff: 15.167166948318481
waiting
going to web site
Hello world	Thread-21007	3

time: 946691489.832832
diff: 32.16716802120209
waiting
going to web site
Hello world	Thread-21165	2

time: 946691523.841833
diff: 20.158167004585266
waiting
going to web site
Hello world	Thread-21266	2

time: 946691545.8478329
diff: 23.152167081832886
waiting
going to web site
Hello world	Thread-21373	2

time: 946691569.841833
diff: 24.158167004585266
waiting
going to web site
Hello world	Thread-21491	2

time: 946691594.841833
diff: 15.158167004585266
waiting
going to web site
Hello world	Thread-21562	3

time: 946691610.841833
diff: 17.158167004585266
waiting
going to web site
Hello world	Thread-21651	2

time: 946691629.841833
diff: 33.158167004585266
waiting
going to web site
Hello world	Thread-21795	2

time: 946691663.832833
diff: 23.16716694831848
waiting
going to web site
Hello world	Thread-21897	5

time: 946691687.832832
diff: 10.167168021202087
waiting
going to web site
Hello world	Thread-21952	2

time: 946691699.851833
diff: 23.14816701412201
waiting
going to web site
Hello world	Thread-22065	2

time: 946691723.841833
diff: 31.158167004585266
waiting
going to web site
Hello world	Thread-22200	4

time: 946691755.841833
diff: 20.158167004585266
waiting
going to web site
Hello world	Thread-22292	2

time: 946691776.841833
diff: 17.158167004585266
waiting
going to web site
Hello world	Thread-22374	2

time: 946691794.841833
diff: 26.158167004585266
waiting
going to web site
Hello world	Thread-22491	2

time: 946691821.832833
diff: 19.16716694831848
waiting
going to web site
Hello world	Thread-22574	2

time: 946691841.842832
diff: 23.15716803073883
waiting
going to web site
Hello world	Thread-22678	3

time: 946691865.841833
diff: 4.158167004585266
waiting
going to web site
Hello world	Thread-22702	5

time: 946691870.841833
diff: 40.158167004585266
waiting
going to web site
Hello world	Thread-22883	3

time: 946691911.841833
diff: 2.158167004585266
waiting
going to web site
Hello world	Thread-22906	2

time: 946691915.85948
diff: 30.140519976615906
waiting
going to web site
Hello world	Thread-23042	5

time: 946691946.836832
diff: 18.16316795349121
waiting
going to web site
Hello world	Thread-23134	3

time: 946691965.832832
diff: 4.167168021202087
waiting
going to web site
Hello world	Thread-23157	2

time: 946691970.8588331
diff: 17.141166925430298
waiting
going to web site
Hello world	Thread-23242	4

time: 946691988.832832
diff: 27.167168021202087
waiting
going to web site
Hello world	Thread-23375	2

time: 946692016.832833
diff: 15.167166948318481
waiting
going to web site
Hello world	Thread-23450	4

time: 946692032.832832
diff: 13.167168021202087
waiting
going to web site
Hello world	Thread-23516	3

time: 946692046.832833
diff: 28.16716694831848
waiting
going to web site
Hello world	Thread-23657	7

time: 946692075.535417
diff: 31.464583039283752
waiting
going to web site
Hello world	Thread-23803	4

time: 946692107.526065
diff: 21.47393500804901
waiting
going to web site
Hello world	Thread-23917	3

time: 946692129.544065
diff: 31.45593500137329
waiting
going to web site
Hello world	Thread-24062	4

time: 946692161.544065
diff: 26.45593500137329
waiting
going to web site
Hello world	Thread-24186	5

time: 946692188.544101
diff: 11.455899000167847
waiting
going to web site
Hello world	Thread-24235	7

time: 946692200.542065
diff: 33.457934975624084
waiting
going to web site
Hello world	Thread-24389	6

time: 946692234.5350641
diff: 18.464935898780823
waiting
going to web site
Hello world	Thread-24478	7

time: 946692253.531064
diff: 22.4689359664917
waiting
going to web site
Hello world	Thread-24584	6

time: 946692276.526064
diff: 37.47393596172333
waiting
going to web site
Hello world	Thread-24752	7

time: 946692314.526064
diff: 11.473935961723328
waiting
going to web site
Hello world	Thread-24809	5

time: 946692326.535357
diff: 18.464643001556396
waiting
going to web site
Hello world	Thread-24889	5

time: 946692345.533065
diff: 23.46693503856659
waiting
going to web site
Hello world	Thread-24990	5

time: 946692369.544065
diff: 31.45593500137329
waiting
going to web site
Hello world	Thread-25128	5

time: 946692401.526065
diff: 7.473935008049011
waiting
going to web site
Hello world	Thread-25158	3

time: 946692409.544065
diff: 38.45593500137329
waiting
going to web site
Hello world	Thread-25326	4

time: 946692448.544065
diff: 19.45593500137329
waiting
going to web site
Hello world	Thread-25404	6

time: 946692468.544065
diff: 19.45593500137329
waiting
going to web site
Hello world	Thread-25492	4

time: 946692488.5440971
diff: 21.455902934074402
waiting
going to web site
Hello world	Thread-25581	7

time: 946692510.5350641
diff: 35.46493589878082
waiting
going to web site
Hello world	Thread-25736	7

time: 946692546.526064
diff: 16.473935961723328
waiting
going to web site
Hello world	Thread-25806	3

time: 946692563.5350641
diff: 11.464935898780823
waiting
going to web site
Hello world	Thread-25858	6

time: 946692575.5350641
diff: 27.464935898780823
waiting
going to web site
Hello world	Thread-25976	4

