time: 946686600.0
diff: 0.0
going to web site
Hello world	Thread-73	8

time: 946686720.8389151
diff: -60.8389151096344
going to web site
Hello world	Thread-77	10

time: 946686721.487823
diff: 58.51217699050903
waiting
going to web site
Hello world	Thread-134	7

time: 946686787.656908
diff: 52.34309196472168
waiting
going to web site
Hello world	Thread-144	7

time: 946686840.646908
diff: 59.35309195518494
waiting
going to web site
Hello world	Thread-180	7

time: 946686901.659836
diff: 59.34016394615173
waiting
going to web site
Hello world	Thread-220	6

time: 946686962.656908
diff: 58.34309196472168
waiting
going to web site
Hello world	Thread-248	9

time: 946687021.646908
diff: 59.35309195518494
waiting
going to web site
Hello world	Thread-289	5

time: 946687084.656908
diff: 56.34309196472168
waiting
going to web site
Hello world	Thread-312	6

time: 946687141.646908
diff: 119.35309195518494
waiting
going to web site
Hello world	Thread-388	6

time: 946687264.656908
diff: 116.34309196472168
waiting
going to web site
Hello world	Thread-465	4

time: 946687396.849684
diff: 105.15031599998474
waiting
going to web site
Hello world	Thread-528	4

time: 946687505.849684
diff: 116.15031599998474
waiting
going to web site
Hello world	Thread-598	3

time: 946687637.849684
diff: 44.15031599998474
waiting
going to web site
Hello world	Thread-632	2

time: 946687697.8496841
diff: 104.15031588077545
waiting
going to web site
Hello world	Thread-697	2

time: 946687833.8586841
diff: 28.141315937042236
waiting
going to web site
Hello world	Thread-730	4

time: 946687877.8496841
diff: 104.15031588077545
waiting
going to web site
Hello world	Thread-771	5

time: 946687982.655909
diff: 120.3440910577774
waiting
going to web site
Hello world	Thread-848	7

time: 946688106.656908
diff: 56.34309196472168
waiting
going to web site
Hello world	Thread-868	7

time: 946688163.646908
diff: 119.35309195518494
waiting
going to web site
Hello world	Thread-952	5

time: 946688290.667908
diff: 52.33209204673767
waiting
going to web site
Hello world	Thread-981	3

