time: 946686600.0
diff: 0.0
going to web site
Hello world	Thread-63	8

time: 946686720.765573
diff: -60.765573024749756
going to web site
Hello world	Thread-70	7

time: 946686721.355229
diff: 58.64477097988129
waiting
going to web site
Hello world	Thread-221	6

time: 946686795.590656
diff: 104.409343957901
waiting
going to web site
Hello world	Thread-339	4

time: 946686900.580656
diff: 120.41934394836426
waiting
going to web site
Hello world	Thread-515	5

time: 946687028.590656
diff: 52.409343957901
waiting
going to web site
Hello world	Thread-558	2

time: 946687084.580656
diff: 116.41934394836426
waiting
going to web site
Hello world	Thread-790	6

time: 946687321.8696921
diff: -60.86969208717346
going to web site
Hello world	Thread-796	12

time: 946687322.459348
diff: 58.54065203666687
waiting
going to web site
Hello world	Thread-893	2

time: 946687384.590656
diff: 56.409343957901
waiting
going to web site
Hello world	Thread-966	3

time: 946687444.580656
diff: 57.41934394836426
waiting
going to web site
Hello world	Thread-1135	7

time: 946687622.888795
diff: -0.888795018196106
going to web site
Hello world	Thread-1141	10

time: 946687623.469451
diff: 58.53054904937744
waiting
going to web site
Hello world	Thread-1329	2

time: 946687802.9463979
diff: -0.9463979005813599
going to web site
Hello world	Thread-1335	7

time: 946687803.542244
diff: 118.45775604248047
waiting
going to web site
Hello world	Thread-1522	4

time: 946687937.590656
diff: 44.409343957901
waiting
going to web site
Hello world	Thread-1549	6

time: 946687983.5890521
diff: 119.4109479188919
waiting
going to web site
Hello world	Thread-1726	2

time: 946688118.590656
diff: 44.409343957901
waiting
going to web site
Hello world	Thread-1776	7

time: 946688170.580656
diff: 52.41934394836426
waiting
going to web site
Hello world	Thread-1935	7

time: 946688344.983656
diff: -1.9836560487747192
going to web site
Hello world	Thread-1945	7

