time: 946686600.0
diff: 135.0
waiting
going to web site
Hello world	Thread-142	3

time: 946686735.832832
diff: 0.1671680212020874
waiting
going to web site
Hello world	Thread-791	4

time: 946686736.844833
diff: -0.8448330163955688
going to web site
Hello world	Thread-796	5

time: 946686737.677665
diff: -1.6776649951934814
going to web site
Hello world	Thread-801	5

time: 946686738.525497
diff: -2.5254969596862793
going to web site
Hello world	Thread-806	6

time: 946686739.362329
diff: -3.3623290061950684
going to web site
Hello world	Thread-815	3

time: 946686740.195161
diff: -4.195160984992981
going to web site
Hello world	Thread-820	3

time: 946686741.035993
diff: -5.035992980003357
going to web site
Hello world	Thread-828	3

time: 946686741.8708249
diff: -4.870824933052063
going to web site
Hello world	Thread-833	3

time: 946686742.7046571
diff: -5.704657077789307
going to web site
Hello world	Thread-838	4

time: 946686743.5454891
diff: -6.545489072799683
going to web site
Hello world	Thread-843	2

time: 946686744.381321
diff: -7.381320953369141
going to web site
Hello world	Thread-848	3

time: 946686745.219153
diff: -8.219153046607971
going to web site
Hello world	Thread-852	2

time: 946686746.051985
diff: -7.051985025405884
going to web site
Hello world	Thread-165	2

time: 946686746.909951
diff: 27.090049028396606
waiting
going to web site
Hello world	Thread-235	2

time: 946686774.842833
diff: 15.157166957855225
waiting
going to web site
Hello world	Thread-272	3

time: 946686790.843451
diff: 12.156548976898193
waiting
going to web site
Hello world	Thread-316	2

time: 946686803.844833
diff: 26.15516698360443
waiting
going to web site
Hello world	Thread-394	3

time: 946686830.841833
diff: 1.1581670045852661
waiting
going to web site
Hello world	Thread-404	2

time: 946686832.841833
diff: 22.158167004585266
waiting
going to web site
Hello world	Thread-482	3

time: 946686855.841833
diff: 18.158167004585266
waiting
going to web site
Hello world	Thread-538	2

time: 946686874.841833
diff: 14.158167004585266
waiting
going to web site
Hello world	Thread-595	3

time: 946686889.8558329
diff: 27.144167065620422
waiting
going to web site
Hello world	Thread-710	3

time: 946686917.8493091
diff: 11.150690913200378
waiting
going to web site
Hello world	Thread-749	2

time: 946686929.832832
diff: 29.167168021202087
waiting
going to web site
Hello world	Thread-897	3

time: 946686959.841833
diff: 32.158167004585266
waiting
going to web site
Hello world	Thread-1045	3

time: 946686992.8398329
diff: 24.16016709804535
waiting
going to web site
Hello world	Thread-1164	3

time: 946687017.845833
diff: 16.15416705608368
waiting
going to web site
Hello world	Thread-1239	3

time: 946687034.841833
diff: 27.158167004585266
waiting
going to web site
Hello world	Thread-1369	2

time: 946687062.841833
diff: 22.158167004585266
waiting
going to web site
Hello world	Thread-1486	4

time: 946687088.871772
diff: 19.128227949142456
waiting
going to web site
Hello world	Thread-1573	3

time: 946687108.832832
diff: 36.16716802120209
waiting
going to web site
Hello world	Thread-1728	4

time: 946687145.845833
diff: 12.15416705608368
waiting
going to web site
Hello world	Thread-1784	2

time: 946687158.841833
diff: 20.158167004585266
waiting
going to web site
Hello world	Thread-1862	3

time: 946687179.8494799
diff: 24.150520086288452
waiting
going to web site
Hello world	Thread-1973	2

time: 946687204.860833
diff: 18.139166951179504
waiting
going to web site
Hello world	Thread-2058	5

time: 946687223.832832
diff: 27.167168021202087
waiting
going to web site
Hello world	Thread-2168	6

time: 946687251.8398329
diff: 29.16016709804535
waiting
going to web site
Hello world	Thread-2317	4

time: 946687282.860833
diff: 22.139166951179504
waiting
going to web site
Hello world	Thread-2417	6

time: 946687305.8418319
diff: 9.158168077468872
waiting
going to web site
Hello world	Thread-2462	4

time: 946687315.84848
diff: 24.151520013809204
waiting
going to web site
Hello world	Thread-2568	4

time: 946687340.832833
diff: 24.16716694831848
waiting
going to web site
Hello world	Thread-2675	3

time: 946687365.832832
diff: 3.1671680212020874
waiting
going to web site
Hello world	Thread-2695	5

time: 946687369.832833
diff: 29.16716694831848
waiting
going to web site
Hello world	Thread-2829	3

time: 946687399.836832
diff: 17.16316795349121
waiting
going to web site
Hello world	Thread-2910	6

time: 946687417.832832
diff: 22.167168021202087
waiting
going to web site
Hello world	Thread-3003	3

time: 946687440.841833
diff: 23.158167004585266
waiting
going to web site
Hello world	Thread-3114	2

time: 946687464.841833
diff: 37.158167004585266
waiting
going to web site
Hello world	Thread-3285	3

time: 946687503.832833
diff: 12.167166948318481
waiting
going to web site
Hello world	Thread-3337	4

time: 946687516.832832
diff: 26.167168021202087
waiting
going to web site
Hello world	Thread-3460	2

time: 946687544.841833
diff: 16.158167004585266
waiting
going to web site
Hello world	Thread-3534	2

time: 946687561.8588331
diff: 40.1411669254303
waiting
going to web site
Hello world	Thread-3709	6

time: 946687602.836832
diff: 10.163167953491211
waiting
going to web site
Hello world	Thread-3761	5

time: 946687613.832832
diff: 28.167168021202087
waiting
going to web site
Hello world	Thread-3885	3

time: 946687642.841833
diff: 18.158167004585266
waiting
going to web site
Hello world	Thread-3973	3

time: 946687661.841833
diff: 21.158167004585266
waiting
going to web site
Hello world	Thread-4069	3

time: 946687684.841833
diff: 14.158167004585266
waiting
going to web site
Hello world	Thread-4142	3

time: 946687699.841833
diff: 27.158167004585266
waiting
going to web site
Hello world	Thread-4268	3

time: 946687728.851833
diff: 16.14816701412201
waiting
going to web site
Hello world	Thread-4346	3

time: 946687746.845833
diff: 26.15416705608368
waiting
going to web site
Hello world	Thread-4474	4

time: 946687774.841833
diff: 18.158167004585266
waiting
going to web site
Hello world	Thread-4555	2

time: 946687793.842833
diff: 14.157166957855225
waiting
going to web site
Hello world	Thread-4625	2

time: 946687808.832832
diff: 23.167168021202087
waiting
going to web site
Hello world	Thread-4735	2

time: 946687832.861481
diff: 14.138519048690796
waiting
going to web site
Hello world	Thread-4806	4

time: 946687848.841833
diff: 26.158167004585266
waiting
going to web site
Hello world	Thread-4921	4

time: 946687875.841833
diff: 27.158167004585266
waiting
going to web site
Hello world	Thread-5059	5

time: 946687904.841833
diff: 23.158167004585266
waiting
going to web site
Hello world	Thread-5175	4

time: 946687928.841833
diff: 21.158167004585266
waiting
going to web site
Hello world	Thread-5285	3

time: 946687951.841833
diff: 29.158167004585266
waiting
going to web site
Hello world	Thread-5423	2

time: 946687981.841833
diff: 0.1581670045852661
waiting
going to web site
Hello world	Thread-5429	2

time: 946687982.845833
diff: 29.15416705608368
waiting
going to web site
Hello world	Thread-5583	3

time: 946688015.851833
diff: 9.14816701412201
waiting
going to web site
Hello world	Thread-5619	6

time: 946688025.832833
diff: 12.167166948318481
waiting
going to web site
Hello world	Thread-5684	3

time: 946688038.832832
diff: 29.167168021202087
waiting
going to web site
Hello world	Thread-5820	2

time: 946688069.841833
diff: 25.158167004585266
waiting
going to web site
Hello world	Thread-5935	5

time: 946688095.832833
diff: 23.16716694831848
waiting
going to web site
Hello world	Thread-6033	3

time: 946688119.832832
diff: 22.167168021202087
waiting
going to web site
Hello world	Thread-6133	3

time: 946688142.841833
diff: 14.158167004585266
waiting
going to web site
Hello world	Thread-6201	2

time: 946688157.851833
diff: 35.14816701412201
waiting
going to web site
Hello world	Thread-6349	4

time: 946688193.832833
diff: 22.16716694831848
waiting
going to web site
Hello world	Thread-6454	3

time: 946688216.832832
diff: 22.167168021202087
waiting
going to web site
Hello world	Thread-6556	4

time: 946688239.841833
diff: 36.158167004585266
waiting
going to web site
Hello world	Thread-6720	3

time: 946688277.841833
diff: 18.158167004585266
waiting
going to web site
Hello world	Thread-6804	2

time: 946688296.841833
diff: 18.158167004585266
waiting
going to web site
Hello world	Thread-6896	4

time: 946688315.841833
diff: 28.158167004585266
waiting
going to web site
Hello world	Thread-7019	3

time: 946688345.841833
diff: 23.158167004585266
waiting
going to web site
Hello world	Thread-7125	3

time: 946688369.841833
diff: 11.158167004585266
waiting
going to web site
Hello world	Thread-7183	2

time: 946688381.832833
diff: 12.167166948318481
waiting
going to web site
Hello world	Thread-7241	4

time: 946688394.832832
diff: 20.167168021202087
waiting
going to web site
Hello world	Thread-7334	3

time: 946688415.832833
diff: 23.16716694831848
waiting
going to web site
Hello world	Thread-7442	6

time: 946688439.832832
diff: 30.167168021202087
waiting
going to web site
Hello world	Thread-7580	6

time: 946688470.841833
diff: 12.158167004585266
waiting
going to web site
Hello world	Thread-7638	2

time: 946688483.859933
diff: 4.140066981315613
waiting
going to web site
Hello world	Thread-7659	2

time: 946688488.836832
diff: 26.16316795349121
waiting
going to web site
Hello world	Thread-7778	5

time: 946688515.832832
diff: 36.16716802120209
waiting
going to web site
Hello world	Thread-7935	4

time: 946688552.841833
diff: 21.158167004585266
waiting
going to web site
Hello world	Thread-8044	2

time: 946688575.841833
diff: 34.158167004585266
waiting
going to web site
Hello world	Thread-8196	2

time: 946688610.841833
diff: 15.158167004585266
waiting
going to web site
Hello world	Thread-8260	4

time: 946688626.841833
diff: 31.158167004585266
waiting
going to web site
Hello world	Thread-8400	2

time: 946688658.845833
diff: 29.15416705608368
waiting
going to web site
Hello world	Thread-8526	2

time: 946688688.851833
diff: 27.14816701412201
waiting
going to web site
Hello world	Thread-8636	2

time: 946688716.841833
diff: 18.158167004585266
waiting
going to web site
Hello world	Thread-8715	3

time: 946688735.841833
diff: 24.158167004585266
waiting
going to web site
Hello world	Thread-8813	2

time: 946688760.841833
diff: 7.158167004585266
waiting
going to web site
Hello world	Thread-8841	2

time: 946688768.841833
diff: 29.158167004585266
waiting
going to web site
Hello world	Thread-8961	2

time: 946688798.841833
diff: 34.158167004585266
waiting
going to web site
Hello world	Thread-9107	2

time: 946688833.841833
diff: 22.158167004585266
waiting
going to web site
Hello world	Thread-9203	3

time: 946688856.832833
diff: 27.16716694831848
waiting
going to web site
Hello world	Thread-9317	5

time: 946688884.8398321
diff: 10.160167932510376
waiting
going to web site
Hello world	Thread-9376	4

time: 946688895.832832
diff: 15.167168021202087
waiting
going to web site
Hello world	Thread-9436	2

time: 946688911.841833
diff: 21.158167004585266
waiting
going to web site
Hello world	Thread-9543	2

time: 946688934.841833
diff: 31.158167004585266
waiting
going to web site
Hello world	Thread-9716	3

time: 946688973.845833
diff: 7.154167056083679
waiting
going to web site
Hello world	Thread-9748	2

time: 946688981.841833
diff: 15.158167004585266
waiting
going to web site
Hello world	Thread-9825	3

time: 946688997.841833
diff: 29.158167004585266
waiting
going to web site
Hello world	Thread-9967	2

time: 946689027.841833
diff: 24.158167004585266
waiting
going to web site
Hello world	Thread-10074	2

time: 946689052.841833
diff: 6.158167004585266
waiting
going to web site
Hello world	Thread-10111	2

time: 946689060.841833
diff: 25.158167004585266
waiting
going to web site
Hello world	Thread-10243	2

time: 946689086.841833
diff: 16.158167004585266
waiting
going to web site
Hello world	Thread-10313	2

time: 946689103.841833
diff: 24.158167004585266
waiting
going to web site
Hello world	Thread-10439	3

time: 946689129.841833
diff: 12.158167004585266
waiting
going to web site
Hello world	Thread-10501	2

time: 946689142.8588331
diff: 21.141166925430298
waiting
going to web site
Hello world	Thread-10599	7

time: 946689164.5350641
diff: 26.464935898780823
waiting
going to web site
Hello world	Thread-10735	7

time: 946689191.5350641
diff: 31.464935898780823
waiting
going to web site
Hello world	Thread-10888	7

time: 946689223.5290639
diff: 14.470936059951782
waiting
going to web site
Hello world	Thread-10955	4

time: 946689238.5350649
diff: 13.464935064315796
waiting
going to web site
Hello world	Thread-11025	4

time: 946689252.535473
diff: 25.464527010917664
waiting
going to web site
Hello world	Thread-11145	4

time: 946689278.544065
diff: 21.45593500137329
waiting
going to web site
Hello world	Thread-11253	6

time: 946689300.540065
diff: 16.459934949874878
waiting
going to web site
Hello world	Thread-11331	7

time: 946689317.526064
diff: 12.473935961723328
waiting
going to web site
Hello world	Thread-11389	7

time: 946689330.526064
diff: 24.473935961723328
waiting
going to web site
Hello world	Thread-11511	7

time: 946689355.5350641
diff: 32.46493589878082
waiting
going to web site
Hello world	Thread-11667	7

time: 946689388.5350641
diff: 26.464935898780823
waiting
going to web site
Hello world	Thread-11781	7

time: 946689415.5350641
diff: 18.464935898780823
waiting
going to web site
Hello world	Thread-11877	7

time: 946689434.5350641
diff: 16.464935898780823
waiting
going to web site
Hello world	Thread-11947	5

time: 946689451.526064
diff: 8.473935961723328
waiting
going to web site
Hello world	Thread-11989	6

time: 946689460.5350641
diff: 25.464935898780823
waiting
going to web site
Hello world	Thread-12116	5

time: 946689486.5350641
diff: 19.464935898780823
waiting
going to web site
Hello world	Thread-12199	3

time: 946689506.5350641
diff: 29.464935898780823
waiting
going to web site
Hello world	Thread-12334	7

time: 946689536.534624
diff: 26.465376019477844
waiting
going to web site
Hello world	Thread-12465	4

time: 946689563.540065
diff: 34.45993494987488
waiting
going to web site
Hello world	Thread-12619	5

time: 946689598.5350641
diff: 16.464935898780823
waiting
going to web site
Hello world	Thread-12687	7

time: 946689615.5350641
diff: 21.464935898780823
waiting
going to web site
Hello world	Thread-12796	5

time: 946689637.5350641
diff: 3.4649358987808228
waiting
going to web site
Hello world	Thread-12814	5

time: 946689641.526064
diff: 29.473935961723328
waiting
going to web site
Hello world	Thread-12950	7

time: 946689671.5350641
diff: 30.464935898780823
waiting
going to web site
Hello world	Thread-13102	5

time: 946689702.5350641
diff: 9.464935898780823
waiting
going to web site
Hello world	Thread-13142	7

time: 946689712.526064
diff: 24.473935961723328
waiting
going to web site
Hello world	Thread-13252	5

time: 946689737.5350641
diff: 8.464935898780823
waiting
going to web site
Hello world	Thread-13295	7

time: 946689746.526064
diff: 18.473935961723328
waiting
going to web site
Hello world	Thread-13388	3

time: 946689765.832832
diff: 23.167168021202087
waiting
going to web site
Hello world	Thread-13492	5

time: 946689789.832833
diff: 21.16716694831848
waiting
going to web site
Hello world	Thread-13592	5

time: 946689811.832832
diff: 22.167168021202087
waiting
going to web site
Hello world	Thread-13705	5

time: 946689835.841833
diff: 26.158167004585266
waiting
going to web site
Hello world	Thread-13836	4

time: 946689862.832833
diff: 30.16716694831848
waiting
going to web site
Hello world	Thread-13977	4

time: 946689893.832832
diff: 10.167168021202087
waiting
going to web site
Hello world	Thread-14028	4

time: 946689904.841833
diff: 24.158167004585266
waiting
going to web site
Hello world	Thread-14141	4

time: 946689930.841833
diff: 21.158167004585266
waiting
going to web site
Hello world	Thread-14236	2

time: 946689952.841833
diff: 21.158167004585266
waiting
going to web site
Hello world	Thread-14322	2

time: 946689974.832833
diff: 37.16716694831848
waiting
going to web site
Hello world	Thread-14496	2

time: 946690012.832832
diff: 24.167168021202087
waiting
going to web site
Hello world	Thread-14602	3

time: 946690037.8588331
diff: 15.141166925430298
waiting
going to web site
Hello world	Thread-14668	5

time: 946690053.832832
diff: 23.167168021202087
waiting
going to web site
Hello world	Thread-14765	2

time: 946690077.841833
diff: 27.158167004585266
waiting
going to web site
Hello world	Thread-14896	4

time: 946690105.841833
diff: 13.158167004585266
waiting
going to web site
Hello world	Thread-14947	5

time: 946690119.832833
diff: 27.16716694831848
waiting
going to web site
Hello world	Thread-15067	6

time: 946690147.832832
diff: 11.167168021202087
waiting
going to web site
Hello world	Thread-15129	2

time: 946690160.859833
diff: 38.140166997909546
waiting
going to web site
Hello world	Thread-15285	6

time: 946690199.832832
diff: 23.167168021202087
waiting
going to web site
Hello world	Thread-15431	2

time: 946690230.841833
diff: 14.158167004585266
waiting
going to web site
Hello world	Thread-15489	4

time: 946690245.841833
diff: 18.158167004585266
waiting
going to web site
Hello world	Thread-15575	3

time: 946690264.841833
diff: 18.158167004585266
waiting
going to web site
Hello world	Thread-15653	3

time: 946690283.832833
diff: 24.16716694831848
waiting
going to web site
Hello world	Thread-15765	5

time: 946690308.832832
diff: 25.167168021202087
waiting
going to web site
Hello world	Thread-15876	3

time: 946690334.841833
diff: 15.158167004585266
waiting
going to web site
Hello world	Thread-15948	3

time: 946690350.8588331
diff: 25.141166925430298
waiting
going to web site
Hello world	Thread-16058	6

time: 946690376.832832
diff: 21.167168021202087
waiting
going to web site
Hello world	Thread-16153	2

time: 946690398.841833
diff: 20.158167004585266
waiting
going to web site
Hello world	Thread-16244	3

time: 946690419.841833
diff: 24.158167004585266
waiting
going to web site
Hello world	Thread-16355	5

time: 946690444.841833
diff: 22.158167004585266
waiting
going to web site
Hello world	Thread-16452	3

time: 946690467.832833
diff: 30.16716694831848
waiting
going to web site
Hello world	Thread-16595	2

time: 946690498.832832
diff: 11.167168021202087
waiting
going to web site
Hello world	Thread-16644	3

time: 946690510.841833
diff: 22.158167004585266
waiting
going to web site
Hello world	Thread-16742	5

time: 946690533.841833
diff: 18.158167004585266
waiting
going to web site
Hello world	Thread-16816	4

time: 946690552.841833
diff: 37.158167004585266
waiting
going to web site
Hello world	Thread-16992	2

time: 946690590.851833
diff: -0.8518329858779907
going to web site
Hello world	Thread-16993	4

time: 946690591.684665
diff: 28.315335035324097
waiting
going to web site
Hello world	Thread-17117	2

time: 946690620.841833
diff: 31.158167004585266
waiting
going to web site
Hello world	Thread-17254	3

time: 946690652.841833
diff: 21.158167004585266
waiting
going to web site
Hello world	Thread-17341	4

time: 946690674.832833
diff: 32.16716694831848
waiting
going to web site
Hello world	Thread-17488	5

time: 946690707.832832
diff: 30.167168021202087
waiting
going to web site
Hello world	Thread-17629	4

time: 946690738.851665
diff: 8.148334980010986
waiting
going to web site
Hello world	Thread-17667	3

time: 946690747.832832
diff: 27.167168021202087
waiting
going to web site
Hello world	Thread-17793	3

time: 946690775.832833
diff: 18.16716694831848
waiting
going to web site
Hello world	Thread-17875	3

time: 946690794.832832
diff: 24.167168021202087
waiting
going to web site
Hello world	Thread-17981	3

time: 946690820.842833
diff: 24.157166957855225
waiting
going to web site
Hello world	Thread-18081	6

time: 946690845.832832
diff: 22.167168021202087
waiting
going to web site
Hello world	Thread-18182	3

time: 946690868.841833
diff: 11.158167004585266
waiting
going to web site
Hello world	Thread-18230	3

time: 946690880.841833
diff: 40.158167004585266
waiting
going to web site
Hello world	Thread-18404	5

time: 946690921.841833
diff: 11.158167004585266
waiting
going to web site
Hello world	Thread-18460	3

time: 946690933.852297
diff: 31.147703051567078
waiting
going to web site
Hello world	Thread-18596	2

time: 946690965.832833
diff: 12.167166948318481
waiting
going to web site
Hello world	Thread-18646	6

time: 946690978.534448
diff: 22.46555197238922
waiting
going to web site
Hello world	Thread-18748	7

time: 946691001.5350641
diff: 30.464935898780823
waiting
going to web site
Hello world	Thread-18886	5

time: 946691032.5350641
diff: 12.464935898780823
waiting
going to web site
Hello world	Thread-18944	7

time: 946691045.5350641
diff: 23.464935898780823
waiting
going to web site
Hello world	Thread-19050	3

time: 946691069.526064
diff: 28.473935961723328
waiting
going to web site
Hello world	Thread-19177	7

time: 946691098.542065
diff: 24.457934975624084
waiting
going to web site
Hello world	Thread-19293	4

time: 946691123.526064
diff: 25.473935961723328
waiting
going to web site
Hello world	Thread-19405	7

time: 946691149.5350641
diff: 5.464935898780823
waiting
going to web site
Hello world	Thread-19436	5

time: 946691155.5350641
diff: 13.464935898780823
waiting
going to web site
Hello world	Thread-19493	5

time: 946691169.5350641
diff: 17.464935898780823
waiting
going to web site
Hello world	Thread-19570	5

time: 946691187.5350641
diff: 36.46493589878082
waiting
going to web site
Hello world	Thread-19748	4

time: 946691224.5350641
diff: 26.464935898780823
waiting
going to web site
Hello world	Thread-19869	7

time: 946691251.526064
diff: 20.473935961723328
waiting
going to web site
Hello world	Thread-19970	5

time: 946691272.5350641
diff: 21.464935898780823
waiting
going to web site
Hello world	Thread-20071	7

time: 946691294.5350641
diff: 11.464935898780823
waiting
going to web site
Hello world	Thread-20120	7

time: 946691306.526064
diff: 25.473935961723328
waiting
going to web site
Hello world	Thread-20253	3

time: 946691332.526064
diff: 8.473935961723328
waiting
going to web site
Hello world	Thread-20291	3

time: 946691341.5350641
diff: 24.464935898780823
waiting
going to web site
Hello world	Thread-20399	6

time: 946691366.5350641
diff: 13.464935898780823
waiting
going to web site
Hello world	Thread-20483	7

time: 946691380.526064
diff: 16.473935961723328
waiting
going to web site
Hello world	Thread-20571	7

time: 946691397.526064
diff: 30.473935961723328
waiting
going to web site
Hello world	Thread-20715	7

time: 946691428.5350641
diff: 29.464935898780823
waiting
going to web site
Hello world	Thread-20858	7

time: 946691458.5350641
diff: 12.464935898780823
waiting
going to web site
Hello world	Thread-20916	5

time: 946691471.5350641
diff: 20.464935898780823
waiting
going to web site
Hello world	Thread-21015	7

time: 946691492.530064
diff: 15.46993601322174
waiting
going to web site
Hello world	Thread-21091	5

time: 946691508.526065
diff: 19.47393500804901
waiting
going to web site
Hello world	Thread-21189	4

time: 946691528.544065
diff: 24.45593500137329
waiting
going to web site
Hello world	Thread-21308	3

time: 946691553.5350649
diff: 23.464935064315796
waiting
going to web site
Hello world	Thread-21410	5

time: 946691577.544065
diff: 35.45593500137329
waiting
going to web site
Hello world	Thread-21582	3

time: 946691614.841833
diff: 26.158167004585266
waiting
going to web site
Hello world	Thread-21701	4

time: 946691641.832833
diff: 14.167166948318481
waiting
going to web site
Hello world	Thread-21768	5

time: 946691656.832832
diff: 30.167168021202087
waiting
going to web site
Hello world	Thread-21898	3

time: 946691687.851664
diff: 29.148336052894592
waiting
going to web site
Hello world	Thread-22033	2

time: 946691717.841833
diff: 7.158167004585266
waiting
going to web site
Hello world	Thread-22073	3

time: 946691725.841833
diff: 24.158167004585266
waiting
going to web site
Hello world	Thread-22181	2

time: 946691750.841833
diff: 17.158167004585266
waiting
going to web site
Hello world	Thread-22264	2

time: 946691768.851832
diff: 29.148167967796326
waiting
going to web site
Hello world	Thread-22385	4

time: 946691798.832832
diff: 23.167168021202087
waiting
going to web site
Hello world	Thread-22495	3

time: 946691822.841833
diff: 11.158167004585266
waiting
going to web site
Hello world	Thread-22542	2

time: 946691834.841833
diff: 32.158167004585266
waiting
going to web site
Hello world	Thread-22686	2

time: 946691867.832833
diff: 10.167166948318481
waiting
going to web site
Hello world	Thread-22737	5

time: 946691878.832832
diff: 27.167168021202087
waiting
going to web site
Hello world	Thread-22861	3

time: 946691906.841833
diff: 21.158167004585266
waiting
going to web site
Hello world	Thread-22959	4

time: 946691928.841833
diff: 17.158167004585266
waiting
going to web site
Hello world	Thread-23044	2

time: 946691946.845833
diff: 30.15416705608368
waiting
going to web site
Hello world	Thread-23189	4

time: 946691977.832833
diff: 15.167166948318481
waiting
going to web site
Hello world	Thread-23271	5

time: 946691993.832832
diff: 16.167168021202087
waiting
going to web site
Hello world	Thread-23345	3

time: 946692010.841833
diff: 24.158167004585266
waiting
going to web site
Hello world	Thread-23465	3

time: 946692035.841833
diff: 16.158167004585266
waiting
going to web site
Hello world	Thread-23553	2

time: 946692052.841833
diff: 18.158167004585266
waiting
going to web site
Hello world	Thread-23641	4

time: 946692071.841833
diff: 23.158167004585266
waiting
going to web site
Hello world	Thread-23756	3

time: 946692095.841833
diff: 5.158167004585266
waiting
going to web site
Hello world	Thread-23781	2

time: 946692101.832833
diff: 21.16716694831848
waiting
going to web site
Hello world	Thread-23889	3

time: 946692123.832832
diff: 16.167168021202087
waiting
going to web site
Hello world	Thread-23966	4

time: 946692140.832833
diff: 21.16716694831848
waiting
going to web site
Hello world	Thread-24068	3

time: 946692162.832832
diff: 34.16716802120209
waiting
going to web site
Hello world	Thread-24223	2

time: 946692197.832833
diff: 19.16716694831848
waiting
going to web site
Hello world	Thread-24317	5

time: 946692217.5350641
diff: 26.464935898780823
waiting
going to web site
Hello world	Thread-24437	7

time: 946692244.529519
diff: 18.470481038093567
waiting
going to web site
Hello world	Thread-24527	6

time: 946692263.5350649
diff: 35.464935064315796
waiting
going to web site
Hello world	Thread-24690	6

time: 946692299.544065
diff: 13.455935001373291
waiting
going to web site
Hello world	Thread-24749	3

time: 946692313.536065
diff: 23.463935017585754
waiting
going to web site
Hello world	Thread-24856	5

time: 946692337.544065
diff: 29.45593500137329
waiting
going to web site
Hello world	Thread-24977	6

time: 946692367.5350649
diff: 25.464935064315796
waiting
going to web site
Hello world	Thread-25092	6

time: 946692393.5350649
diff: 19.464935064315796
waiting
going to web site
Hello world	Thread-25176	5

time: 946692413.544065
diff: 23.45593500137329
waiting
going to web site
Hello world	Thread-25279	5

time: 946692437.544065
diff: 22.45593500137329
waiting
going to web site
Hello world	Thread-25371	6

time: 946692460.539065
diff: 26.46093499660492
waiting
going to web site
Hello world	Thread-25486	5

time: 946692487.5350641
diff: 18.464935898780823
waiting
going to web site
Hello world	Thread-25558	7

time: 946692506.5290639
diff: 27.470936059951782
waiting
going to web site
Hello world	Thread-25681	3

time: 946692534.5350649
diff: 12.464935064315796
waiting
going to web site
Hello world	Thread-25740	5

time: 946692547.544065
diff: 25.45593500137329
waiting
going to web site
Hello world	Thread-25851	6

time: 946692573.544417
diff: 27.455582976341248
waiting
going to web site
Hello world	Thread-25965	7

time: 946692601.5350641
diff: 16.464935898780823
waiting
going to web site
Hello world	Thread-26043	5

time: 946692618.5350641
diff: 31.464935898780823
waiting
going to web site
Hello world	Thread-26170	3

time: 946692650.5290639
diff: 24.470936059951782
waiting
going to web site
Hello world	Thread-26262	7

time: 946692675.533065
diff: 11.46693503856659
waiting
going to web site
Hello world	Thread-26299	3

time: 946692687.5350649
diff: 21.464935064315796
waiting
going to web site
Hello world	Thread-26375	5

