time: 946686600.0
diff: 223.0
waiting
going to web site
Hello world	Thread-1199	2

time: 946686824.03686
diff: 15.96314001083374
waiting
going to web site
Hello world	Thread-425	2

time: 946686841.0428611
diff: 13.957138895988464
waiting
going to web site
Hello world	Thread-1332	3

time: 946686856.038847
diff: -1.0388469696044922
going to web site
Hello world	Thread-1338	2

time: 946686857.0677071
diff: -2.067707061767578
going to web site
Hello world	Thread-1346	2

time: 946686858.0995669
diff: -3.09956693649292
going to web site
Hello world	Thread-1352	3

time: 946686859.1444271
diff: -4.144427061080933
going to web site
Hello world	Thread-1359	5

time: 946686860.172129
diff: -4.172129034996033
going to web site
Hello world	Thread-1368	4

time: 946686861.200989
diff: -5.200989007949829
going to web site
Hello world	Thread-1375	3

time: 946686862.230849
diff: -6.230849027633667
going to web site
Hello world	Thread-1384	2

time: 946686863.257709
diff: -1.25770902633667
going to web site
Hello world	Thread-504	2

time: 946686864.2845689
diff: 14.715431094169617
waiting
going to web site
Hello world	Thread-564	2

time: 946686880.036068
diff: 15.963932037353516
waiting
going to web site
Hello world	Thread-626	2

time: 946686897.035861
diff: 5.964138984680176
waiting
going to web site
Hello world	Thread-1529	3

time: 946686904.044378
diff: -1.0443780422210693
going to web site
Hello world	Thread-1535	3

time: 946686905.076694
diff: -2.0766940116882324
going to web site
Hello world	Thread-1542	3

time: 946686906.109554
diff: -3.1095540523529053
going to web site
Hello world	Thread-1547	2

time: 946686907.1364139
diff: -3.1364139318466187
going to web site
Hello world	Thread-1553	3

time: 946686908.172274
diff: -4.1722739934921265
going to web site
Hello world	Thread-1563	5

time: 946686909.212134
diff: -5.212134003639221
going to web site
Hello world	Thread-1571	3

time: 946686910.238994
diff: -6.238994002342224
going to web site
Hello world	Thread-1581	3

time: 946686911.266854
diff: -7.2668540477752686
going to web site
Hello world	Thread-1589	3

time: 946686912.304714
diff: 10.69528603553772
waiting
going to web site
Hello world	Thread-732	2

time: 946686924.035861
diff: 13.964138984680176
waiting
going to web site
Hello world	Thread-795	3

time: 946686939.02986
diff: 5.970139980316162
waiting
going to web site
Hello world	Thread-829	2

time: 946686946.03386
diff: 27.966140031814575
waiting
going to web site
Hello world	Thread-970	2

time: 946686975.038847
diff: 16.961153030395508
waiting
going to web site
Hello world	Thread-1053	3

time: 946686994.0268611
diff: 16.97313892841339
waiting
going to web site
Hello world	Thread-1132	3

time: 946687012.02986
diff: 6.970139980316162
waiting
going to web site
Hello world	Thread-1175	2

time: 946687020.02686
diff: 26.973140001296997
waiting
going to web site
Hello world	Thread-1307	2

time: 946687048.043831
diff: 23.95616900920868
waiting
going to web site
Hello world	Thread-1414	2

time: 946687073.035861
diff: 36.964138984680176
waiting
going to web site
Hello world	Thread-1581	3

time: 946687111.02686
diff: 12.973140001296997
waiting
going to web site
Hello world	Thread-1641	2

time: 946687125.035861
diff: 26.964138984680176
waiting
going to web site
Hello world	Thread-1755	2

time: 946687153.02686
diff: 14.973140001296997
waiting
going to web site
Hello world	Thread-1833	2

time: 946687170.035861
diff: 16.964138984680176
waiting
going to web site
Hello world	Thread-1898	2

time: 946687188.02686
diff: 28.973140001296997
waiting
going to web site
Hello world	Thread-2031	2

time: 946687218.035861
diff: 42.964138984680176
waiting
going to web site
Hello world	Thread-2218	3

time: 946687262.02686
diff: 10.973140001296997
waiting
going to web site
Hello world	Thread-2276	2

time: 946687274.047847
diff: 7.952152967453003
waiting
going to web site
Hello world	Thread-2318	2

time: 946687283.02686
diff: 27.973140001296997
waiting
going to web site
Hello world	Thread-2446	2

time: 946687312.035861
diff: 22.964138984680176
waiting
going to web site
Hello world	Thread-2550	2

time: 946687336.02686
diff: 33.973140001297
waiting
going to web site
Hello world	Thread-2701	2

time: 946687371.038861
diff: 17.96113896369934
waiting
going to web site
Hello world	Thread-2787	3

time: 946687390.02686
diff: 21.973140001296997
waiting
going to web site
Hello world	Thread-2888	2

time: 946687413.035861
diff: 10.964138984680176
waiting
going to web site
Hello world	Thread-2936	5

time: 946687424.832832
diff: 16.167168021202087
waiting
going to web site
Hello world	Thread-3006	3

time: 946687441.849249
diff: 36.15075099468231
waiting
going to web site
Hello world	Thread-3172	2

time: 946687478.832832
diff: 9.167168021202087
waiting
going to web site
Hello world	Thread-3220	2

time: 946687488.841833
diff: 23.158167004585266
waiting
going to web site
Hello world	Thread-3316	5

time: 946687512.832833
diff: 24.16716694831848
waiting
going to web site
Hello world	Thread-3431	4

time: 946687537.8398321
diff: 30.160167932510376
waiting
going to web site
Hello world	Thread-3561	3

time: 946687568.832832
diff: 16.167168021202087
waiting
going to web site
Hello world	Thread-3640	2

time: 946687585.832833
diff: 29.16716694831848
waiting
going to web site
Hello world	Thread-3773	2

time: 946687615.832832
diff: 14.167168021202087
waiting
going to web site
Hello world	Thread-3833	2

time: 946687630.832833
diff: 34.16716694831848
waiting
going to web site
Hello world	Thread-3983	4

time: 946687665.832832
diff: 16.167168021202087
waiting
going to web site
Hello world	Thread-4060	2

time: 946687682.841833
diff: 20.158167004585266
waiting
going to web site
Hello world	Thread-4157	3

time: 946687703.832833
diff: 22.16716694831848
waiting
going to web site
Hello world	Thread-4256	4

time: 946687726.832832
diff: 22.167168021202087
waiting
going to web site
Hello world	Thread-4360	3

time: 946687749.841833
diff: 34.158167004585266
waiting
going to web site
Hello world	Thread-4519	2

time: 946687784.832833
diff: 22.16716694831848
waiting
going to web site
Hello world	Thread-4616	5

time: 946687807.832832
diff: 7.167168021202087
waiting
going to web site
Hello world	Thread-4653	2

time: 946687815.832833
diff: 21.16716694831848
waiting
going to web site
Hello world	Thread-4751	4

time: 946687837.832832
diff: 17.167168021202087
waiting
going to web site
Hello world	Thread-4834	2

time: 946687855.841833
diff: 20.158167004585266
waiting
going to web site
Hello world	Thread-4943	3

time: 946687879.842544
diff: 24.157456040382385
waiting
going to web site
Hello world	Thread-5060	2

time: 946687904.841833
diff: 11.158167004585266
waiting
going to web site
Hello world	Thread-5112	2

time: 946687916.832833
diff: 22.16716694831848
waiting
going to web site
Hello world	Thread-5220	4

time: 946687939.832832
diff: 26.167168021202087
waiting
going to web site
Hello world	Thread-5346	4

time: 946687966.836249
diff: 19.163751006126404
waiting
going to web site
Hello world	Thread-5448	2

time: 946687986.841833
diff: 26.158167004585266
waiting
going to web site
Hello world	Thread-5576	3

time: 946688014.841833
diff: 15.158167004585266
waiting
going to web site
Hello world	Thread-5646	5

time: 946688031.841833
diff: 36.158167004585266
waiting
going to web site
Hello world	Thread-5817	3

time: 946688068.841833
diff: 11.158167004585266
waiting
going to web site
Hello world	Thread-5871	3

time: 946688080.845833
diff: 23.15416705608368
waiting
going to web site
Hello world	Thread-5976	3

time: 946688105.842833
diff: 24.157166957855225
waiting
going to web site
Hello world	Thread-6089	3

time: 946688130.836832
diff: 7.163167953491211
waiting
going to web site
Hello world	Thread-6118	4

time: 946688138.832832
diff: 20.167168021202087
waiting
going to web site
Hello world	Thread-6207	3

time: 946688159.841833
diff: 21.158167004585266
waiting
going to web site
Hello world	Thread-6299	2

time: 946688181.841833
diff: 29.158167004585266
waiting
going to web site
Hello world	Thread-6437	2

time: 946688212.841833
diff: 27.158167004585266
waiting
going to web site
Hello world	Thread-6560	4

time: 946688240.841833
diff: 20.158167004585266
waiting
going to web site
Hello world	Thread-6656	4

time: 946688261.841833
diff: 23.158167004585266
waiting
going to web site
Hello world	Thread-6762	3

time: 946688285.832833
diff: 18.16716694831848
waiting
going to web site
Hello world	Thread-6839	4

time: 946688304.832832
diff: 22.167168021202087
waiting
going to web site
Hello world	Thread-6945	2

time: 946688327.841833
diff: 28.158167004585266
waiting
going to web site
Hello world	Thread-7072	4

time: 946688356.841833
diff: 20.158167004585266
waiting
going to web site
Hello world	Thread-7169	3

time: 946688377.841833
diff: 19.158167004585266
waiting
going to web site
Hello world	Thread-7253	4

time: 946688397.842833
diff: 36.157166957855225
waiting
going to web site
Hello world	Thread-7417	3

time: 946688434.832832
diff: 19.167168021202087
waiting
going to web site
Hello world	Thread-7506	3

time: 946688454.841833
diff: 20.158167004585266
waiting
going to web site
Hello world	Thread-7602	3

time: 946688475.851833
diff: 13.14816701412201
waiting
going to web site
Hello world	Thread-7662	2

time: 946688489.851833
diff: 25.14816701412201
waiting
going to web site
Hello world	Thread-7780	3

time: 946688515.841833
diff: 3.158167004585266
waiting
going to web site
Hello world	Thread-7801	3

time: 946688519.841833
diff: 35.158167004585266
waiting
going to web site
Hello world	Thread-7950	4

time: 946688555.849833
diff: 26.150166988372803
waiting
going to web site
Hello world	Thread-8069	3

time: 946688582.832832
diff: 10.167168021202087
waiting
going to web site
Hello world	Thread-8122	4

time: 946688593.846833
diff: 18.153167009353638
waiting
going to web site
Hello world	Thread-8205	3

time: 946688612.841833
diff: 15.158167004585266
waiting
going to web site
Hello world	Thread-8275	2

time: 946688629.841833
diff: 27.158167004585266
waiting
going to web site
Hello world	Thread-8393	3

time: 946688657.5440971
diff: 25.455902934074402
waiting
going to web site
Hello world	Thread-8500	5

time: 946688683.5350641
diff: 38.46493589878082
waiting
going to web site
Hello world	Thread-8660	6

time: 946688722.526064
diff: 23.473935961723328
waiting
going to web site
Hello world	Thread-8753	7

time: 946688746.526064
diff: 25.473935961723328
waiting
going to web site
Hello world	Thread-8855	6

time: 946688772.5350641
diff: 21.464935898780823
waiting
going to web site
Hello world	Thread-8935	5

time: 946688794.526064
diff: 32.47393596172333
waiting
going to web site
Hello world	Thread-9071	7

time: 946688827.526064
diff: 12.473935961723328
waiting
going to web site
Hello world	Thread-9134	5

time: 946688840.5350641
diff: 21.464935898780823
waiting
going to web site
Hello world	Thread-9230	5

time: 946688862.5345191
diff: 24.46548092365265
waiting
going to web site
Hello world	Thread-9332	6

time: 946688887.5350641
diff: 20.464935898780823
waiting
going to web site
Hello world	Thread-9421	5

time: 946688908.5350641
diff: 32.46493589878082
waiting
going to web site
Hello world	Thread-9567	6

time: 946688941.5350641
diff: 28.464935898780823
waiting
going to web site
Hello world	Thread-9699	8

time: 946688970.5350641
diff: 31.464935898780823
waiting
going to web site
Hello world	Thread-9849	8

time: 946689002.5350641
diff: 12.464935898780823
waiting
going to web site
Hello world	Thread-9909	6

time: 946689015.5294169
diff: 18.470583081245422
waiting
going to web site
Hello world	Thread-9997	4

time: 946689034.544065
diff: 8.455935001373291
waiting
going to web site
Hello world	Thread-10034	6

time: 946689043.5300651
diff: 30.469934940338135
waiting
going to web site
Hello world	Thread-10178	7

time: 946689074.526064
diff: 26.473935961723328
waiting
going to web site
Hello world	Thread-10298	7

time: 946689101.5350641
diff: 14.464935898780823
waiting
going to web site
Hello world	Thread-10373	5

time: 946689116.5350641
diff: 23.464935898780823
waiting
going to web site
Hello world	Thread-10486	6

time: 946689140.531065
diff: 14.468935012817383
waiting
going to web site
Hello world	Thread-10556	4

time: 946689155.526065
diff: 27.47393500804901
waiting
going to web site
Hello world	Thread-10693	5

time: 946689183.5450649
diff: 2.454935073852539
waiting
going to web site
Hello world	Thread-10708	5

time: 946689186.541065
diff: 17.458935022354126
waiting
going to web site
Hello world	Thread-10798	4

time: 946689204.5350649
diff: 32.464935064315796
waiting
going to web site
Hello world	Thread-10950	4

time: 946689237.526065
diff: 21.47393500804901
waiting
going to web site
Hello world	Thread-11070	2

time: 946689260.841921
diff: 20.158079028129578
waiting
going to web site
Hello world	Thread-11162	4

time: 946689281.841833
diff: 17.158167004585266
waiting
going to web site
Hello world	Thread-11252	2

time: 946689299.841833
diff: 33.158167004585266
waiting
going to web site
Hello world	Thread-11409	3

time: 946689333.841833
diff: 24.158167004585266
waiting
going to web site
Hello world	Thread-11525	2

time: 946689358.841833
diff: 19.158167004585266
waiting
going to web site
Hello world	Thread-11619	3

time: 946689378.832833
diff: 6.1671669483184814
waiting
going to web site
Hello world	Thread-11651	5

time: 946689385.836832
diff: 28.16316795349121
waiting
going to web site
Hello world	Thread-11780	2

time: 946689414.836832
diff: 15.163167953491211
waiting
going to web site
Hello world	Thread-11858	4

time: 946689430.8358321
diff: 15.164167881011963
waiting
going to web site
Hello world	Thread-11919	2

time: 946689446.832832
diff: 20.167168021202087
waiting
going to web site
Hello world	Thread-12020	4

time: 946689467.832833
diff: 24.16716694831848
waiting
going to web site
Hello world	Thread-12145	2

time: 946689492.832832
diff: 35.16716802120209
waiting
going to web site
Hello world	Thread-12301	3

time: 946689528.841833
diff: 7.158167004585266
waiting
going to web site
Hello world	Thread-12338	4

time: 946689536.841833
diff: 17.158167004585266
waiting
going to web site
Hello world	Thread-12432	2

time: 946689555.841833
diff: 22.158167004585266
waiting
going to web site
Hello world	Thread-12528	5

time: 946689578.841833
diff: 28.158167004585266
waiting
going to web site
Hello world	Thread-12655	3

time: 946689607.841833
diff: 16.158167004585266
waiting
going to web site
Hello world	Thread-12735	2

time: 946689624.845833
diff: 32.15416705608368
waiting
going to web site
Hello world	Thread-12889	4

time: 946689657.841833
diff: 18.158167004585266
waiting
going to web site
Hello world	Thread-12981	4

time: 946689676.841833
diff: 24.158167004585266
waiting
going to web site
Hello world	Thread-13100	2

time: 946689701.842833
diff: 21.157166957855225
waiting
going to web site
Hello world	Thread-13198	2

time: 946689723.832832
diff: 22.167168021202087
waiting
going to web site
Hello world	Thread-13303	5

time: 946689747.841833
diff: 14.158167004585266
waiting
going to web site
Hello world	Thread-13377	3

time: 946689762.832833
diff: 22.16716694831848
waiting
going to web site
Hello world	Thread-13472	3

time: 946689785.838832
diff: 22.161167979240417
waiting
going to web site
Hello world	Thread-13579	4

time: 946689808.832832
diff: 7.167168021202087
waiting
going to web site
Hello world	Thread-13624	3

time: 946689816.841833
diff: 36.158167004585266
waiting
going to web site
Hello world	Thread-13797	5

time: 946689853.841833
diff: 11.158167004585266
waiting
going to web site
Hello world	Thread-13855	5

time: 946689866.842133
diff: 14.157866954803467
waiting
going to web site
Hello world	Thread-13926	3

time: 946689881.832832
diff: 26.167168021202087
waiting
going to web site
Hello world	Thread-14051	5

time: 946689908.841833
diff: 24.158167004585266
waiting
going to web site
Hello world	Thread-14151	4

time: 946689933.841833
diff: 27.158167004585266
waiting
going to web site
Hello world	Thread-14275	5

time: 946689961.841833
diff: 18.158167004585266
waiting
going to web site
Hello world	Thread-14349	4

time: 946689980.841833
diff: 21.158167004585266
waiting
going to web site
Hello world	Thread-14451	2

time: 946690002.841833
diff: 23.158167004585266
waiting
going to web site
Hello world	Thread-14561	4

time: 946690026.841833
diff: 20.158167004585266
waiting
going to web site
Hello world	Thread-14646	4

time: 946690047.841833
diff: 21.158167004585266
waiting
going to web site
Hello world	Thread-14739	4

time: 946690069.841833
diff: 26.158167004585266
waiting
going to web site
Hello world	Thread-14858	3

time: 946690096.841833
diff: 31.158167004585266
waiting
going to web site
Hello world	Thread-14992	2

time: 946690128.841833
diff: 23.158167004585266
waiting
going to web site
Hello world	Thread-15098	2

time: 946690153.851833
diff: 22.14816701412201
waiting
going to web site
Hello world	Thread-15196	3

time: 946690177.841833
diff: 11.158167004585266
waiting
going to web site
Hello world	Thread-15247	3

time: 946690189.841833
diff: 22.158167004585266
waiting
going to web site
Hello world	Thread-15348	4

time: 946690212.841833
diff: 14.158167004585266
waiting
going to web site
Hello world	Thread-15423	4

time: 946690228.841833
diff: 23.158167004585266
waiting
going to web site
Hello world	Thread-15518	3

time: 946690252.832833
diff: 29.16716694831848
waiting
going to web site
Hello world	Thread-15648	4

time: 946690282.832832
diff: 15.167168021202087
waiting
going to web site
Hello world	Thread-15724	2

time: 946690298.841833
diff: 39.158167004585266
waiting
going to web site
Hello world	Thread-15896	4

time: 946690338.841833
diff: 13.158167004585266
waiting
going to web site
Hello world	Thread-15956	3

time: 946690352.841833
diff: 19.158167004585266
waiting
going to web site
Hello world	Thread-16038	5

time: 946690372.836833
diff: 17.163166999816895
waiting
going to web site
Hello world	Thread-16116	4

time: 946690390.832832
diff: 29.167168021202087
waiting
going to web site
Hello world	Thread-16249	3

time: 946690420.8408331
diff: 23.159166932106018
waiting
going to web site
Hello world	Thread-16354	6

time: 946690444.832832
diff: 18.167168021202087
waiting
going to web site
Hello world	Thread-16433	3

time: 946690463.832833
diff: 22.16716694831848
waiting
going to web site
Hello world	Thread-16538	4

time: 946690486.832832
diff: 20.167168021202087
waiting
going to web site
Hello world	Thread-16629	5

time: 946690507.841833
diff: 25.158167004585266
waiting
going to web site
Hello world	Thread-16744	3

time: 946690533.841833
diff: 35.158167004585266
waiting
going to web site
Hello world	Thread-16900	2

time: 946690569.832833
diff: 13.167166948318481
waiting
going to web site
Hello world	Thread-16961	4

time: 946690583.832832
diff: 20.167168021202087
waiting
going to web site
Hello world	Thread-17047	2

time: 946690604.841833
diff: 23.158167004585266
waiting
going to web site
Hello world	Thread-17153	2

time: 946690628.841833
diff: 24.158167004585266
waiting
going to web site
Hello world	Thread-17256	2

time: 946690653.836833
diff: 23.163166999816895
waiting
going to web site
Hello world	Thread-17352	7

time: 946690677.832832
diff: 14.167168021202087
waiting
going to web site
Hello world	Thread-17429	2

time: 946690692.851665
diff: 17.148334980010986
waiting
going to web site
Hello world	Thread-17505	3

time: 946690710.836832
diff: 19.16316795349121
waiting
going to web site
Hello world	Thread-17589	4

time: 946690730.836832
diff: 28.16316795349121
waiting
going to web site
Hello world	Thread-17715	6

time: 946690759.832832
diff: 24.167168021202087
waiting
going to web site
Hello world	Thread-17830	4

time: 946690784.832833
diff: 39.16716694831848
waiting
going to web site
Hello world	Thread-17996	3

time: 946690824.832832
diff: 24.167168021202087
waiting
going to web site
Hello world	Thread-18098	3

time: 946690849.832833
diff: 15.167166948318481
waiting
going to web site
Hello world	Thread-18165	6

time: 946690865.832832
diff: 19.167168021202087
waiting
going to web site
Hello world	Thread-18251	2

time: 946690885.841833
diff: 15.158167004585266
waiting
going to web site
Hello world	Thread-18323	3

time: 946690901.832833
diff: 26.16716694831848
waiting
going to web site
Hello world	Thread-18434	3

time: 946690928.832832
diff: 28.167168021202087
waiting
going to web site
Hello world	Thread-18559	2

time: 946690957.841833
diff: 21.158167004585266
waiting
going to web site
Hello world	Thread-18652	2

time: 946690979.8427441
diff: 24.15725588798523
waiting
going to web site
Hello world	Thread-18765	5

time: 946691004.832832
diff: 24.167168021202087
waiting
going to web site
Hello world	Thread-18876	2

time: 946691029.832833
diff: 15.167166948318481
waiting
going to web site
Hello world	Thread-18945	6

time: 946691045.836832
diff: 31.16316795349121
waiting
going to web site
Hello world	Thread-19083	3

time: 946691077.832832
diff: 8.167168021202087
waiting
going to web site
Hello world	Thread-19126	3

time: 946691086.832833
diff: 34.16716694831848
waiting
going to web site
Hello world	Thread-19284	3

time: 946691121.844832
diff: 21.155168056488037
waiting
going to web site
Hello world	Thread-19377	2

time: 946691143.832833
diff: 16.16716694831848
waiting
going to web site
Hello world	Thread-19461	3

time: 946691160.832832
diff: 26.167168021202087
waiting
going to web site
Hello world	Thread-19573	2

time: 946691187.841833
diff: 28.158167004585266
waiting
going to web site
Hello world	Thread-19707	4

time: 946691216.841833
diff: 17.158167004585266
waiting
going to web site
Hello world	Thread-19803	2

time: 946691235.841833
diff: 26.158167004585266
waiting
going to web site
Hello world	Thread-19924	4

time: 946691262.841833
diff: 16.158167004585266
waiting
going to web site
Hello world	Thread-20003	3

time: 946691279.841833
diff: 4.158167004585266
waiting
going to web site
Hello world	Thread-20030	3

time: 946691285.841833
diff: 16.158167004585266
waiting
going to web site
Hello world	Thread-20101	2

time: 946691302.841833
diff: 30.158167004585266
waiting
going to web site
Hello world	Thread-20259	2

time: 946691333.841833
diff: 33.158167004585266
waiting
going to web site
Hello world	Thread-20412	6

time: 946691368.841833
diff: 4.158167004585266
waiting
going to web site
Hello world	Thread-20454	2

time: 946691373.8558251
diff: 29.144174933433533
waiting
going to web site
Hello world	Thread-20599	3

time: 946691403.832832
diff: 15.167168021202087
waiting
going to web site
Hello world	Thread-20678	3

time: 946691419.841833
diff: 14.158167004585266
waiting
going to web site
Hello world	Thread-20746	2

time: 946691434.841833
diff: 20.158167004585266
waiting
going to web site
Hello world	Thread-20846	3

time: 946691455.841833
diff: 30.158167004585266
waiting
going to web site
Hello world	Thread-20999	5

time: 946691486.841833
diff: 4.158167004585266
waiting
going to web site
Hello world	Thread-21012	2

time: 946691491.841833
diff: 20.158167004585266
waiting
going to web site
Hello world	Thread-21109	2

time: 946691512.841833
diff: 28.158167004585266
waiting
going to web site
Hello world	Thread-21252	3

time: 946691541.841833
diff: 23.158167004585266
waiting
going to web site
Hello world	Thread-21357	2

time: 946691565.841833
diff: 30.158167004585266
waiting
going to web site
Hello world	Thread-21503	3

time: 946691596.841833
diff: 15.158167004585266
waiting
going to web site
Hello world	Thread-21570	5

time: 946691612.832833
diff: 13.167166948318481
waiting
going to web site
Hello world	Thread-21633	3

time: 946691626.832832
diff: 26.167168021202087
waiting
going to web site
Hello world	Thread-21760	4

time: 946691654.836833
diff: 16.163166999816895
waiting
going to web site
Hello world	Thread-21824	3

time: 946691671.832832
diff: 21.167168021202087
waiting
going to web site
Hello world	Thread-21929	2

time: 946691693.841833
diff: 22.158167004585266
waiting
going to web site
Hello world	Thread-22031	3

time: 946691716.841833
diff: 42.158167004585266
waiting
going to web site
Hello world	Thread-22215	4

time: 946691759.832833
diff: 1.1671669483184814
waiting
going to web site
Hello world	Thread-22228	7

time: 946691762.832832
diff: 38.16716802120209
waiting
going to web site
Hello world	Thread-22397	3

time: 946691801.8426639
diff: 14.157336115837097
waiting
going to web site
Hello world	Thread-22466	2

time: 946691816.860833
diff: 24.139166951179504
waiting
going to web site
Hello world	Thread-22572	3

time: 946691841.832832
diff: 10.167168021202087
waiting
going to web site
Hello world	Thread-22623	4

time: 946691852.832833
diff: 28.16716694831848
waiting
going to web site
Hello world	Thread-22754	5

time: 946691881.832832
diff: 35.16716802120209
waiting
going to web site
Hello world	Thread-22912	4

time: 946691917.841833
diff: 15.158167004585266
waiting
going to web site
Hello world	Thread-22987	3

time: 946691934.845833
diff: 12.15416705608368
waiting
going to web site
Hello world	Thread-23048	5

time: 946691947.841833
diff: 19.158167004585266
waiting
going to web site
Hello world	Thread-23144	3

time: 946691967.845833
diff: 22.15416705608368
waiting
going to web site
Hello world	Thread-23256	5

time: 946691990.841833
diff: 27.158167004585266
waiting
going to web site
Hello world	Thread-23382	3

time: 946692018.841833
diff: 27.158167004585266
waiting
going to web site
Hello world	Thread-23519	6

time: 946692046.832833
diff: 13.167166948318481
waiting
going to web site
Hello world	Thread-23591	5

time: 946692060.832832
diff: 16.167168021202087
waiting
going to web site
Hello world	Thread-23668	2

time: 946692077.832833
diff: 15.167166948318481
waiting
going to web site
Hello world	Thread-23744	4

time: 946692093.832832
diff: 34.16716802120209
waiting
going to web site
Hello world	Thread-23915	3

time: 946692128.841833
diff: 10.158167004585266
waiting
going to web site
Hello world	Thread-23960	4

time: 946692139.841833
diff: 19.158167004585266
waiting
going to web site
Hello world	Thread-24057	4

time: 946692160.841833
diff: 27.158167004585266
waiting
going to web site
Hello world	Thread-24196	2

time: 946692189.8508689
diff: 18.149131059646606
waiting
going to web site
Hello world	Thread-24284	2

time: 946692209.851833
diff: 8.14816701412201
waiting
going to web site
Hello world	Thread-24329	3

time: 946692219.841833
diff: 16.158167004585266
waiting
going to web site
Hello world	Thread-24409	2

time: 946692237.841833
diff: 19.158167004585266
waiting
going to web site
Hello world	Thread-24506	3

time: 946692258.841833
diff: 16.158167004585266
waiting
going to web site
Hello world	Thread-24582	4

time: 946692275.841833
diff: 28.158167004585266
waiting
going to web site
Hello world	Thread-24720	2

time: 946692305.859037
diff: 29.140962958335876
waiting
going to web site
Hello world	Thread-24850	5

time: 946692335.849036
diff: 16.15096402168274
waiting
going to web site
Hello world	Thread-24918	2

time: 946692352.850037
diff: 26.14996302127838
waiting
going to web site
Hello world	Thread-25042	2

time: 946692379.859037
diff: 24.140962958335876
waiting
going to web site
Hello world	Thread-25141	5

time: 946692404.849036
diff: 25.15096402168274
waiting
going to web site
Hello world	Thread-25252	2

time: 946692430.859037
diff: 28.140962958335876
waiting
going to web site
Hello world	Thread-25369	3

time: 946692459.849036
diff: 16.15096402168274
waiting
going to web site
Hello world	Thread-25450	2

time: 946692476.859037
diff: 26.140962958335876
waiting
going to web site
Hello world	Thread-25554	2

time: 946692503.850935
diff: 36.149065017700195
waiting
going to web site
Hello world	Thread-25723	2

time: 946692543.859037
diff: 15.140962958335876
waiting
going to web site
Hello world	Thread-25791	2

time: 946692559.850935
diff: 8.149065017700195
waiting
going to web site
Hello world	Thread-25832	2

time: 946692568.850037
diff: 35.14996302127838
waiting
going to web site
Hello world	Thread-25984	2

time: 946692604.859037
diff: 16.140962958335876
waiting
going to web site
Hello world	Thread-26057	4

time: 946692621.849036
diff: 23.15096402168274
waiting
going to web site
Hello world	Thread-26151	2

time: 946692645.859037
diff: 12.140962958335876
waiting
going to web site
Hello world	Thread-26199	5

time: 946692658.849036
diff: 33.15096402168274
waiting
going to web site
Hello world	Thread-26338	3

time: 946692695.860037
diff: 22.139963030815125
waiting
going to web site
Hello world	Thread-26404	2

time: 946692718.850037
diff: 12.149963021278381
waiting
going to web site
Hello world	Thread-26437	2

time: 946692731.859037
diff: 32.14096295833588
waiting
going to web site
Hello world	Thread-26520	2

time: 946692764.849036
diff: 26.15096402168274
waiting
going to web site
Hello world	Thread-26589	2

time: 946692791.849037
diff: 9.150962948799133
waiting
going to web site
Hello world	Thread-26609	3

time: 946692801.849036
diff: 29.15096402168274
waiting
going to web site
Hello world	Thread-26670	2

