time: 946686600.0
diff: 0.0
going to web site
Hello world	Thread-158	7

time: 946686751.821879
diff: -91.82187902927399
going to web site
Hello world	Thread-164	7

time: 946686752.4025351
diff: -31.40253508090973
going to web site
Hello world	Thread-170	3

time: 946686752.983191
diff: 28.01680898666382
waiting
going to web site
Hello world	Thread-184	6

time: 946686782.5896561
diff: 118.41034388542175
waiting
going to web site
Hello world	Thread-366	2

time: 946686904.5936561
diff: 116.40634393692017
waiting
going to web site
Hello world	Thread-505	3

time: 946687024.590656
diff: 56.409343957901
waiting
going to web site
Hello world	Thread-548	3

time: 946687082.580656
diff: 58.41934394836426
waiting
going to web site
Hello world	Thread-751	6

time: 946687264.896656
diff: -2.896656036376953
going to web site
Hello world	Thread-757	6

time: 946687265.477312
diff: 56.522688031196594
waiting
going to web site
Hello world	Thread-833	5

time: 946687325.5941241
diff: 56.40587592124939
waiting
going to web site
Hello world	Thread-885	4

time: 946687383.586657
diff: 58.41334295272827
waiting
going to web site
Hello world	Thread-970	5

time: 946687445.588657
diff: 56.41134297847748
waiting
going to web site
Hello world	Thread-1048	6

time: 946687509.590656
diff: 52.409343957901
waiting
going to web site
Hello world	Thread-1082	6

time: 946687563.580656
diff: 118.41934394836426
waiting
going to web site
Hello world	Thread-1236	4

time: 946687689.5902101
diff: 53.40978991985321
waiting
going to web site
Hello world	Thread-1294	5

time: 946687746.5896561
diff: 116.41034388542175
waiting
going to web site
Hello world	Thread-1434	6

time: 946687866.589968
diff: 116.41003203392029
waiting
going to web site
Hello world	Thread-1588	4

time: 946687990.5896571
diff: 52.41034293174744
waiting
going to web site
Hello world	Thread-1659	7

time: 946688050.582656
diff: 52.417343974113464
waiting
going to web site
Hello world	Thread-1706	7

time: 946688106.580656
diff: 56.41934394836426
waiting
going to web site
Hello world	Thread-1791	4

time: 946688194.590656
diff: 29.409343957901
waiting
going to web site
Hello world	Thread-1827	6

time: 946688225.585656
diff: 118.41434395313263
waiting
going to web site
Hello world	Thread-1966	3

