time: 946686600.0
diff: 0.0
going to web site
Hello world	Thread-36	2

time: 946686631.635784
diff: 88.36421597003937
waiting
going to web site
Hello world	Thread-157	2

time: 946686751.645701
diff: 88.35429894924164
waiting
going to web site
Hello world	Thread-401	6

time: 946686960.825484
diff: -0.825484037399292
going to web site
Hello world	Thread-407	6

time: 946686961.4061401
diff: 58.593859910964966
waiting
going to web site
Hello world	Thread-499	3

time: 946687023.590656
diff: 117.409343957901
waiting
going to web site
Hello world	Thread-583	2

time: 946687141.595999
diff: 59.404000997543335
waiting
going to web site
Hello world	Thread-789	7

time: 946687321.86064
diff: -0.8606400489807129
going to web site
Hello world	Thread-795	12

time: 946687322.450296
diff: 118.54970395565033
waiting
going to web site
Hello world	Thread-989	5

time: 946687456.590656
diff: 44.409343957901
waiting
going to web site
Hello world	Thread-1020	4

time: 946687502.580656
diff: 118.41934394836426
waiting
going to web site
Hello world	Thread-1172	7

time: 946687628.5896561
diff: 53.41034388542175
waiting
going to web site
Hello world	Thread-1291	3

time: 946687745.590656
diff: -3.590656042098999
going to web site
Hello world	Thread-1293	2

time: 946687746.171312
diff: 55.82868802547455
waiting
going to web site
Hello world	Thread-1467	3

time: 946687923.0163499
diff: -61.01634991168976
going to web site
Hello world	Thread-1480	2

time: 946687923.720582
diff: -1.7205820083618164
going to web site
Hello world	Thread-1486	2

time: 946687924.423814
diff: 117.57618594169617
waiting
going to web site
Hello world	Thread-1631	4

time: 946688043.705233
diff: 119.29476702213287
waiting
going to web site
Hello world	Thread-1865	8

time: 946688283.921312
diff: -0.9213119745254517
going to web site
Hello world	Thread-1872	8

