time: 946686600.0
diff: 0.0
going to web site
Hello world	Thread-52	2

time: 946686663.600518
diff: -3.600517988204956
going to web site
Hello world	Thread-56	2

time: 946686664.181174
diff: 115.8188259601593
waiting
going to web site
Hello world	Thread-214	7

time: 946686787.590656
diff: 52.409343957901
waiting
going to web site
Hello world	Thread-232	7

time: 946686840.5914301
diff: 119.40856993198395
waiting
going to web site
Hello world	Thread-448	5

time: 946686967.5996561
diff: 52.400343894958496
waiting
going to web site
Hello world	Thread-473	7

time: 946687020.580656
diff: 59.41934394836426
waiting
going to web site
Hello world	Thread-551	3

time: 946687083.5896571
diff: 117.41034293174744
waiting
going to web site
Hello world	Thread-682	4

time: 946687204.590656
diff: 56.409343957901
waiting
going to web site
Hello world	Thread-705	5

time: 946687261.592492
diff: 59.40750801563263
waiting
going to web site
Hello world	Thread-840	4

time: 946687328.590656
diff: 112.409343957901
waiting
going to web site
Hello world	Thread-924	5

time: 946687441.580656
diff: 119.41934394836426
waiting
going to web site
Hello world	Thread-1087	7

time: 946687564.5896571
diff: 56.41034293174744
waiting
going to web site
Hello world	Thread-1127	3

time: 946687621.5896561
diff: 60.41034388542175
waiting
going to web site
Hello world	Thread-1326	5

time: 946687802.922312
diff: -0.9223120212554932
going to web site
Hello world	Thread-1332	10

time: 946687803.514968
diff: 58.485031962394714
waiting
going to web site
Hello world	Thread-1450	5

time: 946687877.590656
diff: 44.409343957901
waiting
going to web site
Hello world	Thread-1478	5

time: 946687923.582656
diff: 118.41734397411346
waiting
going to web site
Hello world	Thread-1644	4

time: 946688045.5896571
diff: 56.41034293174744
waiting
going to web site
Hello world	Thread-1701	6

time: 946688105.589657
diff: 117.41034305095673
waiting
going to web site
Hello world	Thread-1850	7

time: 946688254.590656
diff: 28.409343957901
waiting
going to web site
Hello world	Thread-1908	5

time: 946688314.590656
diff: 28.409343957901
waiting
going to web site
Hello world	Thread-1982	4

