time: 946686600.0
diff: 256.0
waiting
going to web site
Hello world	Thread-1337	3

time: 946686856.832832
diff: -0.8328319787979126
going to web site
Hello world	Thread-1341	7

time: 946686857.673664
diff: -1.6736639738082886
going to web site
Hello world	Thread-1348	3

time: 946686858.506496
diff: -1.5064959526062012
going to web site
Hello world	Thread-1353	3

time: 946686859.3443279
diff: -2.344327926635742
going to web site
Hello world	Thread-1360	3

time: 946686860.18416
diff: -3.184159994125366
going to web site
Hello world	Thread-1367	4

time: 946686861.028992
diff: -3.0289920568466187
going to web site
Hello world	Thread-1373	5

time: 946686861.870824
diff: -3.8708239793777466
going to web site
Hello world	Thread-1380	5

time: 946686862.706656
diff: -3.706655979156494
going to web site
Hello world	Thread-1386	4

time: 946686863.544488
diff: -4.544487953186035
going to web site
Hello world	Thread-1390	3

time: 946686864.3813199
diff: -3.3813198804855347
going to web site
Hello world	Thread-1394	2

time: 946686865.223152
diff: -4.223152041435242
going to web site
Hello world	Thread-1397	2

time: 946686866.055984
diff: -5.055984020233154
going to web site
Hello world	Thread-1401	2

time: 946686866.8938161
diff: -5.893816113471985
going to web site
Hello world	Thread-1402	3

time: 946686867.730648
diff: 0.2693519592285156
waiting
going to web site
Hello world	Thread-1406	2

time: 946686868.832832
diff: 3.1671680212020874
waiting
going to web site
Hello world	Thread-1415	2

time: 946686872.841833
diff: 5.158167004585266
waiting
going to web site
Hello world	Thread-556	2

time: 946686878.841913
diff: 8.158087015151978
waiting
going to web site
Hello world	Thread-590	2

time: 946686887.841833
diff: 34.158167004585266
waiting
going to web site
Hello world	Thread-727	2

time: 946686922.841833
diff: 3.158167004585266
waiting
going to web site
Hello world	Thread-1703	4

time: 946686926.8398329
diff: -0.8398329019546509
going to web site
Hello world	Thread-1708	3

time: 946686927.672665
diff: 7.327335000038147
waiting
going to web site
Hello world	Thread-784	2

time: 946686935.869833
diff: 22.13016700744629
waiting
going to web site
Hello world	Thread-891	3

time: 946686958.841833
diff: 10.158167004585266
waiting
going to web site
Hello world	Thread-937	4

time: 946686969.85148
diff: 15.14851999282837
waiting
going to web site
Hello world	Thread-1008	2

time: 946686985.832832
diff: 7.167168021202087
waiting
going to web site
Hello world	Thread-1940	3

time: 946686993.8398329
diff: -0.8398329019546509
going to web site
Hello world	Thread-1942	4

time: 946686994.683132
diff: -1.6831320524215698
going to web site
Hello world	Thread-1945	3

time: 946686995.5189639
diff: 14.481036067008972
waiting
going to web site
Hello world	Thread-1126	3

time: 946687010.841833
diff: 14.158167004585266
waiting
going to web site
Hello world	Thread-1195	4

time: 946687025.86665
diff: 10.133350014686584
waiting
going to web site
Hello world	Thread-1249	2

time: 946687036.841833
diff: 1.1581670045852661
waiting
going to web site
Hello world	Thread-2037	3

time: 946687038.841833
diff: 31.158167004585266
waiting
going to web site
Hello world	Thread-1405	4

time: 946687070.841833
diff: 10.158167004585266
waiting
going to web site
Hello world	Thread-1449	3

time: 946687081.832833
diff: 31.16716694831848
waiting
going to web site
Hello world	Thread-1592	2

time: 946687113.832832
diff: 32.16716802120209
waiting
going to web site
Hello world	Thread-1731	2

time: 946687146.836833
diff: 20.163166999816895
waiting
going to web site
Hello world	Thread-1820	5

time: 946687167.836832
diff: 24.16316795349121
waiting
going to web site
Hello world	Thread-1922	4

time: 946687192.832832
diff: 15.167168021202087
waiting
going to web site
Hello world	Thread-1996	3

time: 946687209.841833
diff: 21.158167004585266
waiting
going to web site
Hello world	Thread-2090	2

time: 946687231.858311
diff: 33.14168894290924
waiting
going to web site
Hello world	Thread-2237	6

time: 946687265.832832
diff: 23.167168021202087
waiting
going to web site
Hello world	Thread-2348	2

time: 946687289.832833
diff: 9.167166948318481
waiting
going to web site
Hello world	Thread-2390	3

time: 946687299.832832
diff: 30.167168021202087
waiting
going to web site
Hello world	Thread-2528	2

time: 946687331.845833
diff: 20.15416705608368
waiting
going to web site
Hello world	Thread-2623	2

time: 946687353.851571
diff: 31.148429036140442
waiting
going to web site
Hello world	Thread-2769	3

time: 946687385.841833
diff: 19.158167004585266
waiting
going to web site
Hello world	Thread-2855	2

time: 946687405.842833
diff: 30.157166957855225
waiting
going to web site
Hello world	Thread-2987	3

time: 946687436.832832
diff: 22.167168021202087
waiting
going to web site
Hello world	Thread-3096	3

time: 946687459.841833
diff: 12.158167004585266
waiting
going to web site
Hello world	Thread-3146	5

time: 946687472.848833
diff: 21.151167035102844
waiting
going to web site
Hello world	Thread-3244	2

time: 946687494.832833
diff: 20.16716694831848
waiting
going to web site
Hello world	Thread-3330	6

time: 946687515.8418319
diff: 3.158168077468872
waiting
going to web site
Hello world	Thread-3351	2

time: 946687519.841833
diff: 34.158167004585266
waiting
going to web site
Hello world	Thread-3505	3

time: 946687554.832833
diff: 14.167166948318481
waiting
going to web site
Hello world	Thread-3569	2

time: 946687569.832832
diff: 26.167168021202087
waiting
going to web site
Hello world	Thread-3682	3

time: 946687596.841833
diff: 22.158167004585266
waiting
going to web site
Hello world	Thread-3798	3

time: 946687620.841833
diff: 28.158167004585266
waiting
going to web site
Hello world	Thread-3913	3

time: 946687649.841833
diff: 22.158167004585266
waiting
going to web site
Hello world	Thread-4016	4

time: 946687672.841833
diff: 23.158167004585266
waiting
going to web site
Hello world	Thread-4127	2

time: 946687696.841833
diff: 16.158167004585266
waiting
going to web site
Hello world	Thread-4198	2

time: 946687713.841833
diff: 38.158167004585266
waiting
going to web site
Hello world	Thread-4373	3

time: 946687752.841833
diff: 14.158167004585266
waiting
going to web site
Hello world	Thread-4434	2

time: 946687767.841833
diff: 29.158167004585266
waiting
going to web site
Hello world	Thread-4578	3

time: 946687797.864772
diff: 29.135228037834167
waiting
going to web site
Hello world	Thread-4714	2

time: 946687827.841833
diff: 6.158167004585266
waiting
going to web site
Hello world	Thread-4742	2

time: 946687834.841833
diff: 21.158167004585266
waiting
going to web site
Hello world	Thread-4838	2

time: 946687856.841833
diff: 19.158167004585266
waiting
going to web site
Hello world	Thread-4946	4

time: 946687879.842544
diff: 18.157456040382385
waiting
going to web site
Hello world	Thread-5031	3

time: 946687898.841833
diff: 24.158167004585266
waiting
going to web site
Hello world	Thread-5149	2

time: 946687923.849833
diff: 8.150166988372803
waiting
going to web site
Hello world	Thread-5186	2

time: 946687932.836832
diff: 26.16316795349121
waiting
going to web site
Hello world	Thread-5317	3

time: 946687959.832832
diff: 12.167168021202087
waiting
going to web site
Hello world	Thread-5385	2

time: 946687973.842833
diff: 38.157166957855225
waiting
going to web site
Hello world	Thread-5565	2

time: 946688012.832832
diff: 11.167168021202087
waiting
going to web site
Hello world	Thread-5623	2

time: 946688025.842833
diff: 24.157166957855225
waiting
going to web site
Hello world	Thread-5729	6

time: 946688050.832832
diff: 22.167168021202087
waiting
going to web site
Hello world	Thread-5834	3

time: 946688073.841833
diff: 34.158167004585266
waiting
going to web site
Hello world	Thread-5990	4

time: 946688108.832833
diff: 11.167166948318481
waiting
going to web site
Hello world	Thread-6042	4

time: 946688121.841833
diff: 12.158167004585266
waiting
going to web site
Hello world	Thread-6099	4

time: 946688134.841833
diff: 19.158167004585266
waiting
going to web site
Hello world	Thread-6190	2

time: 946688154.841833
diff: 26.158167004585266
waiting
going to web site
Hello world	Thread-6300	3

time: 946688181.841833
diff: 17.158167004585266
waiting
going to web site
Hello world	Thread-6379	3

time: 946688199.853416
diff: 27.146584033966064
waiting
going to web site
Hello world	Thread-6511	3

time: 946688228.842833
diff: 23.157166957855225
waiting
going to web site
Hello world	Thread-6612	4

time: 946688252.832832
diff: 24.167168021202087
waiting
going to web site
Hello world	Thread-6721	2

time: 946688277.841833
diff: 20.158167004585266
waiting
going to web site
Hello world	Thread-6814	3

time: 946688298.841833
diff: 11.158167004585266
waiting
going to web site
Hello world	Thread-6866	2

time: 946688310.832833
diff: 27.16716694831848
waiting
going to web site
Hello world	Thread-6990	5

time: 946688338.832832
diff: 27.167168021202087
waiting
going to web site
Hello world	Thread-7117	4

time: 946688367.841833
diff: 21.158167004585266
waiting
going to web site
Hello world	Thread-7220	2

time: 946688389.841833
diff: 37.158167004585266
waiting
going to web site
Hello world	Thread-7393	7

time: 946688427.832833
diff: 19.16716694831848
waiting
going to web site
Hello world	Thread-7476	4

time: 946688447.832832
diff: 18.167168021202087
waiting
going to web site
Hello world	Thread-7559	4

time: 946688466.832833
diff: 23.16716694831848
waiting
going to web site
Hello world	Thread-7664	3

time: 946688490.832832
diff: 20.167168021202087
waiting
going to web site
Hello world	Thread-7761	3

time: 946688511.841833
diff: 24.158167004585266
waiting
going to web site
Hello world	Thread-7871	6

time: 946688537.841833
diff: 16.158167004585266
waiting
going to web site
Hello world	Thread-7945	4

time: 946688554.841833
diff: 4.158167004585266
waiting
going to web site
Hello world	Thread-7970	2

time: 946688559.841833
diff: 30.158167004585266
waiting
going to web site
Hello world	Thread-8107	3

time: 946688590.841833
diff: 28.158167004585266
waiting
going to web site
Hello world	Thread-8240	2

time: 946688620.832833
diff: 12.167166948318481
waiting
going to web site
Hello world	Thread-8292	4

time: 946688633.832832
diff: 19.167168021202087
waiting
going to web site
Hello world	Thread-8378	3

time: 946688653.841833
diff: 20.158167004585266
waiting
going to web site
Hello world	Thread-8465	3

time: 946688674.832833
diff: 20.16716694831848
waiting
going to web site
Hello world	Thread-8552	2

time: 946688695.836832
diff: 27.16316795349121
waiting
going to web site
Hello world	Thread-8666	4

time: 946688723.832832
diff: 31.167168021202087
waiting
going to web site
Hello world	Thread-8795	3

time: 946688755.832833
diff: 23.16716694831848
waiting
going to web site
Hello world	Thread-8881	5

time: 946688779.832832
diff: 27.167168021202087
waiting
going to web site
Hello world	Thread-8998	2

time: 946688807.832833
diff: 19.16716694831848
waiting
going to web site
Hello world	Thread-9073	4

time: 946688827.832832
diff: 37.16716802120209
waiting
going to web site
Hello world	Thread-9243	5

time: 946688865.841833
diff: 20.158167004585266
waiting
going to web site
Hello world	Thread-9331	2

time: 946688886.8478329
diff: 22.152167081832886
waiting
going to web site
Hello world	Thread-9428	3

time: 946688909.841833
diff: 19.158167004585266
waiting
going to web site
Hello world	Thread-9516	4

time: 946688929.841833
diff: 17.158167004585266
waiting
going to web site
Hello world	Thread-9590	2

time: 946688947.832833
diff: 33.16716694831848
waiting
going to web site
Hello world	Thread-9747	4

time: 946688981.832832
diff: 20.167168021202087
waiting
going to web site
Hello world	Thread-9852	3

time: 946689002.841833
diff: 26.158167004585266
waiting
going to web site
Hello world	Thread-9976	3

time: 946689029.860833
diff: 26.139166951179504
waiting
going to web site
Hello world	Thread-10093	3

time: 946689056.836832
diff: 9.163167953491211
waiting
going to web site
Hello world	Thread-10139	4

time: 946689066.842832
diff: 18.15716803073883
waiting
going to web site
Hello world	Thread-10237	2

time: 946689085.836833
diff: 24.163166999816895
waiting
going to web site
Hello world	Thread-10344	4

time: 946689110.832832
diff: 22.167168021202087
waiting
going to web site
Hello world	Thread-10458	4

time: 946689133.832833
diff: 18.16716694831848
waiting
going to web site
Hello world	Thread-10546	5

time: 946689152.832832
diff: 34.16716802120209
waiting
going to web site
Hello world	Thread-10724	4

time: 946689188.859481
diff: 12.14051902294159
waiting
going to web site
Hello world	Thread-10790	2

time: 946689202.841833
diff: 15.158167004585266
waiting
going to web site
Hello world	Thread-10872	5

time: 946689219.841833
diff: 15.158167004585266
waiting
going to web site
Hello world	Thread-10944	3

time: 946689235.832833
diff: 12.167166948318481
waiting
going to web site
Hello world	Thread-11006	4

time: 946689248.832832
diff: 16.167168021202087
waiting
going to web site
Hello world	Thread-11090	3

time: 946689265.841833
diff: 40.158167004585266
waiting
going to web site
Hello world	Thread-11282	6

time: 946689306.5350649
diff: 10.464935064315796
waiting
going to web site
Hello world	Thread-11332	5

time: 946689317.536065
diff: 31.463935017585754
waiting
going to web site
Hello world	Thread-11481	4

time: 946689349.544065
diff: 16.45593500137329
waiting
going to web site
Hello world	Thread-11556	6

time: 946689366.544065
diff: 27.45593500137329
waiting
going to web site
Hello world	Thread-11692	5

time: 946689394.5350649
diff: 12.464935064315796
waiting
going to web site
Hello world	Thread-11752	5

time: 946689407.544065
diff: 15.455935001373291
waiting
going to web site
Hello world	Thread-11819	5

time: 946689423.536065
diff: 27.463935017585754
waiting
going to web site
Hello world	Thread-11948	4

time: 946689451.5350649
diff: 17.464935064315796
waiting
going to web site
Hello world	Thread-12029	3

time: 946689469.544065
diff: 19.45593500137329
waiting
going to web site
Hello world	Thread-12129	5

time: 946689489.5350649
diff: 20.464935064315796
waiting
going to web site
Hello world	Thread-12216	6

time: 946689510.526065
diff: 20.47393500804901
waiting
going to web site
Hello world	Thread-12311	4

time: 946689531.526065
diff: 23.47393500804901
waiting
going to web site
Hello world	Thread-12430	4

time: 946689555.544065
diff: 26.45593500137329
waiting
going to web site
Hello world	Thread-12545	6

time: 946689582.526065
diff: 18.47393500804901
waiting
going to web site
Hello world	Thread-12632	5

time: 946689601.526065
diff: 6.473935008049011
waiting
going to web site
Hello world	Thread-12658	6

time: 946689608.544065
diff: 39.45593500137329
waiting
going to web site
Hello world	Thread-12845	7

time: 946689648.539065
diff: 15.46093499660492
waiting
going to web site
Hello world	Thread-12923	5

time: 946689664.5350641
diff: 29.464935898780823
waiting
going to web site
Hello world	Thread-13064	6

time: 946689694.5350641
diff: 19.464935898780823
waiting
going to web site
Hello world	Thread-13153	6

time: 946689714.5350641
diff: 37.46493589878082
waiting
going to web site
Hello world	Thread-13330	4

time: 946689752.5350641
diff: 14.464935898780823
waiting
going to web site
Hello world	Thread-13393	7

time: 946689767.5350641
diff: 18.464935898780823
waiting
going to web site
Hello world	Thread-13477	5

time: 946689786.526064
diff: 18.473935961723328
waiting
going to web site
Hello world	Thread-13565	3

time: 946689805.5350641
diff: 4.464935898780823
waiting
going to web site
Hello world	Thread-13587	6

time: 946689810.5350641
diff: 39.46493589878082
waiting
going to web site
Hello world	Thread-13782	7

time: 946689850.5350641
diff: 17.464935898780823
waiting
going to web site
Hello world	Thread-13865	7

time: 946689868.534064
diff: 15.465935945510864
waiting
going to web site
Hello world	Thread-13937	4

time: 946689884.536033
diff: 25.463966965675354
waiting
going to web site
Hello world	Thread-14055	6

time: 946689910.6995599
diff: 9.300440073013306
waiting
going to web site
Hello world	Thread-14089	4

time: 946689920.699561
diff: 26.3004390001297
waiting
going to web site
Hello world	Thread-14215	5

time: 946689947.699561
diff: 23.3004390001297
waiting
going to web site
Hello world	Thread-14313	4

time: 946689971.704561
diff: 21.29543900489807
waiting
going to web site
Hello world	Thread-14410	5

time: 946689993.699561
diff: 21.3004390001297
waiting
going to web site
Hello world	Thread-14506	3

time: 946690015.699561
diff: 28.3004390001297
waiting
going to web site
Hello world	Thread-14632	3

time: 946690044.699561
diff: 6.3004390001297
waiting
going to web site
Hello world	Thread-14660	4

time: 946690051.699561
diff: 37.3004390001297
waiting
going to web site
Hello world	Thread-14822	4

time: 946690089.699561
diff: 9.3004390001297
waiting
going to web site
Hello world	Thread-14868	6

time: 946690099.699561
diff: 27.3004390001297
waiting
going to web site
Hello world	Thread-14988	2

time: 946690127.699561
diff: 26.3004390001297
waiting
going to web site
Hello world	Thread-15100	3

time: 946690154.699561
diff: 28.3004390001297
waiting
going to web site
Hello world	Thread-15218	3

time: 946690183.699561
diff: 22.3004390001297
waiting
going to web site
Hello world	Thread-15323	5

time: 946690206.699561
diff: 17.3004390001297
waiting
going to web site
Hello world	Thread-15398	4

time: 946690224.699561
diff: 18.3004390001297
waiting
going to web site
Hello world	Thread-15485	2

time: 946690243.699561
diff: 21.3004390001297
waiting
going to web site
Hello world	Thread-15577	5

time: 946690265.699561
diff: 20.3004390001297
waiting
going to web site
Hello world	Thread-15668	5

time: 946690286.699561
diff: 31.3004390001297
waiting
going to web site
Hello world	Thread-15812	5

time: 946690318.699561
diff: 30.3004390001297
waiting
going to web site
Hello world	Thread-15940	5

time: 946690349.699561
diff: 22.3004390001297
waiting
going to web site
Hello world	Thread-16037	6

time: 946690372.699561
diff: 14.3004390001297
waiting
going to web site
Hello world	Thread-16104	6

time: 946690387.699561
diff: 34.3004390001297
waiting
going to web site
Hello world	Thread-16257	3

time: 946690422.699561
diff: 10.3004390001297
waiting
going to web site
Hello world	Thread-16305	3

time: 946690433.699561
diff: 21.3004390001297
waiting
going to web site
Hello world	Thread-16398	5

time: 946690455.699561
diff: 18.3004390001297
waiting
going to web site
Hello world	Thread-16485	3

time: 946690474.699561
diff: 20.3004390001297
waiting
going to web site
Hello world	Thread-16578	6

time: 946690495.699561
diff: 27.3004390001297
waiting
going to web site
Hello world	Thread-16699	2

time: 946690523.852833
diff: 24.147166967391968
waiting
going to web site
Hello world	Thread-16806	2

time: 946690548.832832
diff: 31.167168021202087
waiting
going to web site
Hello world	Thread-16949	2

time: 946690580.841833
diff: 19.158167004585266
waiting
going to web site
Hello world	Thread-17037	3

time: 946690600.832833
diff: 22.16716694831848
waiting
going to web site
Hello world	Thread-17129	4

time: 946690623.834832
diff: 31.165168046951294
waiting
going to web site
Hello world	Thread-17264	3

time: 946690655.841833
diff: 10.158167004585266
waiting
going to web site
Hello world	Thread-17314	2

time: 946690666.836833
diff: 25.163166999816895
waiting
going to web site
Hello world	Thread-17427	5

time: 946690692.832832
diff: 11.167168021202087
waiting
going to web site
Hello world	Thread-17480	2

time: 946690704.832833
diff: 31.16716694831848
waiting
going to web site
Hello world	Thread-17621	5

time: 946690736.832832
diff: 11.167168021202087
waiting
going to web site
Hello world	Thread-17672	4

time: 946690748.841833
diff: 25.158167004585266
waiting
going to web site
Hello world	Thread-17790	2

time: 946690774.841833
diff: 28.158167004585266
waiting
going to web site
Hello world	Thread-17908	2

time: 946690803.841833
diff: 29.158167004585266
waiting
going to web site
Hello world	Thread-18043	3

time: 946690833.832833
diff: 27.16716694831848
waiting
going to web site
Hello world	Thread-18149	3

time: 946690861.832832
diff: 18.167168021202087
waiting
going to web site
Hello world	Thread-18229	2

time: 946690880.841833
diff: 23.158167004585266
waiting
going to web site
Hello world	Thread-18333	4

time: 946690904.832833
diff: 19.16716694831848
waiting
going to web site
Hello world	Thread-18412	3

time: 946690924.832832
diff: 13.167168021202087
waiting
going to web site
Hello world	Thread-18478	2

time: 946690938.841833
diff: 19.158167004585266
waiting
going to web site
Hello world	Thread-18564	2

time: 946690958.841833
diff: 37.158167004585266
waiting
going to web site
Hello world	Thread-18729	4

time: 946690996.841833
diff: 14.158167004585266
waiting
going to web site
Hello world	Thread-18797	3

time: 946691011.841833
diff: 22.158167004585266
waiting
going to web site
Hello world	Thread-18896	3

time: 946691034.832833
diff: 26.16716694831848
waiting
going to web site
Hello world	Thread-19016	3

time: 946691061.836832
diff: 19.16316795349121
waiting
going to web site
Hello world	Thread-19107	2

time: 946691081.844832
diff: 29.155168056488037
waiting
going to web site
Hello world	Thread-19241	3

time: 946691112.860833
diff: 16.139166951179504
waiting
going to web site
Hello world	Thread-19314	3

time: 946691129.5350641
diff: 25.464935898780823
waiting
going to web site
Hello world	Thread-19434	7

time: 946691155.5350641
diff: 21.464935898780823
waiting
going to web site
Hello world	Thread-19536	4

time: 946691177.526064
diff: 22.473935961723328
waiting
going to web site
Hello world	Thread-19636	5

time: 946691200.5350641
diff: 23.464935898780823
waiting
going to web site
Hello world	Thread-19747	5

time: 946691224.5350641
diff: 24.464935898780823
waiting
going to web site
Hello world	Thread-19856	6

time: 946691249.526064
diff: 20.473935961723328
waiting
going to web site
Hello world	Thread-19962	5

time: 946691270.534064
diff: 27.465935945510864
waiting
going to web site
Hello world	Thread-20086	6

time: 946691298.5350641
diff: 13.464935898780823
waiting
going to web site
Hello world	Thread-20154	6

time: 946691312.5330639
diff: 18.466936111450195
waiting
going to web site
Hello world	Thread-20246	5

time: 946691331.5370649
diff: 14.462935090065002
waiting
going to web site
Hello world	Thread-20310	5

time: 946691346.544065
diff: 27.45593500137329
waiting
going to web site
Hello world	Thread-20458	5

time: 946691374.541065
diff: 26.458935022354126
waiting
going to web site
Hello world	Thread-20588	4

time: 946691401.526065
diff: 16.47393500804901
waiting
going to web site
Hello world	Thread-20672	4

time: 946691418.526065
diff: 23.47393500804901
waiting
going to web site
Hello world	Thread-20782	2

time: 946691442.526065
diff: 24.47393500804901
waiting
going to web site
Hello world	Thread-20901	7

time: 946691467.542065
diff: 4.4579349756240845
waiting
going to web site
Hello world	Thread-20920	5

time: 946691472.5350641
diff: 20.464935898780823
waiting
going to web site
Hello world	Thread-21020	6

time: 946691493.5350641
diff: 32.46493589878082
waiting
going to web site
Hello world	Thread-21180	6

time: 946691526.5350641
diff: 13.464935898780823
waiting
going to web site
Hello world	Thread-21246	5

time: 946691540.5330639
diff: 14.466936111450195
waiting
going to web site
Hello world	Thread-21315	6

time: 946691555.5350649
diff: 27.464935064315796
waiting
going to web site
Hello world	Thread-21436	4

time: 946691583.5350649
diff: 17.464935064315796
waiting
going to web site
Hello world	Thread-21521	6

time: 946691601.544065
diff: 21.45593500137329
waiting
going to web site
Hello world	Thread-21620	5

time: 946691623.544065
diff: 16.45593500137329
waiting
going to web site
Hello world	Thread-21695	6

time: 946691640.540065
diff: 17.459934949874878
waiting
going to web site
Hello world	Thread-21772	5

time: 946691658.5350641
diff: 33.46493589878082
waiting
going to web site
Hello world	Thread-21922	6

time: 946691692.5350649
diff: 8.464935064315796
waiting
going to web site
Hello world	Thread-21962	6

time: 946691701.543065
diff: 25.456935048103333
waiting
going to web site
Hello world	Thread-22080	6

time: 946691727.5350649
diff: 37.464935064315796
waiting
going to web site
Hello world	Thread-22245	6

time: 946691765.5350649
diff: 27.464935064315796
waiting
going to web site
Hello world	Thread-22364	6

time: 946691793.544065
diff: 11.455935001373291
waiting
going to web site
Hello world	Thread-22416	4

time: 946691805.5350649
diff: 20.464935064315796
waiting
going to web site
Hello world	Thread-22512	5

time: 946691826.544065
diff: 29.45593500137329
waiting
going to web site
Hello world	Thread-22636	5

time: 946691856.5350649
diff: 23.464935064315796
waiting
going to web site
Hello world	Thread-22749	6

time: 946691880.543833
diff: 6.456166982650757
waiting
going to web site
Hello world	Thread-22776	6

time: 946691887.530064
diff: 35.46993601322174
waiting
going to web site
Hello world	Thread-22941	6

time: 946691923.5350649
diff: 25.464935064315796
waiting
going to web site
Hello world	Thread-23057	6

time: 946691949.5448331
diff: 10.455166935920715
waiting
going to web site
Hello world	Thread-23113	6

time: 946691960.5350641
diff: 30.464935898780823
waiting
going to web site
Hello world	Thread-23257	7

time: 946691991.5350641
diff: 20.464935898780823
waiting
going to web site
Hello world	Thread-23353	6

time: 946692012.5350641
diff: 26.464935898780823
waiting
going to web site
Hello world	Thread-23482	7

time: 946692039.5350641
diff: 8.464935898780823
waiting
going to web site
Hello world	Thread-23528	7

time: 946692048.534064
diff: 37.465935945510864
waiting
going to web site
Hello world	Thread-23708	7

time: 946692086.526064
diff: 6.473935961723328
waiting
going to web site
Hello world	Thread-23741	5

time: 946692093.5350641
diff: 30.464935898780823
waiting
going to web site
Hello world	Thread-23892	4

time: 946692124.535549
diff: 19.46445095539093
waiting
going to web site
Hello world	Thread-23985	6

time: 946692144.5350641
diff: 26.464935898780823
waiting
going to web site
Hello world	Thread-24104	6

time: 946692171.526064
diff: 8.473935961723328
waiting
going to web site
Hello world	Thread-24141	6

time: 946692180.5350641
diff: 17.464935898780823
waiting
going to web site
Hello world	Thread-24225	6

time: 946692198.5350641
diff: 30.464935898780823
waiting
going to web site
Hello world	Thread-24376	5

time: 946692229.5350641
diff: 5.464935898780823
waiting
going to web site
Hello world	Thread-24394	7

time: 946692235.5350641
diff: 29.464935898780823
waiting
going to web site
Hello world	Thread-24539	5

time: 946692265.5350641
diff: 10.464935898780823
waiting
going to web site
Hello world	Thread-24583	3

time: 946692276.526064
diff: 20.473935961723328
waiting
going to web site
Hello world	Thread-24678	5

time: 946692297.526064
diff: 16.473935961723328
waiting
going to web site
Hello world	Thread-24751	6

time: 946692314.526064
diff: 29.473935961723328
waiting
going to web site
Hello world	Thread-24883	7

time: 946692344.5270641
diff: 27.472935914993286
waiting
going to web site
Hello world	Thread-25009	4

time: 946692372.718408
diff: 16.28159201145172
waiting
going to web site
Hello world	Thread-25070	5

time: 946692389.7314091
diff: 34.26859092712402
waiting
going to web site
Hello world	Thread-25222	4

time: 946692424.718408
diff: 20.28159201145172
waiting
going to web site
Hello world	Thread-25312	5

time: 946692445.731723
diff: 23.268277049064636
waiting
going to web site
Hello world	Thread-25411	5

time: 946692469.727409
diff: 27.2725909948349
waiting
going to web site
Hello world	Thread-25529	2

time: 946692497.718408
diff: 11.281592011451721
waiting
going to web site
Hello world	Thread-25576	6

time: 946692509.727409
diff: 34.2725909948349
waiting
going to web site
Hello world	Thread-25726	2

time: 946692544.727501
diff: 19.272498965263367
waiting
going to web site
Hello world	Thread-25812	3

time: 946692564.731408
diff: 21.26859200000763
waiting
going to web site
Hello world	Thread-25907	5

time: 946692586.718409
diff: 15.281591057777405
waiting
going to web site
Hello world	Thread-25971	6

time: 946692602.731241
diff: 30.26875901222229
waiting
going to web site
Hello world	Thread-26100	5

time: 946692633.736409
diff: 20.263591051101685
waiting
going to web site
Hello world	Thread-26188	2

time: 946692654.7314091
diff: 31.268590927124023
waiting
going to web site
Hello world	Thread-26298	2

time: 946692686.723408
diff: 18.276592016220093
waiting
going to web site
Hello world	Thread-26358	5

time: 946692705.7314091
diff: 19.268590927124023
waiting
going to web site
Hello world	Thread-26416	4

time: 946692725.718408
diff: 22.28159201145172
waiting
going to web site
Hello world	Thread-26489	3

time: 946692748.742409
diff: 26.257591009140015
waiting
going to web site
Hello world	Thread-26552	3

time: 946692775.718409
diff: 34.281591057777405
waiting
going to web site
Hello world	Thread-26631	3

time: 946692810.7314091
diff: 22.268590927124023
waiting
going to web site
Hello world	Thread-26672	2

time: 946692833.724408
diff: 3.2755919694900513
waiting
going to web site
Hello world	Thread-26677	2

time: 946692837.718408
diff: 32.28159201145172
waiting
going to web site
Hello world	Thread-26726	3

