time: 946686600.0
diff: 295.0
waiting
going to web site
Hello world	Thread-1479	5

time: 946686895.5300651
diff: 0.46993494033813477
waiting
going to web site
Hello world	Thread-1484	3

time: 946686896.532064
diff: 2.4679360389709473
waiting
going to web site
Hello world	Thread-1498	4

time: 946686899.5342929
diff: -0.5342929363250732
going to web site
Hello world	Thread-1501	4

time: 946686900.060357
diff: -0.060356974601745605
going to web site
Hello world	Thread-1506	5

time: 946686900.590421
diff: -0.5904209613800049
going to web site
Hello world	Thread-1509	3

time: 946686901.1214851
diff: -0.12148511409759521
going to web site
Hello world	Thread-1516	6

time: 946686901.6827279
diff: 2.3172720670700073
waiting
going to web site
Hello world	Thread-1533	5

time: 946686904.542065
diff: 2.4579349756240845
waiting
going to web site
Hello world	Thread-1549	5

time: 946686907.534064
diff: 0.46593594551086426
waiting
going to web site
Hello world	Thread-1557	8

time: 946686908.5330639
diff: 1.4669361114501953
waiting
going to web site
Hello world	Thread-1577	5

time: 946686910.549749
diff: -0.5497490167617798
going to web site
Hello world	Thread-1583	3

time: 946686911.0758129
diff: -0.0758129358291626
going to web site
Hello world	Thread-1585	5

time: 946686911.622877
diff: 0.37712299823760986
waiting
going to web site
Hello world	Thread-1591	4

time: 946686912.534442
diff: 5.465558052062988
waiting
going to web site
Hello world	Thread-1636	6

time: 946686918.544644
diff: -0.5446439981460571
going to web site
Hello world	Thread-716	2

time: 946686919.076708
diff: 9.92329204082489
waiting
going to web site
Hello world	Thread-747	4

time: 946686929.5510269
diff: 29.448973059654236
waiting
going to web site
Hello world	Thread-894	6

time: 946686959.544065
diff: 14.455935001373291
waiting
going to web site
Hello world	Thread-965	7

time: 946686974.5350649
diff: 16.464935064315796
waiting
going to web site
Hello world	Thread-1036	5

time: 946686991.544065
diff: 22.45593500137329
waiting
going to web site
Hello world	Thread-1146	7

time: 946687014.526065
diff: 20.47393500804901
waiting
going to web site
Hello world	Thread-1241	6

time: 946687035.5421131
diff: 7.4578869342803955
waiting
going to web site
Hello world	Thread-1279	5

time: 946687043.5330639
diff: 24.466936111450195
waiting
going to web site
Hello world	Thread-1390	6

time: 946687068.544065
diff: 16.45593500137329
waiting
going to web site
Hello world	Thread-1470	3

time: 946687085.5350649
diff: 21.464935064315796
waiting
going to web site
Hello world	Thread-1564	5

time: 946687107.526065
diff: 11.473935008049011
waiting
going to web site
Hello world	Thread-1616	5

time: 946687119.5350649
diff: 43.464935064315796
waiting
going to web site
Hello world	Thread-1805	2

time: 946687163.5350649
diff: 17.464935064315796
waiting
going to web site
Hello world	Thread-1871	6

time: 946687181.544065
diff: 30.45593500137329
waiting
going to web site
Hello world	Thread-2003	3

time: 946687212.541065
diff: 9.458935022354126
waiting
going to web site
Hello world	Thread-2050	6

time: 946687222.526065
diff: 32.47393500804901
waiting
going to web site
Hello world	Thread-2191	6

time: 946687255.543065
diff: 16.456935048103333
waiting
going to web site
Hello world	Thread-2264	6

time: 946687272.541065
diff: 20.458935022354126
waiting
going to web site
Hello world	Thread-2364	7

time: 946687293.541065
diff: 33.458935022354126
waiting
going to web site
Hello world	Thread-2503	9

time: 946687327.542065
diff: 23.457934975624084
waiting
going to web site
Hello world	Thread-2611	7

time: 946687351.526064
diff: 11.473935961723328
waiting
going to web site
Hello world	Thread-2668	3

time: 946687363.526064
diff: 26.473935961723328
waiting
going to web site
Hello world	Thread-2788	7

time: 946687390.5350641
diff: 32.46493589878082
waiting
going to web site
Hello world	Thread-2930	6

time: 946687423.5350641
diff: 17.464935898780823
waiting
going to web site
Hello world	Thread-3005	4

time: 946687441.532833
diff: 31.467167019844055
waiting
going to web site
Hello world	Thread-3150	6

time: 946687473.5350649
diff: 11.464935064315796
waiting
going to web site
Hello world	Thread-3203	4

time: 946687485.543065
diff: 20.456935048103333
waiting
going to web site
Hello world	Thread-3290	7

time: 946687506.5350649
diff: 24.464935064315796
waiting
going to web site
Hello world	Thread-3405	5

time: 946687531.544065
diff: 15.455935001373291
waiting
going to web site
Hello world	Thread-3473	4

time: 946687547.5350649
diff: 21.464935064315796
waiting
going to web site
Hello world	Thread-3565	5

time: 946687569.5350649
diff: 23.464935064315796
waiting
going to web site
Hello world	Thread-3667	5

time: 946687593.5350649
diff: 23.464935064315796
waiting
going to web site
Hello world	Thread-3781	4

time: 946687617.544065
diff: 18.45593500137329
waiting
going to web site
Hello world	Thread-3860	6

time: 946687636.5350649
diff: 21.464935064315796
waiting
going to web site
Hello world	Thread-3953	6

time: 946687658.544065
diff: 27.45593500137329
waiting
going to web site
Hello world	Thread-4078	5

time: 946687686.539065
diff: 28.46093499660492
waiting
going to web site
Hello world	Thread-4206	6

time: 946687715.5350641
diff: 22.464935898780823
waiting
going to web site
Hello world	Thread-4307	4

time: 946687738.5350641
diff: 18.464935898780823
waiting
going to web site
Hello world	Thread-4390	6

time: 946687757.534064
diff: 32.465935945510864
waiting
going to web site
Hello world	Thread-4536	7

time: 946687790.529519
diff: 12.470481038093567
waiting
going to web site
Hello world	Thread-4598	2

time: 946687803.526065
diff: 24.47393500804901
waiting
going to web site
Hello world	Thread-4716	5

time: 946687828.526065
diff: 37.47393500804901
waiting
going to web site
Hello world	Thread-4880	6

time: 946687866.544065
diff: 20.45593500137329
waiting
going to web site
Hello world	Thread-4976	6

time: 946687887.5380651
diff: 7.461934924125671
waiting
going to web site
Hello world	Thread-5011	7

time: 946687895.5350641
diff: 13.464935898780823
waiting
going to web site
Hello world	Thread-5072	6

time: 946687909.526064
diff: 30.473935961723328
waiting
going to web site
Hello world	Thread-5224	4

time: 946687940.5350641
diff: 23.464935898780823
waiting
going to web site
Hello world	Thread-5334	7

time: 946687964.5350641
diff: 12.464935898780823
waiting
going to web site
Hello world	Thread-5404	6

time: 946687977.5350641
diff: 13.464935898780823
waiting
going to web site
Hello world	Thread-5464	5

time: 946687991.5350641
diff: 34.46493589878082
waiting
going to web site
Hello world	Thread-5625	4

time: 946688026.5350641
diff: 22.464935898780823
waiting
going to web site
Hello world	Thread-5721	7

time: 946688049.532064
diff: 21.467936038970947
waiting
going to web site
Hello world	Thread-5824	3

time: 946688071.544065
diff: 11.455935001373291
waiting
going to web site
Hello world	Thread-5882	4

time: 946688083.5350649
diff: 35.464935064315796
waiting
going to web site
Hello world	Thread-6031	4

time: 946688119.732325
diff: 27.267675042152405
waiting
going to web site
Hello world	Thread-6157	3

time: 946688147.733585
diff: 17.266414999961853
waiting
going to web site
Hello world	Thread-6233	3

time: 946688165.732325
diff: 11.267675042152405
waiting
going to web site
Hello world	Thread-6279	3

time: 946688177.732585
diff: 22.267415046691895
waiting
going to web site
Hello world	Thread-6380	4

time: 946688200.730023
diff: 18.26997697353363
waiting
going to web site
Hello world	Thread-6468	4

time: 946688219.7205839
diff: 24.27941608428955
waiting
going to web site
Hello world	Thread-6575	6

time: 946688244.720585
diff: 17.279415011405945
waiting
going to web site
Hello world	Thread-6660	2

time: 946688262.732585
diff: 22.267415046691895
waiting
going to web site
Hello world	Thread-6759	5

time: 946688285.720585
diff: 35.279415011405945
waiting
going to web site
Hello world	Thread-6918	6

time: 946688321.720585
diff: 6.279415011405945
waiting
going to web site
Hello world	Thread-6947	5

time: 946688328.732585
diff: 21.267415046691895
waiting
going to web site
Hello world	Thread-7042	4

time: 946688350.729585
diff: 27.27041494846344
waiting
going to web site
Hello world	Thread-7171	6

time: 946688378.7205839
diff: 35.27941608428955
waiting
going to web site
Hello world	Thread-7330	4

time: 946688414.738917
diff: 13.261083006858826
waiting
going to web site
Hello world	Thread-7395	4

time: 946688428.720585
diff: 36.279415011405945
waiting
going to web site
Hello world	Thread-7554	3

time: 946688465.720585
diff: 13.279415011405945
waiting
going to web site
Hello world	Thread-7621	7

time: 946688479.720585
diff: 34.279415011405945
waiting
going to web site
Hello world	Thread-7770	6

time: 946688514.720585
diff: 19.279415011405945
waiting
going to web site
Hello world	Thread-7854	4

time: 946688534.7341319
diff: 17.265868067741394
waiting
going to web site
Hello world	Thread-7931	6

time: 946688552.732585
diff: 10.267415046691895
waiting
going to web site
Hello world	Thread-7990	3

time: 946688563.732585
diff: 18.267415046691895
waiting
going to web site
Hello world	Thread-8068	4

time: 946688582.741585
diff: 21.25841498374939
waiting
going to web site
Hello world	Thread-8165	5

time: 946688604.7205839
diff: 18.27941608428955
waiting
going to web site
Hello world	Thread-8249	2

time: 946688623.732585
diff: 34.267415046691895
waiting
going to web site
Hello world	Thread-8398	4

time: 946688658.741585
diff: 11.25841498374939
waiting
going to web site
Hello world	Thread-8451	3

time: 946688670.741584
diff: 14.258416056632996
waiting
going to web site
Hello world	Thread-8510	3

time: 946688685.732585
diff: 17.267415046691895
waiting
going to web site
Hello world	Thread-8582	3

time: 946688703.732325
diff: 34.267675042152405
waiting
going to web site
Hello world	Thread-8726	2

time: 946688738.699561
diff: 21.3004390001297
waiting
going to web site
Hello world	Thread-8810	6

time: 946688760.699561
diff: 31.3004390001297
waiting
going to web site
Hello world	Thread-8927	4

time: 946688792.699561
diff: 34.3004390001297
waiting
going to web site
Hello world	Thread-9072	5

time: 946688827.699561
diff: 18.3004390001297
waiting
going to web site
Hello world	Thread-9161	4

time: 946688846.699561
diff: 22.3004390001297
waiting
going to web site
Hello world	Thread-9256	3

time: 946688869.699561
diff: 30.3004390001297
waiting
going to web site
Hello world	Thread-9390	2

time: 946688900.699561
diff: 28.3004390001297
waiting
going to web site
Hello world	Thread-9514	5

time: 946688929.699561
diff: 22.3004390001297
waiting
going to web site
Hello world	Thread-9614	3

time: 946688952.699561
diff: 12.3004390001297
waiting
going to web site
Hello world	Thread-9671	5

time: 946688965.699561
diff: 24.3004390001297
waiting
going to web site
Hello world	Thread-9793	3

time: 946688990.699561
diff: 34.3004390001297
waiting
going to web site
Hello world	Thread-9956	5

time: 946689025.699561
diff: 23.3004390001297
waiting
going to web site
Hello world	Thread-10061	5

time: 946689049.7085611
diff: 30.291438937187195
waiting
going to web site
Hello world	Thread-10210	7

time: 946689080.6995599
diff: 6.300440073013306
waiting
going to web site
Hello world	Thread-10246	5

time: 946689087.699561
diff: 19.3004390001297
waiting
going to web site
Hello world	Thread-10329	6

time: 946689107.7135609
diff: 18.286439061164856
waiting
going to web site
Hello world	Thread-10422	2

time: 946689126.699561
diff: 27.3004390001297
waiting
going to web site
Hello world	Thread-10551	6

time: 946689154.699561
diff: 25.3004390001297
waiting
going to web site
Hello world	Thread-10676	6

time: 946689180.699561
diff: 5.3004390001297
waiting
going to web site
Hello world	Thread-10709	4

time: 946689186.699561
diff: 35.3004390001297
waiting
going to web site
Hello world	Thread-10882	4

time: 946689222.699561
diff: 22.3004390001297
waiting
going to web site
Hello world	Thread-10988	5

time: 946689245.713817
diff: 12.2861829996109
waiting
going to web site
Hello world	Thread-11054	6

time: 946689258.6995599
diff: 11.300440073013306
waiting
going to web site
Hello world	Thread-11109	4

time: 946689270.7085611
diff: 13.291438937187195
waiting
going to web site
Hello world	Thread-11174	5

time: 946689284.6995599
diff: 32.300440073013306
waiting
going to web site
Hello world	Thread-11333	3

time: 946689317.699561
diff: 24.3004390001297
waiting
going to web site
Hello world	Thread-11451	2

time: 946689342.877868
diff: 16.122131943702698
waiting
going to web site
Hello world	Thread-11527	5

time: 946689359.849036
diff: 21.15096402168274
waiting
going to web site
Hello world	Thread-11634	2

time: 946689381.8550371
diff: 27.144962906837463
waiting
going to web site
Hello world	Thread-11765	2

time: 946689409.8590361
diff: 14.140963912010193
waiting
going to web site
Hello world	Thread-11823	7

time: 946689424.849036
diff: 18.15096402168274
waiting
going to web site
Hello world	Thread-11905	2

time: 946689443.849037
diff: 30.150962948799133
waiting
going to web site
Hello world	Thread-12059	4

time: 946689474.849036
diff: 11.15096402168274
waiting
going to web site
Hello world	Thread-12122	2

time: 946689487.859037
diff: 9.140962958335876
waiting
going to web site
Hello world	Thread-12162	4

time: 946689497.849036
diff: 29.15096402168274
waiting
going to web site
Hello world	Thread-12296	2

time: 946689527.850037
diff: 24.14996302127838
waiting
going to web site
Hello world	Thread-12450	2

time: 946689559.859037
diff: 19.140962958335876
waiting
going to web site
Hello world	Thread-12533	2

time: 946689579.850935
diff: 15.149065017700195
waiting
going to web site
Hello world	Thread-12610	2

time: 946689595.859037
diff: 14.140962958335876
waiting
going to web site
Hello world	Thread-12671	4

time: 946689610.849036
diff: 20.15096402168274
waiting
going to web site
Hello world	Thread-12770	3

time: 946689631.859037
diff: 24.140962958335876
waiting
going to web site
Hello world	Thread-12883	2

time: 946689656.8590361
diff: 18.140963912010193
waiting
going to web site
Hello world	Thread-12977	3

time: 946689675.849036
diff: 24.15096402168274
waiting
going to web site
Hello world	Thread-13096	2

time: 946689700.879037
diff: 27.120962977409363
waiting
going to web site
Hello world	Thread-13212	2

time: 946689728.8590361
diff: 22.140963912010193
waiting
going to web site
Hello world	Thread-13326	3

time: 946689751.858935
diff: 34.14106500148773
waiting
going to web site
Hello world	Thread-13483	3

time: 946689787.860037
diff: 14.139963030815125
waiting
going to web site
Hello world	Thread-13552	3

time: 946689802.859037
diff: 18.140962958335876
waiting
going to web site
Hello world	Thread-13646	2

time: 946689821.850935
diff: 21.149065017700195
waiting
going to web site
Hello world	Thread-13746	4

time: 946689843.859037
diff: 13.140962958335876
waiting
going to web site
Hello world	Thread-13814	2

time: 946689857.8590361
diff: 30.140963912010193
waiting
going to web site
Hello world	Thread-13956	2

time: 946689888.8590361
diff: 7.140963912010193
waiting
going to web site
Hello world	Thread-13988	3

time: 946689896.849036
diff: 24.15096402168274
waiting
going to web site
Hello world	Thread-14096	3

time: 946689921.8630371
diff: 25.136962890625
waiting
going to web site
Hello world	Thread-14217	3

time: 946689947.842832
diff: 7.157168030738831
waiting
going to web site
Hello world	Thread-14249	3

time: 946689955.841833
diff: 30.158167004585266
waiting
going to web site
Hello world	Thread-14390	3

time: 946689987.8588331
diff: 20.141166925430298
waiting
going to web site
Hello world	Thread-14481	4

time: 946690008.832832
diff: 16.167168021202087
waiting
going to web site
Hello world	Thread-14554	6

time: 946690025.832833
diff: 19.16716694831848
waiting
going to web site
Hello world	Thread-14635	6

time: 946690045.832832
diff: 37.16716802120209
waiting
going to web site
Hello world	Thread-14797	5

time: 946690083.832833
diff: 13.167166948318481
waiting
going to web site
Hello world	Thread-14860	4

time: 946690097.832832
diff: 34.16716802120209
waiting
going to web site
Hello world	Thread-15010	3

time: 946690132.843833
diff: 14.156167030334473
waiting
going to web site
Hello world	Thread-15069	3

time: 946690147.841833
diff: 27.158167004585266
waiting
going to web site
Hello world	Thread-15192	4

time: 946690176.841833
diff: 17.158167004585266
waiting
going to web site
Hello world	Thread-15264	3

time: 946690194.841833
diff: 27.158167004585266
waiting
going to web site
Hello world	Thread-15387	5

time: 946690222.841833
diff: 31.158167004585266
waiting
going to web site
Hello world	Thread-15527	4

time: 946690254.841833
diff: 22.158167004585266
waiting
going to web site
Hello world	Thread-15634	2

time: 946690277.841833
diff: 5.158167004585266
waiting
going to web site
Hello world	Thread-15654	2

time: 946690283.832833
diff: 32.16716694831848
waiting
going to web site
Hello world	Thread-15805	3

time: 946690316.840832
diff: 21.159168004989624
waiting
going to web site
Hello world	Thread-15895	3

time: 946690338.841833
diff: 15.158167004585266
waiting
going to web site
Hello world	Thread-15963	2

time: 946690354.841833
diff: 21.158167004585266
waiting
going to web site
Hello world	Thread-16061	2

time: 946690376.841833
diff: 24.158167004585266
waiting
going to web site
Hello world	Thread-16164	4

time: 946690401.841833
diff: 27.158167004585266
waiting
going to web site
Hello world	Thread-16287	2

time: 946690429.841833
diff: 22.158167004585266
waiting
going to web site
Hello world	Thread-16384	2

time: 946690452.836833
diff: 18.163166999816895
waiting
going to web site
Hello world	Thread-16475	6

time: 946690472.832832
diff: 17.167168021202087
waiting
going to web site
Hello world	Thread-16593	2

time: 946690497.8554809
diff: 24.144519090652466
waiting
going to web site
Hello world	Thread-16723	3

time: 946690529.845833
diff: 11.15416705608368
waiting
going to web site
Hello world	Thread-16778	2

time: 946690541.841833
diff: 18.158167004585266
waiting
going to web site
Hello world	Thread-16866	3

time: 946690561.845833
diff: 35.15416705608368
waiting
going to web site
Hello world	Thread-17028	2

time: 946690598.842833
diff: 22.157166957855225
waiting
going to web site
Hello world	Thread-17119	7

time: 946690621.832832
diff: 13.167168021202087
waiting
going to web site
Hello world	Thread-17183	2

time: 946690635.8398329
diff: 30.16016709804535
waiting
going to web site
Hello world	Thread-17312	4

time: 946690666.836833
diff: 26.163166999816895
waiting
going to web site
Hello world	Thread-17434	4

time: 946690693.832832
diff: 7.167168021202087
waiting
going to web site
Hello world	Thread-17469	2

time: 946690701.841833
diff: 30.158167004585266
waiting
going to web site
Hello world	Thread-17635	3

time: 946690739.851833
diff: 15.14816701412201
waiting
going to web site
Hello world	Thread-17708	3

time: 946690756.842665
diff: 12.157335042953491
waiting
going to web site
Hello world	Thread-17781	2

time: 946690772.851833
diff: 7.148167014122009
waiting
going to web site
Hello world	Thread-17813	2

time: 946690780.841833
diff: 32.158167004585266
waiting
going to web site
Hello world	Thread-17953	3

time: 946690813.832833
diff: 33.16716694831848
waiting
going to web site
Hello world	Thread-18091	5

time: 946690847.836832
diff: 18.16316795349121
waiting
going to web site
Hello world	Thread-18173	4

time: 946690866.832832
diff: 28.167168021202087
waiting
going to web site
Hello world	Thread-18301	3

time: 946690895.841833
diff: 30.158167004585266
waiting
going to web site
Hello world	Thread-18422	4

time: 946690926.84236
diff: 16.157639980316162
waiting
going to web site
Hello world	Thread-18495	4

time: 946690943.832832
diff: 9.167168021202087
waiting
going to web site
Hello world	Thread-18544	4

time: 946690953.842331
diff: 29.157668948173523
waiting
going to web site
Hello world	Thread-18670	5

time: 946690983.832832
diff: 28.167168021202087
waiting
going to web site
Hello world	Thread-18803	3

time: 946691012.841833
diff: 14.158167004585266
waiting
going to web site
Hello world	Thread-18866	3

time: 946691027.841833
diff: 37.158167004585266
waiting
going to web site
Hello world	Thread-19039	5

time: 946691065.841833
diff: 5.158167004585266
waiting
going to web site
Hello world	Thread-19055	3

time: 946691071.832833
diff: 26.16716694831848
waiting
going to web site
Hello world	Thread-19181	2

time: 946691098.842833
diff: 34.157166957855225
waiting
going to web site
Hello world	Thread-19334	3

time: 946691133.832832
diff: 14.167168021202087
waiting
going to web site
Hello world	Thread-19402	3

time: 946691148.832833
diff: 16.16716694831848
waiting
going to web site
Hello world	Thread-19476	2

time: 946691165.832832
diff: 33.16716802120209
waiting
going to web site
Hello world	Thread-19633	4

time: 946691199.848249
diff: 22.151751041412354
waiting
going to web site
Hello world	Thread-19741	2

time: 946691222.8378329
diff: 26.162167072296143
waiting
going to web site
Hello world	Thread-19864	5

time: 946691250.841833
diff: 18.158167004585266
waiting
going to web site
Hello world	Thread-19961	3

time: 946691269.841833
diff: 17.158167004585266
waiting
going to web site
Hello world	Thread-20038	4

time: 946691287.851833
diff: 22.14816701412201
waiting
going to web site
Hello world	Thread-20179	3

time: 946691317.860665
diff: 22.13933503627777
waiting
going to web site
Hello world	Thread-20290	5

time: 946691340.841833
diff: 16.158167004585266
waiting
going to web site
Hello world	Thread-20364	3

time: 946691357.841833
diff: 7.158167004585266
waiting
going to web site
Hello world	Thread-20402	2

time: 946691366.841833
diff: 13.158167004585266
waiting
going to web site
Hello world	Thread-20524	2

time: 946691387.851833
diff: 28.14816701412201
waiting
going to web site
Hello world	Thread-20662	6

time: 946691416.832833
diff: 30.16716694831848
waiting
going to web site
Hello world	Thread-20807	3

time: 946691447.832832
diff: 15.167168021202087
waiting
going to web site
Hello world	Thread-20890	3

time: 946691463.841833
diff: 19.158167004585266
waiting
going to web site
Hello world	Thread-20980	5

time: 946691483.832833
diff: 16.16716694831848
waiting
going to web site
Hello world	Thread-21058	4

time: 946691500.832832
diff: 13.167168021202087
waiting
going to web site
Hello world	Thread-21117	3

time: 946691514.841833
diff: 15.158167004585266
waiting
going to web site
Hello world	Thread-21198	4

time: 946691530.841833
diff: 34.158167004585266
waiting
going to web site
Hello world	Thread-21358	3

time: 946691565.841833
diff: 12.158167004585266
waiting
going to web site
Hello world	Thread-21419	5

time: 946691578.841833
diff: 14.158167004585266
waiting
going to web site
Hello world	Thread-21489	3

time: 946691594.841833
diff: 23.158167004585266
waiting
going to web site
Hello world	Thread-21597	3

time: 946691618.845833
diff: 25.15416705608368
waiting
going to web site
Hello world	Thread-21718	3

time: 946691644.841833
diff: 23.158167004585266
waiting
going to web site
Hello world	Thread-21812	3

time: 946691668.859833
diff: 13.140166997909546
waiting
going to web site
Hello world	Thread-21882	3

time: 946691682.832832
diff: 11.167168021202087
waiting
going to web site
Hello world	Thread-21932	2

time: 946691694.850833
diff: 26.14916694164276
waiting
going to web site
Hello world	Thread-22053	5

time: 946691721.832832
diff: 24.167168021202087
waiting
going to web site
Hello world	Thread-22161	5

time: 946691746.832833
diff: 16.16716694831848
waiting
going to web site
Hello world	Thread-22236	4

time: 946691763.832832
diff: 36.16716802120209
waiting
going to web site
Hello world	Thread-22394	3

time: 946691800.832833
diff: 23.16716694831848
waiting
going to web site
Hello world	Thread-22502	5

time: 946691824.832832
diff: 19.167168021202087
waiting
going to web site
Hello world	Thread-22585	3

time: 946691844.832833
diff: 33.16716694831848
waiting
going to web site
Hello world	Thread-22738	6

time: 946691878.832832
diff: 25.167168021202087
waiting
going to web site
Hello world	Thread-22852	3

time: 946691904.841833
diff: 16.158167004585266
waiting
going to web site
Hello world	Thread-22938	2

time: 946691922.841833
diff: 17.158167004585266
waiting
going to web site
Hello world	Thread-23014	6

time: 946691940.841833
diff: 19.158167004585266
waiting
going to web site
Hello world	Thread-23116	4

time: 946691960.841833
diff: 27.158167004585266
waiting
going to web site
Hello world	Thread-23244	3

time: 946691988.841833
diff: 11.158167004585266
waiting
going to web site
Hello world	Thread-23306	3

time: 946692001.8510411
diff: 25.148958921432495
waiting
going to web site
Hello world	Thread-23427	4

time: 946692027.832832
diff: 18.167168021202087
waiting
going to web site
Hello world	Thread-23517	5

time: 946692046.832833
diff: 28.16716694831848
waiting
going to web site
Hello world	Thread-23658	6

time: 946692075.832832
diff: 14.167168021202087
waiting
going to web site
Hello world	Thread-23732	4

time: 946692090.832833
diff: 23.16716694831848
waiting
going to web site
Hello world	Thread-23841	6

time: 946692114.832832
diff: 19.167168021202087
waiting
going to web site
Hello world	Thread-23936	5

time: 946692134.841833
diff: 34.158167004585266
waiting
going to web site
Hello world	Thread-24097	2

time: 946692169.841833
diff: 11.158167004585266
waiting
going to web site
Hello world	Thread-24156	5

time: 946692182.851833
diff: 31.14816701412201
waiting
going to web site
Hello world	Thread-24307	5

time: 946692214.841897
diff: 12.158102989196777
waiting
going to web site
Hello world	Thread-24369	3

time: 946692227.832832
diff: 18.167168021202087
waiting
going to web site
Hello world	Thread-24453	4

time: 946692246.8408331
diff: 14.159166932106018
waiting
going to web site
Hello world	Thread-24522	4

time: 946692261.832832
diff: 26.167168021202087
waiting
going to web site
Hello world	Thread-24642	4

time: 946692288.842665
diff: 2.157335042953491
waiting
going to web site
Hello world	Thread-24652	2

time: 946692291.832833
diff: 29.16716694831848
waiting
going to web site
Hello world	Thread-24791	6

time: 946692321.832832
diff: 4.167168021202087
waiting
going to web site
Hello world	Thread-24813	2

time: 946692326.845833
diff: 23.15416705608368
waiting
going to web site
Hello world	Thread-24911	3

time: 946692350.841833
diff: 37.158167004585266
waiting
going to web site
Hello world	Thread-25066	5

time: 946692388.832833
diff: 28.16716694831848
waiting
going to web site
Hello world	Thread-25192	3

time: 946692417.832832
diff: 12.167168021202087
waiting
going to web site
Hello world	Thread-25250	3

time: 946692430.841833
diff: 35.158167004585266
waiting
going to web site
Hello world	Thread-25399	2

time: 946692466.845833
diff: 19.15416705608368
waiting
going to web site
Hello world	Thread-25484	4

time: 946692486.841833
diff: 24.158167004585266
waiting
going to web site
Hello world	Thread-25590	2

time: 946692511.841833
diff: 19.158167004585266
waiting
going to web site
Hello world	Thread-25669	2

time: 946692531.841864
diff: 26.158136010169983
waiting
going to web site
Hello world	Thread-25787	2

time: 946692558.832833
diff: 17.16716694831848
waiting
going to web site
Hello world	Thread-25866	3

time: 946692576.832832
diff: 31.167168021202087
waiting
going to web site
Hello world	Thread-25998	2

time: 946692608.832833
diff: 15.167166948318481
waiting
going to web site
Hello world	Thread-26073	3

time: 946692624.832832
diff: 23.167168021202087
waiting
going to web site
Hello world	Thread-26165	4

time: 946692648.841833
diff: 26.158167004585266
waiting
going to web site
Hello world	Thread-26265	2

time: 946692675.832833
diff: 18.16716694831848
waiting
going to web site
Hello world	Thread-26331	4

time: 946692694.842832
diff: 21.15716803073883
waiting
going to web site
Hello world	Thread-26394	4

time: 946692716.841833
diff: 29.158167004585266
waiting
going to web site
Hello world	Thread-26482	2

time: 946692746.841833
diff: 19.158167004585266
waiting
going to web site
Hello world	Thread-26529	2

time: 946692766.845833
diff: 32.15416705608368
waiting
going to web site
Hello world	Thread-26603	2

time: 946692799.841833
diff: 22.158167004585266
waiting
going to web site
Hello world	Thread-26649	3

time: 946692822.8462479
diff: 18.153752088546753
waiting
going to web site
Hello world	Thread-26682	2

time: 946692841.832833
diff: 32.16716694831848
waiting
going to web site
Hello world	Thread-26730	2

time: 946692874.832832
diff: 15.167168021202087
waiting
going to web site
Hello world	Thread-26748	2

time: 946692890.832833
diff: 11.167166948318481
waiting
going to web site
Hello world	Thread-26762	2

