time: 946686600.0
diff: 0.0
going to web site
Hello world	Thread-13	7

time: 946686603.580656
diff: 116.41934394836426
waiting
going to web site
Hello world	Thread-122	3

time: 946686727.604573
diff: 112.39542698860168
waiting
going to web site
Hello world	Thread-321	4

time: 946686855.590656
diff: 104.409343957901
waiting
going to web site
Hello world	Thread-399	2

time: 946686960.590656
diff: 60.409343957901
waiting
going to web site
Hello world	Thread-587	4

time: 946687141.8653581
diff: -0.8653581142425537
going to web site
Hello world	Thread-593	10

time: 946687142.468186
diff: 118.53181397914886
waiting
going to web site
Hello world	Thread-767	3

time: 946687268.590656
diff: 112.409343957901
waiting
going to web site
Hello world	Thread-858	6

time: 946687381.580656
diff: 119.41934394836426
waiting
going to web site
Hello world	Thread-1031	5

time: 946687504.590656
diff: 117.409343957901
waiting
going to web site
Hello world	Thread-1129	7

time: 946687622.580656
diff: 59.41934394836426
waiting
going to web site
Hello world	Thread-1239	7

time: 946687697.5902101
diff: 44.40978991985321
waiting
going to web site
Hello world	Thread-1301	6

time: 946687749.590656
diff: 52.409343957901
waiting
going to web site
Hello world	Thread-1319	6

time: 946687802.5896561
diff: 119.41034388542175
waiting
going to web site
Hello world	Thread-1509	6

time: 946687929.590656
diff: 52.409343957901
waiting
going to web site
Hello world	Thread-1532	6

time: 946687982.588656
diff: 59.411344051361084
waiting
going to web site
Hello world	Thread-1646	2

time: 946688045.5896571
diff: 57.41034293174744
waiting
going to web site
Hello world	Thread-1722	6

time: 946688118.590656
diff: 104.409343957901
waiting
going to web site
Hello world	Thread-1803	4

time: 946688223.585656
diff: 59.41434395313263
waiting
going to web site
Hello world	Thread-1902	5

time: 946688298.590656
diff: 44.409343957901
waiting
going to web site
Hello world	Thread-1913	7

