time: 946686600.0
diff: 173.0
waiting
going to web site
Hello world	Thread-936	3

time: 946686773.858935
diff: -0.8589349985122681
going to web site
Hello world	Thread-940	4

time: 946686774.7149711
diff: -0.7149710655212402
going to web site
Hello world	Thread-944	3

time: 946686775.564007
diff: -1.564007043838501
going to web site
Hello world	Thread-947	3

time: 946686776.4210429
diff: -0.42104291915893555
going to web site
Hello world	Thread-952	3

time: 946686777.282209
diff: -1.282209038734436
going to web site
Hello world	Thread-959	4

time: 946686778.1446159
diff: -2.144615888595581
going to web site
Hello world	Thread-966	3

time: 946686778.993652
diff: -2.9936519861221313
going to web site
Hello world	Thread-972	3

time: 946686779.862949
diff: -3.862949013710022
going to web site
Hello world	Thread-976	4

time: 946686780.719985
diff: -1.719985008239746
going to web site
Hello world	Thread-981	5

time: 946686781.5690211
diff: -2.5690211057662964
going to web site
Hello world	Thread-986	3

time: 946686782.418057
diff: 2.5819430351257324
waiting
going to web site
Hello world	Thread-263	2

time: 946686785.859117
diff: 7.140882968902588
waiting
going to web site
Hello world	Thread-1027	4

time: 946686793.850935
diff: 6.149065017700195
waiting
going to web site
Hello world	Thread-310	2

time: 946686801.859037
diff: 19.140962958335876
waiting
going to web site
Hello world	Thread-363	4

time: 946686821.852036
diff: 23.147964000701904
waiting
going to web site
Hello world	Thread-440	2

time: 946686845.872426
diff: 16.12757396697998
waiting
going to web site
Hello world	Thread-500	2

time: 946686862.854036
diff: 20.14596402645111
waiting
going to web site
Hello world	Thread-574	2

time: 946686883.859037
diff: 11.140962958335876
waiting
going to web site
Hello world	Thread-622	2

time: 946686895.854583
diff: 15.145416975021362
waiting
going to web site
Hello world	Thread-690	2

time: 946686912.85896
diff: 26.141039967536926
waiting
going to web site
Hello world	Thread-803	3

time: 946686939.874168
diff: 14.125831961631775
waiting
going to web site
Hello world	Thread-877	3

time: 946686955.854036
diff: 9.14596402645111
waiting
going to web site
Hello world	Thread-916	2

time: 946686965.858037
diff: 25.141963005065918
waiting
going to web site
Hello world	Thread-1040	3

time: 946686991.859037
diff: 38.14096295833588
waiting
going to web site
Hello world	Thread-1221	4

time: 946687030.849036
diff: 16.15096402168274
waiting
going to web site
Hello world	Thread-1306	3

time: 946687047.8650709
diff: 34.134929060935974
waiting
going to web site
Hello world	Thread-1456	2

time: 946687082.859037
diff: 18.140962958335876
waiting
going to web site
Hello world	Thread-1543	4

time: 946687101.849036
diff: 10.15096402168274
waiting
going to web site
Hello world	Thread-1588	2

time: 946687112.850037
diff: 21.14996302127838
waiting
going to web site
Hello world	Thread-1690	2

time: 946687135.859037
diff: 28.140962958335876
waiting
going to web site
Hello world	Thread-1807	3

time: 946687164.8660359
diff: 36.13396406173706
waiting
going to web site
Hello world	Thread-1961	2

time: 946687201.860037
diff: 12.139963030815125
waiting
going to web site
Hello world	Thread-2012	3

time: 946687214.866037
diff: 13.133962988853455
waiting
going to web site
Hello world	Thread-2082	2

time: 946687228.859519
diff: 28.140480995178223
waiting
going to web site
Hello world	Thread-2203	2

time: 946687257.850036
diff: 28.149963974952698
waiting
going to web site
Hello world	Thread-2338	3

time: 946687286.867036
diff: 23.13296401500702
waiting
going to web site
Hello world	Thread-2439	2

time: 946687310.859037
diff: 19.140962958335876
waiting
going to web site
Hello world	Thread-2521	4

time: 946687330.849036
diff: 29.15096402168274
waiting
going to web site
Hello world	Thread-2660	4

time: 946687361.859037
diff: 20.140962958335876
waiting
going to web site
Hello world	Thread-2755	4

time: 946687382.7285839
diff: 10.271416068077087
waiting
going to web site
Hello world	Thread-2806	6

time: 946687393.732325
diff: 18.267675042152405
waiting
going to web site
Hello world	Thread-2886	4

time: 946687412.732325
diff: 25.267675042152405
waiting
going to web site
Hello world	Thread-2993	5

time: 946687438.729585
diff: 20.27041494846344
waiting
going to web site
Hello world	Thread-3092	6

time: 946687459.7205839
diff: 24.27941608428955
waiting
going to web site
Hello world	Thread-3199	5

time: 946687484.729585
diff: 22.27041494846344
waiting
going to web site
Hello world	Thread-3296	6

time: 946687507.7205839
diff: 18.27941608428955
waiting
going to web site
Hello world	Thread-3381	6

time: 946687526.729585
diff: 32.27041494846344
waiting
going to web site
Hello world	Thread-3527	5

time: 946687559.7205839
diff: 24.27941608428955
waiting
going to web site
Hello world	Thread-3636	5

time: 946687584.720585
diff: 20.279415011405945
waiting
going to web site
Hello world	Thread-3723	2

time: 946687605.7324779
diff: 20.26752209663391
waiting
going to web site
Hello world	Thread-3818	6

time: 946687626.729585
diff: 32.27041494846344
waiting
going to web site
Hello world	Thread-3959	6

time: 946687659.7205839
diff: 16.27941608428955
waiting
going to web site
Hello world	Thread-4032	6

time: 946687676.729585
diff: 18.27041494846344
waiting
going to web site
Hello world	Thread-4121	6

time: 946687695.724584
diff: 23.275416016578674
waiting
going to web site
Hello world	Thread-4225	3

time: 946687719.720585
diff: 31.279415011405945
waiting
going to web site
Hello world	Thread-4365	5

time: 946687751.720585
diff: 18.279415011405945
waiting
going to web site
Hello world	Thread-4447	5

time: 946687770.732585
diff: 13.267415046691895
waiting
going to web site
Hello world	Thread-4518	3

time: 946687784.729585
diff: 26.27041494846344
waiting
going to web site
Hello world	Thread-4638	3

time: 946687811.7205839
diff: 17.27941608428955
waiting
going to web site
Hello world	Thread-4720	4

time: 946687829.720585
diff: 15.279415011405945
waiting
going to web site
Hello world	Thread-4788	6

time: 946687845.729585
diff: 12.27041494846344
waiting
going to web site
Hello world	Thread-4843	3

time: 946687858.7205839
diff: 33.27941608428955
waiting
going to web site
Hello world	Thread-4997	4

time: 946687892.732585
diff: 18.267415046691895
waiting
going to web site
Hello world	Thread-5086	5

time: 946687911.732585
diff: 23.267415046691895
waiting
going to web site
Hello world	Thread-5198	5

time: 946687935.732585
diff: 23.267415046691895
waiting
going to web site
Hello world	Thread-5316	4

time: 946687959.729585
diff: 18.27041494846344
waiting
going to web site
Hello world	Thread-5410	6

time: 946687978.7205839
diff: 27.27941608428955
waiting
going to web site
Hello world	Thread-5530	6

time: 946688006.729585
diff: 29.27041494846344
waiting
going to web site
Hello world	Thread-5675	7

time: 946688036.7205839
diff: 10.27941608428955
waiting
going to web site
Hello world	Thread-5714	6

time: 946688047.720585
diff: 15.279415011405945
waiting
going to web site
Hello world	Thread-5788	7

time: 946688063.732585
diff: 23.267415046691895
waiting
going to web site
Hello world	Thread-5902	5

time: 946688087.732325
diff: 22.267675042152405
waiting
going to web site
Hello world	Thread-6000	5

time: 946688110.732585
diff: 19.267415046691895
waiting
going to web site
Hello world	Thread-6088	4

time: 946688130.739585
diff: 16.260414958000183
waiting
going to web site
Hello world	Thread-6155	4

time: 946688147.724584
diff: 34.275416016578674
waiting
going to web site
Hello world	Thread-6303	6

time: 946688182.720585
diff: 17.279415011405945
waiting
going to web site
Hello world	Thread-6381	5

time: 946688200.730023
diff: 26.26997697353363
waiting
going to web site
Hello world	Thread-6504	6

time: 946688227.7205839
diff: 31.27941608428955
waiting
going to web site
Hello world	Thread-6643	5

time: 946688259.732585
diff: 14.267415046691895
waiting
going to web site
Hello world	Thread-6706	2

time: 946688274.735001
diff: 28.26499903202057
waiting
going to web site
Hello world	Thread-6833	5

time: 946688303.733585
diff: 29.266414999961853
waiting
going to web site
Hello world	Thread-6972	5

time: 946688333.7205839
diff: 19.27941608428955
waiting
going to web site
Hello world	Thread-7056	3

time: 946688353.733009
diff: 23.266991019248962
waiting
going to web site
Hello world	Thread-7166	5

time: 946688377.732585
diff: 25.267415046691895
waiting
going to web site
Hello world	Thread-7281	4

time: 946688403.729585
diff: 13.27041494846344
waiting
going to web site
Hello world	Thread-7343	4

time: 946688417.7205839
diff: 18.27941608428955
waiting
going to web site
Hello world	Thread-7426	4

time: 946688436.732325
diff: 14.267675042152405
waiting
going to web site
Hello world	Thread-7494	6

time: 946688451.738585
diff: 12.261415004730225
waiting
going to web site
Hello world	Thread-7552	3

time: 946688464.732585
diff: 28.267415046691895
waiting
going to web site
Hello world	Thread-7676	4

time: 946688493.732585
diff: 26.267415046691895
waiting
going to web site
Hello world	Thread-7805	5

time: 946688520.733057
diff: 14.266942977905273
waiting
going to web site
Hello world	Thread-7860	4

time: 946688535.7205839
diff: 19.27941608428955
waiting
going to web site
Hello world	Thread-7948	6

time: 946688555.729585
diff: 27.27041494846344
waiting
going to web site
Hello world	Thread-8071	5

time: 946688583.729584
diff: 26.270416021347046
waiting
going to web site
Hello world	Thread-8194	5

time: 946688610.544065
diff: 31.45593500137329
waiting
going to web site
Hello world	Thread-8327	6

time: 946688642.544065
diff: 21.45593500137329
waiting
going to web site
Hello world	Thread-8426	5

time: 946688664.5350649
diff: 21.464935064315796
waiting
going to web site
Hello world	Thread-8513	3

time: 946688686.544065
diff: 36.45593500137329
waiting
going to web site
Hello world	Thread-8665	5

time: 946688723.5350649
diff: 21.464935064315796
waiting
going to web site
Hello world	Thread-8750	3

time: 946688745.5380651
diff: 16.46193492412567
waiting
going to web site
Hello world	Thread-8816	4

time: 946688762.526064
diff: 19.473935961723328
waiting
going to web site
Hello world	Thread-8895	7

time: 946688782.5350641
diff: 28.464935898780823
waiting
going to web site
Hello world	Thread-9014	7

time: 946688811.5290639
diff: 20.470936059951782
waiting
going to web site
Hello world	Thread-9096	6

time: 946688832.542065
diff: 33.457934975624084
waiting
going to web site
Hello world	Thread-9244	7

time: 946688866.5350641
diff: 24.464935898780823
waiting
going to web site
Hello world	Thread-9352	7

time: 946688891.5350641
diff: 19.464935898780823
waiting
going to web site
Hello world	Thread-9432	7

time: 946688911.5350641
diff: 26.464935898780823
waiting
going to web site
Hello world	Thread-9558	3

time: 946688938.5350641
diff: 16.464935898780823
waiting
going to web site
Hello world	Thread-9627	6

time: 946688955.5355389
diff: 19.464461088180542
waiting
going to web site
Hello world	Thread-9725	3

time: 946688975.5350649
diff: 15.464935064315796
waiting
going to web site
Hello world	Thread-9795	5

time: 946688991.5300651
diff: 28.469934940338135
waiting
going to web site
Hello world	Thread-9929	5

time: 946689020.5350641
diff: 16.464935898780823
waiting
going to web site
Hello world	Thread-10010	6

time: 946689037.5350641
diff: 14.464935898780823
waiting
going to web site
Hello world	Thread-10070	5

time: 946689052.5350641
diff: 33.46493589878082
waiting
going to web site
Hello world	Thread-10240	5

time: 946689086.5350641
diff: 18.464935898780823
waiting
going to web site
Hello world	Thread-10319	5

time: 946689105.5350641
diff: 21.464935898780823
waiting
going to web site
Hello world	Thread-10424	6

time: 946689127.535833
diff: 10.46416699886322
waiting
going to web site
Hello world	Thread-10477	3

time: 946689138.5350641
diff: 24.464935898780823
waiting
going to web site
Hello world	Thread-10593	6

time: 946689163.5350641
diff: 21.464935898780823
waiting
going to web site
Hello world	Thread-10703	6

time: 946689185.5350641
diff: 17.464935898780823
waiting
going to web site
Hello world	Thread-10791	7

time: 946689203.5294169
diff: 28.470583081245422
waiting
going to web site
Hello world	Thread-10926	3

time: 946689232.8031449
diff: 19.196855068206787
waiting
going to web site
Hello world	Thread-11030	5

time: 946689253.802193
diff: 22.19780695438385
waiting
going to web site
Hello world	Thread-11134	4

time: 946689276.8031449
diff: 23.196855068206787
waiting
going to web site
Hello world	Thread-11257	4

time: 946689300.7971929
diff: 12.202807068824768
waiting
going to web site
Hello world	Thread-11315	6

time: 946689313.802193
diff: 19.19780695438385
waiting
going to web site
Hello world	Thread-11407	4

time: 946689333.810145
diff: 14.189854979515076
waiting
going to web site
Hello world	Thread-11478	3

time: 946689348.797192
diff: 14.202808022499084
waiting
going to web site
Hello world	Thread-11545	4

time: 946689363.811193
diff: 28.188807010650635
waiting
going to web site
Hello world	Thread-11688	4

time: 946689392.806193
diff: 26.193807005882263
waiting
going to web site
Hello world	Thread-11800	4

time: 946689419.7971929
diff: 27.202807068824768
waiting
going to web site
Hello world	Thread-11923	5

time: 946689447.802193
diff: 18.19780695438385
waiting
going to web site
Hello world	Thread-12016	5

time: 946689466.797192
diff: 12.202808022499084
waiting
going to web site
Hello world	Thread-12084	5

time: 946689479.802193
diff: 23.19780695438385
waiting
going to web site
Hello world	Thread-12187	6

time: 946689503.797192
diff: 16.202808022499084
waiting
going to web site
Hello world	Thread-12260	4

time: 946689520.802193
diff: 31.19780695438385
waiting
going to web site
Hello world	Thread-12413	3

time: 946689552.797192
diff: 19.202808022499084
waiting
going to web site
Hello world	Thread-12501	4

time: 946689572.802193
diff: 26.19780695438385
waiting
going to web site
Hello world	Thread-12626	4

time: 946689599.802192
diff: 29.197808027267456
waiting
going to web site
Hello world	Thread-12758	6

time: 946689629.802193
diff: 27.19780695438385
waiting
going to web site
Hello world	Thread-12887	6

time: 946689657.802192
diff: 13.197808027267456
waiting
going to web site
Hello world	Thread-12953	5

time: 946689671.802193
diff: 20.19780695438385
waiting
going to web site
Hello world	Thread-13058	4

time: 946689692.8031449
diff: 7.196855068206787
waiting
going to web site
Hello world	Thread-13094	4

time: 946689700.7971929
diff: 29.202807068824768
waiting
going to web site
Hello world	Thread-13220	3

time: 946689730.802193
diff: 14.19780695438385
waiting
going to web site
Hello world	Thread-13292	4

time: 946689745.802192
diff: 15.197808027267456
waiting
going to web site
Hello world	Thread-13371	5

time: 946689761.7971929
diff: 32.20280706882477
waiting
going to web site
Hello world	Thread-13518	5

time: 946689794.7971929
diff: 11.202807068824768
waiting
going to web site
Hello world	Thread-13570	4

time: 946689806.8131449
diff: 17.18685507774353
waiting
going to web site
Hello world	Thread-13658	6

time: 946689824.7971929
diff: 23.202807068824768
waiting
going to web site
Hello world	Thread-13771	7

time: 946689848.541065
diff: 33.458935022354126
waiting
going to web site
Hello world	Thread-13928	5

time: 946689882.5350649
diff: 21.464935064315796
waiting
going to web site
Hello world	Thread-14027	5

time: 946689904.544065
diff: 12.455935001373291
waiting
going to web site
Hello world	Thread-14077	5

time: 946689917.5350649
diff: 34.464935064315796
waiting
going to web site
Hello world	Thread-14234	4

time: 946689952.5350649
diff: 13.464935064315796
waiting
going to web site
Hello world	Thread-14293	5

time: 946689966.5350649
diff: 32.464935064315796
waiting
going to web site
Hello world	Thread-14439	6

time: 946689999.539065
diff: 13.46093499660492
waiting
going to web site
Hello world	Thread-14497	4

time: 946690013.5350641
diff: 24.464935898780823
waiting
going to web site
Hello world	Thread-14604	6

time: 946690038.5350641
diff: 28.464935898780823
waiting
going to web site
Hello world	Thread-14730	6

time: 946690067.5350641
diff: 32.46493589878082
waiting
going to web site
Hello world	Thread-14873	5

time: 946690100.5345191
diff: 10.465480923652649
waiting
going to web site
Hello world	Thread-14920	4

time: 946690111.5350641
diff: 22.464935898780823
waiting
going to web site
Hello world	Thread-15012	6

time: 946690134.5350641
diff: 17.464935898780823
waiting
going to web site
Hello world	Thread-15090	6

time: 946690152.5350641
diff: 27.464935898780823
waiting
going to web site
Hello world	Thread-15205	5

time: 946690180.530064
diff: 12.46993601322174
waiting
going to web site
Hello world	Thread-15258	3

time: 946690193.526065
diff: 23.47393500804901
waiting
going to web site
Hello world	Thread-15362	5

time: 946690217.544065
diff: 33.45593500137329
waiting
going to web site
Hello world	Thread-15513	6

time: 946690251.539065
diff: 17.46093499660492
waiting
going to web site
Hello world	Thread-15597	6

time: 946690269.5350641
diff: 28.464935898780823
waiting
going to web site
Hello world	Thread-15723	4

time: 946690298.5350641
diff: 27.464935898780823
waiting
going to web site
Hello world	Thread-15844	3

time: 946690326.526064
diff: 22.473935961723328
waiting
going to web site
Hello world	Thread-15939	7

time: 946690349.533065
diff: 9.46693503856659
waiting
going to web site
Hello world	Thread-15977	5

time: 946690359.5350649
diff: 24.464935064315796
waiting
going to web site
Hello world	Thread-16088	5

time: 946690384.5350649
diff: 25.464935064315796
waiting
going to web site
Hello world	Thread-16205	5

time: 946690410.526065
diff: 27.47393500804901
waiting
going to web site
Hello world	Thread-16327	6

time: 946690438.5350649
diff: 21.464935064315796
waiting
going to web site
Hello world	Thread-16422	2

time: 946690460.841833
diff: 22.158167004585266
waiting
going to web site
Hello world	Thread-16529	2

time: 946690484.845833
diff: 15.15416705608368
waiting
going to web site
Hello world	Thread-16607	3

time: 946690500.841833
diff: 34.158167004585266
waiting
going to web site
Hello world	Thread-16749	2

time: 946690535.841833
diff: 16.158167004585266
waiting
going to web site
Hello world	Thread-16817	3

time: 946690552.841833
diff: 22.158167004585266
waiting
going to web site
Hello world	Thread-16927	2

time: 946690575.842833
diff: 25.157166957855225
waiting
going to web site
Hello world	Thread-17039	2

time: 946690601.832832
diff: 19.167168021202087
waiting
going to web site
Hello world	Thread-17124	2

time: 946690621.841833
diff: 12.158167004585266
waiting
going to web site
Hello world	Thread-17179	2

time: 946690634.841833
diff: 24.158167004585266
waiting
going to web site
Hello world	Thread-17284	2

time: 946690659.846841
diff: 24.153159022331238
waiting
going to web site
Hello world	Thread-17390	2

time: 946690684.841833
diff: 27.158167004585266
waiting
going to web site
Hello world	Thread-17514	2

time: 946690712.841833
diff: 19.158167004585266
waiting
going to web site
Hello world	Thread-17602	3

time: 946690732.841833
diff: 22.158167004585266
waiting
going to web site
Hello world	Thread-17703	2

time: 946690755.860665
diff: 33.13933503627777
waiting
going to web site
Hello world	Thread-17852	4

time: 946690789.832833
diff: 15.167166948318481
waiting
going to web site
Hello world	Thread-17916	5

time: 946690805.836832
diff: 13.163167953491211
waiting
going to web site
Hello world	Thread-17976	3

time: 946690819.832832
diff: 33.16716802120209
waiting
going to web site
Hello world	Thread-18116	3

time: 946690853.841833
diff: 16.158167004585266
waiting
going to web site
Hello world	Thread-18194	3

time: 946690870.845833
diff: 23.15416705608368
waiting
going to web site
Hello world	Thread-18297	2

time: 946690894.832833
diff: 28.16716694831848
waiting
going to web site
Hello world	Thread-18409	3

time: 946690923.832832
diff: 12.167168021202087
waiting
going to web site
Hello world	Thread-18469	2

time: 946690936.832833
diff: 29.16716694831848
waiting
going to web site
Hello world	Thread-18598	3

time: 946690966.836832
diff: 21.16316795349121
waiting
going to web site
Hello world	Thread-18695	3

time: 946690988.832832
diff: 37.16716802120209
waiting
going to web site
Hello world	Thread-18860	4

time: 946691026.841833
diff: 14.158167004585266
waiting
going to web site
Hello world	Thread-18927	2

time: 946691041.841833
diff: 16.158167004585266
waiting
going to web site
Hello world	Thread-19006	2

time: 946691058.841833
diff: 22.158167004585266
waiting
going to web site
Hello world	Thread-19105	4

time: 946691081.539065
diff: 30.46093499660492
waiting
going to web site
Hello world	Thread-19237	7

time: 946691112.5350641
diff: 10.464935898780823
waiting
going to web site
Hello world	Thread-19292	5

time: 946691123.526064
diff: 26.473935961723328
waiting
going to web site
Hello world	Thread-19410	7

time: 946691150.5350641
diff: 29.464935898780823
waiting
going to web site
Hello world	Thread-19545	4

time: 946691180.5350641
diff: 24.464935898780823
waiting
going to web site
Hello world	Thread-19659	6

time: 946691205.5350641
diff: 17.464935898780823
waiting
going to web site
Hello world	Thread-19742	5

time: 946691223.5350641
diff: 12.464935898780823
waiting
going to web site
Hello world	Thread-19806	5

time: 946691236.526064
diff: 9.473935961723328
waiting
going to web site
Hello world	Thread-19842	5

time: 946691246.5350641
diff: 29.464935898780823
waiting
going to web site
Hello world	Thread-19982	6

time: 946691276.526064
diff: 33.47393596172333
waiting
going to web site
Hello world	Thread-20141	7

time: 946691310.5350641
diff: 7.464935898780823
waiting
going to web site
Hello world	Thread-20183	6

time: 946691318.5350641
diff: 38.46493589878082
waiting
going to web site
Hello world	Thread-20362	5

time: 946691357.5350641
diff: 5.464935898780823
waiting
going to web site
Hello world	Thread-20383	5

time: 946691363.526064
diff: 13.473935961723328
waiting
going to web site
Hello world	Thread-20468	5

time: 946691377.526064
diff: 28.473935961723328
waiting
going to web site
Hello world	Thread-20610	7

time: 946691406.526064
diff: 14.473935961723328
waiting
going to web site
Hello world	Thread-20688	5

time: 946691421.5350641
diff: 21.464935898780823
waiting
going to web site
Hello world	Thread-20786	5

time: 946691443.526064
diff: 19.473935961723328
waiting
going to web site
Hello world	Thread-20886	6

time: 946691463.5350641
diff: 29.464935898780823
waiting
going to web site
Hello world	Thread-21021	7

time: 946691493.5350641
diff: 13.464935898780823
waiting
going to web site
Hello world	Thread-21088	4

time: 946691507.5350641
diff: 30.464935898780823
waiting
going to web site
Hello world	Thread-21234	7

time: 946691538.5350641
diff: 12.464935898780823
waiting
going to web site
Hello world	Thread-21293	6

time: 946691551.5350641
diff: 22.464935898780823
waiting
going to web site
Hello world	Thread-21392	7

time: 946691574.5350641
diff: 14.464935898780823
waiting
going to web site
Hello world	Thread-21461	8

time: 946691589.5350641
diff: 21.464935898780823
waiting
going to web site
Hello world	Thread-21563	7

time: 946691611.5350641
diff: 21.464935898780823
waiting
going to web site
Hello world	Thread-21663	5

time: 946691633.5345191
diff: 30.46548092365265
waiting
going to web site
Hello world	Thread-21796	6

time: 946691664.526064
diff: 36.47393596172333
waiting
going to web site
Hello world	Thread-21964	4

time: 946691701.832832
diff: 6.167168021202087
waiting
going to web site
Hello world	Thread-21997	4

time: 946691708.8421639
diff: 28.157836079597473
waiting
going to web site
Hello world	Thread-22121	5

time: 946691737.8424569
diff: 21.157543063163757
waiting
going to web site
Hello world	Thread-22214	3

time: 946691759.832833
diff: 26.16716694831848
waiting
going to web site
Hello world	Thread-22329	5

time: 946691786.832832
diff: 9.167168021202087
waiting
going to web site
Hello world	Thread-22381	2

time: 946691796.836833
diff: 28.163166999816895
waiting
going to web site
Hello world	Thread-22506	6

time: 946691825.832832
diff: 30.167168021202087
waiting
going to web site
Hello world	Thread-22639	3

time: 946691856.841833
diff: 16.158167004585266
waiting
going to web site
Hello world	Thread-22717	5

time: 946691873.841833
diff: 11.158167004585266
waiting
going to web site
Hello world	Thread-22771	2

time: 946691885.832833
diff: 35.16716694831848
waiting
going to web site
Hello world	Thread-22933	3

time: 946691921.832832
diff: 14.167168021202087
waiting
going to web site
Hello world	Thread-23002	3

time: 946691937.842833
diff: 18.157166957855225
waiting
going to web site
Hello world	Thread-23098	5

time: 946691956.832832
diff: 24.167168021202087
waiting
going to web site
Hello world	Thread-23210	5

time: 946691981.841833
diff: 28.158167004585266
waiting
going to web site
Hello world	Thread-23346	4

time: 946692010.841833
diff: 18.158167004585266
waiting
going to web site
Hello world	Thread-23438	3

time: 946692029.832833
diff: 19.16716694831848
waiting
going to web site
Hello world	Thread-23536	5

time: 946692049.832832
diff: 28.167168021202087
waiting
going to web site
Hello world	Thread-23672	2

time: 946692078.841833
diff: 17.158167004585266
waiting
going to web site
Hello world	Thread-23760	5

time: 946692096.832833
diff: 18.16716694831848
waiting
going to web site
Hello world	Thread-23847	6

time: 946692115.832832
diff: 15.167168021202087
waiting
going to web site
Hello world	Thread-23925	2

time: 946692131.841833
diff: 11.158167004585266
waiting
going to web site
Hello world	Thread-23984	3

time: 946692143.841833
diff: 15.158167004585266
waiting
going to web site
Hello world	Thread-24058	3

time: 946692160.841833
diff: 23.158167004585266
waiting
going to web site
Hello world	Thread-24169	2

time: 946692184.841833
diff: 11.158167004585266
waiting
going to web site
Hello world	Thread-24221	3

time: 946692196.841833
diff: 21.158167004585266
waiting
going to web site
Hello world	Thread-24330	4

time: 946692219.841833
diff: 33.158167004585266
waiting
going to web site
Hello world	Thread-24485	2

time: 946692254.841833
diff: 23.158167004585266
waiting
going to web site
Hello world	Thread-24599	4

time: 946692278.841833
diff: 14.158167004585266
waiting
going to web site
Hello world	Thread-24661	2

time: 946692293.841833
diff: 32.158167004585266
waiting
going to web site
Hello world	Thread-24811	4

time: 946692326.5450649
diff: 25.45493507385254
waiting
going to web site
Hello world	Thread-24915	5

time: 946692352.5350649
diff: 23.464935064315796
waiting
going to web site
Hello world	Thread-25025	5

time: 946692376.526065
diff: 26.47393500804901
waiting
going to web site
Hello world	Thread-25137	2

time: 946692403.526065
diff: 13.473935008049011
waiting
going to web site
Hello world	Thread-25189	6

time: 946692417.536065
diff: 25.463935017585754
waiting
going to web site
Hello world	Thread-25302	5

time: 946692443.526065
diff: 35.47393500804901
waiting
going to web site
Hello world	Thread-25458	3

time: 946692479.5350649
diff: 21.464935064315796
waiting
going to web site
Hello world	Thread-25543	5

time: 946692501.544065
diff: 11.455935001373291
waiting
going to web site
Hello world	Thread-25600	4

time: 946692513.544065
diff: 22.45593500137329
waiting
going to web site
Hello world	Thread-25690	4

time: 946692536.526065
diff: 30.47393500804901
waiting
going to web site
Hello world	Thread-25822	6

time: 946692567.539065
diff: 20.46093499660492
waiting
going to web site
Hello world	Thread-25912	6

time: 946692588.5350641
diff: 24.464935898780823
waiting
going to web site
Hello world	Thread-26016	7

time: 946692613.5350641
diff: 21.464935898780823
waiting
going to web site
Hello world	Thread-26105	7

time: 946692635.5350641
diff: 24.464935898780823
waiting
going to web site
Hello world	Thread-26206	5

time: 946692660.5350641
diff: 19.464935898780823
waiting
going to web site
Hello world	Thread-26276	3

time: 946692680.526064
diff: 28.473935961723328
waiting
going to web site
Hello world	Thread-26374	7

time: 946692709.5350641
diff: 20.464935898780823
waiting
going to web site
Hello world	Thread-26429	5

time: 946692730.5350641
diff: 17.464935898780823
waiting
going to web site
Hello world	Thread-26486	6

time: 946692748.539064
diff: 25.460935950279236
waiting
going to web site
Hello world	Thread-26549	3

