time: 946686600.0
diff: 0.0
going to web site
Hello world	Thread-28	4

time: 946686607.656908
diff: 112.34309196472168
waiting
going to web site
Hello world	Thread-66	8

time: 946686720.646908
diff: 120.35309195518494
waiting
going to web site
Hello world	Thread-151	7

time: 946686841.658795
diff: 59.34120500087738
waiting
going to web site
Hello world	Thread-181	8

time: 946686901.659836
diff: 119.34016394615173
waiting
going to web site
Hello world	Thread-265	4

time: 946687024.676908
diff: 116.32309198379517
waiting
going to web site
Hello world	Thread-308	10

time: 946687141.646908
diff: 59.35309195518494
waiting
going to web site
Hello world	Thread-356	3

time: 946687204.656908
diff: 56.34309196472168
waiting
going to web site
Hello world	Thread-374	7

time: 946687261.650908
diff: 59.34909200668335
waiting
going to web site
Hello world	Thread-425	4

time: 946687328.656908
diff: 113.34309196472168
waiting
going to web site
Hello world	Thread-475	6

time: 946687442.646908
diff: 59.35309195518494
waiting
going to web site
Hello world	Thread-507	7

time: 946687502.646908
diff: 119.35309195518494
waiting
going to web site
Hello world	Thread-585	4

time: 946687625.656908
diff: 56.34309196472168
waiting
going to web site
Hello world	Thread-604	5

time: 946687682.646908
diff: 119.35309195518494
waiting
going to web site
Hello world	Thread-686	7

time: 946687817.659364
diff: 44.340636014938354
waiting
going to web site
Hello world	Thread-726	2

time: 946687869.659364
diff: 113.34063601493835
waiting
going to web site
Hello world	Thread-783	3

time: 946687984.658365
diff: 118.34163498878479
waiting
going to web site
Hello world	Thread-844	5

time: 946688104.658364
diff: 58.341635942459106
waiting
going to web site
Hello world	Thread-876	5

time: 946688164.658364
diff: 58.341635942459106
waiting
going to web site
Hello world	Thread-922	4

time: 946688230.659364
diff: 112.34063601493835
waiting
going to web site
Hello world	Thread-989	6

