time: 946686600.0
diff: 0.0
going to web site
Hello world	Thread-163	2

time: 946686751.821879
diff: -91.82187902927399
going to web site
Hello world	Thread-169	2

time: 946686752.4025351
diff: 27.59746491909027
waiting
going to web site
Hello world	Thread-194	2

time: 946686783.590656
diff: 56.409343957901
waiting
going to web site
Hello world	Thread-250	7

time: 946686841.602669
diff: 59.39733099937439
waiting
going to web site
Hello world	Thread-378	2

time: 946686908.590656
diff: 52.409343957901
waiting
going to web site
Hello world	Thread-468	3

time: 946686976.600656
diff: 104.39934396743774
waiting
going to web site
Hello world	Thread-546	5

time: 946687082.580656
diff: 58.41934394836426
waiting
going to web site
Hello world	Thread-750	7

time: 946687264.8874841
diff: -63.887484073638916
going to web site
Hello world	Thread-756	7

time: 946687265.46814
diff: -4.468140006065369
going to web site
Hello world	Thread-762	2

time: 946687266.048796
diff: 115.95120394229889
waiting
going to web site
Hello world	Thread-896	5

time: 946687385.586657
diff: 56.41334295272827
waiting
going to web site
Hello world	Thread-985	3

time: 946687449.598657
diff: 112.40134298801422
waiting
going to web site
Hello world	Thread-1117	7

time: 946687593.590656
diff: 88.409343957901
waiting
going to web site
Hello world	Thread-1217	5

time: 946687683.592657
diff: 58.40734302997589
waiting
going to web site
Hello world	Thread-1416	4

time: 946687863.963728
diff: -61.963727951049805
going to web site
Hello world	Thread-1420	7

time: 946687864.555384
diff: -1.5553840398788452
going to web site
Hello world	Thread-1426	2

time: 946687865.1360401
diff: 57.86395990848541
waiting
going to web site
Hello world	Thread-1515	5

time: 946687930.5846571
diff: 112.41534292697906
waiting
going to web site
Hello world	Thread-1669	6

time: 946688058.582656
diff: 44.417343974113464
waiting
going to web site
Hello world	Thread-1717	5

time: 946688110.580656
diff: 112.41934394836426
waiting
going to web site
Hello world	Thread-1842	3

time: 946688230.590656
diff: 112.409343957901
waiting
going to web site
Hello world	Thread-1955	4

