time: 946686600.0
diff: 289.0
waiting
going to web site
Hello world	Thread-1467	2

time: 946686889.846832
diff: 2.153167963027954
waiting
going to web site
Hello world	Thread-1470	2

time: 946686892.836832
diff: -0.8368320465087891
going to web site
Hello world	Thread-1471	5

time: 946686893.669664
diff: -1.6696640253067017
going to web site
Hello world	Thread-1475	3

time: 946686894.5097561
diff: 2.490243911743164
waiting
going to web site
Hello world	Thread-1487	5

time: 946686897.840832
diff: 2.159168004989624
waiting
going to web site
Hello world	Thread-1507	2

time: 946686900.848833
diff: -0.8488329648971558
going to web site
Hello world	Thread-1512	6

time: 946686901.692433
diff: -0.6924329996109009
going to web site
Hello world	Thread-1520	4

time: 946686902.545733
diff: -0.5457329750061035
going to web site
Hello world	Thread-651	2

time: 946686903.397058
diff: 1.6029419898986816
waiting
going to web site
Hello world	Thread-1538	7

time: 946686905.832832
diff: 0.1671680212020874
waiting
going to web site
Hello world	Thread-1544	5

time: 946686906.832833
diff: -0.8328330516815186
going to web site
Hello world	Thread-666	3

time: 946686907.665665
diff: 0.33433496952056885
waiting
going to web site
Hello world	Thread-1559	5

time: 946686908.8398321
diff: 3.160167932510376
waiting
going to web site
Hello world	Thread-1593	2

time: 946686912.832832
diff: -0.8328319787979126
going to web site
Hello world	Thread-1595	2

time: 946686913.677664
diff: -1.677664041519165
going to web site
Hello world	Thread-1600	4

time: 946686914.516496
diff: -2.516495943069458
going to web site
Hello world	Thread-1605	2

time: 946686915.3583281
diff: -2.358328104019165
going to web site
Hello world	Thread-1612	3

time: 946686916.19616
diff: -3.1961599588394165
going to web site
Hello world	Thread-1620	2

time: 946686917.028992
diff: -4.028992056846619
going to web site
Hello world	Thread-1627	6

time: 946686917.870564
diff: 2.1294360160827637
waiting
going to web site
Hello world	Thread-1655	8

time: 946686920.843833
diff: 0.15616703033447266
waiting
going to web site
Hello world	Thread-1665	5

time: 946686921.835833
diff: 3.164167046546936
waiting
going to web site
Hello world	Thread-1695	5

time: 946686925.841833
diff: 2.158167004585266
waiting
going to web site
Hello world	Thread-1717	3

time: 946686928.835833
diff: 11.164167046546936
waiting
going to web site
Hello world	Thread-1790	3

time: 946686940.848833
diff: -0.8488329648971558
going to web site
Hello world	Thread-1796	5

time: 946686941.6896651
diff: 1.3103349208831787
waiting
going to web site
Hello world	Thread-819	5

time: 946686943.832832
diff: 3.1671680212020874
waiting
going to web site
Hello world	Thread-836	2

time: 946686947.8378329
diff: 23.162167072296143
waiting
going to web site
Hello world	Thread-950	4

time: 946686971.841833
diff: 28.158167004585266
waiting
going to web site
Hello world	Thread-1092	2

time: 946687001.842833
diff: 1.1571669578552246
waiting
going to web site
Hello world	Thread-1961	2

time: 946687003.832832
diff: 0.1671680212020874
waiting
going to web site
Hello world	Thread-1962	2

time: 946687004.841833
diff: 9.158167004585266
waiting
going to web site
Hello world	Thread-1150	2

time: 946687014.851833
diff: 1.1481670141220093
waiting
going to web site
Hello world	Thread-1161	2

time: 946687016.841833
diff: 27.158167004585266
waiting
going to web site
Hello world	Thread-1287	2

time: 946687044.841833
diff: 15.158167004585266
waiting
going to web site
Hello world	Thread-1357	3

time: 946687060.841833
diff: 16.158167004585266
waiting
going to web site
Hello world	Thread-1433	5

time: 946687077.848833
diff: 32.151167035102844
waiting
going to web site
Hello world	Thread-1579	5

time: 946687110.848833
diff: 31.151167035102844
waiting
going to web site
Hello world	Thread-1718	4

time: 946687142.832833
diff: 15.167166948318481
waiting
going to web site
Hello world	Thread-1782	5

time: 946687158.832832
diff: 30.167168021202087
waiting
going to web site
Hello world	Thread-1910	3

time: 946687189.851833
diff: 23.14816701412201
waiting
going to web site
Hello world	Thread-2007	3

time: 946687213.8494799
diff: 17.150520086288452
waiting
going to web site
Hello world	Thread-2091	3

time: 946687231.858311
diff: 24.14168894290924
waiting
going to web site
Hello world	Thread-2198	2

time: 946687256.834832
diff: 24.165168046951294
waiting
going to web site
Hello world	Thread-2315	5

time: 946687282.841833
diff: 20.158167004585266
waiting
going to web site
Hello world	Thread-2408	5

time: 946687303.832833
diff: 24.16716694831848
waiting
going to web site
Hello world	Thread-2511	5

time: 946687328.832832
diff: 11.167168021202087
waiting
going to web site
Hello world	Thread-2569	3

time: 946687340.832833
diff: 29.16716694831848
waiting
going to web site
Hello world	Thread-2699	4

time: 946687370.832832
diff: 26.167168021202087
waiting
going to web site
Hello world	Thread-2819	2

time: 946687397.832833
diff: 29.16716694831848
waiting
going to web site
Hello world	Thread-2948	6

time: 946687427.836832
diff: 16.16316795349121
waiting
going to web site
Hello world	Thread-3019	3

time: 946687444.836832
diff: 20.16316795349121
waiting
going to web site
Hello world	Thread-3120	5

time: 946687465.8398321
diff: 18.160167932510376
waiting
going to web site
Hello world	Thread-3201	3

time: 946687484.832832
diff: 24.167168021202087
waiting
going to web site
Hello world	Thread-3303	3

time: 946687509.832833
diff: 25.16716694831848
waiting
going to web site
Hello world	Thread-3424	4

time: 946687535.832832
diff: 13.167168021202087
waiting
going to web site
Hello world	Thread-3483	2

time: 946687549.842309
diff: 18.15769100189209
waiting
going to web site
Hello world	Thread-3563	2

time: 946687568.841833
diff: 29.158167004585266
waiting
going to web site
Hello world	Thread-3700	3

time: 946687599.860833
diff: 19.139166951179504
waiting
going to web site
Hello world	Thread-3790	4

time: 946687619.832832
diff: 22.167168021202087
waiting
going to web site
Hello world	Thread-3884	2

time: 946687642.841833
diff: 24.158167004585266
waiting
going to web site
Hello world	Thread-3990	3

time: 946687667.841833
diff: 19.158167004585266
waiting
going to web site
Hello world	Thread-4088	5

time: 946687687.841833
diff: 27.158167004585266
waiting
going to web site
Hello world	Thread-4207	4

time: 946687715.841833
diff: 17.158167004585266
waiting
going to web site
Hello world	Thread-4291	4

time: 946687733.841833
diff: 37.158167004585266
waiting
going to web site
Hello world	Thread-4462	2

time: 946687772.8554809
diff: 23.144519090652466
waiting
going to web site
Hello world	Thread-4571	3

time: 946687796.841833
diff: 9.158167004585266
waiting
going to web site
Hello world	Thread-4612	2

time: 946687806.832833
diff: 37.16716694831848
waiting
going to web site
Hello world	Thread-4784	4

time: 946687844.832832
diff: 19.167168021202087
waiting
going to web site
Hello world	Thread-4872	5

time: 946687864.841833
diff: 18.158167004585266
waiting
going to web site
Hello world	Thread-4962	4

time: 946687883.841833
diff: 16.158167004585266
waiting
going to web site
Hello world	Thread-5044	2

time: 946687900.841833
diff: 11.158167004585266
waiting
going to web site
Hello world	Thread-5093	5

time: 946687912.843625
diff: 32.15637505054474
waiting
going to web site
Hello world	Thread-5255	4

time: 946687946.841833
diff: 17.158167004585266
waiting
going to web site
Hello world	Thread-5342	3

time: 946687965.841833
diff: 14.158167004585266
waiting
going to web site
Hello world	Thread-5421	5

time: 946687980.841833
diff: 21.158167004585266
waiting
going to web site
Hello world	Thread-5515	2

time: 946688002.841833
diff: 25.158167004585266
waiting
going to web site
Hello world	Thread-5632	2

time: 946688028.8510909
diff: 16.148909091949463
waiting
going to web site
Hello world	Thread-5707	3

time: 946688045.841833
diff: 29.158167004585266
waiting
going to web site
Hello world	Thread-5851	4

time: 946688076.841833
diff: 21.158167004585266
waiting
going to web site
Hello world	Thread-5943	3

time: 946688098.841833
diff: 18.158167004585266
waiting
going to web site
Hello world	Thread-6025	3

time: 946688117.841833
diff: 25.158167004585266
waiting
going to web site
Hello world	Thread-6137	2

time: 946688143.841833
diff: 11.158167004585266
waiting
going to web site
Hello world	Thread-6193	3

time: 946688155.841833
diff: 28.158167004585266
waiting
going to web site
Hello world	Thread-6316	5

time: 946688184.841833
diff: 18.158167004585266
waiting
going to web site
Hello world	Thread-6399	4

time: 946688203.841833
diff: 10.158167004585266
waiting
going to web site
Hello world	Thread-6447	3

time: 946688214.841833
diff: 33.158167004585266
waiting
going to web site
Hello world	Thread-6601	3

time: 946688248.845833
diff: 10.15416705608368
waiting
going to web site
Hello world	Thread-6650	4

time: 946688260.841833
diff: 35.158167004585266
waiting
going to web site
Hello world	Thread-6805	3

time: 946688296.841833
diff: 14.158167004585266
waiting
going to web site
Hello world	Thread-6871	4

time: 946688311.841833
diff: 19.158167004585266
waiting
going to web site
Hello world	Thread-6962	5

time: 946688331.832833
diff: 24.16716694831848
waiting
going to web site
Hello world	Thread-7067	6

time: 946688356.832832
diff: 30.167168021202087
waiting
going to web site
Hello world	Thread-7215	4

time: 946688388.841833
diff: 20.158167004585266
waiting
going to web site
Hello world	Thread-7306	5

time: 946688409.841833
diff: 27.158167004585266
waiting
going to web site
Hello world	Thread-7433	5

time: 946688437.841833
diff: 31.158167004585266
waiting
going to web site
Hello world	Thread-7575	4

time: 946688469.832833
diff: 23.16716694831848
waiting
going to web site
Hello world	Thread-7678	3

time: 946688493.832832
diff: 6.167168021202087
waiting
going to web site
Hello world	Thread-7721	2

time: 946688501.842833
diff: 27.157166957855225
waiting
going to web site
Hello world	Thread-7832	6

time: 946688529.832832
diff: 16.167168021202087
waiting
going to web site
Hello world	Thread-7909	2

time: 946688546.832833
diff: 27.16716694831848
waiting
going to web site
Hello world	Thread-8037	5

time: 946688574.832832
diff: 6.167168021202087
waiting
going to web site
Hello world	Thread-8065	2

time: 946688581.841833
diff: 23.158167004585266
waiting
going to web site
Hello world	Thread-8173	3

time: 946688605.841833
diff: 18.158167004585266
waiting
going to web site
Hello world	Thread-8253	2

time: 946688624.842833
diff: 15.157166957855225
waiting
going to web site
Hello world	Thread-8322	3

time: 946688640.834832
diff: 17.165168046951294
waiting
going to web site
Hello world	Thread-8415	2

time: 946688661.860833
diff: 34.139166951179504
waiting
going to web site
Hello world	Thread-8555	4

time: 946688696.832832
diff: 18.167168021202087
waiting
going to web site
Hello world	Thread-8633	2

time: 946688715.841833
diff: 30.158167004585266
waiting
going to web site
Hello world	Thread-8754	6

time: 946688746.5350649
diff: 27.464935064315796
waiting
going to web site
Hello world	Thread-8863	4

time: 946688774.526065
diff: 32.47393500804901
waiting
going to web site
Hello world	Thread-8996	4

time: 946688807.532065
diff: 28.46793496608734
waiting
going to web site
Hello world	Thread-9119	6

time: 946688836.5290639
diff: 14.470936059951782
waiting
going to web site
Hello world	Thread-9184	7

time: 946688851.540065
diff: 33.45993494987488
waiting
going to web site
Hello world	Thread-9322	7

time: 946688885.5350641
diff: 13.464935898780823
waiting
going to web site
Hello world	Thread-9386	4

time: 946688899.526064
diff: 21.473935961723328
waiting
going to web site
Hello world	Thread-9480	7

time: 946688921.53448
diff: 29.46552002429962
waiting
going to web site
Hello world	Thread-9606	6

time: 946688951.544065
diff: 22.45593500137329
waiting
going to web site
Hello world	Thread-9719	5

time: 946688974.544065
diff: 32.45593500137329
waiting
going to web site
Hello world	Thread-9878	7

time: 946689007.5350649
diff: 19.464935064315796
waiting
going to web site
Hello world	Thread-9962	7

time: 946689027.541065
diff: 20.458935022354126
waiting
going to web site
Hello world	Thread-10057	4

time: 946689048.5350649
diff: 22.464935064315796
waiting
going to web site
Hello world	Thread-10161	6

time: 946689071.5350649
diff: 17.464935064315796
waiting
going to web site
Hello world	Thread-10255	4

time: 946689089.544065
diff: 11.455935001373291
waiting
going to web site
Hello world	Thread-10299	6

time: 946689101.544065
diff: 33.45593500137329
waiting
going to web site
Hello world	Thread-10463	6

time: 946689135.526065
diff: 26.47393500804901
waiting
going to web site
Hello world	Thread-10588	6

time: 946689162.544065
diff: 9.455935001373291
waiting
going to web site
Hello world	Thread-10636	4

time: 946689172.5355929
diff: 27.464407086372375
waiting
going to web site
Hello world	Thread-10777	6

time: 946689200.5380651
diff: 12.461934924125671
waiting
going to web site
Hello world	Thread-10836	4

time: 946689213.526064
diff: 27.473935961723328
waiting
going to web site
Hello world	Thread-10967	7

time: 946689241.536032
diff: 4.46396803855896
waiting
going to web site
Hello world	Thread-10994	5

time: 946689246.544417
diff: 26.455582976341248
waiting
going to web site
Hello world	Thread-11120	5

time: 946689273.526064
diff: 21.473935961723328
waiting
going to web site
Hello world	Thread-11228	6

time: 946689295.5350641
diff: 25.464935898780823
waiting
going to web site
Hello world	Thread-11355	7

time: 946689321.5350641
diff: 20.464935898780823
waiting
going to web site
Hello world	Thread-11447	7

time: 946689342.526064
diff: 13.473935961723328
waiting
going to web site
Hello world	Thread-11517	3

time: 946689356.836832
diff: 30.16316795349121
waiting
going to web site
Hello world	Thread-11663	3

time: 946689387.832832
diff: 13.167168021202087
waiting
going to web site
Hello world	Thread-11729	3

time: 946689401.853457
diff: 24.14654302597046
waiting
going to web site
Hello world	Thread-11837	4

time: 946689426.832833
diff: 29.16716694831848
waiting
going to web site
Hello world	Thread-11973	5

time: 946689456.8358321
diff: 7.164167881011963
waiting
going to web site
Hello world	Thread-12007	3

time: 946689464.832832
diff: 14.167168021202087
waiting
going to web site
Hello world	Thread-12086	2

time: 946689479.841833
diff: 30.158167004585266
waiting
going to web site
Hello world	Thread-12219	3

time: 946689510.832833
diff: 15.167166948318481
waiting
going to web site
Hello world	Thread-12288	4

time: 946689526.836832
diff: 21.16316795349121
waiting
going to web site
Hello world	Thread-12394	2

time: 946689548.832832
diff: 34.16716802120209
waiting
going to web site
Hello world	Thread-12571	2

time: 946689586.851833
diff: 16.14816701412201
waiting
going to web site
Hello world	Thread-12642	3

time: 946689603.841833
diff: 3.158167004585266
waiting
going to web site
Hello world	Thread-12656	2

time: 946689607.841833
diff: 21.158167004585266
waiting
going to web site
Hello world	Thread-12761	3

time: 946689629.841833
diff: 33.158167004585266
waiting
going to web site
Hello world	Thread-12919	5

time: 946689663.841833
diff: 19.158167004585266
waiting
going to web site
Hello world	Thread-13027	4

time: 946689684.841833
diff: 27.158167004585266
waiting
going to web site
Hello world	Thread-13146	3

time: 946689712.851588
diff: 23.148411989212036
waiting
going to web site
Hello world	Thread-13249	4

time: 946689736.832832
diff: 24.167168021202087
waiting
going to web site
Hello world	Thread-13375	2

time: 946689761.841833
diff: 27.158167004585266
waiting
going to web site
Hello world	Thread-13493	4

time: 946689789.832833
diff: 11.167166948318481
waiting
going to web site
Hello world	Thread-13547	3

time: 946689801.832832
diff: 16.167168021202087
waiting
going to web site
Hello world	Thread-13631	3

time: 946689818.832833
diff: 20.16716694831848
waiting
going to web site
Hello world	Thread-13724	6

time: 946689839.832832
diff: 26.167168021202087
waiting
going to web site
Hello world	Thread-13858	3

time: 946689866.8518051
diff: 8.148194909095764
waiting
going to web site
Hello world	Thread-13893	6

time: 946689875.832832
diff: 32.16716802120209
waiting
going to web site
Hello world	Thread-14048	2

time: 946689908.841833
diff: 19.158167004585266
waiting
going to web site
Hello world	Thread-14129	2

time: 946689928.841833
diff: 17.158167004585266
waiting
going to web site
Hello world	Thread-14213	2

time: 946689946.841833
diff: 15.158167004585266
waiting
going to web site
Hello world	Thread-14282	3

time: 946689962.841833
diff: 21.158167004585266
waiting
going to web site
Hello world	Thread-14370	4

time: 946689984.841833
diff: 19.158167004585266
waiting
going to web site
Hello world	Thread-14469	3

time: 946690005.851665
diff: 17.148334980010986
waiting
going to web site
Hello world	Thread-14543	4

time: 946690023.832832
diff: 29.167168021202087
waiting
going to web site
Hello world	Thread-14671	3

time: 946690053.841833
diff: 27.158167004585266
waiting
going to web site
Hello world	Thread-14784	4

time: 946690081.841833
diff: 17.158167004585266
waiting
going to web site
Hello world	Thread-14869	5

time: 946690099.841833
diff: 30.158167004585266
waiting
going to web site
Hello world	Thread-15007	2

time: 946690131.851833
diff: 18.14816701412201
waiting
going to web site
Hello world	Thread-15084	3

time: 946690150.841833
diff: 27.158167004585266
waiting
going to web site
Hello world	Thread-15200	4

time: 946690178.832833
diff: 28.16716694831848
waiting
going to web site
Hello world	Thread-15327	5

time: 946690207.832832
diff: 16.167168021202087
waiting
going to web site
Hello world	Thread-15406	2

time: 946690225.841833
diff: 23.158167004585266
waiting
going to web site
Hello world	Thread-15508	3

time: 946690249.841833
diff: 23.158167004585266
waiting
going to web site
Hello world	Thread-15621	4

time: 946690273.8398329
diff: 12.16016709804535
waiting
going to web site
Hello world	Thread-15677	3

time: 946690287.841833
diff: 23.158167004585266
waiting
going to web site
Hello world	Thread-15786	4

time: 946690312.841833
diff: 21.158167004585266
waiting
going to web site
Hello world	Thread-15878	4

time: 946690335.841833
diff: 22.158167004585266
waiting
going to web site
Hello world	Thread-15974	2

time: 946690358.841833
diff: 26.158167004585266
waiting
going to web site
Hello world	Thread-16095	3

time: 946690385.841833
diff: 30.158167004585266
waiting
going to web site
Hello world	Thread-16228	3

time: 946690416.841833
diff: 11.158167004585266
waiting
going to web site
Hello world	Thread-16281	3

time: 946690428.841833
diff: 18.158167004585266
waiting
going to web site
Hello world	Thread-16369	3

time: 946690447.832833
diff: 31.16716694831848
waiting
going to web site
Hello world	Thread-16507	4

time: 946690479.832832
diff: 12.167168021202087
waiting
going to web site
Hello world	Thread-16565	3

time: 946690492.832833
diff: 31.16716694831848
waiting
going to web site
Hello world	Thread-16701	5

time: 946690524.832832
diff: 24.167168021202087
waiting
going to web site
Hello world	Thread-16808	4

time: 946690549.832833
diff: 16.16716694831848
waiting
going to web site
Hello world	Thread-16888	4

time: 946690566.836832
diff: 27.16316795349121
waiting
going to web site
Hello world	Thread-17007	4

time: 946690594.832832
diff: 21.167168021202087
waiting
going to web site
Hello world	Thread-17101	2

time: 946690616.841833
diff: 29.158167004585266
waiting
going to web site
Hello world	Thread-17226	2

time: 946690646.843833
diff: 19.156167030334473
waiting
going to web site
Hello world	Thread-17313	3

time: 946690666.836833
diff: 26.163166999816895
waiting
going to web site
Hello world	Thread-17435	3

time: 946690693.8418959
diff: 16.158104062080383
waiting
going to web site
Hello world	Thread-17507	2

time: 946690710.845833
diff: 21.15416705608368
waiting
going to web site
Hello world	Thread-17601	2

time: 946690732.841833
diff: 18.158167004585266
waiting
going to web site
Hello world	Thread-17678	2

time: 946690751.841833
diff: 14.158167004585266
waiting
going to web site
Hello world	Thread-17748	2

time: 946690766.841833
diff: 32.158167004585266
waiting
going to web site
Hello world	Thread-17895	2

time: 946690799.851833
diff: 20.14816701412201
waiting
going to web site
Hello world	Thread-17979	4

time: 946690820.832833
diff: 24.16716694831848
waiting
going to web site
Hello world	Thread-18080	5

time: 946690845.832832
diff: 32.16716802120209
waiting
going to web site
Hello world	Thread-18220	2

time: 946690878.836833
diff: 19.163166999816895
waiting
going to web site
Hello world	Thread-18310	2

time: 946690898.832832
diff: 14.167168021202087
waiting
going to web site
Hello world	Thread-18371	2

time: 946690913.832833
diff: 24.16716694831848
waiting
going to web site
Hello world	Thread-18477	5

time: 946690938.832832
diff: 19.167168021202087
waiting
going to web site
Hello world	Thread-18565	3

time: 946690958.841833
diff: 18.158167004585266
waiting
going to web site
Hello world	Thread-18644	2

time: 946690977.841864
diff: 31.158136010169983
waiting
going to web site
Hello world	Thread-18788	2

time: 946691009.841833
diff: 22.158167004585266
waiting
going to web site
Hello world	Thread-18889	2

time: 946691032.841833
diff: 23.158167004585266
waiting
going to web site
Hello world	Thread-18996	4

time: 946691056.832833
diff: 31.16716694831848
waiting
going to web site
Hello world	Thread-19134	2

time: 946691088.836832
diff: 15.163167953491211
waiting
going to web site
Hello world	Thread-19208	4

time: 946691104.832832
diff: 26.167168021202087
waiting
going to web site
Hello world	Thread-19328	4

time: 946691132.841833
diff: 19.158167004585266
waiting
going to web site
Hello world	Thread-19423	4

time: 946691152.836833
diff: 15.163166999816895
waiting
going to web site
Hello world	Thread-19487	5

time: 946691168.5350641
diff: 33.46493589878082
waiting
going to web site
Hello world	Thread-19645	4

time: 946691202.526064
diff: 16.473935961723328
waiting
going to web site
Hello world	Thread-19723	6

time: 946691219.5350641
diff: 29.464935898780823
waiting
going to web site
Hello world	Thread-19857	7

time: 946691249.526064
diff: 21.473935961723328
waiting
going to web site
Hello world	Thread-19967	5

time: 946691271.5350641
diff: 13.464935898780823
waiting
going to web site
Hello world	Thread-20026	7

time: 946691285.5350641
diff: 22.464935898780823
waiting
going to web site
Hello world	Thread-20130	6

time: 946691308.530064
diff: 17.46993601322174
waiting
going to web site
Hello world	Thread-20220	7

time: 946691326.5350649
diff: 12.464935064315796
waiting
going to web site
Hello world	Thread-20280	6

time: 946691339.540065
diff: 23.459934949874878
waiting
going to web site
Hello world	Thread-20382	6

time: 946691363.526064
diff: 27.473935961723328
waiting
going to web site
Hello world	Thread-20543	3

time: 946691391.526064
diff: 29.473935961723328
waiting
going to web site
Hello world	Thread-20686	7

time: 946691421.5350641
diff: 13.464935898780823
waiting
going to web site
Hello world	Thread-20748	5

time: 946691435.5350641
diff: 33.46493589878082
waiting
going to web site
Hello world	Thread-20908	7

time: 946691469.5350641
diff: 6.464935898780823
waiting
going to web site
Hello world	Thread-20939	6

time: 946691476.5350641
diff: 14.464935898780823
waiting
going to web site
Hello world	Thread-21011	4

time: 946691491.5350641
diff: 28.464935898780823
waiting
going to web site
Hello world	Thread-21144	8

time: 946691520.5350641
diff: 20.464935898780823
waiting
going to web site
Hello world	Thread-21250	5

time: 946691541.535041
diff: 11.464959025382996
waiting
going to web site
Hello world	Thread-21307	2

time: 946691553.5350649
diff: 16.464935064315796
waiting
going to web site
Hello world	Thread-21374	4

time: 946691570.526065
diff: 36.47393500804901
waiting
going to web site
Hello world	Thread-21547	3

time: 946691607.544065
diff: 12.455935001373291
waiting
going to web site
Hello world	Thread-21603	5

time: 946691620.526065
diff: 22.47393500804901
waiting
going to web site
Hello world	Thread-21710	5

time: 946691643.5300651
diff: 26.469934940338135
waiting
going to web site
Hello world	Thread-21820	5

time: 946691670.526064
diff: 14.473935961723328
waiting
going to web site
Hello world	Thread-21885	6

time: 946691685.5350641
diff: 25.464935898780823
waiting
going to web site
Hello world	Thread-22010	7

time: 946691711.5350641
diff: 11.464935898780823
waiting
going to web site
Hello world	Thread-22063	4

time: 946691723.5350641
diff: 20.464935898780823
waiting
going to web site
Hello world	Thread-22149	5

time: 946691744.5350641
diff: 38.46493589878082
waiting
going to web site
Hello world	Thread-22314	6

time: 946691783.832832
diff: 31.167168021202087
waiting
going to web site
Hello world	Thread-22461	3

time: 946691815.832833
diff: 6.1671669483184814
waiting
going to web site
Hello world	Thread-22493	4

time: 946691822.832832
diff: 29.167168021202087
waiting
going to web site
Hello world	Thread-22625	5

time: 946691852.832833
diff: 30.16716694831848
waiting
going to web site
Hello world	Thread-22760	5

time: 946691883.832832
diff: 20.167168021202087
waiting
going to web site
Hello world	Thread-22851	2

time: 946691904.841833
diff: 10.158167004585266
waiting
going to web site
Hello world	Thread-22903	6

time: 946691915.832833
diff: 23.16716694831848
waiting
going to web site
Hello world	Thread-23005	5

time: 946691939.832832
diff: 29.167168021202087
waiting
going to web site
Hello world	Thread-23155	3

time: 946691969.841833
diff: 12.158167004585266
waiting
going to web site
Hello world	Thread-23216	2

time: 946691982.841833
diff: 21.158167004585266
waiting
going to web site
Hello world	Thread-23320	3

time: 946692004.832833
diff: 22.16716694831848
waiting
going to web site
Hello world	Thread-23428	3

time: 946692027.832832
diff: 15.167168021202087
waiting
going to web site
Hello world	Thread-23503	3

time: 946692043.832833
diff: 36.16716694831848
waiting
going to web site
Hello world	Thread-23681	4

time: 946692080.832832
diff: 15.167168021202087
waiting
going to web site
Hello world	Thread-23762	6

time: 946692096.832833
diff: 17.16716694831848
waiting
going to web site
Hello world	Thread-23842	5

time: 946692114.832832
diff: 30.167168021202087
waiting
going to web site
Hello world	Thread-23992	3

time: 946692145.832833
diff: 3.1671669483184814
waiting
going to web site
Hello world	Thread-24011	2

time: 946692149.832832
diff: 37.16716802120209
waiting
going to web site
Hello world	Thread-24184	3

time: 946692187.841833
diff: 8.158167004585266
waiting
going to web site
Hello world	Thread-24220	4

time: 946692196.841833
diff: 20.158167004585266
waiting
going to web site
Hello world	Thread-24318	4

time: 946692217.841833
diff: 34.158167004585266
waiting
going to web site
Hello world	Thread-24475	4

time: 946692252.841833
diff: 1.1581670045852661
waiting
going to web site
Hello world	Thread-24487	5

time: 946692254.841833
diff: 22.158167004585266
waiting
going to web site
Hello world	Thread-24597	5

time: 946692278.841833
diff: 15.158167004585266
waiting
going to web site
Hello world	Thread-24665	3

time: 946692294.841833
diff: 16.158167004585266
waiting
going to web site
Hello world	Thread-24742	3

time: 946692311.832833
diff: 31.16716694831848
waiting
going to web site
Hello world	Thread-24886	3

time: 946692344.852742
diff: 23.147258043289185
waiting
going to web site
Hello world	Thread-25004	3

time: 946692371.841833
diff: 17.158167004585266
waiting
going to web site
Hello world	Thread-25072	4

time: 946692389.741585
diff: 25.25841498374939
waiting
going to web site
Hello world	Thread-25182	3

time: 946692415.7205839
diff: 26.27941608428955
waiting
going to web site
Hello world	Thread-25297	5

time: 946692442.729585
diff: 18.27041494846344
waiting
going to web site
Hello world	Thread-25377	6

time: 946692461.721584
diff: 31.27841603755951
waiting
going to web site
Hello world	Thread-25514	4

time: 946692493.732325
diff: 21.267675042152405
waiting
going to web site
Hello world	Thread-25610	5

time: 946692515.729585
diff: 15.27041494846344
waiting
going to web site
Hello world	Thread-25667	5

time: 946692531.7205839
diff: 35.27941608428955
waiting
going to web site
Hello world	Thread-25824	4

time: 946692567.741585
diff: 23.25841498374939
waiting
going to web site
Hello world	Thread-25933	4

time: 946692591.7205839
diff: 20.27941608428955
waiting
going to web site
Hello world	Thread-26011	5

time: 946692612.720585
diff: 15.279415011405945
waiting
going to web site
Hello world	Thread-26085	3

time: 946692628.732585
diff: 31.267415046691895
waiting
going to web site
Hello world	Thread-26207	3

time: 946692660.732585
diff: 18.267415046691895
waiting
going to web site
Hello world	Thread-26275	2

time: 946692679.732585
diff: 16.267415046691895
waiting
going to web site
Hello world	Thread-26341	2

time: 946692696.7245849
diff: 32.27541506290436
waiting
going to web site
Hello world	Thread-26426	4

time: 946692729.729585
diff: 8.27041494846344
waiting
going to web site
Hello world	Thread-26460	3

time: 946692738.7325839
diff: 26.2674161195755
waiting
going to web site
Hello world	Thread-26525	3

time: 946692765.729585
diff: 32.27041494846344
waiting
going to web site
Hello world	Thread-26600	3

time: 946692798.7205839
diff: 22.27941608428955
waiting
going to web site
Hello world	Thread-26646	2

time: 946692821.720585
diff: 27.279415011405945
waiting
going to web site
Hello world	Thread-26691	5

time: 946692849.7245849
diff: 8.275415062904358
waiting
going to web site
Hello world	Thread-26708	3

time: 946692858.720585
diff: 17.279415011405945
waiting
going to web site
Hello world	Thread-26731	3

