time: 946686600.0
diff: 357.0
waiting
going to web site
Hello world	Thread-885	3

time: 946686957.6995599
diff: 13.300440073013306
waiting
going to web site
Hello world	Thread-1896	6

time: 946686971.713817
diff: -0.7138170003890991
going to web site
Hello world	Thread-1901	4

time: 946686972.422377
diff: -0.42237699031829834
going to web site
Hello world	Thread-1904	4

time: 946686973.128937
diff: -1.128937005996704
going to web site
Hello world	Thread-1908	3

time: 946686973.836577
diff: -1.83657705783844
going to web site
Hello world	Thread-964	7

time: 946686974.536137
diff: -1.5361369848251343
going to web site
Hello world	Thread-1912	3

time: 946686975.249697
diff: 14.750303030014038
waiting
going to web site
Hello world	Thread-1030	6

time: 946686990.699561
diff: 14.3004390001297
waiting
going to web site
Hello world	Thread-1963	4

time: 946687005.7155609
diff: 2.2844390869140625
waiting
going to web site
Hello world	Thread-1971	2

time: 946687008.708871
diff: 2.291128993034363
waiting
going to web site
Hello world	Thread-1979	3

time: 946687011.6995599
diff: 1.3004400730133057
waiting
going to web site
Hello world	Thread-1982	4

time: 946687013.7085611
diff: -0.7085610628128052
going to web site
Hello world	Thread-1145	3

time: 946687014.413121
diff: 0.5868790149688721
waiting
going to web site
Hello world	Thread-1986	5

time: 946687015.712561
diff: 1.287438988685608
waiting
going to web site
Hello world	Thread-1993	2

time: 946687017.6995599
diff: 4.300440073013306
waiting
going to web site
Hello world	Thread-2004	2

time: 946687022.699561
diff: 1.3004390001296997
waiting
going to web site
Hello world	Thread-2010	5

time: 946687024.699561
diff: -0.6995609998703003
going to web site
Hello world	Thread-2014	2

time: 946687025.406121
diff: 2.593878984451294
waiting
going to web site
Hello world	Thread-1210	5

time: 946687028.6995599
diff: 19.300440073013306
waiting
going to web site
Hello world	Thread-1308	6

time: 946687048.699561
diff: 19.3004390001297
waiting
going to web site
Hello world	Thread-1392	5

time: 946687068.699561
diff: 15.3004390001297
waiting
going to web site
Hello world	Thread-1466	4

time: 946687084.699561
diff: 14.3004390001297
waiting
going to web site
Hello world	Thread-1534	5

time: 946687099.699561
diff: 23.3004390001297
waiting
going to web site
Hello world	Thread-1635	3

time: 946687123.699561
diff: 25.3004390001297
waiting
going to web site
Hello world	Thread-1743	6

time: 946687149.699561
diff: 9.3004390001297
waiting
going to web site
Hello world	Thread-1787	7

time: 946687159.699561
diff: 37.3004390001297
waiting
going to web site
Hello world	Thread-1941	6

time: 946687197.7087439
diff: 23.291256070137024
waiting
going to web site
Hello world	Thread-2045	6

time: 946687221.699561
diff: 28.3004390001297
waiting
going to web site
Hello world	Thread-2164	5

time: 946687250.699561
diff: 18.3004390001297
waiting
going to web site
Hello world	Thread-2255	3

time: 946687269.699561
diff: 17.3004390001297
waiting
going to web site
Hello world	Thread-2341	5

time: 946687287.699561
diff: 30.3004390001297
waiting
going to web site
Hello world	Thread-2477	4

time: 946687318.699561
diff: 25.3004390001297
waiting
going to web site
Hello world	Thread-2584	4

time: 946687344.699561
diff: 30.3004390001297
waiting
going to web site
Hello world	Thread-2722	3

time: 946687375.699561
diff: 12.3004390001297
waiting
going to web site
Hello world	Thread-2778	4

time: 946687388.699561
diff: 16.3004390001297
waiting
going to web site
Hello world	Thread-2853	4

time: 946687405.699561
diff: 19.3004390001297
waiting
going to web site
Hello world	Thread-2944	2

time: 946687425.699561
diff: 29.3004390001297
waiting
going to web site
Hello world	Thread-3071	5

time: 946687455.699561
diff: 25.3004390001297
waiting
going to web site
Hello world	Thread-3181	7

time: 946687481.699561
diff: 24.3004390001297
waiting
going to web site
Hello world	Thread-3293	4

time: 946687506.699561
diff: 29.3004390001297
waiting
going to web site
Hello world	Thread-3429	3

time: 946687536.699561
diff: 7.3004390001297
waiting
going to web site
Hello world	Thread-3457	5

time: 946687544.699561
diff: 25.3004390001297
waiting
going to web site
Hello world	Thread-3570	7

time: 946687570.7056121
diff: 11.294387936592102
waiting
going to web site
Hello world	Thread-3626	6

time: 946687582.6995599
diff: 16.300440073013306
waiting
going to web site
Hello world	Thread-3697	6

time: 946687599.699561
diff: 33.3004390001297
waiting
going to web site
Hello world	Thread-3847	6

time: 946687633.699561
diff: 23.3004390001297
waiting
going to web site
Hello world	Thread-3946	7

time: 946687657.699561
diff: 11.3004390001297
waiting
going to web site
Hello world	Thread-4000	5

time: 946687669.699561
diff: 23.3004390001297
waiting
going to web site
Hello world	Thread-4113	5

time: 946687693.699561
diff: 35.3004390001297
waiting
going to web site
Hello world	Thread-4271	5

time: 946687729.699561
diff: 22.3004390001297
waiting
going to web site
Hello world	Thread-4371	6

time: 946687752.699561
diff: 24.3004390001297
waiting
going to web site
Hello world	Thread-4482	7

time: 946687777.714561
diff: 15.285439014434814
waiting
going to web site
Hello world	Thread-4553	6

time: 946687793.699561
diff: 30.3004390001297
waiting
going to web site
Hello world	Thread-4696	4

time: 946687824.699561
diff: 30.3004390001297
waiting
going to web site
Hello world	Thread-4833	4

time: 946687855.699561
diff: 14.3004390001297
waiting
going to web site
Hello world	Thread-4901	5

time: 946687870.699561
diff: 25.3004390001297
waiting
going to web site
Hello world	Thread-5017	7

time: 946687896.699561
diff: 21.3004390001297
waiting
going to web site
Hello world	Thread-5117	7

time: 946687918.713849
diff: 21.2861510515213
waiting
going to web site
Hello world	Thread-5225	3

time: 946687940.699561
diff: 6.3004390001297
waiting
going to web site
Hello world	Thread-5262	2

time: 946687947.699561
diff: 28.3004390001297
waiting
going to web site
Hello world	Thread-5399	7

time: 946687976.699561
diff: 28.3004390001297
waiting
going to web site
Hello world	Thread-5524	7

time: 946688005.699561
diff: 6.3004390001297
waiting
going to web site
Hello world	Thread-5563	4

time: 946688012.709561
diff: 14.290439009666443
waiting
going to web site
Hello world	Thread-5627	2

time: 946688027.699561
diff: 23.3004390001297
waiting
going to web site
Hello world	Thread-5737	5

time: 946688051.699561
diff: 37.3004390001297
waiting
going to web site
Hello world	Thread-5912	3

time: 946688089.699561
diff: 21.3004390001297
waiting
going to web site
Hello world	Thread-6004	7

time: 946688111.699561
diff: 17.3004390001297
waiting
going to web site
Hello world	Thread-6082	4

time: 946688129.699561
diff: 27.3004390001297
waiting
going to web site
Hello world	Thread-6200	3

time: 946688157.7085611
diff: 20.291438937187195
waiting
going to web site
Hello world	Thread-6281	6

time: 946688178.5350641
diff: 20.464935898780823
waiting
going to web site
Hello world	Thread-6375	6

time: 946688199.5270641
diff: 25.472935914993286
waiting
going to web site
Hello world	Thread-6498	4

time: 946688225.526064
diff: 15.473935961723328
waiting
going to web site
Hello world	Thread-6563	4

time: 946688241.5350641
diff: 11.464935898780823
waiting
going to web site
Hello world	Thread-6614	4

time: 946688253.5350641
diff: 20.464935898780823
waiting
going to web site
Hello world	Thread-6704	3

time: 946688274.526064
diff: 31.473935961723328
waiting
going to web site
Hello world	Thread-6847	5

time: 946688306.5350641
diff: 11.464935898780823
waiting
going to web site
Hello world	Thread-6905	7

time: 946688318.5350641
diff: 26.464935898780823
waiting
going to web site
Hello world	Thread-7017	7

time: 946688345.5350641
diff: 29.464935898780823
waiting
going to web site
Hello world	Thread-7156	7

time: 946688375.5350641
diff: 19.464935898780823
waiting
going to web site
Hello world	Thread-7243	7

time: 946688395.526064
diff: 23.473935961723328
waiting
going to web site
Hello world	Thread-7349	6

time: 946688419.5350641
diff: 18.464935898780823
waiting
going to web site
Hello world	Thread-7436	6

time: 946688438.5350641
diff: 38.46493589878082
waiting
going to web site
Hello world	Thread-7613	6

time: 946688477.526064
diff: 19.473935961723328
waiting
going to web site
Hello world	Thread-7694	6

time: 946688497.5350641
diff: 24.464935898780823
waiting
going to web site
Hello world	Thread-7811	4

time: 946688522.526064
diff: 27.473935961723328
waiting
going to web site
Hello world	Thread-7926	3

time: 946688550.5350641
diff: 9.464935898780823
waiting
going to web site
Hello world	Thread-7973	6

time: 946688560.5350641
diff: 37.46493589878082
waiting
going to web site
Hello world	Thread-8137	3

time: 946688598.5350641
diff: 10.464935898780823
waiting
going to web site
Hello world	Thread-8185	7

time: 946688609.5350641
diff: 17.464935898780823
waiting
going to web site
Hello world	Thread-8263	7

time: 946688627.5350641
diff: 12.464935898780823
waiting
going to web site
Hello world	Thread-8320	5

time: 946688640.5350641
diff: 24.464935898780823
waiting
going to web site
Hello world	Thread-8431	7

time: 946688665.5350641
diff: 26.464935898780823
waiting
going to web site
Hello world	Thread-8543	6

time: 946688692.5350641
diff: 8.464935898780823
waiting
going to web site
Hello world	Thread-8572	4

time: 946688701.5350641
diff: 16.464935898780823
waiting
going to web site
Hello world	Thread-8639	4

time: 946688718.5350641
diff: 31.464935898780823
waiting
going to web site
Hello world	Thread-8773	7

time: 946688750.5350641
diff: 21.464935898780823
waiting
going to web site
Hello world	Thread-8854	5

time: 946688772.5350641
diff: 35.46493589878082
waiting
going to web site
Hello world	Thread-9000	5

time: 946688808.6995599
diff: 27.300440073013306
waiting
going to web site
Hello world	Thread-9121	4

time: 946688836.699561
diff: 29.3004390001297
waiting
going to web site
Hello world	Thread-9247	4

time: 946688866.699561
diff: 21.3004390001297
waiting
going to web site
Hello world	Thread-9337	7

time: 946688888.699561
diff: 15.3004390001297
waiting
going to web site
Hello world	Thread-9406	5

time: 946688904.699561
diff: 31.3004390001297
waiting
going to web site
Hello world	Thread-9550	3

time: 946688936.699561
diff: 29.3004390001297
waiting
going to web site
Hello world	Thread-9683	5

time: 946688967.699561
diff: 18.3004390001297
waiting
going to web site
Hello world	Thread-9771	7

time: 946688986.699561
diff: 21.3004390001297
waiting
going to web site
Hello world	Thread-9881	5

time: 946689008.7085611
diff: 15.291438937187195
waiting
going to web site
Hello world	Thread-9951	4

time: 946689024.6995599
diff: 31.300440073013306
waiting
going to web site
Hello world	Thread-10092	4

time: 946689056.699561
diff: 27.3004390001297
waiting
going to web site
Hello world	Thread-10232	5

time: 946689084.699561
diff: 30.3004390001297
waiting
going to web site
Hello world	Thread-10368	7

time: 946689115.699561
diff: 12.3004390001297
waiting
going to web site
Hello world	Thread-10433	4

time: 946689128.699561
diff: 18.3004390001297
waiting
going to web site
Hello world	Thread-10522	5

time: 946689147.699561
diff: 22.3004390001297
waiting
going to web site
Hello world	Thread-10628	3

time: 946689170.699561
diff: 27.3004390001297
waiting
going to web site
Hello world	Thread-10767	4

time: 946689198.699561
diff: 18.3004390001297
waiting
going to web site
Hello world	Thread-10857	6

time: 946689217.699561
diff: 15.3004390001297
waiting
going to web site
Hello world	Thread-10932	3

time: 946689233.699561
diff: 30.3004390001297
waiting
going to web site
Hello world	Thread-11084	3

time: 946689264.699561
diff: 12.3004390001297
waiting
going to web site
Hello world	Thread-11137	6

time: 946689277.714592
diff: 20.28540802001953
waiting
going to web site
Hello world	Thread-11246	4

time: 946689298.7085611
diff: 11.291438937187195
waiting
going to web site
Hello world	Thread-11301	4

time: 946689310.6995599
diff: 10.300440073013306
waiting
going to web site
Hello world	Thread-11356	5

time: 946689321.7085611
diff: 20.291438937187195
waiting
going to web site
Hello world	Thread-11448	4

time: 946689342.6995599
diff: 41.300440073013306
waiting
going to web site
Hello world	Thread-11646	5

time: 946689384.699561
diff: 16.3004390001297
waiting
going to web site
Hello world	Thread-11726	6

time: 946689401.699561
diff: 13.3004390001297
waiting
going to web site
Hello world	Thread-11784	3

time: 946689415.841833
diff: 28.158167004585266
waiting
going to web site
Hello world	Thread-11908	3

time: 946689444.832833
diff: 16.16716694831848
waiting
going to web site
Hello world	Thread-11998	2

time: 946689461.832832
diff: 23.167168021202087
waiting
going to web site
Hello world	Thread-12118	2

time: 946689486.841833
diff: 21.158167004585266
waiting
going to web site
Hello world	Thread-12215	4

time: 946689509.841833
diff: 20.158167004585266
waiting
going to web site
Hello world	Thread-12308	4

time: 946689530.841833
diff: 6.158167004585266
waiting
going to web site
Hello world	Thread-12345	2

time: 946689537.841833
diff: 23.158167004585266
waiting
going to web site
Hello world	Thread-12457	3

time: 946689561.836833
diff: 26.163166999816895
waiting
going to web site
Hello world	Thread-12580	5

time: 946689588.832832
diff: 27.167168021202087
waiting
going to web site
Hello world	Thread-12698	4

time: 946689616.841833
diff: 17.158167004585266
waiting
going to web site
Hello world	Thread-12787	2

time: 946689634.861625
diff: 24.13837504386902
waiting
going to web site
Hello world	Thread-12898	2

time: 946689659.841833
diff: 12.158167004585266
waiting
going to web site
Hello world	Thread-12962	2

time: 946689672.841833
diff: 19.158167004585266
waiting
going to web site
Hello world	Thread-13059	2

time: 946689692.841833
diff: 26.158167004585266
waiting
going to web site
Hello world	Thread-13183	2

time: 946689719.841833
diff: 25.158167004585266
waiting
going to web site
Hello world	Thread-13293	2

time: 946689745.832833
diff: 30.16716694831848
waiting
going to web site
Hello world	Thread-13430	5

time: 946689776.832832
diff: 16.167168021202087
waiting
going to web site
Hello world	Thread-13514	2

time: 946689793.841833
diff: 22.158167004585266
waiting
going to web site
Hello world	Thread-13623	2

time: 946689816.841833
diff: 26.158167004585266
waiting
going to web site
Hello world	Thread-13744	5

time: 946689843.841833
diff: 14.158167004585266
waiting
going to web site
Hello world	Thread-13818	2

time: 946689858.841833
diff: 19.158167004585266
waiting
going to web site
Hello world	Thread-13910	2

time: 946689878.851833
diff: 18.14816701412201
waiting
going to web site
Hello world	Thread-13994	3

time: 946689897.841833
diff: 31.158167004585266
waiting
going to web site
Hello world	Thread-14142	3

time: 946689930.841833
diff: 11.158167004585266
waiting
going to web site
Hello world	Thread-14188	3

time: 946689942.842565
diff: 18.157435059547424
waiting
going to web site
Hello world	Thread-14274	2

time: 946689961.841833
diff: 18.158167004585266
waiting
going to web site
Hello world	Thread-14351	2

time: 946689980.841833
diff: 23.158167004585266
waiting
going to web site
Hello world	Thread-14463	2

time: 946690004.860665
diff: 11.139335036277771
waiting
going to web site
Hello world	Thread-14518	3

time: 946690017.839713
diff: 27.160287022590637
waiting
going to web site
Hello world	Thread-14637	5

time: 946690045.836713
diff: 26.163287043571472
waiting
going to web site
Hello world	Thread-14751	3

time: 946690072.836713
diff: 9.163287043571472
waiting
going to web site
Hello world	Thread-14789	4

time: 946690082.8407129
diff: 32.159287095069885
waiting
going to web site
Hello world	Thread-14933	3

time: 946690115.836713
diff: 26.163287043571472
waiting
going to web site
Hello world	Thread-15048	2

time: 946690142.836713
diff: 24.163287043571472
waiting
going to web site
Hello world	Thread-15156	4

time: 946690167.836713
diff: 21.163287043571472
waiting
going to web site
Hello world	Thread-15245	4

time: 946690189.836713
diff: 14.163287043571472
waiting
going to web site
Hello world	Thread-15312	5

time: 946690204.836713
diff: 28.163287043571472
waiting
going to web site
Hello world	Thread-15440	3

time: 946690233.839713
diff: 29.160287022590637
waiting
going to web site
Hello world	Thread-15570	4

time: 946690263.836713
diff: 30.163287043571472
waiting
going to web site
Hello world	Thread-15707	4

time: 946690294.836713
diff: 12.163287043571472
waiting
going to web site
Hello world	Thread-15761	4

time: 946690307.836713
diff: 25.163287043571472
waiting
going to web site
Hello world	Thread-15870	2

time: 946690333.836713
diff: 16.163287043571472
waiting
going to web site
Hello world	Thread-15945	5

time: 946690350.837713
diff: 24.16228699684143
waiting
going to web site
Hello world	Thread-16054	6

time: 946690375.8367119
diff: 27.163288116455078
waiting
going to web site
Hello world	Thread-16173	6

time: 946690403.836713
diff: 17.163287043571472
waiting
going to web site
Hello world	Thread-16254	3

time: 946690421.836713
diff: 25.163287043571472
waiting
going to web site
Hello world	Thread-16371	2

time: 946690447.836713
diff: 21.163287043571472
waiting
going to web site
Hello world	Thread-16463	4

time: 946690469.839713
diff: 30.160287022590637
waiting
going to web site
Hello world	Thread-16604	4

time: 946690500.836713
diff: 14.163287043571472
waiting
going to web site
Hello world	Thread-16667	3

time: 946690515.836713
diff: 22.163287043571472
waiting
going to web site
Hello world	Thread-16763	5

time: 946690538.836713
diff: 19.163287043571472
waiting
going to web site
Hello world	Thread-16847	4

time: 946690558.836713
diff: 22.163287043571472
waiting
going to web site
Hello world	Thread-16953	4

time: 946690581.836713
diff: 31.163287043571472
waiting
going to web site
Hello world	Thread-17086	4

time: 946690613.839713
diff: 10.160287022590637
waiting
going to web site
Hello world	Thread-17135	2

time: 946690624.841833
diff: 36.158167004585266
waiting
going to web site
Hello world	Thread-17291	2

time: 946690661.841833
diff: 23.158167004585266
waiting
going to web site
Hello world	Thread-17395	6

time: 946690685.832833
diff: 9.167166948318481
waiting
going to web site
Hello world	Thread-17439	7

time: 946690695.832832
diff: 26.167168021202087
waiting
going to web site
Hello world	Thread-17556	4

time: 946690722.841833
diff: 29.158167004585266
waiting
going to web site
Hello world	Thread-17701	4

time: 946690755.841833
diff: 9.158167004585266
waiting
going to web site
Hello world	Thread-17747	3

time: 946690766.841833
diff: 25.158167004585266
waiting
going to web site
Hello world	Thread-17870	5

time: 946690792.841833
diff: 13.158167004585266
waiting
going to web site
Hello world	Thread-17924	3

time: 946690806.841833
diff: 12.158167004585266
waiting
going to web site
Hello world	Thread-17980	2

time: 946690820.842833
diff: 26.157166957855225
waiting
going to web site
Hello world	Thread-18090	4

time: 946690847.836832
diff: 27.16316795349121
waiting
going to web site
Hello world	Thread-18207	3

time: 946690875.832832
diff: 27.167168021202087
waiting
going to web site
Hello world	Thread-18329	4

time: 946690903.842833
diff: 31.157166957855225
waiting
going to web site
Hello world	Thread-18465	4

time: 946690935.832832
diff: 16.167168021202087
waiting
going to web site
Hello world	Thread-18540	2

time: 946690952.841833
diff: 18.158167004585266
waiting
going to web site
Hello world	Thread-18617	5

time: 946690971.841833
diff: 21.158167004585266
waiting
going to web site
Hello world	Thread-18721	2

time: 946690993.842833
diff: 23.157166957855225
waiting
going to web site
Hello world	Thread-18821	4

time: 946691017.832832
diff: 24.167168021202087
waiting
going to web site
Hello world	Thread-18933	4

time: 946691042.841833
diff: 32.158167004585266
waiting
going to web site
Hello world	Thread-19072	5

time: 946691075.832833
diff: 18.16716694831848
waiting
going to web site
Hello world	Thread-19165	2

time: 946691094.832832
diff: 25.167168021202087
waiting
going to web site
Hello world	Thread-19279	2

time: 946691120.859833
diff: 16.140166997909546
waiting
going to web site
Hello world	Thread-19353	6

time: 946691137.832832
diff: 31.167168021202087
waiting
going to web site
Hello world	Thread-19501	2

time: 946691170.841833
diff: 22.158167004585266
waiting
going to web site
Hello world	Thread-19609	2

time: 946691194.851481
diff: 14.148519039154053
waiting
going to web site
Hello world	Thread-19677	4

time: 946691209.841833
diff: 23.158167004585266
waiting
going to web site
Hello world	Thread-19792	3

time: 946691233.732585
diff: 14.267415046691895
waiting
going to web site
Hello world	Thread-19853	4

time: 946691248.733585
diff: 35.26641499996185
waiting
going to web site
Hello world	Thread-20023	4

time: 946691284.738325
diff: 19.261675000190735
waiting
going to web site
Hello world	Thread-20110	4

time: 946691304.7336451
diff: 26.26635491847992
waiting
going to web site
Hello world	Thread-20249	3

time: 946691331.724584
diff: 7.275416016578674
waiting
going to web site
Hello world	Thread-20281	5

time: 946691339.720585
diff: 34.279415011405945
waiting
going to web site
Hello world	Thread-20460	2

time: 946691374.738325
diff: 19.261675000190735
waiting
going to web site
Hello world	Thread-20556	3

time: 946691394.729585
diff: 15.27041494846344
waiting
going to web site
Hello world	Thread-20628	6

time: 946691410.7205839
diff: 3.279416084289551
waiting
going to web site
Hello world	Thread-20654	2

time: 946691414.732325
diff: 38.267675042152405
waiting
going to web site
Hello world	Thread-20836	4

time: 946691453.7245849
diff: 21.275415062904358
waiting
going to web site
Hello world	Thread-20936	5

time: 946691475.732585
diff: 16.267415046691895
waiting
going to web site
Hello world	Thread-21017	4

time: 946691492.7414169
diff: 25.258583068847656
waiting
going to web site
Hello world	Thread-21137	6

time: 946691518.720585
diff: 24.279415011405945
waiting
going to web site
Hello world	Thread-21259	2

time: 946691543.732585
diff: 3.2674150466918945
waiting
going to web site
Hello world	Thread-21277	3

time: 946691547.732325
diff: 27.267675042152405
waiting
going to web site
Hello world	Thread-21400	5

time: 946691575.729585
diff: 15.27041494846344
waiting
going to web site
Hello world	Thread-21472	6

time: 946691591.7205839
diff: 21.27941608428955
waiting
going to web site
Hello world	Thread-21577	4

time: 946691613.732325
diff: 14.267675042152405
waiting
going to web site
Hello world	Thread-21641	5

time: 946691628.732585
diff: 26.267415046691895
waiting
going to web site
Hello world	Thread-21763	4

time: 946691655.732325
diff: 23.267675042152405
waiting
going to web site
Hello world	Thread-21864	7

time: 946691679.729585
diff: 17.27041494846344
waiting
going to web site
Hello world	Thread-21942	3

time: 946691697.7205839
diff: 31.27941608428955
waiting
going to web site
Hello world	Thread-22093	5

time: 946691729.732585
diff: 8.267415046691895
waiting
going to web site
Hello world	Thread-22123	4

time: 946691738.720585
diff: 24.279415011405945
waiting
going to web site
Hello world	Thread-22235	5

time: 946691763.7329999
diff: 19.26700007915497
waiting
going to web site
Hello world	Thread-22312	7

time: 946691783.729585
diff: 29.27041494846344
waiting
going to web site
Hello world	Thread-22456	2

time: 946691813.7205839
diff: 28.27941608428955
waiting
going to web site
Hello world	Thread-22579	2

time: 946691842.842833
diff: 26.157166957855225
waiting
going to web site
Hello world	Thread-22693	5

time: 946691869.832832
diff: 19.167168021202087
waiting
going to web site
Hello world	Thread-22789	2

time: 946691889.842833
diff: 14.157166957855225
waiting
going to web site
Hello world	Thread-22850	4

time: 946691904.832832
diff: 28.167168021202087
waiting
going to web site
Hello world	Thread-22985	2

time: 946691934.845833
diff: 17.15416705608368
waiting
going to web site
Hello world	Thread-23077	3

time: 946691952.834833
diff: 14.165166974067688
waiting
going to web site
Hello world	Thread-23143	4

time: 946691967.836832
diff: 22.16316795349121
waiting
going to web site
Hello world	Thread-23251	6

time: 946691990.832832
diff: 40.16716802120209
waiting
going to web site
Hello world	Thread-23447	2

time: 946692031.832833
diff: 8.167166948318481
waiting
going to web site
Hello world	Thread-23492	3

time: 946692040.832832
diff: 15.167168021202087
waiting
going to web site
Hello world	Thread-23575	2

time: 946692056.845833
diff: 26.15416705608368
waiting
going to web site
Hello world	Thread-23696	3

time: 946692083.841833
diff: 31.158167004585266
waiting
going to web site
Hello world	Thread-23848	2

time: 946692115.841833
diff: 18.158167004585266
waiting
going to web site
Hello world	Thread-23935	2

time: 946692134.841833
diff: 17.158167004585266
waiting
going to web site
Hello world	Thread-24023	5

time: 946692152.832833
diff: 25.16716694831848
waiting
going to web site
Hello world	Thread-24134	3

time: 946692178.832832
diff: 24.167168021202087
waiting
going to web site
Hello world	Thread-24250	3

time: 946692203.8419061
diff: 6.1580939292907715
waiting
going to web site
Hello world	Thread-24286	4

time: 946692210.832832
diff: 42.16716802120209
waiting
going to web site
Hello world	Thread-24481	2

time: 946692253.84748
diff: 16.152519941329956
waiting
going to web site
Hello world	Thread-24559	4

time: 946692270.832832
diff: 7.167168021202087
waiting
going to web site
Hello world	Thread-24598	2

time: 946692278.841833
diff: 30.158167004585266
waiting
going to web site
Hello world	Thread-24735	2

time: 946692309.841833
diff: 15.158167004585266
waiting
going to web site
Hello world	Thread-24807	3

time: 946692325.841833
diff: 17.158167004585266
waiting
going to web site
Hello world	Thread-24882	2

time: 946692343.834833
diff: 13.165166974067688
waiting
going to web site
Hello world	Thread-24942	3

time: 946692357.832832
diff: 7.167168021202087
waiting
going to web site
Hello world	Thread-24971	2

time: 946692365.841833
diff: 26.158167004585266
waiting
going to web site
Hello world	Thread-25090	2

time: 946692392.841833
diff: 30.158167004585266
waiting
going to web site
Hello world	Thread-25219	2

time: 946692423.832833
diff: 23.16716694831848
waiting
going to web site
Hello world	Thread-25322	4

time: 946692447.836832
diff: 16.16316795349121
waiting
going to web site
Hello world	Thread-25387	4

time: 946692464.832832
diff: 34.16716802120209
waiting
going to web site
Hello world	Thread-25538	2

time: 946692499.832833
diff: 32.16716694831848
waiting
going to web site
Hello world	Thread-25672	2

time: 946692532.832832
diff: 14.167168021202087
waiting
going to web site
Hello world	Thread-25746	3

time: 946692548.841833
diff: 19.158167004585266
waiting
going to web site
Hello world	Thread-25831	4

time: 946692568.832833
diff: 23.16716694831848
waiting
going to web site
Hello world	Thread-25936	2

time: 946692592.832832
diff: 25.167168021202087
waiting
going to web site
Hello world	Thread-26046	2

time: 946692618.841833
diff: 33.158167004585266
waiting
going to web site
Hello world	Thread-26178	3

time: 946692652.841833
diff: 8.158167004585266
waiting
going to web site
Hello world	Thread-26212	2

time: 946692661.841833
diff: 30.158167004585266
waiting
going to web site
Hello world	Thread-26322	2

time: 946692692.841833
diff: 16.158167004585266
waiting
going to web site
Hello world	Thread-26376	3

time: 946692709.841833
diff: 18.158167004585266
waiting
going to web site
Hello world	Thread-26424	2

time: 946692728.832833
diff: 31.16716694831848
waiting
going to web site
Hello world	Thread-26513	2

time: 946692760.832832
diff: 16.167168021202087
waiting
going to web site
Hello world	Thread-26558	2

time: 946692777.841833
diff: 31.158167004585266
waiting
going to web site
Hello world	Thread-26629	3

time: 946692809.832833
diff: 12.167166948318481
waiting
going to web site
Hello world	Thread-26648	4

time: 946692822.836832
diff: 33.16316795349121
waiting
going to web site
Hello world	Thread-26706	2

time: 946692856.832832
diff: 24.167168021202087
waiting
going to web site
Hello world	Thread-26740	2

time: 946692881.8418959
diff: 15.158104062080383
waiting
going to web site
Hello world	Thread-26756	2

time: 946692897.832833
diff: 25.16716694831848
waiting
going to web site
Hello world	Thread-26780	3

time: 946692923.832832
diff: 20.167168021202087
waiting
going to web site
Hello world	Thread-26794	2

