1675439570.534844589 UTC seconds since epoch
              total        used        free      shared     buffers       cache   available
Mem:    33564200960  5838221312  8450740224   170524672   969388032 18305851392 24758022144
Low:    33564200960 25113460736  8450740224
High:             0           0           0
Swap:   21474299904   119799808 21354500096
1675439571.542165211 UTC seconds since epoch
              total        used        free      shared     buffers       cache   available
Mem:    33564200960  6187380736  8101679104   170524672   969388032 18305753088 24408961024
Low:    33564200960 25462521856  8101679104
High:             0           0           0
Swap:   21474299904   119799808 21354500096
1675439572.550154114 UTC seconds since epoch
              total        used        free      shared     buffers       cache   available
Mem:    33564200960  6379589632  7909470208   170524672   969388032 18305753088 24216752128
Low:    33564200960 25654730752  7909470208
High:             0           0           0
Swap:   21474299904   119799808 21354500096
1675439573.558471393 UTC seconds since epoch
              total        used        free      shared     buffers       cache   available
Mem:    33564200960  6404214784  7884824576   170524672   969408512 18305753088 24192126976
Low:    33564200960 25679376384  7884824576
High:             0           0           0
Swap:   21474299904   119799808 21354500096
1675439574.566158296 UTC seconds since epoch
              total        used        free      shared     buffers       cache   available
Mem:    33564200960  6469292032  7819726848   170524672   969408512 18305773568 24127049728
Low:    33564200960 25744474112  7819726848
High:             0           0           0
Swap:   21474299904   119799808 21354500096
1675439575.574141897 UTC seconds since epoch
              total        used        free      shared     buffers       cache   available
Mem:    33564200960  6642290688  7646846976   170405888   969408512 18305654784 23954169856
Low:    33564200960 25917353984  7646846976
High:             0           0           0
Swap:   21474299904   119799808 21354500096
1675439576.582328473 UTC seconds since epoch
              total        used        free      shared     buffers       cache   available
Mem:    33564200960  6816354304  7472664576   170524672   969408512 18305773568 23779987456
Low:    33564200960 26091536384  7472664576
High:             0           0           0
Swap:   21474299904   119799808 21354500096
1675439577.590148546 UTC seconds since epoch
              total        used        free      shared     buffers       cache   available
Mem:    33564200960  6993092608  7295926272   170524672   969408512 18305773568 23603249152
Low:    33564200960 26268274688  7295926272
High:             0           0           0
Swap:   21474299904   119799808 21354500096
1675439578.596423064 UTC seconds since epoch
              total        used        free      shared     buffers       cache   available
Mem:    33564200960  7167467520  7121526784   170524672   969433088 18305773568 23428849664
Low:    33564200960 26442674176  7121526784
High:             0           0           0
Swap:   21474299904   119799808 21354500096
1675439579.602151383 UTC seconds since epoch
              total        used        free      shared     buffers       cache   available
Mem:    33564200960  7342153728  6946840576   170524672   969433088 18305773568 23254188032
Low:    33564200960 26617360384  6946840576
High:             0           0           0
Swap:   21474299904   119799808 21354500096
1675439580.610170587 UTC seconds since epoch
              total        used        free      shared     buffers       cache   available
Mem:    33564200960  7517413376  6771580928   170524672   969433088 18305773568 23078928384
Low:    33564200960 26792620032  6771580928
High:             0           0           0
Swap:   21474299904   119799808 21354500096
1675439581.618344338 UTC seconds since epoch
              total        used        free      shared     buffers       cache   available
Mem:    33564200960  7851782144  6437212160   170524672   969433088 18305773568 22744559616
Low:    33564200960 27126988800  6437212160
High:             0           0           0
Swap:   21474299904   119799808 21354500096
1675439582.626196266 UTC seconds since epoch
              total        used        free      shared     buffers       cache   available
Mem:    33564200960  7744024576  6544965632   170524672   969433088 18305777664 22852317184
Low:    33564200960 27019235328  6544965632
High:             0           0           0
Swap:   21474299904   119799808 21354500096
1675439583.634657364 UTC seconds since epoch
              total        used        free      shared     buffers       cache   available
Mem:    33564200960  7848001536  6440972288   170524672   969449472 18305777664 22748340224
Low:    33564200960 27123228672  6440972288
High:             0           0           0
Swap:   21474299904   119799808 21354500096
1675439584.642419026 UTC seconds since epoch
              total        used        free      shared     buffers       cache   available
Mem:    33564200960  7037345792  7238447104   177250304   971075584 18317332480 23551569920
Low:    33564200960 26325753856  7238447104
High:             0           0           0
Swap:   21474299904   119799808 21354500096
1675439585.650581864 UTC seconds since epoch
              total        used        free      shared     buffers       cache   available
Mem:    33564200960  7035637760  7140200448   262533120   971141120 18417221632 23467900928
Low:    33564200960 26424000512  7140200448
High:             0           0           0
Swap:   21474299904   119799808 21354500096
1675439586.659398196 UTC seconds since epoch
              total        used        free      shared     buffers       cache   available
Mem:    33564200960  6987563008  7159304192   281559040   971309056 18446024704 23496568832
Low:    33564200960 26404896768  7159304192
High:             0           0           0
Swap:   21474299904   119799808 21354500096
1675439587.666479152 UTC seconds since epoch
              total        used        free      shared     buffers       cache   available
Mem:    33564200960  6980603904  7096377344   346238976   971309056 18515910656 23439052800
Low:    33564200960 26467823616  7096377344
High:             0           0           0
Swap:   21474299904   119799808 21354500096
1675439588.674469005 UTC seconds since epoch
              total        used        free      shared     buffers       cache   available
Mem:    33564200960  6978805760  7063359488   373104640   971337728 18550697984 23413956608
Low:    33564200960 26500841472  7063359488
High:             0           0           0
Swap:   21474299904   119799808 21354500096
1675439589.685502693 UTC seconds since epoch
              total        used        free      shared     buffers       cache   available
Mem:    33564200960  6979158016  6991622144   440508416   971337728 18622083072 23346176000
Low:    33564200960 26572578816  6991622144
High:             0           0           0
Swap:   21474299904   119799808 21354500096
1675439590.694506582 UTC seconds since epoch
              total        used        free      shared     buffers       cache   available
Mem:    33564200960  6982246400  6972538880   450842624   971337728 18638077952 23332642816
Low:    33564200960 26591662080  6972538880
High:             0           0           0
Swap:   21474299904   119799808 21354500096
1675439591.702718500 UTC seconds since epoch
              total        used        free      shared     buffers       cache   available
Mem:    33564200960  7008223232  6914768896   478658560   971337728 18669871104 23278809088
Low:    33564200960 26649432064  6914768896
High:             0           0           0
Swap:   21474299904   119799808 21354500096
1675439592.710711654 UTC seconds since epoch
              total        used        free      shared     buffers       cache   available
Mem:    33564200960  7009329152  6908833792   478789632   971370496 18674667520 23277563904
Low:    33564200960 26655367168  6908833792
High:             0           0           0
Swap:   21474299904   119799808 21354500096
1675439593.719774350 UTC seconds since epoch
              total        used        free      shared     buffers       cache   available
Mem:    33564200960  7012245504  6889750528   490135552   971370496 18690834432 23262863360
Low:    33564200960 26674450432  6889750528
High:             0           0           0
Swap:   21474299904   119799808 21354500096
1675439594.726701516 UTC seconds since epoch
              total        used        free      shared     buffers       cache   available
Mem:    33564200960  7013191680  6884372480   490385408   971370496 18695266304 23261929472
Low:    33564200960 26679828480  6884372480
High:             0           0           0
Swap:   21474299904   119799808 21354500096
1675439595.734512734 UTC seconds since epoch
              total        used        free      shared     buffers       cache   available
Mem:    33564200960  7015763968  6876913664   490602496   971370496 18700152832 23259082752
Low:    33564200960 26687287296  6876913664
High:             0           0           0
Swap:   21474299904   119799808 21354500096
1675439596.744242243 UTC seconds since epoch
              total        used        free      shared     buffers       cache   available
Mem:    33564200960  7015428096  6872797184   490721280   971370496 18704605184 23259226112
Low:    33564200960 26691403776  6872797184
High:             0           0           0
Swap:   21474299904   119799808 21354500096
1675439597.750208724 UTC seconds since epoch
              total        used        free      shared     buffers       cache   available
Mem:    33564200960  7012458496  6871384064   490958848   971386880 18708971520 23261782016
Low:    33564200960 26692816896  6871384064
High:             0           0           0
Swap:   21474299904   119799808 21354500096
1675439598.758653385 UTC seconds since epoch
              total        used        free      shared     buffers       cache   available
Mem:    33564200960  7013756928  6865649664   491044864   971407360 18713387008 23260348416
Low:    33564200960 26698551296  6865649664
High:             0           0           0
Swap:   21474299904   119799808 21354500096
1675439599.766680346 UTC seconds since epoch
              total        used        free      shared     buffers       cache   available
Mem:    33564200960  7014035456  6860759040   491249664   971407360 18717999104 23259820032
Low:    33564200960 26703441920  6860759040
High:             0           0           0
Swap:   21474299904   119799808 21354500096
1675439600.774248936 UTC seconds since epoch
              total        used        free      shared     buffers       cache   available
Mem:    33564200960  7018430464  6850981888   491257856   971407360 18723381248 23255343104
Low:    33564200960 26713219072  6850981888
High:             0           0           0
Swap:   21474299904   119799808 21354500096
1675439601.782879883 UTC seconds since epoch
              total        used        free      shared     buffers       cache   available
Mem:    33564200960  7027204096  6837690368   491438080   971415552 18727890944 23246266368
Low:    33564200960 26726510592  6837690368
High:             0           0           0
Swap:   21474299904   119799808 21354500096
1675439602.790611371 UTC seconds since epoch
              total        used        free      shared     buffers       cache   available
Mem:    33564200960  7027757056  6832787456   491565056   971452416 18732204032 23245459456
Low:    33564200960 26731413504  6832787456
High:             0           0           0
Swap:   21474299904   119799808 21354500096
1675439603.798250234 UTC seconds since epoch
              total        used        free      shared     buffers       cache   available
Mem:    33564200960  7028912128  6827122688   491573248   971452416 18736713728 23244230656
Low:    33564200960 26737078272  6827122688
High:             0           0           0
Swap:   21474299904   119799808 21354500096
1675439604.806993563 UTC seconds since epoch
              total        used        free      shared     buffers       cache   available
Mem:    33564200960  7021711360  6716739584   604508160   971571200 18854178816 23137751040
Low:    33564200960 26847461376  6716739584
High:             0           0           0
Swap:   21474299904   119799808 21354500096
1675439605.814545930 UTC seconds since epoch
              total        used        free      shared     buffers       cache   available
Mem:    33564200960  7024435200  6709010432   605708288   971571200 18859184128 23134150656
Low:    33564200960 26855190528  6709010432
High:             0           0           0
Swap:   21474299904   119799808 21354500096
1675439606.822511471 UTC seconds since epoch
              total        used        free      shared     buffers       cache   available
Mem:    33564200960  7029944320  6699610112   605880320   971571200 18863075328 23128678400
Low:    33564200960 26864590848  6699610112
High:             0           0           0
Swap:   21474299904   119799808 21354500096
1675439607.831038280 UTC seconds since epoch
              total        used        free      shared     buffers       cache   available
Mem:    33564200960  7030820864  6694219776   605929472   971599872 18867560448 23127449600
Low:    33564200960 26869981184  6694219776
High:             0           0           0
Swap:   21474299904   119799808 21354500096
1675439608.839968312 UTC seconds since epoch
              total        used        free      shared     buffers       cache   available
Mem:    33564200960  7031066624  6689832960   605995008   971599872 18871701504 23127076864
Low:    33564200960 26874368000  6689832960
High:             0           0           0
Swap:   21474299904   119799808 21354500096
1675439609.846489546 UTC seconds since epoch
              total        used        free      shared     buffers       cache   available
Mem:    33564200960  7032344576  6684958720   606093312   971599872 18875297792 23125581824
Low:    33564200960 26879242240  6684958720
High:             0           0           0
Swap:   21474299904   119799808 21354500096
1675439610.854256180 UTC seconds since epoch
              total        used        free      shared     buffers       cache   available
Mem:    33564200960  7036198912  6672068608   610611200   971599872 18884333568 23117041664
Low:    33564200960 26892132352  6672068608
High:             0           0           0
Swap:   21474299904   119799808 21354500096
1675439611.862431562 UTC seconds since epoch
              total        used        free      shared     buffers       cache   available
Mem:    33564200960  7042629632  6661513216   610598912   971599872 18888458240 23110615040
Low:    33564200960 26902687744  6661513216
High:             0           0           0
Swap:   21474299904   119799808 21354500096
1675439612.870744559 UTC seconds since epoch
              total        used        free      shared     buffers       cache   available
Mem:    33564200960  7042375680  6657671168   610643968   971632640 18892521472 23110471680
Low:    33564200960 26906529792  6657671168
High:             0           0           0
Swap:   21474299904   119799808 21354500096
1675439613.878532796 UTC seconds since epoch
              total        used        free      shared     buffers       cache   available
Mem:    33564200960  7043317760  6653325312   610725888   971644928 18895912960 23109652480
Low:    33564200960 26910875648  6653325312
High:             0           0           0
Swap:   21474299904   119799808 21354500096
1675439614.886560485 UTC seconds since epoch
              total        used        free      shared     buffers       cache   available
Mem:    33564200960  7044866048  6647672832   611450880   971661312 18900000768 23107313664
Low:    33564200960 26916528128  6647672832
High:             0           0           0
Swap:   21474299904   119799808 21354500096
1675439615.895057371 UTC seconds since epoch
              total        used        free      shared     buffers       cache   available
Mem:    33564200960  7048527872  6640447488   611475456   971669504 18903556096 23103864832
Low:    33564200960 26923753472  6640447488
High:             0           0           0
Swap:   21474299904   119799808 21354500096
1675439616.902514181 UTC seconds since epoch
              total        used        free      shared     buffers       cache   available
Mem:    33564200960  7056195584  6626889728   614526976   971710464 18909405184 23092776960
Low:    33564200960 26937311232  6626889728
High:             0           0           0
Swap:   21474299904   119799808 21354500096
1675439617.910853878 UTC seconds since epoch
              total        used        free      shared     buffers       cache   available
Mem:    33564200960  7055491072  6623547392   614797312   971743232 18913419264 23093137408
Low:    33564200960 26940653568  6623547392
High:             0           0           0
Swap:   21474299904   119799808 21354500096
1675439618.918589162 UTC seconds since epoch
              total        used        free      shared     buffers       cache   available
Mem:    33564200960  7055577088  6619688960   614805504   971743232 18917191680 23092994048
Low:    33564200960 26944512000  6619688960
High:             0           0           0
Swap:   21474299904   119799808 21354500096
1675439619.926456634 UTC seconds since epoch
              total        used        free      shared     buffers       cache   available
Mem:    33564200960  7056158720  6615302144   614809600   971751424 18920988672 23092367360
Low:    33564200960 26948898816  6615302144
High:             0           0           0
Swap:   21474299904   119799808 21354500096
1675439620.936232329 UTC seconds since epoch
              total        used        free      shared     buffers       cache   available
Mem:    33564200960  7059857408  6607347712   614846464   971751424 18925244416 23088549888
Low:    33564200960 26956853248  6607347712
High:             0           0           0
Swap:   21474299904   119799808 21354500096
1675439621.942507070 UTC seconds since epoch
              total        used        free      shared     buffers       cache   available
Mem:    33564200960  7067947008  6598942720   611799040   971792384 18925518848 23083098112
Low:    33564200960 26965258240  6598942720
High:             0           0           0
Swap:   21474299904   119799808 21354500096
1675439622.951051607 UTC seconds since epoch
              total        used        free      shared     buffers       cache   available
Mem:    33564200960  7069929472  6592753664   611819520   971825152 18929692672 23081328640
Low:    33564200960 26971447296  6592753664
High:             0           0           0
Swap:   21474299904   119799808 21354500096
1675439623.958461854 UTC seconds since epoch
              total        used        free      shared     buffers       cache   available
Mem:    33564200960  7058042880  6562045952   651268096   971825152 18972286976 23053684736
Low:    33564200960 27002155008  6562045952
High:             0           0           0
Swap:   21474299904   119799808 21354500096
1675439624.966591390 UTC seconds since epoch
              total        used        free      shared     buffers       cache   available
Mem:    33564200960  7060111360  6556135424   651272192   971825152 18976129024 23051505664
Low:    33564200960 27008065536  6556135424
High:             0           0           0
Swap:   21474299904   119799808 21354500096
1675439625.974232409 UTC seconds since epoch
              total        used        free      shared     buffers       cache   available
Mem:    33564200960  7061782528  6547890176   651280384   971825152 18982703104 23050022912
Low:    33564200960 27016310784  6547890176
High:             0           0           0
Swap:   21474299904   119799808 21354500096
1675439626.982457015 UTC seconds since epoch
              total        used        free      shared     buffers       cache   available
Mem:    33564200960  7066812416  6541508608   649187328   971825152 18984054784 23046754304
Low:    33564200960 27022692352  6541508608
High:             0           0           0
Swap:   21474299904   119799808 21354500096
