2022-12-12 17:07:59 1670864879.604318 [tornettools] [INFO] Logging system initialized! Logging events to stdout and to '/tordata/tornettools/experiment0-0.0001/tornettools.generate.2022-12-12.17.07.59.log'
2022-12-12 17:07:59 1670864879.604434 [tornettools] [INFO] Seeded standard and numpy PRNGs with seed=2073795857
2022-12-12 17:07:59 1670864879.604495 [tornettools] [INFO] The argument namespace is: Namespace(atlas_path=None, command='generate', do_trace=False, do_version=False, events_csv='BW,CIRC', exit_user_scale=1.0, formatter_class=<class '__main__.CustomHelpFormatter'>, func=<function generate at 0x7f504cdc2f80>, geoip_path=None, load_scale=1.0, network_info_path='/tordata/tornettools/networkinfo_staging.gml', network_scale=0.0001, nprocesses=12, onion_service_user_scale=0.0, prefix='/tordata/tornettools/experiment0-0.0001', process_scale=0.01, quiet=0, relay_info_path='/tordata/tornettools/relayinfo_staging_2020-11-01--2020-11-30.json', seed=2073795857, server_scale=0.1, tmodel_git_path='/tordata/tornettools/tmodel-ccs2018.github.io', torexe='/usr/local/bin/tor', torgencertexe='/usr/local/bin/tor-gencert', torperf_num_exit=100, torperf_num_onion_service=0, user_info_path='/tordata/tornettools/userinfo_staging_2020-11-01--2020-11-30.json')
2022-12-12 17:07:59 1670864879.604751 [tornettools] [INFO] The platform is: Linux-6.0.6-76060006-generic-x86_64-with-Ubuntu-20.04-focal
2022-12-12 17:07:59 1670864879.604806 [tornettools] [INFO] System info: uname_result(system='Linux', node='3c5489e54f0c', release='6.0.6-76060006-generic', version='#202210290932~1669062050~22.04~d94609a SMP PREEMPT_DYNAMIC Mon N', machine='x86_64', processor='x86_64')
2022-12-12 17:07:59 1670864879.709459 [tornettools] [INFO] Generating network using tor and tor-gencert at /usr/local/bin/tor and /usr/local/bin/tor-gencert
2022-12-12 17:07:59 1670864879.709591 [tornettools] [INFO] Copying atlas topology file (use the '-a/--atlas' option to disable)
2022-12-12 17:07:59 1670864879.731909 [tornettools] [INFO] Reading staged network info /tordata/tornettools/networkinfo_staging.gml
2022-12-12 17:07:59 1670864879.948325 [tornettools] [INFO] Finished reading staged network info
2022-12-12 17:07:59 1670864879.948426 [tornettools] [INFO] Sampling Tor relays now
2022-12-12 17:08:00 1670864880.351220 [tornettools] [INFO] A full Tor network has 6746 relays with total capacity of 658.304012432 Gbit/s
2022-12-12 17:08:00 1670864880.359040 [tornettools] [INFO] Bandwidth-weights (relevant ones) of a typical consensus:
2022-12-12 17:08:00 1670864880.359107 [tornettools] [INFO] Casename: Case 3a (E scarce), with: Wgg=6310.5126984516055, Wgd=0, Wee=10000, Wed=10000, Wmg=3689.4873015483945, Wme=0, Wmd=0
2022-12-12 17:08:00 1670864880.359149 [tornettools] [INFO] 1 relays: relative position weights:
2022-12-12 17:08:00 1670864880.359181 [tornettools] [INFO] g: chosen=0.3091009627321579, target=0.5469001465508921, diff=-0.23779918381873422
2022-12-12 17:08:00 1670864880.359211 [tornettools] [INFO] e: chosen=0.13997872358759697, target=0.04710746493250496, diff=0.09287125865509202
2022-12-12 17:08:00 1670864880.359239 [tornettools] [INFO] ge: chosen=0.5327308323184548, target=0.26264847114860596, diff=0.2700823611698488
2022-12-12 17:08:00 1670864880.359267 [tornettools] [INFO] m: chosen=0.018189481361790407, target=0.1433439173679976, diff=-0.12515443600620718
2022-12-12 17:08:00 1670864880.359295 [tornettools] [INFO] The max weight divergence between positions is 0.2700823611698488
2022-12-12 17:08:00 1670864880.359325 [tornettools] [INFO] Renormalizing weights for scaled network using total weight=0.0004390078059943723
2022-12-12 17:08:00 1670864880.359379 [tornettools] [INFO] Bandwidth-weights (relevant ones) of our scaled down consensus of 4 relays:
2022-12-12 17:08:00 1670864880.359411 [tornettools] [INFO] Casename: Case 2b2 (Wgg=weightscale, Wee=weightscale), with: Wgg=10000, Wgd=454.870811507486, Wee=10000, Wed=3629.499139448217, Wmg=0, Wme=0, Wmd=5915.630049044297
2022-12-12 17:08:00 1670864880.359566 [tornettools] [INFO] Chose 4 of 6746 relays using scale factor 0.0001
2022-12-12 17:08:00 1670864880.361804 [tornettools] [INFO] Generating Tor key material now, this may take awhile...
2022-12-12 17:08:00 1670864880.680090 [tornettools] [INFO] Generated fingerprints and keys for 7 Tor nodes (3 authorities and 4 relays)
2022-12-12 17:08:01 1670864881.463056 [tornettools] [INFO] Generating Clients
2022-12-12 17:08:01 1670864881.471420 [tornettools] [INFO] Privcount measurements scaled to 111 Tor users, 79 active and 27 inactive
2022-12-12 17:08:01 1670864881.471470 [tornettools] [INFO] Privcount measurements scaled to 288 exit circuits, 149 active and 133 inactive
2022-12-12 17:08:01 1670864881.476078 [tornettools] [INFO] We will use 75 TGen client processes to emulate 75.05 Tor exit users and create 150 exit circuits every 10 minutes in aggregate
2022-12-12 17:08:01 1670864881.476132 [tornettools] [INFO] We will use 0 TGen client processes to emulate 0.0 Tor onion-service users and create 0 onion-service circuits every 10 minutes in aggregate
2022-12-12 17:08:01 1670864881.477213 [tornettools] [INFO] We will use 100 exit perf nodes to benchmark Tor exit performance
2022-12-12 17:08:01 1670864881.477262 [tornettools] [INFO] We will use 0 onion-service perf nodes to benchmark Tor onion-service performance
2022-12-12 17:08:01 1670864881.477298 [tornettools] [INFO] Generating Servers
2022-12-12 17:08:01 1670864881.483090 [tornettools] [DEBUG] System call: /usr/local/bin/tor --version (runtime: 0.01)
2022-12-12 17:08:01 1670864881.646844 [tornettools] [DEBUG] GETCONF __owningcontrollerprocess (runtime: 0.0001)
2022-12-12 17:08:01 1670864881.648055 [tornettools] [DEBUG] RESETCONF __OwningControllerProcess (runtime: 0.0010)
2022-12-12 17:08:01 1670864881.648245 [tornettools] [DEBUG] GETINFO version (runtime: 0.0001)
2022-12-12 17:08:01 1670864881.648637 [tornettools] [INFO] Error while receiving a control message (SocketClosed): received exception "read of closed file"
2022-12-12 17:08:01 1670864881.650806 [tornettools] [INFO] We will use 8 TGen exit servers and 0 TGen onion-service servers to serve 75 TGen exit clients and 0 TGen onion-service clients
2022-12-12 17:08:01 1670864881.650990 [tornettools] [INFO] Generating Tor configuration files
2022-12-12 17:08:01 1670864881.667741 [tornettools] [INFO] Generating TGen configuration files
2022-12-12 17:08:01 1670864881.702106 [tornettools] [INFO] Constructing Shadow config YAML file
