2023-02-03 15:50:04 1675439404.076266 [tornettools] [INFO] Logging system initialized! Logging events to stdout and to '/tordata/tornettools/experiment0-0.0001/tornettools.generate.2023-02-03.15.50.04.log'
2023-02-03 15:50:04 1675439404.076377 [tornettools] [INFO] Seeded standard and numpy PRNGs with seed=1809034286
2023-02-03 15:50:04 1675439404.076440 [tornettools] [INFO] The argument namespace is: Namespace(atlas_path=None, command='generate', do_trace=False, do_version=False, events_csv='BW,CIRC', exit_user_scale=1.0, formatter_class=<class '__main__.CustomHelpFormatter'>, func=<function generate at 0x7f7c2ca85f80>, geoip_path=None, load_scale=1.0, network_info_path='/tordata/tornettools/networkinfo_staging.gml', network_scale=0.0001, nprocesses=12, onion_service_user_scale=0.0, prefix='/tordata/tornettools/experiment0-0.0001', process_scale=0.01, quiet=0, relay_info_path='/tordata/tornettools/relayinfo_staging_2020-11-01--2020-11-30.json', seed=1809034286, server_scale=0.1, tmodel_git_path='/tordata/tornettools/tmodel-ccs2018.github.io', torexe='/usr/local/bin/tor', torgencertexe='/usr/local/bin/tor-gencert', torperf_num_exit=100, torperf_num_onion_service=0, user_info_path='/tordata/tornettools/userinfo_staging_2020-11-01--2020-11-30.json')
2023-02-03 15:50:04 1675439404.076688 [tornettools] [INFO] The platform is: Linux-6.0.12-76060006-generic-x86_64-with-Ubuntu-20.04-focal
2023-02-03 15:50:04 1675439404.076755 [tornettools] [INFO] System info: uname_result(system='Linux', node='5dd6373dd8e5', release='6.0.12-76060006-generic', version='#202212290932~1674139725~22.04~ca93ccf SMP PREEMPT_DYNAMIC Thu J', machine='x86_64', processor='x86_64')
2023-02-03 15:50:04 1675439404.150604 [tornettools] [INFO] Generating network using tor and tor-gencert at /usr/local/bin/tor and /usr/local/bin/tor-gencert
2023-02-03 15:50:04 1675439404.150742 [tornettools] [INFO] Copying atlas topology file (use the '-a/--atlas' option to disable)
2023-02-03 15:50:04 1675439404.163352 [tornettools] [INFO] Reading staged network info /tordata/tornettools/networkinfo_staging.gml
2023-02-03 15:50:04 1675439404.387752 [tornettools] [INFO] Finished reading staged network info
2023-02-03 15:50:04 1675439404.387850 [tornettools] [INFO] Sampling Tor relays now
2023-02-03 15:50:04 1675439404.797963 [tornettools] [INFO] A full Tor network has 6746 relays with total capacity of 662.5334576239999 Gbit/s
2023-02-03 15:50:04 1675439404.807325 [tornettools] [INFO] Bandwidth-weights (relevant ones) of a typical consensus:
2023-02-03 15:50:04 1675439404.807435 [tornettools] [INFO] Casename: Case 3a (E scarce), with: Wgg=6355.4868679815445, Wgd=0, Wee=10000, Wed=10000, Wmg=3644.5131320184555, Wme=0, Wmd=0
2023-02-03 15:50:04 1675439404.807480 [tornettools] [INFO] 1 relays: relative position weights:
2023-02-03 15:50:04 1675439404.807513 [tornettools] [INFO] g: chosen=0.3013417717071673, target=0.5375550176352839, diff=-0.2362132459281166
2023-02-03 15:50:04 1675439404.807550 [tornettools] [INFO] e: chosen=0.14507657506443397, target=0.04613307826016667, diff=0.09894349680426731
2023-02-03 15:50:04 1675439404.807589 [tornettools] [INFO] ge: chosen=0.5355300768062519, target=0.2705821506601046, diff=0.26494792614614726
2023-02-03 15:50:04 1675439404.807622 [tornettools] [INFO] m: chosen=0.018051576422147, target=0.14572975344444294, diff=-0.12767817702229595
2023-02-03 15:50:04 1675439404.807658 [tornettools] [INFO] The max weight divergence between positions is 0.26494792614614726
2023-02-03 15:50:04 1675439404.807693 [tornettools] [INFO] Renormalizing weights for scaled network using total weight=0.0004525651488255503
2023-02-03 15:50:04 1675439404.807761 [tornettools] [INFO] Bandwidth-weights (relevant ones) of our scaled down consensus of 4 relays:
2023-02-03 15:50:04 1675439404.807803 [tornettools] [INFO] Casename: Case 2b2 (Wgg=weightscale, Wee=weightscale), with: Wgg=10000, Wgd=597.3812305175188, Wee=10000, Wed=3515.3349255677454, Wmg=0, Wme=0, Wmd=5887.283843914735
2023-02-03 15:50:04 1675439404.808010 [tornettools] [INFO] Chose 4 of 6746 relays using scale factor 0.0001
2023-02-03 15:50:04 1675439404.811040 [tornettools] [INFO] Generating Tor key material now, this may take awhile...
2023-02-03 15:50:05 1675439405.129391 [tornettools] [INFO] Generated fingerprints and keys for 7 Tor nodes (3 authorities and 4 relays)
2023-02-03 15:50:06 1675439406.170848 [tornettools] [INFO] Generating Clients
2023-02-03 15:50:06 1675439406.171223 [tornettools] [INFO] Privcount measurements scaled to 111 Tor users, 79 active and 27 inactive
2023-02-03 15:50:06 1675439406.171274 [tornettools] [INFO] Privcount measurements scaled to 288 exit circuits, 149 active and 133 inactive
2023-02-03 15:50:06 1675439406.175541 [tornettools] [INFO] We will use 75 TGen client processes to emulate 75.05 Tor exit users and create 150 exit circuits every 10 minutes in aggregate
2023-02-03 15:50:06 1675439406.175598 [tornettools] [INFO] We will use 0 TGen client processes to emulate 0.0 Tor onion-service users and create 0 onion-service circuits every 10 minutes in aggregate
2023-02-03 15:50:06 1675439406.176658 [tornettools] [INFO] We will use 100 exit perf nodes to benchmark Tor exit performance
2023-02-03 15:50:06 1675439406.176712 [tornettools] [INFO] We will use 0 onion-service perf nodes to benchmark Tor onion-service performance
2023-02-03 15:50:06 1675439406.176755 [tornettools] [INFO] Generating Servers
2023-02-03 15:50:06 1675439406.183124 [tornettools] [DEBUG] System call: /usr/local/bin/tor --version (runtime: 0.01)
2023-02-03 15:50:06 1675439406.347073 [tornettools] [DEBUG] GETCONF __owningcontrollerprocess (runtime: 0.0001)
2023-02-03 15:50:06 1675439406.348259 [tornettools] [DEBUG] RESETCONF __OwningControllerProcess (runtime: 0.0010)
2023-02-03 15:50:06 1675439406.348744 [tornettools] [DEBUG] GETINFO version (runtime: 0.0002)
2023-02-03 15:50:06 1675439406.349212 [tornettools] [INFO] Error while receiving a control message (SocketClosed): received exception "read of closed file"
2023-02-03 15:50:06 1675439406.351559 [tornettools] [INFO] We will use 8 TGen exit servers and 0 TGen onion-service servers to serve 75 TGen exit clients and 0 TGen onion-service clients
2023-02-03 15:50:06 1675439406.351819 [tornettools] [INFO] Generating Tor configuration files
2023-02-03 15:50:06 1675439406.369083 [tornettools] [INFO] Generating TGen configuration files
2023-02-03 15:50:06 1675439406.402259 [tornettools] [INFO] Constructing Shadow config YAML file
