time: 946686600.0
diff: 353.0
waiting
going to web site
Hello world	Thread-865	3

time: 946686953.837832
diff: 16.16216802597046
waiting
going to web site
Hello world	Thread-944	5

time: 946686970.832833
diff: 26.16716694831848
waiting
going to web site
Hello world	Thread-1071	4

time: 946686997.836833
diff: 20.163166999816895
waiting
going to web site
Hello world	Thread-1170	4

time: 946687018.832832
diff: 1.1671680212020874
waiting
going to web site
Hello world	Thread-1999	3

time: 946687020.852326
diff: -0.8523260354995728
going to web site
Hello world	Thread-2001	3

time: 946687021.685158
diff: -1.6851580142974854
going to web site
Hello world	Thread-2003	4

time: 946687022.52599
diff: -2.5259900093078613
going to web site
Hello world	Thread-2006	3

time: 946687023.358822
diff: -3.358821988105774
going to web site
Hello world	Thread-2009	3

time: 946687024.191654
diff: -2.1916539669036865
going to web site
Hello world	Thread-2013	3

time: 946687025.032486
diff: -2.0324859619140625
going to web site
Hello world	Thread-2016	3

time: 946687025.8850859
diff: -2.885085940361023
going to web site
Hello world	Thread-2018	3

time: 946687026.722918
diff: -3.7229180335998535
going to web site
Hello world	Thread-2019	2

time: 946687027.55975
diff: -0.559749960899353
going to web site
Hello world	Thread-2020	2

time: 946687028.392582
diff: 4.607417941093445
waiting
going to web site
Hello world	Thread-2027	2

time: 946687033.832832
diff: 5.167168021202087
waiting
going to web site
Hello world	Thread-1261	6

time: 946687039.841833
diff: 6.158167004585266
waiting
going to web site
Hello world	Thread-1300	3

time: 946687046.8588331
diff: 26.141166925430298
waiting
going to web site
Hello world	Thread-1418	4

time: 946687073.8398321
diff: 3.160167932510376
waiting
going to web site
Hello world	Thread-1432	7

time: 946687077.8398321
diff: 8.160167932510376
waiting
going to web site
Hello world	Thread-2067	2

time: 946687086.832832
diff: 12.167168021202087
waiting
going to web site
Hello world	Thread-1536	3

time: 946687099.841833
diff: 26.158167004585266
waiting
going to web site
Hello world	Thread-1651	3

time: 946687126.832833
diff: 14.167166948318481
waiting
going to web site
Hello world	Thread-1714	2

time: 946687141.832832
diff: 26.167168021202087
waiting
going to web site
Hello world	Thread-1827	3

time: 946687168.841833
diff: 19.158167004585266
waiting
going to web site
Hello world	Thread-1902	4

time: 946687188.832833
diff: 35.16716694831848
waiting
going to web site
Hello world	Thread-2063	6

time: 946687224.8388469
diff: 15.161153078079224
waiting
going to web site
Hello world	Thread-2127	4

time: 946687241.841833
diff: 23.158167004585266
waiting
going to web site
Hello world	Thread-2245	3

time: 946687266.870833
diff: 20.129166960716248
waiting
going to web site
Hello world	Thread-2342	4

time: 946687287.836832
diff: 25.16316795349121
waiting
going to web site
Hello world	Thread-2449	5

time: 946687313.832832
diff: 21.167168021202087
waiting
going to web site
Hello world	Thread-2547	5

time: 946687335.848833
diff: 41.151167035102844
waiting
going to web site
Hello world	Thread-2734	4

time: 946687377.841833
diff: 15.158167004585266
waiting
going to web site
Hello world	Thread-2808	4

time: 946687393.84848
diff: 14.151520013809204
waiting
going to web site
Hello world	Thread-2865	2

time: 946687408.841833
diff: 22.158167004585266
waiting
going to web site
Hello world	Thread-2968	3

time: 946687431.854545
diff: 21.14545500278473
waiting
going to web site
Hello world	Thread-3063	4

time: 946687453.832833
diff: 31.16716694831848
waiting
going to web site
Hello world	Thread-3204	3

time: 946687485.832832
diff: 21.167168021202087
waiting
going to web site
Hello world	Thread-3299	2

time: 946687507.841833
diff: 24.158167004585266
waiting
going to web site
Hello world	Thread-3413	3

time: 946687532.841833
diff: 9.158167004585266
waiting
going to web site
Hello world	Thread-3447	2

time: 946687542.836833
diff: 15.163166999816895
waiting
going to web site
Hello world	Thread-3521	5

time: 946687558.6995599
diff: 30.300440073013306
waiting
going to web site
Hello world	Thread-3655	3

time: 946687589.699561
diff: 12.3004390001297
waiting
going to web site
Hello world	Thread-3707	7

time: 946687602.699561
diff: 29.3004390001297
waiting
going to web site
Hello world	Thread-3841	7

time: 946687632.699561
diff: 14.3004390001297
waiting
going to web site
Hello world	Thread-3902	3

time: 946687647.699561
diff: 34.3004390001297
waiting
going to web site
Hello world	Thread-4059	3

time: 946687682.699561
diff: 14.3004390001297
waiting
going to web site
Hello world	Thread-4129	6

time: 946687697.699561
diff: 25.3004390001297
waiting
going to web site
Hello world	Thread-4241	3

time: 946687723.699561
diff: 30.3004390001297
waiting
going to web site
Hello world	Thread-4379	3

time: 946687754.699561
diff: 22.3004390001297
waiting
going to web site
Hello world	Thread-4481	6

time: 946687777.714561
diff: 18.285439014434814
waiting
going to web site
Hello world	Thread-4567	7

time: 946687796.699561
diff: 29.3004390001297
waiting
going to web site
Hello world	Thread-4706	6

time: 946687826.7135609
diff: 24.286439061164856
waiting
going to web site
Hello world	Thread-4815	5

time: 946687851.699561
diff: 18.3004390001297
waiting
going to web site
Hello world	Thread-4902	6

time: 946687870.699561
diff: 29.3004390001297
waiting
going to web site
Hello world	Thread-5040	6

time: 946687900.699561
diff: 19.3004390001297
waiting
going to web site
Hello world	Thread-5128	5

time: 946687920.699561
diff: 20.3004390001297
waiting
going to web site
Hello world	Thread-5228	6

time: 946687941.699561
diff: 10.3004390001297
waiting
going to web site
Hello world	Thread-5286	7

time: 946687952.714561
diff: 22.285439014434814
waiting
going to web site
Hello world	Thread-5395	4

time: 946687975.699561
diff: 17.3004390001297
waiting
going to web site
Hello world	Thread-5477	5

time: 946687993.713817
diff: 18.2861829996109
waiting
going to web site
Hello world	Thread-5562	5

time: 946688012.6995599
diff: 22.300440073013306
waiting
going to web site
Hello world	Thread-5669	7

time: 946688035.699561
diff: 15.3004390001297
waiting
going to web site
Hello world	Thread-5736	4

time: 946688051.699561
diff: 28.3004390001297
waiting
going to web site
Hello world	Thread-5867	6

time: 946688080.699561
diff: 29.3004390001297
waiting
going to web site
Hello world	Thread-5999	6

time: 946688110.699561
diff: 19.3004390001297
waiting
going to web site
Hello world	Thread-6086	6

time: 946688130.699561
diff: 30.3004390001297
waiting
going to web site
Hello world	Thread-6215	3

time: 946688161.841833
diff: 29.158167004585266
waiting
going to web site
Hello world	Thread-6342	4

time: 946688191.841833
diff: 19.158167004585266
waiting
going to web site
Hello world	Thread-6438	3

time: 946688212.841833
diff: 1.1581670045852661
waiting
going to web site
Hello world	Thread-6446	4

time: 946688214.841833
diff: 31.158167004585266
waiting
going to web site
Hello world	Thread-6595	2

time: 946688247.841833
diff: 0.1581670045852661
waiting
going to web site
Hello world	Thread-6600	2

time: 946688248.845833
diff: 22.15416705608368
waiting
going to web site
Hello world	Thread-6698	3

time: 946688272.842833
diff: 30.157166957855225
waiting
going to web site
Hello world	Thread-6834	4

time: 946688303.836832
diff: 18.16316795349121
waiting
going to web site
Hello world	Thread-6926	3

time: 946688322.832832
diff: 33.16716802120209
waiting
going to web site
Hello world	Thread-7078	4

time: 946688357.841833
diff: 21.158167004585266
waiting
going to web site
Hello world	Thread-7176	2

time: 946688379.832833
diff: 14.167166948318481
waiting
going to web site
Hello world	Thread-7240	5

time: 946688394.832832
diff: 33.16716802120209
waiting
going to web site
Hello world	Thread-7396	3

time: 946688428.832833
diff: 15.167166948318481
waiting
going to web site
Hello world	Thread-7463	4

time: 946688444.832832
diff: 22.167168021202087
waiting
going to web site
Hello world	Thread-7565	3

time: 946688467.841833
diff: 37.158167004585266
waiting
going to web site
Hello world	Thread-7734	2

time: 946688505.836833
diff: 13.163166999816895
waiting
going to web site
Hello world	Thread-7799	6

time: 946688519.832832
diff: 37.16716802120209
waiting
going to web site
Hello world	Thread-7961	3

time: 946688557.841833
diff: 9.158167004585266
waiting
going to web site
Hello world	Thread-8007	2

time: 946688567.841833
diff: 16.158167004585266
waiting
going to web site
Hello world	Thread-8084	3

time: 946688585.841833
diff: 26.158167004585266
waiting
going to web site
Hello world	Thread-8204	4

time: 946688612.841833
diff: 21.158167004585266
waiting
going to web site
Hello world	Thread-8296	5

time: 946688634.841833
diff: 5.158167004585266
waiting
going to web site
Hello world	Thread-8325	2

time: 946688641.841833
diff: 31.158167004585266
waiting
going to web site
Hello world	Thread-8463	3

time: 946688673.841833
diff: 13.158167004585266
waiting
going to web site
Hello world	Thread-8536	3

time: 946688690.842833
diff: 16.157166957855225
waiting
going to web site
Hello world	Thread-8595	6

time: 946688707.8358321
diff: 23.164167881011963
waiting
going to web site
Hello world	Thread-8696	4

time: 946688731.8692081
diff: 11.130791902542114
waiting
going to web site
Hello world	Thread-8741	3

time: 946688743.832832
diff: 35.16716802120209
waiting
going to web site
Hello world	Thread-8879	7

time: 946688779.714561
diff: 26.285439014434814
waiting
going to web site
Hello world	Thread-8994	3

time: 946688806.699561
diff: 26.3004390001297
waiting
going to web site
Hello world	Thread-9105	4

time: 946688833.699561
diff: 19.3004390001297
waiting
going to web site
Hello world	Thread-9195	3

time: 946688853.699561
diff: 43.3004390001297
waiting
going to web site
Hello world	Thread-9382	4

time: 946688897.699561
diff: 18.3004390001297
waiting
going to web site
Hello world	Thread-9456	5

time: 946688916.699561
diff: 27.3004390001297
waiting
going to web site
Hello world	Thread-9578	4

time: 946688944.699561
diff: 10.3004390001297
waiting
going to web site
Hello world	Thread-9629	4

time: 946688955.699561
diff: 36.3004390001297
waiting
going to web site
Hello world	Thread-9801	6

time: 946688992.7085611
diff: 8.291438937187195
waiting
going to web site
Hello world	Thread-9842	6

time: 946689001.6995599
diff: 21.300440073013306
waiting
going to web site
Hello world	Thread-9943	5

time: 946689023.699561
diff: 41.3004390001297
waiting
going to web site
Hello world	Thread-10134	5

time: 946689065.699561
diff: 24.3004390001297
waiting
going to web site
Hello world	Thread-10258	4

time: 946689090.699561
diff: 20.3004390001297
waiting
going to web site
Hello world	Thread-10348	3

time: 946689111.704561
diff: 23.29543900489807
waiting
going to web site
Hello world	Thread-10466	5

time: 946689135.699561
diff: 14.3004390001297
waiting
going to web site
Hello world	Thread-10538	4

time: 946689150.699561
diff: 16.3004390001297
waiting
going to web site
Hello world	Thread-10613	7

time: 946689167.713817
diff: 21.2861829996109
waiting
going to web site
Hello world	Thread-10727	5

time: 946689189.6995599
diff: 31.300440073013306
waiting
going to web site
Hello world	Thread-10878	3

time: 946689221.699561
diff: 6.3004390001297
waiting
going to web site
Hello world	Thread-10910	5

time: 946689228.699561
diff: 38.3004390001297
waiting
going to web site
Hello world	Thread-11096	5

time: 946689267.699561
diff: 4.3004390001297
waiting
going to web site
Hello world	Thread-11115	5

time: 946689272.699561
diff: 23.3004390001297
waiting
going to web site
Hello world	Thread-11237	3

time: 946689296.699561
diff: 11.3004390001297
waiting
going to web site
Hello world	Thread-11289	6

time: 946689308.699561
diff: 26.3004390001297
waiting
going to web site
Hello world	Thread-11418	5

time: 946689335.699561
diff: 11.3004390001297
waiting
going to web site
Hello world	Thread-11475	3

time: 946689347.699561
diff: 23.3004390001297
waiting
going to web site
Hello world	Thread-11590	2

time: 946689371.699561
diff: 23.3004390001297
waiting
going to web site
Hello world	Thread-11701	2

time: 946689395.911777
diff: 20.088222980499268
waiting
going to web site
Hello world	Thread-11792	2

time: 946689416.910776
diff: 28.089223980903625
waiting
going to web site
Hello world	Thread-11993	2

time: 946689460.904164
diff: 11.09583604335785
waiting
going to web site
Hello world	Thread-12049	2

time: 946689472.910777
diff: 22.08922302722931
waiting
going to web site
Hello world	Thread-12158	2

time: 946689495.910777
diff: 14.089223027229309
waiting
going to web site
Hello world	Thread-12220	2

time: 946689510.901777
diff: 6.098222970962524
waiting
going to web site
Hello world	Thread-12251	2

time: 946689517.910776
diff: 25.089223980903625
waiting
going to web site
Hello world	Thread-12375	2

time: 946689543.9027761
diff: 16.0972238779068
waiting
going to web site
Hello world	Thread-12453	2

time: 946689560.903776
diff: 31.096223950386047
waiting
going to web site
Hello world	Thread-12595	2

time: 946689592.910776
diff: 26.089223980903625
waiting
going to web site
Hello world	Thread-12721	2

time: 946689620.901776
diff: 10.09822404384613
waiting
going to web site
Hello world	Thread-12771	2

time: 946689631.910777
diff: 31.08922302722931
waiting
going to web site
Hello world	Thread-12922	2

time: 946689663.910777
diff: 14.089223027229309
waiting
going to web site
Hello world	Thread-12993	2

time: 946689678.911777
diff: 6.088222980499268
waiting
going to web site
Hello world	Thread-13033	2

time: 946689685.910776
diff: 27.089223980903625
waiting
going to web site
Hello world	Thread-13152	2

time: 946689713.9027761
diff: 25.0972238779068
waiting
going to web site
Hello world	Thread-13266	2

time: 946689739.910776
diff: 26.089223980903625
waiting
going to web site
Hello world	Thread-13391	2

time: 946689766.9027761
diff: 37.0972238779068
waiting
going to web site
Hello world	Thread-13564	2

time: 946689804.9027761
diff: 25.0972238779068
waiting
going to web site
Hello world	Thread-13684	2

time: 946689830.909776
diff: 16.090224027633667
waiting
going to web site
Hello world	Thread-13776	2

time: 946689848.9196081
diff: 4.080391883850098
waiting
going to web site
Hello world	Thread-13799	3

time: 946689853.9027761
diff: 20.0972238779068
waiting
going to web site
Hello world	Thread-13890	2

time: 946689874.911776
diff: 22.088224053382874
waiting
going to web site
Hello world	Thread-14000	2

time: 946689898.910777
diff: 22.08922302722931
waiting
going to web site
Hello world	Thread-14097	2

time: 946689921.910777
diff: 23.08922302722931
waiting
going to web site
Hello world	Thread-14208	2

time: 946689945.910777
diff: 19.08922302722931
waiting
going to web site
Hello world	Thread-14291	2

time: 946689965.910777
diff: 20.08922302722931
waiting
going to web site
Hello world	Thread-14385	2

time: 946689986.910777
diff: 12.089223027229309
waiting
going to web site
Hello world	Thread-14442	2

time: 946689999.845833
diff: 23.15416705608368
waiting
going to web site
Hello world	Thread-14545	3

time: 946690023.849833
diff: 29.150166988372803
waiting
going to web site
Hello world	Thread-14669	4

time: 946690053.832832
diff: 13.167168021202087
waiting
going to web site
Hello world	Thread-14732	4

time: 946690067.841833
diff: 21.158167004585266
waiting
going to web site
Hello world	Thread-14823	3

time: 946690089.832833
diff: 34.16716694831848
waiting
going to web site
Hello world	Thread-14972	6

time: 946690124.836832
diff: 10.163167953491211
waiting
going to web site
Hello world	Thread-15019	3

time: 946690135.832832
diff: 28.167168021202087
waiting
going to web site
Hello world	Thread-15146	2

time: 946690164.841833
diff: 14.158167004585266
waiting
going to web site
Hello world	Thread-15202	3

time: 946690179.832833
diff: 30.16716694831848
waiting
going to web site
Hello world	Thread-15338	2

time: 946690210.832832
diff: 30.167168021202087
waiting
going to web site
Hello world	Thread-15477	3

time: 946690241.841833
diff: 18.158167004585266
waiting
going to web site
Hello world	Thread-15557	2

time: 946690260.841833
diff: 32.158167004585266
waiting
going to web site
Hello world	Thread-15705	3

time: 946690293.841833
diff: 9.158167004585266
waiting
going to web site
Hello world	Thread-15743	4

time: 946690303.832833
diff: 17.16716694831848
waiting
going to web site
Hello world	Thread-15824	4

time: 946690321.832832
diff: 23.167168021202087
waiting
going to web site
Hello world	Thread-15921	3

time: 946690345.832833
diff: 28.16716694831848
waiting
going to web site
Hello world	Thread-16049	3

time: 946690374.832832
diff: 22.167168021202087
waiting
going to web site
Hello world	Thread-16147	2

time: 946690397.832833
diff: 24.16716694831848
waiting
going to web site
Hello world	Thread-16258	2

time: 946690422.832832
diff: 21.167168021202087
waiting
going to web site
Hello world	Thread-16357	3

time: 946690444.841833
diff: 25.158167004585266
waiting
going to web site
Hello world	Thread-16467	2

time: 946690470.836833
diff: 19.163166999816895
waiting
going to web site
Hello world	Thread-16554	3

time: 946690490.836832
diff: 18.16316795349121
waiting
going to web site
Hello world	Thread-16640	4

time: 946690509.832832
diff: 28.167168021202087
waiting
going to web site
Hello world	Thread-16766	3

time: 946690538.841833
diff: 23.158167004585266
waiting
going to web site
Hello world	Thread-16870	5

time: 946690562.833833
diff: 9.16616702079773
waiting
going to web site
Hello world	Thread-16913	2

time: 946690572.832833
diff: 32.16716694831848
waiting
going to web site
Hello world	Thread-17051	4

time: 946690605.832832
diff: 30.167168021202087
waiting
going to web site
Hello world	Thread-17196	2

time: 946690637.842833
diff: 10.157166957855225
waiting
going to web site
Hello world	Thread-17232	3

time: 946690648.832832
diff: 35.16716802120209
waiting
going to web site
Hello world	Thread-17393	4

time: 946690684.841833
diff: 26.158167004585266
waiting
going to web site
Hello world	Thread-17510	2

time: 946690711.841833
diff: 8.158167004585266
waiting
going to web site
Hello world	Thread-17547	2

time: 946690720.841833
diff: 31.158167004585266
waiting
going to web site
Hello world	Thread-17702	3

time: 946690755.841833
diff: 7.158167004585266
waiting
going to web site
Hello world	Thread-17729	2

time: 946690763.841833
diff: 26.158167004585266
waiting
going to web site
Hello world	Thread-17860	2

time: 946690790.841833
diff: 17.158167004585266
waiting
going to web site
Hello world	Thread-17936	2

time: 946690809.845833
diff: 21.15416705608368
waiting
going to web site
Hello world	Thread-18036	2

time: 946690831.836833
diff: 28.163166999816895
waiting
going to web site
Hello world	Thread-18142	5

time: 946690860.832832
diff: 18.167168021202087
waiting
going to web site
Hello world	Thread-18225	3

time: 946690879.841833
diff: 24.158167004585266
waiting
going to web site
Hello world	Thread-18334	3

time: 946690904.832833
diff: 23.16716694831848
waiting
going to web site
Hello world	Thread-18433	4

time: 946690928.832832
diff: 27.167168021202087
waiting
going to web site
Hello world	Thread-18556	2

time: 946690956.832833
diff: 20.16716694831848
waiting
going to web site
Hello world	Thread-18642	3

time: 946690977.832832
diff: 19.167168021202087
waiting
going to web site
Hello world	Thread-18735	3

time: 946690997.841833
diff: 19.158167004585266
waiting
going to web site
Hello world	Thread-18822	3

time: 946691017.841833
diff: 30.158167004585266
waiting
going to web site
Hello world	Thread-18962	3

time: 946691048.832833
diff: 28.16716694831848
waiting
going to web site
Hello world	Thread-19084	4

time: 946691077.832832
diff: 26.167168021202087
waiting
going to web site
Hello world	Thread-19209	2

time: 946691104.841833
diff: 6.158167004585266
waiting
going to web site
Hello world	Thread-19242	2

time: 946691112.860833
diff: 24.139166951179504
waiting
going to web site
Hello world	Thread-19354	5

time: 946691137.832832
diff: 19.167168021202087
waiting
going to web site
Hello world	Thread-19448	3

time: 946691157.841833
diff: 38.158167004585266
waiting
going to web site
Hello world	Thread-19620	3

time: 946691196.841833
diff: 9.158167004585266
waiting
going to web site
Hello world	Thread-19666	2

time: 946691206.841833
diff: 29.158167004585266
waiting
going to web site
Hello world	Thread-19820	5

time: 946691239.841833
diff: 12.158167004585266
waiting
going to web site
Hello world	Thread-19885	2

time: 946691253.841833
diff: 22.158167004585266
waiting
going to web site
Hello world	Thread-19992	4

time: 946691277.845833
diff: 25.15416705608368
waiting
going to web site
Hello world	Thread-20112	2

time: 946691304.841833
diff: 18.158167004585266
waiting
going to web site
Hello world	Thread-20222	5

time: 946691326.841833
diff: 17.158167004585266
waiting
going to web site
Hello world	Thread-20303	3

time: 946691344.841833
diff: 20.158167004585266
waiting
going to web site
Hello world	Thread-20404	4

time: 946691366.841833
diff: 23.158167004585266
waiting
going to web site
Hello world	Thread-20539	4

time: 946691390.84224
diff: 14.15776002407074
waiting
going to web site
Hello world	Thread-20609	2

time: 946691405.841833
diff: 23.158167004585266
waiting
going to web site
Hello world	Thread-20722	4

time: 946691429.832833
diff: 17.16716694831848
waiting
going to web site
Hello world	Thread-20806	2

time: 946691447.832832
diff: 37.16716802120209
waiting
going to web site
Hello world	Thread-20990	4

time: 946691485.841833
diff: 11.158167004585266
waiting
going to web site
Hello world	Thread-21041	2

time: 946691497.841833
diff: 20.158167004585266
waiting
going to web site
Hello world	Thread-21139	4

time: 946691518.832833
diff: 27.16716694831848
waiting
going to web site
Hello world	Thread-21269	5

time: 946691546.832832
diff: 9.167168021202087
waiting
going to web site
Hello world	Thread-21321	2

time: 946691556.832833
diff: 18.16716694831848
waiting
going to web site
Hello world	Thread-21407	2

time: 946691576.851832
diff: 17.148167967796326
waiting
going to web site
Hello world	Thread-21488	6

time: 946691594.832832
diff: 20.167168021202087
waiting
going to web site
Hello world	Thread-21586	2

time: 946691615.841833
diff: 22.158167004585266
waiting
going to web site
Hello world	Thread-21690	2

time: 946691638.851544
diff: 21.14845597743988
waiting
going to web site
Hello world	Thread-21786	4

time: 946691660.832832
diff: 28.167168021202087
waiting
going to web site
Hello world	Thread-21911	2

time: 946691689.8558321
diff: 20.14416790008545
waiting
going to web site
Hello world	Thread-22005	5

time: 946691710.832832
diff: 20.167168021202087
waiting
going to web site
Hello world	Thread-22103	3

time: 946691731.841833
diff: 10.158167004585266
waiting
going to web site
Hello world	Thread-22141	3

time: 946691742.832833
diff: 18.16716694831848
waiting
going to web site
Hello world	Thread-22229	6

time: 946691762.832832
diff: 19.167168021202087
waiting
going to web site
Hello world	Thread-22317	2

time: 946691783.851833
diff: 27.14816701412201
waiting
going to web site
Hello world	Thread-22449	4

time: 946691811.832833
diff: 27.16716694831848
waiting
going to web site
Hello world	Thread-22566	4

time: 946691839.832832
diff: 29.167168021202087
waiting
going to web site
Hello world	Thread-22695	4

time: 946691869.841833
diff: 9.158167004585266
waiting
going to web site
Hello world	Thread-22745	3

time: 946691879.841833
diff: 37.158167004585266
waiting
going to web site
Hello world	Thread-22913	3

time: 946691917.841833
diff: 23.158167004585266
waiting
going to web site
Hello world	Thread-23018	3

time: 946691941.841833
diff: 21.158167004585266
waiting
going to web site
Hello world	Thread-23127	4

time: 946691963.832833
diff: 11.167166948318481
waiting
going to web site
Hello world	Thread-23184	4

time: 946691975.832832
diff: 27.167168021202087
waiting
going to web site
Hello world	Thread-23315	3

time: 946692003.841833
diff: 26.158167004585266
waiting
going to web site
Hello world	Thread-23445	4

time: 946692030.841833
diff: 12.158167004585266
waiting
going to web site
Hello world	Thread-23504	2

time: 946692043.832833
diff: 25.16716694831848
waiting
going to web site
Hello world	Thread-23630	4

time: 946692069.832832
diff: 14.167168021202087
waiting
going to web site
Hello world	Thread-23702	2

time: 946692084.841833
diff: 23.158167004585266
waiting
going to web site
Hello world	Thread-23808	2

time: 946692108.841833
diff: 27.158167004585266
waiting
going to web site
Hello world	Thread-23948	2

time: 946692136.841833
diff: 31.158167004585266
waiting
going to web site
Hello world	Thread-24092	2

time: 946692168.841833
diff: 9.158167004585266
waiting
going to web site
Hello world	Thread-24135	2

time: 946692178.841833
diff: 21.158167004585266
waiting
going to web site
Hello world	Thread-24239	3

time: 946692200.841833
diff: 9.158167004585266
waiting
going to web site
Hello world	Thread-24288	2

time: 946692210.841833
diff: 28.158167004585266
waiting
going to web site
Hello world	Thread-24412	3

time: 946692239.841833
diff: 28.158167004585266
waiting
going to web site
Hello world	Thread-24554	2

time: 946692268.841833
diff: 14.158167004585266
waiting
going to web site
Hello world	Thread-24625	6

time: 946692283.832833
diff: 17.16716694831848
waiting
going to web site
Hello world	Thread-24701	3

time: 946692301.838833
diff: 14.161167025566101
waiting
going to web site
Hello world	Thread-24766	3

time: 946692316.841833
diff: 18.158167004585266
waiting
going to web site
Hello world	Thread-24851	3

time: 946692335.859833
diff: 17.140166997909546
waiting
going to web site
Hello world	Thread-24921	2

time: 946692353.832832
diff: 18.167168021202087
waiting
going to web site
Hello world	Thread-25014	3

time: 946692373.841833
diff: 26.158167004585266
waiting
going to web site
Hello world	Thread-25126	2

time: 946692400.832833
diff: 30.16716694831848
waiting
going to web site
Hello world	Thread-25256	2

time: 946692431.832832
diff: 16.167168021202087
waiting
going to web site
Hello world	Thread-25328	2

time: 946692448.841833
diff: 20.158167004585266
waiting
going to web site
Hello world	Thread-25417	2

time: 946692470.851833
diff: 21.14816701412201
waiting
going to web site
Hello world	Thread-25510	2

time: 946692492.845833
diff: 29.15416705608368
waiting
going to web site
Hello world	Thread-25635	3

time: 946692522.851665
diff: 26.148334980010986
waiting
going to web site
Hello world	Thread-25750	2

time: 946692549.832832
diff: 23.167168021202087
waiting
going to web site
Hello world	Thread-25853	3

time: 946692573.841833
diff: 20.158167004585266
waiting
going to web site
Hello world	Thread-25944	2

time: 946692594.851833
diff: 25.14816701412201
waiting
going to web site
Hello world	Thread-26055	2

time: 946692620.851608
diff: 26.14839196205139
waiting
going to web site
Hello world	Thread-26160	4

time: 946692647.832832
diff: 24.167168021202087
waiting
going to web site
Hello world	Thread-26254	3

time: 946692673.842833
diff: 15.157166957855225
waiting
going to web site
Hello world	Thread-26309	4

time: 946692689.832832
diff: 22.167168021202087
waiting
going to web site
Hello world	Thread-26383	3

time: 946692712.832833
diff: 20.16716694831848
waiting
going to web site
Hello world	Thread-26442	4

time: 946692733.833833
diff: 17.16616702079773
waiting
going to web site
Hello world	Thread-26497	2

time: 946692751.832833
diff: 35.16716694831848
waiting
going to web site
Hello world	Thread-26580	3

time: 946692787.832832
diff: 12.167168021202087
waiting
going to web site
Hello world	Thread-26606	2

time: 946692800.841833
diff: 34.158167004585266
waiting
going to web site
Hello world	Thread-26675	2

time: 946692835.832833
diff: 19.16716694831848
waiting
going to web site
Hello world	Thread-26704	3

time: 946692855.836832
diff: 21.16316795349121
waiting
going to web site
Hello world	Thread-26734	2

time: 946692877.836832
diff: 29.16316795349121
waiting
going to web site
Hello world	Thread-26768	2

time: 946692907.832832
diff: 18.167168021202087
waiting
going to web site
Hello world	Thread-26784	3

time: 946692926.832833
diff: 11.167166948318481
waiting
going to web site
Hello world	Thread-26790	2

