time: 946686600.0
diff: 0.0
going to web site
Hello world	Thread-289	5

time: 946686843.976853
diff: -183.97685301303864
going to web site
Hello world	Thread-293	2

time: 946686844.668085
diff: -63.66808497905731
going to web site
Hello world	Thread-299	2

time: 946686845.359317
diff: 55.64068305492401
waiting
going to web site
Hello world	Thread-393	2

time: 946686932.731639
diff: 88.26836097240448
waiting
going to web site
Hello world	Thread-606	4

time: 946687142.903192
diff: -61.90319204330444
going to web site
Hello world	Thread-615	3

time: 946687143.4838481
diff: -2.4838480949401855
going to web site
Hello world	Thread-617	2

time: 946687144.083504
diff: 116.91649603843689
waiting
going to web site
Hello world	Thread-774	4

time: 946687276.590656
diff: 105.409343957901
waiting
going to web site
Hello world	Thread-883	6

time: 946687383.586657
diff: 58.41334295272827
waiting
going to web site
Hello world	Thread-969	6

time: 946687445.588657
diff: 56.41134297847748
waiting
going to web site
Hello world	Thread-1047	7

time: 946687509.590656
diff: 52.409343957901
waiting
going to web site
Hello world	Thread-1081	7

time: 946687563.580656
diff: 118.41934394836426
waiting
going to web site
Hello world	Thread-1235	5

time: 946687689.5902101
diff: 52.40978991985321
waiting
going to web site
Hello world	Thread-1308	5

time: 946687757.590656
diff: 45.409343957901
waiting
going to web site
Hello world	Thread-1366	7

time: 946687806.580656
diff: 56.41934394836426
waiting
going to web site
Hello world	Thread-1435	5

time: 946687866.589968
diff: 56.41003203392029
waiting
going to web site
Hello world	Thread-1502	6

time: 946687926.5846571
diff: 116.41534292697906
waiting
going to web site
Hello world	Thread-1650	4

time: 946688046.582656
diff: 116.41734397411346
waiting
going to web site
Hello world	Thread-1771	6

time: 946688166.580656
diff: 56.41934394836426
waiting
going to web site
Hello world	Thread-1938	4

time: 946688345.0023121
diff: -62.00231206417084
going to web site
Hello world	Thread-1948	4

