time: 946686600.0
diff: 106.0
waiting
going to web site
Hello world	Thread-565	3

time: 946686706.8418319
diff: -0.8418319225311279
going to web site
Hello world	Thread-570	9

time: 946686707.6746639
diff: -0.6746639013290405
going to web site
Hello world	Thread-584	5

time: 946686708.516757
diff: -1.5167570114135742
going to web site
Hello world	Thread-595	4

time: 946686709.359589
diff: -2.3595889806747437
going to web site
Hello world	Thread-610	3

time: 946686710.200421
diff: -3.2004209756851196
going to web site
Hello world	Thread-621	4

time: 946686711.036221
diff: -3.0362210273742676
going to web site
Hello world	Thread-628	5

time: 946686711.884854
diff: -3.884853959083557
going to web site
Hello world	Thread-633	5

time: 946686712.717686
diff: -3.7176860570907593
going to web site
Hello world	Thread-642	8

time: 946686713.554518
diff: -4.554517984390259
going to web site
Hello world	Thread-651	4

time: 946686714.38735
diff: -2.3873499631881714
going to web site
Hello world	Thread-659	5

time: 946686715.230182
diff: -3.2301820516586304
going to web site
Hello world	Thread-666	4

time: 946686716.1168139
diff: -3.116813898086548
going to web site
Hello world	Thread-675	4

time: 946686716.9792789
diff: 3.0207210779190063
waiting
going to web site
Hello world	Thread-700	4

time: 946686720.841833
diff: -0.8418329954147339
going to web site
Hello world	Thread-705	5

time: 946686721.674665
diff: -1.6746649742126465
going to web site
Hello world	Thread-711	4

time: 946686722.510497
diff: -1.510496973991394
going to web site
Hello world	Thread-716	4

time: 946686723.348725
diff: 0.6512750387191772
waiting
going to web site
Hello world	Thread-119	2

time: 946686724.841833
diff: 2.158167004585266
waiting
going to web site
Hello world	Thread-753	2

time: 946686727.841833
diff: 17.158167004585266
waiting
going to web site
Hello world	Thread-160	2

time: 946686745.869417
diff: 27.13058304786682
waiting
going to web site
Hello world	Thread-233	2

time: 946686773.849833
diff: 13.150166988372803
waiting
going to web site
Hello world	Thread-267	2

time: 946686787.832832
diff: 16.167168021202087
waiting
going to web site
Hello world	Thread-317	2

time: 946686804.841833
diff: 11.158167004585266
waiting
going to web site
Hello world	Thread-346	4

time: 946686816.8420011
diff: 14.157998919487
waiting
going to web site
Hello world	Thread-397	4

time: 946686831.846832
diff: 15.153167963027954
waiting
going to web site
Hello world	Thread-445	5

time: 946686847.8358321
diff: 21.164167881011963
waiting
going to web site
Hello world	Thread-524	2

time: 946686869.832832
diff: 26.167168021202087
waiting
going to web site
Hello world	Thread-625	3

time: 946686896.84848
diff: 16.151520013809204
waiting
going to web site
Hello world	Thread-701	4

time: 946686914.842901
diff: 24.15709900856018
waiting
going to web site
Hello world	Thread-801	4

time: 946686939.858521
diff: 26.141479015350342
waiting
going to web site
Hello world	Thread-921	2

time: 946686966.841833
diff: 21.158167004585266
waiting
going to web site
Hello world	Thread-1022	4

time: 946686988.8398329
diff: 33.16016709804535
waiting
going to web site
Hello world	Thread-1181	3

time: 946687022.842406
diff: 21.157593965530396
waiting
going to web site
Hello world	Thread-1285	5

time: 946687044.832832
diff: 8.167168021202087
waiting
going to web site
Hello world	Thread-1324	3

time: 946687053.846833
diff: 22.153167009353638
waiting
going to web site
Hello world	Thread-1429	2

time: 946687076.841833
diff: 37.158167004585266
waiting
going to web site
Hello world	Thread-1593	3

time: 946687114.841833
diff: 24.158167004585266
waiting
going to web site
Hello world	Thread-1703	5

time: 946687139.84848
diff: 10.151520013809204
waiting
going to web site
Hello world	Thread-1751	2

time: 946687150.841833
diff: 16.158167004585266
waiting
going to web site
Hello world	Thread-1822	2

time: 946687167.845833
diff: 41.15416705608368
waiting
going to web site
Hello world	Thread-1997	2

time: 946687209.850933
diff: 26.149067044258118
waiting
going to web site
Hello world	Thread-2107	3

time: 946687236.848833
diff: 11.151167035102844
waiting
going to web site
Hello world	Thread-2169	3

time: 946687251.849833
diff: 21.150166988372803
waiting
going to web site
Hello world	Thread-2273	5

time: 946687273.840832
diff: 29.159168004989624
waiting
going to web site
Hello world	Thread-2406	3

time: 946687303.832833
diff: 5.1671669483184814
waiting
going to web site
Hello world	Thread-2431	5

time: 946687309.5410639
diff: 26.458936095237732
waiting
going to web site
Hello world	Thread-2551	6

time: 946687336.5350649
diff: 20.464935064315796
waiting
going to web site
Hello world	Thread-2644	4

time: 946687357.544065
diff: 14.455935001373291
waiting
going to web site
Hello world	Thread-2711	5

time: 946687372.5270649
diff: 26.47293508052826
waiting
going to web site
Hello world	Thread-2827	6

time: 946687399.539065
diff: 25.46093499660492
waiting
going to web site
Hello world	Thread-2940	6

time: 946687425.526064
diff: 22.473935961723328
waiting
going to web site
Hello world	Thread-3035	7

time: 946687448.528417
diff: 14.471583008766174
waiting
going to web site
Hello world	Thread-3109	4

time: 946687463.544065
diff: 38.45593500137329
waiting
going to web site
Hello world	Thread-3277	6

time: 946687502.526065
diff: 16.47393500804901
waiting
going to web site
Hello world	Thread-3348	4

time: 946687519.544065
diff: 25.45593500137329
waiting
going to web site
Hello world	Thread-3461	7

time: 946687545.5350649
diff: 19.464935064315796
waiting
going to web site
Hello world	Thread-3546	5

time: 946687565.5450009
diff: 21.454999089241028
waiting
going to web site
Hello world	Thread-3645	4

time: 946687587.544065
diff: 31.45593500137329
waiting
going to web site
Hello world	Thread-3789	6

time: 946687619.544065
diff: 29.45593500137329
waiting
going to web site
Hello world	Thread-3909	7

time: 946687649.5350649
diff: 24.464935064315796
waiting
going to web site
Hello world	Thread-4021	5

time: 946687674.544065
diff: 22.45593500137329
waiting
going to web site
Hello world	Thread-4128	7

time: 946687697.539065
diff: 2.4609349966049194
waiting
going to web site
Hello world	Thread-4146	3

time: 946687700.526064
diff: 20.473935961723328
waiting
going to web site
Hello world	Thread-4231	6

time: 946687721.5294169
diff: 19.470583081245422
waiting
going to web site
Hello world	Thread-4319	6

time: 946687741.539065
diff: 32.46093499660492
waiting
going to web site
Hello world	Thread-4470	7

time: 946687774.5350641
diff: 20.464935898780823
waiting
going to web site
Hello world	Thread-4561	7

time: 946687795.5350641
diff: 16.464935898780823
waiting
going to web site
Hello world	Thread-4640	5

time: 946687812.5350641
diff: 19.464935898780823
waiting
going to web site
Hello world	Thread-4730	7

time: 946687832.534064
diff: 28.465935945510864
waiting
going to web site
Hello world	Thread-4853	7

time: 946687861.526064
diff: 19.473935961723328
waiting
going to web site
Hello world	Thread-4950	6

time: 946687881.5350641
diff: 21.464935898780823
waiting
going to web site
Hello world	Thread-5051	7

time: 946687903.5350641
diff: 15.464935898780823
waiting
going to web site
Hello world	Thread-5123	6

time: 946687919.832832
diff: 30.167168021202087
waiting
going to web site
Hello world	Thread-5284	2

time: 946687951.841833
diff: 19.158167004585266
waiting
going to web site
Hello world	Thread-5381	3

time: 946687972.8588331
diff: 17.141166925430298
waiting
going to web site
Hello world	Thread-5461	4

time: 946687990.832832
diff: 24.167168021202087
waiting
going to web site
Hello world	Thread-5580	6

time: 946688015.841833
diff: 9.158167004585266
waiting
going to web site
Hello world	Thread-5620	5

time: 946688025.832833
diff: 20.16716694831848
waiting
going to web site
Hello world	Thread-5710	5

time: 946688046.836832
diff: 33.16316795349121
waiting
going to web site
Hello world	Thread-5868	5

time: 946688080.836832
diff: 13.163167953491211
waiting
going to web site
Hello world	Thread-5927	6

time: 946688094.832832
diff: 31.167168021202087
waiting
going to web site
Hello world	Thread-6068	3

time: 946688126.832833
diff: 19.16716694831848
waiting
going to web site
Hello world	Thread-6149	4

time: 946688146.832832
diff: 18.167168021202087
waiting
going to web site
Hello world	Thread-6237	3

time: 946688166.841833
diff: 25.158167004585266
waiting
going to web site
Hello world	Thread-6346	2

time: 946688192.836833
diff: 20.163166999816895
waiting
going to web site
Hello world	Thread-6441	3

time: 946688213.832832
diff: 32.16716802120209
waiting
going to web site
Hello world	Thread-6593	3

time: 946688247.841833
diff: 31.158167004585266
waiting
going to web site
Hello world	Thread-6732	3

time: 946688279.841833
diff: 7.158167004585266
waiting
going to web site
Hello world	Thread-6768	4

time: 946688287.841833
diff: 30.158167004585266
waiting
going to web site
Hello world	Thread-6912	2

time: 946688319.846833
diff: 15.153167009353638
waiting
going to web site
Hello world	Thread-6983	3

time: 946688335.841833
diff: 20.158167004585266
waiting
going to web site
Hello world	Thread-7076	2

time: 946688357.841833
diff: 17.158167004585266
waiting
going to web site
Hello world	Thread-7160	6

time: 946688375.841833
diff: 17.158167004585266
waiting
going to web site
Hello world	Thread-7235	2

time: 946688393.841833
diff: 13.158167004585266
waiting
going to web site
Hello world	Thread-7299	2

time: 946688407.832833
diff: 23.16716694831848
waiting
going to web site
Hello world	Thread-7407	4

time: 946688431.832832
diff: 30.167168021202087
waiting
going to web site
Hello world	Thread-7545	3

time: 946688462.841833
diff: 15.158167004585266
waiting
going to web site
Hello world	Thread-7624	3

time: 946688479.842833
diff: 8.157166957855225
waiting
going to web site
Hello world	Thread-7660	3

time: 946688488.836832
diff: 29.16316795349121
waiting
going to web site
Hello world	Thread-7795	4

time: 946688518.832832
diff: 30.167168021202087
waiting
going to web site
Hello world	Thread-7921	3

time: 946688549.841833
diff: 24.158167004585266
waiting
going to web site
Hello world	Thread-8039	3

time: 946688574.841833
diff: 29.158167004585266
waiting
going to web site
Hello world	Thread-8168	3

time: 946688604.841833
diff: 19.158167004585266
waiting
going to web site
Hello world	Thread-8252	3

time: 946688624.832833
diff: 28.16716694831848
waiting
going to web site
Hello world	Thread-8376	4

time: 946688653.832832
diff: 24.167168021202087
waiting
going to web site
Hello world	Thread-8482	3

time: 946688679.8588331
diff: 30.141166925430298
waiting
going to web site
Hello world	Thread-8612	2

time: 946688710.832832
diff: 26.167168021202087
waiting
going to web site
Hello world	Thread-8722	3

time: 946688737.832833
diff: 15.167166948318481
waiting
going to web site
Hello world	Thread-8787	5

time: 946688753.832832
diff: 23.167168021202087
waiting
going to web site
Hello world	Thread-8875	2

time: 946688777.8588331
diff: 20.141166925430298
waiting
going to web site
Hello world	Thread-8959	5

time: 946688798.832832
diff: 26.167168021202087
waiting
going to web site
Hello world	Thread-9067	2

time: 946688825.841833
diff: 24.158167004585266
waiting
going to web site
Hello world	Thread-9181	2

time: 946688850.841833
diff: 25.158167004585266
waiting
going to web site
Hello world	Thread-9284	4

time: 946688876.841833
diff: 16.158167004585266
waiting
going to web site
Hello world	Thread-9365	3

time: 946688893.841833
diff: 23.158167004585266
waiting
going to web site
Hello world	Thread-9465	3

time: 946688917.841833
diff: 22.158167004585266
waiting
going to web site
Hello world	Thread-9566	3

time: 946688940.841833
diff: 21.158167004585266
waiting
going to web site
Hello world	Thread-9663	2

time: 946688962.841833
diff: 19.158167004585266
waiting
going to web site
Hello world	Thread-9751	2

time: 946688982.841833
diff: 21.158167004585266
waiting
going to web site
Hello world	Thread-9861	4

time: 946689004.832833
diff: 25.16716694831848
waiting
going to web site
Hello world	Thread-9979	4

time: 946689030.832832
diff: 23.167168021202087
waiting
going to web site
Hello world	Thread-10083	2

time: 946689054.832833
diff: 13.167166948318481
waiting
going to web site
Hello world	Thread-10150	4

time: 946689068.832832
diff: 13.167168021202087
waiting
going to web site
Hello world	Thread-10225	2

time: 946689082.832833
diff: 20.16716694831848
waiting
going to web site
Hello world	Thread-10310	5

time: 946689103.832832
diff: 24.167168021202087
waiting
going to web site
Hello world	Thread-10440	2

time: 946689129.841833
diff: 18.158167004585266
waiting
going to web site
Hello world	Thread-10530	2

time: 946689148.841833
diff: 22.158167004585266
waiting
going to web site
Hello world	Thread-10632	5

time: 946689171.542065
diff: 24.457934975624084
waiting
going to web site
Hello world	Thread-10755	7

time: 946689196.5350641
diff: 14.464935898780823
waiting
going to web site
Hello world	Thread-10825	6

time: 946689211.526064
diff: 20.473935961723328
waiting
going to web site
Hello world	Thread-10922	7

time: 946689232.526064
diff: 19.473935961723328
waiting
going to web site
Hello world	Thread-11023	6

time: 946689252.526064
diff: 26.473935961723328
waiting
going to web site
Hello world	Thread-11150	7

time: 946689279.531065
diff: 9.468935012817383
waiting
going to web site
Hello world	Thread-11198	6

time: 946689289.542065
diff: 22.457934975624084
waiting
going to web site
Hello world	Thread-11310	4

time: 946689312.5350641
diff: 16.464935898780823
waiting
going to web site
Hello world	Thread-11383	6

time: 946689329.5294169
diff: 33.47058308124542
waiting
going to web site
Hello world	Thread-11543	6

time: 946689363.531065
diff: 21.468935012817383
waiting
going to web site
Hello world	Thread-11649	7

time: 946689385.539065
diff: 23.46093499660492
waiting
going to web site
Hello world	Thread-11762	6

time: 946689409.534518
diff: 20.465481996536255
waiting
going to web site
Hello world	Thread-11856	6

time: 946689430.5350641
diff: 20.464935898780823
waiting
going to web site
Hello world	Thread-11946	6

time: 946689451.526064
diff: 5.473935961723328
waiting
going to web site
Hello world	Thread-11976	7

time: 946689457.5350641
diff: 32.46493589878082
waiting
going to web site
Hello world	Thread-12133	7

time: 946689490.5350641
diff: 18.464935898780823
waiting
going to web site
Hello world	Thread-12212	5

time: 946689509.5350641
diff: 29.464935898780823
waiting
going to web site
Hello world	Thread-12351	6

time: 946689539.5350641
diff: 30.464935898780823
waiting
going to web site
Hello world	Thread-12491	4

time: 946689570.5350641
diff: 15.464935898780823
waiting
going to web site
Hello world	Thread-12569	7

time: 946689586.526064
diff: 32.47393596172333
waiting
going to web site
Hello world	Thread-12712	7

time: 946689619.5350641
diff: 14.464935898780823
waiting
going to web site
Hello world	Thread-12784	5

time: 946689634.535535
diff: 18.464465022087097
waiting
going to web site
Hello world	Thread-12869	4

time: 946689653.544065
diff: 10.455935001373291
waiting
going to web site
Hello world	Thread-12924	3

time: 946689664.544065
diff: 31.45593500137329
waiting
going to web site
Hello world	Thread-13072	6

time: 946689696.5350649
diff: 16.464935064315796
waiting
going to web site
Hello world	Thread-13148	5

time: 946689713.5350649
diff: 24.464935064315796
waiting
going to web site
Hello world	Thread-13256	6

time: 946689738.540065
diff: 21.459934949874878
waiting
going to web site
Hello world	Thread-13366	7

time: 946689760.5350641
diff: 14.464935898780823
waiting
going to web site
Hello world	Thread-13426	4

time: 946689775.836832
diff: 19.16316795349121
waiting
going to web site
Hello world	Thread-13524	3

time: 946689795.832832
diff: 16.167168021202087
waiting
going to web site
Hello world	Thread-13600	4

time: 946689812.841833
diff: 28.158167004585266
waiting
going to web site
Hello world	Thread-13734	4

time: 946689841.841833
diff: 17.158167004585266
waiting
going to web site
Hello world	Thread-13823	3

time: 946689859.841833
diff: 25.158167004585266
waiting
going to web site
Hello world	Thread-13945	2

time: 946689885.841833
diff: 22.158167004585266
waiting
going to web site
Hello world	Thread-14050	3

time: 946689908.841833
diff: 25.158167004585266
waiting
going to web site
Hello world	Thread-14155	2

time: 946689934.841833
diff: 16.158167004585266
waiting
going to web site
Hello world	Thread-14230	2

time: 946689951.832833
diff: 33.16716694831848
waiting
going to web site
Hello world	Thread-14384	3

time: 946689986.842832
diff: 16.15716803073883
waiting
going to web site
Hello world	Thread-14457	2

time: 946690003.841833
diff: 36.158167004585266
waiting
going to web site
Hello world	Thread-14618	3

time: 946690040.841833
diff: 23.158167004585266
waiting
going to web site
Hello world	Thread-14724	2

time: 946690065.843833
diff: 19.156167030334473
waiting
going to web site
Hello world	Thread-14807	3

time: 946690085.841833
diff: 15.158167004585266
waiting
going to web site
Hello world	Thread-14880	2

time: 946690101.845833
diff: 14.15416705608368
waiting
going to web site
Hello world	Thread-14936	2

time: 946690116.841833
diff: 22.158167004585266
waiting
going to web site
Hello world	Thread-15038	2

time: 946690139.8656651
diff: 27.134334921836853
waiting
going to web site
Hello world	Thread-15155	5

time: 946690167.832832
diff: 32.16716802120209
waiting
going to web site
Hello world	Thread-15291	5

time: 946690200.832833
diff: 21.16716694831848
waiting
going to web site
Hello world	Thread-15384	6

time: 946690222.832832
diff: 19.167168021202087
waiting
going to web site
Hello world	Thread-15481	4

time: 946690242.841833
diff: 16.158167004585266
waiting
going to web site
Hello world	Thread-15551	2

time: 946690259.832833
diff: 27.16716694831848
waiting
going to web site
Hello world	Thread-15673	5

time: 946690287.832832
diff: 24.167168021202087
waiting
going to web site
Hello world	Thread-15785	2

time: 946690312.841833
diff: 18.158167004585266
waiting
going to web site
Hello world	Thread-15863	3

time: 946690331.841833
diff: 23.158167004585266
waiting
going to web site
Hello world	Thread-15966	2

time: 946690355.841833
diff: 18.158167004585266
waiting
going to web site
Hello world	Thread-16050	2

time: 946690374.841833
diff: 18.158167004585266
waiting
going to web site
Hello world	Thread-16131	5

time: 946690393.544065
diff: 32.45593500137329
waiting
going to web site
Hello world	Thread-16271	5

time: 946690426.526065
diff: 18.47393500804901
waiting
going to web site
Hello world	Thread-16360	5

time: 946690445.544065
diff: 32.45593500137329
waiting
going to web site
Hello world	Thread-16502	4

time: 946690478.544065
diff: 14.455935001373291
waiting
going to web site
Hello world	Thread-16568	6

time: 946690493.544272
diff: 28.45572805404663
waiting
going to web site
Hello world	Thread-16689	5

time: 946690522.539065
diff: 19.46093499660492
waiting
going to web site
Hello world	Thread-16779	5

time: 946690542.5350641
diff: 14.464935898780823
waiting
going to web site
Hello world	Thread-16841	4

time: 946690557.5350641
diff: 29.464935898780823
waiting
going to web site
Hello world	Thread-16974	6

time: 946690587.5350641
diff: 16.464935898780823
waiting
going to web site
Hello world	Thread-17044	5

time: 946690604.5350641
diff: 23.464935898780823
waiting
going to web site
Hello world	Thread-17150	5

time: 946690628.5350641
diff: 19.464935898780823
waiting
going to web site
Hello world	Thread-17229	7

time: 946690648.5350641
diff: 26.464935898780823
waiting
going to web site
Hello world	Thread-17344	7

time: 946690675.5350641
diff: 35.46493589878082
waiting
going to web site
Hello world	Thread-17508	5

time: 946690711.5350641
diff: 19.464935898780823
waiting
going to web site
Hello world	Thread-17593	6

time: 946690731.5350641
diff: 20.464935898780823
waiting
going to web site
Hello world	Thread-17680	7

time: 946690752.5350641
diff: 16.464935898780823
waiting
going to web site
Hello world	Thread-17760	7

time: 946690769.526064
diff: 31.473935961723328
waiting
going to web site
Hello world	Thread-17898	5

time: 946690801.5350641
diff: 16.464935898780823
waiting
going to web site
Hello world	Thread-17969	5

time: 946690818.5350641
diff: 32.46493589878082
waiting
going to web site
Hello world	Thread-18103	7

time: 946690851.5350641
diff: 16.464935898780823
waiting
going to web site
Hello world	Thread-18181	4

time: 946690868.5350641
diff: 13.464935898780823
waiting
going to web site
Hello world	Thread-18234	5

time: 946690882.5350641
diff: 38.46493589878082
waiting
going to web site
Hello world	Thread-18399	7

time: 946690921.5350641
diff: 8.464935898780823
waiting
going to web site
Hello world	Thread-18442	7

time: 946690930.5350641
diff: 37.46493589878082
waiting
going to web site
Hello world	Thread-18605	4

time: 946690968.5350641
diff: 4.464935898780823
waiting
going to web site
Hello world	Thread-18626	5

time: 946690973.5350641
diff: 36.46493589878082
waiting
going to web site
Hello world	Thread-18789	7

time: 946691010.531237
diff: 9.468762993812561
waiting
going to web site
Hello world	Thread-18833	6

time: 946691020.5350641
diff: 25.464935898780823
waiting
going to web site
Hello world	Thread-18950	5

time: 946691046.5330639
diff: 18.466936111450195
waiting
going to web site
Hello world	Thread-19034	7

time: 946691065.5350649
diff: 31.464935064315796
waiting
going to web site
Hello world	Thread-19171	6

time: 946691097.5350649
diff: 21.464935064315796
waiting
going to web site
Hello world	Thread-19271	6

time: 946691119.526065
diff: 27.47393500804901
waiting
going to web site
Hello world	Thread-19392	7

time: 946691147.5350649
diff: 8.464935064315796
waiting
going to web site
Hello world	Thread-19440	5

time: 946691156.5350649
diff: 17.464935064315796
waiting
going to web site
Hello world	Thread-19521	6

time: 946691174.540065
diff: 14.459934949874878
waiting
going to web site
Hello world	Thread-19580	6

time: 946691189.5350641
diff: 29.464935898780823
waiting
going to web site
Hello world	Thread-19724	5

time: 946691219.5350641
diff: 37.46493589878082
waiting
going to web site
Hello world	Thread-19902	7

time: 946691257.540065
diff: 13.459934949874878
waiting
going to web site
Hello world	Thread-19966	4

time: 946691271.5350641
diff: 27.464935898780823
waiting
going to web site
Hello world	Thread-20091	4

time: 946691299.526064
diff: 6.473935961723328
waiting
going to web site
Hello world	Thread-20119	6

time: 946691306.526064
diff: 18.473935961723328
waiting
going to web site
Hello world	Thread-20215	7

time: 946691325.5350641
diff: 26.464935898780823
waiting
going to web site
Hello world	Thread-20339	6

time: 946691352.5350641
diff: 10.464935898780823
waiting
going to web site
Hello world	Thread-20381	4

time: 946691363.526064
diff: 16.473935961723328
waiting
going to web site
Hello world	Thread-20482	6

time: 946691380.526064
diff: 22.473935961723328
waiting
going to web site
Hello world	Thread-20595	7

time: 946691403.526064
diff: 21.473935961723328
waiting
going to web site
Hello world	Thread-20701	2

time: 946691425.526064
diff: 30.473935961723328
waiting
going to web site
Hello world	Thread-20848	7

time: 946691456.526064
diff: 25.473935961723328
waiting
going to web site
Hello world	Thread-20973	7

time: 946691482.5350641
diff: 4.464935898780823
waiting
going to web site
Hello world	Thread-21000	5

time: 946691487.5350641
diff: 21.464935898780823
waiting
going to web site
Hello world	Thread-21096	5

time: 946691509.5350641
diff: 18.464935898780823
waiting
going to web site
Hello world	Thread-21188	6

time: 946691528.5350641
diff: 21.464935898780823
waiting
going to web site
Hello world	Thread-21288	6

time: 946691550.5350641
diff: 26.464935898780823
waiting
going to web site
Hello world	Thread-21409	7

time: 946691577.5350641
diff: 34.46493589878082
waiting
going to web site
Hello world	Thread-21569	6

time: 946691612.767328
diff: 31.232671976089478
waiting
going to web site
Hello world	Thread-21716	5

time: 946691644.767328
diff: 5.2326719760894775
waiting
going to web site
Hello world	Thread-21740	3

time: 946691650.769328
diff: 34.230672001838684
waiting
going to web site
Hello world	Thread-21886	5

time: 946691685.767329
diff: 28.23267102241516
waiting
going to web site
Hello world	Thread-22022	4

time: 946691714.767329
diff: 13.232671022415161
waiting
going to web site
Hello world	Thread-22088	5

time: 946691728.767329
diff: 13.232671022415161
waiting
going to web site
Hello world	Thread-22139	5

time: 946691742.767329
diff: 28.23267102241516
waiting
going to web site
Hello world	Thread-22272	4

time: 946691771.767329
diff: 22.23267102241516
waiting
going to web site
Hello world	Thread-22372	4

time: 946691794.767329
diff: 12.232671022415161
waiting
going to web site
Hello world	Thread-22424	5

time: 946691807.767329
diff: 20.23267102241516
waiting
going to web site
Hello world	Thread-22520	5

time: 946691828.767329
diff: 34.23267102241516
waiting
going to web site
Hello world	Thread-22670	3

time: 946691863.7693291
diff: 12.230670928955078
waiting
going to web site
Hello world	Thread-22728	5

time: 946691876.767328
diff: 23.232671976089478
waiting
going to web site
Hello world	Thread-22836	3

time: 946691900.767328
diff: 32.23267197608948
waiting
going to web site
Hello world	Thread-22980	4

time: 946691933.767328
diff: 13.232671976089478
waiting
going to web site
Hello world	Thread-23047	6

time: 946691947.767328
diff: 17.232671976089478
waiting
going to web site
Hello world	Thread-23133	4

time: 946691965.767328
diff: 23.232671976089478
waiting
going to web site
Hello world	Thread-23248	4

time: 946691989.774794
diff: 24.2252060174942
waiting
going to web site
Hello world	Thread-23364	6

time: 946692014.767329
diff: 20.23267102241516
waiting
going to web site
Hello world	Thread-23462	5

time: 946692035.767329
diff: 8.232671022415161
waiting
going to web site
Hello world	Thread-23506	5

time: 946692044.767329
diff: 27.23267102241516
waiting
going to web site
Hello world	Thread-23645	4

time: 946692072.767329
diff: 17.23267102241516
waiting
going to web site
Hello world	Thread-23731	5

time: 946692090.767329
diff: 13.232671022415161
waiting
going to web site
Hello world	Thread-23790	6

time: 946692104.767329
diff: 17.23267102241516
waiting
going to web site
Hello world	Thread-23883	5

time: 946692122.767329
diff: 22.23267102241516
waiting
going to web site
Hello world	Thread-23990	4

time: 946692145.767329
diff: 16.23267102241516
waiting
going to web site
Hello world	Thread-24065	6

time: 946692162.771329
diff: 35.228670954704285
waiting
going to web site
Hello world	Thread-24226	5

time: 946692198.767328
diff: 26.232671976089478
waiting
going to web site
Hello world	Thread-24356	2

time: 946692225.855935
diff: 17.144065022468567
waiting
going to web site
Hello world	Thread-24441	3

time: 946692244.8588331
diff: 30.141166925430298
waiting
going to web site
Hello world	Thread-24580	2

time: 946692275.8590361
diff: 22.140963912010193
waiting
going to web site
Hello world	Thread-24685	2

time: 946692298.850935
diff: 19.149065017700195
waiting
going to web site
Hello world	Thread-24794	2

time: 946692321.859037
diff: 17.140962958335876
waiting
going to web site
Hello world	Thread-24867	2

time: 946692339.850935
diff: 30.149065017700195
waiting
going to web site
Hello world	Thread-24999	2

time: 946692370.859037
diff: 27.140962958335876
waiting
going to web site
Hello world	Thread-25120	3

time: 946692398.849036
diff: 22.15096402168274
waiting
going to web site
Hello world	Thread-25211	2

time: 946692421.858037
diff: 15.141963005065918
waiting
going to web site
Hello world	Thread-25287	2

time: 946692438.874037
diff: 11.125962972640991
waiting
going to web site
Hello world	Thread-25332	2

time: 946692450.849036
diff: 28.15096402168274
waiting
going to web site
Hello world	Thread-25459	2

time: 946692479.859583
diff: 29.140416979789734
waiting
going to web site
Hello world	Thread-25579	3

time: 946692509.849036
diff: 15.15096402168274
waiting
going to web site
Hello world	Thread-25646	2

time: 946692525.859037
diff: 29.140962958335876
waiting
going to web site
Hello world	Thread-25773	5

time: 946692555.849036
diff: 18.15096402168274
waiting
going to web site
Hello world	Thread-25857	2

time: 946692574.8650371
diff: 26.134962916374207
waiting
going to web site
Hello world	Thread-25969	2

time: 946692601.850036
diff: 29.149963974952698
waiting
going to web site
Hello world	Thread-26093	4

time: 946692631.849036
diff: 25.15096402168274
waiting
going to web site
Hello world	Thread-26197	2

time: 946692657.849037
diff: 14.150962948799133
waiting
going to web site
Hello world	Thread-26252	2

time: 946692672.849036
diff: 19.15096402168274
waiting
going to web site
Hello world	Thread-26339	2

time: 946692695.860037
diff: 12.139963030815125
waiting
going to web site
Hello world	Thread-26372	2

