time: 946686600.0
diff: 0.0
going to web site
Hello world	Thread-16	4

time: 946686601.649364
diff: 59.35063600540161
waiting
going to web site
Hello world	Thread-51	7

time: 946686661.649365
diff: 59.350635051727295
waiting
going to web site
Hello world	Thread-82	6

time: 946686721.6603651
diff: 59.33963489532471
waiting
going to web site
Hello world	Thread-123	6

time: 946686782.658364
diff: 58.341635942459106
waiting
going to web site
Hello world	Thread-158	6

time: 946686842.651365
diff: 118.34863495826721
waiting
going to web site
Hello world	Thread-224	2

time: 946686962.668364
diff: 58.33163595199585
waiting
going to web site
Hello world	Thread-252	5

time: 946687021.6673641
diff: 120.3326358795166
waiting
going to web site
Hello world	Thread-323	2

time: 946687143.658364
diff: 58.341635942459106
waiting
going to web site
Hello world	Thread-350	3

time: 946687203.655909
diff: 58.344091057777405
waiting
going to web site
Hello world	Thread-385	3

time: 946687263.655909
diff: 118.3440910577774
waiting
going to web site
Hello world	Thread-446	7

time: 946687383.655909
diff: 118.3440910577774
waiting
going to web site
Hello world	Thread-510	6

time: 946687502.6559091
diff: 119.34409093856812
waiting
going to web site
Hello world	Thread-583	6

time: 946687625.656908
diff: 57.34309196472168
waiting
going to web site
Hello world	Thread-609	6

time: 946687683.646908
diff: 119.35309195518494
waiting
going to web site
Hello world	Thread-667	7

time: 946687803.649364
diff: 119.35063600540161
waiting
going to web site
Hello world	Thread-750	2

time: 946687924.667365
diff: 58.332635045051575
waiting
going to web site
Hello world	Thread-784	2

time: 946687984.658365
diff: 118.34163498878479
waiting
going to web site
Hello world	Thread-845	4

time: 946688104.658364
diff: 58.341635942459106
waiting
going to web site
Hello world	Thread-877	4

time: 946688164.658364
diff: 119.3416359424591
waiting
going to web site
Hello world	Thread-937	7

time: 946688284.649364
diff: 59.35063600540161
waiting
going to web site
Hello world	Thread-975	3

