time: 946686600.0
diff: 47.0
waiting
going to web site
Hello world	Thread-20	3

time: 946686647.7205839
diff: 18.27941608428955
waiting
going to web site
Hello world	Thread-34	3

time: 946686666.730585
diff: 21.269415020942688
waiting
going to web site
Hello world	Thread-390	5

time: 946686688.741585
diff: -0.7415850162506104
going to web site
Hello world	Thread-397	10

time: 946686689.474169
diff: -1.4741690158843994
going to web site
Hello world	Thread-408	6

time: 946686690.2027531
diff: -2.2027530670166016
going to web site
Hello world	Thread-421	4

time: 946686690.923337
diff: -1.9233369827270508
going to web site
Hello world	Thread-428	6

time: 946686691.644921
diff: -1.6449209451675415
going to web site
Hello world	Thread-62	2

time: 946686692.3825049
diff: -2.382504940032959
going to web site
Hello world	Thread-445	4

time: 946686693.109089
diff: -3.1090890169143677
going to web site
Hello world	Thread-458	3

time: 946686693.849378
diff: -2.849377989768982
going to web site
Hello world	Thread-464	5

time: 946686694.583365
diff: -3.583364963531494
going to web site
Hello world	Thread-472	3

time: 946686695.306949
diff: -4.306949019432068
going to web site
Hello world	Thread-479	4

time: 946686696.0505329
diff: 11.949467062950134
waiting
going to web site
Hello world	Thread-588	7

time: 946686708.730585
diff: -0.730584979057312
going to web site
Hello world	Thread-600	4

time: 946686709.451169
diff: -1.4511690139770508
going to web site
Hello world	Thread-612	3

time: 946686710.190753
diff: -1.1907529830932617
going to web site
Hello world	Thread-620	5

time: 946686710.911337
diff: 5.0886629819869995
waiting
going to web site
Hello world	Thread-99	2

time: 946686716.752986
diff: 15.247014045715332
waiting
going to web site
Hello world	Thread-136	4

time: 946686732.729585
diff: 7.27041494846344
waiting
going to web site
Hello world	Thread-150	3

time: 946686740.723584
diff: 15.276415944099426
waiting
going to web site
Hello world	Thread-185	2

time: 946686756.7205839
diff: 16.27941608428955
waiting
going to web site
Hello world	Thread-231	4

time: 946686773.729585
diff: 28.27041494846344
waiting
going to web site
Hello world	Thread-311	4

time: 946686802.727584
diff: 12.27241599559784
waiting
going to web site
Hello world	Thread-342	2

time: 946686815.7205839
diff: 17.27941608428955
waiting
going to web site
Hello world	Thread-405	2

time: 946686833.720585
diff: 20.279415011405945
waiting
going to web site
Hello world	Thread-477	2

time: 946686854.732325
diff: 35.267675042152405
waiting
going to web site
Hello world	Thread-599	5

time: 946686890.732585
diff: 22.267415046691895
waiting
going to web site
Hello world	Thread-695	6

time: 946686913.729653
diff: 26.270346999168396
waiting
going to web site
Hello world	Thread-805	4

time: 946686940.7205839
diff: 20.27941608428955
waiting
going to web site
Hello world	Thread-901	5

time: 946686961.7275851
diff: 17.272414922714233
waiting
going to web site
Hello world	Thread-984	5

time: 946686979.7205839
diff: 26.27941608428955
waiting
going to web site
Hello world	Thread-1109	5

time: 946687006.729585
diff: 25.27041494846344
waiting
going to web site
Hello world	Thread-1229	5

time: 946687032.724584
diff: 31.275416016578674
waiting
going to web site
Hello world	Thread-1378	4

time: 946687064.720585
diff: 19.279415011405945
waiting
going to web site
Hello world	Thread-1467	3

time: 946687084.732585
diff: 7.2674150466918945
waiting
going to web site
Hello world	Thread-1499	5

time: 946687092.732585
diff: 32.267415046691895
waiting
going to web site
Hello world	Thread-1643	6

time: 946687125.720585
diff: 23.279415011405945
waiting
going to web site
Hello world	Thread-1744	5

time: 946687149.732585
diff: 22.267415046691895
waiting
going to web site
Hello world	Thread-1837	3

time: 946687172.729585
diff: 25.27041494846344
waiting
going to web site
Hello world	Thread-1948	3

time: 946687198.724584
diff: 26.275416016578674
waiting
going to web site
Hello world	Thread-2069	2

time: 946687225.732585
diff: 10.267415046691895
waiting
going to web site
Hello world	Thread-2105	5

time: 946687236.729585
diff: 16.27041494846344
waiting
going to web site
Hello world	Thread-2181	5

time: 946687253.844833
diff: 25.15516698360443
waiting
going to web site
Hello world	Thread-2300	2

time: 946687279.832832
diff: 23.167168021202087
waiting
going to web site
Hello world	Thread-2407	6

time: 946687303.832833
diff: 25.16716694831848
waiting
going to web site
Hello world	Thread-2517	3

time: 946687329.832832
diff: 24.167168021202087
waiting
going to web site
Hello world	Thread-2630	4

time: 946687354.848833
diff: 13.151167035102844
waiting
going to web site
Hello world	Thread-2697	3

time: 946687369.842507
diff: 18.157492995262146
waiting
going to web site
Hello world	Thread-2780	2

time: 946687388.845832
diff: 38.154168009757996
waiting
going to web site
Hello world	Thread-2950	4

time: 946687427.845833
diff: 14.15416705608368
waiting
going to web site
Hello world	Thread-3010	2

time: 946687442.8588331
diff: 36.1411669254303
waiting
going to web site
Hello world	Thread-3175	4

time: 946687479.832832
diff: 12.167168021202087
waiting
going to web site
Hello world	Thread-3238	2

time: 946687492.851833
diff: 25.14816701412201
waiting
going to web site
Hello world	Thread-3345	2

time: 946687518.858825
diff: 21.141175031661987
waiting
going to web site
Hello world	Thread-3442	2

time: 946687540.832833
diff: 22.16716694831848
waiting
going to web site
Hello world	Thread-3540	5

time: 946687563.832832
diff: 30.167168021202087
waiting
going to web site
Hello world	Thread-3671	5

time: 946687594.832833
diff: 21.16716694831848
waiting
going to web site
Hello world	Thread-3777	4

time: 946687616.832832
diff: 11.167168021202087
waiting
going to web site
Hello world	Thread-3829	2

time: 946687628.841833
diff: 26.158167004585266
waiting
going to web site
Hello world	Thread-3943	2

time: 946687655.841833
diff: 13.158167004585266
waiting
going to web site
Hello world	Thread-4008	3

time: 946687670.860833
diff: 20.139166951179504
waiting
going to web site
Hello world	Thread-4105	4

time: 946687691.832832
diff: 23.167168021202087
waiting
going to web site
Hello world	Thread-4208	3

time: 946687715.841833
diff: 16.158167004585266
waiting
going to web site
Hello world	Thread-4286	3

time: 946687732.841833
diff: 23.158167004585266
waiting
going to web site
Hello world	Thread-4389	3

time: 946687756.841833
diff: 20.158167004585266
waiting
going to web site
Hello world	Thread-4485	4

time: 946687777.832833
diff: 22.16716694831848
waiting
going to web site
Hello world	Thread-4585	5

time: 946687800.832832
diff: 23.167168021202087
waiting
going to web site
Hello world	Thread-4702	3

time: 946687825.860665
diff: 16.13933503627777
waiting
going to web site
Hello world	Thread-4776	4

time: 946687842.841833
diff: 39.158167004585266
waiting
going to web site
Hello world	Thread-4957	2

time: 946687882.841833
diff: 11.158167004585266
waiting
going to web site
Hello world	Thread-5009	2

time: 946687894.84848
diff: 25.151520013809204
waiting
going to web site
Hello world	Thread-5130	3

time: 946687920.8408331
diff: 7.159166932106018
waiting
going to web site
Hello world	Thread-5172	6

time: 946687928.832832
diff: 22.167168021202087
waiting
going to web site
Hello world	Thread-5300	3

time: 946687954.841833
diff: 8.158167004585266
waiting
going to web site
Hello world	Thread-5333	2

time: 946687963.832833
diff: 36.16716694831848
waiting
going to web site
Hello world	Thread-5504	6

time: 946688000.832832
diff: 13.167168021202087
waiting
going to web site
Hello world	Thread-5581	4

time: 946688015.841833
diff: 39.158167004585266
waiting
going to web site
Hello world	Thread-5761	3

time: 946688055.841833
diff: 12.158167004585266
waiting
going to web site
Hello world	Thread-5816	2

time: 946688068.841833
diff: 20.158167004585266
waiting
going to web site
Hello world	Thread-5913	2

time: 946688089.841833
diff: 31.158167004585266
waiting
going to web site
Hello world	Thread-6044	6

time: 946688121.841833
diff: 18.158167004585266
waiting
going to web site
Hello world	Thread-6126	2

time: 946688140.8398329
diff: 32.16016709804535
waiting
going to web site
Hello world	Thread-6263	3

time: 946688173.841833
diff: 25.158167004585266
waiting
going to web site
Hello world	Thread-6378	2

time: 946688199.853416
diff: 15.146584033966064
waiting
going to web site
Hello world	Thread-6453	2

time: 946688215.851833
diff: 28.14816701412201
waiting
going to web site
Hello world	Thread-6576	2

time: 946688244.832833
diff: 20.16716694831848
waiting
going to web site
Hello world	Thread-6674	2

time: 946688265.832832
diff: 21.167168021202087
waiting
going to web site
Hello world	Thread-6767	2

time: 946688287.841833
diff: 20.158167004585266
waiting
going to web site
Hello world	Thread-6863	2

time: 946688309.841833
diff: 13.158167004585266
waiting
going to web site
Hello world	Thread-6929	3

time: 946688323.832833
diff: 9.167166948318481
waiting
going to web site
Hello world	Thread-6973	4

time: 946688333.832832
diff: 23.167168021202087
waiting
going to web site
Hello world	Thread-7077	3

time: 946688357.841833
diff: 24.158167004585266
waiting
going to web site
Hello world	Thread-7188	2

time: 946688382.842833
diff: 27.157166957855225
waiting
going to web site
Hello world	Thread-7311	5

time: 946688410.8398321
diff: 1.160167932510376
waiting
going to web site
Hello world	Thread-7320	4

time: 946688412.832832
diff: 38.16716802120209
waiting
going to web site
Hello world	Thread-7495	3

time: 946688451.841833
diff: 26.158167004585266
waiting
going to web site
Hello world	Thread-7632	2

time: 946688481.842833
diff: 22.157166957855225
waiting
going to web site
Hello world	Thread-7726	5

time: 946688504.8418319
diff: 16.158168077468872
waiting
going to web site
Hello world	Thread-7810	2

time: 946688521.832833
diff: 38.16716694831848
waiting
going to web site
Hello world	Thread-7975	4

time: 946688560.832832
diff: 31.167168021202087
waiting
going to web site
Hello world	Thread-8121	2

time: 946688593.846833
diff: 19.153167009353638
waiting
going to web site
Hello world	Thread-8209	3

time: 946688613.841833
diff: 26.158167004585266
waiting
going to web site
Hello world	Thread-8323	2

time: 946688640.843833
diff: 19.156167030334473
waiting
going to web site
Hello world	Thread-8409	3

time: 946688660.841833
diff: 19.158167004585266
waiting
going to web site
Hello world	Thread-8488	2

time: 946688680.841833
diff: 18.158167004585266
waiting
going to web site
Hello world	Thread-8568	2

time: 946688699.841833
diff: 21.158167004585266
waiting
going to web site
Hello world	Thread-8657	2

time: 946688721.845833
diff: 37.15416705608368
waiting
going to web site
Hello world	Thread-8807	3

time: 946688759.841833
diff: 13.158167004585266
waiting
going to web site
Hello world	Thread-8862	2

time: 946688773.841833
diff: 29.158167004585266
waiting
going to web site
Hello world	Thread-8983	2

time: 946688803.832833
diff: 14.167166948318481
waiting
going to web site
Hello world	Thread-9039	6

time: 946688818.832832
diff: 22.167168021202087
waiting
going to web site
Hello world	Thread-9142	2

time: 946688841.841833
diff: 22.158167004585266
waiting
going to web site
Hello world	Thread-9234	2

time: 946688864.832833
diff: 18.16716694831848
waiting
going to web site
Hello world	Thread-9313	3

time: 946688883.832832
diff: 21.167168021202087
waiting
going to web site
Hello world	Thread-9414	2

time: 946688905.841833
diff: 14.158167004585266
waiting
going to web site
Hello world	Thread-9485	2

time: 946688921.850896
diff: 38.14910399913788
waiting
going to web site
Hello world	Thread-9652	3

time: 946688960.832832
diff: 8.167168021202087
waiting
going to web site
Hello world	Thread-9701	4

time: 946688970.841833
diff: 13.158167004585266
waiting
going to web site
Hello world	Thread-9781	3

time: 946688987.845833
diff: 12.15416705608368
waiting
going to web site
Hello world	Thread-9838	3

time: 946689000.841833
diff: 23.158167004585266
waiting
going to web site
Hello world	Thread-9959	2

time: 946689025.846833
diff: 25.153167009353638
waiting
going to web site
Hello world	Thread-10068	3

time: 946689051.832833
diff: 20.16716694831848
waiting
going to web site
Hello world	Thread-10168	5

time: 946689072.832832
diff: 20.167168021202087
waiting
going to web site
Hello world	Thread-10269	2

time: 946689093.841833
diff: 24.158167004585266
waiting
going to web site
Hello world	Thread-10382	4

time: 946689118.699561
diff: 23.3004390001297
waiting
going to web site
Hello world	Thread-10498	6

time: 946689142.699561
diff: 13.3004390001297
waiting
going to web site
Hello world	Thread-10560	5

time: 946689156.699561
diff: 27.3004390001297
waiting
going to web site
Hello world	Thread-10697	7

time: 946689184.699561
diff: 23.3004390001297
waiting
going to web site
Hello world	Thread-10814	4

time: 946689208.699561
diff: 3.3004390001296997
waiting
going to web site
Hello world	Thread-10832	5

time: 946689212.699561
diff: 22.3004390001297
waiting
going to web site
Hello world	Thread-10942	6

time: 946689235.699561
diff: 26.3004390001297
waiting
going to web site
Hello world	Thread-11074	5

time: 946689262.699561
diff: 28.3004390001297
waiting
going to web site
Hello world	Thread-11210	6

time: 946689291.699561
diff: 17.3004390001297
waiting
going to web site
Hello world	Thread-11293	5

time: 946689309.699561
diff: 28.3004390001297
waiting
going to web site
Hello world	Thread-11435	6

time: 946689338.699561
diff: 13.3004390001297
waiting
going to web site
Hello world	Thread-11496	5

time: 946689352.699561
diff: 16.3004390001297
waiting
going to web site
Hello world	Thread-11576	4

time: 946689369.7085611
diff: 22.291438937187195
waiting
going to web site
Hello world	Thread-11685	6

time: 946689392.6995599
diff: 21.300440073013306
waiting
going to web site
Hello world	Thread-11778	4

time: 946689414.699561
diff: 18.3004390001297
waiting
going to web site
Hello world	Thread-11872	6

time: 946689433.699561
diff: 40.3004390001297
waiting
going to web site
Hello world	Thread-12057	6

time: 946689474.699561
diff: 15.3004390001297
waiting
going to web site
Hello world	Thread-12134	6

time: 946689490.699561
diff: 35.3004390001297
waiting
going to web site
Hello world	Thread-12286	5

time: 946689526.699561
diff: 16.3004390001297
waiting
going to web site
Hello world	Thread-12371	6

time: 946689543.699561
diff: 5.3004390001297
waiting
going to web site
Hello world	Thread-12397	4

time: 946689549.7085611
diff: 14.291438937187195
waiting
going to web site
Hello world	Thread-12469	7

time: 946689564.6995599
diff: 31.300440073013306
waiting
going to web site
Hello world	Thread-12611	6

time: 946689596.7085611
diff: 20.291438937187195
waiting
going to web site
Hello world	Thread-12701	6

time: 946689617.6995599
diff: 13.300440073013306
waiting
going to web site
Hello world	Thread-12767	6

time: 946689631.699561
diff: 36.3004390001297
waiting
going to web site
Hello world	Thread-12940	4

time: 946689668.699561
diff: 6.3004390001297
waiting
going to web site
Hello world	Thread-12976	4

time: 946689675.699561
diff: 22.3004390001297
waiting
going to web site
Hello world	Thread-13082	6

time: 946689698.7085611
diff: 15.291438937187195
waiting
going to web site
Hello world	Thread-13156	3

time: 946689714.6995599
diff: 31.300440073013306
waiting
going to web site
Hello world	Thread-13298	4

time: 946689746.732325
diff: 13.267675042152405
waiting
going to web site
Hello world	Thread-13367	5

time: 946689760.732585
diff: 19.267415046691895
waiting
going to web site
Hello world	Thread-13451	5

time: 946689780.732325
diff: 37.267675042152405
waiting
going to web site
Hello world	Thread-13630	7

time: 946689818.720585
diff: 16.279415011405945
waiting
going to web site
Hello world	Thread-13704	6

time: 946689835.732709
diff: 23.267290949821472
waiting
going to web site
Hello world	Thread-13821	4

time: 946689859.724584
diff: 19.275416016578674
waiting
going to web site
Hello world	Thread-13913	5

time: 946689879.730302
diff: 23.26969802379608
waiting
going to web site
Hello world	Thread-14022	5

time: 946689903.732585
diff: 25.267415046691895
waiting
going to web site
Hello world	Thread-14136	3

time: 946689929.732325
diff: 25.267675042152405
waiting
going to web site
Hello world	Thread-14246	7

time: 946689955.729585
diff: 30.27041494846344
waiting
going to web site
Hello world	Thread-14381	7

time: 946689986.729584
diff: 25.270416021347046
waiting
going to web site
Hello world	Thread-14495	3

time: 946690012.729585
diff: 13.27041494846344
waiting
going to web site
Hello world	Thread-14560	5

time: 946690026.724584
diff: 22.275416016578674
waiting
going to web site
Hello world	Thread-14653	6

time: 946690049.732417
diff: 22.26758301258087
waiting
going to web site
Hello world	Thread-14747	7

time: 946690072.729585
diff: 11.27041494846344
waiting
going to web site
Hello world	Thread-14802	3

time: 946690084.7205839
diff: 40.27941608428955
waiting
going to web site
Hello world	Thread-14978	4

time: 946690125.720585
diff: 10.279415011405945
waiting
going to web site
Hello world	Thread-15025	4

time: 946690136.735585
diff: 36.26441502571106
waiting
going to web site
Hello world	Thread-15172	7

time: 946690173.729585
diff: 22.27041494846344
waiting
going to web site
Hello world	Thread-15273	5

time: 946690196.7205839
diff: 14.27941608428955
waiting
going to web site
Hello world	Thread-15344	3

time: 946690211.732325
diff: 12.267675042152405
waiting
going to web site
Hello world	Thread-15399	3

time: 946690224.732325
diff: 24.267675042152405
waiting
going to web site
Hello world	Thread-15506	4

time: 946690249.7365849
diff: 28.263415098190308
waiting
going to web site
Hello world	Thread-15635	5

time: 946690278.729585
diff: 26.27041494846344
waiting
going to web site
Hello world	Thread-15752	3

time: 946690305.7205839
diff: 25.27941608428955
waiting
going to web site
Hello world	Thread-15860	6

time: 946690331.732585
diff: 20.267415046691895
waiting
going to web site
Hello world	Thread-15954	4

time: 946690352.836713
diff: 24.163287043571472
waiting
going to web site
Hello world	Thread-16064	2

time: 946690377.836713
diff: 17.163287043571472
waiting
going to web site
Hello world	Thread-16141	3

time: 946690395.836713
diff: 28.163287043571472
waiting
going to web site
Hello world	Thread-16264	3

time: 946690424.836713
diff: 15.163287043571472
waiting
going to web site
Hello world	Thread-16333	3

time: 946690440.836713
diff: 15.163287043571472
waiting
going to web site
Hello world	Thread-16404	4

time: 946690456.836713
diff: 24.163287043571472
waiting
going to web site
Hello world	Thread-16513	5

time: 946690481.836713
diff: 24.163287043571472
waiting
going to web site
Hello world	Thread-16622	4

time: 946690506.836713
diff: 16.163287043571472
waiting
going to web site
Hello world	Thread-16695	6

time: 946690523.836713
diff: 16.163287043571472
waiting
going to web site
Hello world	Thread-16774	2

time: 946690540.839713
diff: 30.160287022590637
waiting
going to web site
Hello world	Thread-16910	4

time: 946690571.836713
diff: 24.163287043571472
waiting
going to web site
Hello world	Thread-17020	2

time: 946690596.836713
diff: 40.16328704357147
waiting
going to web site
Hello world	Thread-17195	3

time: 946690637.836713
diff: 24.163287043571472
waiting
going to web site
Hello world	Thread-17295	4

time: 946690662.836713
diff: 12.163287043571472
waiting
going to web site
Hello world	Thread-17346	5

time: 946690675.836713
diff: 16.163287043571472
waiting
going to web site
Hello world	Thread-17428	4

time: 946690692.8407129
diff: 32.159287095069885
waiting
going to web site
Hello world	Thread-17568	3

time: 946690725.836713
diff: 7.163287043571472
waiting
going to web site
Hello world	Thread-17607	3

time: 946690733.8387129
diff: 34.16128706932068
waiting
going to web site
Hello world	Thread-17758	3

time: 946690768.839713
diff: 22.160287022590637
waiting
going to web site
Hello world	Thread-17862	4

time: 946690791.839713
diff: 26.160287022590637
waiting
going to web site
Hello world	Thread-17971	3

time: 946690818.836713
diff: 17.163287043571472
waiting
going to web site
Hello world	Thread-18052	4

time: 946690836.836713
diff: 21.163287043571472
waiting
going to web site
Hello world	Thread-18135	3

time: 946690858.836713
diff: 30.163287043571472
waiting
going to web site
Hello world	Thread-18273	5

time: 946690889.836713
diff: 11.163287043571472
waiting
going to web site
Hello world	Thread-18324	2

time: 946690901.836713
diff: 24.163287043571472
waiting
going to web site
Hello world	Thread-18420	5

time: 946690926.836713
diff: 20.163287043571472
waiting
going to web site
Hello world	Thread-18523	2

time: 946690948.845713
diff: 32.15428698062897
waiting
going to web site
Hello world	Thread-18657	6

time: 946690981.5350641
diff: 20.464935898780823
waiting
going to web site
Hello world	Thread-18755	7

time: 946691002.534933
diff: 16.46506702899933
waiting
going to web site
Hello world	Thread-18829	5

time: 946691019.526065
diff: 18.47393500804901
waiting
going to web site
Hello world	Thread-18910	4

time: 946691038.5350649
diff: 23.464935064315796
waiting
going to web site
Hello world	Thread-19020	3

time: 946691062.5350649
diff: 16.464935064315796
waiting
going to web site
Hello world	Thread-19093	6

time: 946691079.5535929
diff: 21.446407079696655
waiting
going to web site
Hello world	Thread-19191	6

time: 946691101.526065
diff: 11.473935008049011
waiting
going to web site
Hello world	Thread-19244	6

time: 946691113.5448331
diff: 37.455166935920715
waiting
going to web site
Hello world	Thread-19416	7

time: 946691151.5350641
diff: 17.464935898780823
waiting
going to web site
Hello world	Thread-19491	7

time: 946691169.5350641
diff: 19.464935898780823
waiting
going to web site
Hello world	Thread-19581	7

time: 946691189.5350641
diff: 22.464935898780823
waiting
going to web site
Hello world	Thread-19686	6

time: 946691212.5350641
diff: 19.464935898780823
waiting
going to web site
Hello world	Thread-19783	6

time: 946691232.5345191
diff: 12.465480923652649
waiting
going to web site
Hello world	Thread-19836	6

time: 946691245.5350641
diff: 23.464935898780823
waiting
going to web site
Hello world	Thread-19958	5

time: 946691269.5350641
diff: 15.464935898780823
waiting
going to web site
Hello world	Thread-20027	6

time: 946691285.5350641
diff: 29.464935898780823
waiting
going to web site
Hello world	Thread-20170	4

time: 946691315.5350641
diff: 12.464935898780823
waiting
going to web site
Hello world	Thread-20232	7

time: 946691328.5350641
diff: 36.46493589878082
waiting
going to web site
Hello world	Thread-20393	7

time: 946691365.526064
diff: 8.473935961723328
waiting
going to web site
Hello world	Thread-20455	6

time: 946691374.532064
diff: 17.467936038970947
waiting
going to web site
Hello world	Thread-20545	6

time: 946691392.5350649
diff: 21.464935064315796
waiting
going to web site
Hello world	Thread-20652	4

time: 946691414.5350649
diff: 27.464935064315796
waiting
going to web site
Hello world	Thread-20783	3

time: 946691442.526065
diff: 15.473935008049011
waiting
going to web site
Hello world	Thread-20859	6

time: 946691458.544065
diff: 19.45593500137329
waiting
going to web site
Hello world	Thread-20951	5

time: 946691478.540065
diff: 19.459934949874878
waiting
going to web site
Hello world	Thread-21043	6

time: 946691498.533657
diff: 39.46634304523468
waiting
going to web site
Hello world	Thread-21237	4

time: 946691538.544689
diff: 25.455310940742493
waiting
going to web site
Hello world	Thread-21352	3

time: 946691564.5350641
diff: 6.464935898780823
waiting
going to web site
Hello world	Thread-21377	5

time: 946691571.5350641
diff: 29.464935898780823
waiting
going to web site
Hello world	Thread-21520	7

time: 946691601.5350641
diff: 34.46493589878082
waiting
going to web site
Hello world	Thread-21677	6

time: 946691636.526064
diff: 22.473935961723328
waiting
going to web site
Hello world	Thread-21777	7

time: 946691659.526064
diff: 10.473935961723328
waiting
going to web site
Hello world	Thread-21819	4

time: 946691670.526064
diff: 26.473935961723328
waiting
going to web site
Hello world	Thread-21941	4

time: 946691697.5350641
diff: 24.464935898780823
waiting
going to web site
Hello world	Thread-22056	5

time: 946691722.526064
diff: 20.473935961723328
waiting
going to web site
Hello world	Thread-22144	7

time: 946691743.5350641
diff: 10.464935898780823
waiting
going to web site
Hello world	Thread-22195	5

time: 946691754.5350641
diff: 34.46493589878082
waiting
going to web site
Hello world	Thread-22342	7

time: 946691789.5350641
diff: 13.464935898780823
waiting
going to web site
Hello world	Thread-22406	5

time: 946691803.5350641
diff: 19.464935898780823
waiting
going to web site
Hello world	Thread-22496	3

time: 946691823.5350641
diff: 30.464935898780823
waiting
going to web site
Hello world	Thread-22630	2

time: 946691854.526064
diff: 22.473935961723328
waiting
going to web site
Hello world	Thread-22732	4

time: 946691877.5350641
diff: 14.464935898780823
waiting
going to web site
Hello world	Thread-22797	7

time: 946691892.5350641
diff: 25.464935898780823
waiting
going to web site
Hello world	Thread-22916	6

time: 946691918.5350641
diff: 22.464935898780823
waiting
going to web site
Hello world	Thread-23015	6

time: 946691941.5350641
diff: 24.464935898780823
waiting
going to web site
Hello world	Thread-23137	5

time: 946691966.526064
diff: 8.473935961723328
waiting
going to web site
Hello world	Thread-23180	7

time: 946691975.5350641
diff: 29.464935898780823
waiting
going to web site
Hello world	Thread-23321	5

time: 946692005.5350641
diff: 1.4649358987808228
waiting
going to web site
Hello world	Thread-23329	5

time: 946692007.5350641
diff: 27.464935898780823
waiting
going to web site
Hello world	Thread-23461	6

time: 946692035.5350641
diff: 12.464935898780823
waiting
going to web site
Hello world	Thread-23527	6

time: 946692048.534064
diff: 12.465935945510864
waiting
going to web site
Hello world	Thread-23594	5

time: 946692061.5350641
diff: 25.464935898780823
waiting
going to web site
Hello world	Thread-23714	6

time: 946692087.531065
diff: 26.468935012817383
waiting
going to web site
Hello world	Thread-23840	7

time: 946692114.5350649
diff: 36.464935064315796
waiting
going to web site
Hello world	Thread-24017	6

time: 946692151.5448971
diff: 19.455102920532227
waiting
going to web site
Hello world	Thread-24105	7

time: 946692171.526064
diff: 24.473935961723328
waiting
going to web site
Hello world	Thread-24217	7

time: 946692196.5350641
diff: 23.464935898780823
waiting
going to web site
Hello world	Thread-24333	7

time: 946692220.5350641
diff: 27.464935898780823
waiting
going to web site
Hello world	Thread-24460	6

time: 946692248.5350641
diff: 15.464935898780823
waiting
going to web site
Hello world	Thread-24533	7

time: 946692264.5350641
diff: 30.464935898780823
waiting
going to web site
Hello world	Thread-24666	7

time: 946692295.526064
diff: 27.473935961723328
waiting
going to web site
Hello world	Thread-24801	4

time: 946692323.5350641
diff: 19.464935898780823
waiting
going to web site
Hello world	Thread-24878	6

time: 946692343.5270649
diff: 28.47293508052826
waiting
going to web site
Hello world	Thread-25008	5

time: 946692372.541065
diff: 7.458935022354126
waiting
going to web site
Hello world	Thread-25044	4

time: 946692380.544065
diff: 30.45593500137329
waiting
going to web site
Hello world	Thread-25166	6

time: 946692411.542065
diff: 23.457934975624084
waiting
going to web site
Hello world	Thread-25270	6

time: 946692435.5350641
diff: 23.464935898780823
waiting
going to web site
Hello world	Thread-25368	4

time: 946692459.534064
diff: 12.465935945510864
waiting
going to web site
Hello world	Thread-25424	8

time: 946692472.5350641
diff: 20.464935898780823
waiting
going to web site
Hello world	Thread-25511	7

time: 946692493.526064
diff: 39.47393596172333
waiting
going to web site
Hello world	Thread-25675	7

time: 946692533.535781
diff: 13.464218974113464
waiting
going to web site
Hello world	Thread-25739	7

time: 946692547.5350641
diff: 23.464935898780823
waiting
going to web site
Hello world	Thread-25842	2

time: 946692571.526064
diff: 26.473935961723328
waiting
going to web site
Hello world	Thread-25951	4

time: 946692598.5350641
diff: 22.464935898780823
waiting
going to web site
Hello world	Thread-26056	5

time: 946692621.534064
diff: 11.465935945510864
waiting
going to web site
Hello world	Thread-26099	7

