time: 946686600.0
diff: 0.0
going to web site
Hello world	Thread-2	6

time: 946686600.591608
diff: 120.40839195251465
waiting
going to web site
Hello world	Thread-21	4

time: 946686721.574608
diff: 119.42539203166962
waiting
going to web site
Hello world	Thread-31	6

time: 946686841.588609
diff: 59.41139101982117
waiting
going to web site
Hello world	Thread-40	4

time: 946686901.582609
diff: 119.41739094257355
waiting
going to web site
Hello world	Thread-52	7

time: 946687021.578608
diff: 59.42139196395874
waiting
going to web site
Hello world	Thread-58	7

time: 946687081.583608
diff: 119.41639196872711
waiting
going to web site
Hello world	Thread-73	4

time: 946687201.7330601
diff: 59.266939878463745
waiting
going to web site
Hello world	Thread-82	2

time: 946687261.7150601
diff: 60.284939885139465
waiting
going to web site
Hello world	Thread-90	2

time: 946687322.72406
diff: 119.27593994140625
waiting
going to web site
Hello world	Thread-102	2

time: 946687442.724061
diff: 59.275938987731934
waiting
going to web site
Hello world	Thread-110	2

time: 946687502.7240602
diff: 59.27593982219696
waiting
going to web site
Hello world	Thread-116	2

time: 946687562.7240602
diff: 59.27593982219696
waiting
going to web site
Hello world	Thread-125	2

time: 946687622.7240602
diff: 119.27593982219696
waiting
going to web site
Hello world	Thread-136	2

time: 946687742.7240602
diff: 60.27593982219696
waiting
going to web site
Hello world	Thread-141	2

time: 946687803.7150601
diff: 119.28493988513947
waiting
going to web site
Hello world	Thread-157	3

time: 946687923.7240602
diff: 119.27593982219696
waiting
going to web site
Hello world	Thread-171	2

time: 946688043.7240602
diff: 59.27593982219696
waiting
going to web site
Hello world	Thread-179	3

time: 946688103.7240602
diff: 59.27593982219696
waiting
going to web site
Hello world	Thread-187	2

time: 946688163.7240602
diff: 59.27593982219696
waiting
going to web site
Hello world	Thread-193	3

time: 946688223.7240602
diff: 120.27593982219696
waiting
going to web site
Hello world	Thread-208	2

