time: 946686600.0
diff: 0.0
going to web site
Hello world	Thread-15	5

time: 946686601.649364
diff: 119.35063600540161
waiting
going to web site
Hello world	Thread-80	8

time: 946686721.6603651
diff: 59.33963489532471
waiting
going to web site
Hello world	Thread-120	4

time: 946686781.686794
diff: 59.31320595741272
waiting
going to web site
Hello world	Thread-157	7

time: 946686842.651365
diff: 118.34863495826721
waiting
going to web site
Hello world	Thread-223	3

time: 946686962.668364
diff: 118.33163595199585
waiting
going to web site
Hello world	Thread-282	6

time: 946687082.657364
diff: 119.34263598918915
waiting
going to web site
Hello world	Thread-348	6

time: 946687202.666523
diff: 59.33347702026367
waiting
going to web site
Hello world	Thread-384	4

time: 946687263.655909
diff: 58.344091057777405
waiting
going to web site
Hello world	Thread-412	2

time: 946687322.655909
diff: 119.3440910577774
waiting
going to web site
Hello world	Thread-480	7

time: 946687443.6559091
diff: 118.34409093856812
waiting
going to web site
Hello world	Thread-556	3

time: 946687565.667908
diff: 116.33209204673767
waiting
going to web site
Hello world	Thread-621	7

time: 946687689.656908
diff: 53.34309196472168
waiting
going to web site
Hello world	Thread-642	5

time: 946687743.646908
diff: 59.35309195518494
waiting
going to web site
Hello world	Thread-673	2

time: 946687804.849684
diff: 118.15031599998474
waiting
going to web site
Hello world	Thread-760	2

time: 946687926.849684
diff: 116.15031599998474
waiting
going to web site
Hello world	Thread-830	2

time: 946688050.8496841
diff: 112.15031588077545
waiting
going to web site
Hello world	Thread-897	3

time: 946688178.8496841
diff: 104.15031588077545
waiting
going to web site
Hello world	Thread-960	3

time: 946688298.8566841
diff: 45.14331591129303
waiting
going to web site
Hello world	Thread-976	2

