time: 946686600.0
diff: 6.0
waiting
going to web site
Hello world	Thread-2	2

time: 946686606.832832
diff: 2.1671680212020874
waiting
going to web site
Hello world	Thread-13	3

time: 946686609.851833
diff: 0.14816701412200928
waiting
going to web site
Hello world	Thread-18	2

time: 946686610.859833
diff: 10.140166997909546
waiting
going to web site
Hello world	Thread-6	2

time: 946686621.837832
diff: 3.162168025970459
waiting
going to web site
Hello world	Thread-81	2

time: 946686625.8558329
diff: 18.144167065620422
waiting
going to web site
Hello world	Thread-158	2

time: 946686644.832833
diff: 0.16716694831848145
waiting
going to web site
Hello world	Thread-161	2

time: 946686645.832832
diff: 0.1671680212020874
waiting
going to web site
Hello world	Thread-165	4

time: 946686646.841833
diff: 0.1581670045852661
waiting
going to web site
Hello world	Thread-170	3

time: 946686647.842816
diff: -0.8428159952163696
going to web site
Hello world	Thread-173	3

time: 946686648.675648
diff: 3.3243520259857178
waiting
going to web site
Hello world	Thread-189	2

time: 946686652.853833
diff: -0.8538329601287842
going to web site
Hello world	Thread-194	2

time: 946686653.7030799
diff: -0.7030799388885498
going to web site
Hello world	Thread-198	4

time: 946686654.539912
diff: -1.5399119853973389
going to web site
Hello world	Thread-26	2

time: 946686655.381744
diff: -2.3817440271377563
going to web site
Hello world	Thread-206	3

time: 946686656.2175759
diff: -2.2175759077072144
going to web site
Hello world	Thread-212	2

time: 946686657.0584079
diff: 13.94159209728241
waiting
going to web site
Hello world	Thread-40	3

time: 946686671.8398329
diff: 6.160167098045349
waiting
going to web site
Hello world	Thread-298	6

time: 946686678.846833
diff: 1.1531670093536377
waiting
going to web site
Hello world	Thread-329	3

time: 946686681.842833
diff: -0.8428330421447754
going to web site
Hello world	Thread-335	5

time: 946686682.675665
diff: 2.324334979057312
waiting
going to web site
Hello world	Thread-359	2

time: 946686685.842832
diff: 1.1571680307388306
waiting
going to web site
Hello world	Thread-380	5

time: 946686687.847796
diff: 0.15220403671264648
waiting
going to web site
Hello world	Thread-57	2

time: 946686688.851481
diff: 0.14851903915405273
waiting
going to web site
Hello world	Thread-443	3

time: 946686692.8557091
diff: -2.8557090759277344
going to web site
Hello world	Thread-451	6

time: 946686693.701541
diff: 14.29845905303955
waiting
going to web site
Hello world	Thread-87	4

time: 946686708.849833
diff: 21.150166988372803
waiting
going to web site
Hello world	Thread-132	3

time: 946686730.833833
diff: 12.16616702079773
waiting
going to web site
Hello world	Thread-156	2

time: 946686743.842833
diff: 9.157166957855225
waiting
going to web site
Hello world	Thread-179	4

time: 946686753.832832
diff: 20.167168021202087
waiting
going to web site
Hello world	Thread-236	3

time: 946686774.842833
diff: 25.157166957855225
waiting
going to web site
Hello world	Thread-300	6

time: 946686800.832832
diff: 26.167168021202087
waiting
going to web site
Hello world	Thread-385	3

time: 946686827.8478329
diff: 21.152167081832886
waiting
going to web site
Hello world	Thread-457	3

time: 946686849.849833
diff: 34.1501669883728
waiting
going to web site
Hello world	Thread-578	3

time: 946686884.832832
diff: 13.167168021202087
waiting
going to web site
Hello world	Thread-638	4

time: 946686898.843833
diff: 21.156167030334473
waiting
going to web site
Hello world	Thread-722	3

time: 946686920.843833
diff: 27.156167030334473
waiting
going to web site
Hello world	Thread-848	3

time: 946686949.841833
diff: 23.158167004585266
waiting
going to web site
Hello world	Thread-960	4

time: 946686973.841833
diff: 28.158167004585266
waiting
going to web site
Hello world	Thread-1093	2

time: 946687002.832833
diff: 26.16716694831848
waiting
going to web site
Hello world	Thread-1217	3

time: 946687029.842832
diff: 17.15716803073883
waiting
going to web site
Hello world	Thread-1305	4

time: 946687047.8428171
diff: 10.157182931900024
waiting
going to web site
Hello world	Thread-1347	3

time: 946687058.832832
diff: 33.16716802120209
waiting
going to web site
Hello world	Thread-1505	5

time: 946687093.841833
diff: 17.158167004585266
waiting
going to web site
Hello world	Thread-1585	3

time: 946687111.841833
diff: 20.158167004585266
waiting
going to web site
Hello world	Thread-1674	2

time: 946687132.841833
diff: 35.158167004585266
waiting
going to web site
Hello world	Thread-1828	4

time: 946687168.841833
diff: 13.158167004585266
waiting
going to web site
Hello world	Thread-1878	2

time: 946687182.841833
diff: 27.158167004585266
waiting
going to web site
Hello world	Thread-2001	4

time: 946687210.8478329
diff: 19.152167081832886
waiting
going to web site
Hello world	Thread-2086	4

time: 946687230.832833
diff: 17.16716694831848
waiting
going to web site
Hello world	Thread-2156	2

time: 946687248.8418319
diff: 15.158168077468872
waiting
going to web site
Hello world	Thread-2233	3

time: 946687264.841833
diff: 18.158167004585266
waiting
going to web site
Hello world	Thread-2323	2

time: 946687283.841833
diff: 26.158167004585266
waiting
going to web site
Hello world	Thread-2438	3

time: 946687310.841833
diff: 31.158167004585266
waiting
going to web site
Hello world	Thread-2577	3

time: 946687342.841833
diff: 17.158167004585266
waiting
going to web site
Hello world	Thread-2656	4

time: 946687360.841833
diff: 33.158167004585266
waiting
going to web site
Hello world	Thread-2812	6

time: 946687394.832833
diff: 7.1671669483184814
waiting
going to web site
Hello world	Thread-2841	5

time: 946687402.832832
diff: 35.16716802120209
waiting
going to web site
Hello world	Thread-2994	4

time: 946687438.842833
diff: 9.157166957855225
waiting
going to web site
Hello world	Thread-3038	4

time: 946687448.8358321
diff: 29.164167881011963
waiting
going to web site
Hello world	Thread-3173	3

time: 946687478.832832
diff: 19.167168021202087
waiting
going to web site
Hello world	Thread-3266	2

time: 946687499.851833
diff: 31.14816701412201
waiting
going to web site
Hello world	Thread-3407	4

time: 946687531.841833
diff: 28.158167004585266
waiting
going to web site
Hello world	Thread-3532	3

time: 946687560.832833
diff: 9.167166948318481
waiting
going to web site
Hello world	Thread-3571	5

time: 946687570.840832
diff: 22.159168004989624
waiting
going to web site
Hello world	Thread-3670	3

time: 946687593.841833
diff: 25.158167004585266
waiting
going to web site
Hello world	Thread-3797	4

time: 946687620.841833
diff: 11.158167004585266
waiting
going to web site
Hello world	Thread-3844	3

time: 946687632.836833
diff: 24.163166999816895
waiting
going to web site
Hello world	Thread-3948	5

time: 946687657.836832
diff: 18.16316795349121
waiting
going to web site
Hello world	Thread-4035	2

time: 946687676.836832
diff: 20.16316795349121
waiting
going to web site
Hello world	Thread-4130	4

time: 946687697.836832
diff: 9.163167953491211
waiting
going to web site
Hello world	Thread-4167	4

time: 946687707.832832
diff: 40.16716802120209
waiting
going to web site
Hello world	Thread-4356	3

time: 946687748.841833
diff: 21.158167004585266
waiting
going to web site
Hello world	Thread-4450	2

time: 946687770.841833
diff: 22.158167004585266
waiting
going to web site
Hello world	Thread-4556	3

time: 946687793.842833
diff: 23.157166957855225
waiting
going to web site
Hello world	Thread-4661	3

time: 946687817.832832
diff: 23.167168021202087
waiting
going to web site
Hello world	Thread-4771	3

time: 946687841.841833
diff: 25.158167004585266
waiting
going to web site
Hello world	Thread-4886	4

time: 946687867.832833
diff: 15.167166948318481
waiting
going to web site
Hello world	Thread-4960	5

time: 946687883.832832
diff: 11.167168021202087
waiting
going to web site
Hello world	Thread-5022	2

time: 946687896.842833
diff: 13.157166957855225
waiting
going to web site
Hello world	Thread-5082	4

time: 946687910.832832
diff: 22.167168021202087
waiting
going to web site
Hello world	Thread-5190	4

time: 946687933.841833
diff: 24.158167004585266
waiting
going to web site
Hello world	Thread-5315	3

time: 946687958.832833
diff: 16.16716694831848
waiting
going to web site
Hello world	Thread-5396	3

time: 946687975.836832
diff: 32.16316795349121
waiting
going to web site
Hello world	Thread-5543	3

time: 946688008.832832
diff: 16.167168021202087
waiting
going to web site
Hello world	Thread-5621	7

time: 946688025.832833
diff: 25.16716694831848
waiting
going to web site
Hello world	Thread-5738	3

time: 946688051.836832
diff: 23.16316795349121
waiting
going to web site
Hello world	Thread-5844	4

time: 946688075.8358321
diff: 35.16416788101196
waiting
going to web site
Hello world	Thread-6008	4

time: 946688111.841833
diff: 25.158167004585266
waiting
going to web site
Hello world	Thread-6113	4

time: 946688137.832833
diff: 22.16716694831848
waiting
going to web site
Hello world	Thread-6208	6

time: 946688160.832832
diff: 22.167168021202087
waiting
going to web site
Hello world	Thread-6310	2

time: 946688183.838833
diff: 30.1611670255661
waiting
going to web site
Hello world	Thread-6445	5

time: 946688214.841833
diff: 7.158167004585266
waiting
going to web site
Hello world	Thread-6487	2

time: 946688222.832833
diff: 29.16716694831848
waiting
going to web site
Hello world	Thread-6611	3

time: 946688252.832832
diff: 18.167168021202087
waiting
going to web site
Hello world	Thread-6697	4

time: 946688272.842833
diff: 5.157166957855225
waiting
going to web site
Hello world	Thread-6726	2

time: 946688278.832832
diff: 19.167168021202087
waiting
going to web site
Hello world	Thread-6813	2

time: 946688298.841833
diff: 22.158167004585266
waiting
going to web site
Hello world	Thread-6920	4

time: 946688321.832833
diff: 34.16716694831848
waiting
going to web site
Hello world	Thread-7068	7

time: 946688356.832832
diff: 13.167168021202087
waiting
going to web site
Hello world	Thread-7136	3

time: 946688371.841833
diff: 14.158167004585266
waiting
going to web site
Hello world	Thread-7204	3

time: 946688386.841833
diff: 19.158167004585266
waiting
going to web site
Hello world	Thread-7298	2

time: 946688406.841833
diff: 30.158167004585266
waiting
going to web site
Hello world	Thread-7432	2

time: 946688437.841833
diff: 32.158167004585266
waiting
going to web site
Hello world	Thread-7582	4

time: 946688470.841833
diff: 26.158167004585266
waiting
going to web site
Hello world	Thread-7698	3

time: 946688497.842833
diff: 14.157166957855225
waiting
going to web site
Hello world	Thread-7764	4

time: 946688512.832832
diff: 42.16716802120209
waiting
going to web site
Hello world	Thread-7952	3

time: 946688555.849833
diff: 11.150166988372803
waiting
going to web site
Hello world	Thread-8006	3

time: 946688567.832832
diff: 24.167168021202087
waiting
going to web site
Hello world	Thread-8119	2

time: 946688592.841833
diff: 29.158167004585266
waiting
going to web site
Hello world	Thread-8247	3

time: 946688622.841833
diff: 16.158167004585266
waiting
going to web site
Hello world	Thread-8316	3

time: 946688639.841833
diff: 20.158167004585266
waiting
going to web site
Hello world	Thread-8408	2

time: 946688660.841833
diff: 24.158167004585266
waiting
going to web site
Hello world	Thread-8511	2

time: 946688685.841833
diff: 34.158167004585266
waiting
going to web site
Hello world	Thread-8651	3

time: 946688720.845833
diff: 16.15416705608368
waiting
going to web site
Hello world	Thread-8721	2

time: 946688737.832833
diff: 35.16716694831848
waiting
going to web site
Hello world	Thread-8861	3

time: 946688773.832832
diff: 7.167168021202087
waiting
going to web site
Hello world	Thread-8893	2

time: 946688781.841833
diff: 19.158167004585266
waiting
going to web site
Hello world	Thread-8973	3

time: 946688801.845833
diff: 16.15416705608368
waiting
going to web site
Hello world	Thread-9040	2

time: 946688818.841833
diff: 35.158167004585266
waiting
going to web site
Hello world	Thread-9200	2

time: 946688854.841833
diff: 12.158167004585266
waiting
going to web site
Hello world	Thread-9252	2

time: 946688867.832833
diff: 22.16716694831848
waiting
going to web site
Hello world	Thread-9350	3

time: 946688890.832832
diff: 19.167168021202087
waiting
going to web site
Hello world	Thread-9430	2

time: 946688910.836833
diff: 31.163166999816895
waiting
going to web site
Hello world	Thread-9573	4

time: 946688942.832832
diff: 9.167168021202087
waiting
going to web site
Hello world	Thread-9646	2

time: 946688959.860833
diff: 13.139166951179504
waiting
going to web site
Hello world	Thread-9715	4

time: 946688973.832832
diff: 15.167168021202087
waiting
going to web site
Hello world	Thread-9787	3

time: 946688989.8588331
diff: 13.141166925430298
waiting
going to web site
Hello world	Thread-9855	4

time: 946689003.832832
diff: 38.16716802120209
waiting
going to web site
Hello world	Thread-10031	5

time: 946689042.526065
diff: 16.47393500804901
waiting
going to web site
Hello world	Thread-10104	5

time: 946689059.5350649
diff: 12.464935064315796
waiting
going to web site
Hello world	Thread-10166	6

time: 946689072.544065
diff: 33.45593500137329
waiting
going to web site
Hello world	Thread-10324	6

time: 946689106.541065
diff: 18.458935022354126
waiting
going to web site
Hello world	Thread-10416	7

time: 946689125.544128
diff: 15.455872058868408
waiting
going to web site
Hello world	Thread-10492	6

time: 946689141.526065
diff: 31.47393500804901
waiting
going to web site
Hello world	Thread-10640	5

time: 946689173.549065
diff: 2.4509350061416626
waiting
going to web site
Hello world	Thread-10654	4

time: 946689176.545033
diff: 18.45496702194214
waiting
going to web site
Hello world	Thread-10749	5

time: 946689195.544065
diff: 26.45593500137329
waiting
going to web site
Hello world	Thread-10881	5

time: 946689222.539129
diff: 29.46087098121643
waiting
going to web site
Hello world	Thread-11022	7

time: 946689252.526064
diff: 18.473935961723328
waiting
going to web site
Hello world	Thread-11112	2

time: 946689271.526064
diff: 27.473935961723328
waiting
going to web site
Hello world	Thread-11250	4

time: 946689299.5350641
diff: 16.464935898780823
waiting
going to web site
Hello world	Thread-11329	2

time: 946689316.526064
diff: 19.473935961723328
waiting
going to web site
Hello world	Thread-11422	7

time: 946689336.5350641
diff: 5.464935898780823
waiting
going to web site
Hello world	Thread-11446	6

time: 946689342.526064
diff: 37.47393596172333
waiting
going to web site
Hello world	Thread-11624	6

time: 946689380.5350641
diff: 15.464935898780823
waiting
going to web site
Hello world	Thread-11704	4

time: 946689396.5350641
diff: 34.46493589878082
waiting
going to web site
Hello world	Thread-11862	7

time: 946689431.5350641
diff: 15.464935898780823
waiting
going to web site
Hello world	Thread-11922	7

time: 946689447.5350641
diff: 25.464935898780823
waiting
going to web site
Hello world	Thread-12050	7

time: 946689473.526064
diff: 34.47393596172333
waiting
going to web site
Hello world	Thread-12205	7

time: 946689508.5350641
diff: 3.4649358987808228
waiting
going to web site
Hello world	Thread-12227	4

time: 946689512.526064
diff: 24.473935961723328
waiting
going to web site
Hello world	Thread-12341	7

time: 946689537.5350641
diff: 6.464935898780823
waiting
going to web site
Hello world	Thread-12376	4

time: 946689544.526064
diff: 39.47393596172333
waiting
going to web site
Hello world	Thread-12557	7

time: 946689584.526064
diff: 10.473935961723328
waiting
going to web site
Hello world	Thread-12605	7

time: 946689595.5345191
diff: 26.46548092365265
waiting
going to web site
Hello world	Thread-12726	4

time: 946689622.5350641
diff: 22.464935898780823
waiting
going to web site
Hello world	Thread-12829	5

time: 946689645.832832
diff: 11.167168021202087
waiting
going to web site
Hello world	Thread-12891	5

time: 946689657.841833
diff: 20.158167004585266
waiting
going to web site
Hello world	Thread-12991	5

time: 946689678.841833
diff: 32.158167004585266
waiting
going to web site
Hello world	Thread-13140	3

time: 946689711.841833
diff: 20.158167004585266
waiting
going to web site
Hello world	Thread-13233	3

time: 946689732.841833
diff: 18.158167004585266
waiting
going to web site
Hello world	Thread-13329	5

time: 946689751.843833
diff: 26.156167030334473
waiting
going to web site
Hello world	Thread-13445	3

time: 946689778.851833
diff: 9.14816701412201
waiting
going to web site
Hello world	Thread-13490	3

time: 946689788.841833
diff: 39.158167004585266
waiting
going to web site
Hello world	Thread-13677	2

time: 946689829.841833
diff: 7.158167004585266
waiting
going to web site
Hello world	Thread-13717	3

time: 946689837.841833
diff: 27.158167004585266
waiting
going to web site
Hello world	Thread-13851	3

time: 946689865.842133
diff: 33.15786695480347
waiting
going to web site
Hello world	Thread-14003	4

time: 946689899.832832
diff: 28.167168021202087
waiting
going to web site
Hello world	Thread-14130	3

time: 946689928.841833
diff: 22.158167004585266
waiting
going to web site
Hello world	Thread-14233	5

time: 946689951.832833
diff: 10.167166948318481
waiting
going to web site
Hello world	Thread-14280	5

time: 946689962.832832
diff: 21.167168021202087
waiting
going to web site
Hello world	Thread-14371	3

time: 946689984.841833
diff: 30.158167004585266
waiting
going to web site
Hello world	Thread-14507	2

time: 946690015.841833
diff: 19.158167004585266
waiting
going to web site
Hello world	Thread-14591	2

time: 946690035.8588331
diff: 19.141166925430298
waiting
going to web site
Hello world	Thread-14675	3

time: 946690055.832832
diff: 29.167168021202087
waiting
going to web site
Hello world	Thread-14808	4

time: 946690085.841833
diff: 18.158167004585266
waiting
going to web site
Hello world	Thread-14891	5

time: 946690104.841833
diff: 18.158167004585266
waiting
going to web site
Hello world	Thread-14970	2

time: 946690123.836833
diff: 23.163166999816895
waiting
going to web site
Hello world	Thread-15066	5

time: 946690147.832832
diff: 22.167168021202087
waiting
going to web site
Hello world	Thread-15168	3

time: 946690170.842832
diff: 20.15716803073883
waiting
going to web site
Hello world	Thread-15253	3

time: 946690191.832833
diff: 25.16716694831848
waiting
going to web site
Hello world	Thread-15364	3

time: 946690217.832832
diff: 19.167168021202087
waiting
going to web site
Hello world	Thread-15456	2

time: 946690237.832833
diff: 31.16716694831848
waiting
going to web site
Hello world	Thread-15601	4

time: 946690269.832832
diff: 9.167168021202087
waiting
going to web site
Hello world	Thread-15641	3

time: 946690279.832833
diff: 26.16716694831848
waiting
going to web site
Hello world	Thread-15756	4

time: 946690306.832832
diff: 29.167168021202087
waiting
going to web site
Hello world	Thread-15886	3

time: 946690336.832833
diff: 27.16716694831848
waiting
going to web site
Hello world	Thread-2149	2

time: 946690364.840832
diff: 0.15916800498962402
waiting
going to web site
Hello world	Thread-16013	3

time: 946690365.860664
diff: 16.139335989952087
waiting
going to web site
Hello world	Thread-16080	4

time: 946690382.832832
diff: 18.167168021202087
waiting
going to web site
Hello world	Thread-16166	2

time: 946690401.841833
diff: 30.158167004585266
waiting
going to web site
Hello world	Thread-16302	3

time: 946690432.841833
diff: 17.158167004585266
waiting
going to web site
Hello world	Thread-16378	3

time: 946690450.832833
diff: 22.16716694831848
waiting
going to web site
Hello world	Thread-16481	4

time: 946690473.832832
diff: 15.167168021202087
waiting
going to web site
Hello world	Thread-16549	2

time: 946690489.841833
diff: 26.158167004585266
waiting
going to web site
Hello world	Thread-16673	3

time: 946690516.841833
diff: 20.158167004585266
waiting
going to web site
Hello world	Thread-16759	3

time: 946690537.841833
diff: 32.158167004585266
waiting
going to web site
Hello world	Thread-16904	4

time: 946690570.841833
diff: 15.158167004585266
waiting
going to web site
Hello world	Thread-16971	2

time: 946690586.841833
diff: 33.158167004585266
waiting
going to web site
Hello world	Thread-17118	3

time: 946690620.841833
diff: 18.158167004585266
waiting
going to web site
Hello world	Thread-17202	3

time: 946690639.841833
diff: 15.158167004585266
waiting
going to web site
Hello world	Thread-17263	4

time: 946690655.841833
diff: 21.158167004585266
waiting
going to web site
Hello world	Thread-17355	4

time: 946690677.841833
diff: 31.158167004585266
waiting
going to web site
Hello world	Thread-17501	4

time: 946690709.841833
diff: 26.158167004585266
waiting
going to web site
Hello world	Thread-17623	4

time: 946690736.841833
diff: 16.158167004585266
waiting
going to web site
Hello world	Thread-17687	3

time: 946690753.832833
diff: 20.16716694831848
waiting
going to web site
Hello world	Thread-17789	3

time: 946690774.832832
diff: 26.167168021202087
waiting
going to web site
Hello world	Thread-17901	2

time: 946690801.841833
diff: 19.158167004585266
waiting
going to web site
Hello world	Thread-17984	2

time: 946690821.851833
diff: 33.14816701412201
waiting
going to web site
Hello world	Thread-18126	3

time: 946690855.841833
diff: 9.158167004585266
waiting
going to web site
Hello world	Thread-18169	4

time: 946690865.841833
diff: 24.158167004585266
waiting
going to web site
Hello world	Thread-18281	3

time: 946690890.732325
diff: 26.267675042152405
waiting
going to web site
Hello world	Thread-18390	3

time: 946690917.733585
diff: 27.266414999961853
waiting
going to web site
Hello world	Thread-18505	5

time: 946690945.7205839
diff: 16.27941608428955
waiting
going to web site
Hello world	Thread-18583	4

time: 946690962.732585
diff: 21.267415046691895
waiting
going to web site
Hello world	Thread-18676	5

time: 946690984.739417
diff: 16.26058304309845
waiting
going to web site
Hello world	Thread-18750	5

time: 946691001.733585
diff: 23.266414999961853
waiting
going to web site
Hello world	Thread-18853	4

time: 946691025.7425841
diff: 20.257415890693665
waiting
going to web site
Hello world	Thread-18952	3

time: 946691046.729584
diff: 8.270416021347046
waiting
going to web site
Hello world	Thread-18990	5

time: 946691055.732325
diff: 28.267675042152405
waiting
going to web site
Hello world	Thread-19114	7

time: 946691084.729585
diff: 29.27041494846344
waiting
going to web site
Hello world	Thread-19251	3

time: 946691114.724584
diff: 29.275416016578674
waiting
going to web site
Hello world	Thread-19379	6

time: 946691144.729585
diff: 2.27041494846344
waiting
going to web site
Hello world	Thread-19395	4

time: 946691147.7205839
diff: 39.27941608428955
waiting
going to web site
Hello world	Thread-19572	3

time: 946691187.732325
diff: 13.267675042152405
waiting
going to web site
Hello world	Thread-19642	4

time: 946691201.729585
diff: 13.27041494846344
waiting
going to web site
Hello world	Thread-19703	3

time: 946691215.732325
diff: 19.267675042152405
waiting
going to web site
Hello world	Thread-19802	3

time: 946691235.732585
diff: 16.267415046691895
waiting
going to web site
Hello world	Thread-19876	5

time: 946691252.732585
diff: 14.267415046691895
waiting
going to web site
Hello world	Thread-19950	3

time: 946691267.729585
diff: 24.27041494846344
waiting
going to web site
Hello world	Thread-20064	4

time: 946691292.7205839
diff: 26.27941608428955
waiting
going to web site
Hello world	Thread-20188	5

time: 946691319.729585
diff: 24.27041494846344
waiting
going to web site
Hello world	Thread-20299	6

time: 946691344.7205839
diff: 19.27941608428955
waiting
going to web site
Hello world	Thread-20391	3

time: 946691364.729585
diff: 15.27041494846344
waiting
going to web site
Hello world	Thread-20487	2

time: 946691380.732325
diff: 21.267675042152405
waiting
going to web site
Hello world	Thread-20592	4

time: 946691402.729585
diff: 12.27041494846344
waiting
going to web site
Hello world	Thread-20656	6

time: 946691415.7205839
diff: 31.27941608428955
waiting
going to web site
Hello world	Thread-20805	5

time: 946691447.729585
diff: 17.27041494846344
waiting
going to web site
Hello world	Thread-20895	4

time: 946691465.7205839
diff: 24.27941608428955
waiting
going to web site
Hello world	Thread-21009	3

time: 946691490.526065
diff: 33.47393500804901
waiting
going to web site
Hello world	Thread-21168	7

time: 946691524.526065
diff: 22.47393500804901
waiting
going to web site
Hello world	Thread-21275	6

time: 946691547.544065
diff: 28.45593500137329
waiting
going to web site
Hello world	Thread-21404	5

time: 946691576.526065
diff: 12.473935008049011
waiting
going to web site
Hello world	Thread-21462	7

time: 946691589.544065
diff: 20.45593500137329
waiting
going to web site
Hello world	Thread-21557	7

time: 946691610.540065
diff: 23.459934949874878
waiting
going to web site
Hello world	Thread-21667	6

time: 946691634.5350641
diff: 21.464935898780823
waiting
going to web site
Hello world	Thread-21766	6

time: 946691656.5350641
diff: 20.464935898780823
waiting
going to web site
Hello world	Thread-21851	7

time: 946691677.529065
diff: 25.470934987068176
waiting
going to web site
Hello world	Thread-21971	7

time: 946691703.526064
diff: 13.473935961723328
waiting
going to web site
Hello world	Thread-22032	7

time: 946691717.5350641
diff: 29.464935898780823
waiting
going to web site
Hello world	Thread-22165	4

time: 946691747.5350641
diff: 18.464935898780823
waiting
going to web site
Hello world	Thread-22251	6

time: 946691766.540065
diff: 26.459934949874878
waiting
going to web site
Hello world	Thread-22363	7

time: 946691793.5344299
diff: 30.465570092201233
waiting
going to web site
Hello world	Thread-22500	7

time: 946691824.5350649
diff: 9.464935064315796
waiting
going to web site
Hello world	Thread-22539	4

time: 946691834.544065
diff: 29.45593500137329
waiting
going to web site
Hello world	Thread-22672	5

time: 946691864.5350649
diff: 13.464935064315796
waiting
going to web site
Hello world	Thread-22736	7

time: 946691878.5350649
diff: 18.464935064315796
waiting
going to web site
Hello world	Thread-22824	6

time: 946691897.544065
diff: 15.455935001373291
waiting
going to web site
Hello world	Thread-22891	5

time: 946691913.5350649
diff: 29.464935064315796
waiting
going to web site
Hello world	Thread-23027	4

time: 946691943.544065
diff: 11.455935001373291
waiting
going to web site
Hello world	Thread-23090	6

time: 946691955.5350649
diff: 27.464935064315796
waiting
going to web site
Hello world	Thread-23219	5

time: 946691983.5350649
diff: 17.464935064315796
waiting
going to web site
Hello world	Thread-23304	6

time: 946692001.544065
diff: 13.455935001373291
waiting
going to web site
Hello world	Thread-23369	5

time: 946692015.526065
diff: 12.473935008049011
waiting
going to web site
Hello world	Thread-23432	5

time: 946692028.539065
diff: 27.46093499660492
waiting
going to web site
Hello world	Thread-23570	7

time: 946692056.5294169
diff: 23.470583081245422
waiting
going to web site
Hello world	Thread-23679	5

time: 946692080.544065
diff: 21.45593500137329
waiting
going to web site
Hello world	Thread-23788	2

time: 946692102.841833
diff: 31.158167004585266
waiting
going to web site
Hello world	Thread-23937	4

time: 946692134.841833
diff: 20.158167004585266
waiting
going to web site
Hello world	Thread-24037	3

time: 946692155.841833
diff: 33.158167004585266
waiting
going to web site
Hello world	Thread-24195	3

time: 946692189.841833
diff: 10.158167004585266
waiting
going to web site
Hello world	Thread-24244	3

time: 946692201.841833
diff: 23.158167004585266
waiting
going to web site
Hello world	Thread-24359	4

time: 946692225.846833
diff: 25.153167009353638
waiting
going to web site
Hello world	Thread-24472	2

time: 946692251.832833
diff: 22.16716694831848
waiting
going to web site
Hello world	Thread-24574	4

time: 946692274.832832
diff: 26.167168021202087
waiting
going to web site
Hello world	Thread-24702	4

time: 946692301.838833
diff: 18.1611670255661
waiting
going to web site
Hello world	Thread-24787	5

time: 946692320.832833
diff: 26.16716694831848
waiting
going to web site
Hello world	Thread-24898	4

time: 946692347.832832
diff: 26.167168021202087
waiting
going to web site
Hello world	Thread-25018	3

time: 946692374.832833
diff: 15.167166948318481
waiting
going to web site
Hello world	Thread-25078	3

time: 946692390.832832
diff: 28.167168021202087
waiting
going to web site
Hello world	Thread-25202	3

time: 946692419.841833
diff: 14.158167004585266
waiting
going to web site
Hello world	Thread-25266	2

time: 946692434.841833
diff: 33.158167004585266
waiting
going to web site
Hello world	Thread-25413	2

time: 946692469.845833
diff: 18.15416705608368
waiting
going to web site
Hello world	Thread-25495	2

time: 946692488.841833
diff: 29.158167004585266
waiting
going to web site
Hello world	Thread-25621	2

time: 946692518.841833
diff: 20.158167004585266
waiting
going to web site
Hello world	Thread-25703	3

time: 946692539.832833
diff: 19.16716694831848
waiting
going to web site
Hello world	Thread-25789	4

time: 946692559.832832
diff: 12.167168021202087
waiting
going to web site
Hello world	Thread-25848	2

time: 946692572.845833
diff: 24.15416705608368
waiting
going to web site
Hello world	Thread-25950	2

