time: 946686600.0
diff: 50.0
waiting
going to web site
Hello world	Thread-178	4

time: 946686650.6995599
diff: -0.6995599269866943
going to web site
Hello world	Thread-181	3

time: 946686651.4041201
diff: -0.4041200876235962
going to web site
Hello world	Thread-185	2

time: 946686652.10968
diff: -1.1096800565719604
going to web site
Hello world	Thread-190	3

time: 946686652.82024
diff: 1.1797599792480469
waiting
going to web site
Hello world	Thread-200	3

time: 946686654.70456
diff: 1.2954399585723877
waiting
going to web site
Hello world	Thread-28	2

time: 946686656.70056
diff: 9.299440026283264
waiting
going to web site
Hello world	Thread-33	4

time: 946686666.714817
diff: 12.28518295288086
waiting
going to web site
Hello world	Thread-306	5

time: 946686679.6995599
diff: 0.30044007301330566
waiting
going to web site
Hello world	Thread-318	6

time: 946686680.7085611
diff: 0.2914389371871948
waiting
going to web site
Hello world	Thread-326	7

time: 946686681.7055601
diff: 3.294439911842346
waiting
going to web site
Hello world	Thread-358	4

time: 946686685.6995599
diff: -0.6995599269866943
going to web site
Hello world	Thread-364	3

time: 946686686.41312
diff: -0.4131200313568115
going to web site
Hello world	Thread-371	4

time: 946686687.11968
diff: -0.11968004703521729
going to web site
Hello world	Thread-381	4

time: 946686687.832576
diff: 0.16742396354675293
waiting
going to web site
Hello world	Thread-389	6

time: 946686688.6995599
diff: 1.3004400730133057
waiting
going to web site
Hello world	Thread-416	6

time: 946686690.714561
diff: 2.2854390144348145
waiting
going to web site
Hello world	Thread-454	5

time: 946686693.718561
diff: 3.281438946723938
waiting
going to web site
Hello world	Thread-70	4

time: 946686697.7055601
diff: 4.294439911842346
waiting
going to web site
Hello world	Thread-534	5

time: 946686702.6995599
diff: -0.6995599269866943
going to web site
Hello world	Thread-539	3

time: 946686703.407753
diff: 0.5922470092773438
waiting
going to web site
Hello world	Thread-547	3

time: 946686704.707577
diff: 1.2924230098724365
waiting
going to web site
Hello world	Thread-562	5

time: 946686706.699561
diff: 0.3004390001296997
waiting
going to web site
Hello world	Thread-574	8

time: 946686707.701561
diff: 0.29843902587890625
waiting
going to web site
Hello world	Thread-84	5

time: 946686708.7155609
diff: -0.7155609130859375
going to web site
Hello world	Thread-599	4

time: 946686709.42064
diff: -0.4206399917602539
going to web site
Hello world	Thread-611	4

time: 946686710.1222
diff: -0.12220001220703125
going to web site
Hello world	Thread-618	6

time: 946686710.837502
diff: -0.8375020027160645
going to web site
Hello world	Thread-626	4

time: 946686711.5440619
diff: -0.5440618991851807
going to web site
Hello world	Thread-632	2

time: 946686712.2436221
diff: -0.2436220645904541
going to web site
Hello world	Thread-639	4

time: 946686712.943182
diff: 0.05681800842285156
waiting
going to web site
Hello world	Thread-646	4

time: 946686713.7085611
diff: 2.291438937187195
waiting
going to web site
Hello world	Thread-672	7

time: 946686716.738386
diff: 5.261613965034485
waiting
going to web site
Hello world	Thread-114	3

time: 946686722.6995599
diff: -0.6995599269866943
going to web site
Hello world	Thread-718	3

time: 946686723.403548
diff: 19.596451997756958
waiting
going to web site
Hello world	Thread-155	3

time: 946686743.6995599
diff: 19.300440073013306
waiting
going to web site
Hello world	Thread-194	3

time: 946686763.7085611
diff: 1.2914389371871948
waiting
going to web site
Hello world	Thread-914	2

time: 946686765.6995599
diff: 4.300440073013306
waiting
going to web site
Hello world	Thread-923	5

time: 946686770.714561
diff: 2.2854390144348145
waiting
going to web site
Hello world	Thread-230	5

time: 946686773.699561
diff: 21.3004390001297
waiting
going to web site
Hello world	Thread-285	5

time: 946686795.699561
diff: 27.3004390001297
waiting
going to web site
Hello world	Thread-369	7

time: 946686823.709561
diff: 13.290439009666443
waiting
going to web site
Hello world	Thread-418	3

time: 946686837.699561
diff: 22.3004390001297
waiting
going to web site
Hello world	Thread-493	5

time: 946686860.699561
diff: 30.3004390001297
waiting
going to web site
Hello world	Thread-603	4

time: 946686891.699561
diff: 17.3004390001297
waiting
going to web site
Hello world	Thread-673	4

time: 946686909.7085519
diff: 23.29144811630249
waiting
going to web site
Hello world	Thread-770	7

time: 946686933.7155609
diff: 33.28443908691406
waiting
going to web site
Hello world	Thread-923	5

time: 946686967.714561
diff: 19.285439014434814
waiting
going to web site
Hello world	Thread-1016	6

time: 946686987.699561
diff: 12.3004390001297
waiting
going to web site
Hello world	Thread-1084	4

time: 946687000.699561
diff: 31.3004390001297
waiting
going to web site
Hello world	Thread-1228	6

time: 946687032.699561
diff: 33.3004390001297
waiting
going to web site
Hello world	Thread-1383	5

time: 946687066.699561
diff: 9.3004390001297
waiting
going to web site
Hello world	Thread-1426	6

time: 946687076.713817
diff: 20.2861829996109
waiting
going to web site
Hello world	Thread-1522	5

time: 946687097.6995599
diff: 36.300440073013306
waiting
going to web site
Hello world	Thread-1682	4

time: 946687134.7085611
diff: 20.291438937187195
waiting
going to web site
Hello world	Thread-1763	5

time: 946687155.6995599
diff: 24.300440073013306
waiting
going to web site
Hello world	Thread-1866	4

time: 946687180.699561
diff: 26.3004390001297
waiting
going to web site
Hello world	Thread-1979	7

time: 946687207.699561
diff: 10.3004390001297
waiting
going to web site
Hello world	Thread-2033	5

time: 946687218.699561
diff: 27.3004390001297
waiting
going to web site
Hello world	Thread-2146	5

time: 946687246.699561
diff: 19.3004390001297
waiting
going to web site
Hello world	Thread-2242	6

time: 946687266.5350649
diff: 16.464935064315796
waiting
going to web site
Hello world	Thread-2320	6

time: 946687283.5350649
diff: 15.464935064315796
waiting
going to web site
Hello world	Thread-2389	4

time: 946687299.5350649
diff: 16.464935064315796
waiting
going to web site
Hello world	Thread-2465	3

time: 946687316.5350649
diff: 36.464935064315796
waiting
going to web site
Hello world	Thread-2621	7

time: 946687353.526065
diff: 18.47393500804901
waiting
going to web site
Hello world	Thread-2709	6

time: 946687372.5270649
diff: 18.47293508052826
waiting
going to web site
Hello world	Thread-2796	3

time: 946687391.5350649
diff: 31.464935064315796
waiting
going to web site
Hello world	Thread-2931	5

time: 946687423.544065
diff: 13.455935001373291
waiting
going to web site
Hello world	Thread-2990	3

time: 946687437.544065
diff: 37.45593500137329
waiting
going to web site
Hello world	Thread-3160	2

time: 946687475.526065
diff: 19.47393500804901
waiting
going to web site
Hello world	Thread-3247	2

time: 946687495.5350649
diff: 23.464935064315796
waiting
going to web site
Hello world	Thread-3349	5

time: 946687519.544065
diff: 16.45593500137329
waiting
going to web site
Hello world	Thread-3428	4

time: 946687536.544065
diff: 37.45593500137329
waiting
going to web site
Hello world	Thread-3592	7

time: 946687574.544209
diff: 17.455790996551514
waiting
going to web site
Hello world	Thread-3665	3

time: 946687592.526064
diff: 17.473935961723328
waiting
going to web site
Hello world	Thread-3745	4

time: 946687610.526064
diff: 17.473935961723328
waiting
going to web site
Hello world	Thread-3825	5

time: 946687628.5350641
diff: 17.464935898780823
waiting
going to web site
Hello world	Thread-3896	5

time: 946687646.5350641
diff: 21.464935898780823
waiting
going to web site
Hello world	Thread-3992	6

time: 946687668.5350641
diff: 29.464935898780823
waiting
going to web site
Hello world	Thread-4135	7

time: 946687698.5345191
diff: 5.465480923652649
waiting
going to web site
Hello world	Thread-4159	2

time: 946687704.526064
diff: 24.473935961723328
waiting
going to web site
Hello world	Thread-4270	6

time: 946687729.5294169
diff: 16.470583081245422
waiting
going to web site
Hello world	Thread-4343	7

time: 946687746.5294169
diff: 36.47058308124542
waiting
going to web site
Hello world	Thread-4515	3

time: 946687783.544065
diff: 24.45593500137329
waiting
going to web site
Hello world	Thread-4624	5

time: 946687808.5357369
diff: 21.464263081550598
waiting
going to web site
Hello world	Thread-4724	5

time: 946687830.544417
diff: 19.455582976341248
waiting
going to web site
Hello world	Thread-4813	3

time: 946687850.526064
diff: 19.473935961723328
waiting
going to web site
Hello world	Thread-4904	3

time: 946687870.841865
diff: 33.15813505649567
waiting
going to web site
Hello world	Thread-5065	2

time: 946687905.841833
diff: 15.158167004585266
waiting
going to web site
Hello world	Thread-5143	2

time: 946687922.841833
diff: 14.158167004585266
waiting
going to web site
Hello world	Thread-5211	3

time: 946687937.832833
diff: 4.1671669483184814
waiting
going to web site
Hello world	Thread-5234	5

time: 946687942.832832
diff: 26.167168021202087
waiting
going to web site
Hello world	Thread-5362	5

time: 946687969.832833
diff: 23.16716694831848
waiting
going to web site
Hello world	Thread-5480	3

time: 946687993.832832
diff: 28.167168021202087
waiting
going to web site
Hello world	Thread-5609	3

time: 946688022.841833
diff: 19.158167004585266
waiting
going to web site
Hello world	Thread-5699	2

time: 946688042.842833
diff: 19.157166957855225
waiting
going to web site
Hello world	Thread-5783	6

time: 946688062.832832
diff: 19.167168021202087
waiting
going to web site
Hello world	Thread-5879	4

time: 946688082.845921
diff: 39.1540789604187
waiting
going to web site
Hello world	Thread-6049	5

time: 946688122.832832
diff: 16.167168021202087
waiting
going to web site
Hello world	Thread-6122	4

time: 946688139.84748
diff: 21.152519941329956
waiting
going to web site
Hello world	Thread-6213	4

time: 946688161.832832
diff: 27.167168021202087
waiting
going to web site
Hello world	Thread-6333	3

time: 946688189.832833
diff: 31.16716694831848
waiting
going to web site
Hello world	Thread-6478	5

time: 946688221.832832
diff: 23.167168021202087
waiting
going to web site
Hello world	Thread-6583	3

time: 946688245.841833
diff: 22.158167004585266
waiting
going to web site
Hello world	Thread-6683	3

time: 946688268.840101
diff: 9.15989899635315
waiting
going to web site
Hello world	Thread-6727	3

time: 946688278.832832
diff: 27.167168021202087
waiting
going to web site
Hello world	Thread-6849	4

time: 946688306.841833
diff: 18.158167004585266
waiting
going to web site
Hello world	Thread-6940	3

time: 946688325.841833
diff: 13.158167004585266
waiting
going to web site
Hello world	Thread-6996	3

time: 946688339.832833
diff: 14.167166948318481
waiting
going to web site
Hello world	Thread-7059	5

time: 946688354.832832
diff: 27.167168021202087
waiting
going to web site
Hello world	Thread-7186	5

time: 946688382.832833
diff: 17.16716694831848
waiting
going to web site
Hello world	Thread-7265	3

time: 946688400.832832
diff: 21.167168021202087
waiting
going to web site
Hello world	Thread-7367	3

time: 946688422.841833
diff: 26.158167004585266
waiting
going to web site
Hello world	Thread-7486	2

time: 946688449.841833
diff: 15.158167004585266
waiting
going to web site
Hello world	Thread-7555	2

time: 946688465.832833
diff: 28.16716694831848
waiting
going to web site
Hello world	Thread-7682	4

time: 946688494.6995599
diff: 29.300440073013306
waiting
going to web site
Hello world	Thread-7816	3

time: 946688524.699561
diff: 30.3004390001297
waiting
going to web site
Hello world	Thread-7947	7

time: 946688555.699561
diff: 24.3004390001297
waiting
going to web site
Hello world	Thread-8061	4

time: 946688580.699561
diff: 21.3004390001297
waiting
going to web site
Hello world	Thread-8156	4

time: 946688602.699561
diff: 34.3004390001297
waiting
going to web site
Hello world	Thread-8311	5

time: 946688637.699561
diff: 14.3004390001297
waiting
going to web site
Hello world	Thread-8368	6

time: 946688652.699561
diff: 21.3004390001297
waiting
going to web site
Hello world	Thread-8464	4

time: 946688674.699561
diff: 30.3004390001297
waiting
going to web site
Hello world	Thread-8590	5

time: 946688705.699561
diff: 18.3004390001297
waiting
going to web site
Hello world	Thread-8671	3

time: 946688724.699561
diff: 22.3004390001297
waiting
going to web site
Hello world	Thread-8759	3

time: 946688747.707561
diff: 23.292438983917236
waiting
going to web site
Hello world	Thread-8851	4

time: 946688771.6995599
diff: 29.300440073013306
waiting
going to web site
Hello world	Thread-8970	7

time: 946688801.699561
diff: 28.3004390001297
waiting
going to web site
Hello world	Thread-9087	5

time: 946688830.699561
diff: 14.3004390001297
waiting
going to web site
Hello world	Thread-9153	6

time: 946688845.699561
diff: 13.3004390001297
waiting
going to web site
Hello world	Thread-9214	4

time: 946688859.699561
diff: 34.3004390001297
waiting
going to web site
Hello world	Thread-9373	2

time: 946688894.699561
diff: 15.3004390001297
waiting
going to web site
Hello world	Thread-9429	3

time: 946688910.699561
diff: 11.3004390001297
waiting
going to web site
Hello world	Thread-9489	2

time: 946688922.699561
diff: 27.3004390001297
waiting
going to web site
Hello world	Thread-9601	5

time: 946688950.699561
diff: 15.3004390001297
waiting
going to web site
Hello world	Thread-9680	2

time: 946688966.699561
diff: 28.3004390001297
waiting
going to web site
Hello world	Thread-9814	5

time: 946688995.699561
diff: 10.3004390001297
waiting
going to web site
Hello world	Thread-9873	3

time: 946689006.699561
diff: 17.3004390001297
waiting
going to web site
Hello world	Thread-9952	3

time: 946689024.7085611
diff: 20.291438937187195
waiting
going to web site
Hello world	Thread-10041	5

time: 946689045.6995599
diff: 32.300440073013306
waiting
going to web site
Hello world	Thread-10201	5

time: 946689078.699561
diff: 8.3004390001297
waiting
going to web site
Hello world	Thread-10245	4

time: 946689087.699561
diff: 32.3004390001297
waiting
going to web site
Hello world	Thread-10387	6

time: 946689120.541065
diff: 21.458935022354126
waiting
going to web site
Hello world	Thread-10497	7

time: 946689142.544065
diff: 17.45593500137329
waiting
going to web site
Hello world	Thread-10575	7

time: 946689160.5350649
diff: 17.464935064315796
waiting
going to web site
Hello world	Thread-10664	6

time: 946689178.5350649
diff: 22.464935064315796
waiting
going to web site
Hello world	Thread-10784	6

time: 946689201.544065
diff: 9.455935001373291
waiting
going to web site
Hello world	Thread-10827	3

time: 946689211.535797
diff: 27.464203000068665
waiting
going to web site
Hello world	Thread-10959	6

time: 946689239.544065
diff: 12.455935001373291
waiting
going to web site
Hello world	Thread-11027	2

time: 946689252.535473
diff: 26.464527010917664
waiting
going to web site
Hello world	Thread-11149	6

time: 946689279.531065
diff: 35.46893501281738
waiting
going to web site
Hello world	Thread-11324	6

time: 946689315.544065
diff: 22.45593500137329
waiting
going to web site
Hello world	Thread-11434	7

time: 946689338.540065
diff: 10.459934949874878
waiting
going to web site
Hello world	Thread-11480	5

time: 946689349.5350641
diff: 25.464935898780823
waiting
going to web site
Hello world	Thread-11608	5

time: 946689375.5350641
diff: 6.464935898780823
waiting
going to web site
Hello world	Thread-11635	5

time: 946689382.5350641
diff: 25.464935898780823
waiting
going to web site
Hello world	Thread-11756	6

time: 946689408.5350641
diff: 26.464935898780823
waiting
going to web site
Hello world	Thread-11883	5

time: 946689435.535516
diff: 33.464483976364136
waiting
going to web site
Hello world	Thread-12028	5

time: 946689469.5350641
diff: 14.464935898780823
waiting
going to web site
Hello world	Thread-12105	4

time: 946689484.5350641
diff: 29.464935898780823
waiting
going to web site
Hello world	Thread-12234	4

time: 946689514.5350641
diff: 20.464935898780823
waiting
going to web site
Hello world	Thread-12329	7

time: 946689535.5296241
diff: 17.470375895500183
waiting
going to web site
Hello world	Thread-12416	7

time: 946689553.5270641
diff: 11.472935914993286
waiting
going to web site
Hello world	Thread-12475	5

time: 946689565.5350641
diff: 26.464935898780823
waiting
going to web site
Hello world	Thread-12592	5

time: 946689592.5350641
diff: 32.46493589878082
waiting
going to web site
Hello world	Thread-12737	4

time: 946689625.526064
diff: 3.4739359617233276
waiting
going to web site
Hello world	Thread-12756	7

time: 946689629.5350641
diff: 25.464935898780823
waiting
going to web site
Hello world	Thread-12874	6

time: 946689655.5350641
diff: 26.464935898780823
waiting
going to web site
Hello world	Thread-13011	7

time: 946689682.526064
diff: 5.473935961723328
waiting
going to web site
Hello world	Thread-13039	6

time: 946689688.5350641
diff: 22.464935898780823
waiting
going to web site
Hello world	Thread-13137	6

time: 946689711.5350641
diff: 29.464935898780823
waiting
going to web site
Hello world	Thread-13270	6

time: 946689741.7205839
diff: 21.27941608428955
waiting
going to web site
Hello world	Thread-13379	5

time: 946689763.732585
diff: 28.267415046691895
waiting
going to web site
Hello world	Thread-13509	2

time: 946689792.732585
diff: 13.267415046691895
waiting
going to web site
Hello world	Thread-13569	5

time: 946689806.732325
diff: 26.267675042152405
waiting
going to web site
Hello world	Thread-13693	4

time: 946689833.732325
diff: 20.267675042152405
waiting
going to web site
Hello world	Thread-13802	3

time: 946689854.720585
diff: 24.279415011405945
waiting
going to web site
Hello world	Thread-13915	3

time: 946689879.730302
diff: 16.26969802379608
waiting
going to web site
Hello world	Thread-13987	4

time: 946689896.729585
diff: 37.27041494846344
waiting
going to web site
Hello world	Thread-14154	3

time: 946689934.7205839
diff: 22.27941608428955
waiting
going to web site
Hello world	Thread-14259	3

time: 946689957.732585
diff: 29.267415046691895
waiting
going to web site
Hello world	Thread-14387	6

time: 946689987.729585
diff: 17.27041494846344
waiting
going to web site
Hello world	Thread-14465	7

time: 946690005.7205839
diff: 15.27941608428955
waiting
going to web site
Hello world	Thread-14535	4

time: 946690021.732585
diff: 17.267415046691895
waiting
going to web site
Hello world	Thread-14610	5

time: 946690039.747585
diff: 20.25241494178772
waiting
going to web site
Hello world	Thread-14702	5

time: 946690060.729584
diff: 26.270416021347046
waiting
going to web site
Hello world	Thread-14814	4

time: 946690087.732325
diff: 22.267675042152405
waiting
going to web site
Hello world	Thread-14916	5

time: 946690110.720585
diff: 38.279415011405945
waiting
going to web site
Hello world	Thread-15075	5

time: 946690149.720585
diff: 8.279415011405945
waiting
going to web site
Hello world	Thread-15116	3

time: 946690158.720585
diff: 31.279415011405945
waiting
going to web site
Hello world	Thread-15249	4

time: 946690190.732585
diff: 15.267415046691895
waiting
going to web site
Hello world	Thread-15324	4

time: 946690206.732417
diff: 18.26758301258087
waiting
going to web site
Hello world	Thread-15403	5

time: 946690225.732585
diff: 27.267415046691895
waiting
going to web site
Hello world	Thread-15522	3

time: 946690253.720585
diff: 15.279415011405945
waiting
going to web site
Hello world	Thread-15599	5

time: 946690269.732585
diff: 35.267415046691895
waiting
going to web site
Hello world	Thread-15753	2

time: 946690305.729585
diff: 10.27041494846344
waiting
going to web site
Hello world	Thread-15804	4

time: 946690316.7205839
diff: 30.27941608428955
waiting
going to web site
Hello world	Thread-15930	4

time: 946690347.544065
diff: 26.45593500137329
waiting
going to web site
Hello world	Thread-16048	4

time: 946690374.540065
diff: 20.459934949874878
waiting
going to web site
Hello world	Thread-16139	5

time: 946690395.5350641
diff: 32.46493589878082
waiting
going to web site
Hello world	Thread-16279	4

time: 946690428.5350641
diff: 7.464935898780823
waiting
going to web site
Hello world	Thread-16317	5

time: 946690436.5350641
diff: 25.464935898780823
waiting
going to web site
Hello world	Thread-16430	3

time: 946690462.526064
diff: 16.473935961723328
waiting
going to web site
Hello world	Thread-16505	6

time: 946690479.5350641
diff: 25.464935898780823
waiting
going to web site
Hello world	Thread-16616	4

time: 946690505.5350641
diff: 16.464935898780823
waiting
going to web site
Hello world	Thread-16688	7

time: 946690522.530064
diff: 25.46993601322174
waiting
going to web site
Hello world	Thread-16805	4

time: 946690548.5350649
diff: 30.464935064315796
waiting
going to web site
Hello world	Thread-16944	5

time: 946690579.544065
diff: 17.45593500137329
waiting
going to web site
Hello world	Thread-17022	7

time: 946690597.542065
diff: 30.457934975624084
waiting
going to web site
Hello world	Thread-17151	6

time: 946690628.5350641
diff: 28.464935898780823
waiting
going to web site
Hello world	Thread-17271	7

time: 946690657.5350641
diff: 20.464935898780823
waiting
going to web site
Hello world	Thread-17358	7

time: 946690678.5350641
diff: 15.464935898780823
waiting
going to web site
Hello world	Thread-17437	2

time: 946690694.526064
diff: 17.473935961723328
waiting
going to web site
Hello world	Thread-17512	4

time: 946690712.5350641
diff: 25.464935898780823
waiting
going to web site
Hello world	Thread-17626	7

time: 946690738.526064
diff: 35.47393596172333
waiting
going to web site
Hello world	Thread-17788	4

time: 946690774.5350641
diff: 21.464935898780823
waiting
going to web site
Hello world	Thread-17879	7

time: 946690796.5294169
diff: 16.470583081245422
waiting
going to web site
Hello world	Thread-17951	4

time: 946690813.526065
diff: 26.47393500804901
waiting
going to web site
Hello world	Thread-18067	3

time: 946690840.544065
diff: 17.45593500137329
waiting
going to web site
Hello world	Thread-18134	4

time: 946690858.5350649
diff: 31.464935064315796
waiting
going to web site
Hello world	Thread-18279	5

time: 946690890.544065
diff: 19.45593500137329
waiting
going to web site
Hello world	Thread-18361	4

time: 946690910.5451919
diff: 16.454808115959167
waiting
going to web site
Hello world	Thread-18424	6

time: 946690927.540065
diff: 24.459934949874878
waiting
going to web site
Hello world	Thread-18538	3

time: 946690952.832832
diff: 30.167168021202087
waiting
going to web site
Hello world	Thread-18679	2

time: 946690984.841833
diff: 7.158167004585266
waiting
going to web site
Hello world	Thread-18713	3

time: 946690992.832833
diff: 34.16716694831848
waiting
going to web site
Hello world	Thread-18865	4

time: 946691027.841833
diff: 17.158167004585266
waiting
going to web site
Hello world	Thread-18948	3

time: 946691045.845833
diff: 18.15416705608368
waiting
going to web site
Hello world	Thread-19037	2

time: 946691065.841833
diff: 14.158167004585266
waiting
going to web site
Hello world	Thread-19102	3

time: 946691080.842833
diff: 15.157166957855225
waiting
going to web site
Hello world	Thread-19170	2

time: 946691096.840832
diff: 15.159168004989624
waiting
going to web site
Hello world	Thread-19240	4

time: 946691112.841833
diff: 32.158167004585266
waiting
going to web site
Hello world	Thread-19384	3

time: 946691145.832833
diff: 22.16716694831848
waiting
going to web site
Hello world	Thread-19489	3

time: 946691168.832832
diff: 15.167168021202087
waiting
going to web site
Hello world	Thread-19559	2

time: 946691184.832833
diff: 26.16716694831848
waiting
going to web site
Hello world	Thread-19683	4

time: 946691211.835833
diff: 27.164167046546936
waiting
going to web site
Hello world	Thread-19825	2

time: 946691240.841833
diff: 14.158167004585266
waiting
going to web site
Hello world	Thread-19894	4

time: 946691255.841833
diff: 6.158167004585266
waiting
going to web site
Hello world	Thread-19923	2

time: 946691262.841833
diff: 28.158167004585266
waiting
going to web site
Hello world	Thread-20063	2

time: 946691291.852057
diff: 17.147943019866943
waiting
going to web site
Hello world	Thread-20145	3

time: 946691310.841833
diff: 10.158167004585266
waiting
going to web site
Hello world	Thread-20198	2

time: 946691321.841833
diff: 37.158167004585266
waiting
going to web site
Hello world	Thread-20370	3

time: 946691359.832833
diff: 18.16716694831848
waiting
going to web site
Hello world	Thread-20475	5

time: 946691378.836832
diff: 19.16316795349121
waiting
going to web site
Hello world	Thread-20579	6

time: 946691398.832832
diff: 18.167168021202087
waiting
going to web site
Hello world	Thread-20670	2

time: 946691417.841833
diff: 13.158167004585266
waiting
going to web site
Hello world	Thread-20731	3

time: 946691431.841833
diff: 21.158167004585266
waiting
going to web site
Hello world	Thread-20837	3

time: 946691453.832833
diff: 24.16716694831848
waiting
going to web site
Hello world	Thread-20953	3

time: 946691478.832832
diff: 16.167168021202087
waiting
going to web site
Hello world	Thread-21030	4

time: 946691495.832833
diff: 33.16716694831848
waiting
going to web site
Hello world	Thread-21194	4

time: 946691529.832832
diff: 31.167168021202087
waiting
going to web site
Hello world	Thread-21338	4

time: 946691561.839713
diff: 13.160287022590637
waiting
going to web site
Hello world	Thread-21403	3

time: 946691575.839713
diff: 30.160287022590637
waiting
going to web site
Hello world	Thread-21545	2

time: 946691606.8521941
diff: 29.14780592918396
waiting
going to web site
Hello world	Thread-21679	3

time: 946691636.837712
diff: 11.162287950515747
waiting
going to web site
Hello world	Thread-21731	4

time: 946691648.839712
diff: 12.160287976264954
waiting
going to web site
Hello world	Thread-21790	2

time: 946691661.8367119
diff: 30.163288116455078
waiting
going to web site
Hello world	Thread-21926	3

time: 946691692.836713
diff: 21.163287043571472
waiting
going to web site
Hello world	Thread-22024	2

time: 946691714.836713
diff: 22.163287043571472
waiting
going to web site
Hello world	Thread-22119	3

time: 946691737.844713
diff: 24.15528702735901
waiting
going to web site
Hello world	Thread-22233	5

time: 946691762.836713
diff: 27.163287043571472
waiting
going to web site
Hello world	Thread-22353	2

time: 946691790.836713
diff: 15.163287043571472
waiting
going to web site
Hello world	Thread-22421	4

time: 946691806.836713
diff: 13.163287043571472
waiting
going to web site
Hello world	Thread-22487	3

time: 946691820.836713
diff: 28.163287043571472
waiting
going to web site
Hello world	Thread-22606	4

time: 946691849.8387129
diff: 20.16128706932068
waiting
going to web site
Hello world	Thread-22698	6

time: 946691870.836713
diff: 27.163287043571472
waiting
going to web site
Hello world	Thread-22830	3

time: 946691898.836713
diff: 19.163287043571472
waiting
going to web site
Hello world	Thread-22918	3

time: 946691918.836713
diff: 20.163287043571472
waiting
going to web site
Hello world	Thread-23006	4

time: 946691939.836713
diff: 18.163287043571472
waiting
going to web site
Hello world	Thread-23108	3

time: 946691958.836713
diff: 20.163287043571472
waiting
going to web site
Hello world	Thread-23198	4

time: 946691979.836713
diff: 25.163287043571472
waiting
going to web site
Hello world	Thread-23323	3

time: 946692005.839713
diff: 9.160287022590637
waiting
going to web site
Hello world	Thread-23372	2

time: 946692015.836713
diff: 9.163287043571472
waiting
going to web site
Hello world	Thread-23415	4

time: 946692025.836713
diff: 19.163287043571472
waiting
going to web site
Hello world	Thread-23512	4

time: 946692045.836713
diff: 24.163287043571472
waiting
going to web site
Hello world	Thread-23639	2

time: 946692070.836713
diff: 24.163287043571472
waiting
going to web site
Hello world	Thread-23754	5

time: 946692095.836713
diff: 28.163287043571472
waiting
going to web site
Hello world	Thread-23894	3

time: 946692124.836713
diff: 18.163287043571472
waiting
going to web site
Hello world	Thread-23989	2

time: 946692144.845713
diff: 18.154286980628967
waiting
going to web site
Hello world	Thread-24071	7

time: 946692163.5350641
diff: 35.46493589878082
waiting
going to web site
Hello world	Thread-24231	6

time: 946692199.5350641
diff: 22.464935898780823
waiting
going to web site
Hello world	Thread-24345	7

time: 946692222.5294169
diff: 13.470583081245422
waiting
going to web site
Hello world	Thread-24401	6

time: 946692236.544065
diff: 21.45593500137329
waiting
going to web site
Hello world	Thread-24503	5

time: 946692258.5448971
diff: 23.455102920532227
waiting
going to web site
Hello world	Thread-24615	7

time: 946692282.5350641
diff: 30.464935898780823
waiting
going to web site
Hello world	Thread-24746	6

time: 946692313.526064
diff: 29.473935961723328
waiting
going to web site
Hello world	Thread-24877	7

time: 946692343.5270649
diff: 12.47293508052826
waiting
going to web site
Hello world	Thread-24933	6

time: 946692356.544065
diff: 19.45593500137329
waiting
going to web site
Hello world	Thread-25027	3

time: 946692376.526065
diff: 37.47393500804901
waiting
going to web site
Hello world	Thread-25180	3

time: 946692414.526065
diff: 13.473935008049011
waiting
going to web site
Hello world	Thread-25238	6

time: 946692428.5350649
diff: 26.464935064315796
waiting
going to web site
Hello world	Thread-25350	5

time: 946692455.5300651
diff: 23.469934940338135
waiting
going to web site
Hello world	Thread-25457	4

time: 946692479.526064
diff: 22.473935961723328
waiting
going to web site
Hello world	Thread-25548	5

time: 946692502.5350641
diff: 22.464935898780823
waiting
going to web site
Hello world	Thread-25643	5

time: 946692525.5345191
diff: 17.46548092365265
waiting
going to web site
Hello world	Thread-25718	6

time: 946692543.5345191
diff: 35.46548092365265
waiting
going to web site
Hello world	Thread-25877	7

time: 946692579.5350641
diff: 25.464935898780823
waiting
going to web site
Hello world	Thread-25986	7

time: 946692605.526064
diff: 7.473935961723328
waiting
going to web site
Hello world	Thread-26015	6

time: 946692613.5350641
diff: 18.464935898780823
waiting
going to web site
Hello world	Thread-26096	4

