time: 946686600.0
diff: 0.0
going to web site
Hello world	Thread-59	5

time: 946686663.849684
diff: 56.15031599998474
waiting
going to web site
Hello world	Thread-104	2

time: 946686735.849684
diff: 45.15031599998474
waiting
going to web site
Hello world	Thread-127	2

time: 946686782.849684
diff: 118.15031599998474
waiting
going to web site
Hello world	Thread-201	3

time: 946686904.849684
diff: 56.15031599998474
waiting
going to web site
Hello world	Thread-237	2

time: 946686968.8496841
diff: 112.15031588077545
waiting
going to web site
Hello world	Thread-303	3

time: 946687096.8496841
diff: 44.15031588077545
waiting
going to web site
Hello world	Thread-335	2

time: 946687148.8586841
diff: 52.141315937042236
waiting
going to web site
Hello world	Thread-361	4

time: 946687208.677364
diff: 113.32263600826263
waiting
going to web site
Hello world	Thread-413	4

time: 946687323.6593649
diff: 58.34063506126404
waiting
going to web site
Hello world	Thread-451	2

time: 946687383.667365
diff: 58.332635045051575
waiting
going to web site
Hello world	Thread-495	4

time: 946687445.6593652
diff: 116.34063482284546
waiting
going to web site
Hello world	Thread-546	4

time: 946687563.658364
diff: 118.3416359424591
waiting
going to web site
Hello world	Thread-616	6

time: 946687685.649364
diff: 56.35063600540161
waiting
going to web site
Hello world	Thread-658	3

time: 946687749.658365
diff: 52.34163498878479
waiting
going to web site
Hello world	Thread-680	7

time: 946687809.659364
diff: 113.34063601493835
waiting
going to web site
Hello world	Thread-748	4

time: 946687924.667365
diff: 118.33263504505157
waiting
going to web site
Hello world	Thread-812	4

time: 946688044.667365
diff: 118.33263504505157
waiting
going to web site
Hello world	Thread-887	7

time: 946688170.659364
diff: 52.340636014938354
waiting
going to web site
Hello world	Thread-918	2

time: 946688226.668364
diff: 116.33163595199585
waiting
going to web site
Hello world	Thread-965	4

