time: 946686600.0
diff: 0.0
going to web site
Hello world	Thread-6	8

time: 946686600.6587939
diff: 119.34120607376099
waiting
going to web site
Hello world	Thread-68	6

time: 946686720.666575
diff: 60.33342504501343
waiting
going to web site
Hello world	Thread-119	5

time: 946686781.686794
diff: 119.31320595741272
waiting
going to web site
Hello world	Thread-189	5

time: 946686902.6695601
diff: 118.33043992519379
waiting
going to web site
Hello world	Thread-249	7

time: 946687021.6673641
diff: 119.3326358795166
waiting
going to web site
Hello world	Thread-327	5

time: 946687144.6763641
diff: 116.32363593578339
waiting
going to web site
Hello world	Thread-373	3

time: 946687261.6601361
diff: 59.339863896369934
waiting
going to web site
Hello world	Thread-424	5

time: 946687328.656908
diff: 53.34309196472168
waiting
going to web site
Hello world	Thread-441	6

time: 946687382.646908
diff: 59.35309195518494
waiting
going to web site
Hello world	Thread-496	3

time: 946687445.6689091
diff: 116.33109092712402
waiting
going to web site
Hello world	Thread-558	7

time: 946687569.656908
diff: 112.34309196472168
waiting
going to web site
Hello world	Thread-602	7

time: 946687682.646908
diff: 119.35309195518494
waiting
going to web site
Hello world	Thread-690	3

time: 946687817.668908
diff: 44.33109200000763
waiting
going to web site
Hello world	Thread-721	7

time: 946687869.659364
diff: 53.340636014938354
waiting
going to web site
Hello world	Thread-758	4

time: 946687926.658365
diff: 56.34163498878479
waiting
going to web site
Hello world	Thread-792	5

time: 946687986.677365
diff: 116.32263505458832
waiting
going to web site
Hello world	Thread-847	2

time: 946688104.658364
diff: 58.341635942459106
waiting
going to web site
Hello world	Thread-879	2

time: 946688164.658364
diff: 118.3416359424591
waiting
going to web site
Hello world	Thread-945	6

time: 946688286.658364
diff: 56.341635942459106
waiting
going to web site
Hello world	Thread-968	5

