time: 946686600.0
diff: 0.0
going to web site
Hello world	Thread-147	2

time: 946686735.909231
diff: -75.9092309474945
going to web site
Hello world	Thread-153	2

time: 946686736.602463
diff: 43.39753699302673
waiting
going to web site
Hello world	Thread-341	2

time: 946686900.978353
diff: 0.021646976470947266
waiting
going to web site
Hello world	Thread-485	3

time: 946687021.822398
diff: -60.8223979473114
going to web site
Hello world	Thread-487	2

time: 946687022.4030541
diff: -1.403054118156433
going to web site
Hello world	Thread-494	2

time: 946687022.98371
diff: 118.01628994941711
waiting
going to web site
Hello world	Thread-712	5

time: 946687261.879674
diff: -60.87967395782471
going to web site
Hello world	Thread-717	11

time: 946687262.46333
diff: 58.536669969558716
waiting
going to web site
Hello world	Thread-855	3

time: 946687352.590656
diff: 29.409343957901
waiting
going to web site
Hello world	Thread-898	3

time: 946687385.586657
diff: 116.41334295272827
waiting
going to web site
Hello world	Thread-1052	2

time: 946687509.590656
diff: 112.409343957901
waiting
going to web site
Hello world	Thread-1148	5

time: 946687623.595451
diff: 58.4045490026474
waiting
going to web site
Hello world	Thread-1250	2

time: 946687713.600398
diff: 88.39960205554962
waiting
going to web site
Hello world	Thread-1393	2

time: 946687833.590656
diff: 88.409343957901
waiting
going to web site
Hello world	Thread-1460	7

time: 946687922.587656
diff: 120.41234397888184
waiting
going to web site
Hello world	Thread-1635	7

time: 946688044.582656
diff: 118.41734397411346
waiting
going to web site
Hello world	Thread-1739	7

time: 946688163.587656
diff: 119.41234397888184
waiting
going to web site
Hello world	Thread-1894	7

