time: 946686600.0
diff: 0.0
going to web site
Hello world	Thread-7	7

time: 946686601.580656
diff: 118.41934394836426
waiting
going to web site
Hello world	Thread-118	7

time: 946686727.594573
diff: 112.40542697906494
waiting
going to web site
Hello world	Thread-309	4

time: 946686847.596656
diff: 53.40334403514862
waiting
going to web site
Hello world	Thread-375	5

time: 946686908.590656
diff: 112.409343957901
waiting
going to web site
Hello world	Thread-482	4

time: 946687021.59157
diff: 119.40842998027802
waiting
going to web site
Hello world	Thread-638	6

time: 946687156.590656
diff: 104.409343957901
waiting
going to web site
Hello world	Thread-744	7

time: 946687264.584656
diff: 56.41534399986267
waiting
going to web site
Hello world	Thread-930	5

time: 946687441.868398
diff: -0.8683979511260986
going to web site
Hello world	Thread-936	11

time: 946687442.4580541
diff: 59.541945934295654
waiting
going to web site
Hello world	Thread-1062	2

time: 946687517.590656
diff: 44.409343957901
waiting
going to web site
Hello world	Thread-1094	6

time: 946687565.580656
diff: 56.41934394836426
waiting
going to web site
Hello world	Thread-1258	7

time: 946687742.889778
diff: -60.88977801799774
going to web site
Hello world	Thread-1264	9

time: 946687743.482434
diff: 58.517565965652466
waiting
going to web site
Hello world	Thread-1381	2

time: 946687809.590656
diff: 112.409343957901
waiting
going to web site
Hello world	Thread-1463	4

time: 946687922.587656
diff: 60.412343978881836
waiting
going to web site
Hello world	Thread-1578	2

time: 946687986.5896571
diff: 56.41034293174744
waiting
going to web site
Hello world	Thread-1671	4

time: 946688058.592656
diff: 104.40734398365021
waiting
going to web site
Hello world	Thread-1742	4

time: 946688163.587656
diff: 119.41234397888184
waiting
going to web site
Hello world	Thread-1895	6

time: 946688290.590656
diff: 52.409343957901
waiting
going to web site
Hello world	Thread-1953	6

