time: 946686600.0
diff: 0.0
going to web site
Hello world	Thread-62	2

time: 946686663.849684
diff: -3.849684000015259
going to web site
Hello world	Thread-63	2

time: 946686664.6993681
diff: 115.30063188076019
waiting
going to web site
Hello world	Thread-140	3

time: 946686795.849684
diff: 105.15031599998474
waiting
going to web site
Hello world	Thread-202	2

time: 946686904.849684
diff: 56.15031599998474
waiting
going to web site
Hello world	Thread-238	3

time: 946686976.854684
diff: 44.14531600475311
waiting
going to web site
Hello world	Thread-270	2

time: 946687028.858685
diff: 52.14131498336792
waiting
going to web site
Hello world	Thread-305	2

time: 946687112.858685
diff: 28.14131498336792
waiting
going to web site
Hello world	Thread-334	3

time: 946687148.849684
diff: 112.15031599998474
waiting
going to web site
Hello world	Thread-391	3

time: 946687264.668364
diff: 117.33163595199585
waiting
going to web site
Hello world	Thread-443	3

time: 946687382.6667511
diff: 59.33324885368347
waiting
going to web site
Hello world	Thread-483	4

time: 946687443.6673651
diff: 118.33263492584229
waiting
going to web site
Hello world	Thread-539	5

time: 946687562.658364
diff: 59.341635942459106
waiting
going to web site
Hello world	Thread-575	2

time: 946687622.658364
diff: 59.341635942459106
waiting
going to web site
Hello world	Thread-626	2

time: 946687689.668364
diff: 112.33163595199585
waiting
going to web site
Hello world	Thread-662	6

time: 946687802.665364
diff: 59.334635972976685
waiting
going to web site
Hello world	Thread-732	2

time: 946687877.8886801
diff: 105.11131989955902
waiting
going to web site
Hello world	Thread-795	2

time: 946687986.8786801
diff: 116.12131989002228
waiting
going to web site
Hello world	Thread-863	2

time: 946688118.87568
diff: 44.1243200302124
waiting
going to web site
Hello world	Thread-898	2

time: 946688178.8806801
diff: 44.119319915771484
waiting
going to web site
Hello world	Thread-928	2

time: 946688238.87968
diff: 44.120319962501526
waiting
going to web site
Hello world	Thread-961	2

