time: 946686600.0
diff: 0.0
going to web site
Hello world	Thread-85	4

time: 946686721.793921
diff: -61.79392099380493
going to web site
Hello world	Thread-91	4

time: 946686722.380577
diff: -1.3805769681930542
going to web site
Hello world	Thread-99	2

time: 946686722.961233
diff: 58.038766980171204
waiting
going to web site
Hello world	Thread-188	2

time: 946686782.5896561
diff: 58.41034388542175
waiting
going to web site
Hello world	Thread-314	5

time: 946686848.5856571
diff: 112.41434288024902
waiting
going to web site
Hello world	Thread-438	6

time: 946686964.585656
diff: 116.41434395313263
waiting
going to web site
Hello world	Thread-553	7

time: 946687084.580656
diff: 116.41934394836426
waiting
going to web site
Hello world	Thread-692	6

time: 946687216.590656
diff: 45.409343957901
waiting
going to web site
Hello world	Thread-742	2

time: 946687263.600657
diff: 58.39934301376343
waiting
going to web site
Hello world	Thread-820	4

time: 946687323.607124
diff: 118.39287602901459
waiting
going to web site
Hello world	Thread-972	3

time: 946687445.588657
diff: 116.41134297847748
waiting
going to web site
Hello world	Thread-1207	6

time: 946687682.904398
diff: -60.90439796447754
going to web site
Hello world	Thread-1213	9

time: 946687683.51002
diff: 58.4899799823761
waiting
going to web site
Hello world	Thread-1401	7

time: 946687862.9183202
diff: -59.918320178985596
going to web site
Hello world	Thread-1408	9

time: 946687863.5076561
diff: -0.5076560974121094
going to web site
Hello world	Thread-1418	2

time: 946687864.108312
diff: 118.89168798923492
waiting
going to web site
Hello world	Thread-1576	4

time: 946687986.5896571
diff: 56.41034293174744
waiting
going to web site
Hello world	Thread-1647	7

time: 946688046.582656
diff: 116.41734397411346
waiting
going to web site
Hello world	Thread-1741	5

time: 946688163.587656
diff: 59.412343978881836
waiting
going to web site
Hello world	Thread-1853	4

time: 946688254.590656
diff: 29.409343957901
waiting
going to web site
Hello world	Thread-1881	7

