2023-05-17 18:44:15 1684349055.352580 [tornettools] [INFO] Logging system initialized! Logging events to stdout and to '/tordata/tornettools/experiment0-0.01/tornettools.generate.2023-05-17.18.44.15.log'
2023-05-17 18:44:15 1684349055.352685 [tornettools] [INFO] Seeded standard and numpy PRNGs with seed=161175619
2023-05-17 18:44:15 1684349055.352745 [tornettools] [INFO] The argument namespace is: Namespace(atlas_path=None, command='generate', do_trace=False, do_version=False, events_csv='BW,CIRC', exit_user_scale=1.0, formatter_class=<class '__main__.CustomHelpFormatter'>, func=<function generate at 0x7fcbebde5f80>, geoip_path=None, load_scale=1.0, network_info_path='/tordata/tornettools/networkinfo_staging.gml', network_scale=0.01, nprocesses=12, onion_service_user_scale=0.0, prefix='/tordata/tornettools/experiment0-0.01', process_scale=0.01, quiet=0, relay_info_path='/tordata/tornettools/relayinfo_staging_2020-11-01--2020-11-30.json', seed=161175619, server_scale=0.1, tmodel_git_path='/tordata/tornettools/tmodel-ccs2018.github.io', torexe='/usr/local/bin/tor', torgencertexe='/usr/local/bin/tor-gencert', torperf_num_exit=100, torperf_num_onion_service=0, user_info_path='/tordata/tornettools/userinfo_staging_2020-11-01--2020-11-30.json')
2023-05-17 18:44:15 1684349055.353202 [tornettools] [INFO] The platform is: Linux-6.2.6-76060206-generic-x86_64-with-Ubuntu-20.04-focal
2023-05-17 18:44:15 1684349055.353254 [tornettools] [INFO] System info: uname_result(system='Linux', node='df0f226aa66c', release='6.2.6-76060206-generic', version='#202303130630~1681329778~22.04~d824cd4 SMP PREEMPT_DYNAMIC Wed A', machine='x86_64', processor='x86_64')
2023-05-17 18:44:15 1684349055.423089 [tornettools] [INFO] Generating network using tor and tor-gencert at /usr/local/bin/tor and /usr/local/bin/tor-gencert
2023-05-17 18:44:15 1684349055.423220 [tornettools] [INFO] Copying atlas topology file (use the '-a/--atlas' option to disable)
2023-05-17 18:44:15 1684349055.435090 [tornettools] [INFO] Reading staged network info /tordata/tornettools/networkinfo_staging.gml
2023-05-17 18:44:15 1684349055.651140 [tornettools] [INFO] Finished reading staged network info
2023-05-17 18:44:15 1684349055.651237 [tornettools] [INFO] Sampling Tor relays now
2023-05-17 18:44:16 1684349056.032851 [tornettools] [INFO] A full Tor network has 6746 relays with total capacity of 665.7624219119999 Gbit/s
2023-05-17 18:44:16 1684349056.041822 [tornettools] [INFO] Bandwidth-weights (relevant ones) of a typical consensus:
2023-05-17 18:44:16 1684349056.041915 [tornettools] [INFO] Casename: Case 3a (E scarce), with: Wgg=6364.852292397946, Wgd=0, Wee=10000, Wed=10000, Wmg=3635.1477076020537, Wme=0, Wmd=0
2023-05-17 18:44:16 1684349056.041982 [tornettools] [INFO] 67 relays: relative position weights:
2023-05-17 18:44:16 1684349056.042016 [tornettools] [INFO] g: chosen=0.5435329998879289, target=0.5406677572639395, diff=0.0028652426239894613
2023-05-17 18:44:16 1684349056.042054 [tornettools] [INFO] e: chosen=0.04375879489188739, target=0.04665447646649799, diff=-0.0028956815746106063
2023-05-17 18:44:16 1684349056.042090 [tornettools] [INFO] ge: chosen=0.27150446170979636, target=0.26509144068409496, diff=0.006413021025701404
2023-05-17 18:44:16 1684349056.042134 [tornettools] [INFO] m: chosen=0.1412037435103874, target=0.1475863255854688, diff=-0.006382582075081411
2023-05-17 18:44:16 1684349056.042174 [tornettools] [INFO] The max weight divergence between positions is 0.006413021025701404
2023-05-17 18:44:16 1684349056.042221 [tornettools] [INFO] Renormalizing weights for scaled network using total weight=0.00959494926316873
2023-05-17 18:44:16 1684349056.042305 [tornettools] [INFO] Bandwidth-weights (relevant ones) of our scaled down consensus of 67 relays:
2023-05-17 18:44:16 1684349056.042344 [tornettools] [INFO] Casename: Case 3a (E scarce), with: Wgg=6298.943610962924, Wgd=0, Wee=10000, Wed=10000, Wmg=3701.056389037076, Wme=0, Wmd=0
2023-05-17 18:44:16 1684349056.042509 [tornettools] [INFO] Chose 67 of 6746 relays using scale factor 0.01
2023-05-17 18:44:16 1684349056.044479 [tornettools] [INFO] Generating Tor key material now, this may take awhile...
2023-05-17 18:44:17 1684349057.290738 [tornettools] [INFO] Generated fingerprints and keys for 70 Tor nodes (3 authorities and 67 relays)
2023-05-17 18:44:17 1684349057.857728 [tornettools] [INFO] Generating Clients
2023-05-17 18:44:17 1684349057.858048 [tornettools] [INFO] Privcount measurements scaled to 11121 Tor users, 7919 active and 2695 inactive
2023-05-17 18:44:17 1684349057.858092 [tornettools] [INFO] Privcount measurements scaled to 28809 exit circuits, 14919 active and 13275 inactive
2023-05-17 18:44:17 1684349057.863656 [tornettools] [INFO] We will use 100 TGen client processes to emulate 7523.05 Tor exit users and create 14900 exit circuits every 10 minutes in aggregate
2023-05-17 18:44:17 1684349057.863710 [tornettools] [INFO] We will use 0 TGen client processes to emulate 0.0 Tor onion-service users and create 0 onion-service circuits every 10 minutes in aggregate
2023-05-17 18:44:17 1684349057.864693 [tornettools] [INFO] We will use 100 exit perf nodes to benchmark Tor exit performance
2023-05-17 18:44:17 1684349057.864737 [tornettools] [INFO] We will use 0 onion-service perf nodes to benchmark Tor onion-service performance
2023-05-17 18:44:17 1684349057.864772 [tornettools] [INFO] Generating Servers
2023-05-17 18:44:17 1684349057.869931 [tornettools] [DEBUG] System call: /usr/local/bin/tor --version (runtime: 0.00)
2023-05-17 18:44:18 1684349058.020292 [tornettools] [DEBUG] GETCONF __owningcontrollerprocess (runtime: 0.0001)
2023-05-17 18:44:18 1684349058.021534 [tornettools] [DEBUG] RESETCONF __OwningControllerProcess (runtime: 0.0010)
2023-05-17 18:44:18 1684349058.021750 [tornettools] [DEBUG] GETINFO version (runtime: 0.0001)
2023-05-17 18:44:18 1684349058.022104 [tornettools] [INFO] Error while receiving a control message (SocketClosed): received exception "read of closed file"
2023-05-17 18:44:18 1684349058.024538 [tornettools] [INFO] We will use 10 TGen exit servers and 0 TGen onion-service servers to serve 100 TGen exit clients and 0 TGen onion-service clients
2023-05-17 18:44:18 1684349058.024831 [tornettools] [INFO] Generating Tor configuration files
2023-05-17 18:44:18 1684349058.048380 [tornettools] [INFO] Generating TGen configuration files
2023-05-17 18:44:18 1684349058.089282 [tornettools] [INFO] Constructing Shadow config YAML file
