time: 946686600.0
diff: 0.0
going to web site
Hello world	Thread-27	5

time: 946686615.590656
diff: 105.409343957901
waiting
going to web site
Hello world	Thread-80	3

time: 946686721.580656
diff: 119.41934394836426
waiting
going to web site
Hello world	Thread-253	3

time: 946686841.6126691
diff: 59.38733088970184
waiting
going to web site
Hello world	Thread-373	7

time: 946686908.590656
diff: 52.409343957901
waiting
going to web site
Hello world	Thread-426	6

time: 946686962.588656
diff: 58.411344051361084
waiting
going to web site
Hello world	Thread-525	2

time: 946687036.601518
diff: 44.398481965065
waiting
going to web site
Hello world	Thread-570	2

time: 946687096.590656
diff: 105.409343957901
waiting
going to web site
Hello world	Thread-675	4

time: 946687203.582657
diff: 58.41734302043915
waiting
going to web site
Hello world	Thread-741	4

time: 946687263.581657
diff: 58.4183429479599
waiting
going to web site
Hello world	Thread-843	3

time: 946687329.5941241
diff: 112.40587592124939
waiting
going to web site
Hello world	Thread-984	4

time: 946687449.598657
diff: 112.40134298801422
waiting
going to web site
Hello world	Thread-1116	2

time: 946687577.590656
diff: 104.409343957901
waiting
going to web site
Hello world	Thread-1205	2

time: 946687682.582656
diff: 120.41734397411346
waiting
going to web site
Hello world	Thread-1370	3

time: 946687806.5896571
diff: 56.41034293174744
waiting
going to web site
Hello world	Thread-1445	4

time: 946687870.590968
diff: 52.40903198719025
waiting
going to web site
Hello world	Thread-1506	2

time: 946687926.5846571
diff: 116.41534292697906
waiting
going to web site
Hello world	Thread-1664	2

time: 946688050.582656
diff: 52.417343974113464
waiting
going to web site
Hello world	Thread-1716	6

time: 946688110.580656
diff: 52.41934394836426
waiting
going to web site
Hello world	Thread-1871	2

time: 946688284.0364181
diff: -0.03641808032989502
going to web site
Hello world	Thread-1886	2

