time: 946686600.0
diff: 0.0
going to web site
Hello world	Thread-35	3

time: 946686615.659364
diff: 44.340636014938354
waiting
going to web site
Hello world	Thread-55	3

time: 946686661.6593649
diff: 118.34063506126404
waiting
going to web site
Hello world	Thread-138	3

time: 946686787.668364
diff: 112.33163595199585
waiting
going to web site
Hello world	Thread-174	5

time: 946686900.666751
diff: 120.33324897289276
waiting
going to web site
Hello world	Thread-251	6

time: 946687021.6673641
diff: 119.3326358795166
waiting
going to web site
Hello world	Thread-329	3

time: 946687144.6763641
diff: 56.323635935783386
waiting
going to web site
Hello world	Thread-346	3

time: 946687202.676751
diff: 118.3232489824295
waiting
going to web site
Hello world	Thread-429	6

time: 946687336.6633639
diff: 44.33663606643677
waiting
going to web site
Hello world	Thread-462	4

time: 946687388.666365
diff: 112.33363497257233
waiting
going to web site
Hello world	Thread-520	6

time: 946687504.658365
diff: 117.34163498878479
waiting
going to web site
Hello world	Thread-594	7

time: 946687637.667364
diff: 44.33263599872589
waiting
going to web site
Hello world	Thread-610	5

time: 946687683.658364
diff: 118.3416359424591
waiting
going to web site
Hello world	Thread-671	3

time: 946687803.667908
diff: 58.33209204673767
waiting
going to web site
Hello world	Thread-727	7

time: 946687877.666908
diff: 104.33309197425842
waiting
going to web site
Hello world	Thread-768	6

time: 946687982.646908
diff: 59.35309195518494
waiting
going to web site
Hello world	Thread-801	3

time: 946688042.646908
diff: 120.35309195518494
waiting
going to web site
Hello world	Thread-885	3

time: 946688166.658908
diff: 56.341091990470886
waiting
going to web site
Hello world	Thread-903	4

time: 946688223.646908
diff: 119.35309195518494
waiting
going to web site
Hello world	Thread-978	6

