time: 946686600.0
diff: 0.0
going to web site
Hello world	Thread-29	3

time: 946686607.669263
diff: 112.33073699474335
waiting
going to web site
Hello world	Thread-88	6

time: 946686723.658364
diff: 117.3416359424591
waiting
going to web site
Hello world	Thread-154	4

time: 946686841.658795
diff: 119.34120500087738
waiting
going to web site
Hello world	Thread-221	5

time: 946686962.668364
diff: 118.33163595199585
waiting
going to web site
Hello world	Thread-277	6

time: 946687081.658364
diff: 59.341635942459106
waiting
going to web site
Hello world	Thread-328	4

time: 946687144.6763641
diff: 116.32363593578339
waiting
going to web site
Hello world	Thread-400	2

time: 946687276.895984
diff: 44.104015946388245
waiting
going to web site
Hello world	Thread-433	2

time: 946687336.895984
diff: 105.10401594638824
waiting
going to web site
Hello world	Thread-500	2

time: 946687449.901984
diff: 112.09801602363586
waiting
going to web site
Hello world	Thread-566	2

time: 946687577.9049851
diff: 44.09501492977142
waiting
going to web site
Hello world	Thread-600	2

time: 946687653.9049841
diff: 88.09501588344574
waiting
going to web site
Hello world	Thread-660	2

time: 946687757.8959842
diff: 104.10401582717896
waiting
going to web site
Hello world	Thread-718	4

time: 946687865.668364
diff: 57.33163595199585
waiting
going to web site
Hello world	Thread-741	3

time: 946687923.6747509
diff: 119.32524907588959
waiting
going to web site
Hello world	Thread-813	3

time: 946688044.667365
diff: 58.332635045051575
waiting
going to web site
Hello world	Thread-838	5

time: 946688103.658364
diff: 119.3416359424591
waiting
going to web site
Hello world	Thread-904	3

time: 946688223.658364
diff: 59.341635942459106
waiting
going to web site
Hello world	Thread-941	3

time: 946688284.668364
diff: 59.33163595199585
waiting
going to web site
Hello world	Thread-970	7

