time: 946686600.0
diff: 0.0
going to web site
Hello world	Thread-107	6

time: 946686723.806921
diff: -3.8069210052490234
going to web site
Hello world	Thread-112	6

time: 946686724.3915771
diff: 116.60842287540436
waiting
going to web site
Hello world	Thread-273	6

time: 946686842.6069431
diff: 58.393056869506836
waiting
going to web site
Hello world	Thread-376	4

time: 946686908.590656
diff: 52.409343957901
waiting
going to web site
Hello world	Thread-427	5

time: 946686962.588656
diff: 118.41134405136108
waiting
going to web site
Hello world	Thread-566	6

time: 946687096.590656
diff: 44.409343957901
waiting
going to web site
Hello world	Thread-597	6

time: 946687142.596192
diff: 58.40380799770355
waiting
going to web site
Hello world	Thread-701	3

time: 946687232.5916561
diff: 89.40834391117096
waiting
going to web site
Hello world	Thread-831	7

time: 946687325.584656
diff: 56.41534399986267
waiting
going to web site
Hello world	Thread-897	4

time: 946687385.586657
diff: 56.41334295272827
waiting
going to web site
Hello world	Thread-993	7

time: 946687457.592657
diff: 44.40734302997589
waiting
going to web site
Hello world	Thread-1060	4

time: 946687517.590656
diff: 44.409343957901
waiting
going to web site
Hello world	Thread-1093	7

time: 946687565.580656
diff: 56.41934394836426
waiting
going to web site
Hello world	Thread-1274	7

time: 946687743.961028
diff: -0.961027979850769
going to web site
Hello world	Thread-1279	8

time: 946687744.5416842
diff: 58.4583158493042
waiting
going to web site
Hello world	Thread-1368	5

time: 946687806.5896571
diff: 116.41034293174744
waiting
going to web site
Hello world	Thread-1492	3

time: 946687924.593657
diff: 58.40634298324585
waiting
going to web site
Hello world	Thread-1597	7

time: 946687998.5896571
diff: 104.41034293174744
waiting
going to web site
Hello world	Thread-1728	6

time: 946688134.590656
diff: 28.409343957901
waiting
going to web site
Hello world	Thread-1792	3

time: 946688194.590656
diff: 89.409343957901
waiting
going to web site
Hello world	Thread-1882	6

time: 946688285.580656
diff: 58.41934394836426
waiting
going to web site
Hello world	Thread-1965	4

