time: 946686600.0
diff: 0.0
going to web site
Hello world	Thread-17	3

time: 946686601.649364
diff: 118.35063600540161
waiting
going to web site
Hello world	Thread-87	7

time: 946686723.658364
diff: 56.341635942459106
waiting
going to web site
Hello world	Thread-107	10

time: 946686780.649364
diff: 59.35063600540161
waiting
going to web site
Hello world	Thread-166	4

time: 946686843.667365
diff: 57.332635045051575
waiting
going to web site
Hello world	Thread-192	2

time: 946686902.6695601
diff: 118.33043992519379
waiting
going to web site
Hello world	Thread-262	7

time: 946687024.667364
diff: 116.33263599872589
waiting
going to web site
Hello world	Thread-320	4

time: 946687142.659364
diff: 58.340636014938354
waiting
going to web site
Hello world	Thread-362	3

time: 946687208.677364
diff: 112.32263600826263
waiting
going to web site
Hello world	Thread-419	4

time: 946687324.658364
diff: 116.3416359424591
waiting
going to web site
Hello world	Thread-469	4

time: 946687441.6667511
diff: 120.33324885368347
waiting
going to web site
Hello world	Thread-544	6

time: 946687563.658364
diff: 58.341635942459106
waiting
going to web site
Hello world	Thread-571	6

time: 946687622.658364
diff: 119.3416359424591
waiting
going to web site
Hello world	Thread-655	6

time: 946687749.658365
diff: 52.34163498878479
waiting
going to web site
Hello world	Thread-688	5

time: 946687817.659364
diff: 104.34063601493835
waiting
going to web site
Hello world	Thread-756	2

time: 946687925.667365
diff: 116.33263504505157
waiting
going to web site
Hello world	Thread-817	5

time: 946688045.658365
diff: 117.34163498878479
waiting
going to web site
Hello world	Thread-889	5

time: 946688170.659364
diff: 52.340636014938354
waiting
going to web site
Hello world	Thread-920	6

time: 946688230.659364
diff: 112.34063601493835
waiting
going to web site
Hello world	Thread-987	3

