time: 946686600.0
diff: 137.0
waiting
going to web site
Hello world	Thread-798	4

time: 946686737.832832
diff: -0.8328319787979126
going to web site
Hello world	Thread-804	3

time: 946686738.673664
diff: -1.6736639738082886
going to web site
Hello world	Thread-808	5

time: 946686739.520496
diff: -2.5204960107803345
going to web site
Hello world	Thread-816	4

time: 946686740.353328
diff: -3.353327989578247
going to web site
Hello world	Thread-822	3

time: 946686741.18916
diff: -4.189159989356995
going to web site
Hello world	Thread-829	4

time: 946686742.029992
diff: -5.029991984367371
going to web site
Hello world	Thread-835	3

time: 946686742.867824
diff: 3.1321760416030884
waiting
going to web site
Hello world	Thread-164	4

time: 946686746.862588
diff: 7.137411952018738
waiting
going to web site
Hello world	Thread-182	3

time: 946686754.8338319
diff: 27.166168093681335
waiting
going to web site
Hello world	Thread-256	5

time: 946686782.843833
diff: 21.156167030334473
waiting
going to web site
Hello world	Thread-318	3

time: 946686804.851833
diff: 22.14816701412201
waiting
going to web site
Hello world	Thread-384	2

time: 946686827.8478329
diff: 22.152167081832886
waiting
going to web site
Hello world	Thread-461	4

time: 946686850.8722091
diff: 9.127790927886963
waiting
going to web site
Hello world	Thread-494	4

time: 946686860.841912
diff: 13.158087968826294
waiting
going to web site
Hello world	Thread-536	3

time: 946686874.832832
diff: 20.167168021202087
waiting
going to web site
Hello world	Thread-620	4

time: 946686895.836833
diff: 8.163166999816895
waiting
going to web site
Hello world	Thread-657	4

time: 946686904.840191
diff: 29.15980899333954
waiting
going to web site
Hello world	Thread-777	4

time: 946686934.832832
diff: 21.167168021202087
waiting
going to web site
Hello world	Thread-882	4

time: 946686956.851833
diff: 34.14816701412201
waiting
going to web site
Hello world	Thread-1038	4

time: 946686991.841833
diff: 23.158167004585266
waiting
going to web site
Hello world	Thread-1156	5

time: 946687015.838833
diff: 21.1611670255661
waiting
going to web site
Hello world	Thread-1252	2

time: 946687037.832833
diff: 17.16716694831848
waiting
going to web site
Hello world	Thread-1335	5

time: 946687055.832832
diff: 30.167168021202087
waiting
going to web site
Hello world	Thread-1483	4

time: 946687087.865621
diff: 6.134379029273987
waiting
going to web site
Hello world	Thread-1509	2

time: 946687094.84201
diff: 35.15798997879028
waiting
going to web site
Hello world	Thread-1663	3

time: 946687130.832832
diff: 29.167168021202087
waiting
going to web site
Hello world	Thread-1798	3

time: 946687160.842548
diff: 18.15745198726654
waiting
going to web site
Hello world	Thread-1860	4

time: 946687179.8398321
diff: 15.160167932510376
waiting
going to web site
Hello world	Thread-1933	2

time: 946687195.832832
diff: 26.167168021202087
waiting
going to web site
Hello world	Thread-2059	3

time: 946687223.841833
diff: 30.158167004585266
waiting
going to web site
Hello world	Thread-2186	5

time: 946687254.841833
diff: 19.158167004585266
waiting
going to web site
Hello world	Thread-2278	6

time: 946687274.832833
diff: 16.16716694831848
waiting
going to web site
Hello world	Thread-2354	5

time: 946687291.838832
diff: 35.16116797924042
waiting
going to web site
Hello world	Thread-2506	5

time: 946687327.8388469
diff: 16.161153078079224
waiting
going to web site
Hello world	Thread-2580	7

time: 946687344.5350649
diff: 9.464935064315796
waiting
going to web site
Hello world	Thread-2626	7

time: 946687354.542065
diff: 21.457934975624084
waiting
going to web site
Hello world	Thread-2724	7

time: 946687376.535033
diff: 14.464967012405396
waiting
going to web site
Hello world	Thread-2795	4

time: 946687391.5350649
diff: 18.464935064315796
waiting
going to web site
Hello world	Thread-2873	6

time: 946687410.536065
diff: 33.463935017585754
waiting
going to web site
Hello world	Thread-3015	7

time: 946687444.541065
diff: 30.458935022354126
waiting
going to web site
Hello world	Thread-3161	3

time: 946687475.526065
diff: 7.473935008049011
waiting
going to web site
Hello world	Thread-3193	7

time: 946687483.544065
diff: 34.45593500137329
waiting
going to web site
Hello world	Thread-3342	5

time: 946687518.544065
diff: 24.45593500137329
waiting
going to web site
Hello world	Thread-3452	5

time: 946687543.542065
diff: 22.457934975624084
waiting
going to web site
Hello world	Thread-3550	6

time: 946687566.5350641
diff: 20.464935898780823
waiting
going to web site
Hello world	Thread-3644	5

time: 946687587.5350641
diff: 22.464935898780823
waiting
going to web site
Hello world	Thread-3747	5

time: 946687610.526064
diff: 20.473935961723328
waiting
going to web site
Hello world	Thread-3836	6

time: 946687631.5350641
diff: 37.46493589878082
waiting
going to web site
Hello world	Thread-3998	7

time: 946687669.5294169
diff: 10.470583081245422
waiting
going to web site
Hello world	Thread-4050	4

time: 946687680.544065
diff: 36.45593500137329
waiting
going to web site
Hello world	Thread-4213	6

time: 946687717.526065
diff: 1.4739350080490112
waiting
going to web site
Hello world	Thread-4224	5

time: 946687719.533133
diff: 23.466866970062256
waiting
going to web site
Hello world	Thread-4330	6

time: 946687743.536064
diff: 18.46393597126007
waiting
going to web site
Hello world	Thread-4411	6

time: 946687762.5350641
diff: 28.464935898780823
waiting
going to web site
Hello world	Thread-4542	7

time: 946687791.5350641
diff: 21.464935898780823
waiting
going to web site
Hello world	Thread-4644	4

time: 946687813.526064
diff: 9.473935961723328
waiting
going to web site
Hello world	Thread-4687	6

time: 946687823.5350641
diff: 18.464935898780823
waiting
going to web site
Hello world	Thread-4774	5

time: 946687842.5350641
diff: 33.46493589878082
waiting
going to web site
Hello world	Thread-4925	7

time: 946687876.526064
diff: 13.473935961723328
waiting
going to web site
Hello world	Thread-2140	3

time: 946687890.526064
diff: 0.47393596172332764
waiting
going to web site
Hello world	Thread-2142	2

time: 946687891.5350641
diff: -0.5350641012191772
going to web site
Hello world	Thread-2143	2

time: 946687892.0611279
diff: -1.0611279010772705
going to web site
Hello world	Thread-2144	2

time: 946687892.587192
diff: -0.5871920585632324
going to web site
Hello world	Thread-2145	2

time: 946687893.121256
diff: -1.1212559938430786
going to web site
Hello world	Thread-2146	2

time: 946687893.65632
diff: 7.343680024147034
waiting
going to web site
Hello world	Thread-2147	2

time: 946687901.543945
diff: -0.5439449548721313
going to web site
Hello world	Thread-5048	2

time: 946687902.070009
diff: 21.929991006851196
waiting
going to web site
Hello world	Thread-5150	6

time: 946687924.5350649
diff: 11.464935064315796
waiting
going to web site
Hello world	Thread-5203	7

time: 946687936.526065
diff: 33.47393500804901
waiting
going to web site
Hello world	Thread-5373	5

time: 946687971.841833
diff: 25.158167004585266
waiting
going to web site
Hello world	Thread-5496	4

time: 946687997.841979
diff: 12.158020973205566
waiting
going to web site
Hello world	Thread-5553	5

time: 946688010.841833
diff: 19.158167004585266
waiting
going to web site
Hello world	Thread-5641	6

time: 946688030.841833
diff: 7.158167004585266
waiting
going to web site
Hello world	Thread-5685	2

time: 946688038.841833
diff: 23.158167004585266
waiting
going to web site
Hello world	Thread-5786	2

time: 946688062.841833
diff: 22.158167004585266
waiting
going to web site
Hello world	Thread-5894	4

time: 946688085.832833
diff: 25.16716694831848
waiting
going to web site
Hello world	Thread-6007	3

time: 946688111.841833
diff: 32.158167004585266
waiting
going to web site
Hello world	Thread-6139	4

time: 946688144.832833
diff: 13.167166948318481
waiting
going to web site
Hello world	Thread-6203	3

time: 946688158.832832
diff: 31.167168021202087
waiting
going to web site
Hello world	Thread-6339	6

time: 946688190.832833
diff: 22.16716694831848
waiting
going to web site
Hello world	Thread-6442	5

time: 946688213.832832
diff: 19.167168021202087
waiting
going to web site
Hello world	Thread-6530	3

time: 946688233.841833
diff: 32.158167004585266
waiting
going to web site
Hello world	Thread-6678	3

time: 946688266.841833
diff: 27.158167004585266
waiting
going to web site
Hello world	Thread-6796	4

time: 946688294.832833
diff: 14.167166948318481
waiting
going to web site
Hello world	Thread-6862	4

time: 946688309.832832
diff: 34.16716802120209
waiting
going to web site
Hello world	Thread-7021	4

time: 946688345.841833
diff: 11.158167004585266
waiting
going to web site
Hello world	Thread-7082	2

time: 946688358.842833
diff: 18.157166957855225
waiting
going to web site
Hello world	Thread-7167	4

time: 946688377.832832
diff: 21.167168021202087
waiting
going to web site
Hello world	Thread-7263	3

time: 946688399.841833
diff: 26.158167004585266
waiting
going to web site
Hello world	Thread-7387	3

time: 946688426.841833
diff: 11.158167004585266
waiting
going to web site
Hello world	Thread-7444	2

time: 946688439.841833
diff: 12.158167004585266
waiting
going to web site
Hello world	Thread-7499	3

time: 946688452.841833
diff: 28.158167004585266
waiting
going to web site
Hello world	Thread-7631	4

time: 946688481.832833
diff: 11.167166948318481
waiting
going to web site
Hello world	Thread-7677	2

time: 946688493.832832
diff: 25.167168021202087
waiting
going to web site
Hello world	Thread-7800	4

time: 946688519.841833
diff: 27.158167004585266
waiting
going to web site
Hello world	Thread-7913	4

time: 946688547.841833
diff: 13.158167004585266
waiting
going to web site
Hello world	Thread-7980	4

time: 946688561.841833
diff: 29.158167004585266
waiting
going to web site
Hello world	Thread-8113	5

time: 946688591.841833
diff: 24.158167004585266
waiting
going to web site
Hello world	Thread-8223	3

time: 946688616.841833
diff: 36.158167004585266
waiting
going to web site
Hello world	Thread-8384	3

time: 946688654.846833
diff: 22.153167009353638
waiting
going to web site
Hello world	Thread-8473	2

time: 946688677.841833
diff: 30.158167004585266
waiting
going to web site
Hello world	Thread-8605	3

time: 946688708.845833
diff: 14.15416705608368
waiting
going to web site
Hello world	Thread-8668	3

time: 946688723.841833
diff: 30.158167004585266
waiting
going to web site
Hello world	Thread-8793	4

time: 946688754.841833
diff: 27.158167004585266
waiting
going to web site
Hello world	Thread-8899	5

time: 946688782.841833
diff: 13.158167004585266
waiting
going to web site
Hello world	Thread-8948	4

time: 946688796.841833
diff: 17.158167004585266
waiting
going to web site
Hello world	Thread-9029	3

time: 946688814.832833
diff: 32.16716694831848
waiting
going to web site
Hello world	Thread-9167	3

time: 946688847.832832
diff: 30.167168021202087
waiting
going to web site
Hello world	Thread-9297	4

time: 946688878.841833
diff: 25.158167004585266
waiting
going to web site
Hello world	Thread-9407	4

time: 946688904.841833
diff: 21.158167004585266
waiting
going to web site
Hello world	Thread-9502	2

time: 946688926.836833
diff: 7.1631669998168945
waiting
going to web site
Hello world	Thread-9540	7

time: 946688934.832832
diff: 16.167168021202087
waiting
going to web site
Hello world	Thread-9610	2

time: 946688951.841833
diff: 25.158167004585266
waiting
going to web site
Hello world	Thread-9736	3

time: 946688977.842277
diff: 33.15772294998169
waiting
going to web site
Hello world	Thread-9893	3

time: 946689011.832832
diff: 2.1671680212020874
waiting
going to web site
Hello world	Thread-9925	2

time: 946689017.845833
diff: 38.15416705608368
waiting
going to web site
Hello world	Thread-10094	2

time: 946689056.845833
diff: 10.15416705608368
waiting
going to web site
Hello world	Thread-10151	2

time: 946689068.841833
diff: 21.158167004585266
waiting
going to web site
Hello world	Thread-10260	2

time: 946689090.845833
diff: 6.154167056083679
waiting
going to web site
Hello world	Thread-10281	3

time: 946689097.841833
diff: 16.158167004585266
waiting
going to web site
Hello world	Thread-10365	2

time: 946689114.851833
diff: 30.14816701412201
waiting
going to web site
Hello world	Thread-10520	2

time: 946689146.842833
diff: 20.157166957855225
waiting
going to web site
Hello world	Thread-10615	4

time: 946689167.832832
diff: 20.167168021202087
waiting
going to web site
Hello world	Thread-10730	2

time: 946689189.849833
diff: 21.150166988372803
waiting
going to web site
Hello world	Thread-10829	2

time: 946689211.6995599
diff: 21.300440073013306
waiting
going to web site
Hello world	Thread-10933	2

time: 946689233.699561
diff: 26.3004390001297
waiting
going to web site
Hello world	Thread-11065	7

time: 946689260.699561
diff: 19.3004390001297
waiting
going to web site
Hello world	Thread-11156	4

time: 946689280.699561
diff: 13.3004390001297
waiting
going to web site
Hello world	Thread-11225	4

time: 946689294.699561
diff: 13.3004390001297
waiting
going to web site
Hello world	Thread-11288	5

time: 946689308.699561
diff: 23.3004390001297
waiting
going to web site
Hello world	Thread-11402	2

time: 946689332.699561
diff: 26.3004390001297
waiting
going to web site
Hello world	Thread-11526	6

time: 946689359.699561
diff: 22.3004390001297
waiting
going to web site
Hello world	Thread-11637	4

time: 946689382.699561
diff: 16.3004390001297
waiting
going to web site
Hello world	Thread-11720	3

time: 946689399.699561
diff: 28.3004390001297
waiting
going to web site
Hello world	Thread-11848	5

time: 946689428.699561
diff: 23.3004390001297
waiting
going to web site
Hello world	Thread-11952	6

time: 946689452.699561
diff: 17.3004390001297
waiting
going to web site
Hello world	Thread-12034	5

time: 946689470.699561
diff: 11.3004390001297
waiting
going to web site
Hello world	Thread-12097	7

time: 946689482.699561
diff: 25.3004390001297
waiting
going to web site
Hello world	Thread-12206	5

time: 946689508.699561
diff: 25.3004390001297
waiting
going to web site
Hello world	Thread-12325	3

time: 946689534.699561
diff: 20.3004390001297
waiting
going to web site
Hello world	Thread-12431	3

time: 946689555.699561
diff: 25.3004390001297
waiting
going to web site
Hello world	Thread-12540	6

time: 946689581.699561
diff: 36.3004390001297
waiting
going to web site
Hello world	Thread-12707	5

time: 946689618.699561
diff: 22.3004390001297
waiting
going to web site
Hello world	Thread-12815	4

time: 946689641.7085611
diff: 6.291438937187195
waiting
going to web site
Hello world	Thread-12848	4

time: 946689648.6995599
diff: 24.300440073013306
waiting
going to web site
Hello world	Thread-12964	5

time: 946689673.699561
diff: 9.3004390001297
waiting
going to web site
Hello world	Thread-13017	6

time: 946689683.699561
diff: 32.3004390001297
waiting
going to web site
Hello world	Thread-13164	7

time: 946689716.699561
diff: 15.3004390001297
waiting
going to web site
Hello world	Thread-13230	5

time: 946689732.699561
diff: 16.3004390001297
waiting
going to web site
Hello world	Thread-13314	5

time: 946689749.699561
diff: 25.3004390001297
waiting
going to web site
Hello world	Thread-13425	5

time: 946689775.699561
diff: 7.3004390001297
waiting
going to web site
Hello world	Thread-13462	7

time: 946689783.699561
diff: 26.3004390001297
waiting
going to web site
Hello world	Thread-13589	4

time: 946689810.699561
diff: 28.3004390001297
waiting
going to web site
Hello world	Thread-13725	5

time: 946689839.841833
diff: 13.158167004585266
waiting
going to web site
Hello world	Thread-13798	6

time: 946689853.841833
diff: 22.158167004585266
waiting
going to web site
Hello world	Thread-13906	3

time: 946689877.848833
diff: 28.151167035102844
waiting
going to web site
Hello world	Thread-14040	6

time: 946689906.832833
diff: 12.167166948318481
waiting
going to web site
Hello world	Thread-14083	6

time: 946689919.832832
diff: 28.167168021202087
waiting
going to web site
Hello world	Thread-14221	5

time: 946689948.835833
diff: 27.164167046546936
waiting
going to web site
Hello world	Thread-14332	3

time: 946689976.841833
diff: 18.158167004585266
waiting
going to web site
Hello world	Thread-14423	4

time: 946689995.841833
diff: 40.158167004585266
waiting
going to web site
Hello world	Thread-14598	2

time: 946690036.841833
diff: 26.158167004585266
waiting
going to web site
Hello world	Thread-14715	2

time: 946690063.859833
diff: 17.140166997909546
waiting
going to web site
Hello world	Thread-14782	5

time: 946690081.832832
diff: 10.167168021202087
waiting
going to web site
Hello world	Thread-14838	3

time: 946690092.841833
diff: 31.158167004585266
waiting
going to web site
Hello world	Thread-14974	5

time: 946690124.845833
diff: 19.15416705608368
waiting
going to web site
Hello world	Thread-15052	3

time: 946690144.832833
diff: 23.16716694831848
waiting
going to web site
Hello world	Thread-15160	3

time: 946690168.832832
diff: 23.167168021202087
waiting
going to web site
Hello world	Thread-15257	2

time: 946690192.841833
diff: 27.158167004585266
waiting
going to web site
Hello world	Thread-15379	2

time: 946690220.841833
diff: 17.158167004585266
waiting
going to web site
Hello world	Thread-15468	2

time: 946690239.842833
diff: 23.157166957855225
waiting
going to web site
Hello world	Thread-15569	5

time: 946690263.832832
diff: 12.167168021202087
waiting
going to web site
Hello world	Thread-15630	2

time: 946690276.841833
diff: 31.158167004585266
waiting
going to web site
Hello world	Thread-15766	4

time: 946690308.841833
diff: 14.158167004585266
waiting
going to web site
Hello world	Thread-15835	5

time: 946690323.841833
diff: 25.158167004585266
waiting
going to web site
Hello world	Thread-15941	4

time: 946690349.8398329
diff: 19.16016709804535
waiting
going to web site
Hello world	Thread-16028	2

time: 946690369.845833
diff: 23.15416705608368
waiting
going to web site
Hello world	Thread-16134	3

time: 946690393.841833
diff: 32.158167004585266
waiting
going to web site
Hello world	Thread-16272	4

time: 946690426.832833
diff: 13.167166948318481
waiting
going to web site
Hello world	Thread-16332	4

time: 946690440.832832
diff: 32.16716802120209
waiting
going to web site
Hello world	Thread-16483	3

time: 946690473.841929
diff: 22.158071041107178
waiting
going to web site
Hello world	Thread-16587	3

time: 946690496.851833
diff: 23.14816701412201
waiting
going to web site
Hello world	Thread-16686	2

time: 946690520.841833
diff: 16.158167004585266
waiting
going to web site
Hello world	Thread-16758	4

time: 946690537.841833
diff: 28.158167004585266
waiting
going to web site
Hello world	Thread-16889	2

time: 946690566.845833
diff: 15.15416705608368
waiting
going to web site
Hello world	Thread-16957	4

time: 946690582.832833
diff: 22.16716694831848
waiting
going to web site
Hello world	Thread-17056	4

time: 946690606.836832
diff: 14.163167953491211
waiting
going to web site
Hello world	Thread-17120	6

time: 946690621.832832
diff: 28.167168021202087
waiting
going to web site
Hello world	Thread-17243	3

time: 946690650.846833
diff: 16.153167009353638
waiting
going to web site
Hello world	Thread-17319	3

time: 946690667.841833
diff: 34.158167004585266
waiting
going to web site
Hello world	Thread-17471	4

time: 946690702.832833
diff: 17.16716694831848
waiting
going to web site
Hello world	Thread-17546	6

time: 946690720.832832
diff: 26.167168021202087
waiting
going to web site
Hello world	Thread-17671	2

time: 946690748.841833
diff: 17.158167004585266
waiting
going to web site
Hello world	Thread-17751	3

time: 946690767.841833
diff: 28.158167004585266
waiting
going to web site
Hello world	Thread-17884	3

time: 946690796.845833
diff: 11.15416705608368
waiting
going to web site
Hello world	Thread-17938	3

time: 946690809.845833
diff: 19.15416705608368
waiting
going to web site
Hello world	Thread-18028	2

time: 946690829.841833
diff: 34.158167004585266
waiting
going to web site
Hello world	Thread-18162	4

time: 946690864.841833
diff: 25.158167004585266
waiting
going to web site
Hello world	Thread-18285	3

time: 946690891.841833
diff: 19.158167004585266
waiting
going to web site
Hello world	Thread-18366	2

time: 946690911.841833
diff: 19.158167004585266
waiting
going to web site
Hello world	Thread-18453	2

time: 946690931.8803929
diff: 28.119607090950012
waiting
going to web site
Hello world	Thread-18573	3

time: 946690960.841833
diff: 19.158167004585266
waiting
going to web site
Hello world	Thread-18656	2

time: 946690980.841833
diff: 23.158167004585266
waiting
going to web site
Hello world	Thread-18767	4

time: 946691004.841833
diff: 19.158167004585266
waiting
going to web site
Hello world	Thread-18847	4

time: 946691024.841833
diff: 21.158167004585266
waiting
going to web site
Hello world	Thread-18953	2

time: 946691046.910777
diff: 25.08922302722931
waiting
going to web site
Hello world	Thread-19068	2

time: 946691073.911777
diff: 11.088222980499268
waiting
going to web site
Hello world	Thread-19122	2

time: 946691085.901776
diff: 36.09822404384613
waiting
going to web site
Hello world	Thread-19295	2

time: 946691123.901777
diff: 17.098222970962524
waiting
going to web site
Hello world	Thread-19373	2

time: 946691141.9027761
diff: 21.0972238779068
waiting
going to web site
Hello world	Thread-19472	2

time: 946691163.901776
diff: 17.09822404384613
waiting
going to web site
Hello world	Thread-19549	2

time: 946691181.901777
diff: 21.098222970962524
waiting
going to web site
Hello world	Thread-19652	2

time: 946691203.9027761
diff: 11.0972238779068
waiting
going to web site
Hello world	Thread-19708	3

time: 946691216.9027761
diff: 32.0972238779068
waiting
going to web site
Hello world	Thread-19938	2

time: 946691264.9027761
diff: 14.0972238779068
waiting
going to web site
Hello world	Thread-20008	2

time: 946691280.9027761
diff: 3.0972238779067993
waiting
going to web site
Hello world	Thread-20092	2

time: 946691299.901776
diff: 18.09822404384613
waiting
going to web site
Hello world	Thread-20187	2

time: 946691318.910777
diff: 11.089223027229309
waiting
going to web site
Hello world	Thread-20245	2

time: 946691330.919953
diff: 11.080047011375427
waiting
going to web site
Hello world	Thread-20295	2

time: 946691342.901777
diff: 24.098222970962524
waiting
going to web site
Hello world	Thread-20499	2

time: 946691382.9027761
diff: -2.9027761220932007
going to web site
Hello world	Thread-20500	5

time: 946691383.814408
diff: 14.18559205532074
waiting
going to web site
Hello world	Thread-20582	2

time: 946691398.910777
diff: 20.08922302722931
waiting
going to web site
Hello world	Thread-20679	2

time: 946691419.910777
diff: 40.08922302722931
waiting
going to web site
Hello world	Thread-20876	2

time: 946691460.910777
diff: 12.089223027229309
waiting
going to web site
Hello world	Thread-20926	2

time: 946691473.901777
diff: 25.098222970962524
waiting
going to web site
Hello world	Thread-21071	2

time: 946691502.910776
diff: 13.089223980903625
waiting
going to web site
Hello world	Thread-21134	3

time: 946691517.9067761
diff: 12.093223929405212
waiting
going to web site
Hello world	Thread-21199	2

time: 946691530.9027761
diff: 23.0972238779068
waiting
going to web site
Hello world	Thread-21325	2

time: 946691557.9027761
diff: 25.0972238779068
waiting
going to web site
Hello world	Thread-21438	2

time: 946691583.9027761
diff: 10.0972238779068
waiting
going to web site
Hello world	Thread-21510	2

time: 946691597.904776
diff: 31.095224022865295
waiting
going to web site
Hello world	Thread-21655	2

time: 946691630.902777
diff: 22.097223043441772
waiting
going to web site
Hello world	Thread-21751	5

time: 946691653.699561
diff: 13.3004390001297
waiting
going to web site
Hello world	Thread-21802	7

time: 946691667.699561
diff: 39.3004390001297
waiting
going to web site
Hello world	Thread-21990	5

time: 946691707.7085611
diff: 14.291438937187195
waiting
going to web site
Hello world	Thread-22059	3

time: 946691722.6995599
diff: 26.300440073013306
waiting
going to web site
Hello world	Thread-22174	6

time: 946691749.699561
diff: 11.3004390001297
waiting
going to web site
Hello world	Thread-22226	2

time: 946691761.699561
diff: 20.3004390001297
waiting
going to web site
Hello world	Thread-22307	5

time: 946691782.699561
diff: 34.3004390001297
waiting
going to web site
Hello world	Thread-22469	5

time: 946691817.7085611
diff: 20.291438937187195
waiting
going to web site
Hello world	Thread-22559	6

time: 946691838.6995599
diff: 12.300440073013306
waiting
going to web site
Hello world	Thread-22616	6

time: 946691851.699561
diff: 35.3004390001297
waiting
going to web site
Hello world	Thread-22778	4

time: 946691887.699561
diff: 7.3004390001297
waiting
going to web site
Hello world	Thread-22814	7

time: 946691895.699561
diff: 22.3004390001297
waiting
going to web site
Hello world	Thread-22917	4

time: 946691918.699561
diff: 27.3004390001297
waiting
going to web site
Hello world	Thread-23041	6

time: 946691946.699561
diff: 20.3004390001297
waiting
going to web site
Hello world	Thread-23141	6

time: 946691967.699561
diff: 24.3004390001297
waiting
going to web site
Hello world	Thread-23264	6

time: 946691992.699561
diff: 6.3004390001297
waiting
going to web site
Hello world	Thread-23293	5

time: 946691999.699561
diff: 33.3004390001297
waiting
going to web site
Hello world	Thread-23455	5

time: 946692033.699561
diff: 26.3004390001297
waiting
going to web site
Hello world	Thread-23589	6

time: 946692060.699561
diff: 15.3004390001297
waiting
going to web site
Hello world	Thread-23665	4

time: 946692076.699561
diff: 22.3004390001297
waiting
going to web site
Hello world	Thread-23770	6

time: 946692099.699561
diff: 10.3004390001297
waiting
going to web site
Hello world	Thread-23818	5

time: 946692110.699561
diff: 9.3004390001297
waiting
going to web site
Hello world	Thread-23873	6

time: 946692120.7085611
diff: 18.291438937187195
waiting
going to web site
Hello world	Thread-23959	5

time: 946692139.6995599
diff: 25.300440073013306
waiting
going to web site
Hello world	Thread-24081	4

time: 946692165.699561
diff: 19.3004390001297
waiting
going to web site
Hello world	Thread-24170	7

time: 946692185.699561
diff: 26.3004390001297
waiting
going to web site
Hello world	Thread-24295	4

time: 946692212.699561
diff: 30.3004390001297
waiting
going to web site
Hello world	Thread-24433	5

time: 946692243.699561
diff: 12.3004390001297
waiting
going to web site
Hello world	Thread-24493	4

time: 946692256.699561
diff: 33.3004390001297
waiting
going to web site
Hello world	Thread-24647	3

time: 946692290.699561
diff: 24.3004390001297
waiting
going to web site
Hello world	Thread-24759	6

time: 946692315.699561
diff: 27.3004390001297
waiting
going to web site
Hello world	Thread-24880	4

time: 946692343.699561
diff: 13.3004390001297
waiting
going to web site
Hello world	Thread-24940	5

time: 946692357.699561
diff: 31.3004390001297
waiting
going to web site
Hello world	Thread-25069	6

time: 946692389.699561
diff: 14.3004390001297
waiting
going to web site
Hello world	Thread-25140	6

time: 946692404.699561
diff: 39.3004390001297
waiting
going to web site
Hello world	Thread-25308	5

time: 946692444.699561
diff: 8.3004390001297
waiting
going to web site
Hello world	Thread-25342	5

time: 946692453.699561
diff: 27.3004390001297
waiting
going to web site
Hello world	Thread-25462	6

time: 946692481.699561
diff: 17.3004390001297
waiting
going to web site
Hello world	Thread-25537	3

time: 946692499.699561
diff: 19.3004390001297
waiting
going to web site
Hello world	Thread-25623	4

time: 946692519.699561
diff: 32.3004390001297
waiting
going to web site
Hello world	Thread-25756	6

time: 946692552.699561
diff: 15.3004390001297
waiting
going to web site
Hello world	Thread-25828	6

time: 946692568.699561
diff: 32.3004390001297
waiting
going to web site
Hello world	Thread-25966	5

time: 946692601.699561
diff: 12.3004390001297
waiting
going to web site
Hello world	Thread-26022	4

time: 946692614.699561
diff: 22.3004390001297
waiting
going to web site
Hello world	Thread-26118	6

time: 946692637.699561
diff: 29.3004390001297
waiting
going to web site
Hello world	Thread-26226	5

time: 946692667.699561
diff: 20.3004390001297
waiting
going to web site
Hello world	Thread-26306	3

time: 946692688.699561
diff: 18.3004390001297
waiting
going to web site
Hello world	Thread-26366	3

time: 946692707.699561
diff: 28.3004390001297
waiting
going to web site
Hello world	Thread-26454	5

