time: 946686600.0
diff: 0.0
going to web site
Hello world	Thread-111	3

time: 946686723.8163711
diff: -3.8163710832595825
going to web site
Hello world	Thread-116	2

time: 946686724.4010271
diff: 55.59897291660309
waiting
going to web site
Hello world	Thread-193	3

time: 946686783.590656
diff: 116.409343957901
waiting
going to web site
Hello world	Thread-336	7

time: 946686900.580656
diff: 59.41934394836426
waiting
going to web site
Hello world	Thread-434	4

time: 946686963.5896561
diff: 57.41034388542175
waiting
going to web site
Hello world	Thread-483	3

time: 946687021.59157
diff: 119.40842998027802
waiting
going to web site
Hello world	Thread-642	2

time: 946687156.590656
diff: 44.409343957901
waiting
going to web site
Hello world	Thread-654	2

time: 946687201.5816561
diff: 59.418343901634216
waiting
going to web site
Hello world	Thread-829	2

time: 946687324.590656
diff: -3.590656042098999
going to web site
Hello world	Thread-830	2

time: 946687325.303552
diff: 55.69644796848297
waiting
going to web site
Hello world	Thread-1016	2

time: 946687502.0354961
diff: -1.0354961156845093
going to web site
Hello world	Thread-1140	2

time: 946687623.0310351
diff: -1.03103506565094
going to web site
Hello world	Thread-1150	2

time: 946687623.7749741
diff: 118.22502589225769
waiting
going to web site
Hello world	Thread-1272	2

time: 946687743.7500451
diff: 118.24995493888855
waiting
going to web site
Hello world	Thread-1541	3

time: 946687983.029862
diff: -61.02986204624176
going to web site
Hello world	Thread-1611	2

time: 946688014.721094
diff: 27.278905987739563
waiting
going to web site
Hello world	Thread-1667	2

time: 946688057.705233
diff: 105.29476702213287
waiting
going to web site
Hello world	Thread-1866	7

time: 946688283.958418
diff: -0.9584180116653442
going to web site
Hello world	Thread-1873	7

time: 946688284.547418
diff: 58.452582001686096
waiting
going to web site
Hello world	Thread-1984	2

