time: 946686600.0
diff: 0.0
going to web site
Hello world	Thread-31	7

time: 946686615.659364
diff: 44.340636014938354
waiting
going to web site
Hello world	Thread-52	6

time: 946686661.6593649
diff: 58.34063506126404
waiting
going to web site
Hello world	Thread-101	5

time: 946686735.696273
diff: 104.30372703075409
waiting
going to web site
Hello world	Thread-167	3

time: 946686843.667365
diff: 56.332635045051575
waiting
going to web site
Hello world	Thread-195	5

time: 946686903.668365
diff: 56.33163499832153
waiting
going to web site
Hello world	Thread-213	7

time: 946686961.658365
diff: 59.34163498878479
waiting
going to web site
Hello world	Thread-260	3

time: 946687022.688364
diff: 118.31163597106934
waiting
going to web site
Hello world	Thread-322	2

time: 946687142.659364
diff: 58.340636014938354
waiting
going to web site
Hello world	Thread-365	6

time: 946687216.667364
diff: 44.33263599872589
waiting
going to web site
Hello world	Thread-379	4

time: 946687262.672751
diff: 118.32724905014038
waiting
going to web site
Hello world	Thread-460	6

time: 946687388.666365
diff: 52.33363497257233
waiting
going to web site
Hello world	Thread-487	6

time: 946687444.658365
diff: 57.34163498878479
waiting
going to web site
Hello world	Thread-526	6

time: 946687505.6673651
diff: 56.332634925842285
waiting
going to web site
Hello world	Thread-542	2

time: 946687562.658364
diff: 59.341635942459106
waiting
going to web site
Hello world	Thread-578	5

time: 946687623.658364
diff: 118.3416359424591
waiting
going to web site
Hello world	Thread-651	4

time: 946687745.667365
diff: 56.332635045051575
waiting
going to web site
Hello world	Thread-677	4

time: 946687805.668364
diff: 56.33163595199585
waiting
going to web site
Hello world	Thread-699	6

time: 946687862.665225
diff: 119.3347749710083
waiting
going to web site
Hello world	Thread-785	7

time: 946687985.658365
diff: 57.34163498878479
waiting
going to web site
Hello world	Thread-803	7

time: 946688043.649364
diff: 59.35063600540161
waiting
going to web site
Hello world	Thread-840	3

time: 946688103.658364
diff: 59.341635942459106
waiting
going to web site
Hello world	Thread-873	2

time: 946688163.658364
diff: 119.3416359424591
waiting
going to web site
Hello world	Thread-940	4

