time: 946686600.0
diff: 264.0
waiting
going to web site
Hello world	Thread-508	3

time: 946686864.832832
diff: 0.1671680212020874
waiting
going to web site
Hello world	Thread-1396	4

time: 946686865.832833
diff: -0.8328330516815186
going to web site
Hello world	Thread-1399	5

time: 946686866.665665
diff: 2.334334969520569
waiting
going to web site
Hello world	Thread-522	4

time: 946686869.832832
diff: 1.1671680212020874
waiting
going to web site
Hello world	Thread-1413	2

time: 946686871.841833
diff: -0.8418329954147339
going to web site
Hello world	Thread-1414	4

time: 946686872.674665
diff: -1.6746649742126465
going to web site
Hello world	Thread-1417	3

time: 946686873.5124971
diff: -2.512497067451477
going to web site
Hello world	Thread-1419	2

time: 946686874.351329
diff: -3.35132896900177
going to web site
Hello world	Thread-1420	2

time: 946686875.1841611
diff: -3.184161067008972
going to web site
Hello world	Thread-1421	2

time: 946686876.016993
diff: -4.016993045806885
going to web site
Hello world	Thread-1424	2

time: 946686876.868825
diff: -4.8688249588012695
going to web site
Hello world	Thread-1426	3

time: 946686877.7016569
diff: -5.701656937599182
going to web site
Hello world	Thread-1429	2

time: 946686878.5444889
diff: -6.544488906860352
going to web site
Hello world	Thread-1431	2

time: 946686879.3833209
diff: -7.383320927619934
going to web site
Hello world	Thread-1435	2

time: 946686880.222465
diff: -7.2224650382995605
going to web site
Hello world	Thread-1441	2

time: 946686881.061297
diff: -6.061297059059143
going to web site
Hello world	Thread-1445	3

time: 946686881.907853
diff: -2.9078530073165894
going to web site
Hello world	Thread-1448	3

time: 946686882.746685
diff: 12.253314971923828
waiting
going to web site
Hello world	Thread-1481	3

time: 946686895.836833
diff: -0.8368330001831055
going to web site
Hello world	Thread-1483	2

time: 946686896.669665
diff: 8.330335021018982
waiting
going to web site
Hello world	Thread-663	3

time: 946686905.841833
diff: 13.158167004585266
waiting
going to web site
Hello world	Thread-719	3

time: 946686919.84848
diff: 15.151520013809204
waiting
going to web site
Hello world	Thread-783	3

time: 946686935.850833
diff: 6.149166941642761
waiting
going to web site
Hello world	Thread-1802	5

time: 946686942.8398321
diff: 7.160167932510376
waiting
going to web site
Hello world	Thread-849	6

time: 946686950.8398321
diff: 16.160167932510376
waiting
going to web site
Hello world	Thread-925	4

time: 946686967.832832
diff: 11.167168021202087
waiting
going to web site
Hello world	Thread-987	3

time: 946686979.841833
diff: 18.158167004585266
waiting
going to web site
Hello world	Thread-1074	3

time: 946686998.854833
diff: 18.145166993141174
waiting
going to web site
Hello world	Thread-1163	5

time: 946687017.836832
diff: 32.16316795349121
waiting
going to web site
Hello world	Thread-1319	2

time: 946687050.832832
diff: 22.167168021202087
waiting
going to web site
Hello world	Thread-1419	3

time: 946687073.848833
diff: 21.151167035102844
waiting
going to web site
Hello world	Thread-1512	4

time: 946687095.841833
diff: 23.158167004585266
waiting
going to web site
Hello world	Thread-1620	3

time: 946687119.841833
diff: 22.158167004585266
waiting
going to web site
Hello world	Thread-1719	3

time: 946687142.832833
diff: 35.16716694831848
waiting
going to web site
Hello world	Thread-1856	4

time: 946687178.832832
diff: 9.167168021202087
waiting
going to web site
Hello world	Thread-1908	4

time: 946687189.832833
diff: 19.16716694831848
waiting
going to web site
Hello world	Thread-1993	6

time: 946687209.832832
diff: 29.167168021202087
waiting
going to web site
Hello world	Thread-2116	3

time: 946687239.832833
diff: 25.16716694831848
waiting
going to web site
Hello world	Thread-2240	7

time: 946687265.832832
diff: 26.167168021202087
waiting
going to web site
Hello world	Thread-2366	4

time: 946687293.84848
diff: 15.151520013809204
waiting
going to web site
Hello world	Thread-2434	2

time: 946687309.841833
diff: 21.158167004585266
waiting
going to web site
Hello world	Thread-2532	5

time: 946687332.84848
diff: 27.151520013809204
waiting
going to web site
Hello world	Thread-2658	5

time: 946687360.841833
diff: 28.158167004585266
waiting
going to web site
Hello world	Thread-2783	6

time: 946687389.841833
diff: 20.158167004585266
waiting
going to web site
Hello world	Thread-2883	3

time: 946687411.8478329
diff: 21.152167081832886
waiting
going to web site
Hello world	Thread-2978	2

time: 946687433.832833
diff: 9.167166948318481
waiting
going to web site
Hello world	Thread-3013	3

time: 946687443.832832
diff: 21.167168021202087
waiting
going to web site
Hello world	Thread-3126	4

time: 946687466.842833
diff: 22.157166957855225
waiting
going to web site
Hello world	Thread-3222	6

time: 946687489.8388469
diff: 10.161153078079224
waiting
going to web site
Hello world	Thread-3272	5

time: 946687500.841833
diff: 25.158167004585266
waiting
going to web site
Hello world	Thread-3385	2

time: 946687526.841833
diff: 35.158167004585266
waiting
going to web site
Hello world	Thread-3538	2

time: 946687562.841833
diff: 23.158167004585266
waiting
going to web site
Hello world	Thread-3643	3

time: 946687586.841833
diff: 12.158167004585266
waiting
going to web site
Hello world	Thread-3701	2

time: 946687599.860833
diff: 33.139166951179504
waiting
going to web site
Hello world	Thread-3848	5

time: 946687633.836832
diff: 21.16316795349121
waiting
going to web site
Hello world	Thread-3942	4

time: 946687655.832832
diff: 29.167168021202087
waiting
going to web site
Hello world	Thread-4074	4

time: 946687685.8588331
diff: 7.141166925430298
waiting
going to web site
Hello world	Thread-4114	3

time: 946687693.836832
diff: 38.16316795349121
waiting
going to web site
Hello world	Thread-4284	5

time: 946687732.832832
diff: 24.167168021202087
waiting
going to web site
Hello world	Thread-4395	3

time: 946687757.859481
diff: 19.14051902294159
waiting
going to web site
Hello world	Thread-4487	6

time: 946687778.832833
diff: 28.16716694831848
waiting
going to web site
Hello world	Thread-4617	6

time: 946687807.832832
diff: 6.167168021202087
waiting
going to web site
Hello world	Thread-4650	3

time: 946687814.841833
diff: 23.158167004585266
waiting
going to web site
Hello world	Thread-4757	2

time: 946687838.845833
diff: 23.15416705608368
waiting
going to web site
Hello world	Thread-4862	4

time: 946687862.842833
diff: 23.157166957855225
waiting
going to web site
Hello world	Thread-4970	5

time: 946687886.832832
diff: 6.167168021202087
waiting
going to web site
Hello world	Thread-5004	2

time: 946687893.832833
diff: 29.16716694831848
waiting
going to web site
Hello world	Thread-5145	6

time: 946687923.840832
diff: 12.159168004989624
waiting
going to web site
Hello world	Thread-5208	2

time: 946687936.851833
diff: 22.14816701412201
waiting
going to web site
Hello world	Thread-5318	2

time: 946687959.841833
diff: 27.158167004585266
waiting
going to web site
Hello world	Thread-5453	3

time: 946687987.841833
diff: 16.158167004585266
waiting
going to web site
Hello world	Thread-5522	3

time: 946688004.841833
diff: 25.158167004585266
waiting
going to web site
Hello world	Thread-5643	4

time: 946688030.841833
diff: 22.158167004585266
waiting
going to web site
Hello world	Thread-5750	5

time: 946688053.841833
diff: 26.158167004585266
waiting
going to web site
Hello world	Thread-5869	4

time: 946688080.845833
diff: 22.15416705608368
waiting
going to web site
Hello world	Thread-5965	3

time: 946688103.841833
diff: 21.158167004585266
waiting
going to web site
Hello world	Thread-6067	3

time: 946688125.841833
diff: 16.158167004585266
waiting
going to web site
Hello world	Thread-6132	2

time: 946688142.841833
diff: 18.158167004585266
waiting
going to web site
Hello world	Thread-6214	2

time: 946688161.841833
diff: 20.158167004585266
waiting
going to web site
Hello world	Thread-6305	3

time: 946688182.832833
diff: 17.16716694831848
waiting
going to web site
Hello world	Thread-6382	2

time: 946688200.832832
diff: 26.167168021202087
waiting
going to web site
Hello world	Thread-6512	2

time: 946688228.842833
diff: 28.157166957855225
waiting
going to web site
Hello world	Thread-6636	2

time: 946688257.832832
diff: 18.167168021202087
waiting
going to web site
Hello world	Thread-6716	2

time: 946688276.841833
diff: 14.158167004585266
waiting
going to web site
Hello world	Thread-6786	3

time: 946688291.832833
diff: 32.16716694831848
waiting
going to web site
Hello world	Thread-6934	2

time: 946688324.836832
diff: 27.16316795349121
waiting
going to web site
Hello world	Thread-7050	3

time: 946688352.832832
diff: 21.167168021202087
waiting
going to web site
Hello world	Thread-7154	4

time: 946688374.841833
diff: 27.158167004585266
waiting
going to web site
Hello world	Thread-7276	2

time: 946688402.841833
diff: 24.158167004585266
waiting
going to web site
Hello world	Thread-7389	5

time: 946688427.832833
diff: 27.16716694831848
waiting
going to web site
Hello world	Thread-7507	3

time: 946688455.832832
diff: 7.167168021202087
waiting
going to web site
Hello world	Thread-7548	2

time: 946688463.836833
diff: 34.163166999816895
waiting
going to web site
Hello world	Thread-7704	3

time: 946688498.832832
diff: 11.167168021202087
waiting
going to web site
Hello world	Thread-7754	3

time: 946688510.841833
diff: 24.158167004585266
waiting
going to web site
Hello world	Thread-7879	4

time: 946688538.859833
diff: 6.140166997909546
waiting
going to web site
Hello world	Thread-7907	2

time: 946688545.832832
diff: 22.167168021202087
waiting
going to web site
Hello world	Thread-8019	2

time: 946688569.860965
diff: 30.13903498649597
waiting
going to web site
Hello world	Thread-8148	2

time: 946688600.832832
diff: 11.167168021202087
waiting
going to web site
Hello world	Thread-8206	2

time: 946688612.841833
diff: 21.158167004585266
waiting
going to web site
Hello world	Thread-8298	3

time: 946688634.841833
diff: 17.158167004585266
waiting
going to web site
Hello world	Thread-8371	2

time: 946688652.851833
diff: 20.14816701412201
waiting
going to web site
Hello world	Thread-8462	2

time: 946688673.841833
diff: 31.158167004585266
waiting
going to web site
Hello world	Thread-8593	2

time: 946688705.842833
diff: 26.157166957855225
waiting
going to web site
Hello world	Thread-8699	4

time: 946688732.832832
diff: 26.167168021202087
waiting
going to web site
Hello world	Thread-8808	2

time: 946688759.860833
diff: 27.139166951179504
waiting
going to web site
Hello world	Thread-8912	4

time: 946688787.832832
diff: 21.167168021202087
waiting
going to web site
Hello world	Thread-9008	3

time: 946688809.833833
diff: 23.16616702079773
waiting
going to web site
Hello world	Thread-9112	3

time: 946688834.845833
diff: 25.15416705608368
waiting
going to web site
Hello world	Thread-9221	4

time: 946688860.842833
diff: 27.157166957855225
waiting
going to web site
Hello world	Thread-9341	3

time: 946688888.842774
diff: 22.157225966453552
waiting
going to web site
Hello world	Thread-9434	5

time: 946688911.832832
diff: 17.167168021202087
waiting
going to web site
Hello world	Thread-9515	3

time: 946688929.841833
diff: 35.158167004585266
waiting
going to web site
Hello world	Thread-9673	4

time: 946688965.832833
diff: 21.16716694831848
waiting
going to web site
Hello world	Thread-9780	4

time: 946688987.836832
diff: 26.16316795349121
waiting
going to web site
Hello world	Thread-9912	4

time: 946689015.836832
diff: 16.16316795349121
waiting
going to web site
Hello world	Thread-9989	4

time: 946689032.832832
diff: 8.167168021202087
waiting
going to web site
Hello world	Thread-10028	2

time: 946689041.832833
diff: 21.16716694831848
waiting
going to web site
Hello world	Thread-10124	4

time: 946689063.8358321
diff: 25.164167881011963
waiting
going to web site
Hello world	Thread-10256	3

time: 946689089.832832
diff: 22.167168021202087
waiting
going to web site
Hello world	Thread-10361	2

time: 946689113.8508971
diff: 13.149102926254272
waiting
going to web site
Hello world	Thread-10426	4

time: 946689127.832832
diff: 34.16716802120209
waiting
going to web site
Hello world	Thread-10592	3

time: 946689162.841833
diff: 11.158167004585266
waiting
going to web site
Hello world	Thread-10648	3

time: 946689174.841833
diff: 19.158167004585266
waiting
going to web site
Hello world	Thread-10747	2

time: 946689194.841833
diff: 21.158167004585266
waiting
going to web site
Hello world	Thread-10870	3

time: 946689219.841833
diff: 6.158167004585266
waiting
going to web site
Hello world	Thread-10901	4

time: 946689226.832833
diff: 20.16716694831848
waiting
going to web site
Hello world	Thread-11000	4

time: 946689247.832832
diff: 39.16716802120209
waiting
going to web site
Hello world	Thread-11190	4

time: 946689287.832833
diff: 16.16716694831848
waiting
going to web site
Hello world	Thread-11275	3

time: 946689304.832832
diff: 13.167168021202087
waiting
going to web site
Hello world	Thread-11347	2

time: 946689319.841833
diff: 23.158167004585266
waiting
going to web site
Hello world	Thread-11457	2

time: 946689343.841833
diff: 29.158167004585266
waiting
going to web site
Hello world	Thread-11607	2

time: 946689374.860833
diff: 12.139166951179504
waiting
going to web site
Hello world	Thread-11664	4

time: 946689387.832832
diff: 26.167168021202087
waiting
going to web site
Hello world	Thread-11796	3

time: 946689417.861833
diff: 9.138167023658752
waiting
going to web site
Hello world	Thread-11882	2

time: 946689434.841833
diff: 15.158167004585266
waiting
going to web site
Hello world	Thread-11961	4

time: 946689453.841833
diff: 16.158167004585266
waiting
going to web site
Hello world	Thread-12075	2

time: 946689477.841833
diff: 15.158167004585266
waiting
going to web site
Hello world	Thread-12148	2

time: 946689493.841833
diff: 23.158167004585266
waiting
going to web site
Hello world	Thread-12250	4

time: 946689517.841833
diff: 22.158167004585266
waiting
going to web site
Hello world	Thread-12356	4

time: 946689540.832833
diff: 23.16716694831848
waiting
going to web site
Hello world	Thread-12471	4

time: 946689564.832832
diff: 18.167168021202087
waiting
going to web site
Hello world	Thread-12561	2

time: 946689584.851833
diff: 3.1481670141220093
waiting
going to web site
Hello world	Thread-12582	3

time: 946689588.842833
diff: 29.157166957855225
waiting
going to web site
Hello world	Thread-12711	2

time: 946689618.836832
diff: 24.16316795349121
waiting
going to web site
Hello world	Thread-12823	2

time: 946689643.832832
diff: 38.16716802120209
waiting
going to web site
Hello world	Thread-13020	3

time: 946689683.841833
diff: 12.158167004585266
waiting
going to web site
Hello world	Thread-13080	2

time: 946689697.860833
diff: 35.139166951179504
waiting
going to web site
Hello world	Thread-13237	4

time: 946689733.836832
diff: 17.16316795349121
waiting
going to web site
Hello world	Thread-13325	7

time: 946689751.834832
diff: 8.165168046951294
waiting
going to web site
Hello world	Thread-13368	4

time: 946689760.841833
diff: 21.158167004585266
waiting
going to web site
Hello world	Thread-13460	3

time: 946689782.841833
diff: 14.158167004585266
waiting
going to web site
Hello world	Thread-13533	6

time: 946689797.832833
diff: 23.16716694831848
waiting
going to web site
Hello world	Thread-13645	4

time: 946689821.832832
diff: 14.167168021202087
waiting
going to web site
Hello world	Thread-13716	2

time: 946689837.841833
diff: 26.158167004585266
waiting
going to web site
Hello world	Thread-13846	2

time: 946689864.850833
diff: 14.149166941642761
waiting
going to web site
Hello world	Thread-13918	5

time: 946689880.838832
diff: 20.161167979240417
waiting
going to web site
Hello world	Thread-14012	6

time: 946689901.832832
diff: 27.167168021202087
waiting
going to web site
Hello world	Thread-14132	6

time: 946689929.5350649
diff: 14.464935064315796
waiting
going to web site
Hello world	Thread-14197	6

time: 946689944.526065
diff: 35.47393500804901
waiting
going to web site
Hello world	Thread-14347	6

time: 946689980.544065
diff: 17.45593500137329
waiting
going to web site
Hello world	Thread-14435	4

time: 946689998.544065
diff: 15.455935001373291
waiting
going to web site
Hello world	Thread-14501	5

time: 946690014.546065
diff: 20.453935027122498
waiting
going to web site
Hello world	Thread-14589	7

time: 946690035.544065
diff: 26.45593500137329
waiting
going to web site
Hello world	Thread-14709	5

time: 946690062.5350649
diff: 28.464935064315796
waiting
going to web site
Hello world	Thread-14830	6

time: 946690091.544064
diff: 13.455935955047607
waiting
going to web site
Hello world	Thread-14892	6

time: 946690105.5350641
diff: 30.464935898780823
waiting
going to web site
Hello world	Thread-15023	6

time: 946690136.534064
diff: 35.465935945510864
waiting
going to web site
Hello world	Thread-15169	4

time: 946690172.526064
diff: 13.473935961723328
waiting
going to web site
Hello world	Thread-15227	4

time: 946690186.5350641
diff: 27.464935898780823
waiting
going to web site
Hello world	Thread-15354	5

time: 946690214.5350641
diff: 9.464935898780823
waiting
going to web site
Hello world	Thread-15395	6

time: 946690224.526064
diff: 35.47393596172333
waiting
going to web site
Hello world	Thread-15554	7

time: 946690260.5350641
diff: 9.464935898780823
waiting
going to web site
Hello world	Thread-15605	5

time: 946690270.526064
diff: 26.473935961723328
waiting
going to web site
Hello world	Thread-15719	4

time: 946690297.5350641
diff: 33.46493589878082
waiting
going to web site
Hello world	Thread-15859	7

time: 946690331.5350641
diff: 16.464935898780823
waiting
going to web site
Hello world	Thread-15933	5

time: 946690348.534064
diff: 20.465935945510864
waiting
going to web site
Hello world	Thread-16023	7

time: 946690369.5294169
diff: 28.470583081245422
waiting
going to web site
Hello world	Thread-16150	5

time: 946690398.544065
diff: 13.455935001373291
waiting
going to web site
Hello world	Thread-16211	4

time: 946690412.544065
diff: 18.45593500137329
waiting
going to web site
Hello world	Thread-16294	6

time: 946690431.543065
diff: 29.456935048103333
waiting
going to web site
Hello world	Thread-16426	6

time: 946690461.544065
diff: 16.45593500137329
waiting
going to web site
Hello world	Thread-16501	3

time: 946690478.544065
diff: 24.45593500137329
waiting
going to web site
Hello world	Thread-16613	4

time: 946690503.544065
diff: 23.45593500137329
waiting
going to web site
Hello world	Thread-16715	5

time: 946690527.539065
diff: 31.46093499660492
waiting
going to web site
Hello world	Thread-16850	7

time: 946690559.5350641
diff: 27.464935898780823
waiting
going to web site
Hello world	Thread-16973	7

time: 946690587.5350641
diff: 11.464935898780823
waiting
going to web site
Hello world	Thread-17030	6

time: 946690599.5350641
diff: 24.464935898780823
waiting
going to web site
Hello world	Thread-17133	3

time: 946690624.5350641
diff: 30.464935898780823
waiting
going to web site
Hello world	Thread-17261	7

time: 946690655.5350641
diff: 12.464935898780823
waiting
going to web site
Hello world	Thread-17322	4

time: 946690668.536001
diff: 22.463999032974243
waiting
going to web site
Hello world	Thread-17421	6

time: 946690691.526065
diff: 27.47393500804901
waiting
going to web site
Hello world	Thread-17541	4

time: 946690719.5350649
diff: 14.464935064315796
waiting
going to web site
Hello world	Thread-17609	5

time: 946690734.5350649
diff: 25.464935064315796
waiting
going to web site
Hello world	Thread-17722	4

time: 946690760.544065
diff: 21.45593500137329
waiting
going to web site
Hello world	Thread-17819	5

time: 946690782.526065
diff: 25.47393500804901
waiting
going to web site
Hello world	Thread-17929	7

time: 946690808.5350649
diff: 32.464935064315796
waiting
going to web site
Hello world	Thread-18070	6

time: 946690841.544065
diff: 21.45593500137329
waiting
going to web site
Hello world	Thread-18157	4

time: 946690863.5350649
diff: 23.464935064315796
waiting
going to web site
Hello world	Thread-18261	5

time: 946690887.544625
diff: 5.4553749561309814
waiting
going to web site
Hello world	Thread-18292	3

time: 946690893.5350641
diff: 38.46493589878082
waiting
going to web site
Hello world	Thread-18454	4

time: 946690932.5350641
diff: 18.464935898780823
waiting
going to web site
Hello world	Thread-18534	5

time: 946690951.5350641
diff: 25.464935898780823
waiting
going to web site
Hello world	Thread-18639	7

time: 946690977.5350641
diff: 26.464935898780823
waiting
going to web site
Hello world	Thread-18764	7

time: 946691004.5350641
diff: 5.464935898780823
waiting
going to web site
Hello world	Thread-18791	5

time: 946691010.531237
diff: 33.46876299381256
waiting
going to web site
Hello world	Thread-18938	6

time: 946691044.540064
diff: 15.459936022758484
waiting
going to web site
Hello world	Thread-19010	5

time: 946691060.526065
diff: 32.47393500804901
waiting
going to web site
Hello world	Thread-19158	5

time: 946691093.544065
diff: 23.45593500137329
waiting
going to web site
Hello world	Thread-19264	5

time: 946691117.541065
diff: 23.458935022354126
waiting
going to web site
Hello world	Thread-19368	7

time: 946691141.541065
diff: 16.458935022354126
waiting
going to web site
Hello world	Thread-19451	6

time: 946691158.544065
diff: 17.45593500137329
waiting
going to web site
Hello world	Thread-19530	6

time: 946691176.5300651
diff: 31.469934940338135
waiting
going to web site
Hello world	Thread-19667	7

time: 946691208.5350641
diff: 25.464935898780823
waiting
going to web site
Hello world	Thread-19795	7

time: 946691234.5294169
diff: 21.470583081245422
waiting
going to web site
Hello world	Thread-19898	6

time: 946691256.5350649
diff: 21.464935064315796
waiting
going to web site
Hello world	Thread-19995	6

time: 946691278.544065
diff: 7.455935001373291
waiting
going to web site
Hello world	Thread-20032	4

time: 946691286.526065
diff: 20.47393500804901
waiting
going to web site
Hello world	Thread-20125	6

time: 946691307.5350649
diff: 14.464935064315796
waiting
going to web site
Hello world	Thread-20199	4

time: 946691322.533065
diff: 24.46693503856659
waiting
going to web site
Hello world	Thread-20316	5

time: 946691347.544065
diff: 38.45593500137329
waiting
going to web site
Hello world	Thread-20515	5

time: 946691386.526065
diff: 12.473935008049011
waiting
going to web site
Hello world	Thread-20583	6

time: 946691399.535481
diff: 27.464519023895264
waiting
going to web site
Hello world	Thread-20711	5

time: 946691427.544065
diff: 12.455935001373291
waiting
going to web site
Hello world	Thread-20770	7

time: 946691440.544065
diff: 18.45593500137329
waiting
going to web site
Hello world	Thread-20868	3

time: 946691459.536065
diff: 16.463935017585754
waiting
going to web site
Hello world	Thread-20941	5

time: 946691476.544065
diff: 21.45593500137329
waiting
going to web site
Hello world	Thread-21046	5

time: 946691498.543065
diff: 26.456935048103333
waiting
going to web site
Hello world	Thread-21175	5

time: 946691525.544065
diff: 13.455935001373291
waiting
going to web site
Hello world	Thread-21240	7

time: 946691539.540065
diff: 21.459934949874878
waiting
going to web site
Hello world	Thread-21334	7

time: 946691561.5350641
diff: 32.46493589878082
waiting
going to web site
Hello world	Thread-21487	7

time: 946691594.5350641
diff: 9.464935898780823
waiting
going to web site
Hello world	Thread-21533	5

time: 946691604.5350641
diff: 17.464935898780823
waiting
going to web site
Hello world	Thread-21613	7

time: 946691622.5350641
diff: 13.464935898780823
waiting
going to web site
Hello world	Thread-21676	5

time: 946691636.526064
diff: 27.473935961723328
waiting
going to web site
Hello world	Thread-21797	5

time: 946691664.526064
diff: 24.473935961723328
waiting
going to web site
Hello world	Thread-21906	7

time: 946691689.530064
diff: 28.46993601322174
waiting
going to web site
Hello world	Thread-22039	5

time: 946691718.5350649
diff: 19.464935064315796
waiting
going to web site
Hello world	Thread-22122	5

time: 946691738.5350649
diff: 27.464935064315796
waiting
going to web site
Hello world	Thread-22250	7

time: 946691766.540065
diff: 24.459934949874878
waiting
going to web site
Hello world	Thread-22355	7

time: 946691791.5350641
diff: 14.464935898780823
waiting
going to web site
Hello world	Thread-22420	6

time: 946691806.5345191
diff: 39.46548092365265
waiting
going to web site
Hello world	Thread-22590	5

time: 946691846.526064
diff: 16.473935961723328
waiting
going to web site
Hello world	Thread-22666	7

time: 946691863.5270641
diff: 16.472935914993286
waiting
going to web site
Hello world	Thread-22748	7

time: 946691880.534064
diff: 26.465935945510864
waiting
going to web site
Hello world	Thread-22863	6

time: 946691907.5350641
diff: 14.464935898780823
waiting
going to web site
Hello world	Thread-22935	6

time: 946691922.5350641
diff: 31.464935898780823
waiting
going to web site
Hello world	Thread-23084	7

time: 946691954.5350641
diff: 11.464935898780823
waiting
going to web site
Hello world	Thread-23136	4

time: 946691966.526064
diff: 28.473935961723328
waiting
going to web site
Hello world	Thread-23276	4

time: 946691995.5345191
diff: 24.46548092365265
waiting
going to web site
Hello world	Thread-23387	6

time: 946692020.535833
diff: 12.46416699886322
waiting
going to web site
Hello world	Thread-23454	6

time: 946692033.5294169
diff: 33.47058308124542
waiting
going to web site
Hello world	Thread-23618	7

time: 946692067.540065
diff: 18.459934949874878
waiting
going to web site
Hello world	Thread-23709	6

time: 946692086.526064
diff: 23.473935961723328
waiting
going to web site
Hello world	Thread-23816	7

time: 946692110.5350641
diff: 4.464935898780823
waiting
going to web site
Hello world	Thread-23846	7

time: 946692115.535833
diff: 25.46416699886322
waiting
going to web site
Hello world	Thread-23969	6

time: 946692141.526064
diff: 23.473935961723328
waiting
going to web site
Hello world	Thread-24080	5

time: 946692165.5350641
diff: 13.464935898780823
waiting
going to web site
Hello world	Thread-24137	6

time: 946692179.5350641
diff: 26.464935898780823
waiting
going to web site
Hello world	Thread-24262	6

time: 946692206.5350641
diff: 20.464935898780823
waiting
going to web site
Hello world	Thread-24367	5

time: 946692227.5350641
diff: 8.464935898780823
waiting
going to web site
Hello world	Thread-24400	7

time: 946692236.5350641
diff: 28.464935898780823
waiting
going to web site
Hello world	Thread-24538	4

time: 946692265.5350641
diff: 7.464935898780823
waiting
going to web site
Hello world	Thread-24567	7

time: 946692273.5350641
diff: 19.464935898780823
waiting
going to web site
Hello world	Thread-24659	5

time: 946692293.5350641
diff: 35.46493589878082
waiting
going to web site
Hello world	Thread-24819	6

time: 946692329.526064
diff: 13.473935961723328
waiting
going to web site
Hello world	Thread-24879	5

time: 946692343.5270649
diff: 37.47293508052826
waiting
going to web site
Hello world	Thread-25047	3

time: 946692381.526065
diff: 15.473935008049011
waiting
going to web site
Hello world	Thread-25117	4

time: 946692397.699561
diff: 30.3004390001297
waiting
going to web site
Hello world	Thread-25240	5

time: 946692428.699561
diff: 22.3004390001297
waiting
going to web site
Hello world	Thread-25334	3

time: 946692451.699561
diff: 17.3004390001297
waiting
going to web site
Hello world	Thread-25410	6

time: 946692469.699561
diff: 23.3004390001297
waiting
going to web site
Hello world	Thread-25513	5

time: 946692493.699561
diff: 35.3004390001297
waiting
going to web site
Hello world	Thread-25661	4

time: 946692529.699561
diff: 15.3004390001297
waiting
going to web site
Hello world	Thread-25728	6

time: 946692545.699561
diff: 18.3004390001297
waiting
going to web site
Hello world	Thread-25811	4

time: 946692564.699561
diff: 16.3004390001297
waiting
going to web site
Hello world	Thread-25888	3

time: 946692581.699561
diff: 36.3004390001297
waiting
going to web site
Hello world	Thread-26045	3

time: 946692618.699561
diff: 21.3004390001297
waiting
going to web site
Hello world	Thread-26129	3

time: 946692640.699561
diff: 13.3004390001297
waiting
going to web site
Hello world	Thread-26187	3

time: 946692654.699561
diff: 21.3004390001297
waiting
going to web site
Hello world	Thread-26269	3

time: 946692676.699561
diff: 36.3004390001297
waiting
going to web site
Hello world	Thread-26384	2

time: 946692713.699561
diff: 20.3004390001297
waiting
going to web site
Hello world	Thread-26446	3

time: 946692734.699561
diff: 21.3004390001297
waiting
going to web site
Hello world	Thread-26506	2

time: 946692756.699561
diff: 19.3004390001297
waiting
going to web site
Hello world	Thread-26554	3

time: 946692776.699561
diff: 26.3004390001297
waiting
going to web site
Hello world	Thread-26612	4

time: 946692803.699561
diff: 27.3004390001297
waiting
going to web site
Hello world	Thread-26667	5

time: 946692831.699561
diff: 17.3004390001297
waiting
going to web site
Hello world	Thread-26690	6

