time: 946686600.0
diff: 359.0
waiting
going to web site
Hello world	Thread-1859	2

time: 946686959.5350641
diff: 2.4649358987808228
waiting
going to web site
Hello world	Thread-1863	5

time: 946686962.534064
diff: 3.4659359455108643
waiting
going to web site
Hello world	Thread-1877	3

time: 946686966.535237
diff: -0.5352369546890259
going to web site
Hello world	Thread-1880	2

time: 946686967.065301
diff: -1.0653009414672852
going to web site
Hello world	Thread-1882	3

time: 946686967.591365
diff: -1.5913649797439575
going to web site
Hello world	Thread-1884	2

time: 946686968.1184291
diff: -2.1184290647506714
going to web site
Hello world	Thread-1886	2

time: 946686968.668493
diff: -0.6684930324554443
going to web site
Hello world	Thread-1888	3

time: 946686969.1945571
diff: -0.1945570707321167
going to web site
Hello world	Thread-940	6

time: 946686969.7206211
diff: 10.279378890991211
waiting
going to web site
Hello world	Thread-1919	4

time: 946686980.5350649
diff: 9.464935064315796
waiting
going to web site
Hello world	Thread-1029	7

time: 946686990.5460559
diff: 22.453944087028503
waiting
going to web site
Hello world	Thread-1140	6

time: 946687013.5350649
diff: 18.464935064315796
waiting
going to web site
Hello world	Thread-2024	2

time: 946687032.540065
diff: -0.5400650501251221
going to web site
Hello world	Thread-2025	2

time: 946687033.066129
diff: -1.0661289691925049
going to web site
Hello world	Thread-2026	3

time: 946687033.598193
diff: -0.5981930494308472
going to web site
Hello world	Thread-2028	2

time: 946687034.130257
diff: -1.1302570104599
going to web site
Hello world	Thread-2029	2

time: 946687034.663321
diff: -1.6633210182189941
going to web site
Hello world	Thread-2030	2

time: 946687035.1893849
diff: -2.189384937286377
going to web site
Hello world	Thread-2031	2

time: 946687035.715449
diff: 1.2845510244369507
waiting
going to web site
Hello world	Thread-2032	3

time: 946687037.526065
diff: 0.47393500804901123
waiting
going to web site
Hello world	Thread-1255	5

time: 946687038.5450649
diff: 16.45493507385254
waiting
going to web site
Hello world	Thread-1333	6

time: 946687055.5350649
diff: 13.464935064315796
waiting
going to web site
Hello world	Thread-1397	5

time: 946687069.544363
diff: 22.455636978149414
waiting
going to web site
Hello world	Thread-1498	7

time: 946687092.5350641
diff: 4.464935898780823
waiting
going to web site
Hello world	Thread-1519	8

time: 946687097.526064
diff: 26.473935961723328
waiting
going to web site
Hello world	Thread-1637	6

time: 946687124.532064
diff: 19.467936038970947
waiting
going to web site
Hello world	Thread-1722	4

time: 946687144.533065
diff: 10.46693503856659
waiting
going to web site
Hello world	Thread-1761	6

time: 946687155.5300651
diff: 31.469934940338135
waiting
going to web site
Hello world	Thread-1894	6

time: 946687187.5350641
diff: 30.464935898780823
waiting
going to web site
Hello world	Thread-2032	6

time: 946687218.5294169
diff: 25.470583081245422
waiting
going to web site
Hello world	Thread-2137	7

time: 946687244.539065
diff: 18.46093499660492
waiting
going to web site
Hello world	Thread-2223	7

time: 946687263.5350641
diff: 21.464935898780823
waiting
going to web site
Hello world	Thread-2329	6

time: 946687285.5290639
diff: 19.470936059951782
waiting
going to web site
Hello world	Thread-2415	8

time: 946687305.544065
diff: 24.45593500137329
waiting
going to web site
Hello world	Thread-2518	7

time: 946687330.544065
diff: 17.45593500137329
waiting
going to web site
Hello world	Thread-2598	3

time: 946687348.526065
diff: 37.47393500804901
waiting
going to web site
Hello world	Thread-2771	4

time: 946687386.526065
diff: 22.47393500804901
waiting
going to web site
Hello world	Thread-2867	7

time: 946687409.540065
diff: 8.459934949874878
waiting
going to web site
Hello world	Thread-2914	5

time: 946687418.5350641
diff: 28.464935898780823
waiting
going to web site
Hello world	Thread-3029	7

time: 946687447.5350641
diff: 32.46493589878082
waiting
going to web site
Hello world	Thread-3177	5

time: 946687480.532064
diff: 25.467936038970947
waiting
going to web site
Hello world	Thread-3291	6

time: 946687506.5350649
diff: 13.464935064315796
waiting
going to web site
Hello world	Thread-3352	6

time: 946687520.542065
diff: 28.457934975624084
waiting
going to web site
Hello world	Thread-3478	7

time: 946687549.5350009
diff: 15.464999079704285
waiting
going to web site
Hello world	Thread-3549	3

time: 946687565.841833
diff: 22.158167004585266
waiting
going to web site
Hello world	Thread-3651	4

time: 946687588.842041
diff: 18.157958984375
waiting
going to web site
Hello world	Thread-3733	5

time: 946687607.832832
diff: 11.167168021202087
waiting
going to web site
Hello world	Thread-3793	3

time: 946687619.841833
diff: 28.158167004585266
waiting
going to web site
Hello world	Thread-3908	3

time: 946687648.841833
diff: 15.158167004585266
waiting
going to web site
Hello world	Thread-3980	3

time: 946687664.841833
diff: 22.158167004585266
waiting
going to web site
Hello world	Thread-4086	4

time: 946687687.841833
diff: 30.158167004585266
waiting
going to web site
Hello world	Thread-4221	4

time: 946687718.8588331
diff: 29.141166925430298
waiting
going to web site
Hello world	Thread-4354	4

time: 946687748.832832
diff: 14.167168021202087
waiting
going to web site
Hello world	Thread-4421	5

time: 946687763.841833
diff: 30.158167004585266
waiting
going to web site
Hello world	Thread-4560	2

time: 946687794.841833
diff: 12.158167004585266
waiting
going to web site
Hello world	Thread-4618	4

time: 946687807.841833
diff: 32.158167004585266
waiting
going to web site
Hello world	Thread-4763	4

time: 946687840.844833
diff: 20.15516698360443
waiting
going to web site
Hello world	Thread-4861	3

time: 946687862.842833
diff: 34.157166957855225
waiting
going to web site
Hello world	Thread-5024	5

time: 946687897.832832
diff: 10.167168021202087
waiting
going to web site
Hello world	Thread-5071	2

time: 946687908.832833
diff: 21.16716694831848
waiting
going to web site
Hello world	Thread-5181	5

time: 946687930.832832
diff: 25.167168021202087
waiting
going to web site
Hello world	Thread-5311	3

time: 946687957.841833
diff: 13.158167004585266
waiting
going to web site
Hello world	Thread-5375	4

time: 946687971.841833
diff: 18.158167004585266
waiting
going to web site
Hello world	Thread-5462	2

time: 946687990.841833
diff: 17.158167004585266
waiting
going to web site
Hello world	Thread-5544	2

time: 946688008.841833
diff: 22.158167004585266
waiting
going to web site
Hello world	Thread-5654	3

time: 946688032.841833
diff: 19.158167004585266
waiting
going to web site
Hello world	Thread-5741	6

time: 946688052.832833
diff: 20.16716694831848
waiting
going to web site
Hello world	Thread-5831	5

time: 946688073.832832
diff: 21.167168021202087
waiting
going to web site
Hello world	Thread-5933	4

time: 946688095.832833
diff: 35.16716694831848
waiting
going to web site
Hello world	Thread-6092	2

time: 946688131.836832
diff: 13.163167953491211
waiting
going to web site
Hello world	Thread-6143	5

time: 946688145.832832
diff: 24.167168021202087
waiting
going to web site
Hello world	Thread-6252	4

time: 946688170.539065
diff: 31.46093499660492
waiting
going to web site
Hello world	Thread-6389	7

time: 946688202.526064
diff: 14.473935961723328
waiting
going to web site
Hello world	Thread-6456	7

time: 946688217.5350641
diff: 21.464935898780823
waiting
going to web site
Hello world	Thread-6554	7

time: 946688239.5350641
diff: 19.464935898780823
waiting
going to web site
Hello world	Thread-6641	6

time: 946688259.5350641
diff: 11.464935898780823
waiting
going to web site
Hello world	Thread-6689	6

time: 946688271.526064
diff: 21.473935961723328
waiting
going to web site
Hello world	Thread-6793	4

time: 946688293.526064
diff: 28.473935961723328
waiting
going to web site
Hello world	Thread-6923	5

time: 946688322.526064
diff: 26.473935961723328
waiting
going to web site
Hello world	Thread-7036	5

time: 946688349.5350641
diff: 23.464935898780823
waiting
going to web site
Hello world	Thread-7145	6

time: 946688373.5350641
diff: 20.464935898780823
waiting
going to web site
Hello world	Thread-7237	7

time: 946688394.526064
diff: 19.473935961723328
waiting
going to web site
Hello world	Thread-7327	7

time: 946688414.532325
diff: 32.46767497062683
waiting
going to web site
Hello world	Thread-7472	7

time: 946688447.5350641
diff: 22.464935898780823
waiting
going to web site
Hello world	Thread-7578	8

time: 946688470.5350641
diff: 14.464935898780823
waiting
going to web site
Hello world	Thread-7642	6

time: 946688485.526064
diff: 37.47393596172333
waiting
going to web site
Hello world	Thread-7815	3

time: 946688523.526064
diff: 13.473935961723328
waiting
going to web site
Hello world	Thread-7869	8

time: 946688537.5350641
diff: 35.46493589878082
waiting
going to web site
Hello world	Thread-8031	4

time: 946688573.5350641
diff: 3.4649358987808228
waiting
going to web site
Hello world	Thread-8050	4

time: 946688577.5350641
diff: 37.46493589878082
waiting
going to web site
Hello world	Thread-8216	4

time: 946688615.5350641
diff: 7.464935898780823
waiting
going to web site
Hello world	Thread-8248	3

time: 946688623.526064
diff: 16.473935961723328
waiting
going to web site
Hello world	Thread-8319	6

time: 946688640.5350641
diff: 23.464935898780823
waiting
going to web site
Hello world	Thread-8425	7

time: 946688664.526064
diff: 24.473935961723328
waiting
going to web site
Hello world	Thread-8527	6

time: 946688689.5294169
diff: 13.470583081245422
waiting
going to web site
Hello world	Thread-8581	4

time: 946688703.5350649
diff: 14.464935064315796
waiting
going to web site
Hello world	Thread-8640	3

time: 946688718.544065
diff: 14.455935001373291
waiting
going to web site
Hello world	Thread-8702	6

time: 946688733.5350649
diff: 31.464935064315796
waiting
going to web site
Hello world	Thread-8824	7

time: 946688765.5350649
diff: 32.464935064315796
waiting
going to web site
Hello world	Thread-8962	3

time: 946688798.841833
diff: 21.158167004585266
waiting
going to web site
Hello world	Thread-9047	4

time: 946688820.832833
diff: 21.16716694831848
waiting
going to web site
Hello world	Thread-9144	4

time: 946688842.832832
diff: 36.16716802120209
waiting
going to web site
Hello world	Thread-9299	2

time: 946688879.832833
diff: 34.16716694831848
waiting
going to web site
Hello world	Thread-9449	5

time: 946688914.832832
diff: 16.167168021202087
waiting
going to web site
Hello world	Thread-9533	3

time: 946688932.841833
diff: 16.158167004585266
waiting
going to web site
Hello world	Thread-9597	4

time: 946688949.841833
diff: 32.158167004585266
waiting
going to web site
Hello world	Thread-9752	3

time: 946688982.841833
diff: 17.158167004585266
waiting
going to web site
Hello world	Thread-9844	3

time: 946689001.845833
diff: 15.15416705608368
waiting
going to web site
Hello world	Thread-9924	3

time: 946689017.845833
diff: 30.15416705608368
waiting
going to web site
Hello world	Thread-10064	2

time: 946689049.851833
diff: 21.14816701412201
waiting
going to web site
Hello world	Thread-10164	3

time: 946689071.841833
diff: 30.158167004585266
waiting
going to web site
Hello world	Thread-10307	3

time: 946689102.841833
diff: 21.158167004585266
waiting
going to web site
Hello world	Thread-10415	4

time: 946689124.841833
diff: 27.158167004585266
waiting
going to web site
Hello world	Thread-10549	2

time: 946689152.841833
diff: 2.158167004585266
waiting
going to web site
Hello world	Thread-10557	2

time: 946689155.832833
diff: 26.16716694831848
waiting
going to web site
Hello world	Thread-10688	4

time: 946689182.836832
diff: 27.16316795349121
waiting
going to web site
Hello world	Thread-10820	5

time: 946689210.832832
diff: 15.167168021202087
waiting
going to web site
Hello world	Thread-10900	2

time: 946689226.832833
diff: 23.16716694831848
waiting
going to web site
Hello world	Thread-11013	4

time: 946689250.832832
diff: 26.167168021202087
waiting
going to web site
Hello world	Thread-11148	2

time: 946689278.841833
diff: 19.158167004585266
waiting
going to web site
Hello world	Thread-11248	2

time: 946689298.832833
diff: 11.167166948318481
waiting
going to web site
Hello world	Thread-11303	2

time: 946689310.832832
diff: 14.167168021202087
waiting
going to web site
Hello world	Thread-11372	3

time: 946689325.832833
diff: 17.16716694831848
waiting
going to web site
Hello world	Thread-11455	4

time: 946689343.832832
diff: 24.167168021202087
waiting
going to web site
Hello world	Thread-11610	3

time: 946689375.841833
diff: 14.158167004585266
waiting
going to web site
Hello world	Thread-11679	2

time: 946689390.841833
diff: 21.158167004585266
waiting
going to web site
Hello world	Thread-11768	3

time: 946689412.526065
diff: 18.47393500804901
waiting
going to web site
Hello world	Thread-11864	6

time: 946689431.544421
diff: 37.45557904243469
waiting
going to web site
Hello world	Thread-12030	4

time: 946689469.544065
diff: 8.455935001373291
waiting
going to web site
Hello world	Thread-12077	6

time: 946689478.539065
diff: 28.46093499660492
waiting
going to web site
Hello world	Thread-12201	4

time: 946689507.526064
diff: 13.473935961723328
waiting
going to web site
Hello world	Thread-12263	7

time: 946689521.5350641
diff: 22.464935898780823
waiting
going to web site
Hello world	Thread-12377	5

time: 946689544.526064
diff: 14.473935961723328
waiting
going to web site
Hello world	Thread-12447	5

time: 946689559.5345191
diff: 17.46548092365265
waiting
going to web site
Hello world	Thread-12521	4

time: 946689577.5330639
diff: 31.466936111450195
waiting
going to web site
Hello world	Thread-12663	7

time: 946689609.5350649
diff: 26.464935064315796
waiting
going to web site
Hello world	Thread-12792	5

time: 946689636.526065
diff: 16.47393500804901
waiting
going to web site
Hello world	Thread-12870	5

time: 946689653.544065
diff: 19.45593500137329
waiting
going to web site
Hello world	Thread-12963	7

time: 946689673.5350649
diff: 8.464935064315796
waiting
going to web site
Hello world	Thread-13012	5

time: 946689682.5350649
diff: 20.464935064315796
waiting
going to web site
Hello world	Thread-13105	4

time: 946689703.526065
diff: 37.47393500804901
waiting
going to web site
Hello world	Thread-13269	7

time: 946689741.5350649
diff: 16.464935064315796
waiting
going to web site
Hello world	Thread-13358	4

time: 946689758.544065
diff: 34.45593500137329
waiting
going to web site
Hello world	Thread-13510	7

time: 946689793.540065
diff: 23.459934949874878
waiting
going to web site
Hello world	Thread-13625	6

time: 946689817.5350641
diff: 15.464935898780823
waiting
going to web site
Hello world	Thread-13691	7

time: 946689833.5350649
diff: 32.464935064315796
waiting
going to web site
Hello world	Thread-13853	7

time: 946689866.545037
diff: 16.454962968826294
waiting
going to web site
Hello world	Thread-13932	6

time: 946689883.5350641
diff: 6.464935898780823
waiting
going to web site
Hello world	Thread-13962	7

time: 946689890.526064
diff: 25.473935961723328
waiting
going to web site
Hello world	Thread-14071	7

time: 946689916.5350641
diff: 26.464935898780823
waiting
going to web site
Hello world	Thread-14191	6

time: 946689943.5350641
diff: 6.464935898780823
waiting
going to web site
Hello world	Thread-14228	3

time: 946689950.526064
diff: 32.47393596172333
waiting
going to web site
Hello world	Thread-14364	6

time: 946689983.5350641
diff: 11.464935898780823
waiting
going to web site
Hello world	Thread-14420	7

time: 946689995.5350641
diff: 13.464935898780823
waiting
going to web site
Hello world	Thread-14484	6

time: 946690009.5345191
diff: 27.46548092365265
waiting
going to web site
Hello world	Thread-14600	4

time: 946690037.849036
diff: 21.15096402168274
waiting
going to web site
Hello world	Thread-14700	2

time: 946690059.859037
diff: 31.140962958335876
waiting
going to web site
Hello world	Thread-14831	5

time: 946690091.849036
diff: 8.15096402168274
waiting
going to web site
Hello world	Thread-14876	2

time: 946690100.859037
diff: 35.14096295833588
waiting
going to web site
Hello world	Thread-15026	3

time: 946690136.849036
diff: 19.15096402168274
waiting
going to web site
Hello world	Thread-15110	2

time: 946690156.858037
diff: 22.141963005065918
waiting
going to web site
Hello world	Thread-15204	2

time: 946690179.850037
diff: 27.14996302127838
waiting
going to web site
Hello world	Thread-15330	2

time: 946690207.859037
diff: 15.140962958335876
waiting
going to web site
Hello world	Thread-15394	2

time: 946690223.850036
diff: 27.149963974952698
waiting
going to web site
Hello world	Thread-15516	2

time: 946690251.854935
diff: 39.14506494998932
waiting
going to web site
Hello world	Thread-15696	2

time: 946690291.849036
diff: 9.15096402168274
waiting
going to web site
Hello world	Thread-15736	2

time: 946690301.859037
diff: 21.140962958335876
waiting
going to web site
Hello world	Thread-15834	2

time: 946690323.850935
diff: 27.149065017700195
waiting
going to web site
Hello world	Thread-15952	2

time: 946690351.859037
diff: 19.140962958335876
waiting
going to web site
Hello world	Thread-16032	6

time: 946690371.849036
diff: 11.15096402168274
waiting
going to web site
Hello world	Thread-16087	2

time: 946690383.859037
diff: 21.140962958335876
waiting
going to web site
Hello world	Thread-16185	6

time: 946690405.849036
diff: 29.15096402168274
waiting
going to web site
Hello world	Thread-16316	2

time: 946690435.859037
diff: 32.14096295833588
waiting
going to web site
Hello world	Thread-16459	2

time: 946690468.863036
diff: 22.136963963508606
waiting
going to web site
Hello world	Thread-16558	2

time: 946690491.850935
diff: 15.149065017700195
waiting
going to web site
Hello world	Thread-16635	2

time: 946690508.860037
diff: 22.139963030815125
waiting
going to web site
Hello world	Thread-16739	2

time: 946690532.859037
diff: 12.140962958335876
waiting
going to web site
Hello world	Thread-16799	2

time: 946690545.850935
diff: 22.149065017700195
waiting
going to web site
Hello world	Thread-16899	2

time: 946690568.861037
diff: 27.138962984085083
waiting
going to web site
Hello world	Thread-17024	2

time: 946690597.850935
diff: 21.149065017700195
waiting
going to web site
Hello world	Thread-17112	2

time: 946690619.854037
diff: 18.145962953567505
waiting
going to web site
Hello world	Thread-17198	2

time: 946690638.832832
diff: 30.167168021202087
waiting
going to web site
Hello world	Thread-17326	3

time: 946690669.832833
diff: 20.16716694831848
waiting
going to web site
Hello world	Thread-17415	6

time: 946690690.832832
diff: 33.16716802120209
waiting
going to web site
Hello world	Thread-17565	2

time: 946690724.841833
diff: 19.158167004585266
waiting
going to web site
Hello world	Thread-17653	3

time: 946690744.841833
diff: 14.158167004585266
waiting
going to web site
Hello world	Thread-17719	3

time: 946690759.841833
diff: 23.158167004585266
waiting
going to web site
Hello world	Thread-17832	2

time: 946690784.845833
diff: 12.15416705608368
waiting
going to web site
Hello world	Thread-17887	2

time: 946690797.841833
diff: 30.158167004585266
waiting
going to web site
Hello world	Thread-18021	4

time: 946690828.841833
diff: 16.158167004585266
waiting
going to web site
Hello world	Thread-18084	2

time: 946690845.841833
diff: 25.158167004585266
waiting
going to web site
Hello world	Thread-18199	2

time: 946690871.8418959
diff: 34.15810406208038
waiting
going to web site
Hello world	Thread-18346	2

time: 946690906.841833
diff: 22.158167004585266
waiting
going to web site
Hello world	Thread-18438	5

time: 946690929.836833
diff: 13.163166999816895
waiting
going to web site
Hello world	Thread-18494	3

time: 946690943.832832
diff: 30.167168021202087
waiting
going to web site
Hello world	Thread-18631	2

time: 946690974.841833
diff: 21.158167004585266
waiting
going to web site
Hello world	Thread-18728	3

time: 946690996.841833
diff: 19.158167004585266
waiting
going to web site
Hello world	Thread-18819	2

time: 946691016.841833
diff: 22.158167004585266
waiting
going to web site
Hello world	Thread-18918	2

time: 946691039.842833
diff: 15.157166957855225
waiting
going to web site
Hello world	Thread-18991	4

time: 946691055.832832
diff: 35.16716802120209
waiting
going to web site
Hello world	Thread-19148	5

time: 946691091.832833
diff: 21.16716694831848
waiting
going to web site
Hello world	Thread-19245	4

time: 946691113.832832
diff: 20.167168021202087
waiting
going to web site
Hello world	Thread-19338	2

time: 946691134.841833
diff: 26.158167004585266
waiting
going to web site
Hello world	Thread-19468	2

time: 946691161.841833
diff: 14.158167004585266
waiting
going to web site
Hello world	Thread-19533	2

time: 946691176.836833
diff: 26.163166999816895
waiting
going to web site
Hello world	Thread-19650	5

time: 946691203.832832
diff: 22.167168021202087
waiting
going to web site
Hello world	Thread-19756	2

time: 946691226.836833
diff: 17.163166999816895
waiting
going to web site
Hello world	Thread-19833	5

time: 946691244.832832
diff: 21.167168021202087
waiting
going to web site
Hello world	Thread-19947	3

time: 946691266.841833
diff: 35.158167004585266
waiting
going to web site
Hello world	Thread-20102	3

time: 946691302.841833
diff: 15.158167004585266
waiting
going to web site
Hello world	Thread-20190	3

time: 946691319.845833
diff: 27.15416705608368
waiting
going to web site
Hello world	Thread-20318	4

time: 946691347.850833
diff: 12.149166941642761
waiting
going to web site
Hello world	Thread-20375	4

time: 946691360.836832
diff: 29.16316795349121
waiting
going to web site
Hello world	Thread-20538	5

time: 946691390.832832
diff: 11.167168021202087
waiting
going to web site
Hello world	Thread-20594	2

time: 946691402.841833
diff: 25.158167004585266
waiting
going to web site
Hello world	Thread-20723	3

time: 946691429.851833
diff: 6.148167014122009
waiting
going to web site
Hello world	Thread-20755	3

time: 946691436.841833
diff: 38.158167004585266
waiting
going to web site
Hello world	Thread-20943	4

time: 946691476.841833
diff: 15.158167004585266
waiting
going to web site
Hello world	Thread-21025	4

time: 946691493.861249
diff: 26.13875102996826
waiting
going to web site
Hello world	Thread-21156	2

time: 946691521.850833
diff: 14.149166941642761
waiting
going to web site
Hello world	Thread-21225	5

time: 946691536.832832
diff: 18.167168021202087
waiting
going to web site
Hello world	Thread-21320	2

time: 946691555.841833
diff: 21.158167004585266
waiting
going to web site
Hello world	Thread-21416	4

time: 946691578.841833
diff: 6.158167004585266
waiting
going to web site
Hello world	Thread-21446	2

time: 946691585.841833
diff: 24.158167004585266
waiting
going to web site
Hello world	Thread-21567	3

time: 946691611.860833
diff: 16.139166951179504
waiting
going to web site
Hello world	Thread-21645	2

time: 946691628.832832
diff: 24.167168021202087
waiting
going to web site
Hello world	Thread-21755	3

time: 946691653.836833
diff: 32.163166999816895
waiting
going to web site
Hello world	Thread-21892	4

time: 946691686.832832
diff: 7.167168021202087
waiting
going to web site
Hello world	Thread-21933	3

time: 946691694.850833
diff: 27.14916694164276
waiting
going to web site
Hello world	Thread-22060	2

time: 946691722.832832
diff: 23.167168021202087
waiting
going to web site
Hello world	Thread-22160	6

time: 946691746.832833
diff: 3.1671669483184814
waiting
going to web site
Hello world	Thread-22180	3

time: 946691750.832832
diff: 35.16716802120209
waiting
going to web site
Hello world	Thread-22330	4

time: 946691786.841833
diff: 14.158167004585266
waiting
going to web site
Hello world	Thread-22396	2

time: 946691801.8426639
diff: 17.157336115837097
waiting
going to web site
Hello world	Thread-22480	4

time: 946691819.832833
diff: 28.16716694831848
waiting
going to web site
Hello world	Thread-22598	6

time: 946691848.802192
diff: 41.197808027267456
waiting
going to web site
Hello world	Thread-22790	5

time: 946691890.7971929
diff: 10.202807068824768
waiting
going to web site
Hello world	Thread-22840	3

time: 946691901.7971929
diff: 28.202807068824768
waiting
going to web site
Hello world	Thread-22967	4

time: 946691930.798193
diff: 19.201807022094727
waiting
going to web site
Hello world	Thread-23063	5

time: 946691950.7971929
diff: 28.202807068824768
waiting
going to web site
Hello world	Thread-23197	5

time: 946691979.802193
diff: 9.19780695438385
waiting
going to web site
Hello world	Thread-23249	3

time: 946691989.808145
diff: 27.19185495376587
waiting
going to web site
Hello world	Thread-23378	3

time: 946692017.814192
diff: 31.185807943344116
waiting
going to web site
Hello world	Thread-23534	6

time: 946692049.797192
diff: 17.202808022499084
waiting
going to web site
Hello world	Thread-23619	5

time: 946692067.7971929
diff: 4.202807068824768
waiting
going to web site
Hello world	Thread-23646	3

time: 946692072.7991929
diff: 39.200807094573975
waiting
going to web site
Hello world	Thread-23829	6

time: 946692112.802193
diff: 7.19780695438385
waiting
going to web site
Hello world	Thread-23874	5

time: 946692120.802192
diff: 25.197808027267456
waiting
going to web site
Hello world	Thread-23995	4

time: 946692146.802193
diff: 22.19780695438385
waiting
going to web site
Hello world	Thread-24096	3

time: 946692169.8031449
diff: 15.196855068206787
waiting
going to web site
Hello world	Thread-24171	6

time: 946692185.7971929
diff: 23.202807068824768
waiting
going to web site
Hello world	Thread-24281	5

time: 946692209.802193
diff: 18.19780695438385
waiting
going to web site
Hello world	Thread-24374	3

time: 946692228.797192
diff: 30.202808022499084
waiting
going to web site
Hello world	Thread-24509	6

time: 946692259.7971929
diff: 13.202807068824768
waiting
going to web site
Hello world	Thread-24568	6

time: 946692273.802193
diff: 23.19780695438385
waiting
going to web site
Hello world	Thread-24682	2

time: 946692297.8031449
diff: 15.196855068206787
waiting
going to web site
Hello world	Thread-24750	2

time: 946692313.8031449
diff: 17.196855068206787
waiting
going to web site
Hello world	Thread-24830	5

time: 946692331.7971929
diff: 25.202807068824768
waiting
going to web site
Hello world	Thread-24941	4

time: 946692357.802193
diff: 18.19780695438385
waiting
going to web site
Hello world	Thread-25028	2

time: 946692376.802192
diff: 17.197808027267456
waiting
going to web site
Hello world	Thread-25100	4

time: 946692394.8031449
diff: 22.196855068206787
waiting
going to web site
Hello world	Thread-25190	5

time: 946692417.8031449
diff: 29.196855068206787
waiting
going to web site
Hello world	Thread-25321	5

time: 946692447.7971929
diff: 17.202807068824768
waiting
going to web site
Hello world	Thread-25394	2

time: 946692465.841833
diff: 18.158167004585266
waiting
going to web site
Hello world	Thread-25476	2

time: 946692484.842833
diff: 34.157166957855225
waiting
going to web site
Hello world	Thread-25624	3

time: 946692519.832832
diff: 21.167168021202087
waiting
going to web site
Hello world	Thread-25712	5

time: 946692541.832833
diff: 27.16716694831848
waiting
going to web site
Hello world	Thread-25834	4

time: 946692569.832832
diff: 14.167168021202087
waiting
going to web site
Hello world	Thread-25901	3

time: 946692584.841833
diff: 31.158167004585266
waiting
going to web site
Hello world	Thread-26035	3

time: 946692616.841833
diff: 27.158167004585266
waiting
going to web site
Hello world	Thread-26144	4

time: 946692644.841833
diff: 26.158167004585266
waiting
going to web site
Hello world	Thread-26244	4

time: 946692671.832833
diff: 17.16716694831848
waiting
going to web site
Hello world	Thread-26308	3

time: 946692689.832832
diff: 18.167168021202087
waiting
going to web site
Hello world	Thread-26371	3

time: 946692708.832833
diff: 30.16716694831848
waiting
going to web site
Hello world	Thread-26463	3

time: 946692739.832832
diff: 8.167168021202087
waiting
going to web site
Hello world	Thread-26490	2

time: 946692748.845833
diff: 29.15416705608368
waiting
going to web site
Hello world	Thread-26560	2

time: 946692778.832833
diff: 17.16716694831848
waiting
going to web site
Hello world	Thread-26597	3

time: 946692796.832832
diff: 21.167168021202087
waiting
going to web site
Hello world	Thread-26641	2

time: 946692818.832833
diff: 31.16716694831848
waiting
going to web site
Hello world	Thread-26696	3

time: 946692850.832832
diff: 15.167168021202087
waiting
going to web site
Hello world	Thread-26718	2

time: 946692866.832833
diff: 36.16716694831848
waiting
going to web site
Hello world	Thread-26764	3

time: 946692903.832832
diff: 25.167168021202087
waiting
going to web site
Hello world	Thread-26785	2

time: 946692929.832833
diff: 3.1671669483184814
waiting
going to web site
Hello world	Thread-26787	2

time: 946692933.832832
diff: 22.167168021202087
waiting
going to web site
Hello world	Thread-26798	2

