time: 946686600.0
diff: 0.0
going to web site
Hello world	Thread-14	6

time: 946686603.580656
diff: 117.41934394836426
waiting
going to web site
Hello world	Thread-96	3

time: 946686722.596057
diff: 118.40394294261932
waiting
going to web site
Hello world	Thread-296	5

time: 946686844.5856571
diff: 56.41434288024902
waiting
going to web site
Hello world	Thread-385	4

time: 946686916.590656
diff: 44.409343957901
waiting
going to web site
Hello world	Thread-454	5

time: 946686968.585656
diff: 112.41434395313263
waiting
going to web site
Hello world	Thread-556	4

time: 946687084.580656
diff: 117.41934394836426
waiting
going to web site
Hello world	Thread-668	4

time: 946687202.6116571
diff: 119.38834285736084
waiting
going to web site
Hello world	Thread-806	2

time: 946687322.6111239
diff: 59.388876080513
waiting
going to web site
Hello world	Thread-884	5

time: 946687383.586657
diff: 118.41334295272827
waiting
going to web site
Hello world	Thread-1038	4

time: 946687505.590656
diff: 116.409343957901
waiting
going to web site
Hello world	Thread-1132	4

time: 946687622.580656
diff: 59.41934394836426
waiting
going to web site
Hello world	Thread-1220	2

time: 946687683.62302
diff: 119.37697994709015
waiting
going to web site
Hello world	Thread-1369	4

time: 946687806.5896571
diff: 116.41034293174744
waiting
going to web site
Hello world	Thread-1503	5

time: 946687926.5846571
diff: 116.41534292697906
waiting
going to web site
Hello world	Thread-1661	5

time: 946688050.582656
diff: 52.417343974113464
waiting
going to web site
Hello world	Thread-1710	3

time: 946688106.580656
diff: 56.41934394836426
waiting
going to web site
Hello world	Thread-1868	5

time: 946688283.9679741
diff: -0.967974066734314
going to web site
Hello world	Thread-1875	5

