time: 946686600.0
diff: 297.0
waiting
going to web site
Hello world	Thread-1488	3

time: 946686897.847712
diff: 0.15228796005249023
waiting
going to web site
Hello world	Thread-1494	3

time: 946686898.8367119
diff: 0.16328811645507812
waiting
going to web site
Hello world	Thread-1499	3

time: 946686899.8387129
diff: -0.8387129306793213
going to web site
Hello world	Thread-1504	3

time: 946686900.684425
diff: -0.6844249963760376
going to web site
Hello world	Thread-1511	6

time: 946686901.526137
diff: -0.5261369943618774
going to web site
Hello world	Thread-1519	3

time: 946686902.400796
diff: 0.5992039442062378
waiting
going to web site
Hello world	Thread-1527	5

time: 946686903.849713
diff: -0.8497129678726196
going to web site
Hello world	Thread-1532	4

time: 946686904.686425
diff: 0.31357502937316895
waiting
going to web site
Hello world	Thread-1539	4

time: 946686905.844713
diff: 1.1552870273590088
waiting
going to web site
Hello world	Thread-1552	3

time: 946686907.850713
diff: 0.14928698539733887
waiting
going to web site
Hello world	Thread-1561	4

time: 946686908.843712
diff: 0.1562880277633667
waiting
going to web site
Hello world	Thread-1568	4

time: 946686909.839713
diff: 0.1602870225906372
waiting
going to web site
Hello world	Thread-1579	5

time: 946686910.854508
diff: 5.14549195766449
waiting
going to web site
Hello world	Thread-1617	4

time: 946686916.874194
diff: 0.12580597400665283
waiting
going to web site
Hello world	Thread-1626	7

time: 946686917.857712
diff: 0.1422879695892334
waiting
going to web site
Hello world	Thread-1638	6

time: 946686918.849713
diff: 0.15028703212738037
waiting
going to web site
Hello world	Thread-720	2

time: 946686919.860713
diff: 9.139286994934082
waiting
going to web site
Hello world	Thread-1724	2

time: 946686929.847712
diff: 4.15228796005249
waiting
going to web site
Hello world	Thread-778	2

time: 946686934.845712
diff: 17.154288053512573
waiting
going to web site
Hello world	Thread-863	2

time: 946686952.8407129
diff: 27.159287095069885
waiting
going to web site
Hello world	Thread-990	4

time: 946686980.845713
diff: 14.154286980628967
waiting
going to web site
Hello world	Thread-1062	5

time: 946686995.8464171
diff: 12.15358293056488
waiting
going to web site
Hello world	Thread-1118	3

time: 946687008.837712
diff: 18.162287950515747
waiting
going to web site
Hello world	Thread-1205	5

time: 946687027.8367119
diff: 16.163288116455078
waiting
going to web site
Hello world	Thread-1286	4

time: 946687044.836713
diff: 24.163287043571472
waiting
going to web site
Hello world	Thread-1413	4

time: 946687072.8467121
diff: 10.153287887573242
waiting
going to web site
Hello world	Thread-1462	7

time: 946687083.8367119
diff: 18.163288116455078
waiting
going to web site
Hello world	Thread-1548	6

time: 946687102.846713
diff: 25.153287053108215
waiting
going to web site
Hello world	Thread-1660	2

time: 946687128.836713
diff: 20.163287043571472
waiting
going to web site
Hello world	Thread-1745	4

time: 946687149.836713
diff: 26.163287043571472
waiting
going to web site
Hello world	Thread-1851	3

time: 946687176.836713
diff: 30.163287043571472
waiting
going to web site
Hello world	Thread-1982	4

time: 946687207.836713
diff: 15.163287043571472
waiting
going to web site
Hello world	Thread-2060	4

time: 946687223.836713
diff: 31.163287043571472
waiting
going to web site
Hello world	Thread-2194	3

time: 946687255.847713
diff: 16.152287006378174
waiting
going to web site
Hello world	Thread-2266	5

time: 946687272.8417131
diff: 28.158286929130554
waiting
going to web site
Hello world	Thread-2400	2

time: 946687301.8367119
diff: 30.163288116455078
waiting
going to web site
Hello world	Thread-2531	7

time: 946687332.836713
diff: 5.163287043571472
waiting
going to web site
Hello world	Thread-2564	2

time: 946687338.836713
diff: 31.163287043571472
waiting
going to web site
Hello world	Thread-2700	3

time: 946687370.836713
diff: 23.163287043571472
waiting
going to web site
Hello world	Thread-2813	3

time: 946687394.836713
diff: 25.163287043571472
waiting
going to web site
Hello world	Thread-2923	3

time: 946687420.836713
diff: 24.163287043571472
waiting
going to web site
Hello world	Thread-3024	4

time: 946687445.839713
diff: 16.160287022590637
waiting
going to web site
Hello world	Thread-3103	2

time: 946687462.843713
diff: 25.15628695487976
waiting
going to web site
Hello world	Thread-3219	3

time: 946687488.8367119
diff: 23.163288116455078
waiting
going to web site
Hello world	Thread-3317	6

time: 946687512.832833
diff: 16.16716694831848
waiting
going to web site
Hello world	Thread-3396	3

time: 946687529.832832
diff: 13.167168021202087
waiting
going to web site
Hello world	Thread-3471	2

time: 946687546.842833
diff: 14.157166957855225
waiting
going to web site
Hello world	Thread-3533	4

time: 946687561.8398321
diff: 21.160167932510376
waiting
going to web site
Hello world	Thread-3632	4

time: 946687583.832832
diff: 36.16716802120209
waiting
going to web site
Hello world	Thread-3799	2

time: 946687620.8508689
diff: 15.149131059646606
waiting
going to web site
Hello world	Thread-3865	2

time: 946687636.841833
diff: 31.158167004585266
waiting
going to web site
Hello world	Thread-4011	3

time: 946687671.841833
diff: 25.158167004585266
waiting
going to web site
Hello world	Thread-4133	3

time: 946687697.845833
diff: 18.15416705608368
waiting
going to web site
Hello world	Thread-4212	2

time: 946687716.832833
diff: 28.16716694831848
waiting
going to web site
Hello world	Thread-4345	4

time: 946687746.845833
diff: 13.15416705608368
waiting
going to web site
Hello world	Thread-4402	3

time: 946687760.841833
diff: 20.158167004585266
waiting
going to web site
Hello world	Thread-4505	2

time: 946687781.841833
diff: 19.158167004585266
waiting
going to web site
Hello world	Thread-4596	3

time: 946687802.842833
diff: 35.157166957855225
waiting
going to web site
Hello world	Thread-4756	3

time: 946687838.836832
diff: 26.16316795349121
waiting
going to web site
Hello world	Thread-4875	4

time: 946687865.832832
diff: 17.167168021202087
waiting
going to web site
Hello world	Thread-4961	3

time: 946687883.841833
diff: 13.158167004585266
waiting
going to web site
Hello world	Thread-5025	2

time: 946687897.841833
diff: 23.158167004585266
waiting
going to web site
Hello world	Thread-5174	2

time: 946687928.841833
diff: 7.158167004585266
waiting
going to web site
Hello world	Thread-5205	5

time: 946687936.832833
diff: 24.16716694831848
waiting
going to web site
Hello world	Thread-5324	4

time: 946687961.832832
diff: 8.167168021202087
waiting
going to web site
Hello world	Thread-5366	2

time: 946687970.84548
diff: 29.15452003479004
waiting
going to web site
Hello world	Thread-5507	2

time: 946688000.841833
diff: 9.158167004585266
waiting
going to web site
Hello world	Thread-5556	2

time: 946688010.841833
diff: 34.158167004585266
waiting
going to web site
Hello world	Thread-5706	2

time: 946688045.841833
diff: 28.158167004585266
waiting
going to web site
Hello world	Thread-5838	2

time: 946688074.841833
diff: 7.158167004585266
waiting
going to web site
Hello world	Thread-5881	2

time: 946688082.845921
diff: 28.1540789604187
waiting
going to web site
Hello world	Thread-6006	6

time: 946688111.832832
diff: 24.167168021202087
waiting
going to web site
Hello world	Thread-6107	7

time: 946688136.5350649
diff: 28.464935064315796
waiting
going to web site
Hello world	Thread-6231	5

time: 946688165.542065
diff: 11.457934975624084
waiting
going to web site
Hello world	Thread-6278	5

time: 946688177.526064
diff: 24.473935961723328
waiting
going to web site
Hello world	Thread-6390	6

time: 946688202.526064
diff: 8.473935961723328
waiting
going to web site
Hello world	Thread-6430	5

time: 946688211.5350641
diff: 31.464935898780823
waiting
going to web site
Hello world	Thread-6569	6

time: 946688243.526064
diff: 13.473935961723328
waiting
going to web site
Hello world	Thread-6634	5

time: 946688257.526064
diff: 34.47393596172333
waiting
going to web site
Hello world	Thread-6788	5

time: 946688292.526064
diff: 15.473935961723328
waiting
going to web site
Hello world	Thread-6856	5

time: 946688308.526064
diff: 29.473935961723328
waiting
going to web site
Hello world	Thread-6989	7

time: 946688338.5350641
diff: 20.464935898780823
waiting
going to web site
Hello world	Thread-7084	3

time: 946688359.526064
diff: 18.473935961723328
waiting
going to web site
Hello world	Thread-7170	7

time: 946688378.535325
diff: 30.464674949645996
waiting
going to web site
Hello world	Thread-7304	7

time: 946688409.5350641
diff: 25.464935898780823
waiting
going to web site
Hello world	Thread-7419	5

time: 946688435.5350641
diff: 20.464935898780823
waiting
going to web site
Hello world	Thread-7510	7

time: 946688456.5350641
diff: 26.464935898780823
waiting
going to web site
Hello world	Thread-7635	4

time: 946688483.534064
diff: 35.465935945510864
waiting
going to web site
Hello world	Thread-7797	7

time: 946688519.5350641
diff: 13.464935898780823
waiting
going to web site
Hello world	Thread-7845	6

time: 946688533.535117
diff: 23.464882969856262
waiting
going to web site
Hello world	Thread-7958	6

time: 946688557.5350641
diff: 4.464935898780823
waiting
going to web site
Hello world	Thread-7985	5

time: 946688562.5350641
diff: 24.464935898780823
waiting
going to web site
Hello world	Thread-8090	4

time: 946688587.5350641
diff: 13.464935898780823
waiting
going to web site
Hello world	Thread-8149	6

time: 946688601.5350641
diff: 24.464935898780823
waiting
going to web site
Hello world	Thread-8257	6

time: 946688626.5350641
diff: 29.464935898780823
waiting
going to web site
Hello world	Thread-8390	3

time: 946688656.526064
diff: 4.473935961723328
waiting
going to web site
Hello world	Thread-8410	6

time: 946688661.5350641
diff: 29.464935898780823
waiting
going to web site
Hello world	Thread-8538	5

time: 946688691.5290639
diff: 10.470936059951782
waiting
going to web site
Hello world	Thread-8577	3

time: 946688702.544065
diff: 33.45593500137329
waiting
going to web site
Hello world	Thread-8718	3

time: 946688736.832833
diff: 22.16716694831848
waiting
going to web site
Hello world	Thread-8805	5

time: 946688759.832832
diff: 38.16716802120209
waiting
going to web site
Hello world	Thread-8966	3

time: 946688799.842833
diff: 25.157166957855225
waiting
going to web site
Hello world	Thread-9064	4

time: 946688825.832832
diff: 21.167168021202087
waiting
going to web site
Hello world	Thread-9168	2

time: 946688847.841833
diff: 24.158167004585266
waiting
going to web site
Hello world	Thread-9270	3

time: 946688873.841833
diff: 28.158167004585266
waiting
going to web site
Hello world	Thread-9399	3

time: 946688902.858416
diff: 11.141584038734436
waiting
going to web site
Hello world	Thread-9450	2

time: 946688914.841833
diff: 30.158167004585266
waiting
going to web site
Hello world	Thread-9583	3

time: 946688945.841833
diff: 12.158167004585266
waiting
going to web site
Hello world	Thread-9641	2

time: 946688958.841833
diff: 25.158167004585266
waiting
going to web site
Hello world	Thread-9768	2

time: 946688985.841833
diff: 30.158167004585266
waiting
going to web site
Hello world	Thread-9919	3

time: 946689016.841833
diff: 23.158167004585266
waiting
going to web site
Hello world	Thread-10023	4

time: 946689040.841833
diff: 35.158167004585266
waiting
going to web site
Hello world	Thread-10194	5

time: 946689076.841833
diff: 5.158167004585266
waiting
going to web site
Hello world	Thread-10224	3

time: 946689082.832833
diff: 14.167166948318481
waiting
going to web site
Hello world	Thread-10279	4

time: 946689097.832832
diff: 24.167168021202087
waiting
going to web site
Hello world	Thread-10407	2

time: 946689123.841833
diff: 24.158167004585266
waiting
going to web site
Hello world	Thread-10531	3

time: 946689148.841833
diff: 26.158167004585266
waiting
going to web site
Hello world	Thread-10650	4

time: 946689175.833833
diff: 22.16616702079773
waiting
going to web site
Hello world	Thread-10769	2

time: 946689198.845833
diff: 18.15416705608368
waiting
going to web site
Hello world	Thread-10865	4

time: 946689218.841833
diff: 11.158167004585266
waiting
going to web site
Hello world	Thread-10919	2

time: 946689230.841833
diff: 29.158167004585266
waiting
going to web site
Hello world	Thread-11068	4

time: 946689260.841921
diff: 1.1580790281295776
waiting
going to web site
Hello world	Thread-11076	4

time: 946689262.8378329
diff: 23.162167072296143
waiting
going to web site
Hello world	Thread-11186	3

time: 946689286.841833
diff: 26.158167004585266
waiting
going to web site
Hello world	Thread-11317	4

time: 946689313.832833
diff: 21.16716694831848
waiting
going to web site
Hello world	Thread-11420	3

time: 946689335.832832
diff: 26.167168021202087
waiting
going to web site
Hello world	Thread-11541	2

time: 946689362.845833
diff: 15.15416705608368
waiting
going to web site
Hello world	Thread-11618	2

time: 946689378.832833
diff: 29.16716694831848
waiting
going to web site
Hello world	Thread-11758	5

time: 946689408.832832
diff: 15.167168021202087
waiting
going to web site
Hello world	Thread-11828	6

time: 946689424.8588331
diff: 29.141166925430298
waiting
going to web site
Hello world	Thread-11964	2

time: 946689454.832832
diff: 15.167168021202087
waiting
going to web site
Hello world	Thread-12037	2

time: 946689470.841833
diff: 17.158167004585266
waiting
going to web site
Hello world	Thread-12128	3

time: 946689488.841833
diff: 14.158167004585266
waiting
going to web site
Hello world	Thread-12191	2

time: 946689503.841833
diff: 26.158167004585266
waiting
going to web site
Hello world	Thread-12309	3

time: 946689530.841833
diff: 14.158167004585266
waiting
going to web site
Hello world	Thread-12382	2

time: 946689545.841833
diff: 22.158167004585266
waiting
going to web site
Hello world	Thread-12486	2

time: 946689568.841833
diff: 32.158167004585266
waiting
going to web site
Hello world	Thread-12634	4

time: 946689601.832833
diff: 22.16716694831848
waiting
going to web site
Hello world	Thread-12734	3

time: 946689624.836832
diff: 1.163167953491211
waiting
going to web site
Hello world	Thread-12742	3

time: 946689626.832832
diff: 22.167168021202087
waiting
going to web site
Hello world	Thread-12854	3

time: 946689649.860833
diff: 32.139166951179504
waiting
going to web site
Hello world	Thread-13015	2

time: 946689682.832832
diff: 16.167168021202087
waiting
going to web site
Hello world	Thread-13092	2

time: 946689699.850833
diff: 26.14916694164276
waiting
going to web site
Hello world	Thread-13204	2

time: 946689726.832832
diff: 31.167168021202087
waiting
going to web site
Hello world	Thread-13359	2

time: 946689758.841833
diff: 29.158167004585266
waiting
going to web site
Hello world	Thread-13487	2

time: 946689788.841833
diff: 11.158167004585266
waiting
going to web site
Hello world	Thread-13542	3

time: 946689800.832833
diff: 13.167166948318481
waiting
going to web site
Hello world	Thread-13609	5

time: 946689814.832832
diff: 13.167168021202087
waiting
going to web site
Hello world	Thread-13672	2

time: 946689828.841833
diff: 32.158167004585266
waiting
going to web site
Hello world	Thread-13830	5

time: 946689861.832833
diff: 28.16716694831848
waiting
going to web site
Hello world	Thread-13963	2

time: 946689890.832832
diff: 3.1671680212020874
waiting
going to web site
Hello world	Thread-13980	2

time: 946689894.841833
diff: 32.158167004585266
waiting
going to web site
Hello world	Thread-14124	4

time: 946689927.841833
diff: 11.158167004585266
waiting
going to web site
Hello world	Thread-14176	2

time: 946689939.841833
diff: 21.158167004585266
waiting
going to web site
Hello world	Thread-14277	3

time: 946689961.841833
diff: 17.158167004585266
waiting
going to web site
Hello world	Thread-14342	5

time: 946689979.5350649
diff: 26.464935064315796
waiting
going to web site
Hello world	Thread-14474	5

time: 946690006.544128
diff: 19.455872058868408
waiting
going to web site
Hello world	Thread-14558	7

time: 946690026.5370649
diff: 29.462935090065002
waiting
going to web site
Hello world	Thread-14677	6

time: 946690056.526065
diff: 23.47393500804901
waiting
going to web site
Hello world	Thread-14775	5

time: 946690080.544065
diff: 16.45593500137329
waiting
going to web site
Hello world	Thread-14859	5

time: 946690097.544065
diff: 20.45593500137329
waiting
going to web site
Hello world	Thread-14940	6

time: 946690118.542065
diff: 29.457934975624084
waiting
going to web site
Hello world	Thread-15072	4

time: 946690148.5350641
diff: 18.464935898780823
waiting
going to web site
Hello world	Thread-15153	7

time: 946690167.5350641
diff: 37.46493589878082
waiting
going to web site
Hello world	Thread-15317	6

time: 946690205.5350641
diff: 23.464935898780823
waiting
going to web site
Hello world	Thread-15425	5

time: 946690229.5345191
diff: 20.46548092365265
waiting
going to web site
Hello world	Thread-15509	3

time: 946690250.5350641
diff: 11.464935898780823
waiting
going to web site
Hello world	Thread-15562	7

time: 946690262.5294169
diff: 20.470583081245422
waiting
going to web site
Hello world	Thread-15651	5

time: 946690283.526065
diff: 20.47393500804901
waiting
going to web site
Hello world	Thread-15747	5

time: 946690304.5350649
diff: 25.464935064315796
waiting
going to web site
Hello world	Thread-15857	3

time: 946690330.544065
diff: 25.45593500137329
waiting
going to web site
Hello world	Thread-15968	3

time: 946690356.526065
diff: 28.47393500804901
waiting
going to web site
Hello world	Thread-16094	4

time: 946690385.544065
diff: 26.45593500137329
waiting
going to web site
Hello world	Thread-16212	5

time: 946690412.544065
diff: 22.45593500137329
waiting
going to web site
Hello world	Thread-16311	7

time: 946690435.544065
diff: 19.45593500137329
waiting
going to web site
Hello world	Thread-16397	7

time: 946690455.538033
diff: 20.46196699142456
waiting
going to web site
Hello world	Thread-16490	6

time: 946690476.5350641
diff: 26.464935898780823
waiting
going to web site
Hello world	Thread-16612	5

time: 946690503.5350641
diff: 8.464935898780823
waiting
going to web site
Hello world	Thread-16648	7

time: 946690512.5350641
diff: 31.464935898780823
waiting
going to web site
Hello world	Thread-16789	7

time: 946690544.5350641
diff: 15.464935898780823
waiting
going to web site
Hello world	Thread-16858	5

time: 946690560.530064
diff: 35.46993601322174
waiting
going to web site
Hello world	Thread-17017	5

time: 946690596.536065
diff: 11.463935017585754
waiting
going to web site
Hello world	Thread-17059	4

time: 946690608.526065
diff: 26.47393500804901
waiting
going to web site
Hello world	Thread-17181	5

time: 946690635.533065
diff: 29.46693503856659
waiting
going to web site
Hello world	Thread-17307	3

time: 946690665.526065
diff: 16.47393500804901
waiting
going to web site
Hello world	Thread-17383	5

time: 946690682.5300651
diff: 16.469934940338135
waiting
going to web site
Hello world	Thread-17455	6

time: 946690699.534865
diff: 21.465134978294373
waiting
going to web site
Hello world	Thread-17551	5

time: 946690721.5350641
diff: 33.46493589878082
waiting
going to web site
Hello world	Thread-17698	7

time: 946690755.5350641
diff: 14.464935898780823
waiting
going to web site
Hello world	Thread-17766	6

time: 946690770.5350641
diff: 19.464935898780823
waiting
going to web site
Hello world	Thread-17856	6

time: 946690790.5350641
diff: 21.464935898780823
waiting
going to web site
Hello world	Thread-17947	4

time: 946690812.5350641
diff: 24.464935898780823
waiting
going to web site
Hello world	Thread-18055	5

time: 946690837.526064
diff: 33.47393596172333
waiting
going to web site
Hello world	Thread-18196	5

time: 946690871.5350641
diff: 24.464935898780823
waiting
going to web site
Hello world	Thread-18302	4

time: 946690896.5350641
diff: 25.464935898780823
waiting
going to web site
Hello world	Thread-18405	4

time: 946690922.526064
diff: 20.473935961723328
waiting
going to web site
Hello world	Thread-18493	5

time: 946690943.5350641
diff: 15.464935898780823
waiting
going to web site
Hello world	Thread-18566	4

time: 946690959.526064
diff: 31.473935961723328
waiting
going to web site
Hello world	Thread-18708	7

time: 946690991.526064
diff: 16.473935961723328
waiting
going to web site
Hello world	Thread-18780	3

time: 946691008.526064
diff: 29.473935961723328
waiting
going to web site
Hello world	Thread-18909	5

time: 946691038.526064
diff: 16.473935961723328
waiting
going to web site
Hello world	Thread-18988	7

time: 946691055.5350641
diff: 25.464935898780823
waiting
going to web site
Hello world	Thread-19104	5

time: 946691081.530064
diff: 22.46993601322174
waiting
going to web site
Hello world	Thread-19206	6

time: 946691104.544065
diff: 19.45593500137329
waiting
going to web site
Hello world	Thread-19296	4

time: 946691124.526065
diff: 21.47393500804901
waiting
going to web site
Hello world	Thread-19386	6

time: 946691146.539897
diff: 19.460103034973145
waiting
going to web site
Hello world	Thread-19478	6

time: 946691166.544065
diff: 27.45593500137329
waiting
going to web site
Hello world	Thread-19607	4

time: 946691194.5350649
diff: 26.464935064315796
waiting
going to web site
Hello world	Thread-19734	5

time: 946691221.544065
diff: 15.455935001373291
waiting
going to web site
Hello world	Thread-19810	7

time: 946691237.526065
diff: 18.47393500804901
waiting
going to web site
Hello world	Thread-19897	5

time: 946691256.5350649
diff: 30.464935064315796
waiting
going to web site
Hello world	Thread-20035	7

time: 946691287.526065
diff: 15.473935008049011
waiting
going to web site
Hello world	Thread-20106	5

time: 946691303.544065
diff: 24.45593500137329
waiting
going to web site
Hello world	Thread-20234	5

time: 946691328.544065
diff: 22.45593500137329
waiting
going to web site
Hello world	Thread-20335	5

time: 946691351.536065
diff: 7.463935017585754
waiting
going to web site
Hello world	Thread-20368	5

time: 946691359.526065
diff: 28.47393500804901
waiting
going to web site
Hello world	Thread-20525	6

time: 946691388.526065
diff: 29.47393500804901
waiting
going to web site
Hello world	Thread-20671	5

time: 946691418.526065
diff: 20.47393500804901
waiting
going to web site
Hello world	Thread-20765	5

time: 946691439.544065
diff: 11.455935001373291
waiting
going to web site
Hello world	Thread-20827	5

time: 946691451.5350649
diff: 27.464935064315796
waiting
going to web site
Hello world	Thread-20958	4

time: 946691479.544129
diff: 21.455870985984802
waiting
going to web site
Hello world	Thread-21061	6

time: 946691501.530064
diff: 9.46993601322174
waiting
going to web site
Hello world	Thread-21105	4

time: 946691511.544065
diff: 31.45593500137329
waiting
going to web site
Hello world	Thread-21257	4

time: 946691543.526065
diff: 8.473935008049011
waiting
going to web site
Hello world	Thread-21299	6

time: 946691552.540065
diff: 19.459934949874878
waiting
going to web site
Hello world	Thread-21382	5

time: 946691572.5350641
diff: 17.464935898780823
waiting
going to web site
Hello world	Thread-21468	4

time: 946691590.5350641
diff: 33.46493589878082
waiting
going to web site
Hello world	Thread-21627	7

time: 946691624.5350641
diff: 19.464935898780823
waiting
going to web site
Hello world	Thread-21714	6

time: 946691644.5350641
diff: 15.464935898780823
waiting
going to web site
Hello world	Thread-21784	6

time: 946691660.526064
diff: 15.473935961723328
waiting
going to web site
Hello world	Thread-21846	5

time: 946691676.5350641
diff: 17.464935898780823
waiting
going to web site
Hello world	Thread-21930	5

time: 946691694.534417
diff: 28.465582966804504
waiting
going to web site
Hello world	Thread-22062	5

time: 946691723.5350641
diff: 15.464935898780823
waiting
going to web site
Hello world	Thread-22126	3

time: 946691739.5350641
diff: 32.46493589878082
waiting
going to web site
Hello world	Thread-22275	3

time: 946691772.526064
diff: 21.473935961723328
waiting
going to web site
Hello world	Thread-22369	6

time: 946691794.5350641
diff: 38.46493589878082
waiting
going to web site
Hello world	Thread-22535	4

time: 946691833.832832
diff: 4.167168021202087
waiting
going to web site
Hello world	Thread-22563	2

time: 946691838.841833
diff: 27.158167004585266
waiting
going to web site
Hello world	Thread-22682	4

time: 946691866.832833
diff: 39.16716694831848
waiting
going to web site
Hello world	Thread-22858	6

time: 946691906.832832
diff: 9.167168021202087
waiting
going to web site
Hello world	Thread-22909	3

time: 946691916.841833
diff: 18.158167004585266
waiting
going to web site
Hello world	Thread-22993	2

time: 946691935.841833
diff: 27.158167004585266
waiting
going to web site
Hello world	Thread-23128	3

time: 946691963.832833
diff: 29.16716694831848
waiting
going to web site
Hello world	Thread-23269	7

time: 946691993.832832
diff: 3.1671680212020874
waiting
going to web site
Hello world	Thread-23282	3

time: 946691997.832833
diff: 20.16716694831848
waiting
going to web site
Hello world	Thread-23381	4

time: 946692018.832832
diff: 31.167168021202087
waiting
going to web site
Hello world	Thread-23541	5

time: 946692050.832833
diff: 20.16716694831848
waiting
going to web site
Hello world	Thread-23640	6

time: 946692071.832832
diff: 24.167168021202087
waiting
going to web site
Hello world	Thread-23759	3

time: 946692096.832833
diff: 17.16716694831848
waiting
going to web site
Hello world	Thread-23843	4

time: 946692114.832832
diff: 18.167168021202087
waiting
going to web site
Hello world	Thread-23933	2

time: 946692133.836833
diff: 20.163166999816895
waiting
going to web site
Hello world	Thread-24033	2

time: 946692154.832832
diff: 28.167168021202087
waiting
going to web site
Hello world	Thread-24161	5

time: 946692183.832833
diff: 24.16716694831848
waiting
going to web site
Hello world	Thread-24276	5

time: 946692208.832832
diff: 9.167168021202087
waiting
going to web site
Hello world	Thread-24331	2

time: 946692219.841833
diff: 17.158167004585266
waiting
going to web site
Hello world	Thread-24408	4

time: 946692237.841833
diff: 27.158167004585266
waiting
going to web site
Hello world	Thread-24541	3

time: 946692265.841833
diff: 17.158167004585266
waiting
going to web site
Hello world	Thread-24622	5

time: 946692283.832833
diff: 8.167166948318481
waiting
going to web site
Hello world	Thread-24656	3

time: 946692292.832832
diff: 19.167168021202087
waiting
going to web site
Hello world	Thread-24744	2

time: 946692312.836833
diff: 12.163166999816895
waiting
going to web site
Hello world	Thread-24804	6

time: 946692325.832832
diff: 25.167168021202087
waiting
going to web site
Hello world	Thread-24914	2

time: 946692351.832833
diff: 25.16716694831848
waiting
going to web site
Hello world	Thread-25032	2

time: 946692377.832832
diff: 32.16716802120209
waiting
going to web site
Hello world	Thread-25165	3

time: 946692410.841833
diff: 13.158167004585266
waiting
going to web site
Hello world	Thread-25223	2

time: 946692424.841833
diff: 33.158167004585266
waiting
going to web site
Hello world	Thread-25364	5

time: 946692458.533065
diff: 34.46693503856659
waiting
going to web site
Hello world	Thread-25512	6

time: 946692493.5350649
diff: 12.464935064315796
waiting
going to web site
Hello world	Thread-25560	6

time: 946692506.5380651
diff: 28.46193492412567
waiting
going to web site
Hello world	Thread-25685	7

time: 946692535.5350641
diff: 19.464935898780823
waiting
going to web site
Hello world	Thread-25772	6

time: 946692555.534064
diff: 24.465935945510864
waiting
going to web site
Hello world	Thread-25883	5

time: 946692580.5290639
diff: 34.47093605995178
waiting
going to web site
Hello world	Thread-26027	5

time: 946692615.539065
diff: 10.46093499660492
waiting
going to web site
Hello world	Thread-26076	3

time: 946692626.526064
diff: 20.473935961723328
waiting
going to web site
Hello world	Thread-26156	6

time: 946692647.5350641
diff: 35.46493589878082
waiting
going to web site
Hello world	Thread-26288	6

time: 946692683.5350641
diff: 9.464935898780823
waiting
going to web site
Hello world	Thread-26323	7

time: 946692693.526064
diff: 20.473935961723328
waiting
going to web site
Hello world	Thread-26385	4

time: 946692714.5350641
diff: 30.464935898780823
waiting
going to web site
Hello world	Thread-26474	6

time: 946692745.5350641
diff: 14.464935898780823
waiting
going to web site
Hello world	Thread-26510	4

time: 946692760.526064
diff: 26.473935961723328
waiting
going to web site
Hello world	Thread-26578	4

time: 946692787.526064
diff: 19.473935961723328
waiting
going to web site
Hello world	Thread-26622	5

time: 946692807.5350641
diff: 26.464935898780823
waiting
going to web site
Hello world	Thread-26673	3

time: 946692834.5350641
diff: 28.464935898780823
waiting
going to web site
Hello world	Thread-26716	2

time: 946692863.526064
diff: 23.473935961723328
waiting
going to web site
Hello world	Thread-26744	2

time: 946692887.526064
diff: 7.473935961723328
waiting
going to web site
Hello world	Thread-26752	4

