time: 946686600.0
diff: 10.0
waiting
going to web site
Hello world	Thread-16	3

time: 946686610.6995599
diff: -0.6995599269866943
going to web site
Hello world	Thread-21	2

time: 946686611.39912
diff: -1.3991199731826782
going to web site
Hello world	Thread-23	3

time: 946686612.09868
diff: -2.098680019378662
going to web site
Hello world	Thread-28	4

time: 946686612.79824
diff: -1.7982399463653564
going to web site
Hello world	Thread-31	6

time: 946686613.508821
diff: -0.5088210105895996
going to web site
Hello world	Thread-36	3

time: 946686614.217381
diff: 2.782618999481201
waiting
going to web site
Hello world	Thread-52	2

time: 946686617.6995599
diff: -0.6995599269866943
going to web site
Hello world	Thread-53	2

time: 946686618.40012
diff: -1.4001200199127197
going to web site
Hello world	Thread-56	3

time: 946686619.09968
diff: -2.099679946899414
going to web site
Hello world	Thread-60	2

time: 946686619.79924
diff: -2.799239993095398
going to web site
Hello world	Thread-61	3

time: 946686620.5038
diff: -3.5038000345230103
going to web site
Hello world	Thread-64	2

time: 946686621.20336
diff: -4.203359961509705
going to web site
Hello world	Thread-66	2

time: 946686621.9029199
diff: -4.902919888496399
going to web site
Hello world	Thread-68	4

time: 946686622.61248
diff: -5.612480044364929
going to web site
Hello world	Thread-70	2

time: 946686623.318992
diff: -6.318992018699646
going to web site
Hello world	Thread-73	2

time: 946686624.022552
diff: -7.022552013397217
going to web site
Hello world	Thread-75	3

time: 946686624.722112
diff: -5.722112059593201
going to web site
Hello world	Thread-78	3

time: 946686625.421672
diff: -6.421671986579895
going to web site
Hello world	Thread-82	2

time: 946686626.121232
diff: -6.121232032775879
going to web site
Hello world	Thread-85	2

time: 946686626.823792
diff: -6.823791980743408
going to web site
Hello world	Thread-87	2

time: 946686627.5273521
diff: -6.5273520946502686
going to web site
Hello world	Thread-89	2

time: 946686628.226912
diff: -6.226912021636963
going to web site
Hello world	Thread-92	3

time: 946686628.926472
diff: -6.926471948623657
going to web site
Hello world	Thread-94	3

time: 946686629.635032
diff: -5.635032057762146
going to web site
Hello world	Thread-98	2

time: 946686630.342592
diff: -6.342592000961304
going to web site
Hello world	Thread-101	2

time: 946686631.049152
diff: -6.0491520166397095
going to web site
Hello world	Thread-104	3

time: 946686631.757712
diff: -6.757712006568909
going to web site
Hello world	Thread-105	4

time: 946686632.457272
diff: -7.457272052764893
going to web site
Hello world	Thread-110	4

time: 946686633.156832
diff: -3.156831979751587
going to web site
Hello world	Thread-13	2

time: 946686633.866392
diff: 12.133607983589172
waiting
going to web site
Hello world	Thread-18	2

time: 946686646.6995599
diff: 25.300440073013306
waiting
going to web site
Hello world	Thread-259	2

time: 946686672.699561
diff: -0.6995609998703003
going to web site
Hello world	Thread-260	2

time: 946686673.399121
diff: -0.3991210460662842
going to web site
Hello world	Thread-263	2

time: 946686674.103109
diff: -1.1031090021133423
going to web site
Hello world	Thread-267	2

time: 946686674.802669
diff: -1.8026690483093262
going to web site
Hello world	Thread-269	6

time: 946686675.503229
diff: -1.503229022026062
going to web site
Hello world	Thread-275	3

time: 946686676.2057891
diff: -2.205789089202881
going to web site
Hello world	Thread-282	2

time: 946686676.905349
diff: -2.905349016189575
going to web site
Hello world	Thread-287	4

time: 946686677.6049091
diff: -3.604909062385559
going to web site
Hello world	Thread-48	2

time: 946686678.310469
diff: -4.310469031333923
going to web site
Hello world	Thread-301	4

time: 946686679.012029
diff: -5.012029051780701
going to web site
Hello world	Thread-308	3

time: 946686679.723589
diff: -5.723588943481445
going to web site
Hello world	Thread-314	4

time: 946686680.4231491
diff: -5.423149108886719
going to web site
Hello world	Thread-323	2

time: 946686681.122709
diff: -6.122709035873413
going to web site
Hello world	Thread-331	2

time: 946686681.839269
diff: -6.839269042015076
going to web site
Hello world	Thread-333	8

time: 946686682.5468291
diff: -7.546829104423523
going to web site
Hello world	Thread-341	3

time: 946686683.264389
diff: -8.264389038085938
going to web site
Hello world	Thread-349	2

time: 946686683.9639491
diff: -8.963949084281921
going to web site
Hello world	Thread-352	4

time: 946686684.6774169
diff: -9.677416920661926
going to web site
Hello world	Thread-355	4

time: 946686685.381977
diff: -10.381976962089539
going to web site
Hello world	Thread-361	3

time: 946686686.084404
diff: -11.084403991699219
going to web site
Hello world	Thread-369	3

time: 946686686.794964
diff: -11.794963955879211
going to web site
Hello world	Thread-374	8

time: 946686687.497524
diff: -11.49752402305603
going to web site
Hello world	Thread-385	4

time: 946686688.201084
diff: -11.201084017753601
going to web site
Hello world	Thread-394	4

time: 946686688.900644
diff: -10.900643944740295
going to web site
Hello world	Thread-399	6

time: 946686689.607204
diff: -10.607203960418701
going to web site
Hello world	Thread-410	5

time: 946686690.314208
diff: -4.314208030700684
going to web site
Hello world	Thread-422	4

time: 946686691.022768
diff: 1.9772319793701172
waiting
going to web site
Hello world	Thread-65	2

time: 946686693.70856
diff: 1.2914400100708008
waiting
going to web site
Hello world	Thread-476	3

time: 946686695.699561
diff: -0.6995609998703003
going to web site
Hello world	Thread-482	3

time: 946686696.4041209
diff: -0.40412092208862305
going to web site
Hello world	Thread-490	3

time: 946686697.1206809
diff: -0.12068092823028564
going to web site
Hello world	Thread-498	3

time: 946686697.820241
diff: 1.1797590255737305
waiting
going to web site
Hello world	Thread-511	3

time: 946686699.701561
diff: 2.2984390258789062
waiting
going to web site
Hello world	Thread-76	3

time: 946686702.714561
diff: 27.285439014434814
waiting
going to web site
Hello world	Thread-130	4

time: 946686730.699561
diff: 17.3004390001297
waiting
going to web site
Hello world	Thread-167	3

time: 946686748.7085611
diff: 16.291438937187195
waiting
going to web site
Hello world	Thread-200	5

time: 946686765.7135601
diff: 13.286439895629883
waiting
going to web site
Hello world	Thread-245	5

time: 946686779.730808
diff: 17.26919198036194
waiting
going to web site
Hello world	Thread-291	4

time: 946686797.6995599
diff: 16.300440073013306
waiting
going to web site
Hello world	Thread-341	2

time: 946686814.699561
diff: 26.3004390001297
waiting
going to web site
Hello world	Thread-428	5

time: 946686841.699561
diff: 34.3004390001297
waiting
going to web site
Hello world	Thread-547	4

time: 946686876.699561
diff: 17.3004390001297
waiting
going to web site
Hello world	Thread-614	5

time: 946686894.699561
diff: 25.3004390001297
waiting
going to web site
Hello world	Thread-721	4

time: 946686920.713798
diff: 14.28620195388794
waiting
going to web site
Hello world	Thread-780	6

time: 946686935.7055601
diff: 34.294439911842346
waiting
going to web site
Hello world	Thread-942	6

time: 946686970.6995599
diff: 9.300440073013306
waiting
going to web site
Hello world	Thread-989	5

time: 946686980.7085611
diff: 30.291438937187195
waiting
going to web site
Hello world	Thread-1128	6

time: 946687011.6995599
diff: 31.300440073013306
waiting
going to web site
Hello world	Thread-1281	4

time: 946687043.699561
diff: 13.3004390001297
waiting
going to web site
Hello world	Thread-1341	3

time: 946687057.712564
diff: 27.28743600845337
waiting
going to web site
Hello world	Thread-1474	2

time: 946687085.699561
diff: 14.3004390001297
waiting
going to web site
Hello world	Thread-1540	4

time: 946687100.699561
diff: 26.3004390001297
waiting
going to web site
Hello world	Thread-1653	5

time: 946687127.699561
diff: 32.3004390001297
waiting
going to web site
Hello world	Thread-1794	6

time: 946687160.714561
diff: 25.285439014434814
waiting
going to web site
Hello world	Thread-1889	6

time: 946687186.704561
diff: 11.295439004898071
waiting
going to web site
Hello world	Thread-1946	4

time: 946687198.699561
diff: 16.3004390001297
waiting
going to web site
Hello world	Thread-2024	2

time: 946687216.851833
diff: 23.14816701412201
waiting
going to web site
Hello world	Thread-2134	4

time: 946687243.841833
diff: 19.158167004585266
waiting
going to web site
Hello world	Thread-2230	4

time: 946687264.841833
diff: 10.158167004585266
waiting
going to web site
Hello world	Thread-2286	3

time: 946687275.8494799
diff: 27.150520086288452
waiting
going to web site
Hello world	Thread-2405	2

time: 946687303.832833
diff: 22.16716694831848
waiting
going to web site
Hello world	Thread-2499	4

time: 946687326.832832
diff: 27.167168021202087
waiting
going to web site
Hello world	Thread-2629	3

time: 946687354.848833
diff: 21.151167035102844
waiting
going to web site
Hello world	Thread-2729	2

time: 946687376.841833
diff: 26.158167004585266
waiting
going to web site
Hello world	Thread-2847	5

time: 946687403.832833
diff: 26.16716694831848
waiting
going to web site
Hello world	Thread-2963	2

time: 946687430.832832
diff: 19.167168021202087
waiting
going to web site
Hello world	Thread-3051	2

time: 946687450.841833
diff: 15.158167004585266
waiting
going to web site
Hello world	Thread-3123	5

time: 946687466.832833
diff: 39.16716694831848
waiting
going to web site
Hello world	Thread-3294	3

time: 946687506.832832
diff: 8.167168021202087
waiting
going to web site
Hello world	Thread-3331	2

time: 946687515.850833
diff: 36.14916694164276
waiting
going to web site
Hello world	Thread-3493	5

time: 946687552.832832
diff: 14.167168021202087
waiting
going to web site
Hello world	Thread-3558	3

time: 946687567.841833
diff: 26.158167004585266
waiting
going to web site
Hello world	Thread-3673	3

time: 946687594.832833
diff: 9.167166948318481
waiting
going to web site
Hello world	Thread-3715	3

time: 946687604.832832
diff: 17.167168021202087
waiting
going to web site
Hello world	Thread-3810	2

time: 946687622.845833
diff: 22.15416705608368
waiting
going to web site
Hello world	Thread-3894	2

time: 946687645.841833
diff: 19.158167004585266
waiting
going to web site
Hello world	Thread-3984	2

time: 946687665.841833
diff: 22.158167004585266
waiting
going to web site
Hello world	Thread-4091	3

time: 946687688.841833
diff: 20.158167004585266
waiting
going to web site
Hello world	Thread-4176	2

time: 946687709.841833
diff: 18.158167004585266
waiting
going to web site
Hello world	Thread-4266	4

time: 946687728.832833
diff: 23.16716694831848
waiting
going to web site
Hello world	Thread-4372	5

time: 946687752.832832
diff: 24.167168021202087
waiting
going to web site
Hello world	Thread-4490	4

time: 946687778.832833
diff: 17.16716694831848
waiting
going to web site
Hello world	Thread-4569	5

time: 946687796.832832
diff: 31.167168021202087
waiting
going to web site
Hello world	Thread-4718	4

time: 946687828.832833
diff: 35.16716694831848
waiting
going to web site
Hello world	Thread-4868	6

time: 946687864.832832
diff: 9.167168021202087
waiting
going to web site
Hello world	Thread-4917	4

time: 946687874.832833
diff: 16.16716694831848
waiting
going to web site
Hello world	Thread-4994	3

time: 946687891.832832
diff: 19.167168021202087
waiting
going to web site
Hello world	Thread-5088	4

time: 946687911.841833
diff: 13.158167004585266
waiting
going to web site
Hello world	Thread-5159	3

time: 946687925.84448
diff: 19.15551996231079
waiting
going to web site
Hello world	Thread-5247	4

time: 946687945.832832
diff: 24.167168021202087
waiting
going to web site
Hello world	Thread-5367	3

time: 946687970.84548
diff: 34.15452003479004
waiting
going to web site
Hello world	Thread-5528	4

time: 946688005.841833
diff: 20.158167004585266
waiting
going to web site
Hello world	Thread-5626	2

time: 946688026.841833
diff: 23.158167004585266
waiting
going to web site
Hello world	Thread-5748	2

time: 946688053.841833
diff: 9.158167004585266
waiting
going to web site
Hello world	Thread-5792	3

time: 946688063.841833
diff: 30.158167004585266
waiting
going to web site
Hello world	Thread-5930	3

time: 946688094.841833
diff: 20.158167004585266
waiting
going to web site
Hello world	Thread-6018	2

time: 946688115.841833
diff: 29.158167004585266
waiting
going to web site
Hello world	Thread-6145	3

time: 946688145.841833
diff: 32.158167004585266
waiting
going to web site
Hello world	Thread-6284	3

time: 946688178.841833
diff: 11.158167004585266
waiting
going to web site
Hello world	Thread-6338	4

time: 946688190.832833
diff: 42.16716694831848
waiting
going to web site
Hello world	Thread-6527	5

time: 946688233.832832
diff: 3.1671680212020874
waiting
going to web site
Hello world	Thread-6546	2

time: 946688237.851833
diff: 25.14816701412201
waiting
going to web site
Hello world	Thread-6666	3

time: 946688263.851833
diff: 19.14816701412201
waiting
going to web site
Hello world	Thread-6748	2

time: 946688283.841833
diff: 23.158167004585266
waiting
going to web site
Hello world	Thread-6853	2

time: 946688307.841833
diff: 17.158167004585266
waiting
going to web site
Hello world	Thread-6939	2

time: 946688325.841833
diff: 9.158167004585266
waiting
going to web site
Hello world	Thread-6982	2

time: 946688335.841833
diff: 34.158167004585266
waiting
going to web site
Hello world	Thread-7149	2

time: 946688373.860833
diff: 6.139166951179504
waiting
going to web site
Hello world	Thread-7179	5

time: 946688380.832832
diff: 13.167168021202087
waiting
going to web site
Hello world	Thread-7270	2

time: 946688401.846833
diff: 26.153167009353638
waiting
going to web site
Hello world	Thread-7397	2

time: 946688428.836713
diff: 27.163287043571472
waiting
going to web site
Hello world	Thread-7513	3

time: 946688456.8407129
diff: 17.159287095069885
waiting
going to web site
Hello world	Thread-7598	2

time: 946688474.836713
diff: 35.16328704357147
waiting
going to web site
Hello world	Thread-7752	5

time: 946688510.836713
diff: 16.163287043571472
waiting
going to web site
Hello world	Thread-7830	2

time: 946688528.845713
diff: 36.15428698062897
waiting
going to web site
Hello world	Thread-8001	3

time: 946688565.8367119
diff: 21.163288116455078
waiting
going to web site
Hello world	Thread-8092	3

time: 946688587.836713
diff: 21.163287043571472
waiting
going to web site
Hello world	Thread-8187	5

time: 946688609.839713
diff: 32.16028702259064
waiting
going to web site
Hello world	Thread-8328	5

time: 946688642.839713
diff: 16.160287022590637
waiting
going to web site
Hello world	Thread-8406	3

time: 946688659.836713
diff: 22.163287043571472
waiting
going to web site
Hello world	Thread-8499	2

time: 946688682.845713
diff: 15.154286980628967
waiting
going to web site
Hello world	Thread-8561	3

time: 946688698.8367119
diff: 37.16328811645508
waiting
going to web site
Hello world	Thread-8719	2

time: 946688736.836713
diff: 16.163287043571472
waiting
going to web site
Hello world	Thread-8788	4

time: 946688753.836713
diff: 40.16328704357147
waiting
going to web site
Hello world	Thread-8956	2

time: 946688797.845713
diff: 12.154286980628967
waiting
going to web site
Hello world	Thread-9011	3

time: 946688810.8367119
diff: 9.163288116455078
waiting
going to web site
Hello world	Thread-9048	3

time: 946688820.836713
diff: 28.163287043571472
waiting
going to web site
Hello world	Thread-9175	3

time: 946688849.836713
diff: 22.163287043571472
waiting
going to web site
Hello world	Thread-9268	2

time: 946688872.836713
diff: 15.163287043571472
waiting
going to web site
Hello world	Thread-9340	4

time: 946688888.836713
diff: 22.163287043571472
waiting
going to web site
Hello world	Thread-9435	3

time: 946688911.836713
diff: 20.163287043571472
waiting
going to web site
Hello world	Thread-9531	4

time: 946688932.839713
diff: 21.160287022590637
waiting
going to web site
Hello world	Thread-9626	2

time: 946688954.836713
diff: 19.163287043571472
waiting
going to web site
Hello world	Thread-9721	3

time: 946688974.839713
diff: 8.160287022590637
waiting
going to web site
Hello world	Thread-9756	3

time: 946688983.8407129
diff: 20.159287095069885
waiting
going to web site
Hello world	Thread-9863	3

time: 946689004.836713
diff: 26.163287043571472
waiting
going to web site
Hello world	Thread-9984	3

time: 946689031.544065
diff: 21.45593500137329
waiting
going to web site
Hello world	Thread-10076	6

time: 946689053.526065
diff: 19.47393500804901
waiting
going to web site
Hello world	Thread-10172	7

time: 946689073.526065
diff: 21.47393500804901
waiting
going to web site
Hello world	Thread-10272	3

time: 946689095.5350649
diff: 27.464935064315796
waiting
going to web site
Hello world	Thread-10404	7

time: 946689123.5350649
diff: 19.464935064315796
waiting
going to web site
Hello world	Thread-10504	4

time: 946689143.544065
diff: 25.45593500137329
waiting
going to web site
Hello world	Thread-10624	4

time: 946689169.544209
diff: 13.455790996551514
waiting
going to web site
Hello world	Thread-10691	6

time: 946689183.526064
diff: 20.473935961723328
waiting
going to web site
Hello world	Thread-10797	6

time: 946689204.526064
diff: 4.473935961723328
waiting
going to web site
Hello world	Thread-10817	3

time: 946689209.5350641
diff: 34.46493589878082
waiting
going to web site
Hello world	Thread-10980	7

time: 946689244.5350641
diff: 17.464935898780823
waiting
going to web site
Hello world	Thread-11073	7

time: 946689262.540065
diff: 20.459934949874878
waiting
going to web site
Hello world	Thread-11168	7

time: 946689283.5350641
diff: 35.46493589878082
waiting
going to web site
Hello world	Thread-11343	7

time: 946689319.5350641
diff: 7.464935898780823
waiting
going to web site
Hello world	Thread-11376	6

time: 946689327.535325
diff: 12.464674949645996
waiting
going to web site
Hello world	Thread-11443	3

time: 946689340.5350641
diff: 30.464935898780823
waiting
going to web site
Hello world	Thread-11585	6

time: 946689371.526064
diff: 16.473935961723328
waiting
going to web site
Hello world	Thread-11666	6

time: 946689388.5350641
diff: 24.464935898780823
waiting
going to web site
Hello world	Thread-11770	6

time: 946689413.5350649
diff: 40.464935064315796
waiting
going to web site
Hello world	Thread-11963	3

time: 946689454.5350649
diff: 13.464935064315796
waiting
going to web site
Hello world	Thread-12025	4

time: 946689468.544065
diff: 29.45593500137329
waiting
going to web site
Hello world	Thread-12166	6

time: 946689498.526065
diff: 13.473935008049011
waiting
going to web site
Hello world	Thread-12228	3

time: 946689512.5350649
diff: 15.464935064315796
waiting
going to web site
Hello world	Thread-12297	5

time: 946689528.5350649
diff: 23.464935064315796
waiting
going to web site
Hello world	Thread-12410	6

time: 946689552.542065
diff: 19.457934975624084
waiting
going to web site
Hello world	Thread-12500	6

time: 946689572.5350641
diff: 20.464935898780823
waiting
going to web site
Hello world	Thread-12596	7

time: 946689593.5350641
diff: 16.464935898780823
waiting
going to web site
Hello world	Thread-12669	5

time: 946689610.534064
diff: 22.465935945510864
waiting
going to web site
Hello world	Thread-12778	5

time: 946689633.832832
diff: 16.167168021202087
waiting
going to web site
Hello world	Thread-12858	5

time: 946689650.832833
diff: 23.16716694831848
waiting
going to web site
Hello world	Thread-12971	5

time: 946689674.832832
diff: 11.167168021202087
waiting
going to web site
Hello world	Thread-13037	5

time: 946689686.832833
diff: 29.16716694831848
waiting
going to web site
Hello world	Thread-13166	4

time: 946689716.832832
diff: 33.16716802120209
waiting
going to web site
Hello world	Thread-13320	5

time: 946689750.832833
diff: 14.167166948318481
waiting
going to web site
Hello world	Thread-13387	2

time: 946689765.832832
diff: 24.167168021202087
waiting
going to web site
Hello world	Thread-13500	2

time: 946689790.841833
diff: 23.158167004585266
waiting
going to web site
Hello world	Thread-13613	4

time: 946689814.841833
diff: 27.158167004585266
waiting
going to web site
Hello world	Thread-13739	5

time: 946689842.841833
diff: 8.158167004585266
waiting
going to web site
Hello world	Thread-13790	3

time: 946689851.832833
diff: 26.16716694831848
waiting
going to web site
Hello world	Thread-13908	4

time: 946689878.832832
diff: 37.16716802120209
waiting
going to web site
Hello world	Thread-14074	4

time: 946689916.841833
diff: 27.158167004585266
waiting
going to web site
Hello world	Thread-14200	4

time: 946689944.832833
diff: 17.16716694831848
waiting
going to web site
Hello world	Thread-14279	6

time: 946689962.832832
diff: 16.167168021202087
waiting
going to web site
Hello world	Thread-14345	3

time: 946689979.841833
diff: 28.158167004585266
waiting
going to web site
Hello world	Thread-14483	3

time: 946690008.841833
diff: 23.158167004585266
waiting
going to web site
Hello world	Thread-14581	4

time: 946690032.850833
diff: 19.14916694164276
waiting
going to web site
Hello world	Thread-14663	4

time: 946690052.832832
diff: 25.167168021202087
waiting
going to web site
Hello world	Thread-14771	6

time: 946690078.841833
diff: 20.158167004585266
waiting
going to web site
Hello world	Thread-14870	4

time: 946690099.841833
diff: 18.158167004585266
waiting
going to web site
Hello world	Thread-14950	2

time: 946690119.842833
diff: 21.157166957855225
waiting
going to web site
Hello world	Thread-15043	5

time: 946690141.832832
diff: 33.16716802120209
waiting
going to web site
Hello world	Thread-15191	5

time: 946690176.841833
diff: 17.158167004585266
waiting
going to web site
Hello world	Thread-15263	4

time: 946690194.841833
diff: 13.158167004585266
waiting
going to web site
Hello world	Thread-15331	2

time: 946690208.832833
diff: 23.16716694831848
waiting
going to web site
Hello world	Thread-15435	3

time: 946690232.832832
diff: 21.167168021202087
waiting
going to web site
Hello world	Thread-15534	3

time: 946690255.842833
diff: 21.157166957855225
waiting
going to web site
Hello world	Thread-15633	3

time: 946690277.832832
diff: 29.167168021202087
waiting
going to web site
Hello world	Thread-15763	3

time: 946690307.841833
diff: 15.158167004585266
waiting
going to web site
Hello world	Thread-15841	2

time: 946690324.841833
diff: 32.158167004585266
waiting
going to web site
Hello world	Thread-15972	3

time: 946690357.832833
diff: 23.16716694831848
waiting
going to web site
Hello world	Thread-16075	3

time: 946690381.832832
diff: 20.167168021202087
waiting
going to web site
Hello world	Thread-16168	5

time: 946690402.832833
diff: 12.167166948318481
waiting
going to web site
Hello world	Thread-16223	4

time: 946690415.832832
diff: 25.167168021202087
waiting
going to web site
Hello world	Thread-16345	2

time: 946690442.848833
diff: 23.151167035102844
waiting
going to web site
Hello world	Thread-16449	3

time: 946690466.841833
diff: 23.158167004585266
waiting
going to web site
Hello world	Thread-16617	3

time: 946690505.8423929
diff: -7.842392921447754
going to web site
Hello world	Thread-16619	5

time: 946690506.675225
diff: 12.324774980545044
waiting
going to web site
Hello world	Thread-16682	3

time: 946690519.832832
diff: 38.16716802120209
waiting
going to web site
Hello world	Thread-16849	3

time: 946690558.841833
diff: 16.158167004585266
waiting
going to web site
Hello world	Thread-16924	6

time: 946690575.832833
diff: 38.16716694831848
waiting
going to web site
Hello world	Thread-17089	3

time: 946690614.832832
diff: 17.167168021202087
waiting
going to web site
Hello world	Thread-17169	7

time: 946690632.832833
diff: 25.16716694831848
waiting
going to web site
Hello world	Thread-17278	4

time: 946690658.832832
diff: 21.167168021202087
waiting
going to web site
Hello world	Thread-17374	2

time: 946690680.841833
diff: 14.158167004585266
waiting
going to web site
Hello world	Thread-17441	4

time: 946690695.841833
diff: 18.158167004585266
waiting
going to web site
Hello world	Thread-17530	2

time: 946690715.851833
diff: 35.14816701412201
waiting
going to web site
Hello world	Thread-17679	3

time: 946690751.841833
diff: 18.158167004585266
waiting
going to web site
Hello world	Thread-17777	3

time: 946690771.8418959
diff: 14.158104062080383
waiting
going to web site
Hello world	Thread-17837	2

time: 946690786.841833
diff: 25.158167004585266
waiting
going to web site
Hello world	Thread-17950	2

time: 946690812.841833
diff: 18.158167004585266
waiting
going to web site
Hello world	Thread-18034	4

time: 946690831.836833
diff: 33.163166999816895
waiting
going to web site
Hello world	Thread-18166	7

time: 946690865.832832
diff: 23.167168021202087
waiting
going to web site
Hello world	Thread-18275	3

time: 946690889.836833
diff: 17.163166999816895
waiting
going to web site
Hello world	Thread-18349	3

time: 946690907.832832
diff: 17.167168021202087
waiting
going to web site
Hello world	Thread-18416	2

time: 946690925.841833
diff: 23.158167004585266
waiting
going to web site
Hello world	Thread-18529	2

time: 946690949.841833
diff: 25.158167004585266
waiting
going to web site
Hello world	Thread-18634	3

time: 946690975.841833
diff: 22.158167004585266
waiting
going to web site
Hello world	Thread-18738	4

time: 946690998.8378329
diff: 27.162167072296143
waiting
going to web site
Hello world	Thread-18859	3

time: 946691026.841833
diff: 17.158167004585266
waiting
going to web site
Hello world	Thread-18959	2

time: 946691047.851833
diff: 15.14816701412201
waiting
going to web site
Hello world	Thread-19026	2

time: 946691063.841833
diff: 20.158167004585266
waiting
going to web site
Hello world	Thread-19119	2

time: 946691084.841833
diff: 17.158167004585266
waiting
going to web site
Hello world	Thread-19200	3

time: 946691102.841833
diff: 26.158167004585266
waiting
going to web site
Hello world	Thread-19315	2

time: 946691129.841833
diff: 22.158167004585266
waiting
going to web site
Hello world	Thread-19424	3

time: 946691152.836833
diff: 17.163166999816895
waiting
going to web site
Hello world	Thread-19499	4

time: 946691170.832832
diff: 24.167168021202087
waiting
going to web site
Hello world	Thread-19614	3

time: 946691195.841833
diff: 12.158167004585266
waiting
going to web site
Hello world	Thread-19671	2

time: 946691208.841833
diff: 20.158167004585266
waiting
going to web site
Hello world	Thread-19769	4

time: 946691229.832833
diff: 27.16716694831848
waiting
going to web site
Hello world	Thread-19906	2

time: 946691257.838833
diff: 11.161167025566101
waiting
going to web site
Hello world	Thread-19960	2

time: 946691269.841833
diff: 23.158167004585266
waiting
going to web site
Hello world	Thread-20068	3

time: 946691293.832833
diff: 15.167166948318481
waiting
going to web site
Hello world	Thread-20137	4

time: 946691309.832832
diff: 21.167168021202087
waiting
going to web site
Hello world	Thread-20250	2

time: 946691331.841833
diff: 32.158167004585266
waiting
going to web site
Hello world	Thread-20409	3

time: 946691367.841833
diff: 13.158167004585266
waiting
going to web site
Hello world	Thread-20497	4

time: 946691382.841833
diff: 10.158167004585266
waiting
going to web site
Hello world	Thread-20554	3

time: 946691393.832833
diff: 27.16716694831848
waiting
going to web site
Hello world	Thread-20690	3

time: 946691421.832832
diff: 9.167168021202087
waiting
going to web site
Hello world	Thread-20732	2

time: 946691431.841833
diff: 23.158167004585266
waiting
going to web site
Hello world	Thread-20845	2

time: 946691455.841833
diff: 24.158167004585266
waiting
going to web site
Hello world	Thread-20971	3

time: 946691481.859481
diff: 25.14051902294159
waiting
going to web site
Hello world	Thread-21090	2

time: 946691507.841833
diff: 38.158167004585266
waiting
going to web site
Hello world	Thread-21278	2

time: 946691547.841833
diff: 11.158167004585266
waiting
going to web site
Hello world	Thread-21332	2

time: 946691559.8466649
diff: 19.153335094451904
waiting
going to web site
Hello world	Thread-21423	4

time: 946691579.841833
diff: 39.158167004585266
waiting
going to web site
Hello world	Thread-21602	2

time: 946691619.841833
diff: 4.158167004585266
waiting
going to web site
Hello world	Thread-21629	2

time: 946691624.841833
diff: 17.158167004585266
waiting
going to web site
Hello world	Thread-21705	6

time: 946691642.832833
diff: 27.16716694831848
waiting
going to web site
Hello world	Thread-21822	2

time: 946691670.832832
diff: 37.16716802120209
waiting
going to web site
Hello world	Thread-21998	3

time: 946691708.8421639
diff: 8.157836079597473
waiting
going to web site
Hello world	Thread-22036	5

time: 946691717.841833
diff: 18.158167004585266
waiting
going to web site
Hello world	Thread-22114	2

time: 946691736.836833
diff: 27.163166999816895
waiting
going to web site
Hello world	Thread-22240	7

time: 946691764.832832
diff: 22.167168021202087
waiting
going to web site
Hello world	Thread-22334	4

time: 946691787.841833
diff: 21.158167004585266
waiting
going to web site
Hello world	Thread-22443	4

time: 946691810.845833
diff: 31.15416705608368
waiting
going to web site
Hello world	Thread-22580	3

time: 946691842.842833
diff: 6.157166957855225
waiting
going to web site
Hello world	Thread-22604	6

time: 946691849.832832
diff: 26.167168021202087
waiting
going to web site
Hello world	Thread-22730	3

time: 946691876.841833
diff: 16.158167004585266
waiting
going to web site
Hello world	Thread-22812	2

time: 946691894.841833
diff: 30.158167004585266
waiting
going to web site
Hello world	Thread-22950	4

time: 946691925.832833
diff: 8.167166948318481
waiting
going to web site
Hello world	Thread-22984	5

time: 946691934.836832
diff: 24.16316795349121
waiting
going to web site
Hello world	Thread-23111	3

time: 946691959.832832
diff: 19.167168021202087
waiting
going to web site
Hello world	Thread-23200	3

time: 946691979.841833
diff: 18.158167004585266
waiting
going to web site
Hello world	Thread-23290	2

time: 946691998.841833
diff: 13.158167004585266
waiting
going to web site
Hello world	Thread-23356	4

time: 946692012.841833
diff: 13.158167004585266
waiting
going to web site
Hello world	Thread-23429	2

time: 946692027.841833
diff: 22.158167004585266
waiting
going to web site
Hello world	Thread-23542	7

time: 946692050.832833
diff: 24.16716694831848
waiting
going to web site
Hello world	Thread-23659	5

time: 946692075.832832
diff: 28.167168021202087
waiting
going to web site
Hello world	Thread-23791	5

time: 946692104.832833
diff: 16.16716694831848
waiting
going to web site
Hello world	Thread-23879	4

time: 946692121.832832
diff: 31.167168021202087
waiting
going to web site
Hello world	Thread-24031	3

time: 946692153.841833
diff: 26.158167004585266
waiting
going to web site
Hello world	Thread-24145	3

time: 946692180.841833
diff: 24.158167004585266
waiting
going to web site
Hello world	Thread-24265	3

time: 946692206.860833
diff: 12.139166951179504
waiting
going to web site
Hello world	Thread-24328	6

time: 946692219.832832
diff: 30.167168021202087
waiting
going to web site
Hello world	Thread-24470	2

time: 946692250.832833
diff: 21.16716694831848
waiting
going to web site
Hello world	Thread-24563	4

time: 946692272.832832
diff: 22.167168021202087
waiting
going to web site
Hello world	Thread-24671	5

time: 946692295.851697
diff: 20.148303031921387
waiting
going to web site
Hello world	Thread-24768	4

time: 946692316.841833
diff: 28.158167004585266
waiting
going to web site
Hello world	Thread-24892	3

time: 946692345.832833
diff: 15.167166948318481
waiting
going to web site
Hello world	Thread-24960	4

time: 946692361.832832
diff: 26.167168021202087
waiting
going to web site
Hello world	Thread-25081	6

time: 946692391.832833
diff: 25.16716694831848
waiting
going to web site
Hello world	Thread-25193	2

time: 946692417.832832
diff: 16.167168021202087
waiting
going to web site
Hello world	Thread-25268	3

time: 946692434.841833
diff: 26.158167004585266
waiting
going to web site
Hello world	Thread-25380	4

time: 946692461.841833
diff: 21.158167004585266
waiting
going to web site
Hello world	Thread-25473	2

time: 946692483.841833
diff: 18.158167004585266
waiting
going to web site
Hello world	Thread-25551	2

time: 946692502.841833
diff: 33.158167004585266
waiting
going to web site
Hello world	Thread-25692	3

time: 946692536.832833
diff: 24.16716694831848
waiting
going to web site
Hello world	Thread-25800	3

time: 946692561.832832
diff: 14.167168021202087
waiting
going to web site
Hello world	Thread-25868	2

time: 946692576.841833
diff: 13.158167004585266
waiting
going to web site
Hello world	Thread-25929	2

time: 946692590.841833
diff: 21.158167004585266
waiting
going to web site
Hello world	Thread-26012	3

