time: 946686600.0
diff: 0.0
going to web site
Hello world	Thread-12	2

time: 946686601.089084
diff: 118.91091597080231
waiting
going to web site
Hello world	Thread-70	4

time: 946686721.0750841
diff: 118.92491590976715
waiting
going to web site
Hello world	Thread-149	2

time: 946686841.092085
diff: 118.90791499614716
waiting
going to web site
Hello world	Thread-209	2

time: 946686961.084085
diff: 59.91591501235962
waiting
going to web site
Hello world	Thread-255	2

time: 946687022.0850841
diff: 58.914915919303894
waiting
going to web site
Hello world	Thread-279	3

time: 946687082.078084
diff: 118.9219160079956
waiting
going to web site
Hello world	Thread-357	2

time: 946687204.656908
diff: 56.34309196472168
waiting
going to web site
Hello world	Thread-375	6

time: 946687261.650908
diff: 59.34909200668335
waiting
going to web site
Hello world	Thread-426	3

time: 946687328.656908
diff: 52.34309196472168
waiting
going to web site
Hello world	Thread-434	7

time: 946687381.646908
diff: 60.35309195518494
waiting
going to web site
Hello world	Thread-482	5

time: 946687443.6559091
diff: 58.344090938568115
waiting
going to web site
Hello world	Thread-514	6

time: 946687503.6559091
diff: 58.344090938568115
waiting
going to web site
Hello world	Thread-562	3

time: 946687569.666908
diff: 52.33309197425842
waiting
going to web site
Hello world	Thread-570	7

time: 946687622.646908
diff: 119.35309195518494
waiting
going to web site
Hello world	Thread-649	6

time: 946687745.655909
diff: 116.3440910577774
waiting
going to web site
Hello world	Thread-723	5

time: 946687869.659364
diff: 53.340636014938354
waiting
going to web site
Hello world	Thread-759	3

time: 946687926.658365
diff: 56.34163498878479
waiting
going to web site
Hello world	Thread-793	4

time: 946687986.677365
diff: 56.32263505458832
waiting
going to web site
Hello world	Thread-826	2

time: 946688046.658365
diff: 56.34163498878479
waiting
going to web site
Hello world	Thread-858	3

time: 946688110.668364
diff: 52.33163595199585
waiting
going to web site
Hello world	Thread-882	6

time: 946688166.649364
diff: 56.35063600540161
waiting
going to web site
Hello world	Thread-924	2

time: 946688230.659364
diff: 52.340636014938354
waiting
going to web site
Hello world	Thread-950	7

