time: 946686600.0
diff: 357.0
waiting
going to web site
Hello world	Thread-1855	2

time: 946686957.832832
diff: -0.8328319787979126
going to web site
Hello world	Thread-1856	4

time: 946686958.665664
diff: 2.334336042404175
waiting
going to web site
Hello world	Thread-904	3

time: 946686961.8398329
diff: 9.16016709804535
waiting
going to web site
Hello world	Thread-949	5

time: 946686971.841833
diff: 22.158167004585266
waiting
going to web site
Hello world	Thread-1059	4

time: 946686994.870072
diff: 9.12992799282074
waiting
going to web site
Hello world	Thread-1103	2

time: 946687004.832832
diff: 10.167168021202087
waiting
going to web site
Hello world	Thread-1988	3

time: 946687015.838833
diff: -0.8388329744338989
going to web site
Hello world	Thread-1991	2

time: 946687016.6716651
diff: -0.6716650724411011
going to web site
Hello world	Thread-1992	3

time: 946687017.504497
diff: -1.5044970512390137
going to web site
Hello world	Thread-1994	2

time: 946687018.337329
diff: -1.3373290300369263
going to web site
Hello world	Thread-1996	2

time: 946687019.170161
diff: -2.170161008834839
going to web site
Hello world	Thread-1997	2

time: 946687020.002993
diff: -3.0029929876327515
going to web site
Hello world	Thread-1998	2

time: 946687020.852326
diff: -3.8523260354995728
going to web site
Hello world	Thread-2000	2

time: 946687021.685158
diff: -3.6851580142974854
going to web site
Hello world	Thread-2002	3

time: 946687022.52599
diff: -2.5259900093078613
going to web site
Hello world	Thread-2005	2

time: 946687023.358822
diff: -3.358821988105774
going to web site
Hello world	Thread-2008	2

time: 946687024.191654
diff: -3.1916539669036865
going to web site
Hello world	Thread-2012	2

time: 946687025.032486
diff: -3.0324859619140625
going to web site
Hello world	Thread-2015	2

time: 946687025.8850859
diff: -2.885085940361023
going to web site
Hello world	Thread-2017	2

time: 946687026.722918
diff: -1.7229180335998535
going to web site
Hello world	Thread-1202	6

time: 946687027.55975
diff: 1.440250039100647
waiting
going to web site
Hello world	Thread-2021	2

time: 946687029.852481
diff: 1.1475189924240112
waiting
going to web site
Hello world	Thread-2023	2

time: 946687031.832832
diff: 6.167168021202087
waiting
going to web site
Hello world	Thread-2036	2

time: 946687038.841833
diff: 2.158167004585266
waiting
going to web site
Hello world	Thread-1272	2

time: 946687041.846833
diff: 0.1531670093536377
waiting
going to web site
Hello world	Thread-2043	2

time: 946687042.8398329
diff: 2.160167098045349
waiting
going to web site
Hello world	Thread-2048	2

time: 946687045.848833
diff: 12.151167035102844
waiting
going to web site
Hello world	Thread-1348	2

time: 946687058.841833
diff: 23.158167004585266
waiting
going to web site
Hello world	Thread-1452	3

time: 946687082.841833
diff: 10.158167004585266
waiting
going to web site
Hello world	Thread-1506	4

time: 946687093.841833
diff: 31.158167004585266
waiting
going to web site
Hello world	Thread-1647	2

time: 946687125.8408331
diff: 9.159166932106018
waiting
going to web site
Hello world	Thread-1687	4

time: 946687135.832832
diff: 30.167168021202087
waiting
going to web site
Hello world	Thread-1816	2

time: 946687166.841833
diff: 29.158167004585266
waiting
going to web site
Hello world	Thread-1939	2

time: 946687196.841833
diff: 20.158167004585266
waiting
going to web site
Hello world	Thread-2036	2

time: 946687218.845833
diff: 26.15416705608368
waiting
going to web site
Hello world	Thread-2144	2

time: 946687245.832833
diff: 19.16716694831848
waiting
going to web site
Hello world	Thread-2239	4

time: 946687265.832832
diff: 26.167168021202087
waiting
going to web site
Hello world	Thread-2362	2

time: 946687292.859481
diff: 18.14051902294159
waiting
going to web site
Hello world	Thread-2444	3

time: 946687311.84848
diff: 24.151520013809204
waiting
going to web site
Hello world	Thread-2555	2

time: 946687336.841833
diff: 25.158167004585266
waiting
going to web site
Hello world	Thread-2667	2

time: 946687362.841833
diff: 16.158167004585266
waiting
going to web site
Hello world	Thread-2746	3

time: 946687379.8398329
diff: 23.16016709804535
waiting
going to web site
Hello world	Thread-2848	4

time: 946687403.832833
diff: 19.16716694831848
waiting
going to web site
Hello world	Thread-2932	4

time: 946687423.832832
diff: 32.16716802120209
waiting
going to web site
Hello world	Thread-3084	2

time: 946687457.861833
diff: 13.138167023658752
waiting
going to web site
Hello world	Thread-3143	2

time: 946687471.851545
diff: 30.148455023765564
waiting
going to web site
Hello world	Thread-3280	3

time: 946687502.832833
diff: 23.16716694831848
waiting
going to web site
Hello world	Thread-3383	3

time: 946687526.832832
diff: 14.167168021202087
waiting
going to web site
Hello world	Thread-3444	2

time: 946687541.832833
diff: 27.16716694831848
waiting
going to web site
Hello world	Thread-3568	3

time: 946687569.832832
diff: 16.167168021202087
waiting
going to web site
Hello world	Thread-3642	2

time: 946687586.841833
diff: 17.158167004585266
waiting
going to web site
Hello world	Thread-3717	2

time: 946687604.841833
diff: 11.158167004585266
waiting
going to web site
Hello world	Thread-3778	2

time: 946687616.841833
diff: 37.158167004585266
waiting
going to web site
Hello world	Thread-3938	2

time: 946687654.841897
diff: 26.158102989196777
waiting
going to web site
Hello world	Thread-4055	4

time: 946687681.832832
diff: 21.167168021202087
waiting
going to web site
Hello world	Thread-4156	4

time: 946687703.832833
diff: 18.16716694831848
waiting
going to web site
Hello world	Thread-4237	5

time: 946687722.832832
diff: 17.167168021202087
waiting
going to web site
Hello world	Thread-4317	2

time: 946687740.841833
diff: 31.158167004585266
waiting
going to web site
Hello world	Thread-4467	3

time: 946687773.841833
diff: 23.158167004585266
waiting
going to web site
Hello world	Thread-4577	2

time: 946687797.864772
diff: 23.135228037834167
waiting
going to web site
Hello world	Thread-4680	3

time: 946687821.832833
diff: 19.16716694831848
waiting
going to web site
Hello world	Thread-4769	5

time: 946687841.832832
diff: 29.167168021202087
waiting
going to web site
Hello world	Thread-4908	3

time: 946687871.841833
diff: 24.158167004585266
waiting
going to web site
Hello world	Thread-5020	4

time: 946687896.832833
diff: 20.16716694831848
waiting
going to web site
Hello world	Thread-5113	4

time: 946687917.832832
diff: 16.167168021202087
waiting
going to web site
Hello world	Thread-5194	4

time: 946687934.832833
diff: 14.167166948318481
waiting
going to web site
Hello world	Thread-5269	5

time: 946687949.832832
diff: 16.167168021202087
waiting
going to web site
Hello world	Thread-5347	3

time: 946687966.836249
diff: 30.163751006126404
waiting
going to web site
Hello world	Thread-5498	2

time: 946687997.841979
diff: 18.158020973205566
waiting
going to web site
Hello world	Thread-5585	4

time: 946688016.832832
diff: 7.167168021202087
waiting
going to web site
Hello world	Thread-5616	2

time: 946688024.8588331
diff: 36.1411669254303
waiting
going to web site
Hello world	Thread-5781	3

time: 946688061.832832
diff: 16.167168021202087
waiting
going to web site
Hello world	Thread-5860	2

time: 946688078.832833
diff: 20.16716694831848
waiting
going to web site
Hello world	Thread-5945	4

time: 946688099.832832
diff: 21.167168021202087
waiting
going to web site
Hello world	Thread-6043	5

time: 946688121.841833
diff: 25.158167004585266
waiting
going to web site
Hello world	Thread-6176	2

time: 946688150.845833
diff: 24.15416705608368
waiting
going to web site
Hello world	Thread-6269	6

time: 946688175.5350649
diff: 18.464935064315796
waiting
going to web site
Hello world	Thread-6351	7

time: 946688194.5350649
diff: 25.464935064315796
waiting
going to web site
Hello world	Thread-6472	5

time: 946688220.5448971
diff: 11.455102920532227
waiting
going to web site
Hello world	Thread-6523	3

time: 946688232.526064
diff: 24.473935961723328
waiting
going to web site
Hello world	Thread-6633	6

time: 946688257.526064
diff: 6.473935961723328
waiting
going to web site
Hello world	Thread-6667	6

time: 946688264.5350641
diff: 42.46493589878082
waiting
going to web site
Hello world	Thread-6852	4

time: 946688307.5350641
diff: 8.464935898780823
waiting
going to web site
Hello world	Thread-6898	5

time: 946688316.5350641
diff: 40.46493589878082
waiting
going to web site
Hello world	Thread-7073	7

time: 946688357.5350641
diff: 11.464935898780823
waiting
going to web site
Hello world	Thread-7123	4

time: 946688369.5350641
diff: 13.464935898780823
waiting
going to web site
Hello world	Thread-7190	5

time: 946688383.526064
diff: 42.47393596172333
waiting
going to web site
Hello world	Thread-7382	7

time: 946688426.5350641
diff: 11.464935898780823
waiting
going to web site
Hello world	Thread-7437	5

time: 946688438.5350641
diff: 38.46493589878082
waiting
going to web site
Hello world	Thread-7610	5

time: 946688477.526064
diff: 15.473935961723328
waiting
going to web site
Hello world	Thread-7674	5

time: 946688493.526064
diff: 29.473935961723328
waiting
going to web site
Hello world	Thread-7814	2

time: 946688523.526064
diff: 25.473935961723328
waiting
going to web site
Hello world	Thread-7918	6

time: 946688549.5350641
diff: 6.464935898780823
waiting
going to web site
Hello world	Thread-7953	2

time: 946688556.526064
diff: 29.473935961723328
waiting
going to web site
Hello world	Thread-8086	5

time: 946688586.5356239
diff: 22.464376091957092
waiting
going to web site
Hello world	Thread-8186	6

time: 946688609.544065
diff: 17.45593500137329
waiting
going to web site
Hello world	Thread-8264	6

time: 946688627.544065
diff: 19.45593500137329
waiting
going to web site
Hello world	Thread-8346	5

time: 946688647.544065
diff: 11.455935001373291
waiting
going to web site
Hello world	Thread-8401	6

time: 946688659.5370649
diff: 27.462935090065002
waiting
going to web site
Hello world	Thread-8515	6

time: 946688687.539448
diff: 14.460551977157593
waiting
going to web site
Hello world	Thread-8575	4

time: 946688702.5350641
diff: 13.464935898780823
waiting
going to web site
Hello world	Thread-8634	4

time: 946688716.5350649
diff: 25.464935064315796
waiting
going to web site
Hello world	Thread-8739	3

time: 946688742.526065
diff: 33.47393500804901
waiting
going to web site
Hello world	Thread-8869	5

time: 946688776.544065
diff: 27.45593500137329
waiting
going to web site
Hello world	Thread-8988	4

time: 946688804.542065
diff: 33.457934975624084
waiting
going to web site
Hello world	Thread-9129	5

time: 946688838.5350641
diff: 22.464935898780823
waiting
going to web site
Hello world	Thread-9225	5

time: 946688861.526064
diff: 21.473935961723328
waiting
going to web site
Hello world	Thread-9311	5

time: 946688883.526064
diff: 23.473935961723328
waiting
going to web site
Hello world	Thread-9420	2

time: 946688907.526064
diff: 23.473935961723328
waiting
going to web site
Hello world	Thread-9524	5

time: 946688931.5350641
diff: 30.464935898780823
waiting
going to web site
Hello world	Thread-9658	6

time: 946688962.5350641
diff: 25.464935898780823
waiting
going to web site
Hello world	Thread-9783	4

time: 946688988.5350641
diff: 11.464935898780823
waiting
going to web site
Hello world	Thread-9836	7

time: 946689000.5350641
diff: 27.464935898780823
waiting
going to web site
Hello world	Thread-9968	4

time: 946689028.5350641
diff: 23.464935898780823
waiting
going to web site
Hello world	Thread-10071	6

time: 946689052.5350641
diff: 33.46493589878082
waiting
going to web site
Hello world	Thread-10239	6

time: 946689086.5350641
diff: 15.464935898780823
waiting
going to web site
Hello world	Thread-10304	5

time: 946689102.5350641
diff: 29.464935898780823
waiting
going to web site
Hello world	Thread-10449	8

time: 946689132.5350641
diff: 5.464935898780823
waiting
going to web site
Hello world	Thread-10478	4

time: 946689138.5350641
diff: 19.464935898780823
waiting
going to web site
Hello world	Thread-10566	4

time: 946689158.526064
diff: 28.473935961723328
waiting
going to web site
Hello world	Thread-10712	6

time: 946689187.5350641
diff: 30.464935898780823
waiting
going to web site
Hello world	Thread-10862	7

time: 946689218.5350641
diff: 2.4649358987808228
waiting
going to web site
Hello world	Thread-10877	4

time: 946689221.530064
diff: 29.46993601322174
waiting
going to web site
Hello world	Thread-11020	3

time: 946689251.5350649
diff: 29.464935064315796
waiting
going to web site
Hello world	Thread-11160	5

time: 946689281.544065
diff: 14.455935001373291
waiting
going to web site
Hello world	Thread-11236	5

time: 946689296.5350649
diff: 8.464935064315796
waiting
going to web site
Hello world	Thread-11277	5

time: 946689305.540065
diff: 14.459934949874878
waiting
going to web site
Hello world	Thread-11348	6

time: 946689320.5350641
diff: 24.464935898780823
waiting
going to web site
Hello world	Thread-11464	7

time: 946689345.5350641
diff: 26.464935898780823
waiting
going to web site
Hello world	Thread-11591	7

time: 946689372.5350641
diff: 22.464935898780823
waiting
going to web site
Hello world	Thread-11699	4

time: 946689395.832832
diff: 17.167168021202087
waiting
going to web site
Hello world	Thread-11772	4

time: 946689413.848833
diff: 33.151167035102844
waiting
going to web site
Hello world	Thread-11942	4

time: 946689450.841833
diff: 12.158167004585266
waiting
going to web site
Hello world	Thread-12003	2

time: 946689463.841833
diff: 21.158167004585266
waiting
going to web site
Hello world	Thread-12113	2

time: 946689485.841833
diff: 12.158167004585266
waiting
going to web site
Hello world	Thread-12169	2

time: 946689498.832833
diff: 15.167166948318481
waiting
going to web site
Hello world	Thread-12235	3

time: 946689514.832832
diff: 31.167168021202087
waiting
going to web site
Hello world	Thread-12387	2

time: 946689546.841833
diff: 7.158167004585266
waiting
going to web site
Hello world	Thread-12424	2

time: 946689554.841833
diff: 26.158167004585266
waiting
going to web site
Hello world	Thread-12549	2

time: 946689582.861833
diff: 25.138167023658752
waiting
going to web site
Hello world	Thread-12662	2

time: 946689608.841833
diff: 27.158167004585266
waiting
going to web site
Hello world	Thread-12794	3

time: 946689636.832833
diff: 11.167166948318481
waiting
going to web site
Hello world	Thread-12849	3

time: 946689648.836832
diff: 24.16316795349121
waiting
going to web site
Hello world	Thread-12968	2

time: 946689673.836832
diff: 6.163167953491211
waiting
going to web site
Hello world	Thread-13000	4

time: 946689680.834832
diff: 28.165168046951294
waiting
going to web site
Hello world	Thread-13133	2

time: 946689710.841833
diff: 25.158167004585266
waiting
going to web site
Hello world	Thread-13250	3

time: 946689736.841833
diff: 38.158167004585266
waiting
going to web site
Hello world	Thread-13427	2

time: 946689775.845833
diff: 18.15416705608368
waiting
going to web site
Hello world	Thread-13521	2

time: 946689794.841833
diff: 31.158167004585266
waiting
going to web site
Hello world	Thread-13666	2

time: 946689826.841833
diff: 8.158167004585266
waiting
going to web site
Hello world	Thread-13711	4

time: 946689836.841833
diff: 23.158167004585266
waiting
going to web site
Hello world	Thread-13828	3

time: 946689860.841833
diff: 15.158167004585266
waiting
going to web site
Hello world	Thread-13901	3

time: 946689876.859481
diff: 14.14051902294159
waiting
going to web site
Hello world	Thread-13970	3

time: 946689891.832833
diff: 24.16716694831848
waiting
going to web site
Hello world	Thread-14072	6

time: 946689916.832832
diff: 14.167168021202087
waiting
going to web site
Hello world	Thread-14144	3

time: 946689931.832833
diff: 23.16716694831848
waiting
going to web site
Hello world	Thread-14247	4

time: 946689955.832832
diff: 23.167168021202087
waiting
going to web site
Hello world	Thread-14344	2

time: 946689979.841833
diff: 13.158167004585266
waiting
going to web site
Hello world	Thread-14412	3

time: 946689993.841833
diff: 28.158167004585266
waiting
going to web site
Hello world	Thread-14540	5

time: 946690022.543065
diff: 21.456935048103333
waiting
going to web site
Hello world	Thread-14629	6

time: 946690044.5350649
diff: 23.464935064315796
waiting
going to web site
Hello world	Thread-14735	3

time: 946690068.5300651
diff: 18.469934940338135
waiting
going to web site
Hello world	Thread-14811	7

time: 946690087.5350641
diff: 25.464935898780823
waiting
going to web site
Hello world	Thread-14925	4

time: 946690113.526064
diff: 25.473935961723328
waiting
going to web site
Hello world	Thread-15033	7

time: 946690139.5350641
diff: 12.464935898780823
waiting
going to web site
Hello world	Thread-15091	7

time: 946690152.5350641
diff: 33.46493589878082
waiting
going to web site
Hello world	Thread-15228	6

time: 946690186.5350641
diff: 22.464935898780823
waiting
going to web site
Hello world	Thread-15332	6

time: 946690209.5350641
diff: 25.464935898780823
waiting
going to web site
Hello world	Thread-15447	6

time: 946690235.5350641
diff: 32.46493589878082
waiting
going to web site
Hello world	Thread-15593	5

time: 946690268.5350641
diff: 17.464935898780823
waiting
going to web site
Hello world	Thread-15666	7

time: 946690286.5350641
diff: 25.464935898780823
waiting
going to web site
Hello world	Thread-15783	6

time: 946690312.5350641
diff: 3.4649358987808228
waiting
going to web site
Hello world	Thread-15801	7

time: 946690316.5350641
diff: 24.464935898780823
waiting
going to web site
Hello world	Thread-15910	4

time: 946690341.526064
diff: 21.473935961723328
waiting
going to web site
Hello world	Thread-15996	7

time: 946690363.5350641
diff: 29.464935898780823
waiting
going to web site
Hello world	Thread-16130	6

time: 946690393.5350641
diff: 29.464935898780823
waiting
going to web site
Hello world	Thread-16259	4

time: 946690423.5350641
diff: 13.464935898780823
waiting
going to web site
Hello world	Thread-16322	5

time: 946690437.5350641
diff: 23.464935898780823
waiting
going to web site
Hello world	Thread-16424	7

time: 946690461.5350641
diff: 24.464935898780823
waiting
going to web site
Hello world	Thread-16536	7

time: 946690486.5350641
diff: 29.464935898780823
waiting
going to web site
Hello world	Thread-16670	6

time: 946690516.5350641
diff: 14.464935898780823
waiting
going to web site
Hello world	Thread-16728	6

time: 946690531.5350641
diff: 27.464935898780823
waiting
going to web site
Hello world	Thread-16851	6

time: 946690559.5350641
diff: 21.464935898780823
waiting
going to web site
Hello world	Thread-16951	6

time: 946690581.5350641
diff: 29.464935898780823
waiting
going to web site
Hello world	Thread-17071	7

time: 946690611.526064
diff: 11.473935961723328
waiting
going to web site
Hello world	Thread-17130	5

time: 946690623.834832
diff: 33.165168046951294
waiting
going to web site
Hello world	Thread-17276	3

time: 946690657.8424569
diff: 19.157543063163757
waiting
going to web site
Hello world	Thread-17353	2

time: 946690677.841833
diff: 28.158167004585266
waiting
going to web site
Hello world	Thread-17485	2

time: 946690706.832833
diff: 15.167166948318481
waiting
going to web site
Hello world	Thread-17555	5

time: 946690722.832832
diff: 23.167168021202087
waiting
going to web site
Hello world	Thread-17661	3

time: 946690746.832833
diff: 22.16716694831848
waiting
going to web site
Hello world	Thread-17769	4

time: 946690770.8338319
diff: 17.166168093681335
waiting
going to web site
Hello world	Thread-17864	2

time: 946690791.860833
diff: 16.139166951179504
waiting
going to web site
Hello world	Thread-17931	4

time: 946690808.832832
diff: 8.167168021202087
waiting
going to web site
Hello world	Thread-17967	2

time: 946690817.841833
diff: 31.158167004585266
waiting
going to web site
Hello world	Thread-18099	2

time: 946690849.832833
diff: 27.16716694831848
waiting
going to web site
Hello world	Thread-18216	4

time: 946690877.832832
diff: 21.167168021202087
waiting
going to web site
Hello world	Thread-18316	4

time: 946690899.841833
diff: 26.158167004585266
waiting
going to web site
Hello world	Thread-18423	2

time: 946690926.84236
diff: 34.15763998031616
waiting
going to web site
Hello world	Thread-18576	4

time: 946690961.832832
diff: 7.167168021202087
waiting
going to web site
Hello world	Thread-18611	2

time: 946690969.841833
diff: 20.158167004585266
waiting
going to web site
Hello world	Thread-18706	2

time: 946690990.841833
diff: 23.158167004585266
waiting
going to web site
Hello world	Thread-18809	5

time: 946691014.845833
diff: 27.15416705608368
waiting
going to web site
Hello world	Thread-18931	3

time: 946691042.841833
diff: 25.158167004585266
waiting
going to web site
Hello world	Thread-19048	2

time: 946691068.841833
diff: 31.158167004585266
waiting
going to web site
Hello world	Thread-19194	4

time: 946691101.851833
diff: 5.148167014122009
waiting
going to web site
Hello world	Thread-19217	2

time: 946691107.841893
diff: 36.15810704231262
waiting
going to web site
Hello world	Thread-19382	3

time: 946691144.841833
diff: 23.158167004585266
waiting
going to web site
Hello world	Thread-19490	2

time: 946691168.841833
diff: 24.158167004585266
waiting
going to web site
Hello world	Thread-19605	2

time: 946691193.841833
diff: 14.158167004585266
waiting
going to web site
Hello world	Thread-19676	2

time: 946691209.841833
diff: 27.158167004585266
waiting
going to web site
Hello world	Thread-19815	2

time: 946691237.832833
diff: 16.16716694831848
waiting
going to web site
Hello world	Thread-19886	4

time: 946691254.832832
diff: 21.167168021202087
waiting
going to web site
Hello world	Thread-19991	2

time: 946691277.845833
diff: 23.15416705608368
waiting
going to web site
Hello world	Thread-20096	4

time: 946691301.832833
diff: 14.167166948318481
waiting
going to web site
Hello world	Thread-20172	5

time: 946691316.8358321
diff: 33.16416788101196
waiting
going to web site
Hello world	Thread-20330	4

time: 946691350.832832
diff: 16.167168021202087
waiting
going to web site
Hello world	Thread-20414	2

time: 946691368.841833
diff: 20.158167004585266
waiting
going to web site
Hello world	Thread-20533	4

time: 946691389.832833
diff: 8.167166948318481
waiting
going to web site
Hello world	Thread-20578	5

time: 946691398.832832
diff: 17.167168021202087
waiting
going to web site
Hello world	Thread-20664	4

time: 946691416.832833
diff: 31.16716694831848
waiting
going to web site
Hello world	Thread-20810	5

time: 946691448.832832
diff: 36.16716802120209
waiting
going to web site
Hello world	Thread-20991	3

time: 946691485.841833
diff: -0.8418329954147339
going to web site
Hello world	Thread-20993	7

time: 946691486.674665
diff: 34.32533502578735
waiting
going to web site
Hello world	Thread-21171	2

time: 946691524.851833
diff: 10.14816701412201
waiting
going to web site
Hello world	Thread-21221	2

time: 946691535.8418959
diff: 10.158104062080383
waiting
going to web site
Hello world	Thread-21272	2

time: 946691546.841833
diff: 30.158167004585266
waiting
going to web site
Hello world	Thread-21418	2

time: 946691578.841833
diff: 12.158167004585266
waiting
going to web site
Hello world	Thread-21475	3

time: 946691591.841833
diff: 25.158167004585266
waiting
going to web site
Hello world	Thread-21590	2

time: 946691617.841833
diff: 4.158167004585266
waiting
going to web site
Hello world	Thread-21617	4

time: 946691622.841833
diff: 39.158167004585266
waiting
going to web site
Hello world	Thread-21793	2

time: 946691662.832833
diff: 22.16716694831848
waiting
going to web site
Hello world	Thread-21888	3

time: 946691685.832832
diff: 21.167168021202087
waiting
going to web site
Hello world	Thread-21993	3

time: 946691707.845833
diff: 13.15416705608368
waiting
going to web site
Hello world	Thread-22055	2

time: 946691721.841833
diff: 20.158167004585266
waiting
going to web site
Hello world	Thread-22142	2

time: 946691742.832833
diff: 15.167166948318481
waiting
going to web site
Hello world	Thread-22211	3

time: 946691758.832832
diff: 27.167168021202087
waiting
going to web site
Hello world	Thread-22332	2

time: 946691786.841833
diff: 11.158167004585266
waiting
going to web site
Hello world	Thread-22387	3

time: 946691798.8418959
diff: 43.15810406208038
waiting
going to web site
Hello world	Thread-22575	7

time: 946691842.729585
diff: 20.27041494846344
waiting
going to web site
Hello world	Thread-22669	4

time: 946691863.732325
diff: 10.267675042152405
waiting
going to web site
Hello world	Thread-22720	3

time: 946691874.732585
diff: 27.267415046691895
waiting
going to web site
Hello world	Thread-22844	4

time: 946691902.729585
diff: 33.27041494846344
waiting
going to web site
Hello world	Thread-22996	5

time: 946691936.7205839
diff: 15.27941608428955
waiting
going to web site
Hello world	Thread-23075	4

time: 946691952.722585
diff: 14.277415037155151
waiting
going to web site
Hello world	Thread-23142	5

time: 946691967.733585
diff: 20.266414999961853
waiting
going to web site
Hello world	Thread-23241	5

time: 946691988.7205839
diff: 41.27941608428955
waiting
going to web site
Hello world	Thread-23441	6

time: 946692030.732585
diff: 5.2674150466918945
waiting
going to web site
Hello world	Thread-23467	4

time: 946692036.720585
diff: 17.279415011405945
waiting
going to web site
Hello world	Thread-23561	7

time: 946692054.720585
diff: 31.279415011405945
waiting
going to web site
Hello world	Thread-23712	3

time: 946692086.732325
diff: 23.267675042152405
waiting
going to web site
Hello world	Thread-23819	4

time: 946692110.732325
diff: 21.267675042152405
waiting
going to web site
Hello world	Thread-23927	4

time: 946692132.720585
diff: 22.279415011405945
waiting
going to web site
Hello world	Thread-24035	5

time: 946692155.732585
diff: 18.267415046691895
waiting
going to web site
Hello world	Thread-24120	6

time: 946692174.734416
diff: 26.265583992004395
waiting
going to web site
Hello world	Thread-24241	5

time: 946692201.7205839
diff: 18.27941608428955
waiting
going to web site
Hello world	Thread-24334	6

time: 946692220.732585
diff: 26.267415046691895
waiting
going to web site
Hello world	Thread-24458	2

time: 946692247.729585
diff: 10.27041494846344
waiting
going to web site
Hello world	Thread-24505	4

time: 946692258.7205839
diff: 18.27941608428955
waiting
going to web site
Hello world	Thread-24590	6

time: 946692277.738585
diff: 18.261415004730225
waiting
going to web site
Hello world	Thread-24675	4

time: 946692296.732325
diff: 12.267675042152405
waiting
going to web site
Hello world	Thread-24731	6

time: 946692309.729585
diff: 17.27041494846344
waiting
going to web site
Hello world	Thread-24814	2

time: 946692327.7205839
diff: 17.27941608428955
waiting
going to web site
Hello world	Thread-24890	4

time: 946692345.720585
diff: 17.279415011405945
waiting
going to web site
Hello world	Thread-24965	4

time: 946692363.720585
diff: 29.279415011405945
waiting
going to web site
Hello world	Thread-25094	5

time: 946692393.732325
diff: 33.267675042152405
waiting
going to web site
Hello world	Thread-25237	2

time: 946692427.720585
diff: 18.279415011405945
waiting
going to web site
Hello world	Thread-25319	2

time: 946692446.910777
diff: 25.08922302722931
waiting
going to web site
Hello world	Thread-25430	2

time: 946692472.910777
diff: 22.08922302722931
waiting
going to web site
Hello world	Thread-25524	2

time: 946692495.910777
diff: 32.08922302722931
waiting
going to web site
Hello world	Thread-25659	2

time: 946692528.910777
diff: 21.08922302722931
waiting
going to web site
Hello world	Thread-25753	2

time: 946692550.901777
diff: 14.098222970962524
waiting
going to web site
Hello world	Thread-25818	2

time: 946692565.903776
diff: 18.096223950386047
waiting
going to web site
Hello world	Thread-25902	2

time: 946692584.9027761
diff: 37.0972238779068
waiting
going to web site
Hello world	Thread-26071	2

time: 946692623.903776
diff: 27.096223950386047
waiting
going to web site
Hello world	Thread-26173	3

time: 946692651.9027761
diff: 6.097223877906799
waiting
going to web site
Hello world	Thread-26202	2

time: 946692658.9027761
diff: 18.0972238779068
waiting
going to web site
Hello world	Thread-26272	2

time: 946692677.9027761
diff: 31.0972238779068
waiting
going to web site
Hello world	Thread-26378	2

time: 946692709.904776
diff: 26.095224022865295
waiting
going to web site
Hello world	Thread-26457	2

time: 946692736.910777
diff: 17.08922302722931
waiting
going to web site
Hello world	Thread-26504	2

time: 946692754.910777
diff: 31.08922302722931
waiting
going to web site
Hello world	Thread-26577	2

time: 946692786.910777
diff: 20.08922302722931
waiting
going to web site
Hello world	Thread-26625	2

time: 946692807.910777
diff: 14.089223027229309
waiting
going to web site
Hello world	Thread-26650	2

time: 946692822.918192
diff: 28.08180797100067
waiting
going to web site
Hello world	Thread-26700	2

time: 946692851.9027761
diff: 24.0972238779068
waiting
going to web site
Hello world	Thread-26732	2

time: 946692876.901776
diff: 28.09822404384613
waiting
going to web site
Hello world	Thread-26767	2

time: 946692905.910777
diff: 17.08922302722931
waiting
going to web site
Hello world	Thread-26781	2

time: 946692923.910777
diff: 16.08922302722931
waiting
going to web site
Hello world	Thread-26792	2

