time: 946686600.0
diff: 333.0
waiting
going to web site
Hello world	Thread-1747	5

time: 946686933.777794
diff: -0.7777940034866333
going to web site
Hello world	Thread-1752	7

time: 946686934.552122
diff: -1.5521219968795776
going to web site
Hello world	Thread-1759	6

time: 946686935.329209
diff: -1.3292089700698853
going to web site
Hello world	Thread-1765	4

time: 946686936.098537
diff: -2.098536968231201
going to web site
Hello world	Thread-1772	3

time: 946686936.867865
diff: -2.867864966392517
going to web site
Hello world	Thread-1776	4

time: 946686937.635193
diff: -3.6351929903030396
going to web site
Hello world	Thread-1781	4

time: 946686938.431521
diff: -4.431521058082581
going to web site
Hello world	Thread-1786	2

time: 946686939.229164
diff: -4.229164004325867
going to web site
Hello world	Thread-1788	3

time: 946686940.031121
diff: -3.031121015548706
going to web site
Hello world	Thread-1792	4

time: 946686940.828449
diff: -1.828449010848999
going to web site
Hello world	Thread-1795	6

time: 946686941.6256241
diff: -2.6256240606307983
going to web site
Hello world	Thread-1801	2

time: 946686942.4241799
diff: 18.575820088386536
waiting
going to web site
Hello world	Thread-902	4

time: 946686961.772329
diff: 4.227671027183533
waiting
going to web site
Hello world	Thread-920	3

time: 946686966.7807331
diff: 4.219266891479492
waiting
going to web site
Hello world	Thread-1897	5

time: 946686971.775066
diff: 22.224933981895447
waiting
going to web site
Hello world	Thread-1943	3

time: 946686994.771505
diff: 5.228495001792908
waiting
going to web site
Hello world	Thread-1085	3

time: 946687000.767329
diff: 4.232671022415161
waiting
going to web site
Hello world	Thread-1965	2

time: 946687005.7763289
diff: 2.223671078681946
waiting
going to web site
Hello world	Thread-1117	4

time: 946687008.776639
diff: 0.22336101531982422
waiting
going to web site
Hello world	Thread-1973	4

time: 946687009.791329
diff: 1.208670973777771
waiting
going to web site
Hello world	Thread-1980	2

time: 946687011.767328
diff: 1.2326719760894775
waiting
going to web site
Hello world	Thread-1983	3

time: 946687013.771328
diff: 1.2286720275878906
waiting
going to web site
Hello world	Thread-1987	4

time: 946687015.7683289
diff: 9.23167109489441
waiting
going to web site
Hello world	Thread-1192	6

time: 946687025.782329
diff: 32.217671036720276
waiting
going to web site
Hello world	Thread-1345	5

time: 946687058.767329
diff: 0.23267102241516113
waiting
going to web site
Hello world	Thread-1349	5

time: 946687059.767329
diff: 24.23267102241516
waiting
going to web site
Hello world	Thread-1468	2

time: 946687084.774329
diff: 24.22567105293274
waiting
going to web site
Hello world	Thread-1575	4

time: 946687109.767329
diff: 14.232671022415161
waiting
going to web site
Hello world	Thread-1639	4

time: 946687124.767329
diff: 11.232671022415161
waiting
going to web site
Hello world	Thread-1693	5

time: 946687136.767329
diff: 25.23267102241516
waiting
going to web site
Hello world	Thread-1803	2

time: 946687162.767329
diff: 26.23267102241516
waiting
going to web site
Hello world	Thread-1907	5

time: 946687189.767329
diff: 36.23267102241516
waiting
going to web site
Hello world	Thread-2071	4

time: 946687226.767329
diff: 22.23267102241516
waiting
going to web site
Hello world	Thread-2161	5

time: 946687249.803213
diff: 10.196786999702454
waiting
going to web site
Hello world	Thread-2214	4

time: 946687260.767328
diff: 19.232671976089478
waiting
going to web site
Hello world	Thread-2304	4

time: 946687280.7743281
diff: 36.225671887397766
waiting
going to web site
Hello world	Thread-2469	6

time: 946687317.767328
diff: 19.232671976089478
waiting
going to web site
Hello world	Thread-2558	5

time: 946687337.767328
diff: 29.232671976089478
waiting
going to web site
Hello world	Thread-2685	4

time: 946687367.775328
diff: 15.224671959877014
waiting
going to web site
Hello world	Thread-2758	4

time: 946687383.767328
diff: 14.232671976089478
waiting
going to web site
Hello world	Thread-2822	4

time: 946687398.767328
diff: 27.232671976089478
waiting
going to web site
Hello world	Thread-2946	2

time: 946687426.769328
diff: 25.230672001838684
waiting
going to web site
Hello world	Thread-3057	4

time: 946687452.767329
diff: 25.23267102241516
waiting
going to web site
Hello world	Thread-3171	4

time: 946687478.767329
diff: 21.23267102241516
waiting
going to web site
Hello world	Thread-3269	6

time: 946687500.767329
diff: 29.23267102241516
waiting
going to web site
Hello world	Thread-3401	4

time: 946687530.767329
diff: 18.23267102241516
waiting
going to web site
Hello world	Thread-3488	2

time: 946687550.8513091
diff: 7.148690938949585
waiting
going to web site
Hello world	Thread-3522	4

time: 946687558.836832
diff: 22.16316795349121
waiting
going to web site
Hello world	Thread-3622	4

time: 946687581.832832
diff: 20.167168021202087
waiting
going to web site
Hello world	Thread-3712	2

time: 946687602.845833
diff: 17.15416705608368
waiting
going to web site
Hello world	Thread-3804	2

time: 946687621.8508689
diff: 35.149131059646606
waiting
going to web site
Hello world	Thread-3951	2

time: 946687657.8466649
diff: 25.153335094451904
waiting
going to web site
Hello world	Thread-4068	5

time: 946687684.841833
diff: 21.158167004585266
waiting
going to web site
Hello world	Thread-4164	4

time: 946687706.832833
diff: 20.16716694831848
waiting
going to web site
Hello world	Thread-4263	3

time: 946687727.832832
diff: 22.167168021202087
waiting
going to web site
Hello world	Thread-4361	4

time: 946687750.832833
diff: 30.16716694831848
waiting
going to web site
Hello world	Thread-4504	5

time: 946687781.832832
diff: 14.167168021202087
waiting
going to web site
Hello world	Thread-4576	4

time: 946687797.845833
diff: 18.15416705608368
waiting
going to web site
Hello world	Thread-4659	2

time: 946687816.841833
diff: 37.158167004585266
waiting
going to web site
Hello world	Thread-4829	4

time: 946687854.841833
diff: 18.158167004585266
waiting
going to web site
Hello world	Thread-4913	3

time: 946687873.841833
diff: 18.158167004585266
waiting
going to web site
Hello world	Thread-4998	2

time: 946687892.859833
diff: 25.140166997909546
waiting
going to web site
Hello world	Thread-5119	3

time: 946687918.832832
diff: 18.167168021202087
waiting
going to web site
Hello world	Thread-5210	2

time: 946687937.832833
diff: 11.167166948318481
waiting
going to web site
Hello world	Thread-5270	6

time: 946687949.832832
diff: 18.167168021202087
waiting
going to web site
Hello world	Thread-5364	2

time: 946687969.842833
diff: 22.157166957855225
waiting
going to web site
Hello world	Thread-5472	3

time: 946687992.8434801
diff: 22.156519889831543
waiting
going to web site
Hello world	Thread-5578	7

time: 946688015.832832
diff: 20.167168021202087
waiting
going to web site
Hello world	Thread-5679	2

time: 946688036.8578639
diff: 25.142136096954346
waiting
going to web site
Hello world	Thread-5785	3

time: 946688062.841833
diff: 13.158167004585266
waiting
going to web site
Hello world	Thread-5855	4

time: 946688077.841833
diff: 29.158167004585266
waiting
going to web site
Hello world	Thread-5987	3

time: 946688107.832833
diff: 14.167166948318481
waiting
going to web site
Hello world	Thread-6048	4

time: 946688122.832832
diff: 23.167168021202087
waiting
going to web site
Hello world	Thread-6169	4

time: 946688149.841833
diff: 34.158167004585266
waiting
going to web site
Hello world	Thread-6315	3

time: 946688184.841833
diff: 23.158167004585266
waiting
going to web site
Hello world	Thread-6420	2

time: 946688208.841833
diff: 8.158167004585266
waiting
going to web site
Hello world	Thread-6460	2

time: 946688217.841833
diff: 26.158167004585266
waiting
going to web site
Hello world	Thread-6577	4

time: 946688244.832833
diff: 1.1671669483184814
waiting
going to web site
Hello world	Thread-6586	4

time: 946688246.832832
diff: 32.16716802120209
waiting
going to web site
Hello world	Thread-6731	2

time: 946688279.841833
diff: 17.158167004585266
waiting
going to web site
Hello world	Thread-6808	2

time: 946688297.841833
diff: 31.158167004585266
waiting
going to web site
Hello world	Thread-6954	3

time: 946688329.841833
diff: 20.158167004585266
waiting
going to web site
Hello world	Thread-7044	3

time: 946688350.841833
diff: 17.158167004585266
waiting
going to web site
Hello world	Thread-7121	2

time: 946688368.832833
diff: 17.16716694831848
waiting
going to web site
Hello world	Thread-7203	5

time: 946688386.832832
diff: 34.16716802120209
waiting
going to web site
Hello world	Thread-7368	4

time: 946688422.841833
diff: 20.158167004585266
waiting
going to web site
Hello world	Thread-7461	2

time: 946688443.832833
diff: 32.16716694831848
waiting
going to web site
Hello world	Thread-7607	4

time: 946688476.832832
diff: 27.167168021202087
waiting
going to web site
Hello world	Thread-7728	3

time: 946688504.851665
diff: 7.148334980010986
waiting
going to web site
Hello world	Thread-7763	3

time: 946688512.832832
diff: 39.16716802120209
waiting
going to web site
Hello world	Thread-7933	3

time: 946688552.841833
diff: 11.158167004585266
waiting
going to web site
Hello world	Thread-7997	2

time: 946688564.845833
diff: 20.15416705608368
waiting
going to web site
Hello world	Thread-8082	4

time: 946688585.841833
diff: 13.158167004585266
waiting
going to web site
Hello world	Thread-8143	3

time: 946688599.841833
diff: 27.158167004585266
waiting
going to web site
Hello world	Thread-8268	2

time: 946688627.841833
diff: 17.158167004585266
waiting
going to web site
Hello world	Thread-8338	2

time: 946688645.832833
diff: 18.16716694831848
waiting
going to web site
Hello world	Thread-8432	5

time: 946688665.832832
diff: 21.167168021202087
waiting
going to web site
Hello world	Thread-8537	2

time: 946688690.852833
diff: 21.147166967391968
waiting
going to web site
Hello world	Thread-8617	5

time: 946688712.832832
diff: 14.167168021202087
waiting
going to web site
Hello world	Thread-8682	3

time: 946688727.832833
diff: 18.16716694831848
waiting
going to web site
Hello world	Thread-8758	2

time: 946688746.832832
diff: 22.167168021202087
waiting
going to web site
Hello world	Thread-8847	2

time: 946688769.848833
diff: 27.151167035102844
waiting
going to web site
Hello world	Thread-8954	4

time: 946688797.849833
diff: 33.1501669883728
waiting
going to web site
Hello world	Thread-9094	3

time: 946688831.841833
diff: 21.158167004585266
waiting
going to web site
Hello world	Thread-9197	2

time: 946688853.836833
diff: 42.163166999816895
waiting
going to web site
Hello world	Thread-9380	4

time: 946688896.832832
diff: 16.167168021202087
waiting
going to web site
Hello world	Thread-9452	3

time: 946688914.841833
diff: 17.158167004585266
waiting
going to web site
Hello world	Thread-9539	2

time: 946688933.841833
diff: 31.158167004585266
waiting
going to web site
Hello world	Thread-9672	3

time: 946688965.832833
diff: 18.16716694831848
waiting
going to web site
Hello world	Thread-9762	2

time: 946688984.832832
diff: 9.167168021202087
waiting
going to web site
Hello world	Thread-9811	3

time: 946688994.832833
diff: 32.16716694831848
waiting
going to web site
Hello world	Thread-9964	5

time: 946689027.832832
diff: 30.167168021202087
waiting
going to web site
Hello world	Thread-10101	3

time: 946689058.8424569
diff: 24.157543063163757
waiting
going to web site
Hello world	Thread-10229	3

time: 946689083.832833
diff: 24.16716694831848
waiting
going to web site
Hello world	Thread-10334	3

time: 946689108.836832
diff: 15.163167953491211
waiting
going to web site
Hello world	Thread-10411	6

time: 946689124.832832
diff: 16.167168021202087
waiting
going to web site
Hello world	Thread-10495	3

time: 946689141.832833
diff: 25.16716694831848
waiting
going to web site
Hello world	Thread-10616	5

time: 946689167.832832
diff: 16.167168021202087
waiting
going to web site
Hello world	Thread-10701	3

time: 946689184.832833
diff: 34.16716694831848
waiting
going to web site
Hello world	Thread-10869	6

time: 946689219.832832
diff: 6.167168021202087
waiting
going to web site
Hello world	Thread-10903	5

time: 946689226.832833
diff: 35.16716694831848
waiting
going to web site
Hello world	Thread-11082	2

time: 946689263.8688331
diff: 13.131166934967041
waiting
going to web site
Hello world	Thread-11139	4

time: 946689277.832832
diff: 6.167168021202087
waiting
going to web site
Hello world	Thread-11175	3

time: 946689284.832833
diff: 18.16716694831848
waiting
going to web site
Hello world	Thread-11268	3

time: 946689303.832832
diff: 25.167168021202087
waiting
going to web site
Hello world	Thread-11387	2

time: 946689329.845833
diff: 25.15416705608368
waiting
going to web site
Hello world	Thread-11518	2

time: 946689356.845833
diff: 22.15416705608368
waiting
going to web site
Hello world	Thread-11623	3

time: 946689379.841833
diff: 22.158167004585266
waiting
going to web site
Hello world	Thread-11734	6

time: 946689402.836713
diff: 24.163287043571472
waiting
going to web site
Hello world	Thread-11843	4

time: 946689427.836713
diff: 18.163287043571472
waiting
going to web site
Hello world	Thread-11962	2

time: 946689453.845713
diff: 17.154286980628967
waiting
going to web site
Hello world	Thread-12043	2

time: 946689471.8367119
diff: 6.163288116455078
waiting
going to web site
Hello world	Thread-12079	4

time: 946689478.836713
diff: 23.163287043571472
waiting
going to web site
Hello world	Thread-12185	2

time: 946689502.836713
diff: 21.163287043571472
waiting
going to web site
Hello world	Thread-12277	3

time: 946689524.836713
diff: 20.163287043571472
waiting
going to web site
Hello world	Thread-12381	6

time: 946689545.836713
diff: 17.163287043571472
waiting
going to web site
Hello world	Thread-12482	4

time: 946689566.845713
diff: 29.154286980628967
waiting
going to web site
Hello world	Thread-12614	3

time: 946689596.837712
diff: 16.162287950515747
waiting
going to web site
Hello world	Thread-12680	2

time: 946689613.8367119
diff: 17.163288116455078
waiting
going to web site
Hello world	Thread-12768	5

time: 946689631.836713
diff: 25.163287043571472
waiting
going to web site
Hello world	Thread-12895	2

time: 946689658.845713
diff: 20.154286980628967
waiting
going to web site
Hello world	Thread-12996	5

time: 946689679.839712
diff: 4.160287976264954
waiting
going to web site
Hello world	Thread-13024	5

time: 946689684.8367119
diff: 36.16328811645508
waiting
going to web site
Hello world	Thread-13192	4

time: 946689721.836713
diff: 19.163287043571472
waiting
going to web site
Hello world	Thread-13271	4

time: 946689741.839713
diff: 34.16028702259064
waiting
going to web site
Hello world	Thread-13432	4

time: 946689776.836713
diff: 24.163287043571472
waiting
going to web site
Hello world	Thread-13549	2

time: 946689801.8407129
diff: 27.159287095069885
waiting
going to web site
Hello world	Thread-13676	5

time: 946689829.836713
diff: 13.163287043571472
waiting
going to web site
Hello world	Thread-13743	6

time: 946689843.836713
diff: 13.163287043571472
waiting
going to web site
Hello world	Thread-13812	5

time: 946689857.836713
diff: 14.163287043571472
waiting
going to web site
Hello world	Thread-13884	3

time: 946689872.839713
diff: 15.160287022590637
waiting
going to web site
Hello world	Thread-13955	4

time: 946689888.836713
diff: 30.163287043571472
waiting
going to web site
Hello world	Thread-14084	4

time: 946689919.836713
diff: 25.163287043571472
waiting
going to web site
Hello world	Thread-14206	4

time: 946689945.836713
diff: 17.163287043571472
waiting
going to web site
Hello world	Thread-14284	3

time: 946689963.8417131
diff: 14.158286929130554
waiting
going to web site
Hello world	Thread-14341	2

time: 946689978.8367119
diff: 15.163288116455078
waiting
going to web site
Hello world	Thread-14417	4

time: 946689994.836713
diff: 18.163287043571472
waiting
going to web site
Hello world	Thread-14499	2

time: 946690013.841833
diff: 38.158167004585266
waiting
going to web site
Hello world	Thread-14665	3

time: 946690052.841833
diff: 21.158167004585266
waiting
going to web site
Hello world	Thread-14759	3

time: 946690074.851665
diff: 10.148334980010986
waiting
going to web site
Hello world	Thread-14806	5

time: 946690085.832832
diff: 36.16716802120209
waiting
going to web site
Hello world	Thread-14964	2

time: 946690122.841833
diff: 12.158167004585266
waiting
going to web site
Hello world	Thread-15021	2

time: 946690135.841833
diff: 19.158167004585266
waiting
going to web site
Hello world	Thread-15105	2

time: 946690155.841833
diff: 22.158167004585266
waiting
going to web site
Hello world	Thread-15199	3

time: 946690178.832833
diff: 31.16716694831848
waiting
going to web site
Hello world	Thread-15339	3

time: 946690210.832832
diff: 28.167168021202087
waiting
going to web site
Hello world	Thread-15466	4

time: 946690239.832833
diff: 27.16716694831848
waiting
going to web site
Hello world	Thread-15590	4

time: 946690267.832832
diff: 27.167168021202087
waiting
going to web site
Hello world	Thread-15713	4

time: 946690295.841833
diff: 12.158167004585266
waiting
going to web site
Hello world	Thread-15768	2

time: 946690308.841833
diff: 12.158167004585266
waiting
going to web site
Hello world	Thread-15825	2

time: 946690321.841833
diff: 28.158167004585266
waiting
going to web site
Hello world	Thread-15947	2

time: 946690350.8588331
diff: 24.141166925430298
waiting
going to web site
Hello world	Thread-16052	4

time: 946690375.837832
diff: 23.16216802597046
waiting
going to web site
Hello world	Thread-16156	2

time: 946690399.832833
diff: 13.167166948318481
waiting
going to web site
Hello world	Thread-16217	4

time: 946690413.836832
diff: 39.16316795349121
waiting
going to web site
Hello world	Thread-16390	3

time: 946690453.832832
diff: 11.167168021202087
waiting
going to web site
Hello world	Thread-16441	2

time: 946690465.841833
diff: 25.158167004585266
waiting
going to web site
Hello world	Thread-16559	3

time: 946690491.841833
diff: 15.158167004585266
waiting
going to web site
Hello world	Thread-16627	2

time: 946690507.841833
diff: 26.158167004585266
waiting
going to web site
Hello world	Thread-16747	2

time: 946690534.841833
diff: 19.158167004585266
waiting
going to web site
Hello world	Thread-16825	2

time: 946690554.832833
diff: 23.16716694831848
waiting
going to web site
Hello world	Thread-16940	3

time: 946690578.836832
diff: 33.16316795349121
waiting
going to web site
Hello world	Thread-17080	4

time: 946690612.841249
diff: 13.158751010894775
waiting
going to web site
Hello world	Thread-17138	7

time: 946690626.729585
diff: 21.27041494846344
waiting
going to web site
Hello world	Thread-17231	5

time: 946690648.7205839
diff: 29.27941608428955
waiting
going to web site
Hello world	Thread-17360	6

time: 946690678.732585
diff: 25.267415046691895
waiting
going to web site
Hello world	Thread-17476	6

time: 946690704.720585
diff: 25.279415011405945
waiting
going to web site
Hello world	Thread-17588	5

time: 946690730.733585
diff: 7.266414999961853
waiting
going to web site
Hello world	Thread-17628	5

time: 946690738.7325839
diff: 29.2674161195755
waiting
going to web site
Hello world	Thread-17756	5

time: 946690768.729585
diff: 14.27041494846344
waiting
going to web site
Hello world	Thread-17825	5

time: 946690783.7325839
diff: 31.2674161195755
waiting
going to web site
Hello world	Thread-17958	5

time: 946690815.732585
diff: 5.2674150466918945
waiting
going to web site
Hello world	Thread-17983	4

time: 946690821.732585
diff: 32.267415046691895
waiting
going to web site
Hello world	Thread-18117	5

time: 946690854.720585
diff: 25.279415011405945
waiting
going to web site
Hello world	Thread-18228	4

time: 946690880.729585
diff: 18.27041494846344
waiting
going to web site
Hello world	Thread-18312	6

time: 946690899.7205839
diff: 35.27941608428955
waiting
going to web site
Hello world	Thread-18464	5

time: 946690935.729585
diff: 22.27041494846344
waiting
going to web site
Hello world	Thread-18563	4

time: 946690958.738584
diff: 25.26141595840454
waiting
going to web site
Hello world	Thread-18675	6

time: 946690984.7205839
diff: 8.27941608428955
waiting
going to web site
Hello world	Thread-18717	6

time: 946690993.7245849
diff: 31.275415062904358
waiting
going to web site
Hello world	Thread-18854	3

time: 946691025.751881
diff: 21.248118996620178
waiting
going to web site
Hello world	Thread-18955	6

time: 946691047.7205839
diff: 29.27941608428955
waiting
going to web site
Hello world	Thread-19082	5

time: 946691077.732585
diff: 20.267415046691895
waiting
going to web site
Hello world	Thread-19178	5

time: 946691098.729585
diff: 8.27041494846344
waiting
going to web site
Hello world	Thread-19216	3

time: 946691107.7205839
diff: 40.27941608428955
waiting
going to web site
Hello world	Thread-19400	5

time: 946691148.732585
diff: 18.267415046691895
waiting
going to web site
Hello world	Thread-19485	3

time: 946691167.733325
diff: 20.266674995422363
waiting
going to web site
Hello world	Thread-19578	3

time: 946691188.7205839
diff: 15.27941608428955
waiting
going to web site
Hello world	Thread-19655	4

time: 946691204.741585
diff: 26.25841498374939
waiting
going to web site
Hello world	Thread-19778	6

time: 946691231.539064
diff: 16.460935950279236
waiting
going to web site
Hello world	Thread-19851	7

time: 946691248.530064
diff: 32.46993601322174
waiting
going to web site
Hello world	Thread-20010	5

time: 946691281.526065
diff: 24.47393500804901
waiting
going to web site
Hello world	Thread-20121	5

time: 946691306.536065
diff: 16.463935017585754
waiting
going to web site
Hello world	Thread-20203	6

time: 946691323.544065
diff: 14.455935001373291
waiting
going to web site
Hello world	Thread-20275	5

time: 946691338.5350649
diff: 32.464935064315796
waiting
going to web site
Hello world	Thread-20437	3

time: 946691371.544065
diff: 23.45593500137329
waiting
going to web site
Hello world	Thread-20561	6

time: 946691395.544065
diff: 0.455935001373291
waiting
going to web site
Hello world	Thread-20566	5

time: 946691396.544065
diff: 22.45593500137329
waiting
going to web site
Hello world	Thread-20675	6

time: 946691419.540065
diff: 29.459934949874878
waiting
going to web site
Hello world	Thread-20817	7

time: 946691449.526064
diff: 29.473935961723328
waiting
going to web site
Hello world	Thread-20955	7

time: 946691479.526064
diff: 12.473935961723328
waiting
going to web site
Hello world	Thread-21014	6

time: 946691492.530064
diff: 28.46993601322174
waiting
going to web site
Hello world	Thread-21152	7

time: 946691521.544065
diff: 15.455935001373291
waiting
going to web site
Hello world	Thread-21229	7

time: 946691537.526065
diff: 8.473935008049011
waiting
going to web site
Hello world	Thread-21267	7

time: 946691546.5350649
diff: 26.464935064315796
waiting
going to web site
Hello world	Thread-21390	2

time: 946691573.5350649
diff: 26.464935064315796
waiting
going to web site
Hello world	Thread-21516	6

time: 946691600.539065
diff: 7.460934996604919
waiting
going to web site
Hello world	Thread-21550	5

time: 946691608.5350641
diff: 23.464935898780823
waiting
going to web site
Hello world	Thread-21658	5

time: 946691632.5350641
diff: 28.464935898780823
waiting
going to web site
Hello world	Thread-21788	4

time: 946691661.526064
diff: 18.473935961723328
waiting
going to web site
Hello world	Thread-21871	6

time: 946691680.526064
diff: 17.473935961723328
waiting
going to web site
Hello world	Thread-21945	7

time: 946691698.528064
diff: 29.471935987472534
waiting
going to web site
Hello world	Thread-22086	6

time: 946691728.535833
diff: 16.46416699886322
waiting
going to web site
Hello world	Thread-22154	6

time: 946691745.535549
diff: 22.46445095539093
waiting
going to web site
Hello world	Thread-22260	7

time: 946691768.526064
diff: 7.473935961723328
waiting
going to web site
Hello world	Thread-22290	5

time: 946691776.5350641
diff: 27.464935898780823
waiting
going to web site
Hello world	Thread-22411	7

time: 946691804.5350641
diff: 32.46493589878082
waiting
going to web site
Hello world	Thread-22556	4

time: 946691837.8367119
diff: 28.163288116455078
waiting
going to web site
Hello world	Thread-22684	2

time: 946691866.836713
diff: 7.163287043571472
waiting
going to web site
Hello world	Thread-22721	2

time: 946691874.836713
diff: 37.16328704357147
waiting
going to web site
Hello world	Thread-22886	5

time: 946691912.836713
diff: 23.163287043571472
waiting
going to web site
Hello world	Thread-22998	3

time: 946691936.839713
diff: 11.160287022590637
waiting
going to web site
Hello world	Thread-23053	4

time: 946691948.836713
diff: 28.163287043571472
waiting
going to web site
Hello world	Thread-23192	3

time: 946691977.836713
diff: 19.163287043571472
waiting
going to web site
Hello world	Thread-23284	2

time: 946691997.836713
diff: 30.163287043571472
waiting
going to web site
Hello world	Thread-23434	3

time: 946692028.836713
diff: 13.163287043571472
waiting
going to web site
Hello world	Thread-23499	3

time: 946692042.836713
diff: 16.163287043571472
waiting
going to web site
Hello world	Thread-23585	5

time: 946692059.836713
diff: 34.16328704357147
waiting
going to web site
Hello world	Thread-23748	5

time: 946692094.836713
diff: 10.163287043571472
waiting
going to web site
Hello world	Thread-23796	2

time: 946692105.8387129
diff: 19.16128706932068
waiting
going to web site
Hello world	Thread-23897	6

time: 946692125.836713
diff: 26.163287043571472
waiting
going to web site
Hello world	Thread-24025	3

time: 946692152.836713
diff: 28.163287043571472
waiting
going to web site
Hello world	Thread-24151	4

time: 946692181.839713
diff: 9.160287022590637
waiting
going to web site
Hello world	Thread-24204	2

time: 946692191.836713
diff: 29.163287043571472
waiting
going to web site
Hello world	Thread-24343	3

time: 946692221.8387129
diff: 23.16128706932068
waiting
going to web site
Hello world	Thread-24444	6

time: 946692245.8387129
diff: 13.161287069320679
waiting
going to web site
Hello world	Thread-24512	4

time: 946692259.836713
diff: 15.163287043571472
waiting
going to web site
Hello world	Thread-24579	5

time: 946692275.836713
diff: 28.163287043571472
waiting
going to web site
Hello world	Thread-24717	2

time: 946692304.836713
diff: 15.163287043571472
waiting
going to web site
Hello world	Thread-24788	3

time: 946692320.836713
diff: 11.163287043571472
waiting
going to web site
Hello world	Thread-24835	2

time: 946692332.836713
diff: 26.163287043571472
waiting
going to web site
Hello world	Thread-24955	2

time: 946692359.836713
diff: 12.163287043571472
waiting
going to web site
Hello world	Thread-25011	2

time: 946692372.8387129
diff: 13.161287069320679
waiting
going to web site
Hello world	Thread-25060	2

time: 946692386.836713
diff: 38.16328704357147
waiting
going to web site
Hello world	Thread-25228	3

time: 946692425.836713
diff: 15.163287043571472
waiting
going to web site
Hello world	Thread-25294	3

time: 946692441.841833
diff: 28.158167004585266
waiting
going to web site
Hello world	Thread-25416	3

time: 946692470.832833
diff: 24.16716694831848
waiting
going to web site
Hello world	Thread-25522	4

time: 946692495.832832
diff: 25.167168021202087
waiting
going to web site
Hello world	Thread-25630	2

time: 946692521.841833
diff: 23.158167004585266
waiting
going to web site
Hello world	Thread-25732	5

time: 946692545.841833
diff: 21.158167004585266
waiting
going to web site
Hello world	Thread-25826	2

time: 946692567.845833
diff: 20.15416705608368
waiting
going to web site
Hello world	Thread-25917	3

time: 946692588.841833
diff: 34.158167004585266
waiting
going to web site
Hello world	Thread-26066	7

time: 946692623.832833
diff: 20.16716694831848
waiting
going to web site
Hello world	Thread-26141	7

time: 946692644.832832
diff: 16.167168021202087
waiting
going to web site
Hello world	Thread-26213	3

time: 946692661.841833
diff: 30.158167004585266
waiting
going to web site
Hello world	Thread-26320	4

time: 946692692.841833
diff: 13.158167004585266
waiting
going to web site
Hello world	Thread-26364	2

time: 946692706.841833
diff: 27.158167004585266
waiting
going to web site
Hello world	Thread-26447	2

time: 946692734.836833
diff: 23.163166999816895
waiting
going to web site
Hello world	Thread-26508	3

time: 946692758.832832
diff: 21.167168021202087
waiting
going to web site
Hello world	Thread-26563	2

time: 946692780.841833
diff: 22.158167004585266
waiting
going to web site
Hello world	Thread-26614	2

time: 946692803.836833
diff: 26.163166999816895
waiting
going to web site
Hello world	Thread-26665	3

time: 946692830.832832
diff: 28.167168021202087
waiting
going to web site
Hello world	Thread-26710	2

time: 946692859.832833
diff: 26.16716694831848
waiting
going to web site
Hello world	Thread-26742	3

time: 946692886.832832
diff: 10.167168021202087
waiting
going to web site
Hello world	Thread-26757	3

time: 946692897.832833
diff: 22.16716694831848
waiting
going to web site
Hello world	Thread-26776	2

time: 946692920.832832
diff: 22.167168021202087
waiting
going to web site
Hello world	Thread-26793	2

