time: 946686600.0
diff: 55.0
waiting
going to web site
Hello world	Thread-204	3

time: 946686655.526064
diff: 0.47393596172332764
waiting
going to web site
Hello world	Thread-209	4

time: 946686656.5330639
diff: 1.4669361114501953
waiting
going to web site
Hello world	Thread-214	3

time: 946686658.526065
diff: -0.5260649919509888
going to web site
Hello world	Thread-216	2

time: 946686659.052129
diff: -1.0521290302276611
going to web site
Hello world	Thread-219	3

time: 946686659.5781931
diff: 0.4218069314956665
waiting
going to web site
Hello world	Thread-220	5

time: 946686660.530064
diff: -0.5300639867782593
going to web site
Hello world	Thread-224	2

time: 946686661.056128
diff: 2.9438719749450684
waiting
going to web site
Hello world	Thread-230	4

time: 946686664.532064
diff: 1.4679360389709473
waiting
going to web site
Hello world	Thread-235	3

time: 946686666.549065
diff: -0.5490649938583374
going to web site
Hello world	Thread-237	2

time: 946686667.0751289
diff: 5.92487108707428
waiting
going to web site
Hello world	Thread-44	3

time: 946686673.544065
diff: 5.455935001373291
waiting
going to web site
Hello world	Thread-50	3

time: 946686679.540065
diff: 21.459934949874878
waiting
going to web site
Hello world	Thread-527	8

time: 946686701.540065
diff: 5.459934949874878
waiting
going to web site
Hello world	Thread-573	11

time: 946686707.5490639
diff: 0.45093607902526855
waiting
going to web site
Hello world	Thread-587	9

time: 946686708.536065
diff: 3.4639350175857544
waiting
going to web site
Hello world	Thread-635	4

time: 946686712.526065
diff: 4.473935008049011
waiting
going to web site
Hello world	Thread-100	5

time: 946686717.569605
diff: 0.4303950071334839
waiting
going to web site
Hello world	Thread-687	6

time: 946686718.546348
diff: 14.453652024269104
waiting
going to web site
Hello world	Thread-775	4

time: 946686733.526065
diff: -0.5260649919509888
going to web site
Hello world	Thread-139	2

time: 946686734.052129
diff: -1.0521290302276611
going to web site
Hello world	Thread-779	5

time: 946686734.5824491
diff: -0.5824490785598755
going to web site
Hello world	Thread-783	3

time: 946686735.1095129
diff: 17.89048707485199
waiting
going to web site
Hello world	Thread-177	5

time: 946686753.5370649
diff: 14.462935090065002
waiting
going to web site
Hello world	Thread-214	4

time: 946686768.5579801
diff: 6.442019939422607
waiting
going to web site
Hello world	Thread-237	4

time: 946686775.5345191
diff: 15.465480923652649
waiting
going to web site
Hello world	Thread-274	2

time: 946686791.5350641
diff: 19.464935898780823
waiting
going to web site
Hello world	Thread-332	5

time: 946686811.526064
diff: 19.473935961723328
waiting
going to web site
Hello world	Thread-396	5

time: 946686831.5330639
diff: 25.466936111450195
waiting
going to web site
Hello world	Thread-485	4

time: 946686857.543865
diff: 28.456135034561157
waiting
going to web site
Hello world	Thread-584	5

time: 946686886.526065
diff: 17.47393500804901
waiting
going to web site
Hello world	Thread-656	5

time: 946686904.542065
diff: 37.457934975624084
waiting
going to web site
Hello world	Thread-813	7

time: 946686942.5330639
diff: 22.466936111450195
waiting
going to web site
Hello world	Thread-911	7

time: 946686965.533519
diff: 25.46648097038269
waiting
going to web site
Hello world	Thread-1035	7

time: 946686991.5345191
diff: 11.465480923652649
waiting
going to web site
Hello world	Thread-1095	5

time: 946687003.5350641
diff: 24.464935898780823
waiting
going to web site
Hello world	Thread-1208	6

time: 946687028.539064
diff: 25.460935950279236
waiting
going to web site
Hello world	Thread-1327	8

time: 946687054.5294169
diff: 30.470583081245422
waiting
going to web site
Hello world	Thread-1473	6

time: 946687085.5350649
diff: 11.464935064315796
waiting
going to web site
Hello world	Thread-1521	7

time: 946687097.5350649
diff: 26.464935064315796
waiting
going to web site
Hello world	Thread-1638	5

time: 946687124.541065
diff: 16.458935022354126
waiting
going to web site
Hello world	Thread-1712	4

time: 946687141.5380651
diff: 33.46193492412567
waiting
going to web site
Hello world	Thread-1845	3

time: 946687175.526064
diff: 27.473935961723328
waiting
going to web site
Hello world	Thread-1964	5

time: 946687203.526064
diff: 20.473935961723328
waiting
going to web site
Hello world	Thread-2062	7

time: 946687224.532064
diff: 24.467936038970947
waiting
going to web site
Hello world	Thread-2158	7

time: 946687249.544065
diff: 9.455935001373291
waiting
going to web site
Hello world	Thread-2211	4

time: 946687259.554065
diff: 23.445935010910034
waiting
going to web site
Hello world	Thread-2321	7

time: 946687283.5350649
diff: 19.464935064315796
waiting
going to web site
Hello world	Thread-2404	7

time: 946687303.526065
diff: 17.47393500804901
waiting
going to web site
Hello world	Thread-2487	3

time: 946687321.544065
diff: 22.45593500137329
waiting
going to web site
Hello world	Thread-2581	6

time: 946687344.5350649
diff: 22.464935064315796
waiting
going to web site
Hello world	Thread-2682	6

time: 946687367.533065
diff: 20.46693503856659
waiting
going to web site
Hello world	Thread-2777	5

time: 946687388.540065
diff: 30.459934949874878
waiting
going to web site
Hello world	Thread-2918	5

time: 946687419.5345191
diff: 22.46548092365265
waiting
going to web site
Hello world	Thread-3008	4

time: 946687442.534417
diff: 28.465582966804504
waiting
going to web site
Hello world	Thread-3142	4

time: 946687471.526064
diff: 26.473935961723328
waiting
going to web site
Hello world	Thread-3258	7

time: 946687498.5350641
diff: 17.464935898780823
waiting
going to web site
Hello world	Thread-3335	6

time: 946687516.5350009
diff: 26.464999079704285
waiting
going to web site
Hello world	Thread-3451	4

time: 946687543.542065
diff: 15.457934975624084
waiting
going to web site
Hello world	Thread-3525	7

time: 946687559.5350641
diff: 35.46493589878082
waiting
going to web site
Hello world	Thread-3675	5

time: 946687595.5350641
diff: 19.464935898780823
waiting
going to web site
Hello world	Thread-3771	4

time: 946687615.526064
diff: 19.473935961723328
waiting
going to web site
Hello world	Thread-3858	3

time: 946687635.5350641
diff: 12.464935898780823
waiting
going to web site
Hello world	Thread-3904	6

time: 946687648.5350641
diff: 26.464935898780823
waiting
going to web site
Hello world	Thread-4026	7

time: 946687675.5350641
diff: 11.464935898780823
waiting
going to web site
Hello world	Thread-4083	7

time: 946687687.5350641
diff: 25.464935898780823
waiting
going to web site
Hello world	Thread-4194	7

time: 946687713.5350641
diff: 13.464935898780823
waiting
going to web site
Hello world	Thread-4259	7

time: 946687727.5290639
diff: 18.470936059951782
waiting
going to web site
Hello world	Thread-4342	6

time: 946687746.5294169
diff: 19.470583081245422
waiting
going to web site
Hello world	Thread-4426	5

time: 946687766.526065
diff: 36.47393500804901
waiting
going to web site
Hello world	Thread-4601	5

time: 946687803.526065
diff: 12.473935008049011
waiting
going to web site
Hello world	Thread-4655	6

time: 946687816.5350649
diff: 28.464935064315796
waiting
going to web site
Hello world	Thread-4787	7

time: 946687845.533065
diff: 30.46693503856659
waiting
going to web site
Hello world	Thread-4926	5

time: 946687876.544776
diff: 14.45522403717041
waiting
going to web site
Hello world	Thread-4992	5

time: 946687891.544065
diff: 35.45593500137329
waiting
going to web site
Hello world	Thread-5167	6

time: 946687927.542065
diff: 3.4579349756240845
waiting
going to web site
Hello world	Thread-5184	2

time: 946687931.526064
diff: 18.473935961723328
waiting
going to web site
Hello world	Thread-5274	7

time: 946687950.5350641
diff: 27.464935898780823
waiting
going to web site
Hello world	Thread-5409	7

time: 946687978.540064
diff: 4.459936022758484
waiting
going to web site
Hello world	Thread-5430	5

time: 946687983.526065
diff: 36.47393500804901
waiting
going to web site
Hello world	Thread-5597	5

time: 946688020.544065
diff: 19.45593500137329
waiting
going to web site
Hello world	Thread-5688	7

time: 946688040.540065
diff: 30.459934949874878
waiting
going to web site
Hello world	Thread-5823	5

time: 946688071.5350641
diff: 10.464935898780823
waiting
going to web site
Hello world	Thread-5876	6

time: 946688082.5350641
diff: 19.464935898780823
waiting
going to web site
Hello world	Thread-5957	4

time: 946688102.5350641
diff: 43.46493589878082
waiting
going to web site
Hello world	Thread-6147	7

time: 946688146.5350641
diff: 10.464935898780823
waiting
going to web site
Hello world	Thread-6198	5

time: 946688157.526064
diff: 38.47393596172333
waiting
going to web site
Hello world	Thread-6364	7

time: 946688196.5350641
diff: 18.464935898780823
waiting
going to web site
Hello world	Thread-6449	6

time: 946688215.526064
diff: 17.473935961723328
waiting
going to web site
Hello world	Thread-6526	6

time: 946688233.5350641
diff: 39.46493589878082
waiting
going to web site
Hello world	Thread-6700	5

time: 946688273.5350641
diff: 2.4649358987808228
waiting
going to web site
Hello world	Thread-6711	7

time: 946688276.5350641
diff: 28.464935898780823
waiting
going to web site
Hello world	Thread-6842	6

time: 946688305.5350641
diff: 11.464935898780823
waiting
going to web site
Hello world	Thread-6902	3

time: 946688317.5350641
diff: 26.464935898780823
waiting
going to web site
Hello world	Thread-7012	5

time: 946688344.526064
diff: 8.473935961723328
waiting
going to web site
Hello world	Thread-7053	6

time: 946688353.530064
diff: 30.46993601322174
waiting
going to web site
Hello world	Thread-7195	5

time: 946688384.536065
diff: 23.463935017585754
waiting
going to web site
Hello world	Thread-7300	5

time: 946688408.5350649
diff: 21.464935064315796
waiting
going to web site
Hello world	Thread-7402	4

time: 946688430.5350649
diff: 10.464935064315796
waiting
going to web site
Hello world	Thread-7453	4

time: 946688441.5350649
diff: 27.464935064315796
waiting
going to web site
Hello world	Thread-7572	6

time: 946688469.533065
diff: 16.46693503856659
waiting
going to web site
Hello world	Thread-7647	7

time: 946688486.539065
diff: 29.46093499660492
waiting
going to web site
Hello world	Thread-7782	7

time: 946688516.526064
diff: 30.473935961723328
waiting
going to web site
Hello world	Thread-7910	7

time: 946688547.5350641
diff: 26.464935898780823
waiting
going to web site
Hello world	Thread-8036	7

time: 946688574.5350641
diff: 36.46493589878082
waiting
going to web site
Hello world	Thread-8197	7

time: 946688611.5350641
diff: 19.464935898780823
waiting
going to web site
Hello world	Thread-8282	6

time: 946688631.5350641
diff: 15.464935898780823
waiting
going to web site
Hello world	Thread-8344	6

time: 946688647.5350641
diff: 21.464935898780823
waiting
going to web site
Hello world	Thread-8445	4

time: 946688669.5350641
diff: 33.46493589878082
waiting
going to web site
Hello world	Thread-8580	6

time: 946688703.526064
diff: 10.473935961723328
waiting
going to web site
Hello world	Thread-8625	6

time: 946688714.5350641
diff: 30.464935898780823
waiting
going to web site
Hello world	Thread-8749	5

time: 946688745.5290639
diff: 31.470936059951782
waiting
going to web site
Hello world	Thread-8873	5

time: 946688777.544065
diff: 24.45593500137329
waiting
going to web site
Hello world	Thread-8977	4

time: 946688802.5350649
diff: 30.464935064315796
waiting
going to web site
Hello world	Thread-9104	5

time: 946688833.544065
diff: 13.455935001373291
waiting
going to web site
Hello world	Thread-9166	5

time: 946688847.544065
diff: 19.45593500137329
waiting
going to web site
Hello world	Thread-9250	5

time: 946688867.526065
diff: 12.473935008049011
waiting
going to web site
Hello world	Thread-9301	4

time: 946688880.526065
diff: 22.47393500804901
waiting
going to web site
Hello world	Thread-9401	4

time: 946688903.526065
diff: 29.47393500804901
waiting
going to web site
Hello world	Thread-9536	6

time: 946688933.544065
diff: 18.45593500137329
waiting
going to web site
Hello world	Thread-9613	6

time: 946688952.5350649
diff: 30.464935064315796
waiting
going to web site
Hello world	Thread-9755	5

time: 946688983.5448331
diff: 2.4551669359207153
waiting
going to web site
Hello world	Thread-9770	8

time: 946688986.5350641
diff: 16.464935898780823
waiting
going to web site
Hello world	Thread-9854	6

time: 946689003.5350641
diff: 27.464935898780823
waiting
going to web site
Hello world	Thread-9983	4

time: 946689031.5350641
diff: 8.464935898780823
waiting
going to web site
Hello world	Thread-10022	5

time: 946689040.5350641
diff: 26.464935898780823
waiting
going to web site
Hello world	Thread-10144	7

time: 946689067.5350641
diff: 27.464935898780823
waiting
going to web site
Hello world	Thread-10273	2

time: 946689095.832832
diff: 14.167168021202087
waiting
going to web site
Hello world	Thread-10345	2

time: 946689110.841833
diff: 31.158167004585266
waiting
going to web site
Hello world	Thread-10502	3

time: 946689142.8588331
diff: 19.141166925430298
waiting
going to web site
Hello world	Thread-10590	4

time: 946689162.832832
diff: 25.167168021202087
waiting
going to web site
Hello world	Thread-10723	3

time: 946689188.859481
diff: 10.14051902294159
waiting
going to web site
Hello world	Thread-10775	3

time: 946689199.841833
diff: 27.158167004585266
waiting
going to web site
Hello world	Thread-10907	3

time: 946689227.845833
diff: 15.15416705608368
waiting
going to web site
Hello world	Thread-10979	2

time: 946689243.841833
diff: 19.158167004585266
waiting
going to web site
Hello world	Thread-11080	3

time: 946689263.858987
diff: 20.141013026237488
waiting
going to web site
Hello world	Thread-11177	2

time: 946689284.842833
diff: 19.157166957855225
waiting
going to web site
Hello world	Thread-11276	2

time: 946689304.832832
diff: 16.167168021202087
waiting
going to web site
Hello world	Thread-11359	3

time: 946689321.841833
diff: 24.158167004585266
waiting
going to web site
Hello world	Thread-11473	3

time: 946689346.832833
diff: 19.16716694831848
waiting
going to web site
Hello world	Thread-11558	4

time: 946689366.832832
diff: 19.167168021202087
waiting
going to web site
Hello world	Thread-11657	5

time: 946689386.832833
diff: 12.167166948318481
waiting
going to web site
Hello world	Thread-11721	2

time: 946689399.836832
diff: 27.16316795349121
waiting
going to web site
Hello world	Thread-11842	5

time: 946689427.832832
diff: 33.16716802120209
waiting
going to web site
Hello world	Thread-12000	3

time: 946689462.841833
diff: 19.158167004585266
waiting
going to web site
Hello world	Thread-12102	3

time: 946689482.842833
diff: 33.157166957855225
waiting
going to web site
Hello world	Thread-12244	3

time: 946689516.832832
diff: 28.167168021202087
waiting
going to web site
Hello world	Thread-12383	4

time: 946689545.841833
diff: 15.158167004585266
waiting
going to web site
Hello world	Thread-12456	4

time: 946689561.836833
diff: 9.163166999816895
waiting
going to web site
Hello world	Thread-12496	4

time: 946689571.8398321
diff: 12.160167932510376
waiting
going to web site
Hello world	Thread-12559	4

time: 946689584.851833
diff: 31.14816701412201
waiting
going to web site
Hello world	Thread-12696	3

time: 946689616.841833
diff: 23.158167004585266
waiting
going to web site
Hello world	Thread-12812	3

time: 946689640.841833
diff: 15.158167004585266
waiting
going to web site
Hello world	Thread-12884	3

time: 946689656.841833
diff: 23.158167004585266
waiting
going to web site
Hello world	Thread-13002	2

time: 946689680.843833
diff: 13.156167030334473
waiting
going to web site
Hello world	Thread-13066	2

time: 946689694.841833
diff: 18.158167004585266
waiting
going to web site
Hello world	Thread-13149	6

time: 946689713.5350649
diff: 15.464935064315796
waiting
going to web site
Hello world	Thread-13214	6

time: 946689729.5350649
diff: 27.464935064315796
waiting
going to web site
Hello world	Thread-13352	5

time: 946689757.5350649
diff: 20.464935064315796
waiting
going to web site
Hello world	Thread-13440	6

time: 946689778.526065
diff: 31.47393500804901
waiting
going to web site
Hello world	Thread-13588	5

time: 946689810.544065
diff: 27.45593500137329
waiting
going to web site
Hello world	Thread-13718	7

time: 946689838.5350649
diff: 13.464935064315796
waiting
going to web site
Hello world	Thread-13793	3

time: 946689852.544065
diff: 27.45593500137329
waiting
going to web site
Hello world	Thread-13917	7

time: 946689880.5350649
diff: 24.464935064315796
waiting
going to web site
Hello world	Thread-14032	5

time: 946689905.544065
diff: 14.455935001373291
waiting
going to web site
Hello world	Thread-14088	5

time: 946689920.5300651
diff: 37.469934940338135
waiting
going to web site
Hello world	Thread-14261	6

time: 946689958.5345191
diff: 26.46548092365265
waiting
going to web site
Hello world	Thread-14373	7

time: 946689985.526064
diff: 24.473935961723328
waiting
going to web site
Hello world	Thread-14489	3

time: 946690010.526064
diff: 11.473935961723328
waiting
going to web site
Hello world	Thread-14538	6

time: 946690022.534064
diff: 23.465935945510864
waiting
going to web site
Hello world	Thread-14640	5

time: 946690046.5350641
diff: 26.464935898780823
waiting
going to web site
Hello world	Thread-14753	4

time: 946690073.526064
diff: 10.473935961723328
waiting
going to web site
Hello world	Thread-14798	6

time: 946690084.540064
diff: 19.459936022758484
waiting
going to web site
Hello world	Thread-14886	7

time: 946690104.5350649
diff: 40.464935064315796
waiting
going to web site
Hello world	Thread-15056	6

time: 946690145.544065
diff: 23.45593500137329
waiting
going to web site
Hello world	Thread-15164	4

time: 946690169.544065
diff: 22.45593500137329
waiting
going to web site
Hello world	Thread-15256	3

time: 946690192.544065
diff: 18.45593500137329
waiting
going to web site
Hello world	Thread-15343	4

time: 946690211.536065
diff: 12.463935017585754
waiting
going to web site
Hello world	Thread-15397	5

time: 946690224.5350649
diff: 32.464935064315796
waiting
going to web site
Hello world	Thread-15541	7

time: 946690257.544625
diff: 23.45537495613098
waiting
going to web site
Hello world	Thread-15644	4

time: 946690281.5350649
diff: 13.464935064315796
waiting
going to web site
Hello world	Thread-15710	7

time: 946690295.5350649
diff: 24.464935064315796
waiting
going to web site
Hello world	Thread-15822	3

time: 946690320.841833
diff: 31.158167004585266
waiting
going to web site
Hello world	Thread-15955	2

time: 946690352.841833
diff: 15.158167004585266
waiting
going to web site
Hello world	Thread-16022	2

time: 946690368.832833
diff: 25.16716694831848
waiting
going to web site
Hello world	Thread-16137	3

time: 946690394.836833
diff: 26.163166999816895
waiting
going to web site
Hello world	Thread-16253	4

time: 946690421.832832
diff: 14.167168021202087
waiting
going to web site
Hello world	Thread-16320	2

time: 946690436.850833
diff: 29.14916694164276
waiting
going to web site
Hello world	Thread-16446	6

time: 946690466.832832
diff: 10.167168021202087
waiting
going to web site
Hello world	Thread-16498	2

time: 946690477.841833
diff: 29.158167004585266
waiting
going to web site
Hello world	Thread-16634	3

time: 946690508.842833
diff: 13.157166957855225
waiting
going to web site
Hello world	Thread-16693	2

time: 946690522.836832
diff: 15.163167953491211
waiting
going to web site
Hello world	Thread-16762	6

time: 946690538.832832
diff: 25.167168021202087
waiting
going to web site
Hello world	Thread-16879	2

time: 946690564.832833
diff: 40.16716694831848
waiting
going to web site
Hello world	Thread-17052	3

time: 946690605.832832
diff: 12.167168021202087
waiting
going to web site
Hello world	Thread-17105	2

time: 946690618.832833
diff: 27.16716694831848
waiting
going to web site
Hello world	Thread-17225	3

time: 946690646.834832
diff: 35.165168046951294
waiting
going to web site
Hello world	Thread-17385	3

time: 946690682.836833
diff: 12.163166999816895
waiting
going to web site
Hello world	Thread-17438	6

time: 946690695.832832
diff: 12.167168021202087
waiting
going to web site
Hello world	Thread-17496	4

time: 946690708.841833
diff: 26.158167004585266
waiting
going to web site
Hello world	Thread-17624	2

time: 946690736.851833
diff: 30.14816701412201
waiting
going to web site
Hello world	Thread-17753	4

time: 946690767.841833
diff: 15.158167004585266
waiting
going to web site
Hello world	Thread-17827	2

time: 946690783.851833
diff: 25.14816701412201
waiting
going to web site
Hello world	Thread-17937	5

time: 946690809.845833
diff: 13.15416705608368
waiting
going to web site
Hello world	Thread-17994	2

time: 946690823.841833
diff: 27.158167004585266
waiting
going to web site
Hello world	Thread-18107	2

time: 946690851.841833
diff: 32.158167004585266
waiting
going to web site
Hello world	Thread-18247	3

time: 946690884.841833
diff: 28.158167004585266
waiting
going to web site
Hello world	Thread-18372	3

time: 946690913.832833
diff: 17.16716694831848
waiting
going to web site
Hello world	Thread-18452	4

time: 946690931.8517131
diff: 22.148286938667297
waiting
going to web site
Hello world	Thread-18548	4

time: 946690954.849036
diff: 12.15096402168274
waiting
going to web site
Hello world	Thread-18604	3

time: 946690967.850037
diff: 28.14996302127838
waiting
going to web site
Hello world	Thread-18730	2

time: 946690996.869037
diff: 18.13096296787262
waiting
going to web site
Hello world	Thread-18813	4

time: 946691015.849036
diff: 22.15096402168274
waiting
going to web site
Hello world	Thread-18911	3

time: 946691038.859583
diff: 15.140416979789734
waiting
going to web site
Hello world	Thread-18983	6

time: 946691054.849036
diff: 37.15096402168274
waiting
going to web site
Hello world	Thread-19161	2

time: 946691093.858981
diff: 8.141018986701965
waiting
going to web site
Hello world	Thread-19199	2

time: 946691102.8590361
diff: 17.140963912010193
waiting
going to web site
Hello world	Thread-19278	3

time: 946691120.849036
diff: 14.15096402168274
waiting
going to web site
Hello world	Thread-19351	2

time: 946691136.8630371
diff: 35.136962890625
waiting
going to web site
Hello world	Thread-19514	2

time: 946691172.849036
diff: 17.15096402168274
waiting
going to web site
Hello world	Thread-19589	2

time: 946691190.8550371
diff: 20.144962906837463
waiting
going to web site
Hello world	Thread-19685	3

time: 946691211.853037
diff: 20.146963000297546
waiting
going to web site
Hello world	Thread-19787	2

time: 946691232.859037
diff: 23.140962958335876
waiting
going to web site
Hello world	Thread-19901	2

time: 946691256.859583
diff: 13.140416979789734
waiting
going to web site
Hello world	Thread-19964	3

time: 946691270.849036
diff: 22.15096402168274
waiting
going to web site
Hello world	Thread-20069	2

time: 946691293.850037
diff: 24.14996302127838
waiting
going to web site
Hello world	Thread-20191	2

time: 946691319.861037
diff: 3.138962984085083
waiting
going to web site
Hello world	Thread-20206	2

time: 946691323.850935
diff: 26.149065017700195
waiting
going to web site
Hello world	Thread-20332	2

time: 946691350.860037
diff: 29.139963030815125
waiting
going to web site
Hello world	Thread-20637	2

time: 946691411.859037
diff: -10.859037041664124
going to web site
Hello world	Thread-20638	5

time: 946691412.7080729
diff: -0.7080729007720947
going to web site
Hello world	Thread-20642	8

time: 946691413.5661091
diff: 26.43389093875885
waiting
going to web site
Hello world	Thread-20772	5

time: 946691440.849036
diff: 7.150964021682739
waiting
going to web site
Hello world	Thread-20830	2

time: 946691451.869037
diff: 29.13096296787262
waiting
going to web site
Hello world	Thread-20970	4

time: 946691481.849036
diff: 16.15096402168274
waiting
going to web site
Hello world	Thread-21065	2

time: 946691501.863583
diff: 17.136417031288147
waiting
going to web site
Hello world	Thread-21143	2

time: 946691519.849037
diff: 37.15096294879913
waiting
going to web site
Hello world	Thread-21322	5

time: 946691557.5350641
diff: 28.464935898780823
waiting
going to web site
Hello world	Thread-21448	7

time: 946691586.5350641
diff: 5.464935898780823
waiting
going to web site
Hello world	Thread-21477	5

time: 946691592.5350649
diff: 36.464935064315796
waiting
going to web site
Hello world	Thread-21646	7

time: 946691629.5350649
diff: 25.464935064315796
waiting
going to web site
Hello world	Thread-21762	5

time: 946691655.544065
diff: 19.45593500137329
waiting
going to web site
Hello world	Thread-21844	3

time: 946691675.526065
diff: 14.473935008049011
waiting
going to web site
Hello world	Thread-21914	4

time: 946691690.544065
diff: 20.45593500137329
waiting
going to web site
Hello world	Thread-22011	6

time: 946691711.544065
diff: 34.45593500137329
waiting
going to web site
Hello world	Thread-22159	7

time: 946691746.526065
diff: 9.473935008049011
waiting
going to web site
Hello world	Thread-22203	4

time: 946691756.526065
diff: 16.47393500804901
waiting
going to web site
Hello world	Thread-22278	5

time: 946691773.544065
diff: 26.45593500137329
waiting
going to web site
Hello world	Thread-22392	4

time: 946691800.526065
diff: 27.47393500804901
waiting
going to web site
Hello world	Thread-22519	6

time: 946691828.529065
diff: 16.470934987068176
waiting
going to web site
Hello world	Thread-22586	5

time: 946691845.5350641
diff: 25.464935898780823
waiting
going to web site
Hello world	Thread-22703	6

time: 946691871.5350641
diff: 25.464935898780823
waiting
going to web site
Hello world	Thread-22823	7

time: 946691897.5350641
diff: 14.464935898780823
waiting
going to web site
Hello world	Thread-22884	7

time: 946691912.5350641
diff: 22.464935898780823
waiting
going to web site
Hello world	Thread-22988	6

time: 946691935.5350641
diff: 31.464935898780823
waiting
going to web site
Hello world	Thread-23140	7

time: 946691967.5294169
diff: 7.470583081245422
waiting
going to web site
Hello world	Thread-23181	5

time: 946691975.544065
diff: 13.455935001373291
waiting
going to web site
Hello world	Thread-23246	6

time: 946691989.541065
diff: 37.458935022354126
waiting
going to web site
Hello world	Thread-23425	6

time: 946692027.544065
diff: 11.455935001373291
waiting
going to web site
Hello world	Thread-23485	4

time: 946692039.544065
diff: 7.455935001373291
waiting
going to web site
Hello world	Thread-23523	4

time: 946692047.544065
diff: 25.45593500137329
waiting
going to web site
Hello world	Thread-23649	5

time: 946692073.544065
diff: 17.45593500137329
waiting
going to web site
Hello world	Thread-23735	4

time: 946692091.526065
diff: 19.47393500804901
waiting
going to web site
Hello world	Thread-23825	4

time: 946692111.544065
diff: 27.45593500137329
waiting
going to web site
Hello world	Thread-23958	6

time: 946692139.544065
diff: 31.45593500137329
waiting
going to web site
Hello world	Thread-24106	5

time: 946692171.5449799
diff: 18.45502007007599
waiting
going to web site
Hello world	Thread-24198	3

time: 946692190.544065
diff: 21.45593500137329
waiting
going to web site
Hello world	Thread-24294	5

time: 946692212.526065
diff: 30.47393500804901
waiting
going to web site
Hello world	Thread-24432	7

time: 946692243.526065
diff: 16.47393500804901
waiting
going to web site
Hello world	Thread-24514	7

time: 946692260.5450649
diff: 31.45493507385254
waiting
going to web site
Hello world	Thread-24654	6

time: 946692292.544065
diff: 10.455935001373291
waiting
going to web site
Hello world	Thread-24710	3

time: 946692303.534065
diff: 31.465934991836548
waiting
going to web site
Hello world	Thread-24848	6

time: 946692335.534064
diff: 30.465935945510864
waiting
going to web site
Hello world	Thread-24973	5

time: 946692366.5350641
diff: 12.464935898780823
waiting
going to web site
Hello world	Thread-25039	5

time: 946692379.5345191
diff: 24.46548092365265
waiting
going to web site
Hello world	Thread-25138	8

time: 946692404.534064
diff: 32.465935945510864
waiting
going to web site
Hello world	Thread-25277	7

time: 946692437.5350641
diff: 11.464935898780823
waiting
going to web site
Hello world	Thread-25329	3

time: 946692449.532064
diff: 16.467936038970947
waiting
going to web site
Hello world	Thread-25396	5

time: 946692466.539065
diff: 29.46093499660492
waiting
going to web site
Hello world	Thread-25525	4

time: 946692496.526064
diff: 24.473935961723328
waiting
going to web site
Hello world	Thread-25628	4

time: 946692521.5350641
diff: 23.464935898780823
waiting
going to web site
Hello world	Thread-25727	7

time: 946692545.5350641
diff: 27.464935898780823
waiting
going to web site
Hello world	Thread-25849	7

time: 946692573.5350641
diff: 26.464935898780823
waiting
going to web site
Hello world	Thread-25957	8

time: 946692600.538993
diff: 27.461006999015808
waiting
going to web site
Hello world	Thread-26084	5

time: 946692628.5350641
diff: 2.4649358987808228
waiting
going to web site
Hello world	Thread-26092	5

time: 946692631.534064
diff: 24.465935945510864
waiting
going to web site
Hello world	Thread-26192	5

