time: 946686600.0
diff: 0.0
going to web site
Hello world	Thread-238	7

time: 946686840.821265
diff: -180.8212649822235
going to web site
Hello world	Thread-244	7

time: 946686841.401921
diff: -121.40192103385925
going to web site
Hello world	Thread-261	6

time: 946686842.001541
diff: -62.00154101848602
going to web site
Hello world	Thread-272	7

time: 946686842.597197
diff: 58.40280294418335
waiting
going to web site
Hello world	Thread-389	6

time: 946686932.613777
diff: 88.38622295856476
waiting
going to web site
Hello world	Thread-530	2

time: 946687052.610518
diff: 88.38948202133179
waiting
going to web site
Hello world	Thread-727	7

time: 946687262.882164
diff: -61.882164001464844
going to web site
Hello world	Thread-734	10

time: 946687263.4628199
diff: 57.537180066108704
waiting
going to web site
Hello world	Thread-856	2

time: 946687352.590656
diff: 28.409343957901
waiting
going to web site
Hello world	Thread-890	5

time: 946687384.580656
diff: 57.41934394836426
waiting
going to web site
Hello world	Thread-995	5

time: 946687457.592657
diff: 104.40734302997589
waiting
going to web site
Hello world	Thread-1120	4

time: 946687593.590656
diff: 88.409343957901
waiting
going to web site
Hello world	Thread-1228	6

time: 946687685.580656
diff: 56.41934394836426
waiting
going to web site
Hello world	Thread-1405	4

time: 946687862.96226
diff: -0.9622600078582764
going to web site
Hello world	Thread-1411	6

time: 946687863.5449159
diff: 58.45508408546448
waiting
going to web site
Hello world	Thread-1529	3

time: 946687953.590656
diff: 29.409343957901
waiting
going to web site
Hello world	Thread-1573	7

time: 946687986.580656
diff: 116.41934394836426
waiting
going to web site
Hello world	Thread-1730	4

time: 946688134.590656
diff: 88.409343957901
waiting
going to web site
Hello world	Thread-1835	4

time: 946688226.580656
diff: 116.41934394836426
waiting
going to web site
Hello world	Thread-1972	6

