time: 946686600.0
diff: 280.0
waiting
going to web site
Hello world	Thread-1438	5

time: 946686880.832832
diff: -0.8328319787979126
going to web site
Hello world	Thread-1443	4

time: 946686881.676073
diff: 8.32392704486847
waiting
going to web site
Hello world	Thread-602	3

time: 946686890.841833
diff: 7.158167004585266
waiting
going to web site
Hello world	Thread-1495	2

time: 946686898.843833
diff: 6.156167030334473
waiting
going to web site
Hello world	Thread-1541	6

time: 946686905.841833
diff: 0.1581670045852661
waiting
going to web site
Hello world	Thread-665	2

time: 946686906.832833
diff: 1.1671669483184814
waiting
going to web site
Hello world	Thread-1560	6

time: 946686908.8398321
diff: 0.16016793251037598
waiting
going to web site
Hello world	Thread-1569	3

time: 946686909.843833
diff: -0.8438329696655273
going to web site
Hello world	Thread-1574	4

time: 946686910.676665
diff: -1.67666494846344
going to web site
Hello world	Thread-1584	2

time: 946686911.513497
diff: -2.513496994972229
going to web site
Hello world	Thread-1590	2

time: 946686912.348725
diff: -3.3487249612808228
going to web site
Hello world	Thread-1594	2

time: 946686913.1845571
diff: -4.18455708026886
going to web site
Hello world	Thread-1597	3

time: 946686914.026389
diff: -5.026389002799988
going to web site
Hello world	Thread-1603	2

time: 946686914.870221
diff: -5.870221018791199
going to web site
Hello world	Thread-1607	5

time: 946686915.704053
diff: -6.704053044319153
going to web site
Hello world	Thread-1614	5

time: 946686916.5378851
diff: -6.537885069847107
going to web site
Hello world	Thread-1621	3

time: 946686917.370717
diff: -7.3707170486450195
going to web site
Hello world	Thread-1632	3

time: 946686918.203549
diff: -8.203549027442932
going to web site
Hello world	Thread-1641	4

time: 946686919.041381
diff: 0.9586189985275269
waiting
going to web site
Hello world	Thread-1656	7

time: 946686920.843833
diff: -0.8438329696655273
going to web site
Hello world	Thread-1663	6

time: 946686921.676665
diff: 21.32333505153656
waiting
going to web site
Hello world	Thread-821	4

time: 946686943.841833
diff: 5.158167004585266
waiting
going to web site
Hello world	Thread-852	3

time: 946686950.8494799
diff: 28.150520086288452
waiting
going to web site
Hello world	Thread-986	2

time: 946686979.841833
diff: 8.158167004585266
waiting
going to web site
Hello world	Thread-1021	5

time: 946686988.8398329
diff: 22.16016709804535
waiting
going to web site
Hello world	Thread-1131	5

time: 946687011.8418471
diff: 13.1581529378891
waiting
going to web site
Hello world	Thread-1193	5

time: 946687025.856833
diff: 18.14316701889038
waiting
going to web site
Hello world	Thread-1288	3

time: 946687044.841833
diff: 18.158167004585266
waiting
going to web site
Hello world	Thread-1379	3

time: 946687064.841833
diff: 18.158167004585266
waiting
going to web site
Hello world	Thread-1460	5

time: 946687083.8398329
diff: 27.16016709804535
waiting
going to web site
Hello world	Thread-1584	2

time: 946687111.841833
diff: 27.158167004585266
waiting
going to web site
Hello world	Thread-1704	6

time: 946687139.84848
diff: 24.151520013809204
waiting
going to web site
Hello world	Thread-1809	5

time: 946687164.84848
diff: 31.151520013809204
waiting
going to web site
Hello world	Thread-1943	4

time: 946687197.841833
diff: 16.158167004585266
waiting
going to web site
Hello world	Thread-2011	4

time: 946687214.84848
diff: 15.151520013809204
waiting
going to web site
Hello world	Thread-2088	2

time: 946687230.832833
diff: 18.16716694831848
waiting
going to web site
Hello world	Thread-2162	3

time: 946687249.832832
diff: 25.167168021202087
waiting
going to web site
Hello world	Thread-2287	4

time: 946687275.8494799
diff: 41.15052008628845
waiting
going to web site
Hello world	Thread-2478	2

time: 946687318.841833
diff: 9.158167004585266
waiting
going to web site
Hello world	Thread-2513	4

time: 946687328.841833
diff: 16.158167004585266
waiting
going to web site
Hello world	Thread-2588	3

time: 946687345.841833
diff: 29.158167004585266
waiting
going to web site
Hello world	Thread-2723	2

time: 946687375.851833
diff: 23.14816701412201
waiting
going to web site
Hello world	Thread-2834	2

time: 946687400.851833
diff: 17.14816701412201
waiting
going to web site
Hello world	Thread-2917	3

time: 946687418.841833
diff: 35.158167004585266
waiting
going to web site
Hello world	Thread-3068	3

time: 946687454.832833
diff: 18.16716694831848
waiting
going to web site
Hello world	Thread-3152	5

time: 946687473.832832
diff: 11.167168021202087
waiting
going to web site
Hello world	Thread-3205	2

time: 946687485.858037
diff: 25.141963005065918
waiting
going to web site
Hello world	Thread-3329	2

time: 946687514.8650371
diff: 10.134962916374207
waiting
going to web site
Hello world	Thread-3379	3

time: 946687525.849036
diff: 13.15096402168274
waiting
going to web site
Hello world	Thread-3441	2

time: 946687539.8650371
diff: 34.13496291637421
waiting
going to web site
Hello world	Thread-3594	5

time: 946687574.849036
diff: 19.15096402168274
waiting
going to web site
Hello world	Thread-3674	2

time: 946687594.850037
diff: 19.14996302127838
waiting
going to web site
Hello world	Thread-3770	2

time: 946687614.859037
diff: 26.140962958335876
waiting
going to web site
Hello world	Thread-3882	2

time: 946687641.857036
diff: 33.142964005470276
waiting
going to web site
Hello world	Thread-4044	2

time: 946687678.859037
diff: 6.1409629583358765
waiting
going to web site
Hello world	Thread-4073	5

time: 946687685.849036
diff: 26.15096402168274
waiting
going to web site
Hello world	Thread-4191	4

time: 946687712.850037
diff: 23.14996302127838
waiting
going to web site
Hello world	Thread-4304	2

time: 946687736.859037
diff: 27.140962958335876
waiting
going to web site
Hello world	Thread-4423	2

time: 946687764.849036
diff: 24.15096402168274
waiting
going to web site
Hello world	Thread-4539	3

time: 946687790.854037
diff: 23.145962953567505
waiting
going to web site
Hello world	Thread-4649	2

time: 946687814.850935
diff: 26.149065017700195
waiting
going to web site
Hello world	Thread-4786	2

time: 946687844.859037
diff: 8.140962958335876
waiting
going to web site
Hello world	Thread-4825	3

time: 946687853.849036
diff: 16.15096402168274
waiting
going to web site
Hello world	Thread-4909	2

time: 946687871.8590691
diff: 29.140930891036987
waiting
going to web site
Hello world	Thread-5046	2

time: 946687901.8590361
diff: 17.140963912010193
waiting
going to web site
Hello world	Thread-5124	2

time: 946687919.850967
diff: 18.149032950401306
waiting
going to web site
Hello world	Thread-5214	2

time: 946687938.850935
diff: 26.149065017700195
waiting
going to web site
Hello world	Thread-5344	2

time: 946687965.859037
diff: 6.1409629583358765
waiting
going to web site
Hello world	Thread-5380	4

time: 946687972.849036
diff: 32.15096402168274
waiting
going to web site
Hello world	Thread-5529	2

time: 946688005.859037
diff: 18.140962958335876
waiting
going to web site
Hello world	Thread-5615	4

time: 946688024.849036
diff: 27.15096402168274
waiting
going to web site
Hello world	Thread-5743	3

time: 946688052.860037
diff: 19.139963030815125
waiting
going to web site
Hello world	Thread-5828	2

time: 946688072.860037
diff: 29.139963030815125
waiting
going to web site
Hello world	Thread-5958	3

time: 946688102.836713
diff: 25.163287043571472
waiting
going to web site
Hello world	Thread-6079	3

time: 946688128.836713
diff: 22.163287043571472
waiting
going to web site
Hello world	Thread-6178	3

time: 946688151.836713
diff: 8.163287043571472
waiting
going to web site
Hello world	Thread-6209	5

time: 946688160.836713
diff: 28.163287043571472
waiting
going to web site
Hello world	Thread-6334	2

time: 946688189.836713
diff: 2.163287043571472
waiting
going to web site
Hello world	Thread-6345	3

time: 946688192.836713
diff: 25.163287043571472
waiting
going to web site
Hello world	Thread-6466	3

time: 946688218.836713
diff: 32.16328704357147
waiting
going to web site
Hello world	Thread-6610	2

time: 946688251.836713
diff: 11.163287043571472
waiting
going to web site
Hello world	Thread-6663	5

time: 946688263.836713
diff: 24.163287043571472
waiting
going to web site
Hello world	Thread-6773	2

time: 946688288.836713
diff: 23.163287043571472
waiting
going to web site
Hello world	Thread-6878	3

time: 946688312.836713
diff: 18.163287043571472
waiting
going to web site
Hello world	Thread-6964	3

time: 946688331.836713
diff: 25.163287043571472
waiting
going to web site
Hello world	Thread-7075	6

time: 946688357.836713
diff: 36.16328704357147
waiting
going to web site
Hello world	Thread-7248	2

time: 946688395.836713
diff: 12.163287043571472
waiting
going to web site
Hello world	Thread-7303	2

time: 946688408.836713
diff: 27.163287043571472
waiting
going to web site
Hello world	Thread-7428	3

time: 946688436.836713
diff: 31.163287043571472
waiting
going to web site
Hello world	Thread-7569	4

time: 946688468.836713
diff: 22.163287043571472
waiting
going to web site
Hello world	Thread-7667	2

time: 946688491.836713
diff: 24.163287043571472
waiting
going to web site
Hello world	Thread-7785	3

time: 946688516.836713
diff: 23.163287043571472
waiting
going to web site
Hello world	Thread-7888	2

time: 946688540.836713
diff: 16.163287043571472
waiting
going to web site
Hello world	Thread-7959	4

time: 946688557.836713
diff: 4.163287043571472
waiting
going to web site
Hello world	Thread-7987	3

time: 946688562.839713
diff: 21.160287022590637
waiting
going to web site
Hello world	Thread-8079	3

time: 946688584.836713
diff: 19.163287043571472
waiting
going to web site
Hello world	Thread-8166	4

time: 946688604.836713
diff: 29.163287043571472
waiting
going to web site
Hello world	Thread-8295	6

time: 946688634.836713
diff: 15.163287043571472
waiting
going to web site
Hello world	Thread-8362	3

time: 946688650.836713
diff: 8.163287043571472
waiting
going to web site
Hello world	Thread-8405	2

time: 946688659.836713
diff: 30.163287043571472
waiting
going to web site
Hello world	Thread-8535	4

time: 946688690.836713
diff: 21.163287043571472
waiting
going to web site
Hello world	Thread-8619	3

time: 946688712.841833
diff: 39.158167004585266
waiting
going to web site
Hello world	Thread-8790	2

time: 946688753.841833
diff: 14.158167004585266
waiting
going to web site
Hello world	Thread-8839	4

time: 946688768.841833
diff: 27.158167004585266
waiting
going to web site
Hello world	Thread-8950	2

time: 946688796.841833
diff: 37.158167004585266
waiting
going to web site
Hello world	Thread-9113	2

time: 946688834.845833
diff: 13.15416705608368
waiting
going to web site
Hello world	Thread-9172	2

time: 946688848.841833
diff: 25.158167004585266
waiting
going to web site
Hello world	Thread-9276	3

time: 946688874.841833
diff: 26.158167004585266
waiting
going to web site
Hello world	Thread-9395	3

time: 946688901.841833
diff: 23.158167004585266
waiting
going to web site
Hello world	Thread-9498	4

time: 946688925.841833
diff: 22.158167004585266
waiting
going to web site
Hello world	Thread-9593	2

time: 946688948.836833
diff: 17.163166999816895
waiting
going to web site
Hello world	Thread-9685	3

time: 946688967.836832
diff: 32.16316795349121
waiting
going to web site
Hello world	Thread-9837	5

time: 946689000.832832
diff: 19.167168021202087
waiting
going to web site
Hello world	Thread-9931	2

time: 946689020.841833
diff: 34.158167004585266
waiting
going to web site
Hello world	Thread-10088	3

time: 946689055.841833
diff: 11.158167004585266
waiting
going to web site
Hello world	Thread-10147	3

time: 946689067.841833
diff: 12.158167004585266
waiting
going to web site
Hello world	Thread-10214	3

time: 946689080.848833
diff: 27.151167035102844
waiting
going to web site
Hello world	Thread-10335	2

time: 946689108.845833
diff: 30.15416705608368
waiting
going to web site
Hello world	Thread-10485	2

time: 946689139.841833
diff: 19.158167004585266
waiting
going to web site
Hello world	Thread-10580	2

time: 946689160.841833
diff: 17.158167004585266
waiting
going to web site
Hello world	Thread-10675	3

time: 946689179.841833
diff: 25.158167004585266
waiting
going to web site
Hello world	Thread-10804	3

time: 946689205.832833
diff: 10.167166948318481
waiting
going to web site
Hello world	Thread-10854	2

time: 946689216.832832
diff: 12.167168021202087
waiting
going to web site
Hello world	Thread-10915	2

time: 946689229.841833
diff: 12.158167004585266
waiting
going to web site
Hello world	Thread-10975	2

time: 946689242.841833
diff: 33.158167004585266
waiting
going to web site
Hello world	Thread-11136	2

time: 946689276.849833
diff: 13.150166988372803
waiting
going to web site
Hello world	Thread-11212	4

time: 946689291.832832
diff: 20.167168021202087
waiting
going to web site
Hello world	Thread-11312	3

time: 946689312.699561
diff: 21.3004390001297
waiting
going to web site
Hello world	Thread-11413	4

time: 946689334.699561
diff: 26.3004390001297
waiting
going to web site
Hello world	Thread-11532	4

time: 946689361.699561
diff: 23.3004390001297
waiting
going to web site
Hello world	Thread-11650	6

time: 946689385.699561
diff: 16.3004390001297
waiting
going to web site
Hello world	Thread-11732	7

time: 946689402.699561
diff: 22.3004390001297
waiting
going to web site
Hello world	Thread-11832	4

time: 946689425.699561
diff: 18.3004390001297
waiting
going to web site
Hello world	Thread-11906	4

time: 946689444.699561
diff: 16.3004390001297
waiting
going to web site
Hello world	Thread-11996	5

time: 946689461.7085611
diff: 29.291438937187195
waiting
going to web site
Hello world	Thread-12141	5

time: 946689491.6995599
diff: 20.300440073013306
waiting
going to web site
Hello world	Thread-12229	2

time: 946689512.699561
diff: 21.3004390001297
waiting
going to web site
Hello world	Thread-12326	4

time: 946689534.699561
diff: 13.3004390001297
waiting
going to web site
Hello world	Thread-12393	4

time: 946689548.699561
diff: 24.3004390001297
waiting
going to web site
Hello world	Thread-12504	6

time: 946689573.699561
diff: 19.3004390001297
waiting
going to web site
Hello world	Thread-12597	6

time: 946689593.699561
diff: 18.3004390001297
waiting
going to web site
Hello world	Thread-12677	5

time: 946689612.699561
diff: 14.3004390001297
waiting
going to web site
Hello world	Thread-12747	5

time: 946689627.699561
diff: 25.3004390001297
waiting
going to web site
Hello world	Thread-12871	3

time: 946689653.699561
diff: 31.3004390001297
waiting
going to web site
Hello world	Thread-13029	6

time: 946689685.7085611
diff: 34.291438937187195
waiting
going to web site
Hello world	Thread-13186	4

time: 946689720.70756
diff: 18.292440056800842
waiting
going to web site
Hello world	Thread-13262	6

time: 946689739.7085611
diff: 27.291438937187195
waiting
going to web site
Hello world	Thread-13394	5

time: 946689767.6995599
diff: 25.300440073013306
waiting
going to web site
Hello world	Thread-13511	6

time: 946689793.7085611
diff: 2.291438937187195
waiting
going to web site
Hello world	Thread-13526	4

time: 946689796.70756
diff: 27.292440056800842
waiting
going to web site
Hello world	Thread-13657	7

time: 946689824.699561
diff: 3.3004390001296997
waiting
going to web site
Hello world	Thread-13669	5

time: 946689828.699561
diff: 30.3004390001297
waiting
going to web site
Hello world	Thread-13820	5

time: 946689859.699561
diff: 13.3004390001297
waiting
going to web site
Hello world	Thread-13886	2

time: 946689873.699561
diff: 33.3004390001297
waiting
going to web site
Hello world	Thread-14043	4

time: 946689907.699561
diff: 13.3004390001297
waiting
going to web site
Hello world	Thread-14093	6

time: 946689921.699561
diff: 15.3004390001297
waiting
going to web site
Hello world	Thread-14164	5

time: 946689937.699561
diff: 19.3004390001297
waiting
going to web site
Hello world	Thread-14258	4

time: 946689957.699561
diff: 36.3004390001297
waiting
going to web site
Hello world	Thread-14415	6

time: 946689994.699561
diff: 9.3004390001297
waiting
going to web site
Hello world	Thread-14460	6

time: 946690004.699561
diff: 28.3004390001297
waiting
going to web site
Hello world	Thread-14585	4

time: 946690033.710561
diff: 30.2894389629364
waiting
going to web site
Hello world	Thread-14719	4

time: 946690064.6995599
diff: 12.300440073013306
waiting
going to web site
Hello world	Thread-14763	4

time: 946690077.699561
diff: 23.3004390001297
waiting
going to web site
Hello world	Thread-14878	5

time: 946690101.699561
diff: 21.3004390001297
waiting
going to web site
Hello world	Thread-14966	6

time: 946690123.699561
diff: 26.3004390001297
waiting
going to web site
Hello world	Thread-15081	5

time: 946690150.699561
diff: 29.3004390001297
waiting
going to web site
Hello world	Thread-15207	4

time: 946690180.699561
diff: 33.3004390001297
waiting
going to web site
Hello world	Thread-15355	4

time: 946690214.699561
diff: 19.3004390001297
waiting
going to web site
Hello world	Thread-15443	5

time: 946690234.699561
diff: 16.3004390001297
waiting
going to web site
Hello world	Thread-15514	5

time: 946690251.699561
diff: 14.3004390001297
waiting
going to web site
Hello world	Thread-15584	4

time: 946690266.699561
diff: 23.3004390001297
waiting
going to web site
Hello world	Thread-15691	3

time: 946690290.699561
diff: 18.3004390001297
waiting
going to web site
Hello world	Thread-15769	2

time: 946690309.699561
diff: 24.3004390001297
waiting
going to web site
Hello world	Thread-15873	5

time: 946690334.699561
diff: 25.3004390001297
waiting
going to web site
Hello world	Thread-15983	5

time: 946690360.699561
diff: 27.3004390001297
waiting
going to web site
Hello world	Thread-16108	5

time: 946690388.699561
diff: 28.3004390001297
waiting
going to web site
Hello world	Thread-16231	5

time: 946690417.699561
diff: 16.3004390001297
waiting
going to web site
Hello world	Thread-16308	4

time: 946690434.699561
diff: 17.3004390001297
waiting
going to web site
Hello world	Thread-16383	4

time: 946690452.699561
diff: 22.3004390001297
waiting
going to web site
Hello world	Thread-16488	3

time: 946690475.699561
diff: 17.3004390001297
waiting
going to web site
Hello world	Thread-16569	5

time: 946690493.699561
diff: 29.3004390001297
waiting
going to web site
Hello world	Thread-16703	3

time: 946690524.841833
diff: 18.158167004585266
waiting
going to web site
Hello world	Thread-16793	3

time: 946690544.860833
diff: 31.139166951179504
waiting
going to web site
Hello world	Thread-16931	3

time: 946690576.836832
diff: 19.16316795349121
waiting
going to web site
Hello world	Thread-17019	3

time: 946690596.832832
diff: 25.167168021202087
waiting
going to web site
Hello world	Thread-17126	3

time: 946690622.840128
diff: 19.15987205505371
waiting
going to web site
Hello world	Thread-17212	2

time: 946690642.841833
diff: 32.158167004585266
waiting
going to web site
Hello world	Thread-17347	4

time: 946690675.841833
diff: 10.158167004585266
waiting
going to web site
Hello world	Thread-17403	2

time: 946690686.845833
diff: 17.15416705608368
waiting
going to web site
Hello world	Thread-17479	3

time: 946690704.832833
diff: 21.16716694831848
waiting
going to web site
Hello world	Thread-17571	4

time: 946690726.832832
diff: 26.167168021202087
waiting
going to web site
Hello world	Thread-17689	4

time: 946690753.832833
diff: 18.16716694831848
waiting
going to web site
Hello world	Thread-17778	6

time: 946690772.832832
diff: 26.167168021202087
waiting
going to web site
Hello world	Thread-17894	4

time: 946690799.841833
diff: 29.158167004585266
waiting
going to web site
Hello world	Thread-18030	3

time: 946690830.841833
diff: 20.158167004585266
waiting
going to web site
Hello world	Thread-18108	3

time: 946690851.841833
diff: 25.158167004585266
waiting
going to web site
Hello world	Thread-18218	3

time: 946690877.841833
diff: 16.158167004585266
waiting
going to web site
Hello world	Thread-18296	3

time: 946690894.832833
diff: 20.16716694831848
waiting
going to web site
Hello world	Thread-18383	2

time: 946690915.832832
diff: 30.167168021202087
waiting
going to web site
Hello world	Thread-18525	6

time: 946690949.841833
diff: 12.158167004585266
waiting
going to web site
Hello world	Thread-18584	3

time: 946690962.836833
diff: 28.163166999816895
waiting
going to web site
Hello world	Thread-18711	3

time: 946690991.832832
diff: 17.167168021202087
waiting
going to web site
Hello world	Thread-18787	3

time: 946691009.841833
diff: 21.158167004585266
waiting
going to web site
Hello world	Thread-18885	2

time: 946691031.841833
diff: 26.158167004585266
waiting
going to web site
Hello world	Thread-19007	3

time: 946691058.841833
diff: 24.158167004585266
waiting
going to web site
Hello world	Thread-19113	2

time: 946691083.841833
diff: 18.158167004585266
waiting
going to web site
Hello world	Thread-19201	4

time: 946691102.841833
diff: 38.158167004585266
waiting
going to web site
Hello world	Thread-19372	4

time: 946691141.841833
diff: 12.158167004585266
waiting
going to web site
Hello world	Thread-19433	3

time: 946691154.832833
diff: 16.16716694831848
waiting
going to web site
Hello world	Thread-19505	5

time: 946691171.832832
diff: 24.167168021202087
waiting
going to web site
Hello world	Thread-19619	4

time: 946691196.841833
diff: 20.158167004585266
waiting
going to web site
Hello world	Thread-19721	3

time: 946691218.841833
diff: 23.158167004585266
waiting
going to web site
Hello world	Thread-19831	2

time: 946691242.841833
diff: 31.158167004585266
waiting
going to web site
Hello world	Thread-19978	2

time: 946691274.835833
diff: 8.164167046546936
waiting
going to web site
Hello world	Thread-20017	4

time: 946691283.841833
diff: 25.158167004585266
waiting
going to web site
Hello world	Thread-20140	3

time: 946691309.841833
diff: 13.158167004585266
waiting
going to web site
Hello world	Thread-20213	2

time: 946691324.8478329
diff: 21.152167081832886
waiting
going to web site
Hello world	Thread-20319	3

time: 946691347.850833
diff: 14.149166941642761
waiting
going to web site
Hello world	Thread-20380	2

time: 946691362.832832
diff: 26.167168021202087
waiting
going to web site
Hello world	Thread-20534	3

time: 946691389.851833
diff: 25.14816701412201
waiting
going to web site
Hello world	Thread-20659	4

time: 946691415.841833
diff: 24.158167004585266
waiting
going to web site
Hello world	Thread-20773	4

time: 946691440.8588331
diff: 30.141166925430298
waiting
going to web site
Hello world	Thread-20917	4

time: 946691471.832832
diff: 5.167168021202087
waiting
going to web site
Hello world	Thread-20954	2

time: 946691478.841833
diff: 9.158167004585266
waiting
going to web site
Hello world	Thread-21005	2

time: 946691488.841833
diff: 20.158167004585266
waiting
going to web site
Hello world	Thread-21098	2

time: 946691509.841833
diff: 27.158167004585266
waiting
going to web site
Hello world	Thread-21232	4

time: 946691537.832833
diff: 12.167166948318481
waiting
going to web site
Hello world	Thread-21291	3

time: 946691550.832832
diff: 20.167168021202087
waiting
going to web site
Hello world	Thread-21381	2

time: 946691571.841833
diff: 37.158167004585266
waiting
going to web site
Hello world	Thread-21556	3

time: 946691609.841833
diff: 10.158167004585266
waiting
going to web site
Hello world	Thread-21606	2

time: 946691620.832833
diff: 19.16716694831848
waiting
going to web site
Hello world	Thread-21698	3

time: 946691640.832832
diff: 28.167168021202087
waiting
going to web site
Hello world	Thread-21817	3

time: 946691669.842193
diff: 18.157806992530823
waiting
going to web site
Hello world	Thread-21902	5

time: 946691688.832832
diff: 11.167168021202087
waiting
going to web site
Hello world	Thread-21958	3

time: 946691700.832833
diff: 26.16716694831848
waiting
going to web site
Hello world	Thread-22083	5

time: 946691727.832832
diff: 23.167168021202087
waiting
going to web site
Hello world	Thread-22183	7

time: 946691751.539065
diff: 33.46093499660492
waiting
going to web site
Hello world	Thread-22324	6

time: 946691785.526064
diff: 20.473935961723328
waiting
going to web site
Hello world	Thread-22419	5

time: 946691806.5345191
diff: 10.465480923652649
waiting
going to web site
Hello world	Thread-22468	6

time: 946691817.539064
diff: 29.460935950279236
waiting
going to web site
Hello world	Thread-22595	4

time: 946691847.5350641
diff: 29.464935898780823
waiting
going to web site
Hello world	Thread-22733	5

time: 946691877.5350641
diff: 27.464935898780823
waiting
going to web site
Hello world	Thread-22854	5

time: 946691905.536064
diff: 3.463935971260071
waiting
going to web site
Hello world	Thread-22869	5

time: 946691909.5350641
diff: 34.46493589878082
waiting
going to web site
Hello world	Thread-23031	6

time: 946691944.5350641
diff: 26.464935898780823
waiting
going to web site
Hello world	Thread-23163	6

time: 946691971.5350641
diff: 9.464935898780823
waiting
going to web site
Hello world	Thread-23205	7

time: 946691981.5350641
diff: 24.464935898780823
waiting
going to web site
Hello world	Thread-23325	5

time: 946692006.5350641
diff: 21.464935898780823
waiting
going to web site
Hello world	Thread-23431	7

time: 946692028.530064
diff: 23.46993601322174
waiting
going to web site
Hello world	Thread-23550	6

time: 946692052.5350649
diff: 17.464935064315796
waiting
going to web site
Hello world	Thread-23635	5

time: 946692070.5350649
diff: 38.464935064315796
waiting
going to web site
Hello world	Thread-23811	6

time: 946692109.544065
diff: 3.455935001373291
waiting
going to web site
Hello world	Thread-23834	7

time: 946692113.526065
diff: 23.47393500804901
waiting
going to web site
Hello world	Thread-23949	5

time: 946692137.526065
diff: 16.47393500804901
waiting
going to web site
Hello world	Thread-24032	3

time: 946692154.5350649
diff: 39.464935064315796
waiting
going to web site
Hello world	Thread-24208	4

time: 946692194.5350649
diff: 8.464935064315796
waiting
going to web site
Hello world	Thread-24249	5

time: 946692203.544138
diff: 23.455862045288086
waiting
going to web site
Hello world	Thread-24368	4

time: 946692227.544065
diff: 15.455935001373291
waiting
going to web site
Hello world	Thread-24431	6

time: 946692243.526065
diff: 20.47393500804901
waiting
going to web site
Hello world	Thread-24534	5

time: 946692264.544065
diff: 19.45593500137329
waiting
going to web site
Hello world	Thread-24626	6

time: 946692284.526065
diff: 12.473935008049011
waiting
going to web site
Hello world	Thread-24680	4

time: 946692297.536065
diff: 16.463935017585754
waiting
going to web site
Hello world	Thread-24753	5

time: 946692314.5350649
diff: 18.464935064315796
waiting
going to web site
Hello world	Thread-24838	5

time: 946692333.544065
diff: 26.45593500137329
waiting
going to web site
Hello world	Thread-24957	3

time: 946692360.544065
diff: 31.45593500137329
waiting
going to web site
Hello world	Thread-25088	5

time: 946692392.544065
diff: 23.45593500137329
waiting
going to web site
Hello world	Thread-25184	5

time: 946692416.526065
diff: 20.47393500804901
waiting
going to web site
Hello world	Thread-25278	6

time: 946692437.544065
diff: 34.45593500137329
waiting
going to web site
Hello world	Thread-25425	6

time: 946692472.544065
diff: 13.455935001373291
waiting
going to web site
Hello world	Thread-25481	6

time: 946692486.5350649
diff: 25.464935064315796
waiting
going to web site
Hello world	Thread-25593	7

time: 946692512.5350649
diff: 26.464935064315796
waiting
going to web site
Hello world	Thread-25700	5

time: 946692539.526065
diff: 22.47393500804901
waiting
going to web site
Hello world	Thread-25803	4

time: 946692562.539065
diff: 20.46093499660492
waiting
going to web site
Hello world	Thread-25892	7

time: 946692583.5350641
diff: 34.46493589878082
waiting
going to web site
Hello world	Thread-26041	7

time: 946692618.5350641
diff: 5.464935898780823
waiting
going to web site
Hello world	Thread-26072	5

time: 946692624.5350641
diff: 27.464935898780823
waiting
going to web site
Hello world	Thread-26175	6

time: 946692652.535365
diff: 30.464635014533997
waiting
going to web site
Hello world	Thread-26289	5

time: 946692683.544065
diff: 11.455935001373291
waiting
going to web site
Hello world	Thread-26334	7

time: 946692695.526065
diff: 28.47393500804901
waiting
going to web site
Hello world	Thread-26411	5

time: 946692724.5426489
diff: 17.457351088523865
waiting
going to web site
Hello world	Thread-26470	3

time: 946692742.5350649
diff: 22.464935064315796
waiting
going to web site
Hello world	Thread-26521	6

time: 946692765.542065
diff: 24.457934975624084
waiting
going to web site
Hello world	Thread-26582	4

time: 946692790.5350641
diff: 26.464935898780823
waiting
going to web site
Hello world	Thread-26639	3

time: 946692817.526064
diff: 33.47393596172333
waiting
going to web site
Hello world	Thread-26698	4

time: 946692851.5350641
diff: 15.464935898780823
waiting
going to web site
Hello world	Thread-26720	3

time: 946692867.526064
diff: 12.473935961723328
waiting
going to web site
Hello world	Thread-26737	3

