time: 946686600.0
diff: 317.0
waiting
going to web site
Hello world	Thread-1625	8

time: 946686917.839323
diff: -0.8393230438232422
going to web site
Hello world	Thread-1635	5

time: 946686918.672155
diff: -1.6721550226211548
going to web site
Hello world	Thread-1644	3

time: 946686919.504987
diff: -1.5049870014190674
going to web site
Hello world	Thread-1653	2

time: 946686920.3468189
diff: 7.653181076049805
waiting
going to web site
Hello world	Thread-1718	2

time: 946686928.851833
diff: -0.8518329858779907
going to web site
Hello world	Thread-1723	4

time: 946686929.694665
diff: -1.6946649551391602
going to web site
Hello world	Thread-1730	2

time: 946686930.542107
diff: -2.5421069860458374
going to web site
Hello world	Thread-1734	4

time: 946686931.377939
diff: -3.377938985824585
going to web site
Hello world	Thread-1738	4

time: 946686932.226465
diff: -3.2264649868011475
going to web site
Hello world	Thread-1744	3

time: 946686933.061297
diff: -4.061297059059143
going to web site
Hello world	Thread-1749	3

time: 946686933.9001291
diff: -3.9001290798187256
going to web site
Hello world	Thread-1753	6

time: 946686934.743833
diff: -4.743832945823669
going to web site
Hello world	Thread-1762	4

time: 946686935.592665
diff: -5.592664957046509
going to web site
Hello world	Thread-1767	3

time: 946686936.4254969
diff: 0.5745030641555786
waiting
going to web site
Hello world	Thread-1778	3

time: 946686937.842833
diff: -0.8428330421447754
going to web site
Hello world	Thread-1783	4

time: 946686938.680665
diff: -0.6806650161743164
going to web site
Hello world	Thread-797	5

time: 946686939.516497
diff: 12.483502984046936
waiting
going to web site
Hello world	Thread-862	3

time: 946686952.832832
diff: 5.167168021202087
waiting
going to web site
Hello world	Thread-1857	3

time: 946686958.841833
diff: 21.158167004585266
waiting
going to web site
Hello world	Thread-991	3

time: 946686980.851481
diff: 9.148519039154053
waiting
going to web site
Hello world	Thread-1039	2

time: 946686991.869824
diff: 16.130175948143005
waiting
going to web site
Hello world	Thread-1119	2

time: 946687008.836832
diff: 26.16316795349121
waiting
going to web site
Hello world	Thread-1244	2

time: 946687035.832832
diff: 13.167168021202087
waiting
going to web site
Hello world	Thread-1314	2

time: 946687049.834833
diff: 9.165166974067688
waiting
going to web site
Hello world	Thread-1350	3

time: 946687059.832832
diff: 22.167168021202087
waiting
going to web site
Hello world	Thread-1454	4

time: 946687082.841833
diff: 25.158167004585266
waiting
going to web site
Hello world	Thread-1574	2

time: 946687108.841833
diff: 16.158167004585266
waiting
going to web site
Hello world	Thread-1646	3

time: 946687125.8408331
diff: 21.159166932106018
waiting
going to web site
Hello world	Thread-1735	2

time: 946687147.832832
diff: 21.167168021202087
waiting
going to web site
Hello world	Thread-1832	3

time: 946687169.8659979
diff: 34.13400208950043
waiting
going to web site
Hello world	Thread-1976	2

time: 946687205.851833
diff: 15.14816701412201
waiting
going to web site
Hello world	Thread-2049	3

time: 946687221.845833
diff: 31.15416705608368
waiting
going to web site
Hello world	Thread-2182	2

time: 946687253.844833
diff: 14.155166983604431
waiting
going to web site
Hello world	Thread-2251	4

time: 946687268.8398321
diff: 17.160167932510376
waiting
going to web site
Hello world	Thread-2335	5

time: 946687286.8398321
diff: 33.160167932510376
waiting
going to web site
Hello world	Thread-2483	4

time: 946687320.840452
diff: 28.159548044204712
waiting
going to web site
Hello world	Thread-2604	3

time: 946687349.845833
diff: 19.15416705608368
waiting
going to web site
Hello world	Thread-2696	4

time: 946687369.832833
diff: 7.1671669483184814
waiting
going to web site
Hello world	Thread-2732	5

time: 946687377.832832
diff: 37.16716802120209
waiting
going to web site
Hello world	Thread-2900	3

time: 946687415.8398329
diff: 16.16016709804535
waiting
going to web site
Hello world	Thread-2972	4

time: 946687432.832833
diff: 31.16716694831848
waiting
going to web site
Hello world	Thread-3113	4

time: 946687464.832832
diff: 25.167168021202087
waiting
going to web site
Hello world	Thread-3229	3

time: 946687490.848833
diff: 24.151167035102844
waiting
going to web site
Hello world	Thread-3333	3

time: 946687515.850833
diff: 5.149166941642761
waiting
going to web site
Hello world	Thread-3362	5

time: 946687521.836832
diff: 25.16316795349121
waiting
going to web site
Hello world	Thread-3475	3

time: 946687547.832832
diff: 15.167168021202087
waiting
going to web site
Hello world	Thread-3542	3

time: 946687563.841833
diff: 13.158167004585266
waiting
going to web site
Hello world	Thread-3606	2

time: 946687577.845833
diff: 23.15416705608368
waiting
going to web site
Hello world	Thread-3706	2

time: 946687601.832833
diff: 39.16716694831848
waiting
going to web site
Hello world	Thread-3880	4

time: 946687641.832832
diff: 16.167168021202087
waiting
going to web site
Hello world	Thread-3957	3

time: 946687658.841833
diff: 16.158167004585266
waiting
going to web site
Hello world	Thread-4027	2

time: 946687675.841833
diff: 33.158167004585266
waiting
going to web site
Hello world	Thread-4182	2

time: 946687710.841833
diff: 22.158167004585266
waiting
going to web site
Hello world	Thread-4292	3

time: 946687733.841833
diff: 27.158167004585266
waiting
going to web site
Hello world	Thread-4409	2

time: 946687761.841833
diff: 21.158167004585266
waiting
going to web site
Hello world	Thread-4516	2

time: 946687783.841833
diff: 26.158167004585266
waiting
going to web site
Hello world	Thread-4637	3

time: 946687810.841833
diff: 9.158167004585266
waiting
going to web site
Hello world	Thread-4676	3

time: 946687820.841833
diff: 37.158167004585266
waiting
going to web site
Hello world	Thread-4844	2

time: 946687858.841833
diff: 19.158167004585266
waiting
going to web site
Hello world	Thread-4938	4

time: 946687878.832833
diff: 24.16716694831848
waiting
going to web site
Hello world	Thread-5052	6

time: 946687903.832832
diff: 17.167168021202087
waiting
going to web site
Hello world	Thread-5173	3

time: 946687928.841833
diff: 5.158167004585266
waiting
going to web site
Hello world	Thread-5195	3

time: 946687934.832833
diff: 26.16716694831848
waiting
going to web site
Hello world	Thread-5325	5

time: 946687961.832832
diff: 14.167168021202087
waiting
going to web site
Hello world	Thread-5402	2

time: 946687976.841833
diff: 16.158167004585266
waiting
going to web site
Hello world	Thread-5485	2

time: 946687994.841833
diff: 15.158167004585266
waiting
going to web site
Hello world	Thread-5555	3

time: 946688010.841833
diff: 22.158167004585266
waiting
going to web site
Hello world	Thread-5678	3

time: 946688036.848833
diff: 18.151167035102844
waiting
going to web site
Hello world	Thread-5760	2

time: 946688055.841833
diff: 29.158167004585266
waiting
going to web site
Hello world	Thread-5896	3

time: 946688085.851833
diff: 25.14816701412201
waiting
going to web site
Hello world	Thread-6013	2

time: 946688112.841833
diff: 20.158167004585266
waiting
going to web site
Hello world	Thread-6095	3

time: 946688133.841833
diff: 30.158167004585266
waiting
going to web site
Hello world	Thread-6234	2

time: 946688165.8398329
diff: 13.16016709804535
waiting
going to web site
Hello world	Thread-6288	4

time: 946688179.832833
diff: 26.16716694831848
waiting
going to web site
Hello world	Thread-6414	6

time: 946688206.832832
diff: 20.167168021202087
waiting
going to web site
Hello world	Thread-6507	4

time: 946688227.841833
diff: 9.158167004585266
waiting
going to web site
Hello world	Thread-6545	3

time: 946688237.841833
diff: 13.158167004585266
waiting
going to web site
Hello world	Thread-6609	3

time: 946688251.832833
diff: 34.16716694831848
waiting
going to web site
Hello world	Thread-6763	4

time: 946688286.832832
diff: 11.167168021202087
waiting
going to web site
Hello world	Thread-6819	3

time: 946688299.8434801
diff: 38.15651988983154
waiting
going to web site
Hello world	Thread-6991	6

time: 946688338.832832
diff: 19.167168021202087
waiting
going to web site
Hello world	Thread-7079	5

time: 946688358.832833
diff: 21.16716694831848
waiting
going to web site
Hello world	Thread-7180	4

time: 946688380.841833
diff: 22.158167004585266
waiting
going to web site
Hello world	Thread-7285	3

time: 946688404.841833
diff: 24.158167004585266
waiting
going to web site
Hello world	Thread-7399	3

time: 946688429.832833
diff: 28.16716694831848
waiting
going to web site
Hello world	Thread-7523	5

time: 946688458.832832
diff: 21.167168021202087
waiting
going to web site
Hello world	Thread-7627	3

time: 946688480.832833
diff: 17.16716694831848
waiting
going to web site
Hello world	Thread-7707	6

time: 946688499.832832
diff: 29.167168021202087
waiting
going to web site
Hello world	Thread-7834	4

time: 946688529.841833
diff: 11.158167004585266
waiting
going to web site
Hello world	Thread-7893	3

time: 946688541.841833
diff: 22.158167004585266
waiting
going to web site
Hello world	Thread-7996	3

time: 946688564.845833
diff: 27.15416705608368
waiting
going to web site
Hello world	Thread-8117	4

time: 946688592.841833
diff: 14.158167004585266
waiting
going to web site
Hello world	Thread-8179	2

time: 946688607.832833
diff: 20.16716694831848
waiting
going to web site
Hello world	Thread-8271	6

time: 946688628.832832
diff: 13.167168021202087
waiting
going to web site
Hello world	Thread-8330	4

time: 946688642.841833
diff: 29.158167004585266
waiting
going to web site
Hello world	Thread-8459	2

time: 946688672.841833
diff: 6.158167004585266
waiting
going to web site
Hello world	Thread-8485	5

time: 946688679.8588331
diff: 25.141166925430298
waiting
going to web site
Hello world	Thread-8591	4

time: 946688705.832832
diff: 21.167168021202087
waiting
going to web site
Hello world	Thread-8681	4

time: 946688727.832833
diff: 32.16716694831848
waiting
going to web site
Hello world	Thread-8812	4

time: 946688760.832832
diff: 31.167168021202087
waiting
going to web site
Hello world	Thread-8929	3

time: 946688792.841833
diff: 15.158167004585266
waiting
going to web site
Hello world	Thread-9001	4

time: 946688808.841833
diff: 34.158167004585266
waiting
going to web site
Hello world	Thread-9147	2

time: 946688843.832833
diff: 26.16716694831848
waiting
going to web site
Hello world	Thread-9258	4

time: 946688870.832832
diff: 20.167168021202087
waiting
going to web site
Hello world	Thread-9363	2

time: 946688892.841833
diff: 31.158167004585266
waiting
going to web site
Hello world	Thread-9493	4

time: 946688924.832833
diff: 12.167166948318481
waiting
going to web site
Hello world	Thread-9555	4

time: 946688937.832832
diff: 30.167168021202087
waiting
going to web site
Hello world	Thread-9710	5

time: 946688971.841833
diff: 17.158167004585266
waiting
going to web site
Hello world	Thread-9790	6

time: 946688989.8588331
diff: 23.141166925430298
waiting
going to web site
Hello world	Thread-9898	6

time: 946689013.832832
diff: 20.167168021202087
waiting
going to web site
Hello world	Thread-9999	3

time: 946689034.841833
diff: 31.158167004585266
waiting
going to web site
Hello world	Thread-10142	2

time: 946689066.851833
diff: 27.14816701412201
waiting
going to web site
Hello world	Thread-10271	2

time: 946689094.832833
diff: 17.16716694831848
waiting
going to web site
Hello world	Thread-10355	2

time: 946689112.836832
diff: 8.163167953491211
waiting
going to web site
Hello world	Thread-10396	3

time: 946689121.832832
diff: 22.167168021202087
waiting
going to web site
Hello world	Thread-10517	3

time: 946689145.841833
diff: 31.158167004585266
waiting
going to web site
Hello world	Thread-10669	4

time: 946689178.844833
diff: 10.155166983604431
waiting
going to web site
Hello world	Thread-10729	3

time: 946689189.840832
diff: 20.159168004989624
waiting
going to web site
Hello world	Thread-10821	4

time: 946689210.841833
diff: 23.158167004585266
waiting
going to web site
Hello world	Thread-10938	4

time: 946689234.848833
diff: 15.151167035102844
waiting
going to web site
Hello world	Thread-11014	2

time: 946689250.841833
diff: 18.158167004585266
waiting
going to web site
Hello world	Thread-11105	2

time: 946689269.832833
diff: 23.16716694831848
waiting
going to web site
Hello world	Thread-11221	5

time: 946689293.832832
diff: 10.167168021202087
waiting
going to web site
Hello world	Thread-11281	2

time: 946689305.841833
diff: 25.158167004585266
waiting
going to web site
Hello world	Thread-11399	3

time: 946689331.841833
diff: 31.158167004585266
waiting
going to web site
Hello world	Thread-11544	5

time: 946689363.767329
diff: 12.232671022415161
waiting
going to web site
Hello world	Thread-11613	4

time: 946689376.767329
diff: 20.23267102241516
waiting
going to web site
Hello world	Thread-11709	6

time: 946689397.790329
diff: 29.209671020507812
waiting
going to web site
Hello world	Thread-11841	6

time: 946689427.767329
diff: 18.23267102241516
waiting
going to web site
Hello world	Thread-11918	5

time: 946689446.789329
diff: 12.210670948028564
waiting
going to web site
Hello world	Thread-11987	3

time: 946689459.767328
diff: 20.232671976089478
waiting
going to web site
Hello world	Thread-12088	4

time: 946689480.767328
diff: 15.232671976089478
waiting
going to web site
Hello world	Thread-12159	3

time: 946689496.767328
diff: 30.232671976089478
waiting
going to web site
Hello world	Thread-12292	6

time: 946689527.767328
diff: 21.232671976089478
waiting
going to web site
Hello world	Thread-12398	3

time: 946689549.769328
diff: 19.230672001838684
waiting
going to web site
Hello world	Thread-12487	4

time: 946689569.767329
diff: 26.23267102241516
waiting
going to web site
Hello world	Thread-12612	5

time: 946689596.7763289
diff: 26.223671078681946
waiting
going to web site
Hello world	Thread-12729	4

time: 946689623.767329
diff: 18.23267102241516
waiting
going to web site
Hello world	Thread-12818	4

time: 946689642.767329
diff: 13.232671022415161
waiting
going to web site
Hello world	Thread-12880	7

time: 946689656.767329
diff: 14.232671022415161
waiting
going to web site
Hello world	Thread-12952	6

time: 946689671.767329
diff: 19.23267102241516
waiting
going to web site
Hello world	Thread-13055	2

time: 946689691.767329
diff: 26.23267102241516
waiting
going to web site
Hello world	Thread-13174	6

time: 946689718.767329
diff: 40.23267102241516
waiting
going to web site
Hello world	Thread-13361	5

time: 946689759.774329
diff: 23.22567105293274
waiting
going to web site
Hello world	Thread-13463	6

time: 946689783.767329
diff: 11.232671022415161
waiting
going to web site
Hello world	Thread-13523	4

time: 946689795.767329
diff: 34.23267102241516
waiting
going to web site
Hello world	Thread-13682	4

time: 946689830.774329
diff: 16.22567105293274
waiting
going to web site
Hello world	Thread-13764	6

time: 946689847.767329
diff: 0.23267102241516113
waiting
going to web site
Hello world	Thread-13773	5

time: 946689848.774329
diff: 18.22567105293274
waiting
going to web site
Hello world	Thread-13862	4

time: 946689867.767329
diff: 31.23267102241516
waiting
going to web site
Hello world	Thread-14001	5

time: 946689899.767329
diff: 23.23267102241516
waiting
going to web site
Hello world	Thread-14104	5

time: 946689923.767329
diff: 21.23267102241516
waiting
going to web site
Hello world	Thread-14203	7

time: 946689945.767329
diff: 19.23267102241516
waiting
going to web site
Hello world	Thread-14290	3

time: 946689965.841833
diff: 14.158167004585266
waiting
going to web site
Hello world	Thread-14357	2

time: 946689981.842833
diff: 13.157166957855225
waiting
going to web site
Hello world	Thread-14421	6

time: 946689995.832832
diff: 33.16716802120209
waiting
going to web site
Hello world	Thread-14571	4

time: 946690029.841833
diff: 25.158167004585266
waiting
going to web site
Hello world	Thread-14676	2

time: 946690055.841833
diff: 18.158167004585266
waiting
going to web site
Hello world	Thread-14758	4

time: 946690074.851665
diff: 26.148334980010986
waiting
going to web site
Hello world	Thread-14879	4

time: 946690101.836832
diff: 16.16316795349121
waiting
going to web site
Hello world	Thread-14944	4

time: 946690118.832832
diff: 28.167168021202087
waiting
going to web site
Hello world	Thread-15070	4

time: 946690147.841833
diff: 18.158167004585266
waiting
going to web site
Hello world	Thread-15152	3

time: 946690166.832833
diff: 15.167166948318481
waiting
going to web site
Hello world	Thread-15213	5

time: 946690182.832832
diff: 43.16716802120209
waiting
going to web site
Hello world	Thread-15417	4

time: 946690227.841833
diff: 22.158167004585266
waiting
going to web site
Hello world	Thread-15511	2

time: 946690250.841833
diff: 17.158167004585266
waiting
going to web site
Hello world	Thread-15596	2

time: 946690268.841833
diff: 27.158167004585266
waiting
going to web site
Hello world	Thread-15718	3

time: 946690296.841833
diff: 6.158167004585266
waiting
going to web site
Hello world	Thread-15742	5

time: 946690303.832833
diff: 20.16716694831848
waiting
going to web site
Hello world	Thread-15840	3

time: 946690324.832832
diff: 26.167168021202087
waiting
going to web site
Hello world	Thread-15950	3

time: 946690351.841833
diff: 21.158167004585266
waiting
going to web site
Hello world	Thread-16047	3

time: 946690373.841833
diff: 31.158167004585266
waiting
going to web site
Hello world	Thread-16191	3

time: 946690406.842833
diff: 22.157166957855225
waiting
going to web site
Hello world	Thread-16284	5

time: 946690429.832832
diff: 18.167168021202087
waiting
going to web site
Hello world	Thread-16372	2

time: 946690448.832833
diff: 16.16716694831848
waiting
going to web site
Hello world	Thread-16440	6

time: 946690465.832832
diff: 33.16716802120209
waiting
going to web site
Hello world	Thread-16600	3

time: 946690499.842833
diff: 14.157166957855225
waiting
going to web site
Hello world	Thread-16661	2

time: 946690514.832832
diff: 29.167168021202087
waiting
going to web site
Hello world	Thread-16792	4

time: 946690544.841833
diff: 14.158167004585266
waiting
going to web site
Hello world	Thread-16873	2

time: 946690562.842897
diff: 16.157102942466736
waiting
going to web site
Hello world	Thread-16943	7

time: 946690579.5350641
diff: 33.46493589878082
waiting
going to web site
Hello world	Thread-17084	7

time: 946690613.5350641
diff: 17.464935898780823
waiting
going to web site
Hello world	Thread-17160	7

time: 946690631.526064
diff: 27.473935961723328
waiting
going to web site
Hello world	Thread-17281	5

time: 946690659.5350641
diff: 24.464935898780823
waiting
going to web site
Hello world	Thread-17389	7

time: 946690684.5350641
diff: 23.464935898780823
waiting
going to web site
Hello world	Thread-17493	7

time: 946690708.5350641
diff: 22.464935898780823
waiting
going to web site
Hello world	Thread-17592	5

time: 946690731.5350641
diff: 15.464935898780823
waiting
going to web site
Hello world	Thread-17663	7

time: 946690747.526064
diff: 19.473935961723328
waiting
going to web site
Hello world	Thread-17749	7

time: 946690767.5350641
diff: 22.464935898780823
waiting
going to web site
Hello world	Thread-17855	7

time: 946690790.5350641
diff: 12.464935898780823
waiting
going to web site
Hello world	Thread-17905	6

time: 946690803.5350641
diff: 23.464935898780823
waiting
going to web site
Hello world	Thread-18011	7

time: 946690827.5350641
diff: 33.46493589878082
waiting
going to web site
Hello world	Thread-18147	5

time: 946690861.5350641
diff: 23.464935898780823
waiting
going to web site
Hello world	Thread-18248	7

time: 946690885.5350641
diff: 25.464935898780823
waiting
going to web site
Hello world	Thread-18365	3

time: 946690911.5350641
diff: 29.464935898780823
waiting
going to web site
Hello world	Thread-18486	5

time: 946690941.5350641
diff: 16.464935898780823
waiting
going to web site
Hello world	Thread-18560	6

time: 946690958.5350641
diff: 23.464935898780823
waiting
going to web site
Hello world	Thread-18664	5

time: 946690982.526064
diff: 22.473935961723328
waiting
going to web site
Hello world	Thread-18770	7

time: 946691005.5350641
diff: 22.464935898780823
waiting
going to web site
Hello world	Thread-18869	6

time: 946691028.526064
diff: 18.473935961723328
waiting
going to web site
Hello world	Thread-18954	7

time: 946691047.545064
diff: 30.454936027526855
waiting
going to web site
Hello world	Thread-19087	5

time: 946691078.544065
diff: 12.455935001373291
waiting
going to web site
Hello world	Thread-19147	6

time: 946691091.526065
diff: 26.47393500804901
waiting
going to web site
Hello world	Thread-19268	3

time: 946691118.535332
diff: 20.464668035507202
waiting
going to web site
Hello world	Thread-19361	7

time: 946691139.5350649
diff: 35.464935064315796
waiting
going to web site
Hello world	Thread-19527	3

time: 946691175.544065
diff: 14.455935001373291
waiting
going to web site
Hello world	Thread-19586	5

time: 946691190.835833
diff: 18.164167046546936
waiting
going to web site
Hello world	Thread-19678	5

time: 946691209.841833
diff: 23.158167004585266
waiting
going to web site
Hello world	Thread-19799	3

time: 946691234.845833
diff: 29.15416705608368
waiting
going to web site
Hello world	Thread-19936	5

time: 946691264.841833
diff: 24.158167004585266
waiting
going to web site
Hello world	Thread-20052	3

time: 946691289.841833
diff: 15.158167004585266
waiting
going to web site
Hello world	Thread-20115	5

time: 946691305.832833
diff: 27.16716694831848
waiting
going to web site
Hello world	Thread-20258	5

time: 946691333.832832
diff: 22.167168021202087
waiting
going to web site
Hello world	Thread-20361	3

time: 946691356.832833
diff: 19.16716694831848
waiting
going to web site
Hello world	Thread-20464	4

time: 946691376.832832
diff: 1.1671680212020874
waiting
going to web site
Hello world	Thread-20477	3

time: 946691378.845833
diff: 25.15416705608368
waiting
going to web site
Hello world	Thread-20606	5

time: 946691404.841833
diff: 19.158167004585266
waiting
going to web site
Hello world	Thread-20699	2

time: 946691424.832833
diff: 31.16716694831848
waiting
going to web site
Hello world	Thread-20852	2

time: 946691456.832832
diff: 25.167168021202087
waiting
going to web site
Hello world	Thread-20977	4

time: 946691482.841833
diff: 29.158167004585266
waiting
going to web site
Hello world	Thread-21110	3

time: 946691512.841833
diff: 9.158167004585266
waiting
going to web site
Hello world	Thread-21164	3

time: 946691523.841833
diff: 13.158167004585266
waiting
going to web site
Hello world	Thread-21231	3

time: 946691537.832833
diff: 16.16716694831848
waiting
going to web site
Hello world	Thread-21310	6

time: 946691554.832832
diff: 17.167168021202087
waiting
going to web site
Hello world	Thread-21385	3

time: 946691572.841833
diff: 22.158167004585266
waiting
going to web site
Hello world	Thread-21504	4

time: 946691596.841833
diff: 21.158167004585266
waiting
going to web site
Hello world	Thread-21598	4

time: 946691618.845833
diff: 15.15416705608368
waiting
going to web site
Hello world	Thread-21672	3

time: 946691634.8418959
diff: 37.15810406208038
waiting
going to web site
Hello world	Thread-21837	2

time: 946691673.841833
diff: 3.158167004585266
waiting
going to web site
Hello world	Thread-21855	3

time: 946691677.840065
diff: 25.159934997558594
waiting
going to web site
Hello world	Thread-21975	3

time: 946691703.832832
diff: 12.167168021202087
waiting
going to web site
Hello world	Thread-22030	2

time: 946691716.841833
diff: 23.158167004585266
waiting
going to web site
Hello world	Thread-22136	2

time: 946691741.842833
diff: 24.157166957855225
waiting
going to web site
Hello world	Thread-22255	3

time: 946691766.841833
diff: 22.158167004585266
waiting
going to web site
Hello world	Thread-22347	2

time: 946691789.841833
diff: 34.158167004585266
waiting
going to web site
Hello world	Thread-22504	3

time: 946691824.841833
diff: 24.158167004585266
waiting
going to web site
Hello world	Thread-22608	3

time: 946691849.841833
diff: 18.158167004585266
waiting
going to web site
Hello world	Thread-22690	5

time: 946691868.832833
diff: 27.16716694831848
waiting
going to web site
Hello world	Thread-22821	3

time: 946691896.832832
diff: 15.167168021202087
waiting
going to web site
Hello world	Thread-22889	2

time: 946691912.841833
diff: 27.158167004585266
waiting
going to web site
Hello world	Thread-23012	4

time: 946691940.841833
diff: 13.158167004585266
waiting
going to web site
Hello world	Thread-23094	3

time: 946691955.841833
diff: 24.158167004585266
waiting
going to web site
Hello world	Thread-23203	2

time: 946691980.841833
diff: 23.158167004585266
waiting
going to web site
Hello world	Thread-23319	2

time: 946692004.832833
diff: 19.16716694831848
waiting
going to web site
Hello world	Thread-23408	4

time: 946692024.832832
diff: 12.167168021202087
waiting
going to web site
Hello world	Thread-23474	3

time: 946692037.841833
diff: 32.158167004585266
waiting
going to web site
Hello world	Thread-23643	3

time: 946692071.841833
diff: 19.158167004585266
waiting
going to web site
Hello world	Thread-23736	3

time: 946692091.832833
diff: 24.16716694831848
waiting
going to web site
Hello world	Thread-23856	3

time: 946692116.832832
diff: 22.167168021202087
waiting
going to web site
Hello world	Thread-23961	3

time: 946692139.841833
diff: 12.158167004585266
waiting
going to web site
Hello world	Thread-24024	4

time: 946692152.832833
diff: 24.16716694831848
waiting
going to web site
Hello world	Thread-24132	3

time: 946692177.832832
diff: 22.167168021202087
waiting
going to web site
Hello world	Thread-24238	4

time: 946692200.841833
diff: 25.158167004585266
waiting
going to web site
Hello world	Thread-24365	4

time: 946692226.841833
diff: 16.158167004585266
waiting
going to web site
Hello world	Thread-24439	5

time: 946692244.836833
diff: 8.163166999816895
waiting
going to web site
Hello world	Thread-24479	4

time: 946692253.837832
diff: 22.16216802597046
waiting
going to web site
Hello world	Thread-24594	2

time: 946692277.841833
diff: 14.158167004585266
waiting
going to web site
Hello world	Thread-24658	2

time: 946692292.841833
diff: 27.158167004585266
waiting
going to web site
Hello world	Thread-24786	4

time: 946692320.832833
diff: 7.1671669483184814
waiting
going to web site
Hello world	Thread-24815	4

time: 946692328.832832
diff: 27.167168021202087
waiting
going to web site
Hello world	Thread-24937	2

time: 946692356.841833
diff: 18.158167004585266
waiting
going to web site
Hello world	Thread-25023	3

time: 946692375.832833
diff: 34.16716694831848
waiting
going to web site
Hello world	Thread-25162	5

time: 946692410.832832
diff: 22.167168021202087
waiting
going to web site
Hello world	Thread-25263	5

time: 946692433.832833
diff: 22.16716694831848
waiting
going to web site
Hello world	Thread-25355	6

time: 946692456.832832
diff: 14.167168021202087
waiting
going to web site
Hello world	Thread-25423	2

time: 946692471.841833
diff: 34.158167004585266
waiting
going to web site
Hello world	Thread-25568	3

time: 946692507.841833
diff: 15.158167004585266
waiting
going to web site
Hello world	Thread-25637	4

time: 946692523.841833
diff: 32.158167004585266
waiting
going to web site
Hello world	Thread-25780	4

time: 946692556.841833
diff: 18.158167004585266
waiting
going to web site
Hello world	Thread-25861	3

time: 946692575.841833
diff: 31.158167004585266
waiting
going to web site
Hello world	Thread-25997	2

time: 946692607.841833
diff: 24.158167004585266
waiting
going to web site
Hello world	Thread-26098	3

time: 946692632.841833
diff: 14.158167004585266
waiting
going to web site
Hello world	Thread-26164	3

time: 946692648.841833
diff: 19.158167004585266
waiting
going to web site
Hello world	Thread-26238	3

time: 946692669.841833
diff: 21.158167004585266
waiting
going to web site
Hello world	Thread-26315	3

time: 946692691.841833
diff: 26.158167004585266
waiting
going to web site
Hello world	Thread-26403	3

time: 946692718.832833
diff: 13.167166948318481
waiting
going to web site
Hello world	Thread-26440	2

time: 946692732.842832
diff: 21.15716803073883
waiting
going to web site
Hello world	Thread-26502	3

time: 946692754.841833
diff: 26.158167004585266
waiting
going to web site
Hello world	Thread-26566	2

time: 946692781.836833
diff: 28.163166999816895
waiting
going to web site
Hello world	Thread-26632	2

time: 946692810.832832
diff: 18.167168021202087
waiting
going to web site
Hello world	Thread-26663	2

time: 946692829.832833
diff: 32.16716694831848
waiting
going to web site
Hello world	Thread-26715	3

time: 946692862.832832
diff: 18.167168021202087
waiting
going to web site
Hello world	Thread-26741	3

time: 946692881.8418959
diff: 13.158104062080383
waiting
going to web site
Hello world	Thread-26753	3

time: 946692895.841833
diff: 20.158167004585266
waiting
going to web site
Hello world	Thread-26773	2

