time: 946686600.0
diff: 0.0
going to web site
Hello world	Thread-22	4

time: 946686603.649364
diff: 116.35063600540161
waiting
going to web site
Hello world	Thread-93	7

time: 946686727.658364
diff: 52.341635942459106
waiting
going to web site
Hello world	Thread-110	7

time: 946686780.649364
diff: 119.35063600540161
waiting
going to web site
Hello world	Thread-184	4

time: 946686901.697793
diff: 118.30220699310303
waiting
going to web site
Hello world	Thread-241	7

time: 946687020.658365
diff: 60.34163498878479
waiting
going to web site
Hello world	Thread-302	4

time: 946687096.677364
diff: 104.32263600826263
waiting
going to web site
Hello world	Thread-353	6

time: 946687204.656908
diff: 116.34309196472168
waiting
going to web site
Hello world	Thread-402	6

time: 946687321.646908
diff: 119.35309195518494
waiting
going to web site
Hello world	Thread-470	6

time: 946687441.655909
diff: 119.3440910577774
waiting
going to web site
Hello world	Thread-535	3

time: 946687561.658365
diff: 60.34163498878479
waiting
going to web site
Hello world	Thread-586	3

time: 946687625.656908
diff: 116.34309196472168
waiting
going to web site
Hello world	Thread-636	5

time: 946687742.646908
diff: 59.35309195518494
waiting
going to web site
Hello world	Thread-684	3

time: 946687809.659364
diff: 112.34063601493835
waiting
going to web site
Hello world	Thread-754	4

time: 946687925.667365
diff: 56.332635045051575
waiting
going to web site
Hello world	Thread-787	5

time: 946687985.658365
diff: 56.34163498878479
waiting
going to web site
Hello world	Thread-818	4

time: 946688045.658365
diff: 117.34163498878479
waiting
going to web site
Hello world	Thread-892	2

time: 946688170.659364
diff: 52.340636014938354
waiting
going to web site
Hello world	Thread-921	5

time: 946688230.659364
diff: 112.34063601493835
waiting
going to web site
Hello world	Thread-988	2

