time: 946686600.0
diff: 0.0
going to web site
Hello world	Thread-17	3

time: 946686603.580656
diff: 56.41934394836426
waiting
going to web site
Hello world	Thread-46	2

time: 946686661.5896561
diff: 119.41034388542175
waiting
going to web site
Hello world	Thread-185	5

time: 946686782.5896561
diff: 118.41034388542175
waiting
going to web site
Hello world	Thread-382	7

time: 946686916.590656
diff: 104.409343957901
waiting
going to web site
Hello world	Thread-490	6

time: 946687022.587656
diff: 58.412343978881836
waiting
going to web site
Hello world	Thread-571	7

time: 946687112.590656
diff: 28.409343957901
waiting
going to web site
Hello world	Thread-645	5

time: 946687172.590656
diff: 28.409343957901
waiting
going to web site
Hello world	Thread-651	5

time: 946687201.5816561
diff: 120.41834390163422
waiting
going to web site
Hello world	Thread-836	2

time: 946687325.5941241
diff: 116.40587592124939
waiting
going to web site
Hello world	Thread-983	5

time: 946687449.598657
diff: 52.40134298801422
waiting
going to web site
Hello world	Thread-1058	6

time: 946687517.590656
diff: 44.409343957901
waiting
going to web site
Hello world	Thread-1086	2

time: 946687563.580656
diff: 58.41934394836426
waiting
going to web site
Hello world	Thread-1261	4

time: 946687742.9415181
diff: -0.9415180683135986
going to web site
Hello world	Thread-1266	6

time: 946687743.5383459
diff: 58.46165406703949
waiting
going to web site
Hello world	Thread-1382	7

time: 946687817.590656
diff: 105.409343957901
waiting
going to web site
Hello world	Thread-1488	7

time: 946687924.593657
diff: 58.40634298324585
waiting
going to web site
Hello world	Thread-1585	7

time: 946687990.5896571
diff: 112.41034293174744
waiting
going to web site
Hello world	Thread-1719	3

time: 946688110.590656
diff: 112.409343957901
waiting
going to web site
Hello world	Thread-1800	7

time: 946688223.585656
diff: 59.41434395313263
waiting
going to web site
Hello world	Thread-1900	7

