1679411883.528527354 UTC seconds since epoch
              total        used        free      shared     buffers       cache   available
Mem:    33559678976 14196105216  8345214976  1345654784   545349632 10473009152 15201951744
Low:    33559678976 25214464000  8345214976
High:             0           0           0
Swap:   21474299904  3839885312 17634414592
1679411884.536818705 UTC seconds since epoch
              total        used        free      shared     buffers       cache   available
Mem:    33559678976 14538006528  7991689216  1345654784   545349632 10484633600 14859898880
Low:    33559678976 25567989760  7991689216
High:             0           0           0
Swap:   21474299904  3839885312 17634414592
1679411885.544806095 UTC seconds since epoch
              total        used        free      shared     buffers       cache   available
Mem:    33559678976 14751387648  7778287616  1345654784   545370112 10484633600 14646587392
Low:    33559678976 25781391360  7778287616
High:             0           0           0
Swap:   21474299904  3839885312 17634414592
1679411886.552781688 UTC seconds since epoch
              total        used        free      shared     buffers       cache   available
Mem:    33559678976 14786310144  7743365120  1345654784   545370112 10484633600 14611681280
Low:    33559678976 25816313856  7743365120
High:             0           0           0
Swap:   21474299904  3839885312 17634414592
1679411887.560893655 UTC seconds since epoch
              total        used        free      shared     buffers       cache   available
Mem:    33559678976 14895890432  7633784832  1345654784   545370112 10484633600 14502125568
Low:    33559678976 25925894144  7633784832
High:             0           0           0
Swap:   21474299904  3839885312 17634414592
1679411888.568801295 UTC seconds since epoch
              total        used        free      shared     buffers       cache   available
Mem:    33559678976 15092510720  7437164544  1345654784   545370112 10484633600 14305505280
Low:    33559678976 26122514432  7437164544
High:             0           0           0
Swap:   21474299904  3839885312 17634414592
1679411889.576798549 UTC seconds since epoch
              total        used        free      shared     buffers       cache   available
Mem:    33559678976 15288365056  7241310208  1345654784   545370112 10484633600 14109650944
Low:    33559678976 26318368768  7241310208
High:             0           0           0
Swap:   21474299904  3839885312 17634414592
1679411890.584778328 UTC seconds since epoch
              total        used        free      shared     buffers       cache   available
Mem:    33559678976 15483707392  7045967872  1345654784   545378304 10484625408 13914308608
Low:    33559678976 26513711104  7045967872
High:             0           0           0
Swap:   21474299904  3839885312 17634414592
1679411891.592806961 UTC seconds since epoch
              total        used        free      shared     buffers       cache   available
Mem:    33559678976 15680589824  6849077248  1345654784   545378304 10484633600 13717426176
Low:    33559678976 26710601728  6849077248
High:             0           0           0
Swap:   21474299904  3839885312 17634414592
1679411892.600791352 UTC seconds since epoch
              total        used        free      shared     buffers       cache   available
Mem:    33559678976 15875387392  6654279680  1345654784   545378304 10484633600 13522628608
Low:    33559678976 26905399296  6654279680
High:             0           0           0
Swap:   21474299904  3839885312 17634414592
1679411893.608804442 UTC seconds since epoch
              total        used        free      shared     buffers       cache   available
Mem:    33559678976 16070885376  6458720256  1345654784   545435648 10484637696 13327130624
Low:    33559678976 27100958720  6458720256
High:             0           0           0
Swap:   21474299904  3839885312 17634414592
1679411894.616907398 UTC seconds since epoch
              total        used        free      shared     buffers       cache   available
Mem:    33559678976 16188153856  6341451776  1345654784   545435648 10484637696 13209862144
Low:    33559678976 27218227200  6341451776
High:             0           0           0
Swap:   21474299904  3839885312 17634414592
1679411895.625272701 UTC seconds since epoch
              total        used        free      shared     buffers       cache   available
Mem:    33559678976 16292913152  6236688384  1345654784   545435648 10484641792 13105102848
Low:    33559678976 27322990592  6236688384
High:             0           0           0
Swap:   21474299904  3839885312 17634414592
1679411896.633191857 UTC seconds since epoch
              total        used        free      shared     buffers       cache   available
Mem:    33559678976 16189984768  6339608576  1345662976   545435648 10484649984 13208023040
Low:    33559678976 27220070400  6339608576
High:             0           0           0
Swap:   21474299904  3839885312 17634414592
1679411897.640869024 UTC seconds since epoch
              total        used        free      shared     buffers       cache   available
Mem:    33559678976 15550730240  6960238592  1354231808   545611776 10503098368 13838282752
Low:    33559678976 26599440384  6960238592
High:             0           0           0
Swap:   21474299904  3839885312 17634414592
1679411898.649649795 UTC seconds since epoch
              total        used        free      shared     buffers       cache   available
Mem:    33559678976 15570493440  6851395584  1426919424   545611776 10592178176 13745373184
Low:    33559678976 26708283392  6851395584
High:             0           0           0
Swap:   21474299904  3839885312 17634414592
1679411899.656856650 UTC seconds since epoch
              total        used        free      shared     buffers       cache   available
Mem:    33559678976 15589761024  6785658880  1464401920   545611776 10638647296 13688094720
Low:    33559678976 26774020096  6785658880
High:             0           0           0
Swap:   21474299904  3839885312 17634414592
1679411900.664849185 UTC seconds since epoch
              total        used        free      shared     buffers       cache   available
Mem:    33559678976 15589568512  6671601664  1569734656   545611776 10752897024 13583552512
Low:    33559678976 26888077312  6671601664
High:             0           0           0
Swap:   21474299904  3839885312 17634414592
1679411901.673454282 UTC seconds since epoch
              total        used        free      shared     buffers       cache   available
Mem:    33559678976 15590764544  6661021696  1571184640   545611776 10762280960 13581398016
Low:    33559678976 26898657280  6661021696
High:             0           0           0
Swap:   21474299904  3839885312 17634414592
1679411902.681233637 UTC seconds since epoch
              total        used        free      shared     buffers       cache   available
Mem:    33559678976 15591571456  6633926656  1590263808   545619968 10788560896 13561266176
Low:    33559678976 26925752320  6633926656
High:             0           0           0
Swap:   21474299904  3839885312 17634414592
1679411903.688906319 UTC seconds since epoch
              total        used        free      shared     buffers       cache   available
Mem:    33559678976 15593054208  6588809216  1626099712   545669120 10832146432 13523271680
Low:    33559678976 26970869760  6588809216
High:             0           0           0
Swap:   21474299904  3839885312 17634414592
1679411904.696886447 UTC seconds since epoch
              total        used        free      shared     buffers       cache   available
Mem:    33559678976 15594061824  6556323840  1653055488   545669120 10863624192 13495611392
Low:    33559678976 27003355136  6556323840
High:             0           0           0
Swap:   21474299904  3839885312 17634414592
1679411905.704936509 UTC seconds since epoch
              total        used        free      shared     buffers       cache   available
Mem:    33559678976 15594016768  6528196608  1675112448   545669120 10891796480 13473619968
Low:    33559678976 27031482368  6528196608
High:             0           0           0
Swap:   21474299904  3839885312 17634414592
1679411906.713292141 UTC seconds since epoch
              total        used        free      shared     buffers       cache   available
Mem:    33559678976 15594532864  6521745408  1675296768   545669120 10897731584 13473185792
Low:    33559678976 27037933568  6521745408
High:             0           0           0
Swap:   21474299904  3839885312 17634414592
1679411907.720843015 UTC seconds since epoch
              total        used        free      shared     buffers       cache   available
Mem:    33559678976 15594672128  6516588544  1675595776   545669120 10902749184 13472452608
Low:    33559678976 27043090432  6516588544
High:             0           0           0
Swap:   21474299904  3839885312 17634414592
1679411908.728854144 UTC seconds since epoch
              total        used        free      shared     buffers       cache   available
Mem:    33559678976 15594651648  6510137344  1675935744   545677312 10909212672 13472116736
Low:    33559678976 27049541632  6510137344
High:             0           0           0
Swap:   21474299904  3839885312 17634414592
1679411909.736937720 UTC seconds since epoch
              total        used        free      shared     buffers       cache   available
Mem:    33559678976 15593197568  6505492480  1676201984   545677312 10915311616 13473619968
Low:    33559678976 27054186496  6505492480
High:             0           0           0
Swap:   21474299904  3839885312 17634414592
1679411910.745812049 UTC seconds since epoch
              total        used        free      shared     buffers       cache   available
Mem:    33559678976 15593517056  6500073472  1676341248   545677312 10920411136 13473128448
Low:    33559678976 27059605504  6500073472
High:             0           0           0
Swap:   21474299904  3839885312 17634414592
1679411911.752888112 UTC seconds since epoch
              total        used        free      shared     buffers       cache   available
Mem:    33559678976 15628500992  6459559936  1676447744   545677312 10925940736 13438021632
Low:    33559678976 27100119040  6459559936
High:             0           0           0
Swap:   21474299904  3839885312 17634414592
1679411912.761882345 UTC seconds since epoch
              total        used        free      shared     buffers       cache   available
Mem:    33559678976 15628619776  6453624832  1676718080   545677312 10931757056 13437632512
Low:    33559678976 27106054144  6453624832
High:             0           0           0
Swap:   21474299904  3839885312 17634414592
1679411913.770755692 UTC seconds since epoch
              total        used        free      shared     buffers       cache   available
Mem:    33559678976 15627735040  6448205824  1676742656   545726464 10938011648 13438492672
Low:    33559678976 27111473152  6448205824
High:             0           0           0
Swap:   21474299904  3839885312 17634414592
1679411914.776839088 UTC seconds since epoch
              total        used        free      shared     buffers       cache   available
Mem:    33559678976 15627542528  6443044864  1676763136   545726464 10943365120 13438599168
Low:    33559678976 27116634112  6443044864
High:             0           0           0
Swap:   21474299904  3839885312 17634414592
1679411915.785062689 UTC seconds since epoch
              total        used        free      shared     buffers       cache   available
Mem:    33559678976 15627956224  6437109760  1677004800   545726464 10948886528 13437693952
Low:    33559678976 27122569216  6437109760
High:             0           0           0
Swap:   21474299904  3839885312 17634414592
1679411916.793472217 UTC seconds since epoch
              total        used        free      shared     buffers       cache   available
Mem:    33559678976 15626686464  6432722944  1677471744   545726464 10954543104 13438791680
Low:    33559678976 27126956032  6432722944
High:             0           0           0
Swap:   21474299904  3839885312 17634414592
1679411917.801290767 UTC seconds since epoch
              total        used        free      shared     buffers       cache   available
Mem:    33559678976 15627091968  6426529792  1677500416   545734656 10960322560 13438341120
Low:    33559678976 27133149184  6426529792
High:             0           0           0
Swap:   21474299904  3839885312 17634414592
1679411918.808935313 UTC seconds since epoch
              total        used        free      shared     buffers       cache   available
Mem:    33559678976 15626190848  6421368832  1677541376   545734656 10966384640 13439221760
Low:    33559678976 27138310144  6421368832
High:             0           0           0
Swap:   21474299904  3839885312 17634414592
1679411919.816939878 UTC seconds since epoch
              total        used        free      shared     buffers       cache   available
Mem:    33559678976 15626543104  6416465920  1677668352   545751040 10970918912 13438771200
Low:    33559678976 27143213056  6416465920
High:             0           0           0
Swap:   21474299904  3839885312 17634414592
1679411920.824843547 UTC seconds since epoch
              total        used        free      shared     buffers       cache   available
Mem:    33559678976 15645335552  6391951360  1677684736   545751040 10976641024 13419937792
Low:    33559678976 27167727616  6391951360
High:             0           0           0
Swap:   21474299904  3839885312 17634414592
1679411921.833438711 UTC seconds since epoch
              total        used        free      shared     buffers       cache   available
Mem:    33559678976 15644450816  6386532352  1677742080   545751040 10982944768 13420675072
Low:    33559678976 27173146624  6386532352
High:             0           0           0
Swap:   21474299904  3839885312 17634414592
1679411922.841454452 UTC seconds since epoch
              total        used        free      shared     buffers       cache   available
Mem:    33559678976 15644540928  6381629440  1677885440   545751040 10987757568 13420466176
Low:    33559678976 27178049536  6381629440
High:             0           0           0
Swap:   21474299904  3839885312 17634414592
1679411923.849236108 UTC seconds since epoch
              total        used        free      shared     buffers       cache   available
Mem:    33559678976 15644598272  6375952384  1677918208   545824768 10993303552 13420351488
Low:    33559678976 27183726592  6375952384
High:             0           0           0
Swap:   21474299904  3839885312 17634414592
1679411924.856908014 UTC seconds since epoch
              total        used        free      shared     buffers       cache   available
Mem:    33559678976 15642955776  6372339712  1677934592   545824768 10998558720 13422260224
Low:    33559678976 27187339264  6372339712
High:             0           0           0
Swap:   21474299904  3839885312 17634414592
1679411925.865230986 UTC seconds since epoch
              total        used        free      shared     buffers       cache   available
Mem:    33559678976 15642710016  6366146560  1677950976   545824768 11004997632 13422231552
Low:    33559678976 27193532416  6366146560
High:             0           0           0
Swap:   21474299904  3839885312 17634414592
1679411926.873419410 UTC seconds since epoch
              total        used        free      shared     buffers       cache   available
Mem:    33559678976 15650865152  6134317056  1895747584   545824768 11228672000 13195378688
Low:    33559678976 27425361920  6134317056
High:             0           0           0
Swap:   21474299904  3839885312 17634414592
1679411927.880820047 UTC seconds since epoch
              total        used        free      shared     buffers       cache   available
Mem:    33559678976 15652909056  6066479104  1959198720   545824768 11294466048 13130063872
Low:    33559678976 27493199872  6066479104
High:             0           0           0
Swap:   21474299904  3839885312 17634414592
1679411928.888816136 UTC seconds since epoch
              total        used        free      shared     buffers       cache   available
Mem:    33559678976 15652954112  6063124480  1959788544   545837056 11297763328 13129981952
Low:    33559678976 27496554496  6063124480
High:             0           0           0
Swap:   21474299904  3839885312 17634414592
1679411929.897055406 UTC seconds since epoch
              total        used        free      shared     buffers       cache   available
Mem:    33559678976 15652491264  6059769856  1960624128   545837056 11301580800 13129601024
Low:    33559678976 27499909120  6059769856
High:             0           0           0
Swap:   21474299904  3839885312 17634414592
1679411930.904784791 UTC seconds since epoch
              total        used        free      shared     buffers       cache   available
Mem:    33559678976 15652511744  6055641088  1961553920   545837056 11305689088 13128663040
Low:    33559678976 27504037888  6055641088
High:             0           0           0
Swap:   21474299904  3839885312 17634414592
1679411931.912778598 UTC seconds since epoch
              total        used        free      shared     buffers       cache   available
Mem:    33559678976 15653429248  6051254272  1962442752   545837056 11309158400 13126832128
Low:    33559678976 27508424704  6051254272
High:             0           0           0
Swap:   21474299904  3839885312 17634414592
1679411932.920783338 UTC seconds since epoch
              total        used        free      shared     buffers       cache   available
Mem:    33559678976 15655383040  6046887936  1962549248   545886208 11311521792 13124751360
Low:    33559678976 27512791040  6046887936
High:             0           0           0
Swap:   21474299904  3839885312 17634414592
1679411933.928786146 UTC seconds since epoch
              total        used        free      shared     buffers       cache   available
Mem:    33559678976 15654961152  6043287552  1963167744   545886208 11315544064 13124476928
Low:    33559678976 27516391424  6043287552
High:             0           0           0
Swap:   21474299904  3839885312 17634414592
1679411934.939769472 UTC seconds since epoch
              total        used        free      shared     buffers       cache   available
Mem:    33559678976 15654563840  6040965120  1963421696   545886208 11318263808 13124935680
Low:    33559678976 27518713856  6040965120
High:             0           0           0
Swap:   21474299904  3839885312 17634414592
1679411935.949348099 UTC seconds since epoch
              total        used        free      shared     buffers       cache   available
Mem:    33559678976 15655211008  6036062208  1963470848   545886208 11322519552 13124018176
Low:    33559678976 27523616768  6036062208
High:             0           0           0
Swap:   21474299904  3839885312 17634414592
1679411936.957236788 UTC seconds since epoch
              total        used        free      shared     buffers       cache   available
Mem:    33559678976 15655792640  6031163392  1963552768   545886208 11326836736 13123354624
Low:    33559678976 27528515584  6031163392
High:             0           0           0
Swap:   21474299904  3839885312 17634414592
1679411937.965541274 UTC seconds since epoch
              total        used        free      shared     buffers       cache   available
Mem:    33559678976 15655985152  6027046912  1963606016   545918976 11330727936 13123092480
Low:    33559678976 27532632064  6027046912
High:             0           0           0
Swap:   21474299904  3839885312 17634414592
1679411938.973013610 UTC seconds since epoch
              total        used        free      shared     buffers       cache   available
Mem:    33559678976 15655817216  6023176192  1963655168   545918976 11334766592 13123215360
Low:    33559678976 27536502784  6023176192
High:             0           0           0
Swap:   21474299904  3839885312 17634414592
1679411939.980977088 UTC seconds since epoch
              total        used        free      shared     buffers       cache   available
Mem:    33559678976 15655628800  6018273280  1963749376   545918976 11339857920 13123321856
Low:    33559678976 27541405696  6018273280
High:             0           0           0
Swap:   21474299904  3839885312 17634414592
1679411940.988928001 UTC seconds since epoch
              total        used        free      shared     buffers       cache   available
Mem:    33559678976 15659012096  6010073088  1963786240   545931264 11344662528 13119614976
Low:    33559678976 27549605888  6010073088
High:             0           0           0
Swap:   21474299904  3839885312 17634414592
1679411941.997452493 UTC seconds since epoch
              total        used        free      shared     buffers       cache   available
Mem:    33559678976 15657893888  6006976512  1963909120   545931264 11348877312 13120880640
Low:    33559678976 27552702464  6006976512
High:             0           0           0
Swap:   21474299904  3839885312 17634414592
1679411943.004837770 UTC seconds since epoch
              total        used        free      shared     buffers       cache   available
Mem:    33559678976 15659077632  6002110464  1964007424   546009088 11352481792 13119590400
Low:    33559678976 27557568512  6002110464
High:             0           0           0
Swap:   21474299904  3839885312 17634414592
1679411944.013017340 UTC seconds since epoch
              total        used        free      shared     buffers       cache   available
Mem:    33559678976 15659261952  5996949504  1964060672   546017280 11357450240 13119315968
Low:    33559678976 27562729472  5996949504
High:             0           0           0
Swap:   21474299904  3839885312 17634414592
1679411945.020921271 UTC seconds since epoch
              total        used        free      shared     buffers       cache   available
Mem:    33559678976 15657910272  5993078784  1964093440   546017280 11362672640 13120630784
Low:    33559678976 27566600192  5993078784
High:             0           0           0
Swap:   21474299904  3839885312 17634414592
1679411946.028899846 UTC seconds since epoch
              total        used        free      shared     buffers       cache   available
Mem:    33559678976 15657246720  5988433920  1965211648   546017280 11367981056 13120241664
Low:    33559678976 27571245056  5988433920
High:             0           0           0
Swap:   21474299904  3839885312 17634414592
1679411947.036859517 UTC seconds since epoch
              total        used        free      shared     buffers       cache   available
Mem:    33559678976 15656960000  5984821248  1965285376   546017280 11371880448 13120430080
Low:    33559678976 27574857728  5984821248
High:             0           0           0
Swap:   21474299904  3839885312 17634414592
1679411948.045056261 UTC seconds since epoch
              total        used        free      shared     buffers       cache   available
Mem:    33559678976 15656910848  5980950528  1965326336   546017280 11375800320 13120434176
Low:    33559678976 27578728448  5980950528
High:             0           0           0
Swap:   21474299904  3839885312 17634414592
1679411949.053061041 UTC seconds since epoch
              total        used        free      shared     buffers       cache   available
Mem:    33559678976 15656931328  5977079808  1965350912   546025472 11379642368 13120385024
Low:    33559678976 27582599168  5977079808
High:             0           0           0
Swap:   21474299904  3839885312 17634414592
1679411950.061027887 UTC seconds since epoch
              total        used        free      shared     buffers       cache   available
Mem:    33559678976 15675179008  5955145728  1965371392   546025472 11383328768 13102141440
Low:    33559678976 27604533248  5955145728
High:             0           0           0
Swap:   21474299904  3839885312 17634414592
1679411951.069075385 UTC seconds since epoch
              total        used        free      shared     buffers       cache   available
Mem:    33559678976 15683375104  5942784000  1965379584   546025472 11387494400 13093765120
Low:    33559678976 27616894976  5942784000
High:             0           0           0
Swap:   21474299904  3839885312 17634414592
1679411952.077024891 UTC seconds since epoch
              total        used        free      shared     buffers       cache   available
Mem:    33559678976 15683239936  5938917376  1965400064   546025472 11391496192 13093867520
Low:    33559678976 27620761600  5938917376
High:             0           0           0
Swap:   21474299904  3839885312 17634414592
1679411953.085099759 UTC seconds since epoch
              total        used        free      shared     buffers       cache   available
Mem:    33559678976 15682854912  5935820800  1965436928   546074624 11394928640 13094219776
Low:    33559678976 27623858176  5935820800
High:             0           0           0
Swap:   21474299904  3839885312 17634414592
1679411954.093696350 UTC seconds since epoch
              total        used        free      shared     buffers       cache   available
Mem:    33559678976 15681552384  5932466176  1965568000   546074624 11399585792 13095342080
Low:    33559678976 27627212800  5932466176
High:             0           0           0
Swap:   21474299904  3839885312 17634414592
1679411955.100898632 UTC seconds since epoch
              total        used        free      shared     buffers       cache   available
Mem:    33559678976 15682609152  5928120320  1965674496   546074624 11402874880 13094191104
Low:    33559678976 27631558656  5928120320
High:             0           0           0
Swap:   21474299904  3839885312 17634414592
1679411956.109123698 UTC seconds since epoch
              total        used        free      shared     buffers       cache   available
Mem:    33559678976 15683506176  5923332096  1965678592   546082816 11406757888 13093289984
Low:    33559678976 27636346880  5923332096
High:             0           0           0
Swap:   21474299904  3839885312 17634414592
1679411957.117015173 UTC seconds since epoch
              total        used        free      shared     buffers       cache   available
Mem:    33559678976 15683661824  5919477760  1965682688   546082816 11410456576 13093093376
Low:    33559678976 27640201216  5919477760
High:             0           0           0
Swap:   21474299904  3839885312 17634414592
1679411958.124867317 UTC seconds since epoch
              total        used        free      shared     buffers       cache   available
Mem:    33559678976 15679201280  5915090944  1965694976   546119680 11419267072 13097566208
Low:    33559678976 27644588032  5915090944
High:             0           0           0
Swap:   21474299904  3839885312 17634414592
1679411959.132838084 UTC seconds since epoch
              total        used        free      shared     buffers       cache   available
Mem:    33559678976 15681327104  5909929984  1965744128   546119680 11422302208 13095399424
Low:    33559678976 27649748992  5909929984
High:             0           0           0
Swap:   21474299904  3839885312 17634414592
1679411960.140813581 UTC seconds since epoch
              total        used        free      shared     buffers       cache   available
Mem:    33559678976 15681159168  5906317312  1965850624   546119680 11426082816 13095448576
Low:    33559678976 27653361664  5906317312
High:             0           0           0
Swap:   21474299904  3839885312 17634414592
1679411961.148851458 UTC seconds since epoch
              total        used        free      shared     buffers       cache   available
Mem:    33559678976 15681716224  5901930496  1965793280   546119680 11429912576 13094928384
Low:    33559678976 27657748480  5901930496
High:             0           0           0
Swap:   21474299904  3839885312 17634414592
1679411962.157238470 UTC seconds since epoch
              total        used        free      shared     buffers       cache   available
Mem:    33559678976 15682478080  5897547776  1965555712   546127872 11433525248 13094420480
Low:    33559678976 27662131200  5897547776
High:             0           0           0
Swap:   21474299904  3839885312 17634414592
1679411963.165660212 UTC seconds since epoch
              total        used        free      shared     buffers       cache   available
Mem:    33559678976 15681589248  5894709248  1965576192   546177024 11437203456 13095378944
Low:    33559678976 27664969728  5894709248
High:             0           0           0
Swap:   21474299904  3839885312 17634414592
1679411964.175937597 UTC seconds since epoch
              total        used        free      shared     buffers       cache   available
Mem:    33559678976 15680593920  5880516608  1975750656   546177024 11452391424 13086179328
Low:    33559678976 27679162368  5880516608
High:             0           0           0
Swap:   21474299904  3839885312 17634414592
1679411965.180931497 UTC seconds since epoch
              total        used        free      shared     buffers       cache   available
Mem:    33559678976 15681232896  5849550848  2002915328   546177024 11482718208 13058375680
Low:    33559678976 27710128128  5849550848
High:             0           0           0
Swap:   21474299904  3839885312 17634414592
1679411966.188824109 UTC seconds since epoch
              total        used        free      shared     buffers       cache   available
Mem:    33559678976 15680536576  5838454784  2011021312   546177024 11494510592 13050961920
Low:    33559678976 27721224192  5838454784
High:             0           0           0
Swap:   21474299904  3839885312 17634414592
1679411967.197194519 UTC seconds since epoch
              total        used        free      shared     buffers       cache   available
Mem:    33559678976 15681515520  5819621376  2022625280   546177024 11512365056 13038321664
Low:    33559678976 27740057600  5819621376
High:             0           0           0
Swap:   21474299904  3839885312 17634414592
1679411968.205926589 UTC seconds since epoch
              total        used        free      shared     buffers       cache   available
Mem:    33559678976 15681155072  5816008704  2022658048   546185216 11516329984 13038698496
Low:    33559678976 27743670272  5816008704
High:             0           0           0
Swap:   21474299904  3839885312 17634414592
1679411969.213760627 UTC seconds since epoch
              total        used        free      shared     buffers       cache   available
Mem:    33559678976 15681486848  5811884032  2022674432   546185216 11520122880 13038354432
Low:    33559678976 27747794944  5811884032
High:             0           0           0
Swap:   21474299904  3839885312 17634414592
