time: 946686600.0
diff: 0.0
going to web site
Hello world	Thread-13	7

time: 946686601.649364
diff: 59.35063600540161
waiting
going to web site
Hello world	Thread-50	8

time: 946686661.649365
diff: 119.3506350517273
waiting
going to web site
Hello world	Thread-117	7

time: 946686781.686794
diff: 119.31320595741272
waiting
going to web site
Hello world	Thread-187	7

time: 946686902.6695601
diff: 58.33043992519379
waiting
going to web site
Hello world	Thread-226	7

time: 946686964.659364
diff: 116.34063601493835
waiting
going to web site
Hello world	Thread-297	3

time: 946687088.678364
diff: 113.32163596153259
waiting
going to web site
Hello world	Thread-343	7

time: 946687202.656908
diff: 59.34309196472168
waiting
going to web site
Hello world	Thread-383	5

time: 946687262.661909
diff: 59.338091015815735
waiting
going to web site
Hello world	Thread-411	3

time: 946687322.655909
diff: 119.3440910577774
waiting
going to web site
Hello world	Thread-478	3

time: 946687442.6559091
diff: 119.34409093856812
waiting
going to web site
Hello world	Thread-554	5

time: 946687565.667908
diff: 56.33209204673767
waiting
going to web site
Hello world	Thread-589	6

time: 946687629.656908
diff: 113.34309196472168
waiting
going to web site
Hello world	Thread-641	6

time: 946687743.646908
diff: 59.35309195518494
waiting
going to web site
Hello world	Thread-668	6

time: 946687803.649364
diff: 59.35063600540161
waiting
going to web site
Hello world	Thread-712	4

time: 946687864.6593649
diff: 118.34063506126404
waiting
going to web site
Hello world	Thread-782	4

time: 946687984.658365
diff: 58.34163498878479
waiting
going to web site
Hello world	Thread-824	4

time: 946688046.658365
diff: 116.34163498878479
waiting
going to web site
Hello world	Thread-891	3

time: 946688170.659364
diff: 53.340636014938354
waiting
going to web site
Hello world	Thread-912	2

time: 946688225.658365
diff: 118.34163498878479
waiting
going to web site
Hello world	Thread-974	4

