1670861518.815367806 UTC seconds since epoch
              total        used        free      shared     buffers       cache   available
Mem:    33564262400 14344691712  8165924864   540692480  1836134400  9217511424 18207334400
Low:    33564262400 25398337536  8165924864
High:             0           0           0
Swap:    4294434816   288620544  4005814272
1670861519.826324605 UTC seconds since epoch
              total        used        free      shared     buffers       cache   available
Mem:    33564262400 14701256704  7794102272   540692480  1839226880  9229676544 17851322368
Low:    33564262400 25770160128  7794102272
High:             0           0           0
Swap:    4294434816   288620544  4005814272
1670861520.834943831 UTC seconds since epoch
              total        used        free      shared     buffers       cache   available
Mem:    33564262400 14907703296  7585869824   540692480  1840975872  9229713408 17644879872
Low:    33564262400 25978392576  7585869824
High:             0           0           0
Swap:    4294434816   288620544  4005814272
1670861521.842280199 UTC seconds since epoch
              total        used        free      shared     buffers       cache   available
Mem:    33564262400 14961405952  7530221568   540692480  1843105792  9229529088 17591160832
Low:    33564262400 26034040832  7530221568
High:             0           0           0
Swap:    4294434816   288620544  4005814272
1670861522.848014509 UTC seconds since epoch
              total        used        free      shared     buffers       cache   available
Mem:    33564262400 15046877184  7441526784   540692480  1846214656  9229643776 17505628160
Low:    33564262400 26122735616  7441526784
High:             0           0           0
Swap:    4294434816   288620544  4005814272
1670861523.854455913 UTC seconds since epoch
              total        used        free      shared     buffers       cache   available
Mem:    33564262400 15215976448  7271415808   540692480  1847193600  9229676544 17336512512
Low:    33564262400 26292846592  7271415808
High:             0           0           0
Swap:    4294434816   288620544  4005814272
1670861524.862285285 UTC seconds since epoch
              total        used        free      shared     buffers       cache   available
Mem:    33564262400 15394586624  7091572736   540692480  1848217600  9229885440 17157959680
Low:    33564262400 26472689664  7091572736
High:             0           0           0
Swap:    4294434816   288620544  4005814272
1670861525.869757316 UTC seconds since epoch
              total        used        free      shared     buffers       cache   available
Mem:    33564262400 15571603456  6911725568   540692480  1851060224  9229873152 16981061632
Low:    33564262400 26652536832  6911725568
High:             0           0           0
Swap:    4294434816   288620544  4005814272
1670861526.878504671 UTC seconds since epoch
              total        used        free      shared     buffers       cache   available
Mem:    33564262400 15751122944  6732136448   540692480  1851535360  9229467648 16801484800
Low:    33564262400 26832125952  6732136448
High:             0           0           0
Swap:    4294434816   288620544  4005814272
1670861527.886471231 UTC seconds since epoch
              total        used        free      shared     buffers       cache   available
Mem:    33564262400 15928713216  6553051136   540692480  1853050880  9229447168 16623894528
Low:    33564262400 27011211264  6553051136
High:             0           0           0
Swap:    4294434816   288620544  4005814272
1670861528.894262591 UTC seconds since epoch
              total        used        free      shared     buffers       cache   available
Mem:    33564262400 16104783872  6373724160   540692480  1856135168  9229619200 16447860736
Low:    33564262400 27190538240  6373724160
High:             0           0           0
Swap:    4294434816   288620544  4005814272
1670861529.902256557 UTC seconds since epoch
              total        used        free      shared     buffers       cache   available
Mem:    33564262400 16221872128  6254641152   540692480  1857982464  9229766656 16330715136
Low:    33564262400 27309621248  6254641152
High:             0           0           0
Swap:    4294434816   288620544  4005814272
1670861530.910300099 UTC seconds since epoch
              total        used        free      shared     buffers       cache   available
Mem:    33564262400 16328093696  6146273280   540692480  1860145152  9229750272 16224542720
Low:    33564262400 27417989120  6146273280
High:             0           0           0
Swap:    4294434816   288620544  4005814272
1670861531.918328971 UTC seconds since epoch
              total        used        free      shared     buffers       cache   available
Mem:    33564262400 16252289024  6220705792   540692480  1861619712  9229647872 16300363776
Low:    33564262400 27343556608  6220705792
High:             0           0           0
Swap:    4294434816   288620544  4005814272
1670861532.926207847 UTC seconds since epoch
              total        used        free      shared     buffers       cache   available
Mem:    33564262400 15602094080  6847188992   550277120  1865150464  9249828864 16940601344
Low:    33564262400 26717073408  6847188992
High:             0           0           0
Swap:    4294434816   288620544  4005814272
1670861533.934782926 UTC seconds since epoch
              total        used        free      shared     buffers       cache   available
Mem:    33564262400 15643078656  6673797120   664334336  1866358784  9381027840 16784384000
Low:    33564262400 26890465280  6673797120
High:             0           0           0
Swap:    4294434816   288620544  4005814272
1670861534.942342611 UTC seconds since epoch
              total        used        free      shared     buffers       cache   available
Mem:    33564262400 15721320448  6475571200   763760640  1872846848  9494523904 16607526912
Low:    33564262400 27088691200  6475571200
High:             0           0           0
Swap:    4294434816   288620544  4005814272
1670861535.950608633 UTC seconds since epoch
              total        used        free      shared     buffers       cache   available
Mem:    33564262400 15723094016  6436364288   780877824  1879519232  9525284864 16587812864
Low:    33564262400 27127898112  6436364288
High:             0           0           0
Swap:    4294434816   288620544  4005814272
1670861536.958503423 UTC seconds since epoch
              total        used        free      shared     buffers       cache   available
Mem:    33564262400 15722180608  6419374080   783749120  1884692480  9538015232 16586440704
Low:    33564262400 27144888320  6419374080
High:             0           0           0
Swap:    4294434816   288620544  4005814272
1670861537.966673503 UTC seconds since epoch
              total        used        free      shared     buffers       cache   available
Mem:    33564262400 15723606016  6352281600   837906432  1887981568  9600393216 16531415040
Low:    33564262400 27211980800  6352281600
High:             0           0           0
Swap:    4294434816   288620544  4005814272
1670861538.974862659 UTC seconds since epoch
              total        used        free      shared     buffers       cache   available
Mem:    33564262400 15723134976  6325702656   847622144  1894973440  9620451328 16522051584
Low:    33564262400 27238559744  6325702656
High:             0           0           0
Swap:    4294434816   288620544  4005814272
1670861539.982388691 UTC seconds since epoch
              total        used        free      shared     buffers       cache   available
Mem:    33564262400 15722176512  6317719552   847622144  1897029632  9627336704 16523366400
Low:    33564262400 27246542848  6317719552
High:             0           0           0
Swap:    4294434816   288620544  4005814272
1670861540.990728329 UTC seconds since epoch
              total        used        free      shared     buffers       cache   available
Mem:    33564262400 15721586688  6307209216   847622144  1897930752  9637535744 16522588160
Low:    33564262400 27257053184  6307209216
High:             0           0           0
Swap:    4294434816   288620544  4005814272
1670861541.998932748 UTC seconds since epoch
              total        used        free      shared     buffers       cache   available
Mem:    33564262400 15722373120  6292787200   849649664  1900433408  9648668672 16520921088
Low:    33564262400 27271475200  6292787200
High:             0           0           0
Swap:    4294434816   288620544  4005814272
1670861543.007904205 UTC seconds since epoch
              total        used        free      shared     buffers       cache   available
Mem:    33564262400 15722934272  6279110656   850628608  1901641728  9660575744 16519733248
Low:    33564262400 27285151744  6279110656
High:             0           0           0
Swap:    4294434816   288620544  4005814272
1670861544.014678249 UTC seconds since epoch
              total        used        free      shared     buffers       cache   available
Mem:    33564262400 15723429888  6254854144   858148864  1908064256  9677914112 16511680512
Low:    33564262400 27309408256  6254854144
High:             0           0           0
Swap:    4294434816   288620544  4005814272
1670861545.022205477 UTC seconds since epoch
              total        used        free      shared     buffers       cache   available
Mem:    33564262400 15723929600  6217191424   879788032  1914929152  9708212224 16488931328
Low:    33564262400 27347070976  6217191424
High:             0           0           0
Swap:    4294434816   288620544  4005814272
1670861546.030910985 UTC seconds since epoch
              total        used        free      shared     buffers       cache   available
Mem:    33564262400 15724978176  6168162304   905953280  1923485696  9747636224 16462061568
Low:    33564262400 27396100096  6168162304
High:             0           0           0
Swap:    4294434816   288620544  4005814272
1670861547.038380979 UTC seconds since epoch
              total        used        free      shared     buffers       cache   available
Mem:    33564262400 15727616000  6119149568   939606016  1929580544  9787916288 16425791488
Low:    33564262400 27445112832  6119149568
High:             0           0           0
Swap:    4294434816   288620544  4005814272
1670861548.046390403 UTC seconds since epoch
              total        used        free      shared     buffers       cache   available
Mem:    33564262400 15728218112  6097215488   949051392  1931997184  9806831616 16415350784
Low:    33564262400 27467046912  6097215488
High:             0           0           0
Swap:    4294434816   288620544  4005814272
1670861549.054114227 UTC seconds since epoch
              total        used        free      shared     buffers       cache   available
Mem:    33564262400 15728279552  6079582208   949604352  1938083840  9818316800 16415387648
Low:    33564262400 27484680192  6079582208
High:             0           0           0
Swap:    4294434816   288620544  4005814272
1670861550.062786842 UTC seconds since epoch
              total        used        free      shared     buffers       cache   available
Mem:    33564262400 15728693248  6035668992   950382592  1946382336  9853517824 16414511104
Low:    33564262400 27528593408  6035668992
High:             0           0           0
Swap:    4294434816   288620544  4005814272
1670861551.070781646 UTC seconds since epoch
              total        used        free      shared     buffers       cache   available
Mem:    33564262400 15720218624  5976305664   961794048  1956372480  9911365632 16410955776
Low:    33564262400 27587956736  5976305664
High:             0           0           0
Swap:    4294434816   288620544  4005814272
1670861552.078701018 UTC seconds since epoch
              total        used        free      shared     buffers       cache   available
Mem:    33564262400 15726276608  5915848704   961896448  1964146688  9957990400 16404316160
Low:    33564262400 27648413696  5915848704
High:             0           0           0
Swap:    4294434816   288620544  4005814272
1670861553.087684165 UTC seconds since epoch
              total        used        free      shared     buffers       cache   available
Mem:    33564262400 15726555136  5885259776   962256896  1968398336  9984049152 16404451328
Low:    33564262400 27679002624  5885259776
High:             0           0           0
Swap:    4294434816   288620544  4005814272
1670861554.094461345 UTC seconds since epoch
              total        used        free      shared     buffers       cache   available
Mem:    33564262400 15727484928  5841346560   962461696  1976176640 10019254272 16402726912
Low:    33564262400 27722915840  5841346560
High:             0           0           0
Swap:    4294434816   288620544  4005814272
1670861555.102288726 UTC seconds since epoch
              total        used        free      shared     buffers       cache   available
Mem:    33564262400 15728791552  5793951744   962666496  1984282624 10057236480 16400920576
Low:    33564262400 27770310656  5793951744
High:             0           0           0
Swap:    4294434816   288620544  4005814272
1670861556.110578108 UTC seconds since epoch
              total        used        free      shared     buffers       cache   available
Mem:    33564262400 15727808512  5744807936   963350528  1993248768 10098397184 16402092032
Low:    33564262400 27819454464  5744807936
High:             0           0           0
Swap:    4294434816   288620544  4005814272
1670861557.118333021 UTC seconds since epoch
              total        used        free      shared     buffers       cache   available
Mem:    33564262400 15728476160  5710786560   963629056  1998405632 10126594048 16400531456
Low:    33564262400 27853475840  5710786560
High:             0           0           0
Swap:    4294434816   288620544  4005814272
1670861558.126412185 UTC seconds since epoch
              total        used        free      shared     buffers       cache   available
Mem:    33564262400 15730831360  5675180032   963801088  2003263488 10154987520 16398225408
Low:    33564262400 27889082368  5675180032
High:             0           0           0
Swap:    4294434816   288620544  4005814272
1670861559.136828950 UTC seconds since epoch
              total        used        free      shared     buffers       cache   available
Mem:    33564262400 15730950144  5658279936   964005888  2004561920 10170470400 16398286848
Low:    33564262400 27905982464  5658279936
High:             0           0           0
Swap:    4294434816   288620544  4005814272
1670861560.146015287 UTC seconds since epoch
              total        used        free      shared     buffers       cache   available
Mem:    33564262400 15730966528  5649821696   964235264  2004561920 10178912256 16398086144
Low:    33564262400 27914440704  5649821696
High:             0           0           0
Swap:    4294434816   288620544  4005814272
1670861561.154886772 UTC seconds since epoch
              total        used        free      shared     buffers       cache   available
Mem:    33564262400 15731613696  5640790016   964419584  2004561920 10187296768 16396988416
Low:    33564262400 27923472384  5640790016
High:             0           0           0
Swap:    4294434816   288620544  4005814272
1670861562.163758237 UTC seconds since epoch
              total        used        free      shared     buffers       cache   available
Mem:    33564262400 15731773440  5633568768   964816896  2004561920 10194358272 16396427264
Low:    33564262400 27930693632  5633568768
High:             0           0           0
Swap:    4294434816   288620544  4005814272
1670861563.172596401 UTC seconds since epoch
              total        used        free      shared     buffers       cache   available
Mem:    33564262400 15732756480  5619957760   965046272  2004942848 10206605312 16395210752
Low:    33564262400 27944304640  5619957760
High:             0           0           0
Swap:    4294434816   288620544  4005814272
1670861564.179717637 UTC seconds since epoch
              total        used        free      shared     buffers       cache   available
Mem:    33564262400 15746719744  5562855424   965722112  2013040640 10241646592 16380223488
Low:    33564262400 28001406976  5562855424
High:             0           0           0
Swap:    4294434816   288620544  4005814272
1670861565.187822587 UTC seconds since epoch
              total        used        free      shared     buffers       cache   available
Mem:    33564262400 15745241088  5521440768   965951488  2020196352 10277384192 16381710336
Low:    33564262400 28042821632  5521440768
High:             0           0           0
Swap:    4294434816   288620544  4005814272
1670861566.195086964 UTC seconds since epoch
              total        used        free      shared     buffers       cache   available
Mem:    33564262400 15751983104  5476052992   966094848  2026954752 10309271552 16375193600
Low:    33564262400 28088209408  5476052992
High:             0           0           0
Swap:    4294434816   288620544  4005814272
1670861567.202866363 UTC seconds since epoch
              total        used        free      shared     buffers       cache   available
Mem:    33564262400 15752421376  5428002816   966004736  2034782208 10349056000 16374538240
Low:    33564262400 28136259584  5428002816
High:             0           0           0
Swap:    4294434816   288620544  4005814272
1670861568.210139564 UTC seconds since epoch
              total        used        free      shared     buffers       cache   available
Mem:    33564262400 15753211904  5406138368   966049792  2037334016 10367578112 16373706752
Low:    33564262400 28158124032  5406138368
High:             0           0           0
Swap:    4294434816   288620544  4005814272
1670861569.218200125 UTC seconds since epoch
              total        used        free      shared     buffers       cache   available
Mem:    33564262400 15751839744  5365022720   966070272  2044788736 10402611200 16375136256
Low:    33564262400 28199239680  5365022720
High:             0           0           0
Swap:    4294434816   288620544  4005814272
1670861570.227797600 UTC seconds since epoch
              total        used        free      shared     buffers       cache   available
Mem:    33564262400 15753093120  5318758400   966098944  2052206592 10440204288 16373125120
Low:    33564262400 28245504000  5318758400
High:             0           0           0
Swap:    4294434816   288620544  4005814272
1670861571.234120797 UTC seconds since epoch
              total        used        free      shared     buffers       cache   available
Mem:    33564262400 15751876608  5278416896   966893568  2058821632 10475147264 16374444032
Low:    33564262400 28285845504  5278416896
High:             0           0           0
Swap:    4294434816   288620544  4005814272
1670861572.242416742 UTC seconds since epoch
              total        used        free      shared     buffers       cache   available
Mem:    33564262400 15750692864  5228867584   967491584  2067697664 10517004288 16374800384
Low:    33564262400 28335394816  5228867584
High:             0           0           0
Swap:    4294434816   288620544  4005814272
1670861573.250522926 UTC seconds since epoch
              total        used        free      shared     buffers       cache   available
Mem:    33564262400 15754342400  5205499904   967741440  2070577152 10533842944 16371195904
Low:    33564262400 28358762496  5205499904
High:             0           0           0
Swap:    4294434816   288620544  4005814272
1670861574.258628110 UTC seconds since epoch
              total        used        free      shared     buffers       cache   available
Mem:    33564262400 15737765888  5176094720   967811072  2078478336 10571923456 16387006464
Low:    33564262400 28388167680  5176094720
High:             0           0           0
Swap:    4294434816   288620544  4005814272
1670861575.266644465 UTC seconds since epoch
              total        used        free      shared     buffers       cache   available
Mem:    33564262400 15736979456  5132267520   967872512  2086985728 10608029696 16388124672
Low:    33564262400 28431994880  5132267520
High:             0           0           0
Swap:    4294434816   288620544  4005814272
1670861576.275852862 UTC seconds since epoch
              total        used        free      shared     buffers       cache   available
Mem:    33564262400 15735676928  5095997440   967913472  2094481408 10638106624 16388997120
Low:    33564262400 28468264960  5095997440
High:             0           0           0
Swap:    4294434816   288620544  4005814272
1670861577.282637673 UTC seconds since epoch
              total        used        free      shared     buffers       cache   available
Mem:    33564262400 15733366784  5063168000   967979008  2103353344 10664374272 16391589888
Low:    33564262400 28501094400  5063168000
High:             0           0           0
Swap:    4294434816   288620544  4005814272
1670861578.291332900 UTC seconds since epoch
              total        used        free      shared     buffers       cache   available
Mem:    33564262400 15735209984  5049405440   968085504  2104070144 10675576832 16389865472
Low:    33564262400 28514856960  5049405440
High:             0           0           0
Swap:    4294434816   288620544  4005814272
1670861579.298431048 UTC seconds since epoch
              total        used        free      shared     buffers       cache   available
Mem:    33564262400 15736168448  5037248512   968478720  2105212928 10685632512 16388636672
Low:    33564262400 28527013888  5037248512
High:             0           0           0
Swap:    4294434816   288620544  4005814272
1670861580.309728138 UTC seconds since epoch
              total        used        free      shared     buffers       cache   available
Mem:    33564262400 15736852480  5021261824   968548352  2106822656 10699325440 16387620864
Low:    33564262400 28543000576  5021261824
High:             0           0           0
Swap:    4294434816   288620544  4005814272
1670861581.318830793 UTC seconds since epoch
              total        used        free      shared     buffers       cache   available
Mem:    33564262400 15735992320  5003255808   968634368  2110382080 10714632192 16388268032
Low:    33564262400 28561006592  5003255808
High:             0           0           0
Swap:    4294434816   288620544  4005814272
1670861582.326409391 UTC seconds since epoch
              total        used        free      shared     buffers       cache   available
Mem:    33564262400 15735885824  4993966080   968691712  2110959616 10723450880 16388247552
Low:    33564262400 28570296320  4993966080
High:             0           0           0
Swap:    4294434816   288620544  4005814272
1670861583.334143061 UTC seconds since epoch
              total        used        free      shared     buffers       cache   available
Mem:    33564262400 15737131008  4983672832   968822784  2111336448 10732122112 16387252224
Low:    33564262400 28580589568  4983672832
High:             0           0           0
Swap:    4294434816   288620544  4005814272
1670861584.342490910 UTC seconds since epoch
              total        used        free      shared     buffers       cache   available
Mem:    33564262400 15737839616  4974182400   968835072  2112155648 10740084736 16386899968
Low:    33564262400 28590080000  4974182400
High:             0           0           0
Swap:    4294434816   288620544  4005814272
1670861585.350896519 UTC seconds since epoch
              total        used        free      shared     buffers       cache   available
Mem:    33564262400 15737876480  4964175872   968892416  2112868352 10749341696 16386502656
Low:    33564262400 28600086528  4964175872
High:             0           0           0
Swap:    4294434816   288620544  4005814272
1670861586.358442912 UTC seconds since epoch
              total        used        free      shared     buffers       cache   available
Mem:    33564262400 15739334656  4950614016   968953856  2113441792 10760871936 16384733184
Low:    33564262400 28613648384  4950614016
High:             0           0           0
Swap:    4294434816   288620544  4005814272
1670861587.366571349 UTC seconds since epoch
              total        used        free      shared     buffers       cache   available
Mem:    33564262400 15737831424  4936278016   969211904  2117201920 10772951040 16385642496
Low:    33564262400 28627984384  4936278016
High:             0           0           0
Swap:    4294434816   288620544  4005814272
1670861588.374918819 UTC seconds since epoch
              total        used        free      shared     buffers       cache   available
Mem:    33564262400 15740743680  4923719680   969416704  2117603328 10782195712 16382844928
Low:    33564262400 28640542720  4923719680
High:             0           0           0
Swap:    4294434816   288620544  4005814272
1670861589.384272521 UTC seconds since epoch
              total        used        free      shared     buffers       cache   available
Mem:    33564262400 15741161472  4912050176   969441280  2119118848 10791931904 16382345216
Low:    33564262400 28652212224  4912050176
High:             0           0           0
Swap:    4294434816   288620544  4005814272
1670861590.390566620 UTC seconds since epoch
              total        used        free      shared     buffers       cache   available
Mem:    33564262400 15741063168  4902858752   969515008  2119782400 10800558080 16382648320
Low:    33564262400 28661403648  4902858752
High:             0           0           0
Swap:    4294434816   288620544  4005814272
1670861591.398894158 UTC seconds since epoch
              total        used        free      shared     buffers       cache   available
Mem:    33564262400 15741939712  4891566080   969519104  2120716288 10810040320 16381554688
Low:    33564262400 28672696320  4891566080
High:             0           0           0
Swap:    4294434816   288620544  4005814272
1670861592.407133220 UTC seconds since epoch
              total        used        free      shared     buffers       cache   available
Mem:    33564262400 15742050304  4881330176   969576448  2122559488 10818322432 16381681664
Low:    33564262400 28682932224  4881330176
High:             0           0           0
Swap:    4294434816   288620544  4005814272
1670861593.414541007 UTC seconds since epoch
              total        used        free      shared     buffers       cache   available
Mem:    33564262400 15744581632  4858191872   969596928  2127122432 10834366464 16378183680
Low:    33564262400 28706070528  4858191872
High:             0           0           0
Swap:    4294434816   288620544  4005814272
1670861594.422483720 UTC seconds since epoch
              total        used        free      shared     buffers       cache   available
Mem:    33564262400 15746031616  4811456512   970088448  2135003136 10871771136 16377126912
Low:    33564262400 28752805888  4811456512
High:             0           0           0
Swap:    4294434816   288620544  4005814272
1670861595.430429726 UTC seconds since epoch
              total        used        free      shared     buffers       cache   available
Mem:    33564262400 15745544192  4778512384   970330112  2140295168 10899910656 16377090048
Low:    33564262400 28785750016  4778512384
High:             0           0           0
Swap:    4294434816   288620544  4005814272
1670861596.439112283 UTC seconds since epoch
              total        used        free      shared     buffers       cache   available
Mem:    33564262400 15758954496  4587106304  1103519744  2148560896 11069640704 16228986880
Low:    33564262400 28977156096  4587106304
High:             0           0           0
Swap:    4294434816   288620544  4005814272
1670861597.446985664 UTC seconds since epoch
              total        used        free      shared     buffers       cache   available
Mem:    33564262400 15829987328  3812093952  1770012672  2155941888 11766239232 15492730880
Low:    33564262400 29752168448  3812093952
High:             0           0           0
Swap:    4294434816   288620544  4005814272
1670861598.454430695 UTC seconds since epoch
              total        used        free      shared     buffers       cache   available
Mem:    33564262400 15867895808  3401789440  2104680448  2162925568 12131651584 15119380480
Low:    33564262400 30162472960  3401789440
High:             0           0           0
Swap:    4294434816   288620544  4005814272
1670861599.462455286 UTC seconds since epoch
              total        used        free      shared     buffers       cache   available
Mem:    33564262400 15868186624  3383255040  2105798656  2165338112 12147482624 15118942208
Low:    33564262400 30181007360  3383255040
High:             0           0           0
Swap:    4294434816   288620544  4005814272
1670861600.470579489 UTC seconds since epoch
              total        used        free      shared     buffers       cache   available
Mem:    33564262400 15870103552  3333922816  2106339328  2173464576 12186771456 15115907072
Low:    33564262400 30230339584  3333922816
High:             0           0           0
Swap:    4294434816   288620544  4005814272
1670861601.478544358 UTC seconds since epoch
              total        used        free      shared     buffers       cache   available
Mem:    33564262400 15871090688  3285667840  2106753024  2181640192 12225863680 15115091968
Low:    33564262400 30278594560  3285667840
High:             0           0           0
Swap:    4294434816   288620544  4005814272
1670861602.486506772 UTC seconds since epoch
              total        used        free      shared     buffers       cache   available
Mem:    33564262400 15872606208  3242000384  2106949632  2189504512 12260151296 15113752576
Low:    33564262400 30322262016  3242000384
High:             0           0           0
Swap:    4294434816   288620544  4005814272
1670861603.494165041 UTC seconds since epoch
              total        used        free      shared     buffers       cache   available
Mem:    33564262400 15872856064  3196813312  2107469824  2196762624 12297830400 15112044544
Low:    33564262400 30367449088  3196813312
High:             0           0           0
Swap:    4294434816   288620544  4005814272
1670861604.502509240 UTC seconds since epoch
              total        used        free      shared     buffers       cache   available
Mem:    33564262400 15856693248  3196223488  2110820352  2198315008 12313030656 15125712896
Low:    33564262400 30368038912  3196223488
High:             0           0           0
Swap:    4294434816   288620544  4005814272
1670861605.511079009 UTC seconds since epoch
              total        used        free      shared     buffers       cache   available
Mem:    33564262400 15857459200  3148369920  2111393792  2206277632 12352155648 15124078592
Low:    33564262400 30415892480  3148369920
High:             0           0           0
Swap:    4294434816   288620544  4005814272
1670861606.518374211 UTC seconds since epoch
              total        used        free      shared     buffers       cache   available
Mem:    33564262400 15857881088  3103727616  2111840256  2214166528 12388487168 15123533824
Low:    33564262400 30460534784  3103727616
High:             0           0           0
Swap:    4294434816   288620544  4005814272
1670861607.526426577 UTC seconds since epoch
              total        used        free      shared     buffers       cache   available
Mem:    33564262400 15860219904  3056619520  2112319488  2222182400 12425240576 15120711680
Low:    33564262400 30507642880  3056619520
High:             0           0           0
Swap:    4294434816   288620544  4005814272
1670861608.534388467 UTC seconds since epoch
              total        used        free      shared     buffers       cache   available
Mem:    33564262400 15860146176  3008565248  2112331776  2231005184 12464545792 15120838656
Low:    33564262400 30555697152  3008565248
High:             0           0           0
Swap:    4294434816   288620544  4005814272
1670861609.542246722 UTC seconds since epoch
              total        used        free      shared     buffers       cache   available
Mem:    33564262400 15860367360  2989268992  2112372736  2233516032 12481110016 15120531456
Low:    33564262400 30574993408  2989268992
High:             0           0           0
Swap:    4294434816   288620544  4005814272
1670861610.550818490 UTC seconds since epoch
              total        used        free      shared     buffers       cache   available
Mem:    33564262400 15860871168  2949185536  2113646592  2239631360 12514574336 15118757888
Low:    33564262400 30615076864  2949185536
High:             0           0           0
Swap:    4294434816   288620544  4005814272
1670861611.558463856 UTC seconds since epoch
              total        used        free      shared     buffers       cache   available
Mem:    33564262400 15860940800  2939895808  2113994752  2240413696 12523012096 15118278656
Low:    33564262400 30624366592  2939895808
High:             0           0           0
Swap:    4294434816   288620544  4005814272
1670861612.566240576 UTC seconds since epoch
              total        used        free      shared     buffers       cache   available
Mem:    33564262400 15861440512  2931638272  2114027520  2240421888 12530761728 15117836288
Low:    33564262400 30632624128  2931638272
High:             0           0           0
Swap:    4294434816   288620544  4005814272
1670861613.575306900 UTC seconds since epoch
              total        used        free      shared     buffers       cache   available
Mem:    33564262400 15862730752  2918518784  2114572288  2240700416 12542312448 15115972608
Low:    33564262400 30645743616  2918518784
High:             0           0           0
Swap:    4294434816   288620544  4005814272
1670861614.582096642 UTC seconds since epoch
              total        used        free      shared     buffers       cache   available
Mem:    33564262400 15863672832  2905112576  2114781184  2242187264 12553289728 15114805248
Low:    33564262400 30659149824  2905112576
High:             0           0           0
Swap:    4294434816   288620544  4005814272
1670861615.590650138 UTC seconds since epoch
              total        used        free      shared     buffers       cache   available
Mem:    33564262400 15865020416  2886823936  2115108864  2243940352 12568477696 15113150464
Low:    33564262400 30677438464  2886823936
High:             0           0           0
Swap:    4294434816   288620544  4005814272
1670861616.599195683 UTC seconds since epoch
              total        used        free      shared     buffers       cache   available
Mem:    33564262400 15865483264  2856230912  2115440640  2248577024 12593971200 15112228864
Low:    33564262400 30708031488  2856230912
High:             0           0           0
Swap:    4294434816   288620544  4005814272
1670861617.606399785 UTC seconds since epoch
              total        used        free      shared     buffers       cache   available
Mem:    33564262400 15864655872  2806685696  2115665920  2258276352 12634644480 15112933376
Low:    33564262400 30757576704  2806685696
High:             0           0           0
Swap:    4294434816   288620544  4005814272
1670861618.614673663 UTC seconds since epoch
              total        used        free      shared     buffers       cache   available
Mem:    33564262400 15868592128  2744238080  2122850304  2267963392 12683468800 15101861888
Low:    33564262400 30820024320  2744238080
High:             0           0           0
Swap:    4294434816   288620544  4005814272
1670861619.622250038 UTC seconds since epoch
              total        used        free      shared     buffers       cache   available
Mem:    33564262400 15868096512  2718273536  2123046912  2272645120 12705247232 15102103552
Low:    33564262400 30845988864  2718273536
High:             0           0           0
Swap:    4294434816   288620544  4005814272
1670861620.630396484 UTC seconds since epoch
              total        used        free      shared     buffers       cache   available
Mem:    33564262400 15870492672  2682204160  2123153408  2278072320 12733493248 15099535360
Low:    33564262400 30882058240  2682204160
High:             0           0           0
Swap:    4294434816   288620544  4005814272
1670861621.638246564 UTC seconds since epoch
              total        used        free      shared     buffers       cache   available
Mem:    33564262400 15870627840  2659065856  2123186176  2284134400 12750434304 15099088896
Low:    33564262400 30905196544  2659065856
High:             0           0           0
Swap:    4294434816   288620544  4005814272
1670861622.646794925 UTC seconds since epoch
              total        used        free      shared     buffers       cache   available
Mem:    33564262400 15870664704  2646913024  2123378688  2285867008 12760817664 15099150336
Low:    33564262400 30917349376  2646913024
High:             0           0           0
Swap:    4294434816   288620544  4005814272
1670861623.654359240 UTC seconds since epoch
              total        used        free      shared     buffers       cache   available
Mem:    33564262400 15872020480  2631487488  2129391616  2286911488 12773842944 15091806208
Low:    33564262400 30932774912  2631487488
High:             0           0           0
Swap:    4294434816   288620544  4005814272
1670861624.662282137 UTC seconds since epoch
              total        used        free      shared     buffers       cache   available
Mem:    33564262400 15871717376  2622812160  2129641472  2287558656 12782174208 15091834880
Low:    33564262400 30941450240  2622812160
High:             0           0           0
Swap:    4294434816   288620544  4005814272
1670861625.670758642 UTC seconds since epoch
              total        used        free      shared     buffers       cache   available
Mem:    33564262400 15871336448  2607431680  2130096128  2291286016 12794208256 15092121600
Low:    33564262400 30956830720  2607431680
High:             0           0           0
Swap:    4294434816   288620544  4005814272
1670861626.679529376 UTC seconds since epoch
              total        used        free      shared     buffers       cache   available
Mem:    33564262400 15871520768  2598285312  2130214912  2292273152 12802183168 15091531776
Low:    33564262400 30965977088  2598285312
High:             0           0           0
Swap:    4294434816   288620544  4005814272
1670861627.686044121 UTC seconds since epoch
              total        used        free      shared     buffers       cache   available
Mem:    33564262400 15872786432  2590617600  2130464768  2292625408 12808232960 15089963008
Low:    33564262400 30973644800  2590617600
High:             0           0           0
Swap:    4294434816   288620544  4005814272
1670861628.694357669 UTC seconds since epoch
              total        used        free      shared     buffers       cache   available
Mem:    33564262400 15872487424  2583478272  2130518016  2293161984 12815134720 15090282496
Low:    33564262400 30980784128  2583478272
High:             0           0           0
Swap:    4294434816   288620544  4005814272
1670861629.702255984 UTC seconds since epoch
              total        used        free      shared     buffers       cache   available
Mem:    33564262400 15872507904  2572869632  2130612224  2294259712 12824625152 15089696768
Low:    33564262400 30991392768  2572869632
High:             0           0           0
Swap:    4294434816   288620544  4005814272
1670861630.710522171 UTC seconds since epoch
              total        used        free      shared     buffers       cache   available
Mem:    33564262400 15874244608  2563293184  2131288064  2294915072 12831809536 15087759360
Low:    33564262400 31000969216  2563293184
High:             0           0           0
Swap:    4294434816   288620544  4005814272
1670861631.719028414 UTC seconds since epoch
              total        used        free      shared     buffers       cache   available
Mem:    33564262400 15874715648  2544513024  2142720000  2295132160 12849901568 15075586048
Low:    33564262400 31019749376  2544513024
High:             0           0           0
Swap:    4294434816   288620544  4005814272
1670861632.726248974 UTC seconds since epoch
              total        used        free      shared     buffers       cache   available
Mem:    33564262400 15874637824  2537287680  2143145984  2295808000 12856528896 15075213312
Low:    33564262400 31026974720  2537287680
High:             0           0           0
Swap:    4294434816   288620544  4005814272
1670861633.734352895 UTC seconds since epoch
              total        used        free      shared     buffers       cache   available
Mem:    33564262400 15883571200  2522005504  2143391744  2296532992 12862152704 15066034176
Low:    33564262400 31042256896  2522005504
High:             0           0           0
Swap:    4294434816   288620544  4005814272
1670861634.742343163 UTC seconds since epoch
              total        used        free      shared     buffers       cache   available
Mem:    33564262400 15885041664  2514841600  2143420416  2296786944 12867592192 15064825856
Low:    33564262400 31049420800  2514841600
High:             0           0           0
Swap:    4294434816   288620544  4005814272
1670861635.752927536 UTC seconds since epoch
              total        used        free      shared     buffers       cache   available
Mem:    33564262400 15879254016  2513375232  2144546816  2297221120 12874412032 15069126656
Low:    33564262400 31050887168  2513375232
High:             0           0           0
Swap:    4294434816   288620544  4005814272
1670861636.758384332 UTC seconds since epoch
              total        used        free      shared     buffers       cache   available
Mem:    33564262400 15879405568  2505719808  2144702464  2298228736 12880908288 15069102080
Low:    33564262400 31058542592  2505719808
High:             0           0           0
Swap:    4294434816   288620544  4005814272
1670861637.766598324 UTC seconds since epoch
              total        used        free      shared     buffers       cache   available
Mem:    33564262400 15878549504  2497146880  2145226752  2299916288 12888649728 15069409280
Low:    33564262400 31067115520  2497146880
High:             0           0           0
Swap:    4294434816   288620544  4005814272
1670861638.774791433 UTC seconds since epoch
              total        used        free      shared     buffers       cache   available
Mem:    33564262400 15877865472  2484817920  2145329152  2301829120 12899749888 15069822976
Low:    33564262400 31079444480  2484817920
High:             0           0           0
Swap:    4294434816   288620544  4005814272
1670861639.782118733 UTC seconds since epoch
              total        used        free      shared     buffers       cache   available
Mem:    33564262400 15880396800  2474151936  2145337344  2302414848 12907298816 15067414528
Low:    33564262400 31090110464  2474151936
High:             0           0           0
Swap:    4294434816   288620544  4005814272
1670861640.790551817 UTC seconds since epoch
              total        used        free      shared     buffers       cache   available
Mem:    33564262400 15880024064  2459684864  2145439744  2306322432 12918231040 15068020736
Low:    33564262400 31104577536  2459684864
High:             0           0           0
Swap:    4294434816   288620544  4005814272
1670861641.798152018 UTC seconds since epoch
              total        used        free      shared     buffers       cache   available
Mem:    33564262400 15880257536  2441105408  2145509376  2312302592 12930596864 15067242496
Low:    33564262400 31123156992  2441105408
High:             0           0           0
Swap:    4294434816   288620544  4005814272
1670861642.806350894 UTC seconds since epoch
              total        used        free      shared     buffers       cache   available
Mem:    33564262400 15882235904  2433105920  2145579008  2312699904 12936220672 15065763840
Low:    33564262400 31131156480  2433105920
High:             0           0           0
Swap:    4294434816   288620544  4005814272
1670861643.814522341 UTC seconds since epoch
              total        used        free      shared     buffers       cache   available
Mem:    33564262400 15881224192  2418180096  2153758720  2313093120 12951764992 15058325504
Low:    33564262400 31146082304  2418180096
High:             0           0           0
Swap:    4294434816   288620544  4005814272
1670861644.822020373 UTC seconds since epoch
              total        used        free      shared     buffers       cache   available
Mem:    33564262400 15882629120  2410725376  2153975808  2313412608 12957495296 15056302080
Low:    33564262400 31153537024  2410725376
High:             0           0           0
Swap:    4294434816   288620544  4005814272
1670861645.830127014 UTC seconds since epoch
              total        used        free      shared     buffers       cache   available
Mem:    33564262400 15881240576  2395299840  2163941376  2314412032 12973309952 15048122368
Low:    33564262400 31168962560  2395299840
High:             0           0           0
Swap:    4294434816   288620544  4005814272
1670861646.838282839 UTC seconds since epoch
              total        used        free      shared     buffers       cache   available
Mem:    33564262400 15882571776  2386051072  2163978240  2316144640 12979494912 15046672384
Low:    33564262400 31178211328  2386051072
High:             0           0           0
Swap:    4294434816   288620544  4005814272
1670861647.846424732 UTC seconds since epoch
              total        used        free      shared     buffers       cache   available
Mem:    33564262400 15881691136  2379153408  2164178944  2316840960 12986576896 15047057408
Low:    33564262400 31185108992  2379153408
High:             0           0           0
Swap:    4294434816   288620544  4005814272
1670861648.854931762 UTC seconds since epoch
              total        used        free      shared     buffers       cache   available
Mem:    33564262400 15883501568  2370334720  2164224000  2317373440 12993052672 15045554176
Low:    33564262400 31193927680  2370334720
High:             0           0           0
Swap:    4294434816   288620544  4005814272
1670861649.862420143 UTC seconds since epoch
              total        used        free      shared     buffers       cache   available
Mem:    33564262400 15884791808  2361360384  2164514816  2318098432 13000011776 15043354624
Low:    33564262400 31202902016  2361360384
High:             0           0           0
Swap:    4294434816   288620544  4005814272
1670861650.870383255 UTC seconds since epoch
              total        used        free      shared     buffers       cache   available
Mem:    33564262400 15886766080  2352328704  2164674560  2318307328 13006860288 15041892352
Low:    33564262400 31211933696  2352328704
High:             0           0           0
Swap:    4294434816   288620544  4005814272
1670861651.880407857 UTC seconds since epoch
              total        used        free      shared     buffers       cache   available
Mem:    33564262400 15886585856  2346135552  2164887552  2318450688 13013090304 15041454080
Low:    33564262400 31218126848  2346135552
High:             0           0           0
Swap:    4294434816   288620544  4005814272
1670861652.886502300 UTC seconds since epoch
              total        used        free      shared     buffers       cache   available
Mem:    33564262400 15887781888  2339467264  2165215232  2318761984 13018251264 15040258048
Low:    33564262400 31224795136  2339467264
High:             0           0           0
Swap:    4294434816   288620544  4005814272
1670861653.894631096 UTC seconds since epoch
              total        used        free      shared     buffers       cache   available
Mem:    33564262400 15888044032  2333274112  2165272576  2318905344 13024038912 15039934464
Low:    33564262400 31230988288  2333274112
High:             0           0           0
Swap:    4294434816   288620544  4005814272
1670861654.903960651 UTC seconds since epoch
              total        used        free      shared     buffers       cache   available
Mem:    33564262400 15888809984  2327080960  2165485568  2318938112 13029433344 15038963712
Low:    33564262400 31237181440  2327080960
High:             0           0           0
Swap:    4294434816   288620544  4005814272
1670861655.910410152 UTC seconds since epoch
              total        used        free      shared     buffers       cache   available
Mem:    33564262400 15882678272  2327318528  2165604352  2319437824 13034827776 15045005312
Low:    33564262400 31236943872  2327318528
High:             0           0           0
Swap:    4294434816   288620544  4005814272
1670861656.918398526 UTC seconds since epoch
              total        used        free      shared     buffers       cache   available
Mem:    33564262400 15884136448  2315853824  2165649408  2322145280 13042126848 15043760128
Low:    33564262400 31248408576  2315853824
High:             0           0           0
Swap:    4294434816   288620544  4005814272
1670861657.926265723 UTC seconds since epoch
              total        used        free      shared     buffers       cache   available
Mem:    33564262400 15882313728  2305818624  2165968896  2323656704 13052473344 15044956160
Low:    33564262400 31258443776  2305818624
High:             0           0           0
Swap:    4294434816   288620544  4005814272
1670861658.935291853 UTC seconds since epoch
              total        used        free      shared     buffers       cache   available
Mem:    33564262400 15883907072  2288140288  2166018048  2326745088 13065469952 15043567616
Low:    33564262400 31276122112  2288140288
High:             0           0           0
Swap:    4294434816   288620544  4005814272
1670861659.946214505 UTC seconds since epoch
              total        used        free      shared     buffers       cache   available
Mem:    33564262400 15881814016  2275823616  2166304768  2329899008 13076725760 15044485120
Low:    33564262400 31288438784  2275823616
High:             0           0           0
Swap:    4294434816   288620544  4005814272
1670861660.955280237 UTC seconds since epoch
              total        used        free      shared     buffers       cache   available
Mem:    33564262400 15835049984  2311651328  2166374400  2333044736 13084516352 15091912704
Low:    33564262400 31252611072  2311651328
High:             0           0           0
Swap:    4294434816   288620544  4005814272
1670861661.962368182 UTC seconds since epoch
              total        used        free      shared     buffers       cache   available
Mem:    33564262400 15836250112  2302107648  2166378496  2335358976 13090545664 15090593792
Low:    33564262400 31262154752  2302107648
High:             0           0           0
Swap:    4294434816   288620544  4005814272
1670861662.970466996 UTC seconds since epoch
              total        used        free      shared     buffers       cache   available
Mem:    33564262400 15828353024  2303602688  2166677504  2335805440 13096501248 15098281984
Low:    33564262400 31260659712  2303602688
High:             0           0           0
Swap:    4294434816   288620544  4005814272
1670861663.978368845 UTC seconds since epoch
              total        used        free      shared     buffers       cache   available
Mem:    33564262400 15817687040  2307543040  2166714368  2335973376 13103058944 15108939776
Low:    33564262400 31256719360  2307543040
High:             0           0           0
Swap:    4294434816   288620544  4005814272
1670861664.986695782 UTC seconds since epoch
              total        used        free      shared     buffers       cache   available
Mem:    33564262400 15816663040  2277326848  2192580608  2336034816 13134237696 15084072960
Low:    33564262400 31286935552  2277326848
High:             0           0           0
Swap:    4294434816   288620544  4005814272
1670861665.995556169 UTC seconds since epoch
              total        used        free      shared     buffers       cache   available
Mem:    33564262400 15825944576  2262102016  2192650240  2336051200 13140164608 15074713600
Low:    33564262400 31302160384  2262102016
High:             0           0           0
Swap:    4294434816   288620544  4005814272
1670861667.002597063 UTC seconds since epoch
              total        used        free      shared     buffers       cache   available
Mem:    33564262400 15826771968  2255941632  2192695296  2336055296 13145493504 15073816576
Low:    33564262400 31308320768  2255941632
High:             0           0           0
Swap:    4294434816   288620544  4005814272
1670861668.011147249 UTC seconds since epoch
              total        used        free      shared     buffers       cache   available
Mem:    33564262400 15827599360  2250006528  2192977920  2336055296 13150601216 15072751616
Low:    33564262400 31314255872  2250006528
High:             0           0           0
Swap:    4294434816   288620544  4005814272
1670861669.018833607 UTC seconds since epoch
              total        used        free      shared     buffers       cache   available
Mem:    33564262400 15835189248  2232463360  2192973824  2336055296 13160554496 15065153536
Low:    33564262400 31331799040  2232463360
High:             0           0           0
Swap:    4294434816   288620544  4005814272
1670861670.026470157 UTC seconds since epoch
              total        used        free      shared     buffers       cache   available
Mem:    33564262400 15834406912  2227576832  2193121280  2336059392 13166219264 15065681920
Low:    33564262400 31336685568  2227576832
High:             0           0           0
Swap:    4294434816   288620544  4005814272
1670861671.034364578 UTC seconds since epoch
              total        used        free      shared     buffers       cache   available
Mem:    33564262400 15834345472  2221899776  2193219584  2336067584 13171949568 15065759744
Low:    33564262400 31342362624  2221899776
High:             0           0           0
Swap:    4294434816   288620544  4005814272
1670861672.042219261 UTC seconds since epoch
              total        used        free      shared     buffers       cache   available
Mem:    33564262400 15835160576  2214944768  2193326080  2336067584 13178089472 15064870912
Low:    33564262400 31349317632  2214944768
High:             0           0           0
Swap:    4294434816   288620544  4005814272
1670861673.050300647 UTC seconds since epoch
              total        used        free      shared     buffers       cache   available
Mem:    33564262400 15797837824  2252439552  2188681216  2336071680 13177913344 15107403776
Low:    33564262400 31311822848  2252439552
High:             0           0           0
Swap:    4294434816   288620544  4005814272
1670861674.059480587 UTC seconds since epoch
              total        used        free      shared     buffers       cache   available
Mem:    33564262400 15796076544  2250080256  2186895360  2336075776 13182029824 15110684672
Low:    33564262400 31314182144  2250080256
High:             0           0           0
Swap:    4294434816   288620544  4005814272
1670861675.066288068 UTC seconds since epoch
              total        used        free      shared     buffers       cache   available
Mem:    33564262400 15789809664  2252050432  2184732672  2336092160 13186310144 15118704640
Low:    33564262400 31312211968  2252050432
High:             0           0           0
Swap:    4294434816   288620544  4005814272
1670861676.074594353 UTC seconds since epoch
              total        used        free      shared     buffers       cache   available
Mem:    33564262400 15748407296  2297696256  2176536576  2336100352 13182058496 15169298432
Low:    33564262400 31266566144  2297696256
High:             0           0           0
Swap:    4294434816   288620544  4005814272
1670861677.082179766 UTC seconds since epoch
              total        used        free      shared     buffers       cache   available
Mem:    33564262400 15745179648  2296676352  2174451712  2336100352 13186306048 15173726208
Low:    33564262400 31267586048  2296676352
High:             0           0           0
Swap:    4294434816   288620544  4005814272
