2022-12-12 16:09:24 1670861364.221774 [tornettools] [INFO] Logging system initialized! Logging events to stdout and to '/tordata/tornettools/experiment0-0.0001/tornettools.generate.2022-12-12.16.09.24.log'
2022-12-12 16:09:24 1670861364.221985 [tornettools] [INFO] Seeded standard and numpy PRNGs with seed=1895358219
2022-12-12 16:09:24 1670861364.222059 [tornettools] [INFO] The argument namespace is: Namespace(atlas_path=None, command='generate', do_trace=False, do_version=False, events_csv='BW,CIRC', exit_user_scale=1.0, formatter_class=<class '__main__.CustomHelpFormatter'>, func=<function generate at 0x7f4a5e6f8f80>, geoip_path=None, load_scale=1.0, network_info_path='/tordata/tornettools/networkinfo_staging.gml', network_scale=0.0001, nprocesses=12, onion_service_user_scale=0.0, prefix='/tordata/tornettools/experiment0-0.0001', process_scale=0.01, quiet=0, relay_info_path='/tordata/tornettools/relayinfo_staging_2020-11-01--2020-11-30.json', seed=1895358219, server_scale=0.1, tmodel_git_path='/tordata/tornettools/tmodel-ccs2018.github.io', torexe='/usr/local/bin/tor', torgencertexe='/usr/local/bin/tor-gencert', torperf_num_exit=100, torperf_num_onion_service=0, user_info_path='/tordata/tornettools/userinfo_staging_2020-11-01--2020-11-30.json')
2022-12-12 16:09:24 1670861364.222383 [tornettools] [INFO] The platform is: Linux-6.0.6-76060006-generic-x86_64-with-Ubuntu-20.04-focal
2022-12-12 16:09:24 1670861364.222438 [tornettools] [INFO] System info: uname_result(system='Linux', node='ed0136652b2f', release='6.0.6-76060006-generic', version='#202210290932~1669062050~22.04~d94609a SMP PREEMPT_DYNAMIC Mon N', machine='x86_64', processor='x86_64')
2022-12-12 16:09:24 1670861364.327961 [tornettools] [INFO] Generating network using tor and tor-gencert at /usr/local/bin/tor and /usr/local/bin/tor-gencert
2022-12-12 16:09:24 1670861364.328092 [tornettools] [INFO] Copying atlas topology file (use the '-a/--atlas' option to disable)
2022-12-12 16:09:24 1670861364.349695 [tornettools] [INFO] Reading staged network info /tordata/tornettools/networkinfo_staging.gml
2022-12-12 16:09:24 1670861364.563120 [tornettools] [INFO] Finished reading staged network info
2022-12-12 16:09:24 1670861364.563218 [tornettools] [INFO] Sampling Tor relays now
2022-12-12 16:09:24 1670861364.955836 [tornettools] [INFO] A full Tor network has 6746 relays with total capacity of 662.2159675920001 Gbit/s
2022-12-12 16:09:24 1670861364.963551 [tornettools] [INFO] Bandwidth-weights (relevant ones) of a typical consensus:
2022-12-12 16:09:24 1670861364.963614 [tornettools] [INFO] Casename: Case 3a (E scarce), with: Wgg=6286.734142299463, Wgd=0, Wee=10000, Wed=10000, Wmg=3713.2658577005363, Wme=0, Wmd=0
2022-12-12 16:09:24 1670861364.963664 [tornettools] [INFO] 1 relays: relative position weights:
2022-12-12 16:09:24 1670861364.963707 [tornettools] [INFO] g: chosen=0.31817572113541404, target=0.5432983789687604, diff=-0.2251226578333464
2022-12-12 16:09:24 1670861364.963744 [tornettools] [INFO] e: chosen=0.12657021739217506, target=0.04242267930828674, diff=0.0841475380838883
2022-12-12 16:09:24 1670861364.963777 [tornettools] [INFO] ge: chosen=0.5378120254266826, target=0.2744628269879385, diff=0.2633491984387441
2022-12-12 16:09:24 1670861364.963807 [tornettools] [INFO] m: chosen=0.017442036045728276, target=0.13981611473501135, diff=-0.12237407868928307
2022-12-12 16:09:24 1670861364.963838 [tornettools] [INFO] The max weight divergence between positions is 0.2633491984387441
2022-12-12 16:09:24 1670861364.963875 [tornettools] [INFO] Renormalizing weights for scaled network using total weight=0.0004432102821117168
2022-12-12 16:09:24 1670861364.963940 [tornettools] [INFO] Bandwidth-weights (relevant ones) of our scaled down consensus of 4 relays:
2022-12-12 16:09:24 1670861364.963979 [tornettools] [INFO] Casename: Case 2b2 (Wgg=weightscale, Wee=weightscale), with: Wgg=10000, Wgd=281.8384766665222, Wee=10000, Wed=3844.5238515654078, Wmg=0, Wme=0, Wmd=5873.6376717680705
2022-12-12 16:09:24 1670861364.964146 [tornettools] [INFO] Chose 4 of 6746 relays using scale factor 0.0001
2022-12-12 16:09:24 1670861364.966331 [tornettools] [INFO] Generating Tor key material now, this may take awhile...
2022-12-12 16:09:25 1670861365.183742 [tornettools] [INFO] Generated fingerprints and keys for 7 Tor nodes (3 authorities and 4 relays)
2022-12-12 16:09:25 1670861365.866168 [tornettools] [INFO] Generating Clients
2022-12-12 16:09:25 1670861365.874483 [tornettools] [INFO] Privcount measurements scaled to 111 Tor users, 79 active and 27 inactive
2022-12-12 16:09:25 1670861365.874537 [tornettools] [INFO] Privcount measurements scaled to 288 exit circuits, 149 active and 133 inactive
2022-12-12 16:09:25 1670861365.878918 [tornettools] [INFO] We will use 75 TGen client processes to emulate 75.05 Tor exit users and create 150 exit circuits every 10 minutes in aggregate
2022-12-12 16:09:25 1670861365.878988 [tornettools] [INFO] We will use 0 TGen client processes to emulate 0.0 Tor onion-service users and create 0 onion-service circuits every 10 minutes in aggregate
2022-12-12 16:09:25 1670861365.880296 [tornettools] [INFO] We will use 100 exit perf nodes to benchmark Tor exit performance
2022-12-12 16:09:25 1670861365.880347 [tornettools] [INFO] We will use 0 onion-service perf nodes to benchmark Tor onion-service performance
2022-12-12 16:09:25 1670861365.880383 [tornettools] [INFO] Generating Servers
2022-12-12 16:09:25 1670861365.885950 [tornettools] [DEBUG] System call: /usr/local/bin/tor --version (runtime: 0.00)
2022-12-12 16:09:26 1670861366.039821 [tornettools] [DEBUG] GETCONF __owningcontrollerprocess (runtime: 0.0001)
2022-12-12 16:09:26 1670861366.041014 [tornettools] [DEBUG] RESETCONF __OwningControllerProcess (runtime: 0.0010)
2022-12-12 16:09:26 1670861366.041202 [tornettools] [DEBUG] GETINFO version (runtime: 0.0001)
2022-12-12 16:09:26 1670861366.041589 [tornettools] [INFO] Error while receiving a control message (SocketClosed): received exception "read of closed file"
2022-12-12 16:09:26 1670861366.043718 [tornettools] [INFO] We will use 8 TGen exit servers and 0 TGen onion-service servers to serve 75 TGen exit clients and 0 TGen onion-service clients
2022-12-12 16:09:26 1670861366.043895 [tornettools] [INFO] Generating Tor configuration files
2022-12-12 16:09:26 1670861366.060802 [tornettools] [INFO] Generating TGen configuration files
2022-12-12 16:09:26 1670861366.094121 [tornettools] [INFO] Constructing Shadow config YAML file
