2022-12-07 16:07:14 1670429234.247741 [tornettools] [INFO] Logging system initialized! Logging events to stdout and to '/tordata/tornettools/experiment0-0.0001/tornettools.generate.2022-12-07.16.07.14.log'
2022-12-07 16:07:14 1670429234.247858 [tornettools] [INFO] Seeded standard and numpy PRNGs with seed=1014801386
2022-12-07 16:07:14 1670429234.247918 [tornettools] [INFO] The argument namespace is: Namespace(atlas_path=None, command='generate', do_trace=False, do_version=False, events_csv='BW,CIRC', exit_user_scale=1.0, formatter_class=<class '__main__.CustomHelpFormatter'>, func=<function generate at 0x7f6f06be7f80>, geoip_path=None, load_scale=1.0, network_info_path='/tordata/tornettools/networkinfo_staging.gml', network_scale=0.0001, nprocesses=12, onion_service_user_scale=0.0, prefix='/tordata/tornettools/experiment0-0.0001', process_scale=0.01, quiet=0, relay_info_path='/tordata/tornettools/relayinfo_staging_2020-11-01--2020-11-30.json', seed=1014801386, server_scale=0.1, tmodel_git_path='/tordata/tornettools/tmodel-ccs2018.github.io', torexe='/usr/local/bin/tor', torgencertexe='/usr/local/bin/tor-gencert', torperf_num_exit=100, torperf_num_onion_service=0, user_info_path='/tordata/tornettools/userinfo_staging_2020-11-01--2020-11-30.json')
2022-12-07 16:07:14 1670429234.248157 [tornettools] [INFO] The platform is: Linux-6.0.6-76060006-generic-x86_64-with-Ubuntu-20.04-focal
2022-12-07 16:07:14 1670429234.248221 [tornettools] [INFO] System info: uname_result(system='Linux', node='551983fa3dcd', release='6.0.6-76060006-generic', version='#202210290932~1669062050~22.04~d94609a SMP PREEMPT_DYNAMIC Mon N', machine='x86_64', processor='x86_64')
2022-12-07 16:07:14 1670429234.346141 [tornettools] [INFO] Generating network using tor and tor-gencert at /usr/local/bin/tor and /usr/local/bin/tor-gencert
2022-12-07 16:07:14 1670429234.346327 [tornettools] [INFO] Copying atlas topology file (use the '-a/--atlas' option to disable)
2022-12-07 16:07:14 1670429234.391122 [tornettools] [INFO] Reading staged network info /tordata/tornettools/networkinfo_staging.gml
2022-12-07 16:07:14 1670429234.610419 [tornettools] [INFO] Finished reading staged network info
2022-12-07 16:07:14 1670429234.610530 [tornettools] [INFO] Sampling Tor relays now
2022-12-07 16:07:15 1670429235.014838 [tornettools] [INFO] A full Tor network has 6746 relays with total capacity of 663.884413176 Gbit/s
2022-12-07 16:07:15 1670429235.024638 [tornettools] [INFO] Bandwidth-weights (relevant ones) of a typical consensus:
2022-12-07 16:07:15 1670429235.024748 [tornettools] [INFO] Casename: Case 3a (E scarce), with: Wgg=6313.391140903699, Wgd=0, Wee=10000, Wed=10000, Wmg=3686.6088590963013, Wme=0, Wmd=0
2022-12-07 16:07:15 1670429235.024793 [tornettools] [INFO] 1 relays: relative position weights:
2022-12-07 16:07:15 1670429235.024825 [tornettools] [INFO] g: chosen=0.3170862000571504, target=0.5419135739814683, diff=-0.22482737392431795
2022-12-07 16:07:15 1670429235.024854 [tornettools] [INFO] e: chosen=0.13676327406980093, target=0.04127605445396871, diff=0.09548721961583223
2022-12-07 16:07:15 1670429235.024882 [tornettools] [INFO] ge: chosen=0.5280578134711863, target=0.27446147412401867, diff=0.25359633934716763
2022-12-07 16:07:15 1670429235.024910 [tornettools] [INFO] m: chosen=0.0180927124018625, target=0.14234889744054435, diff=-0.12425618503868185
2022-12-07 16:07:15 1670429235.024937 [tornettools] [INFO] The max weight divergence between positions is 0.25359633934716763
2022-12-07 16:07:15 1670429235.024967 [tornettools] [INFO] Renormalizing weights for scaled network using total weight=0.00044135584137141914
2022-12-07 16:07:15 1670429235.025020 [tornettools] [INFO] Bandwidth-weights (relevant ones) of our scaled down consensus of 4 relays:
2022-12-07 16:07:15 1670429235.025064 [tornettools] [INFO] Casename: Case 2b2 (Wgg=weightscale, Wee=weightscale), with: Wgg=10000, Wgd=307.67716832712995, Wee=10000, Wed=3722.5101920446887, Wmg=0, Wme=0, Wmd=5969.812639628181
2022-12-07 16:07:15 1670429235.025283 [tornettools] [INFO] Chose 4 of 6746 relays using scale factor 0.0001
2022-12-07 16:07:15 1670429235.028782 [tornettools] [INFO] Generating Tor key material now, this may take awhile...
2022-12-07 16:07:15 1670429235.247773 [tornettools] [INFO] Generated fingerprints and keys for 7 Tor nodes (3 authorities and 4 relays)
2022-12-07 16:07:16 1670429236.059812 [tornettools] [INFO] Generating Clients
2022-12-07 16:07:16 1670429236.060364 [tornettools] [INFO] Privcount measurements scaled to 111 Tor users, 79 active and 27 inactive
2022-12-07 16:07:16 1670429236.060415 [tornettools] [INFO] Privcount measurements scaled to 288 exit circuits, 149 active and 133 inactive
2022-12-07 16:07:16 1670429236.064782 [tornettools] [INFO] We will use 75 TGen client processes to emulate 75.05 Tor exit users and create 150 exit circuits every 10 minutes in aggregate
2022-12-07 16:07:16 1670429236.064842 [tornettools] [INFO] We will use 0 TGen client processes to emulate 0.0 Tor onion-service users and create 0 onion-service circuits every 10 minutes in aggregate
2022-12-07 16:07:16 1670429236.065974 [tornettools] [INFO] We will use 100 exit perf nodes to benchmark Tor exit performance
2022-12-07 16:07:16 1670429236.066028 [tornettools] [INFO] We will use 0 onion-service perf nodes to benchmark Tor onion-service performance
2022-12-07 16:07:16 1670429236.066080 [tornettools] [INFO] Generating Servers
2022-12-07 16:07:16 1670429236.073189 [tornettools] [DEBUG] System call: /usr/local/bin/tor --version (runtime: 0.01)
2022-12-07 16:07:16 1670429236.237743 [tornettools] [DEBUG] GETCONF __owningcontrollerprocess (runtime: 0.0001)
2022-12-07 16:07:16 1670429236.239119 [tornettools] [DEBUG] RESETCONF __OwningControllerProcess (runtime: 0.0011)
2022-12-07 16:07:16 1670429236.239330 [tornettools] [DEBUG] GETINFO version (runtime: 0.0001)
2022-12-07 16:07:16 1670429236.239723 [tornettools] [INFO] Error while receiving a control message (SocketClosed): received exception "read of closed file"
2022-12-07 16:07:16 1670429236.241950 [tornettools] [INFO] We will use 8 TGen exit servers and 0 TGen onion-service servers to serve 75 TGen exit clients and 0 TGen onion-service clients
2022-12-07 16:07:16 1670429236.242188 [tornettools] [INFO] Generating Tor configuration files
2022-12-07 16:07:16 1670429236.260352 [tornettools] [INFO] Generating TGen configuration files
2022-12-07 16:07:16 1670429236.297174 [tornettools] [INFO] Constructing Shadow config YAML file
