time: 946686600.0
diff: 0.0
going to web site
Hello world	Thread-39	5

time: 946686631.669364
diff: 89.3306360244751
waiting
going to web site
Hello world	Thread-81	7

time: 946686721.6603651
diff: 59.33963489532471
waiting
going to web site
Hello world	Thread-121	3

time: 946686781.686794
diff: 119.31320595741272
waiting
going to web site
Hello world	Thread-190	4

time: 946686902.6695601
diff: 58.33043992519379
waiting
going to web site
Hello world	Thread-228	5

time: 946686964.659364
diff: 56.340636014938354
waiting
going to web site
Hello world	Thread-263	6

time: 946687024.667364
diff: 56.33263599872589
waiting
going to web site
Hello world	Thread-283	5

time: 946687082.657364
diff: 119.34263598918915
waiting
going to web site
Hello world	Thread-349	4

time: 946687203.655909
diff: 118.3440910577774
waiting
going to web site
Hello world	Thread-409	5

time: 946687322.655909
diff: 119.3440910577774
waiting
going to web site
Hello world	Thread-477	4

time: 946687442.6559091
diff: 59.344090938568115
waiting
going to web site
Hello world	Thread-513	7

time: 946687503.6559091
diff: 58.344090938568115
waiting
going to web site
Hello world	Thread-561	4

time: 946687569.656908
diff: 53.34309196472168
waiting
going to web site
Hello world	Thread-576	7

time: 946687623.646908
diff: 119.35309195518494
waiting
going to web site
Hello world	Thread-645	4

time: 946687743.655908
diff: 119.34409201145172
waiting
going to web site
Hello world	Thread-709	2

time: 946687863.661365
diff: 119.33863496780396
waiting
going to web site
Hello world	Thread-779	7

time: 946687984.658365
diff: 118.34163498878479
waiting
going to web site
Hello world	Thread-842	7

time: 946688104.658364
diff: 58.341635942459106
waiting
going to web site
Hello world	Thread-875	6

time: 946688164.658364
diff: 59.341635942459106
waiting
going to web site
Hello world	Thread-911	6

time: 946688224.658364
diff: 59.341635942459106
waiting
going to web site
Hello world	Thread-943	2

