time: 946686600.0
diff: 250.0
waiting
going to web site
Hello world	Thread-1323	2

time: 946686850.848449
diff: 0.1515510082244873
waiting
going to web site
Hello world	Thread-1325	2

time: 946686851.832833
diff: -0.8328330516815186
going to web site
Hello world	Thread-1326	2

time: 946686852.665665
diff: -0.6656650304794312
going to web site
Hello world	Thread-1327	2

time: 946686853.498497
diff: 12.501502990722656
waiting
going to web site
Hello world	Thread-512	3

time: 946686866.832832
diff: 12.167168021202087
waiting
going to web site
Hello world	Thread-1433	3

time: 946686879.858688
diff: -0.8586879968643188
going to web site
Hello world	Thread-1436	6

time: 946686880.69652
diff: -1.6965199708938599
going to web site
Hello world	Thread-1442	4

time: 946686881.5353521
diff: -2.535352110862732
going to web site
Hello world	Thread-1447	2

time: 946686882.3809849
diff: -2.380984902381897
going to web site
Hello world	Thread-1450	2

time: 946686883.213817
diff: -3.213817000389099
going to web site
Hello world	Thread-1451	3

time: 946686884.064649
diff: -3.064648985862732
going to web site
Hello world	Thread-579	2

time: 946686884.897481
diff: -1.8974809646606445
going to web site
Hello world	Thread-1457	2

time: 946686885.730313
diff: 7.269687056541443
waiting
going to web site
Hello world	Thread-1473	2

time: 946686893.841833
diff: -0.8418329954147339
going to web site
Hello world	Thread-1476	3

time: 946686894.674665
diff: -1.6746649742126465
going to web site
Hello world	Thread-1478	4

time: 946686895.510497
diff: 1.489503026008606
waiting
going to web site
Hello world	Thread-1489	2

time: 946686897.849833
diff: -0.8498330116271973
going to web site
Hello world	Thread-633	7

time: 946686898.682665
diff: -0.6826649904251099
going to web site
Hello world	Thread-1497	3

time: 946686899.515497
diff: -0.5154969692230225
going to web site
Hello world	Thread-1503	2

time: 946686900.348329
diff: 10.651671051979065
waiting
going to web site
Hello world	Thread-1586	5

time: 946686911.849756
diff: -0.8497560024261475
going to web site
Hello world	Thread-687	6

time: 946686912.688449
diff: 19.311550974845886
waiting
going to web site
Hello world	Thread-767	4

time: 946686932.836832
diff: 25.16316795349121
waiting
going to web site
Hello world	Thread-890	4

time: 946686958.832832
diff: 12.167168021202087
waiting
going to web site
Hello world	Thread-951	2

time: 946686971.860833
diff: 14.139166951179504
waiting
going to web site
Hello world	Thread-1012	2

time: 946686986.8358321
diff: 26.164167881011963
waiting
going to web site
Hello world	Thread-1142	3

time: 946687013.832832
diff: 5.167168021202087
waiting
going to web site
Hello world	Thread-1173	3

time: 946687019.841833
diff: 29.158167004585266
waiting
going to web site
Hello world	Thread-1316	3

time: 946687049.834833
diff: 20.165166974067688
waiting
going to web site
Hello world	Thread-1404	6

time: 946687070.832832
diff: 34.16716802120209
waiting
going to web site
Hello world	Thread-1558	3

time: 946687105.841833
diff: 10.158167004585266
waiting
going to web site
Hello world	Thread-1602	4

time: 946687116.84229
diff: 36.15770995616913
waiting
going to web site
Hello world	Thread-1756	5

time: 946687153.8398321
diff: 19.160167932510376
waiting
going to web site
Hello world	Thread-1840	4

time: 946687173.832832
diff: 17.167168021202087
waiting
going to web site
Hello world	Thread-1921	2

time: 946687191.841833
diff: 18.158167004585266
waiting
going to web site
Hello world	Thread-2000	3

time: 946687210.8478329
diff: 35.152167081832886
waiting
going to web site
Hello world	Thread-2148	4

time: 946687246.832833
diff: 18.16716694831848
waiting
going to web site
Hello world	Thread-2238	5

time: 946687265.832832
diff: 25.167168021202087
waiting
going to web site
Hello world	Thread-2355	3

time: 946687291.8478329
diff: 8.152167081832886
waiting
going to web site
Hello world	Thread-2395	3

time: 946687300.841833
diff: 35.158167004585266
waiting
going to web site
Hello world	Thread-2560	2

time: 946687337.841833
diff: 23.158167004585266
waiting
going to web site
Hello world	Thread-2659	5

time: 946687361.832833
diff: 21.16716694831848
waiting
going to web site
Hello world	Thread-2759	3

time: 946687383.832832
diff: 35.16716802120209
waiting
going to web site
Hello world	Thread-2920	4

time: 946687419.841833
diff: 19.158167004585266
waiting
going to web site
Hello world	Thread-2999	3

time: 946687439.841833
diff: 12.158167004585266
waiting
going to web site
Hello world	Thread-3058	3

time: 946687452.802193
diff: 14.19780695438385
waiting
going to web site
Hello world	Thread-3128	4

time: 946687467.806192
diff: 20.19380795955658
waiting
going to web site
Hello world	Thread-3217	5

time: 946687488.797192
diff: 25.202808022499084
waiting
going to web site
Hello world	Thread-3325	6

time: 946687514.7971929
diff: 11.202807068824768
waiting
going to web site
Hello world	Thread-3382	5

time: 946687526.7971929
diff: 23.202807068824768
waiting
going to web site
Hello world	Thread-3486	4

time: 946687550.806193
diff: 37.19380700588226
waiting
going to web site
Hello world	Thread-3649	6

time: 946687588.802193
diff: 18.19780695438385
waiting
going to web site
Hello world	Thread-3731	6

time: 946687607.797192
diff: 30.202808022499084
waiting
going to web site
Hello world	Thread-3870	5

time: 946687638.802193
diff: 14.19780695438385
waiting
going to web site
Hello world	Thread-3932	4

time: 946687653.797192
diff: 27.202808022499084
waiting
going to web site
Hello world	Thread-4053	5

time: 946687681.7971929
diff: 19.202807068824768
waiting
going to web site
Hello world	Thread-4149	5

time: 946687701.802193
diff: 31.19780695438385
waiting
going to web site
Hello world	Thread-4288	7

time: 946687733.797192
diff: 13.202808022499084
waiting
going to web site
Hello world	Thread-4348	4

time: 946687747.7971929
diff: 25.202807068824768
waiting
going to web site
Hello world	Thread-4466	4

time: 946687773.802193
diff: 32.19780695438385
waiting
going to web site
Hello world	Thread-4611	6

time: 946687806.802192
diff: 22.197808027267456
waiting
going to web site
Hello world	Thread-4721	3

time: 946687829.7971929
diff: 3.202807068824768
waiting
going to web site
Hello world	Thread-4736	3

time: 946687833.7971929
diff: 31.202807068824768
waiting
going to web site
Hello world	Thread-4874	6

time: 946687865.7971929
diff: 19.202807068824768
waiting
going to web site
Hello world	Thread-4966	3

time: 946687885.7971929
diff: 10.202807068824768
waiting
going to web site
Hello world	Thread-5018	6

time: 946687896.7971929
diff: 21.202807068824768
waiting
going to web site
Hello world	Thread-5121	5

time: 946687918.8151929
diff: 20.184807062149048
waiting
going to web site
Hello world	Thread-5219	6

time: 946687939.7971929
diff: 21.202807068824768
waiting
going to web site
Hello world	Thread-5323	6

time: 946687961.802193
diff: 31.19780695438385
waiting
going to web site
Hello world	Thread-5478	4

time: 946687993.8031449
diff: 12.196855068206787
waiting
going to web site
Hello world	Thread-5531	5

time: 946688006.7971929
diff: 27.202807068824768
waiting
going to web site
Hello world	Thread-5664	5

time: 946688034.802193
diff: 14.19780695438385
waiting
going to web site
Hello world	Thread-5723	5

time: 946688049.802192
diff: 37.197808027267456
waiting
going to web site
Hello world	Thread-5901	4

time: 946688087.732325
diff: 13.267675042152405
waiting
going to web site
Hello world	Thread-5953	5

time: 946688101.720585
diff: 23.279415011405945
waiting
going to web site
Hello world	Thread-6064	6

time: 946688125.7365849
diff: 10.263415098190308
waiting
going to web site
Hello world	Thread-6108	5

time: 946688136.720585
diff: 29.279415011405945
waiting
going to web site
Hello world	Thread-6236	6

time: 946688166.732585
diff: 18.267415046691895
waiting
going to web site
Hello world	Thread-6317	7

time: 946688185.7275851
diff: 25.272414922714233
waiting
going to web site
Hello world	Thread-6431	4

time: 946688211.7205839
diff: 9.27941608428955
waiting
going to web site
Hello world	Thread-6477	6

time: 946688221.729585
diff: 41.27041494846344
waiting
going to web site
Hello world	Thread-6662	6

time: 946688263.724584
diff: 14.275416016578674
waiting
going to web site
Hello world	Thread-6724	4

time: 946688278.732585
diff: 25.267415046691895
waiting
going to web site
Hello world	Thread-6838	5

time: 946688304.732585
diff: 19.267415046691895
waiting
going to web site
Hello world	Thread-6933	3

time: 946688324.733585
diff: 25.266414999961853
waiting
going to web site
Hello world	Thread-7041	5

time: 946688350.7205839
diff: 19.27941608428955
waiting
going to web site
Hello world	Thread-7128	5

time: 946688370.739585
diff: 32.26041495800018
waiting
going to web site
Hello world	Thread-7279	5

time: 946688403.7205839
diff: 18.27941608428955
waiting
going to web site
Hello world	Thread-7364	6

time: 946688422.729585
diff: 28.27041494846344
waiting
going to web site
Hello world	Thread-7492	7

time: 946688451.729584
diff: 14.270416021347046
waiting
going to web site
Hello world	Thread-7558	5

time: 946688466.720585
diff: 25.279415011405945
waiting
going to web site
Hello world	Thread-7671	4

time: 946688492.732325
diff: 25.267675042152405
waiting
going to web site
Hello world	Thread-7793	5

time: 946688518.729585
diff: 12.27041494846344
waiting
going to web site
Hello world	Thread-7840	4

time: 946688531.7325839
diff: 22.2674161195755
waiting
going to web site
Hello world	Thread-7942	6

time: 946688554.732585
diff: 20.267415046691895
waiting
going to web site
Hello world	Thread-8041	7

time: 946688575.729585
diff: 26.27041494846344
waiting
going to web site
Hello world	Thread-8157	3

time: 946688602.7325839
diff: 0.2674161195755005
waiting
going to web site
Hello world	Thread-8160	4

time: 946688603.733585
diff: 21.266414999961853
waiting
going to web site
Hello world	Thread-8256	2

time: 946688625.7265841
diff: 33.27341592311859
waiting
going to web site
Hello world	Thread-8404	4

time: 946688659.724584
diff: 20.275416016578674
waiting
going to web site
Hello world	Thread-8487	4

time: 946688680.732585
diff: 26.267415046691895
waiting
going to web site
Hello world	Thread-8599	3

time: 946688707.844833
diff: 25.15516698360443
waiting
going to web site
Hello world	Thread-8703	4

time: 946688733.832832
diff: 32.16716802120209
waiting
going to web site
Hello world	Thread-8832	2

time: 946688766.841833
diff: 32.158167004585266
waiting
going to web site
Hello world	Thread-8964	5

time: 946688799.832833
diff: 22.16716694831848
waiting
going to web site
Hello world	Thread-9057	3

time: 946688822.832832
diff: 22.167168021202087
waiting
going to web site
Hello world	Thread-9157	2

time: 946688845.841833
diff: 11.158167004585266
waiting
going to web site
Hello world	Thread-9206	2

time: 946688857.841833
diff: 24.158167004585266
waiting
going to web site
Hello world	Thread-9308	2

time: 946688882.841833
diff: 31.158167004585266
waiting
going to web site
Hello world	Thread-9451	4

time: 946688914.841833
diff: 22.158167004585266
waiting
going to web site
Hello world	Thread-9556	2

time: 946688937.841833
diff: 24.158167004585266
waiting
going to web site
Hello world	Thread-9662	3

time: 946688962.841833
diff: 29.158167004585266
waiting
going to web site
Hello world	Thread-9804	4

time: 946688992.841833
diff: 22.158167004585266
waiting
going to web site
Hello world	Thread-9913	2

time: 946689015.845833
diff: 22.15416705608368
waiting
going to web site
Hello world	Thread-10016	2

time: 946689038.841833
diff: 12.158167004585266
waiting
going to web site
Hello world	Thread-10069	2

time: 946689051.832833
diff: 20.16716694831848
waiting
going to web site
Hello world	Thread-10167	4

time: 946689072.832832
diff: 25.167168021202087
waiting
going to web site
Hello world	Thread-10283	6

time: 946689098.832833
diff: 14.167166948318481
waiting
going to web site
Hello world	Thread-10359	4

time: 946689113.832832
diff: 13.167168021202087
waiting
going to web site
Hello world	Thread-10428	3

time: 946689127.841833
diff: 36.158167004585266
waiting
going to web site
Hello world	Thread-10608	3

time: 946689165.841833
diff: 13.158167004585266
waiting
going to web site
Hello world	Thread-10678	4

time: 946689180.841833
diff: 15.158167004585266
waiting
going to web site
Hello world	Thread-10765	2

time: 946689197.841833
diff: 12.158167004585266
waiting
going to web site
Hello world	Thread-10823	2

time: 946689210.841833
diff: 17.158167004585266
waiting
going to web site
Hello world	Thread-10912	3

time: 946689228.832833
diff: 23.16716694831848
waiting
going to web site
Hello world	Thread-11032	3

time: 946689253.832832
diff: 35.16716802120209
waiting
going to web site
Hello world	Thread-11219	2

time: 946689292.841833
diff: 13.158167004585266
waiting
going to web site
Hello world	Thread-11285	2

time: 946689306.841833
diff: 12.158167004585266
waiting
going to web site
Hello world	Thread-11344	5

time: 946689319.836713
diff: 26.163287043571472
waiting
going to web site
Hello world	Thread-11474	2

time: 946689346.836713
diff: 27.163287043571472
waiting
going to web site
Hello world	Thread-11605	4

time: 946689374.839713
diff: 17.160287022590637
waiting
going to web site
Hello world	Thread-11689	2

time: 946689392.845713
diff: 16.154286980628967
waiting
going to web site
Hello world	Thread-11764	4

time: 946689409.8367119
diff: 12.163288116455078
waiting
going to web site
Hello world	Thread-11855	2

time: 946689429.845713
diff: 10.154286980628967
waiting
going to web site
Hello world	Thread-11895	6

time: 946689440.8367119
diff: 26.163288116455078
waiting
going to web site
Hello world	Thread-12022	3

time: 946689467.836713
diff: 23.163287043571472
waiting
going to web site
Hello world	Thread-12143	3

time: 946689491.845713
diff: 24.154286980628967
waiting
going to web site
Hello world	Thread-12245	2

time: 946689516.8367119
diff: 22.163288116455078
waiting
going to web site
Hello world	Thread-12355	2

time: 946689539.845713
diff: 23.154286980628967
waiting
going to web site
Hello world	Thread-12473	2

time: 946689564.845712
diff: 18.154288053512573
waiting
going to web site
Hello world	Thread-12555	3

time: 946689583.836713
diff: 8.163287043571472
waiting
going to web site
Hello world	Thread-12593	4

time: 946689592.836713
diff: 32.16328704357147
waiting
going to web site
Hello world	Thread-12738	2

time: 946689625.836713
diff: 19.163287043571472
waiting
going to web site
Hello world	Thread-12830	2

time: 946689645.8387129
diff: 33.16128706932068
waiting
going to web site
Hello world	Thread-12999	2

time: 946689679.8488281
diff: 18.151171922683716
waiting
going to web site
Hello world	Thread-13085	3

time: 946689698.8367119
diff: 29.163288116455078
waiting
going to web site
Hello world	Thread-13211	4

time: 946689728.842713
diff: 17.157287001609802
waiting
going to web site
Hello world	Thread-13306	2

time: 946689747.845713
diff: 20.154286980628967
waiting
going to web site
Hello world	Thread-13402	3

time: 946689768.8367119
diff: 7.163288116455078
waiting
going to web site
Hello world	Thread-13433	3

time: 946689776.836713
diff: 13.163287043571472
waiting
going to web site
Hello world	Thread-13499	4

time: 946689790.836713
diff: 40.16328704357147
waiting
going to web site
Hello world	Thread-13686	3

time: 946689831.836713
diff: 10.163287043571472
waiting
going to web site
Hello world	Thread-13742	2

time: 946689842.845713
diff: 32.15428698062897
waiting
going to web site
Hello world	Thread-13894	4

time: 946689875.8367119
diff: 7.163288116455078
waiting
going to web site
Hello world	Thread-13934	4

time: 946689883.836713
diff: 25.163287043571472
waiting
going to web site
Hello world	Thread-14053	3

time: 946689909.839713
diff: 19.160287022590637
waiting
going to web site
Hello world	Thread-14135	2

time: 946689929.732325
diff: 12.267675042152405
waiting
going to web site
Hello world	Thread-14184	7

time: 946689942.730317
diff: 34.2696830034256
waiting
going to web site
Hello world	Thread-14333	6

time: 946689977.729585
diff: 8.27041494846344
waiting
going to web site
Hello world	Thread-14380	6

time: 946689986.729584
diff: 41.270416021347046
waiting
going to web site
Hello world	Thread-14567	4

time: 946690028.738585
diff: 12.261415004730225
waiting
going to web site
Hello world	Thread-14621	5

time: 946690041.732585
diff: 25.267415046691895
waiting
going to web site
Hello world	Thread-14731	5

time: 946690067.732585
diff: 22.267415046691895
waiting
going to web site
Hello world	Thread-14825	5

time: 946690090.729585
diff: 17.27041494846344
waiting
going to web site
Hello world	Thread-14910	3

time: 946690108.7205839
diff: 35.27941608428955
waiting
going to web site
Hello world	Thread-15051	4

time: 946690144.720585
diff: 33.279415011405945
waiting
going to web site
Hello world	Thread-15198	5

time: 946690178.720585
diff: 18.279415011405945
waiting
going to web site
Hello world	Thread-15279	3

time: 946690197.732585
diff: 19.267415046691895
waiting
going to web site
Hello world	Thread-15363	4

time: 946690217.732325
diff: 9.267675042152405
waiting
going to web site
Hello world	Thread-15415	5

time: 946690227.732325
diff: 26.267675042152405
waiting
going to web site
Hello world	Thread-15525	6

time: 946690254.732585
diff: 16.267415046691895
waiting
going to web site
Hello world	Thread-15610	6

time: 946690271.732585
diff: 30.267415046691895
waiting
going to web site
Hello world	Thread-15737	5

time: 946690302.720585
diff: 21.279415011405945
waiting
going to web site
Hello world	Thread-15839	4

time: 946690324.729585
diff: 30.27041494846344
waiting
going to web site
Hello world	Thread-15965	4

time: 946690355.722584
diff: 23.277415990829468
waiting
going to web site
Hello world	Thread-16071	2

time: 946690379.7205839
diff: 11.27941608428955
waiting
going to web site
Hello world	Thread-16119	7

time: 946690391.729585
diff: 25.27041494846344
waiting
going to web site
Hello world	Thread-16232	4

time: 946690417.724584
diff: 24.275416016578674
waiting
going to web site
Hello world	Thread-16343	5

time: 946690442.732585
diff: 21.267415046691895
waiting
going to web site
Hello world	Thread-16437	4

time: 946690464.7328719
diff: 25.267128109931946
waiting
going to web site
Hello world	Thread-16553	5

time: 946690490.743125
diff: 11.256875038146973
waiting
going to web site
Hello world	Thread-16610	3

time: 946690502.729585
diff: 30.27041494846344
waiting
going to web site
Hello world	Thread-16740	7

time: 946690533.832832
diff: 25.167168021202087
waiting
going to web site
Hello world	Thread-16854	3

time: 946690559.841897
diff: 26.158102989196777
waiting
going to web site
Hello world	Thread-16969	5

time: 946690586.832832
diff: 23.167168021202087
waiting
going to web site
Hello world	Thread-17070	2

time: 946690610.841833
diff: 22.158167004585266
waiting
going to web site
Hello world	Thread-17174	2

time: 946690633.8422489
diff: 23.157751083374023
waiting
going to web site
Hello world	Thread-17279	3

time: 946690658.8424569
diff: 12.157543063163757
waiting
going to web site
Hello world	Thread-17333	2

time: 946690671.841833
diff: 20.158167004585266
waiting
going to web site
Hello world	Thread-17430	3

time: 946690692.851665
diff: 20.148334980010986
waiting
going to web site
Hello world	Thread-17517	3

time: 946690713.832832
diff: 8.167168021202087
waiting
going to web site
Hello world	Thread-17558	2

time: 946690722.841833
diff: 40.158167004585266
waiting
going to web site
Hello world	Thread-17731	3

time: 946690763.841833
diff: 28.158167004585266
waiting
going to web site
Hello world	Thread-17867	2

time: 946690792.841833
diff: 20.158167004585266
waiting
going to web site
Hello world	Thread-17952	2

time: 946690813.832833
diff: 25.16716694831848
waiting
going to web site
Hello world	Thread-18062	4

time: 946690839.832832
diff: 20.167168021202087
waiting
going to web site
Hello world	Thread-18144	3

time: 946690860.841865
diff: 18.158135056495667
waiting
going to web site
Hello world	Thread-18223	2

time: 946690879.841833
diff: 28.158167004585266
waiting
going to web site
Hello world	Thread-18353	2

time: 946690908.841833
diff: 18.158167004585266
waiting
going to web site
Hello world	Thread-18429	2

time: 946690927.841833
diff: 17.158167004585266
waiting
going to web site
Hello world	Thread-18507	3

time: 946690945.841833
diff: 33.158167004585266
waiting
going to web site
Hello world	Thread-18653	3

time: 946690979.8427441
diff: 27.15725588798523
waiting
going to web site
Hello world	Thread-18779	2

time: 946691007.832832
diff: 17.167168021202087
waiting
going to web site
Hello world	Thread-18871	2

time: 946691028.852129
diff: 19.147871017456055
waiting
going to web site
Hello world	Thread-18961	2

time: 946691048.832833
diff: 15.167166948318481
waiting
going to web site
Hello world	Thread-19030	4

time: 946691064.832832
diff: 32.16716802120209
waiting
going to web site
Hello world	Thread-19175	3

time: 946691097.850833
diff: 10.149166941642761
waiting
going to web site
Hello world	Thread-19222	4

time: 946691108.832832
diff: 28.167168021202087
waiting
going to web site
Hello world	Thread-19352	7

time: 946691137.5350649
diff: 19.464935064315796
waiting
going to web site
Hello world	Thread-19445	6

time: 946691157.544065
diff: 30.45593500137329
waiting
going to web site
Hello world	Thread-19575	6

time: 946691188.544065
diff: 21.45593500137329
waiting
going to web site
Hello world	Thread-19680	4

time: 946691210.526065
diff: 15.473935008049011
waiting
going to web site
Hello world	Thread-19754	5

time: 946691226.5300651
diff: 23.469934940338135
waiting
going to web site
Hello world	Thread-19862	7

time: 946691250.5350641
diff: 29.464935898780823
waiting
going to web site
Hello world	Thread-20005	5

time: 946691280.5350641
diff: 17.464935898780823
waiting
going to web site
Hello world	Thread-20085	5

time: 946691298.5350641
diff: 3.4649358987808228
waiting
going to web site
Hello world	Thread-20099	5

time: 946691302.5350641
diff: 21.464935898780823
waiting
going to web site
Hello world	Thread-20208	6

time: 946691324.5294169
diff: 23.470583081245422
waiting
going to web site
Hello world	Thread-20321	5

time: 946691348.544065
diff: 40.45593500137329
waiting
going to web site
Hello world	Thread-20531	6

time: 946691389.526065
diff: 13.473935008049011
waiting
going to web site
Hello world	Thread-20596	6

time: 946691403.536065
diff: 29.463935017585754
waiting
going to web site
Hello world	Thread-20738	7

time: 946691433.5394261
diff: 16.46057391166687
waiting
going to web site
Hello world	Thread-20821	7

time: 946691450.526064
diff: 8.473935961723328
waiting
going to web site
Hello world	Thread-20864	6

time: 946691459.526064
diff: 21.473935961723328
waiting
going to web site
Hello world	Thread-20967	7

time: 946691481.534064
diff: 18.465935945510864
waiting
going to web site
Hello world	Thread-21057	5

time: 946691500.5350641
diff: 24.464935898780823
waiting
going to web site
Hello world	Thread-21174	6

time: 946691525.5350641
diff: 8.464935898780823
waiting
going to web site
Hello world	Thread-21213	6

time: 946691534.5350641
diff: 34.46493589878082
waiting
going to web site
Hello world	Thread-21372	4

time: 946691569.5350641
diff: 26.464935898780823
waiting
going to web site
Hello world	Thread-21499	7

time: 946691596.5350641
diff: 9.464935898780823
waiting
going to web site
Hello world	Thread-21542	6

time: 946691606.526064
diff: 17.473935961723328
waiting
going to web site
Hello world	Thread-21626	5

time: 946691624.5350641
diff: 25.464935898780823
waiting
going to web site
Hello world	Thread-21736	7

time: 946691650.5270641
diff: 9.472935914993286
waiting
going to web site
Hello world	Thread-21783	5

time: 946691660.526064
diff: 20.473935961723328
waiting
going to web site
Hello world	Thread-21876	7

time: 946691681.5350641
diff: 27.464935898780823
waiting
going to web site
Hello world	Thread-22000	5

time: 946691709.5294169
diff: 23.470583081245422
waiting
going to web site
Hello world	Thread-22104	6

time: 946691733.5350649
diff: 32.464935064315796
waiting
going to web site
Hello world	Thread-22258	2

time: 946691767.842833
diff: 20.157166957855225
waiting
going to web site
Hello world	Thread-22339	5

time: 946691788.832832
diff: 30.167168021202087
waiting
going to web site
Hello world	Thread-22481	3

time: 946691819.832833
diff: 14.167166948318481
waiting
going to web site
Hello world	Thread-22541	3

time: 946691834.832832
diff: 22.167168021202087
waiting
going to web site
Hello world	Thread-22644	4

time: 946691857.841833
diff: 10.158167004585266
waiting
going to web site
Hello world	Thread-22687	2

time: 946691868.832833
diff: 32.16716694831848
waiting
going to web site
Hello world	Thread-22841	2

time: 946691901.836832
diff: 34.16316795349121
waiting
going to web site
Hello world	Thread-22997	4

time: 946691936.832832
diff: 9.167168021202087
waiting
going to web site
Hello world	Thread-23045	3

time: 946691946.845833
diff: 25.15416705608368
waiting
going to web site
Hello world	Thread-23171	2

time: 946691972.841833
diff: 13.158167004585266
waiting
going to web site
Hello world	Thread-23235	2

time: 946691986.841833
diff: 24.158167004585266
waiting
going to web site
Hello world	Thread-23351	4

time: 946692011.845833
diff: 26.15416705608368
waiting
going to web site
Hello world	Thread-23481	2

time: 946692038.841833
diff: 17.158167004585266
waiting
going to web site
Hello world	Thread-23581	2

time: 946692057.860833
diff: 28.139166951179504
waiting
going to web site
Hello world	Thread-23713	2

time: 946692086.832832
diff: 23.167168021202087
waiting
going to web site
Hello world	Thread-23838	3

time: 946692113.851833
diff: 13.14816701412201
waiting
going to web site
Hello world	Thread-23908	2

time: 946692127.841833
diff: 14.158167004585266
waiting
going to web site
Hello world	Thread-23977	4

time: 946692142.841833
diff: 24.158167004585266
waiting
going to web site
Hello world	Thread-24089	4

time: 946692167.841833
diff: 12.158167004585266
waiting
going to web site
Hello world	Thread-24146	2

time: 946692180.841833
diff: 31.158167004585266
waiting
going to web site
Hello world	Thread-24297	2

time: 946692212.851833
diff: 8.14816701412201
waiting
going to web site
Hello world	Thread-24350	2

time: 946692222.845833
diff: 17.15416705608368
waiting
going to web site
Hello world	Thread-24417	3

time: 946692240.832833
diff: 22.16716694831848
waiting
going to web site
Hello world	Thread-24528	4

time: 946692263.832832
diff: 15.167168021202087
waiting
going to web site
Hello world	Thread-24605	4

time: 946692279.841833
diff: 26.158167004585266
waiting
going to web site
Hello world	Thread-24723	2

time: 946692306.841833
diff: 26.158167004585266
waiting
going to web site
Hello world	Thread-24841	2

time: 946692333.841833
diff: 10.158167004585266
waiting
going to web site
Hello world	Thread-24888	4

time: 946692344.852742
diff: 23.147258043289185
waiting
going to web site
Hello world	Thread-24984	5

time: 946692368.5350649
diff: 33.464935064315796
waiting
going to web site
Hello world	Thread-25134	4

time: 946692402.5350649
diff: 23.464935064315796
waiting
going to web site
Hello world	Thread-25230	7

time: 946692426.542065
diff: 30.457934975624084
waiting
going to web site
Hello world	Thread-25361	5

time: 946692457.5350641
diff: 7.464935898780823
waiting
going to web site
Hello world	Thread-25390	6

time: 946692465.5350641
diff: 36.46493589878082
waiting
going to web site
Hello world	Thread-25547	6

time: 946692502.5350641
diff: 19.464935898780823
waiting
going to web site
Hello world	Thread-25631	6

time: 946692522.526064
diff: 29.473935961723328
waiting
going to web site
Hello world	Thread-25755	7

time: 946692552.5350641
diff: 19.464935898780823
waiting
going to web site
Hello world	Thread-25843	7

time: 946692572.5294169
diff: 16.470583081245422
waiting
going to web site
Hello world	Thread-25918	6

time: 946692589.542065
diff: 36.457934975624084
waiting
going to web site
Hello world	Thread-26077	4

time: 946692626.526064
diff: 9.473935961723328
waiting
going to web site
Hello world	Thread-26112	7

time: 946692636.5350641
diff: 16.464935898780823
waiting
going to web site
Hello world	Thread-26180	6

time: 946692653.535325
diff: 38.464674949645996
waiting
going to web site
Hello world	Thread-26318	7

time: 946692692.5350641
diff: 14.464935898780823
waiting
going to web site
Hello world	Thread-26365	4

time: 946692707.5350641
diff: 28.464935898780823
waiting
going to web site
Hello world	Thread-26452	6

time: 946692736.5294169
diff: 20.470583081245422
waiting
going to web site
Hello world	Thread-26507	2

time: 946692757.526065
diff: 33.47393500804901
waiting
going to web site
Hello world	Thread-26585	6

time: 946692791.534065
diff: 18.465934991836548
waiting
going to web site
Hello world	Thread-26630	4

time: 946692810.5290639
diff: 17.470936059951782
waiting
going to web site
Hello world	Thread-26661	3

time: 946692828.536065
diff: 10.463935017585754
waiting
going to web site
Hello world	Thread-26679	3

