time: 946686600.0
diff: 0.0
going to web site
Hello world	Thread-40	4

time: 946686631.669364
diff: 88.3306360244751
waiting
going to web site
Hello world	Thread-100	6

time: 946686735.696273
diff: 44.30372703075409
waiting
going to web site
Hello world	Thread-139	2

time: 946686787.668364
diff: 112.33163595199585
waiting
going to web site
Hello world	Thread-175	4

time: 946686900.666751
diff: 59.33324897289276
waiting
going to web site
Hello world	Thread-207	4

time: 946686960.6677951
diff: 120.33220493793488
waiting
going to web site
Hello world	Thread-295	5

time: 946687088.666998
diff: 112.33300197124481
waiting
going to web site
Hello world	Thread-368	3

time: 946687216.667364
diff: 104.33263599872589
waiting
going to web site
Hello world	Thread-406	2

time: 946687321.658364
diff: 59.341635942459106
waiting
going to web site
Hello world	Thread-461	5

time: 946687388.666365
diff: 112.33363497257233
waiting
going to web site
Hello world	Thread-519	7

time: 946687504.658365
diff: 56.34163498878479
waiting
going to web site
Hello world	Thread-536	2

time: 946687561.658365
diff: 59.34163498878479
waiting
going to web site
Hello world	Thread-568	3

time: 946687621.658364
diff: 60.341635942459106
waiting
going to web site
Hello world	Thread-627	7

time: 946687697.659364
diff: 44.340636014938354
waiting
going to web site
Hello world	Thread-654	7

time: 946687749.658365
diff: 112.34163498878479
waiting
going to web site
Hello world	Thread-703	2

time: 946687862.674908
diff: 119.32509195804596
waiting
going to web site
Hello world	Thread-767	7

time: 946687982.646908
diff: 59.35309195518494
waiting
going to web site
Hello world	Thread-800	4

time: 946688042.646908
diff: 59.35309195518494
waiting
going to web site
Hello world	Thread-831	6

time: 946688102.646908
diff: 120.35309195518494
waiting
going to web site
Hello world	Thread-914	6

time: 946688226.656908
diff: 56.34309196472168
waiting
going to web site
Hello world	Thread-934	4

time: 946688283.646908
diff: 59.35309195518494
waiting
going to web site
Hello world	Thread-983	7

