time: 946686600.0
diff: 317.0
waiting
going to web site
Hello world	Thread-1624	9

time: 946686917.799022
diff: -0.7990219593048096
going to web site
Hello world	Thread-1634	7

time: 946686918.596214
diff: -1.5962140560150146
going to web site
Hello world	Thread-1643	3

time: 946686919.405888
diff: -2.4058879613876343
going to web site
Hello world	Thread-1651	3

time: 946686920.216347
diff: -0.21634697914123535
going to web site
Hello world	Thread-1660	4

time: 946686921.024539
diff: 1.9754610061645508
waiting
going to web site
Hello world	Thread-1679	5

time: 946686923.816025
diff: 9.183974981307983
waiting
going to web site
Hello world	Thread-771	6

time: 946686933.804192
diff: 2.1958080530166626
waiting
going to web site
Hello world	Thread-1771	4

time: 946686936.8168719
diff: -0.8168718814849854
going to web site
Hello world	Thread-1775	5

time: 946686937.6250639
diff: -1.6250638961791992
going to web site
Hello world	Thread-1780	5

time: 946686938.422256
diff: -2.4222559928894043
going to web site
Hello world	Thread-1785	3

time: 946686939.2194481
diff: -3.2194480895996094
going to web site
Hello world	Thread-1787	4

time: 946686940.02164
diff: -3.0216399431228638
going to web site
Hello world	Thread-1791	5

time: 946686940.818832
diff: -3.818832039833069
going to web site
Hello world	Thread-1794	7

time: 946686941.616024
diff: -4.616024017333984
going to web site
Hello world	Thread-1800	3

time: 946686942.4142159
diff: 4.585784077644348
waiting
going to web site
Hello world	Thread-835	3

time: 946686947.8251929
diff: 37.17480707168579
waiting
going to web site
Hello world	Thread-1009	3

time: 946686985.812752
diff: 15.18724799156189
waiting
going to web site
Hello world	Thread-1087	7

time: 946687001.797192
diff: 12.202808022499084
waiting
going to web site
Hello world	Thread-1147	5

time: 946687014.802193
diff: 20.19780695438385
waiting
going to web site
Hello world	Thread-1243	4

time: 946687035.7991921
diff: 6.2008079290390015
waiting
going to web site
Hello world	Thread-1275	4

time: 946687042.798192
diff: 26.201807975769043
waiting
going to web site
Hello world	Thread-1400	3

time: 946687069.802192
diff: 21.197808027267456
waiting
going to web site
Hello world	Thread-1495	3

time: 946687091.802193
diff: 6.19780695438385
waiting
going to web site
Hello world	Thread-1530	4

time: 946687098.8011919
diff: 25.198808073997498
waiting
going to web site
Hello world	Thread-1640	3

time: 946687124.808145
diff: 22.19185495376587
waiting
going to web site
Hello world	Thread-1734	5

time: 946687147.804192
diff: 20.195808053016663
waiting
going to web site
Hello world	Thread-1824	7

time: 946687168.7991929
diff: 38.200807094573975
waiting
going to web site
Hello world	Thread-1980	6

time: 946687207.7971929
diff: 14.202807068824768
waiting
going to web site
Hello world	Thread-2052	5

time: 946687222.802193
diff: 26.19780695438385
waiting
going to web site
Hello world	Thread-2160	4

time: 946687249.8215971
diff: 17.1784029006958
waiting
going to web site
Hello world	Thread-2249	3

time: 946687267.8031449
diff: 20.196855068206787
waiting
going to web site
Hello world	Thread-2345	3

time: 946687288.7971929
diff: 37.20280706882477
waiting
going to web site
Hello world	Thread-2500	5

time: 946687326.806193
diff: 24.193807005882263
waiting
going to web site
Hello world	Thread-2616	5

time: 946687352.802193
diff: 13.19780695438385
waiting
going to web site
Hello world	Thread-2678	5

time: 946687366.797192
diff: 18.202808022499084
waiting
going to web site
Hello world	Thread-2765	6

time: 946687385.7971929
diff: 23.202807068824768
waiting
going to web site
Hello world	Thread-2868	5

time: 946687409.7971929
diff: 34.20280706882477
waiting
going to web site
Hello world	Thread-3018	4

time: 946687444.7971929
diff: 20.202807068824768
waiting
going to web site
Hello world	Thread-3118	6

time: 946687465.802193
diff: 17.19780695438385
waiting
going to web site
Hello world	Thread-3194	5

time: 946687483.8031449
diff: 27.196855068206787
waiting
going to web site
Hello world	Thread-3313	3

time: 946687511.8031449
diff: 11.196855068206787
waiting
going to web site
Hello world	Thread-3373	2

time: 946687523.842349
diff: 25.1576509475708
waiting
going to web site
Hello world	Thread-3482	3

time: 946687549.842309
diff: 19.15769100189209
waiting
going to web site
Hello world	Thread-3573	2

time: 946687570.849833
diff: 7.150166988372803
waiting
going to web site
Hello world	Thread-3608	2

time: 946687578.832832
diff: 27.167168021202087
waiting
going to web site
Hello world	Thread-3728	2

time: 946687606.841833
diff: 25.158167004585266
waiting
going to web site
Hello world	Thread-3842	2

time: 946687632.836833
diff: 20.163166999816895
waiting
going to web site
Hello world	Thread-3933	2

time: 946687653.832832
diff: 35.16716802120209
waiting
going to web site
Hello world	Thread-4104	4

time: 946687690.841833
diff: 20.158167004585266
waiting
going to web site
Hello world	Thread-4188	3

time: 946687711.841833
diff: 10.158167004585266
waiting
going to web site
Hello world	Thread-4240	2

time: 946687722.841833
diff: 32.158167004585266
waiting
going to web site
Hello world	Thread-4385	3

time: 946687755.841833
diff: 17.158167004585266
waiting
going to web site
Hello world	Thread-4472	3

time: 946687774.841833
diff: 35.158167004585266
waiting
going to web site
Hello world	Thread-4636	4

time: 946687810.841833
diff: 20.158167004585266
waiting
going to web site
Hello world	Thread-4729	3

time: 946687831.832833
diff: 15.167166948318481
waiting
going to web site
Hello world	Thread-4800	4

time: 946687847.832832
diff: 27.167168021202087
waiting
going to web site
Hello world	Thread-4923	2

time: 946687875.841833
diff: 27.158167004585266
waiting
going to web site
Hello world	Thread-5056	3

time: 946687903.841833
diff: 9.158167004585266
waiting
going to web site
Hello world	Thread-5100	3

time: 946687913.841833
diff: 27.158167004585266
waiting
going to web site
Hello world	Thread-5231	3

time: 946687941.832833
diff: 13.167166948318481
waiting
going to web site
Hello world	Thread-5302	3

time: 946687955.832832
diff: 22.167168021202087
waiting
going to web site
Hello world	Thread-5413	2

time: 946687978.841833
diff: 14.158167004585266
waiting
going to web site
Hello world	Thread-5484	3

time: 946687994.841833
diff: 15.158167004585266
waiting
going to web site
Hello world	Thread-5554	4

time: 946688010.841833
diff: 24.158167004585266
waiting
going to web site
Hello world	Thread-5671	4

time: 946688035.836833
diff: 21.163166999816895
waiting
going to web site
Hello world	Thread-5766	3

time: 946688057.832832
diff: 34.16716802120209
waiting
going to web site
Hello world	Thread-5922	3

time: 946688092.832833
diff: 16.16716694831848
waiting
going to web site
Hello world	Thread-5995	3

time: 946688109.8398321
diff: 25.160167932510376
waiting
going to web site
Hello world	Thread-6104	3

time: 946688135.832832
diff: 29.167168021202087
waiting
going to web site
Hello world	Thread-6238	2

time: 946688166.841833
diff: 23.158167004585266
waiting
going to web site
Hello world	Thread-6337	5

time: 946688190.832833
diff: 9.167166948318481
waiting
going to web site
Hello world	Thread-6383	3

time: 946688200.832832
diff: 20.167168021202087
waiting
going to web site
Hello world	Thread-6480	2

time: 946688221.841833
diff: 18.158167004585266
waiting
going to web site
Hello world	Thread-6562	2

time: 946688240.841833
diff: 18.158167004585266
waiting
going to web site
Hello world	Thread-6646	2

time: 946688259.841833
diff: 23.158167004585266
waiting
going to web site
Hello world	Thread-6751	3

time: 946688283.841833
diff: 18.158167004585266
waiting
going to web site
Hello world	Thread-6830	2

time: 946688302.841833
diff: 25.158167004585266
waiting
going to web site
Hello world	Thread-6950	2

time: 946688328.841833
diff: 25.158167004585266
waiting
going to web site
Hello world	Thread-7061	3

time: 946688354.841833
diff: 20.158167004585266
waiting
going to web site
Hello world	Thread-7159	2

time: 946688375.841833
diff: 21.158167004585266
waiting
going to web site
Hello world	Thread-7251	6

time: 946688397.832833
diff: 24.16716694831848
waiting
going to web site
Hello world	Thread-7365	5

time: 946688422.832832
diff: 30.167168021202087
waiting
going to web site
Hello world	Thread-7503	2

time: 946688453.841833
diff: 24.158167004585266
waiting
going to web site
Hello world	Thread-7625	2

time: 946688479.842833
diff: 18.157166957855225
waiting
going to web site
Hello world	Thread-7708	5

time: 946688499.832832
diff: 36.16716802120209
waiting
going to web site
Hello world	Thread-7873	5

time: 946688537.860833
diff: 17.139166951179504
waiting
going to web site
Hello world	Thread-7949	5

time: 946688555.840832
diff: 15.159168004989624
waiting
going to web site
Hello world	Thread-8026	2

time: 946688571.832833
diff: 11.167166948318481
waiting
going to web site
Hello world	Thread-8073	3

time: 946688583.832832
diff: 18.167168021202087
waiting
going to web site
Hello world	Thread-8158	2

time: 946688602.851833
diff: 16.14816701412201
waiting
going to web site
Hello world	Thread-8231	2

time: 946688619.832833
diff: 32.16716694831848
waiting
going to web site
Hello world	Thread-8370	4

time: 946688652.842832
diff: 25.15716803073883
waiting
going to web site
Hello world	Thread-8483	2

time: 946688679.8588331
diff: 7.141166925430298
waiting
going to web site
Hello world	Thread-8525	3

time: 946688688.851833
diff: 15.14816701412201
waiting
going to web site
Hello world	Thread-8588	2

time: 946688704.842565
diff: 24.157435059547424
waiting
going to web site
Hello world	Thread-8692	2

time: 946688729.848833
diff: 33.151167035102844
waiting
going to web site
Hello world	Thread-8821	3

time: 946688763.526065
diff: 24.47393500804901
waiting
going to web site
Hello world	Thread-8916	6

time: 946688788.5380651
diff: 33.46193492412567
waiting
going to web site
Hello world	Thread-9055	5

time: 946688822.5350641
diff: 18.464935898780823
waiting
going to web site
Hello world	Thread-9138	6

time: 946688841.5350641
diff: 32.46493589878082
waiting
going to web site
Hello world	Thread-9273	6

time: 946688874.5350641
diff: 18.464935898780823
waiting
going to web site
Hello world	Thread-9364	5

time: 946688893.535733
diff: 28.464267015457153
waiting
going to web site
Hello world	Thread-9488	4

time: 946688922.5350649
diff: 12.464935064315796
waiting
going to web site
Hello world	Thread-9546	5

time: 946688935.5350649
diff: 26.464935064315796
waiting
going to web site
Hello world	Thread-9660	5

time: 946688962.544065
diff: 24.45593500137329
waiting
going to web site
Hello world	Thread-9778	7

time: 946688987.539065
diff: 27.46093499660492
waiting
going to web site
Hello world	Thread-9910	7

time: 946689015.5294169
diff: 31.470583081245422
waiting
going to web site
Hello world	Thread-10051	4

time: 946689047.544065
diff: 25.45593500137329
waiting
going to web site
Hello world	Thread-10171	6

time: 946689073.526065
diff: 23.47393500804901
waiting
going to web site
Hello world	Thread-10278	5

time: 946689097.544065
diff: 7.455935001373291
waiting
going to web site
Hello world	Thread-10320	4

time: 946689105.544065
diff: 15.455935001373291
waiting
going to web site
Hello world	Thread-10394	4

time: 946689121.5350649
diff: 34.464935064315796
waiting
going to web site
Hello world	Thread-10559	6

time: 946689156.539065
diff: 13.46093499660492
waiting
going to web site
Hello world	Thread-10627	4

time: 946689170.5350641
diff: 23.464935898780823
waiting
going to web site
Hello world	Thread-10744	5

time: 946689194.5350641
diff: 18.464935898780823
waiting
going to web site
Hello world	Thread-10837	5

time: 946689213.526064
diff: 25.473935961723328
waiting
going to web site
Hello world	Thread-10958	7

time: 946689239.5350641
diff: 25.464935898780823
waiting
going to web site
Hello world	Thread-11087	5

time: 946689265.5350641
diff: 9.464935898780823
waiting
going to web site
Hello world	Thread-11128	4

time: 946689275.5350641
diff: 17.464935898780823
waiting
going to web site
Hello world	Thread-11220	6

time: 946689293.5350641
diff: 16.464935898780823
waiting
going to web site
Hello world	Thread-11298	6

time: 946689310.526064
diff: 22.473935961723328
waiting
going to web site
Hello world	Thread-11404	6

time: 946689333.5350641
diff: 33.46493589878082
waiting
going to web site
Hello world	Thread-11563	5

time: 946689367.832832
diff: 13.167168021202087
waiting
going to web site
Hello world	Thread-11629	4

time: 946689381.832833
diff: 15.167166948318481
waiting
going to web site
Hello world	Thread-11710	4

time: 946689397.832832
diff: 25.167168021202087
waiting
going to web site
Hello world	Thread-11825	3

time: 946689424.8588331
diff: 17.141166925430298
waiting
going to web site
Hello world	Thread-11902	4

time: 946689442.832832
diff: 28.167168021202087
waiting
going to web site
Hello world	Thread-12041	4

time: 946689471.832833
diff: 18.16716694831848
waiting
going to web site
Hello world	Thread-12136	3

time: 946689490.841833
diff: 20.158167004585266
waiting
going to web site
Hello world	Thread-12226	2

time: 946689511.841833
diff: 18.158167004585266
waiting
going to web site
Hello world	Thread-12307	2

time: 946689530.841833
diff: 8.158167004585266
waiting
going to web site
Hello world	Thread-12353	3

time: 946689539.841833
diff: 38.158167004585266
waiting
going to web site
Hello world	Thread-12526	4

time: 946689578.841833
diff: 16.158167004585266
waiting
going to web site
Hello world	Thread-12608	3

time: 946689595.841833
diff: 18.158167004585266
waiting
going to web site
Hello world	Thread-12686	2

time: 946689614.842833
diff: 18.157166957855225
waiting
going to web site
Hello world	Thread-12779	4

time: 946689633.832832
diff: 27.167168021202087
waiting
going to web site
Hello world	Thread-12909	2

time: 946689661.841833
diff: 4.158167004585266
waiting
going to web site
Hello world	Thread-12931	2

time: 946689666.832833
diff: 34.16716694831848
waiting
going to web site
Hello world	Thread-13097	4

time: 946689701.8338319
diff: 30.166168093681335
waiting
going to web site
Hello world	Thread-13232	2

time: 946689732.841833
diff: 13.158167004585266
waiting
going to web site
Hello world	Thread-13305	3

time: 946689747.841833
diff: 37.158167004585266
waiting
going to web site
Hello world	Thread-13474	2

time: 946689785.8478329
diff: 21.152167081832886
waiting
going to web site
Hello world	Thread-13575	3

time: 946689807.8420249
diff: 24.15797507762909
waiting
going to web site
Hello world	Thread-13689	2

time: 946689832.832833
diff: 1.1671669483184814
waiting
going to web site
Hello world	Thread-13700	4

time: 946689834.832832
diff: 25.167168021202087
waiting
going to web site
Hello world	Thread-13826	2

time: 946689860.841833
diff: 15.158167004585266
waiting
going to web site
Hello world	Thread-13902	2

time: 946689876.859481
diff: 22.14051902294159
waiting
going to web site
Hello world	Thread-14004	2

time: 946689899.841833
diff: 22.158167004585266
waiting
going to web site
Hello world	Thread-14103	3

time: 946689922.841833
diff: 28.158167004585266
waiting
going to web site
Hello world	Thread-14232	3

time: 946689951.832833
diff: 20.16716694831848
waiting
going to web site
Hello world	Thread-14316	2

time: 946689972.526064
diff: 7.473935961723328
waiting
going to web site
Hello world	Thread-14346	7

time: 946689980.5350641
diff: 17.464935898780823
waiting
going to web site
Hello world	Thread-14434	5

time: 946689998.5345191
diff: 31.46548092365265
waiting
going to web site
Hello world	Thread-14574	2

time: 946690030.526064
diff: 27.473935961723328
waiting
going to web site
Hello world	Thread-14689	7

time: 946690058.5345191
diff: 15.465480923652649
waiting
going to web site
Hello world	Thread-14756	6

time: 946690074.526064
diff: 21.473935961723328
waiting
going to web site
Hello world	Thread-14853	7

time: 946690096.5350641
diff: 24.464935898780823
waiting
going to web site
Hello world	Thread-14957	7

time: 946690121.5350641
diff: 23.464935898780823
waiting
going to web site
Hello world	Thread-15054	7

time: 946690145.5350641
diff: 13.464935898780823
waiting
going to web site
Hello world	Thread-15119	6

time: 946690159.5350641
diff: 35.46493589878082
waiting
going to web site
Hello world	Thread-15266	7

time: 946690195.5350641
diff: 22.464935898780823
waiting
going to web site
Hello world	Thread-15367	6

time: 946690218.5350641
diff: 31.464935898780823
waiting
going to web site
Hello world	Thread-15510	4

time: 946690250.5350641
diff: 21.464935898780823
waiting
going to web site
Hello world	Thread-15615	6

time: 946690272.534064
diff: 24.465935945510864
waiting
going to web site
Hello world	Thread-15720	5

time: 946690297.5350641
diff: 9.464935898780823
waiting
going to web site
Hello world	Thread-15760	5

time: 946690307.5350641
diff: 26.464935898780823
waiting
going to web site
Hello world	Thread-15871	6

time: 946690334.5350641
diff: 12.464935898780823
waiting
going to web site
Hello world	Thread-15929	5

time: 946690347.5350641
diff: 37.46493589878082
waiting
going to web site
Hello world	Thread-16093	5

time: 946690385.5345191
diff: 22.46548092365265
waiting
going to web site
Hello world	Thread-16199	4

time: 946690408.5350641
diff: 13.464935898780823
waiting
going to web site
Hello world	Thread-16256	4

time: 946690422.526064
diff: 34.47393596172333
waiting
going to web site
Hello world	Thread-16408	7

time: 946690457.5350641
diff: 15.464935898780823
waiting
going to web site
Hello world	Thread-16480	5

time: 946690473.5350641
diff: 19.464935898780823
waiting
going to web site
Hello world	Thread-16567	7

time: 946690493.5349771
diff: 29.465022921562195
waiting
going to web site
Hello world	Thread-16694	7

time: 946690523.5294169
diff: 15.470583081245422
waiting
going to web site
Hello world	Thread-16767	6

time: 946690539.540065
diff: 20.459934949874878
waiting
going to web site
Hello world	Thread-16857	6

time: 946690560.530064
diff: 32.46993601322174
waiting
going to web site
Hello world	Thread-17004	3

time: 946690593.851833
diff: 11.14816701412201
waiting
going to web site
Hello world	Thread-17058	2

time: 946690606.846457
diff: 29.15354299545288
waiting
going to web site
Hello world	Thread-17186	6

time: 946690636.832832
diff: 31.167168021202087
waiting
going to web site
Hello world	Thread-17323	2

time: 946690668.841833
diff: 14.158167004585266
waiting
going to web site
Hello world	Thread-17387	2

time: 946690683.832833
diff: 30.16716694831848
waiting
going to web site
Hello world	Thread-17524	3

time: 946690714.842832
diff: 7.157168030738831
waiting
going to web site
Hello world	Thread-17557	3

time: 946690722.841833
diff: 20.158167004585266
waiting
going to web site
Hello world	Thread-17650	2

time: 946690743.847457
diff: 24.15254294872284
waiting
going to web site
Hello world	Thread-17757	4

time: 946690768.832832
diff: 20.167168021202087
waiting
going to web site
Hello world	Thread-17853	3

time: 946690789.832833
diff: 15.167166948318481
waiting
going to web site
Hello world	Thread-17915	4

time: 946690805.836832
diff: 28.16316795349121
waiting
going to web site
Hello world	Thread-18046	2

time: 946690834.832832
diff: 36.16716802120209
waiting
going to web site
Hello world	Thread-18198	3

time: 946690871.8418959
diff: 12.158104062080383
waiting
going to web site
Hello world	Thread-18246	2

time: 946690884.841833
diff: 36.158167004585266
waiting
going to web site
Hello world	Thread-18401	2

time: 946690921.841833
diff: 25.158167004585266
waiting
going to web site
Hello world	Thread-18518	3

time: 946690947.832833
diff: 7.1671669483184814
waiting
going to web site
Hello world	Thread-18552	3

time: 946690955.832832
diff: 28.167168021202087
waiting
going to web site
Hello world	Thread-18691	2

time: 946690987.842665
diff: 11.157335042953491
waiting
going to web site
Hello world	Thread-18743	3

time: 946690999.841833
diff: 25.158167004585266
waiting
going to web site
Hello world	Thread-18855	2

time: 946691025.8611289
diff: 27.13887107372284
waiting
going to web site
Hello world	Thread-18981	2

time: 946691053.841833
diff: 18.158167004585266
waiting
going to web site
Hello world	Thread-19066	4

time: 946691073.841833
diff: 28.158167004585266
waiting
going to web site
Hello world	Thread-19204	2

time: 946691103.841833
diff: 28.158167004585266
waiting
going to web site
Hello world	Thread-19329	2

time: 946691132.841833
diff: 7.158167004585266
waiting
going to web site
Hello world	Thread-19367	2

time: 946691140.832833
diff: 28.16716694831848
waiting
going to web site
Hello world	Thread-19494	3

time: 946691169.832832
diff: 29.167168021202087
waiting
going to web site
Hello world	Thread-19635	2

time: 946691199.848249
diff: 18.151751041412354
waiting
going to web site
Hello world	Thread-19727	2

time: 946691219.841833
diff: 10.158167004585266
waiting
going to web site
Hello world	Thread-19781	3

time: 946691231.845833
diff: 34.15416705608368
waiting
going to web site
Hello world	Thread-19946	2

time: 946691266.841833
diff: 20.158167004585266
waiting
going to web site
Hello world	Thread-20037	5

time: 946691287.832833
diff: 16.16716694831848
waiting
going to web site
Hello world	Thread-20111	3

time: 946691304.832832
diff: 21.167168021202087
waiting
going to web site
Hello world	Thread-20225	3

time: 946691326.841833
diff: 27.158167004585266
waiting
going to web site
Hello world	Thread-20354	3

time: 946691354.832833
diff: 17.16716694831848
waiting
going to web site
Hello world	Thread-20444	6

time: 946691372.832832
diff: 11.167168021202087
waiting
going to web site
Hello world	Thread-20514	2

time: 946691385.846833
diff: 25.153167009353638
waiting
going to web site
Hello world	Thread-20636	3

time: 946691411.841833
diff: 25.158167004585266
waiting
going to web site
Hello world	Thread-20760	2

time: 946691437.841833
diff: 26.158167004585266
waiting
going to web site
Hello world	Thread-20892	2

time: 946691464.832833
diff: 9.167166948318481
waiting
going to web site
Hello world	Thread-20931	3

time: 946691474.832832
diff: 28.167168021202087
waiting
going to web site
Hello world	Thread-21073	3

time: 946691503.835833
diff: 23.164167046546936
waiting
going to web site
Hello world	Thread-21187	2

time: 946691527.832833
diff: 5.1671669483184814
waiting
going to web site
Hello world	Thread-21210	4

time: 946691533.832832
diff: 20.167168021202087
waiting
going to web site
Hello world	Thread-21311	2

time: 946691554.841833
diff: 17.158167004585266
waiting
going to web site
Hello world	Thread-21384	2

time: 946691572.841833
diff: 30.158167004585266
waiting
going to web site
Hello world	Thread-21532	2

time: 946691603.832833
diff: 13.167166948318481
waiting
going to web site
Hello world	Thread-21589	7

time: 946691617.832832
diff: 25.167168021202087
waiting
going to web site
Hello world	Thread-21713	2

time: 946691643.836833
diff: 16.163166999816895
waiting
going to web site
Hello world	Thread-21785	3

time: 946691660.832832
diff: 18.167168021202087
waiting
going to web site
Hello world	Thread-21866	5

time: 946691679.841833
diff: 25.158167004585266
waiting
going to web site
Hello world	Thread-21984	2

time: 946691705.832833
diff: 14.167166948318481
waiting
going to web site
Hello world	Thread-22048	3

time: 946691720.832832
diff: 31.167168021202087
waiting
going to web site
Hello world	Thread-22190	3

time: 946691752.858037
diff: 17.141963005065918
waiting
going to web site
Hello world	Thread-22267	2

time: 946691770.832833
diff: 23.16716694831848
waiting
going to web site
Hello world	Thread-22373	3

time: 946691794.832832
diff: 31.167168021202087
waiting
going to web site
Hello world	Thread-22515	2

time: 946691826.910777
diff: 24.08922302722931
waiting
going to web site
Hello world	Thread-22621	2

time: 946691851.910777
diff: 6.089223027229309
waiting
going to web site
Hello world	Thread-22649	2

time: 946691858.9067769
diff: 33.093223094940186
waiting
going to web site
Hello world	Thread-22802	2

time: 946691892.910777
diff: 33.08922302722931
waiting
going to web site
Hello world	Thread-22955	2

time: 946691926.901777
diff: 18.098222970962524
waiting
going to web site
Hello world	Thread-23039	2

time: 946691945.9027761
diff: 0.09722387790679932
waiting
going to web site
Hello world	Thread-23051	2

time: 946691947.9027761
diff: 35.0972238779068
waiting
going to web site
Hello world	Thread-23228	2

time: 946691984.910776
diff: 22.089223980903625
waiting
going to web site
Hello world	Thread-23333	2

time: 946692007.9027761
diff: 10.0972238779068
waiting
going to web site
Hello world	Thread-23383	2

time: 946692018.9027761
diff: 26.0972238779068
waiting
going to web site
Hello world	Thread-23514	2

time: 946692045.910776
diff: 21.089223980903625
waiting
going to web site
Hello world	Thread-23628	2

time: 946692068.9027761
diff: 29.0972238779068
waiting
going to web site
Hello world	Thread-23769	2

time: 946692098.901776
diff: 8.09822404384613
waiting
going to web site
Hello world	Thread-23805	2

time: 946692107.901777
diff: 26.098222970962524
waiting
going to web site
Hello world	Thread-23952	2

time: 946692137.901776
diff: 21.09822404384613
waiting
going to web site
Hello world	Thread-24059	2

time: 946692160.902777
diff: 21.097223043441772
waiting
going to web site
Hello world	Thread-24163	3

time: 946692183.901777
diff: 20.098222970962524
waiting
going to web site
Hello world	Thread-24255	2

time: 946692204.9027761
diff: 29.0972238779068
waiting
going to web site
Hello world	Thread-24393	2

time: 946692234.9027761
diff: 17.0972238779068
waiting
going to web site
Hello world	Thread-24476	2

time: 946692252.9027761
diff: 8.0972238779068
waiting
going to web site
Hello world	Thread-24524	2

time: 946692261.9027761
diff: 20.0972238779068
waiting
going to web site
Hello world	Thread-24620	2

time: 946692282.9027761
diff: 15.0972238779068
waiting
going to web site
Hello world	Thread-24694	2

time: 946692299.904776
diff: 25.095224022865295
waiting
going to web site
Hello world	Thread-24808	2

time: 946692325.910777
diff: 12.089223027229309
waiting
going to web site
Hello world	Thread-24863	2

time: 946692338.910777
diff: 19.08922302722931
waiting
going to web site
Hello world	Thread-24949	2

time: 946692358.911777
diff: 12.088222980499268
waiting
going to web site
Hello world	Thread-25019	2

time: 946692374.901776
diff: 29.09822404384613
waiting
going to web site
Hello world	Thread-25144	2

time: 946692404.910777
diff: 17.08922302722931
waiting
going to web site
Hello world	Thread-25215	2

time: 946692422.910777
diff: 30.08922302722931
waiting
going to web site
Hello world	Thread-25345	2

time: 946692453.8558329
diff: 20.144167065620422
waiting
going to web site
Hello world	Thread-25441	3

time: 946692474.841833
diff: 35.158167004585266
waiting
going to web site
Hello world	Thread-25586	3

time: 946692510.841833
diff: 14.158167004585266
waiting
going to web site
Hello world	Thread-25645	3

time: 946692525.841833
diff: 20.158167004585266
waiting
going to web site
Hello world	Thread-25743	3

time: 946692547.841833
diff: 20.158167004585266
waiting
going to web site
Hello world	Thread-25830	3

time: 946692568.832833
diff: 41.16716694831848
waiting
going to web site
Hello world	Thread-26003	2

time: 946692610.832832
diff: 13.167168021202087
waiting
going to web site
Hello world	Thread-26075	2

time: 946692624.841833
diff: 22.158167004585266
waiting
going to web site
Hello world	Thread-26161	2

time: 946692647.841833
diff: 19.158167004585266
waiting
going to web site
Hello world	Thread-26229	2

time: 946692667.841833
diff: 27.158167004585266
waiting
going to web site
Hello world	Thread-26336	4

time: 946692695.832833
diff: 28.16716694831848
waiting
going to web site
Hello world	Thread-26413	3

time: 946692724.832832
diff: 16.167168021202087
waiting
going to web site
Hello world	Thread-26468	2

time: 946692741.832833
diff: 25.16716694831848
waiting
going to web site
Hello world	Thread-26532	6

time: 946692767.832832
diff: 22.167168021202087
waiting
going to web site
Hello world	Thread-26584	2

time: 946692790.841833
diff: 22.158167004585266
waiting
going to web site
Hello world	Thread-26636	3

time: 946692813.832833
diff: 17.16716694831848
waiting
going to web site
Hello world	Thread-26668	4

time: 946692831.832832
diff: 23.167168021202087
waiting
going to web site
Hello world	Thread-26705	2

time: 946692855.845833
diff: 30.15416705608368
waiting
going to web site
Hello world	Thread-26743	2

time: 946692886.841833
diff: 16.158167004585266
waiting
going to web site
Hello world	Thread-26765	2

time: 946692903.841833
diff: 22.158167004585266
waiting
going to web site
Hello world	Thread-26783	2

