time: 946686600.0
diff: 0.0
going to web site
Hello world	Thread-129	4

time: 946686727.828277
diff: -67.82827699184418
going to web site
Hello world	Thread-134	3

time: 946686728.419947
diff: 51.580052971839905
waiting
going to web site
Hello world	Thread-227	6

time: 946686811.590656
diff: 88.409343957901
waiting
going to web site
Hello world	Thread-346	2

time: 946686901.60545
diff: 118.39454996585846
waiting
going to web site
Hello world	Thread-508	6

time: 946687027.618708
diff: 113.38129198551178
waiting
going to web site
Hello world	Thread-619	6

time: 946687144.584656
diff: 116.41534399986267
waiting
going to web site
Hello world	Thread-868	2

time: 946687381.930634
diff: -0.9306340217590332
going to web site
Hello world	Thread-874	8

time: 946687382.52829
diff: 118.47170996665955
waiting
going to web site
Hello world	Thread-1033	3

time: 946687504.590656
diff: 116.409343957901
waiting
going to web site
Hello world	Thread-1123	7

time: 946687621.580656
diff: 59.41934394836426
waiting
going to web site
Hello world	Thread-1198	3

time: 946687681.580656
diff: 60.41934394836426
waiting
going to web site
Hello world	Thread-1305	2

time: 946687749.590656
diff: 52.409343957901
waiting
going to web site
Hello world	Thread-1321	4

time: 946687802.5896561
diff: 59.41034388542175
waiting
going to web site
Hello world	Thread-1448	7

time: 946687877.590656
diff: 44.409343957901
waiting
going to web site
Hello world	Thread-1464	3

time: 946687922.587656
diff: 119.41234397888184
waiting
going to web site
Hello world	Thread-1643	5

time: 946688045.5896571
diff: 116.41034293174744
waiting
going to web site
Hello world	Thread-1737	3

time: 946688162.5896571
diff: 59.41034293174744
waiting
going to web site
Hello world	Thread-1797	4

time: 946688222.5896561
diff: 60.41034388542175
waiting
going to web site
Hello world	Thread-1904	3

