1670863735.027557775 UTC seconds since epoch
              total        used        free      shared     buffers       cache   available
Mem:    33564262400 14267310080  8385286144   556826624  1228136448  9683529728 18264055808
Low:    33564262400 25178976256  8385286144
High:             0           0           0
Swap:    4294434816   289144832  4005289984
1670863736.034771239 UTC seconds since epoch
              total        used        free      shared     buffers       cache   available
Mem:    33564262400 14614069248  8029925376   557309952  1228423168  9691844608 17916780544
Low:    33564262400 25534337024  8029925376
High:             0           0           0
Swap:    4294434816   289144832  4005289984
1670863737.044229527 UTC seconds since epoch
              total        used        free      shared     buffers       cache   available
Mem:    33564262400 14828507136  7815487488   557309952  1228423168  9691844608 17702375424
Low:    33564262400 25748774912  7815487488
High:             0           0           0
Swap:    4294434816   289144832  4005289984
1670863738.050581640 UTC seconds since epoch
              total        used        free      shared     buffers       cache   available
Mem:    33564262400 14876217344  7771688960   553398272  1228423168  9687932928 17658585088
Low:    33564262400 25792573440  7771688960
High:             0           0           0
Swap:    4294434816   289144832  4005289984
1670863739.058638183 UTC seconds since epoch
              total        used        free      shared     buffers       cache   available
Mem:    33564262400 14977961984  7666212864   557129728  1228431360  9691656192 17553108992
Low:    33564262400 25898049536  7666212864
High:             0           0           0
Swap:    4294434816   289144832  4005289984
1670863740.073338166 UTC seconds since epoch
              total        used        free      shared     buffers       cache   available
Mem:    33564262400 15154786304  7489196032   557309952  1228435456  9691844608 17376100352
Low:    33564262400 26075066368  7489196032
High:             0           0           0
Swap:    4294434816   289144832  4005289984
1670863741.081499373 UTC seconds since epoch
              total        used        free      shared     buffers       cache   available
Mem:    33564262400 15328133120  7315816448   557309952  1228435456  9691877376 17202720768
Low:    33564262400 26248445952  7315816448
High:             0           0           0
Swap:    4294434816   289144832  4005289984
1670863742.089635463 UTC seconds since epoch
              total        used        free      shared     buffers       cache   available
Mem:    33564262400 15511334912  7133646848   556277760  1228435456  9690845184 17020551168
Low:    33564262400 26430615552  7133646848
High:             0           0           0
Swap:    4294434816   289144832  4005289984
1670863743.095269723 UTC seconds since epoch
              total        used        free      shared     buffers       cache   available
Mem:    33564262400 15687548928  6956883968   556826624  1228435456  9691394048 16843825152
Low:    33564262400 26607378432  6956883968
High:             0           0           0
Swap:    4294434816   289144832  4005289984
1670863744.101999534 UTC seconds since epoch
              total        used        free      shared     buffers       cache   available
Mem:    33564262400 15869550592  6774976512   556732416  1228439552  9691295744 16661917696
Low:    33564262400 26789285888  6774976512
High:             0           0           0
Swap:    4294434816   289144832  4005289984
1670863745.116506540 UTC seconds since epoch
              total        used        free      shared     buffers       cache   available
Mem:    33564262400 16049065984  6594875392   557309952  1228443648  9691877376 16481816576
Low:    33564262400 26969387008  6594875392
High:             0           0           0
Swap:    4294434816   289144832  4005289984
1670863746.124642999 UTC seconds since epoch
              total        used        free      shared     buffers       cache   available
Mem:    33564262400 16158605312  6485209088   557305856  1228443648  9692004352 16372289536
Low:    33564262400 27079053312  6485209088
High:             0           0           0
Swap:    4294434816   289144832  4005289984
1670863747.132941909 UTC seconds since epoch
              total        used        free      shared     buffers       cache   available
Mem:    33564262400 16264396800  6379409408   557309952  1228443648  9692012544 16266493952
Low:    33564262400 27184852992  6379409408
High:             0           0           0
Swap:    4294434816   289144832  4005289984
1670863748.138012066 UTC seconds since epoch
              total        used        free      shared     buffers       cache   available
Mem:    33564262400 16183517184  6460289024   557309952  1228443648  9692012544 16347373568
Low:    33564262400 27103973376  6460289024
High:             0           0           0
Swap:    4294434816   289144832  4005289984
1670863749.146275956 UTC seconds since epoch
              total        used        free      shared     buffers       cache   available
Mem:    33564262400 15530942464  7099686912   563564544  1228664832  9704968192 16993685504
Low:    33564262400 26464575488  7099686912
High:             0           0           0
Swap:    4294434816   289144832  4005289984
1670863750.154666323 UTC seconds since epoch
              total        used        free      shared     buffers       cache   available
Mem:    33564262400 15534030848  6974836736   665374720  1228705792  9826689024 16888352768
Low:    33564262400 26589425664  6974836736
High:             0           0           0
Swap:    4294434816   289144832  4005289984
1670863751.162438238 UTC seconds since epoch
              total        used        free      shared     buffers       cache   available
Mem:    33564262400 15600394240  6830071808   730898432  1228705792  9905090560 16755666944
Low:    33564262400 26734190592  6830071808
High:             0           0           0
Swap:    4294434816   289144832  4005289984
1670863752.170400314 UTC seconds since epoch
              total        used        free      shared     buffers       cache   available
Mem:    33564262400 15601815552  6788542464   761565184  1228705792  9945198592 16724500480
Low:    33564262400 26775719936  6788542464
High:             0           0           0
Swap:    4294434816   289144832  4005289984
1670863753.178610891 UTC seconds since epoch
              total        used        free      shared     buffers       cache   available
Mem:    33564262400 15605927936  6709334016   828690432  1228705792 10020294656 16652984320
Low:    33564262400 26854928384  6709334016
High:             0           0           0
Swap:    4294434816   289144832  4005289984
1670863754.186365145 UTC seconds since epoch
              total        used        free      shared     buffers       cache   available
Mem:    33564262400 15606312960  6694367232   830013440  1228705792 10034876416 16650670080
Low:    33564262400 26869895168  6694367232
High:             0           0           0
Swap:    4294434816   289144832  4005289984
1670863755.194428884 UTC seconds since epoch
              total        used        free      shared     buffers       cache   available
Mem:    33564262400 15606439936  6683787264   831135744  1228713984 10045321216 16650309632
Low:    33564262400 26880475136  6683787264
High:             0           0           0
Swap:    4294434816   289144832  4005289984
1670863756.203028791 UTC seconds since epoch
              total        used        free      shared     buffers       cache   available
Mem:    33564262400 15609884672  6632706048   869388288  1228746752 10092924928 16608321536
Low:    33564262400 26931556352  6632706048
High:             0           0           0
Swap:    4294434816   289144832  4005289984
1670863757.211911355 UTC seconds since epoch
              total        used        free      shared     buffers       cache   available
Mem:    33564262400 15607484416  6610255872   886648832  1228746752 10117775360 16593760256
Low:    33564262400 26954006528  6610255872
High:             0           0           0
Swap:    4294434816   289144832  4005289984
1670863758.219626774 UTC seconds since epoch
              total        used        free      shared     buffers       cache   available
Mem:    33564262400 15606300672  6569754624   918667264  1228746752 10159460352 16562311168
Low:    33564262400 26994507776  6569754624
High:             0           0           0
Swap:    4294434816   289144832  4005289984
1670863759.227411078 UTC seconds since epoch
              total        used        free      shared     buffers       cache   available
Mem:    33564262400 15606927360  6559707136   919547904  1228746752 10168881152 16561704960
Low:    33564262400 27004555264  6559707136
High:             0           0           0
Swap:    4294434816   289144832  4005289984
1670863760.234674563 UTC seconds since epoch
              total        used        free      shared     buffers       cache   available
Mem:    33564262400 15600889856  6552035328   924737536  1228894208 10182443008 16562266112
Low:    33564262400 27012227072  6552035328
High:             0           0           0
Swap:    4294434816   289144832  4005289984
1670863761.243414163 UTC seconds since epoch
              total        used        free      shared     buffers       cache   available
Mem:    33564262400 15601426432  6541725696   925757440  1228910592 10192199680 16560693248
Low:    33564262400 27022536704  6541725696
High:             0           0           0
Swap:    4294434816   289144832  4005289984
1670863762.251320538 UTC seconds since epoch
              total        used        free      shared     buffers       cache   available
Mem:    33564262400 15601225728  6533210112   926146560  1228910592 10200915968 16560807936
Low:    33564262400 27031052288  6533210112
High:             0           0           0
Swap:    4294434816   289144832  4005289984
1670863763.258986324 UTC seconds since epoch
              total        used        free      shared     buffers       cache   available
Mem:    33564262400 15601876992  6523146240   926449664  1228926976 10210312192 16559820800
Low:    33564262400 27041116160  6523146240
High:             0           0           0
Swap:    4294434816   289144832  4005289984
1670863764.266185061 UTC seconds since epoch
              total        used        free      shared     buffers       cache   available
Mem:    33564262400 15605952512  6510837760   926363648  1228943360 10218528768 16555872256
Low:    33564262400 27053424640  6510837760
High:             0           0           0
Swap:    4294434816   289144832  4005289984
1670863765.274027230 UTC seconds since epoch
              total        used        free      shared     buffers       cache   available
Mem:    33564262400 15605510144  6502064128   926478336  1228943360 10227744768 16555831296
Low:    33564262400 27062198272  6502064128
High:             0           0           0
Swap:    4294434816   289144832  4005289984
1670863766.282221982 UTC seconds since epoch
              total        used        free      shared     buffers       cache   available
Mem:    33564262400 15606792192  6484643840   934518784  1228943360 10243883008 16546856960
Low:    33564262400 27079618560  6484643840
High:             0           0           0
Swap:    4294434816   289144832  4005289984
1670863767.290097511 UTC seconds since epoch
              total        used        free      shared     buffers       cache   available
Mem:    33564262400 15609786368  6471999488   934875136  1228943360 10253533184 16542920704
Low:    33564262400 27092262912  6471999488
High:             0           0           0
Swap:    4294434816   289144832  4005289984
1670863768.298494170 UTC seconds since epoch
              total        used        free      shared     buffers       cache   available
Mem:    33564262400 15610138624  6459359232   938147840  1228951552 10265812992 16539852800
Low:    33564262400 27104903168  6459359232
High:             0           0           0
Swap:    4294434816   289144832  4005289984
1670863769.307959061 UTC seconds since epoch
              total        used        free      shared     buffers       cache   available
Mem:    33564262400 15611265024  6449307648   938168320  1228967936 10274721792 16538148864
Low:    33564262400 27114954752  6449307648
High:             0           0           0
Swap:    4294434816   289144832  4005289984
1670863770.314153043 UTC seconds since epoch
              total        used        free      shared     buffers       cache   available
Mem:    33564262400 15616532480  6435373056   938651648  1228967936 10283388928 16532692992
Low:    33564262400 27128889344  6435373056
High:             0           0           0
Swap:    4294434816   289144832  4005289984
1670863771.322048311 UTC seconds since epoch
              total        used        free      shared     buffers       cache   available
Mem:    33564262400 15615934464  6427889664   939130880  1228984320 10291453952 16533417984
Low:    33564262400 27136372736  6427889664
High:             0           0           0
Swap:    4294434816   289144832  4005289984
1670863772.331131026 UTC seconds since epoch
              total        used        free      shared     buffers       cache   available
Mem:    33564262400 15614345216  6420406272   939290624  1228984320 10300526592 16534564864
Low:    33564262400 27143856128  6420406272
High:             0           0           0
Swap:    4294434816   289144832  4005289984
1670863773.338120582 UTC seconds since epoch
              total        used        free      shared     buffers       cache   available
Mem:    33564262400 15615381504  6410342400   939339776  1228984320 10309554176 16533164032
Low:    33564262400 27153920000  6410342400
High:             0           0           0
Swap:    4294434816   289144832  4005289984
1670863774.346099307 UTC seconds since epoch
              total        used        free      shared     buffers       cache   available
Mem:    33564262400 15617118208  6400278528   938557440  1228984320 10317881344 16532168704
Low:    33564262400 27163983872  6400278528
High:             0           0           0
Swap:    4294434816   289144832  4005289984
1670863775.356452763 UTC seconds since epoch
              total        used        free      shared     buffers       cache   available
Mem:    33564262400 15616995328  6389956608   939216896  1228984320 10328326144 16531382272
Low:    33564262400 27174305792  6389956608
High:             0           0           0
Swap:    4294434816   289144832  4005289984
1670863776.362142461 UTC seconds since epoch
              total        used        free      shared     buffers       cache   available
Mem:    33564262400 15617196032  6381961216   939786240  1228992512 10336112640 16530915328
Low:    33564262400 27182301184  6381961216
High:             0           0           0
Swap:    4294434816   289144832  4005289984
1670863777.370714999 UTC seconds since epoch
              total        used        free      shared     buffers       cache   available
Mem:    33564262400 15617269760  6371381248   939864064  1228992512 10346618880 16531050496
Low:    33564262400 27192881152  6371381248
High:             0           0           0
Swap:    4294434816   289144832  4005289984
1670863778.378299006 UTC seconds since epoch
              total        used        free      shared     buffers       cache   available
Mem:    33564262400 15619702784  6361317376   939200512  1228992512 10354249728 16529260544
Low:    33564262400 27202945024  6361317376
High:             0           0           0
Swap:    4294434816   289144832  4005289984
1670863779.386585158 UTC seconds since epoch
              total        used        free      shared     buffers       cache   available
Mem:    33564262400 15620411392  6351351808   940167168  1229090816 10363408384 16527593472
Low:    33564262400 27212910592  6351351808
High:             0           0           0
Swap:    4294434816   289144832  4005289984
1670863780.394929651 UTC seconds since epoch
              total        used        free      shared     buffers       cache   available
Mem:    33564262400 15619706880  6343610368   940195840  1229090816 10371854336 16528265216
Low:    33564262400 27220652032  6343610368
High:             0           0           0
Swap:    4294434816   289144832  4005289984
1670863781.402137037 UTC seconds since epoch
              total        used        free      shared     buffers       cache   available
Mem:    33564262400 15620493312  6332514304   940224512  1229107200 10382147584 16527163392
Low:    33564262400 27231748096  6332514304
High:             0           0           0
Swap:    4294434816   289144832  4005289984
1670863782.410092181 UTC seconds since epoch
              total        used        free      shared     buffers       cache   available
Mem:    33564262400 15621111808  6322802688   940027904  1229107200 10391240704 16526438400
Low:    33564262400 27241459712  6322802688
High:             0           0           0
Swap:    4294434816   289144832  4005289984
1670863783.418877228 UTC seconds since epoch
              total        used        free      shared     buffers       cache   available
Mem:    33564262400 15655604224  5933596672  1289003008  1229152256 10745909248 16141795328
Low:    33564262400 27630665728  5933596672
High:             0           0           0
Swap:    4294434816   289144832  4005289984
1670863784.426818905 UTC seconds since epoch
              total        used        free      shared     buffers       cache   available
Mem:    33564262400 15675576320  5688811520  1508909056  1229152256 10970722304 15902167040
Low:    33564262400 27875450880  5688811520
High:             0           0           0
Swap:    4294434816   289144832  4005289984
1670863785.434331601 UTC seconds since epoch
              total        used        free      shared     buffers       cache   available
Mem:    33564262400 15679590400  5679263744  1506230272  1229152256 10976256000 15902298112
Low:    33564262400 27884998656  5679263744
High:             0           0           0
Swap:    4294434816   289144832  4005289984
1670863786.442859787 UTC seconds since epoch
              total        used        free      shared     buffers       cache   available
Mem:    33564262400 15669137408  5678411776  1509924864  1229160448 10987552768 15908786176
Low:    33564262400 27885850624  5678411776
High:             0           0           0
Swap:    4294434816   289144832  4005289984
1670863787.450042163 UTC seconds since epoch
              total        used        free      shared     buffers       cache   available
Mem:    33564262400 15670779904  5668093952  1510567936  1229160448 10996228096 15906799616
Low:    33564262400 27896168448  5668093952
High:             0           0           0
Swap:    4294434816   289144832  4005289984
1670863788.458494698 UTC seconds since epoch
              total        used        free      shared     buffers       cache   available
Mem:    33564262400 15672037376  5659074560  1511063552  1229160448 11003990016 15905095680
Low:    33564262400 27905187840  5659074560
High:             0           0           0
Swap:    4294434816   289144832  4005289984
1670863789.467593365 UTC seconds since epoch
              total        used        free      shared     buffers       cache   available
Mem:    33564262400 15673987072  5648752640  1511170048  1229160448 11012362240 15902732288
Low:    33564262400 27915509760  5648752640
High:             0           0           0
Swap:    4294434816   289144832  4005289984
1670863790.474349506 UTC seconds since epoch
              total        used        free      shared     buffers       cache   available
Mem:    33564262400 15675265024  5640253440  1511460864  1229160448 11019583488 15901458432
Low:    33564262400 27924008960  5640253440
High:             0           0           0
Swap:    4294434816   289144832  4005289984
1670863791.482385021 UTC seconds since epoch
              total        used        free      shared     buffers       cache   available
Mem:    33564262400 15675297792  5632266240  1511440384  1229168640 11027529728 15901130752
Low:    33564262400 27931996160  5632266240
High:             0           0           0
Swap:    4294434816   289144832  4005289984
1670863792.490282590 UTC seconds since epoch
              total        used        free      shared     buffers       cache   available
Mem:    33564262400 15681208320  5616607232  1511686144  1229168640 11037278208 15894990848
Low:    33564262400 27947655168  5616607232
High:             0           0           0
Swap:    4294434816   289144832  4005289984
1670863793.498525429 UTC seconds since epoch
              total        used        free      shared     buffers       cache   available
Mem:    33564262400 15683170304  5608787968  1512067072  1229168640 11043135488 15892901888
Low:    33564262400 27955474432  5608787968
High:             0           0           0
Swap:    4294434816   289144832  4005289984
1670863794.506109156 UTC seconds since epoch
              total        used        free      shared     buffers       cache   available
Mem:    33564262400 15683264512  5601718272  1512116224  1229221888 11050057728 15892803584
Low:    33564262400 27962544128  5601718272
High:             0           0           0
Swap:    4294434816   289144832  4005289984
1670863795.514223449 UTC seconds since epoch
              total        used        free      shared     buffers       cache   available
Mem:    33564262400 15685873664  5589848064  1512235008  1229221888 11059318784 15890071552
Low:    33564262400 27974414336  5589848064
High:             0           0           0
Swap:    4294434816   289144832  4005289984
1670863796.522546416 UTC seconds since epoch
              total        used        free      shared     buffers       cache   available
Mem:    33564262400 15688089600  5582446592  1509793792  1229238272 11064487936 15890018304
Low:    33564262400 27981815808  5582446592
High:             0           0           0
Swap:    4294434816   289144832  4005289984
1670863797.530633602 UTC seconds since epoch
              total        used        free      shared     buffers       cache   available
Mem:    33564262400 15686049792  5575913472  1512611840  1229238272 11073060864 15889526784
Low:    33564262400 27988348928  5575913472
High:             0           0           0
Swap:    4294434816   289144832  4005289984
1670863798.538909540 UTC seconds since epoch
              total        used        free      shared     buffers       cache   available
Mem:    33564262400 15687114752  5568172032  1512652800  1229238272 11079737344 15888412672
Low:    33564262400 27996090368  5568172032
High:             0           0           0
Swap:    4294434816   289144832  4005289984
1670863799.546763486 UTC seconds since epoch
              total        used        free      shared     buffers       cache   available
Mem:    33564262400 15687876608  5560958976  1512685568  1229254656 11086172160 15887618048
Low:    33564262400 28003303424  5560958976
High:             0           0           0
Swap:    4294434816   289144832  4005289984
1670863800.554420661 UTC seconds since epoch
              total        used        free      shared     buffers       cache   available
Mem:    33564262400 15690334208  5553233920  1512259584  1229254656 11091439616 15885598720
Low:    33564262400 28011028480  5553233920
High:             0           0           0
Swap:    4294434816   289144832  4005289984
1670863801.562620228 UTC seconds since epoch
              total        used        free      shared     buffers       cache   available
Mem:    33564262400 15689289728  5547556864  1512763392  1229271040 11098144768 15886098432
Low:    33564262400 28016705536  5547556864
High:             0           0           0
Swap:    4294434816   289144832  4005289984
1670863802.570144108 UTC seconds since epoch
              total        used        free      shared     buffers       cache   available
Mem:    33564262400 15690469376  5540605952  1512763392  1229271040 11103916032 15884922880
Low:    33564262400 28023656448  5540605952
High:             0           0           0
Swap:    4294434816   289144832  4005289984
1670863803.578269770 UTC seconds since epoch
              total        used        free      shared     buffers       cache   available
Mem:    33564262400 15693070336  5534683136  1510064128  1229271040 11107237888 15885058048
Low:    33564262400 28029579264  5534683136
High:             0           0           0
Swap:    4294434816   289144832  4005289984
1670863804.586400082 UTC seconds since epoch
              total        used        free      shared     buffers       cache   available
Mem:    33564262400 15686418432  5532508160  1512845312  1229271040 11116064768 15888932864
Low:    33564262400 28031754240  5532508160
High:             0           0           0
Swap:    4294434816   289144832  4005289984
1670863805.594349799 UTC seconds since epoch
              total        used        free      shared     buffers       cache   available
Mem:    33564262400 15685476352  5526859776  1512923136  1229271040 11122655232 15889760256
Low:    33564262400 28037402624  5526859776
High:             0           0           0
Swap:    4294434816   289144832  4005289984
1670863806.602960065 UTC seconds since epoch
              total        used        free      shared     buffers       cache   available
Mem:    33564262400 15686422528  5519896576  1512968192  1229279232 11128664064 15888777216
Low:    33564262400 28044365824  5519896576
High:             0           0           0
Swap:    4294434816   289144832  4005289984
1670863807.610005661 UTC seconds since epoch
              total        used        free      shared     buffers       cache   available
Mem:    33564262400 15687852032  5512675328  1512771584  1229279232 11134455808 15887544320
Low:    33564262400 28051587072  5512675328
High:             0           0           0
Swap:    4294434816   289144832  4005289984
1670863808.618656987 UTC seconds since epoch
              total        used        free      shared     buffers       cache   available
Mem:    33564262400 15658266624  5535932416  1513234432  1229279232 11140784128 15916691456
Low:    33564262400 28028329984  5535932416
High:             0           0           0
Swap:    4294434816   289144832  4005289984
1670863809.626228693 UTC seconds since epoch
              total        used        free      shared     buffers       cache   available
Mem:    33564262400 15658733568  5529559040  1513242624  1229279232 11146690560 15916208128
Low:    33564262400 28034703360  5529559040
High:             0           0           0
Swap:    4294434816   289144832  4005289984
1670863810.634356812 UTC seconds since epoch
              total        used        free      shared     buffers       cache   available
Mem:    33564262400 15659204608  5523111936  1513271296  1229279232 11152666624 15915720704
Low:    33564262400 28041150464  5523111936
High:             0           0           0
Swap:    4294434816   289144832  4005289984
1670863811.642409152 UTC seconds since epoch
              total        used        free      shared     buffers       cache   available
Mem:    33564262400 15661293568  5514870784  1513345024  1229295616 11158802432 15913512960
Low:    33564262400 28049391616  5514870784
High:             0           0           0
Swap:    4294434816   289144832  4005289984
1670863812.651502401 UTC seconds since epoch
              total        used        free      shared     buffers       cache   available
Mem:    33564262400 15662333952  5508202496  1513312256  1229295616 11164430336 15912542208
Low:    33564262400 28056059904  5508202496
High:             0           0           0
Swap:    4294434816   289144832  4005289984
1670863813.660479036 UTC seconds since epoch
              total        used        free      shared     buffers       cache   available
Mem:    33564262400 15662669824  5502525440  1513336832  1229295616 11169771520 15912173568
Low:    33564262400 28061736960  5502525440
High:             0           0           0
Swap:    4294434816   289144832  4005289984
1670863814.666343389 UTC seconds since epoch
              total        used        free      shared     buffers       cache   available
Mem:    33564262400 15666208768  5495558144  1510678528  1229295616 11173199872 15911006208
Low:    33564262400 28068704256  5495558144
High:             0           0           0
Swap:    4294434816   289144832  4005289984
1670863815.673993670 UTC seconds since epoch
              total        used        free      shared     buffers       cache   available
Mem:    33564262400 15664373760  5488087040  1513349120  1229295616 11182505984 15910412288
Low:    33564262400 28076175360  5488087040
High:             0           0           0
Swap:    4294434816   289144832  4005289984
1670863816.682279502 UTC seconds since epoch
              total        used        free      shared     buffers       cache   available
Mem:    33564262400 15657947136  5488193536  1513353216  1229303808 11188817920 15916871680
Low:    33564262400 28076068864  5488193536
High:             0           0           0
Swap:    4294434816   289144832  4005289984
1670863817.691170124 UTC seconds since epoch
              total        used        free      shared     buffers       cache   available
Mem:    33564262400 15659282432  5480210432  1514438656  1229303808 11195465728 15914463232
Low:    33564262400 28084051968  5480210432
High:             0           0           0
Swap:    4294434816   289144832  4005289984
1670863818.698400065 UTC seconds since epoch
              total        used        free      shared     buffers       cache   available
Mem:    33564262400 15663575040  5456486400  1528901632  1229303808 11214897152 15895998464
Low:    33564262400 28107776000  5456486400
High:             0           0           0
Swap:    4294434816   289144832  4005289984
1670863819.706022491 UTC seconds since epoch
              total        used        free      shared     buffers       cache   available
Mem:    33564262400 15664513024  5449777152  1528934400  1229303808 11220668416 15894736896
Low:    33564262400 28114485248  5449777152
High:             0           0           0
Swap:    4294434816   289144832  4005289984
1670863820.714145046 UTC seconds since epoch
              total        used        free      shared     buffers       cache   available
Mem:    33564262400 15664984064  5443870720  1528934400  1229303808 11226103808 15894265856
Low:    33564262400 28120391680  5443870720
High:             0           0           0
Swap:    4294434816   289144832  4005289984
1670863821.722260329 UTC seconds since epoch
              total        used        free      shared     buffers       cache   available
Mem:    33564262400 15667331072  5437173760  1527590912  1229312000 11230445568 15893250048
Low:    33564262400 28127088640  5437173760
High:             0           0           0
Swap:    4294434816   289144832  4005289984
1670863822.730505713 UTC seconds since epoch
              total        used        free      shared     buffers       cache   available
Mem:    33564262400 15661047808  5436956672  1526431744  1229312000 11236945920 15900712960
Low:    33564262400 28127305728  5436956672
High:             0           0           0
Swap:    4294434816   289144832  4005289984
1670863823.738764301 UTC seconds since epoch
              total        used        free      shared     buffers       cache   available
Mem:    33564262400 15643910144  5450485760  1524334592  1229312000 11240554496 15919943680
Low:    33564262400 28113776640  5450485760
High:             0           0           0
Swap:    4294434816   289144832  4005289984
1670863824.749019103 UTC seconds since epoch
              total        used        free      shared     buffers       cache   available
Mem:    33564262400 15618551808  5478576128  1516089344  1229340672 11237793792 15953555456
Low:    33564262400 28085686272  5478576128
High:             0           0           0
Swap:    4294434816   289144832  4005289984
