time: 946686600.0
diff: 0.0
going to web site
Hello world	Thread-126	2

time: 946686727.8374009
diff: -7.837400913238525
going to web site
Hello world	Thread-135	2

time: 946686728.4293109
diff: 111.57068908214569
waiting
going to web site
Hello world	Thread-330	5

time: 946686871.600656
diff: 88.39934396743774
waiting
going to web site
Hello world	Thread-394	7

time: 946686960.590656
diff: 59.409343957901
waiting
going to web site
Hello world	Thread-496	6

time: 946687023.590656
diff: 117.409343957901
waiting
going to web site
Hello world	Thread-580	5

time: 946687141.595999
diff: 59.404000997543335
waiting
going to web site
Hello world	Thread-670	2

time: 946687202.6302961
diff: 118.36970388889313
waiting
going to web site
Hello world	Thread-838	6

time: 946687328.590656
diff: 52.409343957901
waiting
going to web site
Hello world	Thread-904	3

time: 946687388.590656
diff: 112.409343957901
waiting
going to web site
Hello world	Thread-1011	6

time: 946687501.580656
diff: 119.41934394836426
waiting
going to web site
Hello world	Thread-1125	5

time: 946687621.5896561
diff: 60.41034388542175
waiting
going to web site
Hello world	Thread-1237	3

time: 946687689.5902101
diff: 52.40978991985321
waiting
going to web site
Hello world	Thread-1306	7

time: 946687757.590656
diff: 104.409343957901
waiting
going to web site
Hello world	Thread-1395	6

time: 946687862.5836561
diff: 59.41634392738342
waiting
going to web site
Hello world	Thread-1520	6

time: 946687937.590656
diff: 44.409343957901
waiting
going to web site
Hello world	Thread-1548	7

time: 946687983.5890521
diff: 58.41094791889191
waiting
going to web site
Hello world	Thread-1655	5

time: 946688049.599657
diff: 112.40034294128418
waiting
going to web site
Hello world	Thread-1738	2

time: 946688162.5896571
diff: 60.41034293174744
waiting
going to web site
Hello world	Thread-1940	3

time: 946688345.0023121
diff: -62.00231206417084
going to web site
Hello world	Thread-1949	3

