time: 946686600.0
diff: 57.0
waiting
going to web site
Hello world	Thread-250	2

time: 946686657.63464
diff: 0.3653600215911865
waiting
going to web site
Hello world	Thread-255	2

time: 946686658.643641
diff: -0.6436409950256348
going to web site
Hello world	Thread-258	2

time: 946686659.288
diff: -0.2879999876022339
going to web site
Hello world	Thread-265	4

time: 946686659.9336399
diff: -0.9336398839950562
going to web site
Hello world	Thread-269	5

time: 946686660.5682801
diff: -0.5682801008224487
going to web site
Hello world	Thread-275	3

time: 946686661.21392
diff: 17.78608000278473
waiting
going to web site
Hello world	Thread-417	2

time: 946686679.6516011
diff: 3.3483989238739014
waiting
going to web site
Hello world	Thread-446	3

time: 946686683.643641
diff: 0.35635900497436523
waiting
going to web site
Hello world	Thread-453	2

time: 946686684.6460199
diff: -0.6460199356079102
going to web site
Hello world	Thread-457	3

time: 946686685.2806599
diff: 0.7193400859832764
waiting
going to web site
Hello world	Thread-466	3

time: 946686686.662641
diff: 0.3373589515686035
waiting
going to web site
Hello world	Thread-474	2

time: 946686687.6456399
diff: 1.3543601036071777
waiting
going to web site
Hello world	Thread-486	2

time: 946686689.643641
diff: 51.356359004974365
waiting
going to web site
Hello world	Thread-22	2

time: 946686741.643641
diff: 63.356359004974365
waiting
going to web site
Hello world	Thread-35	2

time: 946686805.634641
diff: 112.36535894870758
waiting
going to web site
Hello world	Thread-61	2

time: 946686918.63464
diff: 40.36536002159119
waiting
going to web site
Hello world	Thread-76	2

time: 946686959.643641
diff: 144.35635900497437
waiting
going to web site
Hello world	Thread-117	2

time: 946687104.634641
diff: 90.36535894870758
waiting
going to web site
Hello world	Thread-138	2

time: 946687195.63464
diff: 79.36536002159119
waiting
going to web site
Hello world	Thread-158	2

time: 946687275.524757
diff: 91.47524297237396
waiting
going to web site
Hello world	Thread-193	2

time: 946687367.5167559
diff: 118.48324406147003
waiting
going to web site
Hello world	Thread-226	2

time: 946687486.516757
diff: 61.483242988586426
waiting
going to web site
Hello world	Thread-243	2

time: 946687548.5167559
diff: 103.48324406147003
waiting
going to web site
Hello world	Thread-266	2

time: 946687652.5257571
diff: 42.47424292564392
waiting
going to web site
Hello world	Thread-277	2

time: 946687695.5167559
diff: 95.48324406147003
waiting
going to web site
Hello world	Thread-310	3

time: 946687791.516757
diff: 93.48324298858643
waiting
going to web site
Hello world	Thread-344	4

time: 946687885.5167559
diff: 88.48324406147003
waiting
going to web site
Hello world	Thread-372	2

