time: 946686600.0
diff: 254.0
waiting
going to web site
Hello world	Thread-474	6

time: 946686854.53482
diff: 21.465180039405823
waiting
going to web site
Hello world	Thread-546	6

time: 946686876.5444089
diff: 2.455591082572937
waiting
going to web site
Hello world	Thread-1432	4

time: 946686879.542272
diff: 18.457728028297424
waiting
going to web site
Hello world	Thread-634	8

time: 946686898.539065
diff: 12.46093499660492
waiting
going to web site
Hello world	Thread-679	8

time: 946686911.551988
diff: 7.448011994361877
waiting
going to web site
Hello world	Thread-1645	5

time: 946686919.532064
diff: -0.5320639610290527
going to web site
Hello world	Thread-1652	4

time: 946686920.068128
diff: -0.06812798976898193
going to web site
Hello world	Thread-1654	7

time: 946686920.5971919
diff: -0.5971919298171997
going to web site
Hello world	Thread-1662	2

time: 946686921.1232561
diff: -1.1232560873031616
going to web site
Hello world	Thread-1666	5

time: 946686921.66232
diff: -1.6623200178146362
going to web site
Hello world	Thread-1670	3

time: 946686922.188384
diff: -2.1883840560913086
going to web site
Hello world	Thread-1672	4

time: 946686922.722448
diff: -2.722447991371155
going to web site
Hello world	Thread-1677	3

time: 946686923.248512
diff: -3.248512029647827
going to web site
Hello world	Thread-1680	4

time: 946686923.7815759
diff: -2.781575918197632
going to web site
Hello world	Thread-1686	3

time: 946686924.3156401
diff: -3.315640091896057
going to web site
Hello world	Thread-1690	6

time: 946686924.847367
diff: -3.84736704826355
going to web site
Hello world	Thread-1694	2

time: 946686925.381431
diff: -4.381430983543396
going to web site
Hello world	Thread-1698	5

time: 946686925.908495
diff: -4.90849494934082
going to web site
Hello world	Thread-1700	4

time: 946686926.442559
diff: -5.442559003829956
going to web site
Hello world	Thread-1705	4

time: 946686926.9686229
diff: -5.968622922897339
going to web site
Hello world	Thread-1710	4

time: 946686927.494687
diff: -6.494686961174011
going to web site
Hello world	Thread-1712	4

time: 946686928.020751
diff: -7.020750999450684
going to web site
Hello world	Thread-1715	5

time: 946686928.5548149
diff: -7.55481493473053
going to web site
Hello world	Thread-1720	4

time: 946686929.088879
diff: -8.088878989219666
going to web site
Hello world	Thread-1725	3

time: 946686929.627943
diff: -8.62794303894043
going to web site
Hello world	Thread-1729	5

time: 946686930.1610069
diff: -6.161006927490234
going to web site
Hello world	Thread-1731	3

time: 946686930.702534
diff: -2.7025339603424072
going to web site
Hello world	Thread-1736	5

time: 946686931.234598
diff: 2.7654019594192505
waiting
going to web site
Hello world	Thread-776	5

time: 946686934.5350641
diff: 1.4649358987808228
waiting
going to web site
Hello world	Thread-1770	5

time: 946686936.5350641
diff: -0.5350641012191772
going to web site
Hello world	Thread-1774	2

time: 946686937.070128
diff: -1.0701279640197754
going to web site
Hello world	Thread-1777	3

time: 946686937.596192
diff: 18.403807997703552
waiting
going to web site
Hello world	Thread-879	6

time: 946686956.526064
diff: 10.473935961723328
waiting
going to web site
Hello world	Thread-922	6

time: 946686967.526064
diff: 3.4739359617233276
waiting
going to web site
Hello world	Thread-1895	5

time: 946686971.5350641
diff: 14.464935898780823
waiting
going to web site
Hello world	Thread-1010	4

time: 946686986.531064
diff: 20.4689359664917
waiting
going to web site
Hello world	Thread-1113	4

time: 946687007.531064
diff: 17.4689359664917
waiting
going to web site
Hello world	Thread-1191	7

time: 946687025.542601
diff: 13.457399010658264
waiting
going to web site
Hello world	Thread-1259	7

time: 946687039.5350649
diff: 30.464935064315796
waiting
going to web site
Hello world	Thread-1403	7

time: 946687070.544065
diff: 27.45593500137329
waiting
going to web site
Hello world	Thread-1526	7

time: 946687098.540113
diff: 26.45988702774048
waiting
going to web site
Hello world	Thread-1642	7

time: 946687125.540065
diff: 24.459934949874878
waiting
going to web site
Hello world	Thread-1749	5

time: 946687150.5350641
diff: 14.464935898780823
waiting
going to web site
Hello world	Thread-1811	4

time: 946687165.5350641
diff: 25.464935898780823
waiting
going to web site
Hello world	Thread-1917	6

time: 946687191.5350641
diff: 22.464935898780823
waiting
going to web site
Hello world	Thread-2009	6

time: 946687214.532064
diff: 33.46793603897095
waiting
going to web site
Hello world	Thread-2153	4

time: 946687248.544065
diff: 23.45593500137329
waiting
going to web site
Hello world	Thread-2265	7

time: 946687272.541065
diff: 9.458935022354126
waiting
going to web site
Hello world	Thread-2314	8

time: 946687282.5350649
diff: 28.464935064315796
waiting
going to web site
Hello world	Thread-2441	6

time: 946687311.541065
diff: 18.458935022354126
waiting
going to web site
Hello world	Thread-2519	6

time: 946687330.544065
diff: 36.45593500137329
waiting
going to web site
Hello world	Thread-2683	7

time: 946687367.533065
diff: 14.46693503856659
waiting
going to web site
Hello world	Thread-2754	5

time: 946687382.542065
diff: 33.457934975624084
waiting
going to web site
Hello world	Thread-2905	5

time: 946687416.526064
diff: 22.473935961723328
waiting
going to web site
Hello world	Thread-2997	5

time: 946687439.5350641
diff: 9.464935898780823
waiting
going to web site
Hello world	Thread-3041	6

time: 946687449.532064
diff: 17.467936038970947
waiting
going to web site
Hello world	Thread-3129	3

time: 946687467.819193
diff: 18.18080699443817
waiting
going to web site
Hello world	Thread-3209	4

time: 946687486.805192
diff: 23.19480800628662
waiting
going to web site
Hello world	Thread-3305	5

time: 946687510.7971929
diff: 17.202807068824768
waiting
going to web site
Hello world	Thread-3391	5

time: 946687528.8120241
diff: 21.187975883483887
waiting
going to web site
Hello world	Thread-3485	5

time: 946687550.797192
diff: 30.202808022499084
waiting
going to web site
Hello world	Thread-3621	5

time: 946687581.802193
diff: 15.19780695438385
waiting
going to web site
Hello world	Thread-3689	2

time: 946687597.8061451
diff: 39.19385492801666
waiting
going to web site
Hello world	Thread-3867	2

time: 946687637.802192
diff: 5.197808027267456
waiting
going to web site
Hello world	Thread-3887	3

time: 946687643.7971929
diff: 37.20280706882477
waiting
going to web site
Hello world	Thread-4054	6

time: 946687681.7971929
diff: 23.202807068824768
waiting
going to web site
Hello world	Thread-4162	3

time: 946687705.802193
diff: 20.19780695438385
waiting
going to web site
Hello world	Thread-4255	5

time: 946687726.802192
diff: 19.197808027267456
waiting
going to web site
Hello world	Thread-4344	5

time: 946687746.802193
diff: 30.19780695438385
waiting
going to web site
Hello world	Thread-4483	5

time: 946687777.797192
diff: 27.202808022499084
waiting
going to web site
Hello world	Thread-4606	5

time: 946687805.8031449
diff: 15.196855068206787
waiting
going to web site
Hello world	Thread-4677	6

time: 946687821.7971929
diff: 18.202807068824768
waiting
going to web site
Hello world	Thread-4761	6

time: 946687840.7971929
diff: 12.202807068824768
waiting
going to web site
Hello world	Thread-4824	4

time: 946687853.8031449
diff: 32.19685506820679
waiting
going to web site
Hello world	Thread-4969	6

time: 946687886.7971929
diff: 12.202807068824768
waiting
going to web site
Hello world	Thread-5036	4

time: 946687899.8031449
diff: 14.196855068206787
waiting
going to web site
Hello world	Thread-5104	4

time: 946687914.802827
diff: 22.19717299938202
waiting
going to web site
Hello world	Thread-5209	4

time: 946687937.797192
diff: 26.202808022499084
waiting
going to web site
Hello world	Thread-5335	6

time: 946687964.802193
diff: 13.19780695438385
waiting
going to web site
Hello world	Thread-5411	5

time: 946687978.797192
diff: 37.202808022499084
waiting
going to web site
Hello world	Thread-5584	6

time: 946688016.7971929
diff: 7.202807068824768
waiting
going to web site
Hello world	Thread-5614	5

time: 946688024.8001931
diff: 29.199806928634644
waiting
going to web site
Hello world	Thread-5753	6

time: 946688054.797192
diff: 26.202808022499084
waiting
going to web site
Hello world	Thread-5873	3

time: 946688081.841833
diff: 23.158167004585266
waiting
going to web site
Hello world	Thread-5973	5

time: 946688105.832833
diff: 11.167166948318481
waiting
going to web site
Hello world	Thread-6023	4

time: 946688117.832832
diff: 29.167168021202087
waiting
going to web site
Hello world	Thread-6175	3

time: 946688150.845833
diff: 4.154167056083679
waiting
going to web site
Hello world	Thread-6192	2

time: 946688155.841833
diff: 29.158167004585266
waiting
going to web site
Hello world	Thread-6321	3

time: 946688185.834833
diff: 15.165166974067688
waiting
going to web site
Hello world	Thread-6386	4

time: 946688201.832832
diff: 22.167168021202087
waiting
going to web site
Hello world	Thread-6497	2

time: 946688224.859833
diff: 32.140166997909546
waiting
going to web site
Hello world	Thread-6637	3

time: 946688257.832832
diff: 13.167168021202087
waiting
going to web site
Hello world	Thread-6699	2

time: 946688272.842833
diff: 24.157166957855225
waiting
going to web site
Hello world	Thread-6807	3

time: 946688297.832832
diff: 23.167168021202087
waiting
going to web site
Hello world	Thread-6921	3

time: 946688321.832833
diff: 24.16716694831848
waiting
going to web site
Hello world	Thread-7023	5

time: 946688346.832832
diff: 30.167168021202087
waiting
going to web site
Hello world	Thread-7174	2

time: 946688378.841833
diff: 31.158167004585266
waiting
going to web site
Hello world	Thread-7314	2

time: 946688410.848833
diff: 16.151167035102844
waiting
going to web site
Hello world	Thread-7390	4

time: 946688427.832833
diff: 19.16716694831848
waiting
going to web site
Hello world	Thread-7475	3

time: 946688447.832832
diff: 18.167168021202087
waiting
going to web site
Hello world	Thread-7561	2

time: 946688466.832833
diff: 31.16716694831848
waiting
going to web site
Hello world	Thread-7703	4

time: 946688498.832832
diff: 15.167168021202087
waiting
going to web site
Hello world	Thread-7775	2

time: 946688514.832833
diff: 21.16716694831848
waiting
going to web site
Hello world	Thread-7867	3

time: 946688536.851833
diff: 14.14816701412201
waiting
going to web site
Hello world	Thread-7928	2

time: 946688551.832833
diff: 9.167166948318481
waiting
going to web site
Hello world	Thread-7979	5

time: 946688561.832832
diff: 36.16716802120209
waiting
going to web site
Hello world	Thread-8139	2

time: 946688598.841833
diff: 5.158167004585266
waiting
going to web site
Hello world	Thread-8167	2

time: 946688604.841833
diff: 16.158167004585266
waiting
going to web site
Hello world	Thread-8242	2

time: 946688621.832833
diff: 36.16716694831848
waiting
going to web site
Hello world	Thread-8399	3

time: 946688658.836832
diff: 17.16316795349121
waiting
going to web site
Hello world	Thread-8467	4

time: 946688676.832832
diff: 37.16716802120209
waiting
going to web site
Hello world	Thread-8627	4

time: 946688714.841833
diff: 13.158167004585266
waiting
going to web site
Hello world	Thread-8688	3

time: 946688728.841833
diff: 36.158167004585266
waiting
going to web site
Hello world	Thread-8829	5

time: 946688765.841833
diff: 28.158167004585266
waiting
going to web site
Hello world	Thread-8943	4

time: 946688795.841833
diff: 18.158167004585266
waiting
going to web site
Hello world	Thread-9030	5

time: 946688814.832833
diff: 26.16716694831848
waiting
going to web site
Hello world	Thread-9139	5

time: 946688841.832832
diff: 16.167168021202087
waiting
going to web site
Hello world	Thread-9217	2

time: 946688859.841833
diff: 23.158167004585266
waiting
going to web site
Hello world	Thread-9320	3

time: 946688884.848833
diff: 19.151167035102844
waiting
going to web site
Hello world	Thread-9408	3

time: 946688904.841833
diff: 34.158167004585266
waiting
going to web site
Hello world	Thread-9562	3

time: 946688939.841833
diff: 29.158167004585266
waiting
going to web site
Hello world	Thread-9714	2

time: 946688972.851833
diff: 18.14816701412201
waiting
going to web site
Hello world	Thread-9799	3

time: 946688991.836833
diff: 30.163166999816895
waiting
going to web site
Hello world	Thread-9941	2

time: 946689022.832832
diff: 9.167168021202087
waiting
going to web site
Hello world	Thread-9995	2

time: 946689033.841833
diff: 18.158167004585266
waiting
going to web site
Hello world	Thread-10072	4

time: 946689052.841833
diff: 19.158167004585266
waiting
going to web site
Hello world	Thread-10175	2

time: 946689073.851833
diff: 26.14816701412201
waiting
going to web site
Hello world	Thread-10297	4

time: 946689100.841833
diff: 13.158167004585266
waiting
going to web site
Hello world	Thread-10366	3

time: 946689114.851833
diff: 14.14816701412201
waiting
going to web site
Hello world	Thread-10443	2

time: 946689130.8688331
diff: 35.13116693496704
waiting
going to web site
Hello world	Thread-10612	2

time: 946689166.832832
diff: 10.167168021202087
waiting
going to web site
Hello world	Thread-10667	3

time: 946689178.844833
diff: 21.15516698360443
waiting
going to web site
Hello world	Thread-10780	2

time: 946689200.832832
diff: 2.1671680212020874
waiting
going to web site
Hello world	Thread-10796	2

time: 946689203.845833
diff: 21.15416705608368
waiting
going to web site
Hello world	Thread-10898	2

time: 946689225.841833
diff: 19.158167004585266
waiting
going to web site
Hello world	Thread-10996	4

time: 946689246.841833
diff: 27.158167004585266
waiting
going to web site
Hello world	Thread-11127	3

time: 946689274.841833
diff: 32.158167004585266
waiting
going to web site
Hello world	Thread-11287	2

time: 946689307.832833
diff: 13.167166948318481
waiting
going to web site
Hello world	Thread-11357	4

time: 946689321.8367119
diff: 21.163288116455078
waiting
going to web site
Hello world	Thread-11456	3

time: 946689343.839713
diff: 26.160287022590637
waiting
going to web site
Hello world	Thread-11580	6

time: 946689370.836713
diff: 16.163287043571472
waiting
going to web site
Hello world	Thread-11665	2

time: 946689387.836713
diff: 28.163287043571472
waiting
going to web site
Hello world	Thread-11788	6

time: 946689416.836713
diff: 14.163287043571472
waiting
going to web site
Hello world	Thread-11866	3

time: 946689431.839713
diff: 17.160287022590637
waiting
going to web site
Hello world	Thread-11936	3

time: 946689449.836713
diff: 20.163287043571472
waiting
going to web site
Hello world	Thread-12036	3

time: 946689470.839713
diff: 23.160287022590637
waiting
going to web site
Hello world	Thread-12157	3

time: 946689495.836713
diff: 24.163287043571472
waiting
going to web site
Hello world	Thread-12266	4

time: 946689521.836713
diff: 19.163287043571472
waiting
going to web site
Hello world	Thread-12362	4

time: 946689541.836713
diff: 12.163287043571472
waiting
going to web site
Hello world	Thread-12423	5

time: 946689554.836713
diff: 22.163287043571472
waiting
going to web site
Hello world	Thread-12523	2

time: 946689577.836713
diff: 10.163287043571472
waiting
going to web site
Hello world	Thread-12581	4

time: 946689588.8407129
diff: 30.159287095069885
waiting
going to web site
Hello world	Thread-12713	6

time: 946689619.839713
diff: 31.160287022590637
waiting
going to web site
Hello world	Thread-12863	4

time: 946689651.836713
diff: 22.163287043571472
waiting
going to web site
Hello world	Thread-12972	4

time: 946689674.8407129
diff: 30.159287095069885
waiting
going to web site
Hello world	Thread-13115	4

time: 946689705.836713
diff: 23.163287043571472
waiting
going to web site
Hello world	Thread-13215	5

time: 946689729.836713
diff: 24.163287043571472
waiting
going to web site
Hello world	Thread-13339	4

time: 946689754.836713
diff: 8.163287043571472
waiting
going to web site
Hello world	Thread-13381	3

time: 946689763.836713
diff: 12.163287043571472
waiting
going to web site
Hello world	Thread-13434	2

time: 946689776.836713
diff: 21.163287043571472
waiting
going to web site
Hello world	Thread-13537	2

time: 946689798.852713
diff: 30.147287011146545
waiting
going to web site
Hello world	Thread-13675	4

time: 946689829.836713
diff: 17.163287043571472
waiting
going to web site
Hello world	Thread-13767	3

time: 946689847.836713
diff: 19.163287043571472
waiting
going to web site
Hello world	Thread-13863	3

time: 946689867.8407129
diff: 18.159287095069885
waiting
going to web site
Hello world	Thread-13948	3

time: 946689886.836713
diff: 8.163287043571472
waiting
going to web site
Hello world	Thread-13982	5

time: 946689895.836713
diff: 26.163287043571472
waiting
going to web site
Hello world	Thread-14099	6

time: 946689922.544065
diff: 23.45593500137329
waiting
going to web site
Hello world	Thread-14209	7

time: 946689946.5350649
diff: 28.464935064315796
waiting
going to web site
Hello world	Thread-14326	3

time: 946689975.5350649
diff: 24.464935064315796
waiting
going to web site
Hello world	Thread-14443	3

time: 946690000.526065
diff: 21.47393500804901
waiting
going to web site
Hello world	Thread-14539	4

time: 946690022.543065
diff: 16.456935048103333
waiting
going to web site
Hello world	Thread-14608	7

time: 946690039.5480651
diff: 26.451934933662415
waiting
going to web site
Hello world	Thread-14726	4

time: 946690066.5350641
diff: 13.464935898780823
waiting
going to web site
Hello world	Thread-14774	7

time: 946690080.5350641
diff: 25.464935898780823
waiting
going to web site
Hello world	Thread-14899	7

time: 946690106.526064
diff: 29.473935961723328
waiting
going to web site
Hello world	Thread-15022	7

time: 946690136.534064
diff: 32.465935945510864
waiting
going to web site
Hello world	Thread-15162	5

time: 946690169.5350641
diff: 27.464935898780823
waiting
going to web site
Hello world	Thread-15277	5

time: 946690197.5350641
diff: 7.464935898780823
waiting
going to web site
Hello world	Thread-15316	5

time: 946690205.5350641
diff: 21.464935898780823
waiting
going to web site
Hello world	Thread-15413	7

time: 946690227.5350641
diff: 28.464935898780823
waiting
going to web site
Hello world	Thread-15536	4

time: 946690256.5350641
diff: 9.464935898780823
waiting
going to web site
Hello world	Thread-15583	5

time: 946690266.534064
diff: 34.465935945510864
waiting
going to web site
Hello world	Thread-15731	7

time: 946690301.5345191
diff: 26.46548092365265
waiting
going to web site
Hello world	Thread-15849	5

time: 946690328.5350641
diff: 19.464935898780823
waiting
going to web site
Hello world	Thread-15934	6

time: 946690348.534064
diff: 26.465935945510864
waiting
going to web site
Hello world	Thread-16051	7

time: 946690375.530417
diff: 24.46958303451538
waiting
going to web site
Hello world	Thread-16158	5

time: 946690400.540065
diff: 10.459934949874878
waiting
going to web site
Hello world	Thread-16208	3

time: 946690411.526064
diff: 31.473935961723328
waiting
going to web site
Hello world	Thread-16348	7

time: 946690443.5290639
diff: 13.470936059951782
waiting
going to web site
Hello world	Thread-16409	6

time: 946690457.545
diff: 22.455000042915344
waiting
going to web site
Hello world	Thread-16509	3

time: 946690480.526065
diff: 32.47393500804901
waiting
going to web site
Hello world	Thread-16654	6

time: 946690513.541065
diff: 18.458935022354126
waiting
going to web site
Hello world	Thread-16737	4

time: 946690532.841833
diff: 26.158167004585266
waiting
going to web site
Hello world	Thread-16853	4

time: 946690559.841897
diff: 29.158102989196777
waiting
going to web site
Hello world	Thread-16986	3

time: 946690589.832832
diff: 18.167168021202087
waiting
going to web site
Hello world	Thread-17061	3

time: 946690608.832833
diff: 27.16716694831848
waiting
going to web site
Hello world	Thread-17187	5

time: 946690636.832832
diff: 19.167168021202087
waiting
going to web site
Hello world	Thread-17270	2

time: 946690656.841833
diff: 16.158167004585266
waiting
going to web site
Hello world	Thread-17337	2

time: 946690673.832833
diff: 12.167166948318481
waiting
going to web site
Hello world	Thread-17402	4

time: 946690686.836832
diff: 23.16316795349121
waiting
going to web site
Hello world	Thread-17506	4

time: 946690710.836832
diff: 24.16316795349121
waiting
going to web site
Hello world	Thread-17617	4

time: 946690735.836832
diff: 12.163167953491211
waiting
going to web site
Hello world	Thread-17669	6

time: 946690748.832832
diff: 39.16716802120209
waiting
going to web site
Hello world	Thread-17854	2

time: 946690789.851833
diff: 14.14816701412201
waiting
going to web site
Hello world	Thread-17913	2

time: 946690804.842833
diff: 30.157166957855225
waiting
going to web site
Hello world	Thread-18048	2

time: 946690835.832832
diff: 28.167168021202087
waiting
going to web site
Hello world	Thread-18161	2

time: 946690864.841833
diff: 22.158167004585266
waiting
going to web site
Hello world	Thread-18264	2

time: 946690887.841833
diff: 17.158167004585266
waiting
going to web site
Hello world	Thread-18341	2

time: 946690905.841833
diff: 24.158167004585266
waiting
going to web site
Hello world	Thread-18446	2

time: 946690930.841833
diff: 15.158167004585266
waiting
going to web site
Hello world	Thread-18514	2

time: 946690946.841833
diff: 36.158167004585266
waiting
going to web site
Hello world	Thread-18671	2

time: 946690983.841833
diff: 13.158167004585266
waiting
going to web site
Hello world	Thread-18736	2

time: 946690997.841833
diff: 17.158167004585266
waiting
going to web site
Hello world	Thread-18814	2

time: 946691015.858381
diff: 26.141618967056274
waiting
going to web site
Hello world	Thread-18929	6

time: 946691042.832832
diff: 28.167168021202087
waiting
going to web site
Hello world	Thread-19054	2

time: 946691071.832833
diff: 27.16716694831848
waiting
going to web site
Hello world	Thread-19183	3

time: 946691099.832832
diff: 9.167168021202087
waiting
going to web site
Hello world	Thread-19227	3

time: 946691109.841833
diff: 22.158167004585266
waiting
going to web site
Hello world	Thread-19331	3

time: 946691132.841833
diff: 18.158167004585266
waiting
going to web site
Hello world	Thread-19420	3

time: 946691151.841833
diff: 27.158167004585266
waiting
going to web site
Hello world	Thread-19543	2

time: 946691179.832833
diff: 28.16716694831848
waiting
going to web site
Hello world	Thread-19670	5

time: 946691208.832832
diff: 19.167168021202087
waiting
going to web site
Hello world	Thread-19767	3

time: 946691228.833833
diff: 15.16616702079773
waiting
going to web site
Hello world	Thread-19834	2

time: 946691244.841833
diff: 23.158167004585266
waiting
going to web site
Hello world	Thread-19955	4

time: 946691268.841833
diff: 15.158167004585266
waiting
going to web site
Hello world	Thread-20025	2

time: 946691284.841833
diff: 27.158167004585266
waiting
going to web site
Hello world	Thread-20162	3

time: 946691313.851665
diff: 13.148334980010986
waiting
going to web site
Hello world	Thread-20230	2

time: 946691327.832832
diff: 28.167168021202087
waiting
going to web site
Hello world	Thread-20360	2

time: 946691356.832833
diff: 20.16716694831848
waiting
going to web site
Hello world	Thread-20470	2

time: 946691377.832832
diff: 14.167168021202087
waiting
going to web site
Hello world	Thread-20548	2

time: 946691392.841833
diff: 28.158167004585266
waiting
going to web site
Hello world	Thread-20695	2

time: 946691422.842833
diff: 26.157166957855225
waiting
going to web site
Hello world	Thread-20819	2

time: 946691449.832832
diff: -0.8328319787979126
going to web site
Hello world	Thread-20820	5

time: 946691450.665664
diff: 25.334336042404175
waiting
going to web site
Hello world	Thread-20948	2

time: 946691477.841833
diff: 19.158167004585266
waiting
going to web site
Hello world	Thread-21060	2

time: 946691500.860833
diff: 16.139166951179504
waiting
going to web site
Hello world	Thread-21132	5

time: 946691517.836832
diff: 13.163167953491211
waiting
going to web site
Hello world	Thread-21201	2

time: 946691531.832832
diff: 31.167168021202087
waiting
going to web site
Hello world	Thread-21350	3

time: 946691563.832833
diff: 28.16716694831848
waiting
going to web site
Hello world	Thread-21479	3

time: 946691592.832832
diff: 12.167168021202087
waiting
going to web site
Hello world	Thread-21540	2

time: 946691605.832833
diff: 27.16716694831848
waiting
going to web site
Hello world	Thread-21664	4

time: 946691633.832832
diff: 3.1671680212020874
waiting
going to web site
Hello world	Thread-21685	2

time: 946691637.841833
diff: 29.158167004585266
waiting
going to web site
Hello world	Thread-21806	3

time: 946691667.842833
diff: 20.157166957855225
waiting
going to web site
Hello world	Thread-21903	4

time: 946691688.832832
diff: 15.167168021202087
waiting
going to web site
Hello world	Thread-21978	5

time: 946691704.832833
diff: 28.16716694831848
waiting
going to web site
Hello world	Thread-22106	4

time: 946691733.832832
diff: 43.16716802120209
waiting
going to web site
Hello world	Thread-22296	3

time: 946691777.832833
diff: 5.1671669483184814
waiting
going to web site
Hello world	Thread-22313	5

time: 946691783.832832
diff: 32.16716802120209
waiting
going to web site
Hello world	Thread-22467	3

time: 946691816.860833
diff: 28.139166951179504
waiting
going to web site
Hello world	Thread-22587	4

time: 946691845.832832
diff: 20.167168021202087
waiting
going to web site
Hello world	Thread-22683	6

time: 946691866.832833
diff: 12.167166948318481
waiting
going to web site
Hello world	Thread-22744	5

time: 946691879.832832
diff: 15.167168021202087
waiting
going to web site
Hello world	Thread-22816	5

time: 946691895.841833
diff: 39.158167004585266
waiting
going to web site
Hello world	Thread-22991	4

time: 946691935.841833
diff: 16.158167004585266
waiting
going to web site
Hello world	Thread-23081	4

time: 946691953.841833
diff: 8.158167004585266
waiting
going to web site
Hello world	Thread-23124	2

time: 946691962.841833
diff: 37.158167004585266
waiting
going to web site
Hello world	Thread-23308	4

time: 946692001.8510411
diff: 9.148958921432495
waiting
going to web site
Hello world	Thread-23349	5

time: 946692011.836832
diff: 22.16316795349121
waiting
going to web site
Hello world	Thread-23459	3

time: 946692034.832832
diff: 24.167168021202087
waiting
going to web site
Hello world	Thread-23587	4

time: 946692059.841833
diff: 20.158167004585266
waiting
going to web site
Hello world	Thread-23682	2

time: 946692080.841833
diff: 25.158167004585266
waiting
going to web site
Hello world	Thread-23802	6

time: 946692106.841833
diff: 8.158167004585266
waiting
going to web site
Hello world	Thread-23851	3

time: 946692115.841833
diff: 28.158167004585266
waiting
going to web site
Hello world	Thread-23987	4

time: 946692144.841833
diff: 19.158167004585266
waiting
going to web site
Hello world	Thread-24079	3

time: 946692164.842417
diff: 9.157582998275757
waiting
going to web site
Hello world	Thread-24121	5

time: 946692174.832832
diff: 32.16716802120209
waiting
going to web site
Hello world	Thread-24272	6

time: 946692207.841833
diff: 9.158167004585266
waiting
going to web site
Hello world	Thread-24319	3

time: 946692217.841833
diff: 18.158167004585266
waiting
going to web site
Hello world	Thread-24407	3

time: 946692237.841833
diff: 14.158167004585266
waiting
going to web site
Hello world	Thread-24474	3

time: 946692252.841833
diff: 26.158167004585266
waiting
going to web site
Hello world	Thread-24606	5

time: 946692279.841833
diff: 15.158167004585266
waiting
going to web site
Hello world	Thread-24669	6

time: 946692295.851697
diff: 25.148303031921387
waiting
going to web site
Hello world	Thread-24793	3

time: 946692321.841833
diff: 36.158167004585266
waiting
going to web site
Hello world	Thread-24947	5

time: 946692358.841833
diff: 10.158167004585266
waiting
going to web site
Hello world	Thread-24997	5

time: 946692370.841833
diff: 26.158167004585266
waiting
going to web site
Hello world	Thread-25121	2

time: 946692398.8588331
diff: 26.141166925430298
waiting
going to web site
Hello world	Thread-25227	4

time: 946692425.832832
diff: 17.167168021202087
waiting
going to web site
Hello world	Thread-25304	3

time: 946692443.832833
diff: 24.16716694831848
waiting
going to web site
Hello world	Thread-25406	5

time: 946692468.832832
diff: 19.167168021202087
waiting
going to web site
Hello world	Thread-25497	4

time: 946692489.841833
diff: 39.158167004585266
waiting
going to web site
Hello world	Thread-25663	2

time: 946692529.851833
diff: 23.14816701412201
waiting
going to web site
Hello world	Thread-25771	2

time: 946692554.851833
diff: 21.14816701412201
waiting
going to web site
Hello world	Thread-25874	3

time: 946692577.841833
diff: 3.158167004585266
waiting
going to web site
Hello world	Thread-25889	2

time: 946692581.836833
diff: 40.163166999816895
waiting
going to web site
Hello world	Thread-26064	3

time: 946692622.832832
diff: 21.167168021202087
waiting
going to web site
Hello world	Thread-26143	5

time: 946692644.841833
diff: 6.158167004585266
waiting
going to web site
Hello world	Thread-26172	4

time: 946692651.841833
diff: 39.158167004585266
waiting
going to web site
Hello world	Thread-26314	4

time: 946692691.841833
diff: 13.158167004585266
waiting
going to web site
Hello world	Thread-26360	2

time: 946692705.841833
diff: 30.158167004585266
waiting
going to web site
Hello world	Thread-26456	3

time: 946692736.845833
diff: 21.15416705608368
waiting
going to web site
Hello world	Thread-26509	2

time: 946692758.841833
diff: 25.158167004585266
waiting
going to web site
Hello world	Thread-26572	2

time: 946692784.841833
diff: 20.158167004585266
waiting
going to web site
Hello world	Thread-26618	3

time: 946692805.8418959
diff: 24.158104062080383
waiting
going to web site
Hello world	Thread-26666	2

time: 946692830.841833
diff: 18.158167004585266
waiting
going to web site
Hello world	Thread-26693	3

