time: 946686600.0
diff: 0.0
going to web site
Hello world	Thread-259	9

time: 946686841.935105
diff: -121.93510496616364
going to web site
Hello world	Thread-269	8

time: 946686842.5873101
diff: -1.5873100757598877
going to web site
Hello world	Thread-279	4

time: 946686843.2450941
diff: 117.75490593910217
waiting
going to web site
Hello world	Thread-469	2

time: 946686976.645784
diff: 104.35421597957611
waiting
going to web site
Hello world	Thread-659	2

time: 946687201.918416
diff: -60.918416023254395
going to web site
Hello world	Thread-664	8

time: 946687202.527296
diff: -1.5272959470748901
going to web site
Hello world	Thread-673	2

time: 946687203.129952
diff: 57.87004804611206
waiting
going to web site
Hello world	Thread-780	4

time: 946687292.590656
diff: 29.409343957901
waiting
going to web site
Hello world	Thread-818	6

time: 946687323.588656
diff: 58.411344051361084
waiting
going to web site
Hello world	Thread-886	3

time: 946687383.586657
diff: 58.41334295272827
waiting
going to web site
Hello world	Thread-971	4

time: 946687445.588657
diff: 56.41134297847748
waiting
going to web site
Hello world	Thread-1049	5

time: 946687509.590656
diff: 112.409343957901
waiting
going to web site
Hello world	Thread-1146	7

time: 946687623.595451
diff: 118.4045490026474
waiting
going to web site
Hello world	Thread-1303	4

time: 946687749.590656
diff: 53.409343957901
waiting
going to web site
Hello world	Thread-1367	6

time: 946687806.580656
diff: 56.41934394836426
waiting
going to web site
Hello world	Thread-1438	2

time: 946687866.589968
diff: 116.41003203392029
waiting
going to web site
Hello world	Thread-1599	5

time: 946687998.5896571
diff: 44.41034293174744
waiting
going to web site
Hello world	Thread-1750	4

time: 946688164.0114591
diff: -1.0114591121673584
going to web site
Hello world	Thread-1766	5

time: 946688165.599115
diff: 57.40088498592377
waiting
going to web site
Hello world	Thread-1925	3

time: 946688344.10944
diff: -60.109439969062805
going to web site
Hello world	Thread-1933	3

time: 946688344.764634
diff: -0.7646340131759644
going to web site
Hello world	Thread-1943	3

