time: 946686600.0
diff: 0.0
going to web site
Hello world	Thread-144	5

time: 946686735.828145
diff: -75.82814502716064
going to web site
Hello world	Thread-149	6

time: 946686736.4088011
diff: 43.59119892120361
waiting
going to web site
Hello world	Thread-230	3

time: 946686811.590656
diff: 88.409343957901
waiting
going to web site
Hello world	Thread-370	4

time: 946686907.608657
diff: 113.39134299755096
waiting
going to web site
Hello world	Thread-527	6

time: 946687052.600518
diff: 28.399482011795044
waiting
going to web site
Hello world	Thread-575	3

time: 946687112.590656
diff: 28.409343957901
waiting
going to web site
Hello world	Thread-648	2

time: 946687172.590656
diff: 28.409343957901
waiting
going to web site
Hello world	Thread-679	6

time: 946687204.580656
diff: 116.41934394836426
waiting
going to web site
Hello world	Thread-947	2

time: 946687443.0009739
diff: -62.00097393989563
going to web site
Hello world	Thread-974	2

time: 946687446.692206
diff: 55.307793974876404
waiting
going to web site
Hello world	Thread-1137	5

time: 946687622.90839
diff: -60.908390045166016
going to web site
Hello world	Thread-1143	8

time: 946687623.525312
diff: 58.4746880531311
waiting
going to web site
Hello world	Thread-1341	7

time: 946687803.9436561
diff: -61.94365608692169
going to web site
Hello world	Thread-1349	7

time: 946687804.524312
diff: -2.5243120193481445
going to web site
Hello world	Thread-1355	3

time: 946687805.1049681
diff: 116.89503192901611
waiting
going to web site
Hello world	Thread-1524	2

time: 946687937.590656
diff: 105.409343957901
waiting
going to web site
Hello world	Thread-1649	5

time: 946688046.582656
diff: 56.417343974113464
waiting
going to web site
Hello world	Thread-1698	3

time: 946688104.580656
diff: 58.41934394836426
waiting
going to web site
Hello world	Thread-1790	5

time: 946688194.590656
diff: 88.409343957901
waiting
going to web site
Hello world	Thread-1888	7

