time: 946686600.0
diff: 310.0
waiting
going to web site
Hello world	Thread-1576	7

time: 946686910.540113
diff: 2.4598870277404785
waiting
going to web site
Hello world	Thread-1596	3

time: 946686913.542133
diff: -0.5421329736709595
going to web site
Hello world	Thread-1598	2

time: 946686914.068197
diff: -0.06819701194763184
going to web site
Hello world	Thread-1602	4

time: 946686914.6032611
diff: -0.6032611131668091
going to web site
Hello world	Thread-1606	4

time: 946686915.141253
diff: -1.1412529945373535
going to web site
Hello world	Thread-1610	4

time: 946686915.670317
diff: -1.6703170537948608
going to web site
Hello world	Thread-1613	3

time: 946686916.205381
diff: -2.2053810358047485
going to web site
Hello world	Thread-1619	6

time: 946686916.732445
diff: -1.7324450016021729
going to web site
Hello world	Thread-1623	4

time: 946686917.2725091
diff: -2.2725090980529785
going to web site
Hello world	Thread-1631	5

time: 946686917.806573
diff: 4.193426966667175
waiting
going to web site
Hello world	Thread-726	4

time: 946686922.548192
diff: 9.451807975769043
waiting
going to web site
Hello world	Thread-764	6

time: 946686932.538715
diff: 14.46128499507904
waiting
going to web site
Hello world	Thread-1821	4

time: 946686947.540065
diff: 0.45993494987487793
waiting
going to web site
Hello world	Thread-1827	2

time: 946686948.5350641
diff: 1.4649358987808228
waiting
going to web site
Hello world	Thread-1832	3

time: 946686950.5330639
diff: 0.4669361114501953
waiting
going to web site
Hello world	Thread-854	4

time: 946686951.533065
diff: 1.4669350385665894
waiting
going to web site
Hello world	Thread-1845	2

time: 946686953.536065
diff: 0.4639350175857544
waiting
going to web site
Hello world	Thread-1847	2

time: 946686954.543065
diff: 24.456935048103333
waiting
going to web site
Hello world	Thread-982	6

time: 946686979.5350649
diff: 17.464935064315796
waiting
going to web site
Hello world	Thread-1067	6

time: 946686997.5300651
diff: 18.469934940338135
waiting
going to web site
Hello world	Thread-1159	5

time: 946687016.5350641
diff: 16.464935898780823
waiting
going to web site
Hello world	Thread-1233	3

time: 946687033.5350641
diff: 6.464935898780823
waiting
going to web site
Hello world	Thread-1266	3

time: 946687040.5290639
diff: 32.47093605995178
waiting
going to web site
Hello world	Thread-1415	7

time: 946687073.542065
diff: 12.457934975624084
waiting
going to web site
Hello world	Thread-1475	7

time: 946687086.5350641
diff: 19.464935898780823
waiting
going to web site
Hello world	Thread-1559	6

time: 946687106.5345191
diff: 15.465480923652649
waiting
going to web site
Hello world	Thread-1629	6

time: 946687122.526064
diff: 27.473935961723328
waiting
going to web site
Hello world	Thread-1748	4

time: 946687150.5350641
diff: 38.46493589878082
waiting
going to web site
Hello world	Thread-1906	7

time: 946687189.526064
diff: 25.473935961723328
waiting
going to web site
Hello world	Thread-2014	8

time: 946687215.5350641
diff: 19.464935898780823
waiting
going to web site
Hello world	Thread-2100	6

time: 946687235.5350641
diff: 12.464935898780823
waiting
going to web site
Hello world	Thread-2151	6

time: 946687248.5350641
diff: 28.464935898780823
waiting
going to web site
Hello world	Thread-2294	5

time: 946687277.5350641
diff: 19.464935898780823
waiting
going to web site
Hello world	Thread-2382	5

time: 946687297.5350641
diff: 34.46493589878082
waiting
going to web site
Hello world	Thread-2530	8

time: 946687332.532064
diff: 11.467936038970947
waiting
going to web site
Hello world	Thread-2582	5

time: 946687344.5350649
diff: 26.464935064315796
waiting
going to web site
Hello world	Thread-2702	8

time: 946687371.5350649
diff: 15.464935064315796
waiting
going to web site
Hello world	Thread-2775	3

time: 946687387.526065
diff: 37.47393500804901
waiting
going to web site
Hello world	Thread-2943	3

time: 946687425.5350649
diff: 24.464935064315796
waiting
going to web site
Hello world	Thread-3047	5

time: 946687450.544065
diff: 12.455935001373291
waiting
going to web site
Hello world	Thread-3108	5

time: 946687463.544065
diff: 31.45593500137329
waiting
going to web site
Hello world	Thread-3248	3

time: 946687495.5350649
diff: 20.464935064315796
waiting
going to web site
Hello world	Thread-3338	2

time: 946687516.841833
diff: 17.158167004585266
waiting
going to web site
Hello world	Thread-3420	3

time: 946687534.841833
diff: 17.158167004585266
waiting
going to web site
Hello world	Thread-3495	3

time: 946687552.841833
diff: 7.158167004585266
waiting
going to web site
Hello world	Thread-3531	2

time: 946687560.832833
diff: 31.16716694831848
waiting
going to web site
Hello world	Thread-3666	2

time: 946687592.832832
diff: 30.167168021202087
waiting
going to web site
Hello world	Thread-3815	3

time: 946687623.841833
diff: 22.158167004585266
waiting
going to web site
Hello world	Thread-3900	2

time: 946687646.841833
diff: 15.158167004585266
waiting
going to web site
Hello world	Thread-3976	3

time: 946687662.841833
diff: 36.158167004585266
waiting
going to web site
Hello world	Thread-4143	2

time: 946687699.841833
diff: 13.158167004585266
waiting
going to web site
Hello world	Thread-4203	3

time: 946687714.844833
diff: 28.15516698360443
waiting
going to web site
Hello world	Thread-4333	3

time: 946687743.832832
diff: 18.167168021202087
waiting
going to web site
Hello world	Thread-4413	2

time: 946687762.841833
diff: 30.158167004585266
waiting
going to web site
Hello world	Thread-4554	5

time: 946687793.832833
diff: 18.16716694831848
waiting
going to web site
Hello world	Thread-4641	4

time: 946687812.832832
diff: 23.167168021202087
waiting
going to web site
Hello world	Thread-4748	2

time: 946687836.841833
diff: 18.158167004585266
waiting
going to web site
Hello world	Thread-4835	3

time: 946687855.841833
diff: 18.158167004585266
waiting
going to web site
Hello world	Thread-4916	3

time: 946687874.832833
diff: 20.16716694831848
waiting
going to web site
Hello world	Thread-5014	4

time: 946687895.832832
diff: 14.167168021202087
waiting
going to web site
Hello world	Thread-5087	2

time: 946687911.841833
diff: 29.158167004585266
waiting
going to web site
Hello world	Thread-5230	4

time: 946687941.832833
diff: 25.16716694831848
waiting
going to web site
Hello world	Thread-5351	3

time: 946687967.840832
diff: 12.159168004989624
waiting
going to web site
Hello world	Thread-5418	2

time: 946687980.841833
diff: 24.158167004585266
waiting
going to web site
Hello world	Thread-5527	3

time: 946688005.841833
diff: 15.158167004585266
waiting
going to web site
Hello world	Thread-5604	2

time: 946688021.841833
diff: 28.158167004585266
waiting
going to web site
Hello world	Thread-5732	3

time: 946688050.841833
diff: 20.158167004585266
waiting
going to web site
Hello world	Thread-5825	2

time: 946688071.841833
diff: 20.158167004585266
waiting
going to web site
Hello world	Thread-5921	2

time: 946688092.832833
diff: 27.16716694831848
waiting
going to web site
Hello world	Thread-6037	4

time: 946688120.6995599
diff: 30.300440073013306
waiting
going to web site
Hello world	Thread-6177	4

time: 946688151.699561
diff: 20.3004390001297
waiting
going to web site
Hello world	Thread-6258	3

time: 946688172.699561
diff: 15.3004390001297
waiting
going to web site
Hello world	Thread-6328	5

time: 946688188.699561
diff: 6.3004390001297
waiting
going to web site
Hello world	Thread-6358	6

time: 946688195.699561
diff: 19.3004390001297
waiting
going to web site
Hello world	Thread-6450	5

time: 946688215.7085611
diff: 14.291438937187195
waiting
going to web site
Hello world	Thread-6519	3

time: 946688230.6995599
diff: 33.300440073013306
waiting
going to web site
Hello world	Thread-6670	4

time: 946688264.699561
diff: 28.3004390001297
waiting
going to web site
Hello world	Thread-6795	2

time: 946688293.699561
diff: 25.3004390001297
waiting
going to web site
Hello world	Thread-6910	4

time: 946688319.699561
diff: 12.3004390001297
waiting
going to web site
Hello world	Thread-6967	4

time: 946688332.699561
diff: 20.3004390001297
waiting
going to web site
Hello world	Thread-7055	4

time: 946688353.699561
diff: 29.3004390001297
waiting
going to web site
Hello world	Thread-7193	2

time: 946688383.699561
diff: 27.3004390001297
waiting
going to web site
Hello world	Thread-7315	3

time: 946688411.699561
diff: 21.3004390001297
waiting
going to web site
Hello world	Thread-7413	5

time: 946688433.699561
diff: 26.3004390001297
waiting
going to web site
Hello world	Thread-7533	6

time: 946688460.699561
diff: 24.3004390001297
waiting
going to web site
Hello world	Thread-7645	3

time: 946688485.699561
diff: 21.3004390001297
waiting
going to web site
Hello world	Thread-7738	6

time: 946688507.699561
diff: 28.3004390001297
waiting
going to web site
Hello world	Thread-7865	5

time: 946688536.699561
diff: 10.3004390001297
waiting
going to web site
Hello world	Thread-7911	5

time: 946688547.699561
diff: 16.3004390001297
waiting
going to web site
Hello world	Thread-7993	6

time: 946688564.699561
diff: 30.3004390001297
waiting
going to web site
Hello world	Thread-8129	2

time: 946688595.699561
diff: 11.3004390001297
waiting
going to web site
Hello world	Thread-8178	3

time: 946688607.699561
diff: 16.3004390001297
waiting
going to web site
Hello world	Thread-8251	4

time: 946688624.714561
diff: 33.285439014434814
waiting
going to web site
Hello world	Thread-8397	5

time: 946688658.699561
diff: 11.3004390001297
waiting
going to web site
Hello world	Thread-8449	5

time: 946688670.699561
diff: 17.3004390001297
waiting
going to web site
Hello world	Thread-8523	5

time: 946688688.699561
diff: 28.3004390001297
waiting
going to web site
Hello world	Thread-8637	3

time: 946688717.699561
diff: 16.3004390001297
waiting
going to web site
Hello world	Thread-8711	5

time: 946688734.841833
diff: 40.158167004585266
waiting
going to web site
Hello world	Thread-8867	3

time: 946688775.832833
diff: 12.167166948318481
waiting
going to web site
Hello world	Thread-8920	3

time: 946688788.832832
diff: 40.16716802120209
waiting
going to web site
Hello world	Thread-9083	5

time: 946688829.841833
diff: 26.158167004585266
waiting
going to web site
Hello world	Thread-9204	2

time: 946688856.851833
diff: 13.14816701412201
waiting
going to web site
Hello world	Thread-9260	3

time: 946688870.841833
diff: 22.158167004585266
waiting
going to web site
Hello world	Thread-9366	4

time: 946688893.841833
diff: 22.158167004585266
waiting
going to web site
Hello world	Thread-9459	2

time: 946688916.841833
diff: 27.158167004585266
waiting
going to web site
Hello world	Thread-9579	2

time: 946688944.836833
diff: 15.163166999816895
waiting
going to web site
Hello world	Thread-9657	2

time: 946688961.837425
diff: 33.162575006484985
waiting
going to web site
Hello world	Thread-9823	2

time: 946688996.842833
diff: 17.157166957855225
waiting
going to web site
Hello world	Thread-9908	2

time: 946689014.842832
diff: 36.15716803073883
waiting
going to web site
Hello world	Thread-10067	4

time: 946689051.832833
diff: 18.16716694831848
waiting
going to web site
Hello world	Thread-10157	3

time: 946689070.832832
diff: 26.167168021202087
waiting
going to web site
Hello world	Thread-10286	3

time: 946689098.842833
diff: 8.157166957855225
waiting
going to web site
Hello world	Thread-10331	3

time: 946689107.832832
diff: 24.167168021202087
waiting
going to web site
Hello world	Thread-10454	3

time: 946689132.841833
diff: 19.158167004585266
waiting
going to web site
Hello world	Thread-10547	4

time: 946689152.841833
diff: 31.158167004585266
waiting
going to web site
Hello world	Thread-10699	5

time: 946689184.832833
diff: 12.167166948318481
waiting
going to web site
Hello world	Thread-10763	4

time: 946689197.832832
diff: 19.167168021202087
waiting
going to web site
Hello world	Thread-10863	6

time: 946689218.841833
diff: 22.158167004585266
waiting
going to web site
Hello world	Thread-10970	4

time: 946689241.848833
diff: 7.151167035102844
waiting
going to web site
Hello world	Thread-11011	2

time: 946689249.832833
diff: 24.16716694831848
waiting
going to web site
Hello world	Thread-11125	4

time: 946689274.832832
diff: 8.167168021202087
waiting
going to web site
Hello world	Thread-11173	3

time: 946689283.841833
diff: 24.158167004585266
waiting
going to web site
Hello world	Thread-11291	3

time: 946689308.836833
diff: 27.163166999816895
waiting
going to web site
Hello world	Thread-11425	5

time: 946689336.832832
diff: 26.167168021202087
waiting
going to web site
Hello world	Thread-11546	2

time: 946689363.8378329
diff: 19.162167072296143
waiting
going to web site
Hello world	Thread-11642	2

time: 946689383.842833
diff: 31.157166957855225
waiting
going to web site
Hello world	Thread-11783	5

time: 946689415.832832
diff: 17.167168021202087
waiting
going to web site
Hello world	Thread-11876	2

time: 946689433.845833
diff: 22.15416705608368
waiting
going to web site
Hello world	Thread-11974	2

time: 946689456.844833
diff: 8.155166983604431
waiting
going to web site
Hello world	Thread-12011	6

time: 946689465.832832
diff: 24.167168021202087
waiting
going to web site
Hello world	Thread-12144	2

time: 946689491.845833
diff: 9.15416705608368
waiting
going to web site
Hello world	Thread-12178	2

time: 946689501.841833
diff: 18.158167004585266
waiting
going to web site
Hello world	Thread-12261	2

time: 946689520.832833
diff: 30.16716694831848
waiting
going to web site
Hello world	Thread-12406	3

time: 946689551.8338319
diff: 19.166168093681335
waiting
going to web site
Hello world	Thread-12498	3

time: 946689571.848833
diff: 24.151167035102844
waiting
going to web site
Hello world	Thread-12615	2

time: 946689596.851833
diff: 29.14816701412201
waiting
going to web site
Hello world	Thread-12750	2

time: 946689627.845833
diff: 12.15416705608368
waiting
going to web site
Hello world	Thread-12813	2

time: 946689640.841833
diff: 19.158167004585266
waiting
going to web site
Hello world	Thread-12904	2

time: 946689660.841833
diff: 21.158167004585266
waiting
going to web site
Hello world	Thread-13021	2

time: 946689683.841833
diff: 14.158167004585266
waiting
going to web site
Hello world	Thread-13086	2

time: 946689698.84336
diff: 43.15664005279541
waiting
going to web site
Hello world	Thread-13280	4

time: 946689742.834833
diff: 16.165166974067688
waiting
going to web site
Hello world	Thread-13363	4

time: 946689759.832832
diff: 21.167168021202087
waiting
going to web site
Hello world	Thread-13455	2

time: 946689781.832833
diff: 26.16716694831848
waiting
going to web site
Hello world	Thread-13578	3

time: 946689808.832832
diff: 15.167168021202087
waiting
going to web site
Hello world	Thread-13660	4

time: 946689824.832833
diff: 17.16716694831848
waiting
going to web site
Hello world	Thread-13738	6

time: 946689842.832832
diff: 18.167168021202087
waiting
going to web site
Hello world	Thread-13832	3

time: 946689861.832833
diff: 31.16716694831848
waiting
going to web site
Hello world	Thread-13976	3

time: 946689893.832832
diff: 7.167168021202087
waiting
going to web site
Hello world	Thread-14015	3

time: 946689901.841864
diff: 33.15813601016998
waiting
going to web site
Hello world	Thread-14157	2

time: 946689935.841833
diff: 15.158167004585266
waiting
going to web site
Hello world	Thread-14231	4

time: 946689951.832833
diff: 4.1671669483184814
waiting
going to web site
Hello world	Thread-14254	4

time: 946689956.832832
diff: 26.167168021202087
waiting
going to web site
Hello world	Thread-14368	2

time: 946689983.841833
diff: 20.158167004585266
waiting
going to web site
Hello world	Thread-14470	2

time: 946690005.851665
diff: 33.148334980010986
waiting
going to web site
Hello world	Thread-14612	3

time: 946690039.832832
diff: 20.167168021202087
waiting
going to web site
Hello world	Thread-14703	3

time: 946690060.841833
diff: 26.158167004585266
waiting
going to web site
Hello world	Thread-14816	2

time: 946690087.841833
diff: 6.158167004585266
waiting
going to web site
Hello world	Thread-14846	2

time: 946690094.832833
diff: 31.16716694831848
waiting
going to web site
Hello world	Thread-14983	5

time: 946690126.832832
diff: 14.167168021202087
waiting
going to web site
Hello world	Thread-15044	3

time: 946690141.842069
diff: 32.157930970191956
waiting
going to web site
Hello world	Thread-15181	3

time: 946690174.832832
diff: 29.167168021202087
waiting
going to web site
Hello world	Thread-15313	4

time: 946690204.841833
diff: 24.158167004585266
waiting
going to web site
Hello world	Thread-15427	3

time: 946690229.841833
diff: 27.158167004585266
waiting
going to web site
Hello world	Thread-15543	3

time: 946690257.841833
diff: 20.158167004585266
waiting
going to web site
Hello world	Thread-15637	2

time: 946690278.841833
diff: 14.158167004585266
waiting
going to web site
Hello world	Thread-15704	2

time: 946690293.841833
diff: 17.158167004585266
waiting
going to web site
Hello world	Thread-15780	2

time: 946690311.841833
diff: 19.158167004585266
waiting
going to web site
Hello world	Thread-15864	2

time: 946690331.841833
diff: 31.158167004585266
waiting
going to web site
Hello world	Thread-16015	3

time: 946690366.841833
diff: 25.158167004585266
waiting
going to web site
Hello world	Thread-16129	2

time: 946690392.841833
diff: 17.158167004585266
waiting
going to web site
Hello world	Thread-16206	2

time: 946690410.832833
diff: 18.16716694831848
waiting
going to web site
Hello world	Thread-16286	3

time: 946690429.832832
diff: 24.167168021202087
waiting
going to web site
Hello world	Thread-16396	2

time: 946690454.842833
diff: 13.157166957855225
waiting
going to web site
Hello world	Thread-16458	4

time: 946690468.836832
diff: 24.16316795349121
waiting
going to web site
Hello world	Thread-16570	4

time: 946690493.832832
diff: 27.167168021202087
waiting
going to web site
Hello world	Thread-16687	2

time: 946690521.832833
diff: 22.16716694831848
waiting
going to web site
Hello world	Thread-16791	5

time: 946690544.832832
diff: 26.167168021202087
waiting
going to web site
Hello world	Thread-16912	3

time: 946690571.841833
diff: 15.158167004585266
waiting
going to web site
Hello world	Thread-16978	2

time: 946690587.841833
diff: 24.158167004585266
waiting
going to web site
Hello world	Thread-17081	7

time: 946690612.841249
diff: 23.158751010894775
waiting
going to web site
Hello world	Thread-17190	3

time: 946690636.841833
diff: 30.158167004585266
waiting
going to web site
Hello world	Thread-17320	6

time: 946690667.841833
diff: 13.158167004585266
waiting
going to web site
Hello world	Thread-17386	2

time: 946690682.8558329
diff: 20.144167065620422
waiting
going to web site
Hello world	Thread-17475	2

time: 946690703.832833
diff: 30.16716694831848
waiting
going to web site
Hello world	Thread-17611	4

time: 946690734.832832
diff: 11.167168021202087
waiting
going to web site
Hello world	Thread-17660	4

time: 946690746.832833
diff: 31.16716694831848
waiting
going to web site
Hello world	Thread-17801	3

time: 946690778.832832
diff: 2.1671680212020874
waiting
going to web site
Hello world	Thread-17816	2

time: 946690781.845833
diff: 33.15416705608368
waiting
going to web site
Hello world	Thread-17960	2

time: 946690815.841833
diff: 29.158167004585266
waiting
going to web site
Hello world	Thread-18082	4

time: 946690845.841833
diff: 17.158167004585266
waiting
going to web site
Hello world	Thread-18159	2

time: 946690863.841833
diff: 39.158167004585266
waiting
going to web site
Hello world	Thread-18335	2

time: 946690904.842833
diff: 25.157166957855225
waiting
going to web site
Hello world	Thread-18445	4

time: 946690930.832832
diff: 10.167168021202087
waiting
going to web site
Hello world	Thread-18488	2

time: 946690941.8418959
diff: 25.158104062080383
waiting
going to web site
Hello world	Thread-18601	4

time: 946690967.832833
diff: 20.16716694831848
waiting
going to web site
Hello world	Thread-18696	4

time: 946690988.832832
diff: 15.167168021202087
waiting
going to web site
Hello world	Thread-18768	3

time: 946691004.841833
diff: 37.158167004585266
waiting
going to web site
Hello world	Thread-18932	5

time: 946691042.841833
diff: 17.158167004585266
waiting
going to web site
Hello world	Thread-19013	3

time: 946691060.832833
diff: 19.16716694831848
waiting
going to web site
Hello world	Thread-19101	4

time: 946691080.8338319
diff: 19.166168093681335
waiting
going to web site
Hello world	Thread-19190	3

time: 946691100.845833
diff: 25.15416705608368
waiting
going to web site
Hello world	Thread-19303	2

time: 946691126.841833
diff: 21.158167004585266
waiting
going to web site
Hello world	Thread-19401	4

time: 946691148.832833
diff: 17.16716694831848
waiting
going to web site
Hello world	Thread-19479	5

time: 946691166.832832
diff: 22.167168021202087
waiting
going to web site
Hello world	Thread-19582	5

time: 946691189.5448331
diff: 29.455166935920715
waiting
going to web site
Hello world	Thread-19722	7

time: 946691219.5350641
diff: 22.464935898780823
waiting
going to web site
Hello world	Thread-19828	5

time: 946691242.5350641
diff: 18.464935898780823
waiting
going to web site
Hello world	Thread-19916	5

time: 946691261.526064
diff: 22.473935961723328
waiting
going to web site
Hello world	Thread-20020	7

time: 946691284.540064
diff: 27.459936022758484
waiting
going to web site
Hello world	Thread-20157	3

time: 946691312.542065
diff: 21.457934975624084
waiting
going to web site
Hello world	Thread-20261	5

time: 946691334.532064
diff: 19.467936038970947
waiting
going to web site
Hello world	Thread-20350	6

time: 946691354.526065
diff: 9.473935008049011
waiting
going to web site
Hello world	Thread-20388	6

time: 946691364.542065
diff: 19.457934975624084
waiting
going to web site
Hello world	Thread-20506	7

time: 946691384.5350641
diff: 32.46493589878082
waiting
going to web site
Hello world	Thread-20668	5

time: 946691417.5350641
diff: 25.464935898780823
waiting
going to web site
Hello world	Thread-20785	6

time: 946691443.526064
diff: 7.473935961723328
waiting
going to web site
Hello world	Thread-20826	6

time: 946691451.526064
diff: 32.47393596172333
waiting
going to web site
Hello world	Thread-20985	6

time: 946691484.5350641
diff: 21.464935898780823
waiting
going to web site
Hello world	Thread-21084	5

time: 946691506.5350641
diff: 4.464935898780823
waiting
going to web site
Hello world	Thread-21103	5

time: 946691511.5350641
diff: 24.464935898780823
waiting
going to web site
Hello world	Thread-21222	7

time: 946691536.5350641
diff: 21.464935898780823
waiting
going to web site
Hello world	Thread-21328	2

time: 946691558.526064
diff: 21.473935961723328
waiting
going to web site
Hello world	Thread-21425	6

time: 946691580.5294169
diff: 11.470583081245422
waiting
going to web site
Hello world	Thread-21478	4

time: 946691592.5350649
diff: 26.464935064315796
waiting
going to web site
Hello world	Thread-21601	3

time: 946691619.544065
diff: 31.45593500137329
waiting
going to web site
Hello world	Thread-21743	5

time: 946691651.526065
diff: 21.47393500804901
waiting
going to web site
Hello world	Thread-21834	5

time: 946691673.544065
diff: 18.45593500137329
waiting
going to web site
Hello world	Thread-21924	5

time: 946691692.5350649
diff: 8.464935064315796
waiting
going to web site
Hello world	Thread-21961	5

time: 946691701.543065
diff: 23.456935048103333
waiting
going to web site
Hello world	Thread-22068	6

time: 946691725.5350649
diff: 25.464935064315796
waiting
going to web site
Hello world	Thread-22182	6

time: 946691751.539065
diff: 14.46093499660492
waiting
going to web site
Hello world	Thread-22252	5

time: 946691766.540065
diff: 34.45993494987488
waiting
going to web site
Hello world	Thread-22395	4

time: 946691801.832832
diff: 23.167168021202087
waiting
going to web site
Hello world	Thread-22508	4

time: 946691825.841833
diff: 27.158167004585266
waiting
going to web site
Hello world	Thread-22629	2

time: 946691853.841833
diff: 26.158167004585266
waiting
going to web site
Hello world	Thread-22755	2

time: 946691881.841833
diff: 25.158167004585266
waiting
going to web site
Hello world	Thread-22867	2

time: 946691907.841897
diff: 5.158102989196777
waiting
going to web site
Hello world	Thread-22895	2

time: 946691913.832832
diff: 28.167168021202087
waiting
going to web site
Hello world	Thread-23023	2

time: 946691942.845833
diff: 12.15416705608368
waiting
going to web site
Hello world	Thread-23099	2

time: 946691956.841833
diff: 39.158167004585266
waiting
going to web site
Hello world	Thread-23281	2

time: 946691996.845833
diff: 5.154167056083679
waiting
going to web site
Hello world	Thread-23310	3

time: 946692002.832833
diff: 25.16716694831848
waiting
going to web site
Hello world	Thread-23435	2

time: 946692028.836832
diff: 23.16316795349121
waiting
going to web site
Hello world	Thread-23552	4

time: 946692052.832832
diff: 14.167168021202087
waiting
going to web site
Hello world	Thread-23621	2

time: 946692067.841833
diff: 26.158167004585266
waiting
going to web site
Hello world	Thread-23751	2

time: 946692094.851665
diff: 23.148334980010986
waiting
going to web site
Hello world	Thread-23867	4

time: 946692118.834832
diff: 20.165168046951294
waiting
going to web site
Hello world	Thread-23962	2

time: 946692139.841833
diff: 18.158167004585266
waiting
going to web site
Hello world	Thread-24055	3

time: 946692159.841833
diff: 15.158167004585266
waiting
going to web site
Hello world	Thread-24127	2

time: 946692175.833833
diff: 40.16616702079773
waiting
going to web site
Hello world	Thread-24316	2

time: 946692216.841833
diff: 1.1581670045852661
waiting
going to web site
Hello world	Thread-24323	2

time: 946692218.841833
diff: 25.158167004585266
waiting
going to web site
Hello world	Thread-24442	2

time: 946692244.8588331
diff: 23.141166925430298
waiting
going to web site
Hello world	Thread-24552	3

time: 946692268.832832
diff: 7.167168021202087
waiting
going to web site
Hello world	Thread-24604	2

time: 946692279.841833
diff: 15.158167004585266
waiting
going to web site
Hello world	Thread-24667	2

time: 946692295.851697
diff: 26.148303031921387
waiting
going to web site
Hello world	Thread-24796	4

time: 946692322.832833
diff: 13.167166948318481
waiting
going to web site
Hello world	Thread-24854	2

time: 946692336.832832
diff: 24.167168021202087
waiting
going to web site
Hello world	Thread-24961	2

time: 946692361.841833
diff: 22.158167004585266
waiting
going to web site
Hello world	Thread-25057	2

time: 946692384.841833
diff: 22.158167004585266
waiting
going to web site
Hello world	Thread-25151	3

time: 946692407.699561
diff: 27.3004390001297
waiting
going to web site
Hello world	Thread-25271	5

time: 946692435.699561
diff: 30.3004390001297
waiting
going to web site
Hello world	Thread-25397	4

time: 946692466.699561
diff: 31.3004390001297
waiting
going to web site
Hello world	Thread-25530	7

time: 946692498.699561
diff: 7.3004390001297
waiting
going to web site
Hello world	Thread-25561	3

time: 946692506.699561
diff: 19.3004390001297
waiting
going to web site
Hello world	Thread-25648	4

time: 946692526.699561
diff: 35.3004390001297
waiting
going to web site
Hello world	Thread-25804	3

time: 946692562.699561
diff: 14.3004390001297
waiting
going to web site
Hello world	Thread-25870	6

time: 946692577.699561
diff: 39.3004390001297
waiting
going to web site
Hello world	Thread-26038	4

time: 946692617.699561
diff: 17.3004390001297
waiting
going to web site
Hello world	Thread-26108	4

time: 946692635.699561
diff: 13.3004390001297
waiting
going to web site
Hello world	Thread-26169	2

time: 946692649.699561
diff: 32.3004390001297
waiting
going to web site
Hello world	Thread-26283	6

time: 946692682.714561
diff: 11.285439014434814
waiting
going to web site
Hello world	Thread-26329	6

time: 946692694.699561
diff: 22.3004390001297
waiting
going to web site
Hello world	Thread-26399	5

time: 946692717.699561
diff: 30.3004390001297
waiting
going to web site
Hello world	Thread-26487	5

time: 946692748.699561
diff: 17.3004390001297
waiting
going to web site
Hello world	Thread-26527	4

time: 946692766.699561
diff: 25.3004390001297
waiting
going to web site
Hello world	Thread-26590	2

time: 946692792.699561
diff: 29.3004390001297
waiting
going to web site
Hello world	Thread-26647	5

time: 946692822.699561
diff: 20.3004390001297
waiting
going to web site
Hello world	Thread-26684	2

time: 946692843.699561
diff: 28.3004390001297
waiting
going to web site
Hello world	Thread-26728	2

time: 946692872.699561
diff: 16.3004390001297
waiting
going to web site
Hello world	Thread-26747	2

time: 946692889.699561
diff: 8.3004390001297
waiting
going to web site
Hello world	Thread-26758	2

