time: 946686600.0
diff: 0.0
going to web site
Hello world	Thread-161	4

time: 946686751.821879
diff: -31.821879029273987
going to web site
Hello world	Thread-168	3

time: 946686752.4025351
diff: 87.59746491909027
waiting
going to web site
Hello world	Thread-405	2

time: 946686960.861333
diff: -59.86133301258087
going to web site
Hello world	Thread-411	8

time: 946686961.450989
diff: -0.4509890079498291
going to web site
Hello world	Thread-423	2

time: 946686962.0426451
diff: 58.95735490322113
waiting
going to web site
Hello world	Thread-605	5

time: 946687142.903192
diff: -1.9031920433044434
going to web site
Hello world	Thread-613	5

time: 946687143.4838481
diff: 57.516151905059814
waiting
going to web site
Hello world	Thread-809	4

time: 946687322.9174161
diff: -61.91741609573364
going to web site
Hello world	Thread-815	9

time: 946687323.499072
diff: 58.50092804431915
waiting
going to web site
Hello world	Thread-894	7

time: 946687385.586657
diff: 56.41334295272827
waiting
going to web site
Hello world	Thread-1006	5

time: 946687473.598518
diff: 28.401481986045837
waiting
going to web site
Hello world	Thread-1151	6

time: 946687623.959484
diff: -61.95948398113251
going to web site
Hello world	Thread-1158	6

time: 946687624.54392
diff: 57.456079959869385
waiting
going to web site
Hello world	Thread-1346	4

time: 946687803.9811121
diff: -1.9811121225357056
going to web site
Hello world	Thread-1354	2

time: 946687804.561768
diff: 117.43823194503784
waiting
going to web site
Hello world	Thread-1622	5

time: 946688043.00018
diff: -60.00018000602722
going to web site
Hello world	Thread-1674	7

time: 946688074.592656
diff: 28.407343983650208
waiting
going to web site
Hello world	Thread-1725	3

time: 946688118.590656
diff: 104.409343957901
waiting
going to web site
Hello world	Thread-1805	2

time: 946688223.585656
diff: 59.41434395313263
waiting
going to web site
Hello world	Thread-1903	4

time: 946688298.590656
diff: 44.409343957901
waiting
going to web site
Hello world	Thread-1917	3

