2023-05-17 17:46:30 1684345590.850803 [tornettools] [INFO] Logging system initialized! Logging events to stdout and to '/tordata/tornettools/experiment0-0.01/tornettools.generate.2023-05-17.17.46.30.log'
2023-05-17 17:46:30 1684345590.850910 [tornettools] [INFO] Seeded standard and numpy PRNGs with seed=1030218448
2023-05-17 17:46:30 1684345590.850977 [tornettools] [INFO] The argument namespace is: Namespace(atlas_path=None, command='generate', do_trace=False, do_version=False, events_csv='BW,CIRC', exit_user_scale=1.0, formatter_class=<class '__main__.CustomHelpFormatter'>, func=<function generate at 0x7ff95f255f80>, geoip_path=None, load_scale=1.0, network_info_path='/tordata/tornettools/networkinfo_staging.gml', network_scale=0.01, nprocesses=12, onion_service_user_scale=0.0, prefix='/tordata/tornettools/experiment0-0.01', process_scale=0.01, quiet=0, relay_info_path='/tordata/tornettools/relayinfo_staging_2020-11-01--2020-11-30.json', seed=1030218448, server_scale=0.1, tmodel_git_path='/tordata/tornettools/tmodel-ccs2018.github.io', torexe='/usr/local/bin/tor', torgencertexe='/usr/local/bin/tor-gencert', torperf_num_exit=100, torperf_num_onion_service=0, user_info_path='/tordata/tornettools/userinfo_staging_2020-11-01--2020-11-30.json')
2023-05-17 17:46:30 1684345590.851277 [tornettools] [INFO] The platform is: Linux-6.2.6-76060206-generic-x86_64-with-Ubuntu-20.04-focal
2023-05-17 17:46:30 1684345590.851343 [tornettools] [INFO] System info: uname_result(system='Linux', node='8deca381c0d2', release='6.2.6-76060206-generic', version='#202303130630~1681329778~22.04~d824cd4 SMP PREEMPT_DYNAMIC Wed A', machine='x86_64', processor='x86_64')
2023-05-17 17:46:30 1684345590.920693 [tornettools] [INFO] Generating network using tor and tor-gencert at /usr/local/bin/tor and /usr/local/bin/tor-gencert
2023-05-17 17:46:30 1684345590.920825 [tornettools] [INFO] Copying atlas topology file (use the '-a/--atlas' option to disable)
2023-05-17 17:46:30 1684345590.932343 [tornettools] [INFO] Reading staged network info /tordata/tornettools/networkinfo_staging.gml
2023-05-17 17:46:31 1684345591.142352 [tornettools] [INFO] Finished reading staged network info
2023-05-17 17:46:31 1684345591.142447 [tornettools] [INFO] Sampling Tor relays now
2023-05-17 17:46:31 1684345591.521916 [tornettools] [INFO] A full Tor network has 6746 relays with total capacity of 660.368286024 Gbit/s
2023-05-17 17:46:31 1684345591.529854 [tornettools] [INFO] Bandwidth-weights (relevant ones) of a typical consensus:
2023-05-17 17:46:31 1684345591.529912 [tornettools] [INFO] Casename: Case 3a (E scarce), with: Wgg=6298.046218106128, Wgd=0, Wee=10000, Wed=10000, Wmg=3701.953781893871, Wme=0, Wmd=0
2023-05-17 17:46:31 1684345591.530003 [tornettools] [INFO] 67 relays: relative position weights:
2023-05-17 17:46:31 1684345591.530059 [tornettools] [INFO] g: chosen=0.5439751283070906, target=0.5414590896187068, diff=0.0025160386883837926
2023-05-17 17:46:31 1684345591.530107 [tornettools] [INFO] e: chosen=0.04213353145411834, target=0.0413891827139368, diff=0.0007443487401815399
2023-05-17 17:46:31 1684345591.530158 [tornettools] [INFO] ge: chosen=0.276709714547192, target=0.27658394295960703, diff=0.00012577158758497742
2023-05-17 17:46:31 1684345591.530204 [tornettools] [INFO] m: chosen=0.1371816256915988, target=0.14056778470774994, diff=-0.0033861590161511357
2023-05-17 17:46:31 1684345591.530252 [tornettools] [INFO] The max weight divergence between positions is 0.0033861590161511357
2023-05-17 17:46:31 1684345591.530317 [tornettools] [INFO] Renormalizing weights for scaled network using total weight=0.009433000503156073
2023-05-17 17:46:31 1684345591.530418 [tornettools] [INFO] Bandwidth-weights (relevant ones) of our scaled down consensus of 67 relays:
2023-05-17 17:46:31 1684345591.530473 [tornettools] [INFO] Casename: Case 3a (E scarce), with: Wgg=6260.918179462753, Wgd=0, Wee=10000, Wed=10000, Wmg=3739.081820537247, Wme=0, Wmd=0
2023-05-17 17:46:31 1684345591.530711 [tornettools] [INFO] Chose 67 of 6746 relays using scale factor 0.01
2023-05-17 17:46:31 1684345591.532647 [tornettools] [INFO] Generating Tor key material now, this may take awhile...
2023-05-17 17:46:32 1684345592.674803 [tornettools] [INFO] Generated fingerprints and keys for 70 Tor nodes (3 authorities and 67 relays)
2023-05-17 17:46:33 1684345593.310193 [tornettools] [INFO] Generating Clients
2023-05-17 17:46:33 1684345593.310524 [tornettools] [INFO] Privcount measurements scaled to 11121 Tor users, 7919 active and 2695 inactive
2023-05-17 17:46:33 1684345593.310574 [tornettools] [INFO] Privcount measurements scaled to 28809 exit circuits, 14919 active and 13275 inactive
2023-05-17 17:46:33 1684345593.315967 [tornettools] [INFO] We will use 100 TGen client processes to emulate 7523.05 Tor exit users and create 14900 exit circuits every 10 minutes in aggregate
2023-05-17 17:46:33 1684345593.316022 [tornettools] [INFO] We will use 0 TGen client processes to emulate 0.0 Tor onion-service users and create 0 onion-service circuits every 10 minutes in aggregate
2023-05-17 17:46:33 1684345593.317029 [tornettools] [INFO] We will use 100 exit perf nodes to benchmark Tor exit performance
2023-05-17 17:46:33 1684345593.317077 [tornettools] [INFO] We will use 0 onion-service perf nodes to benchmark Tor onion-service performance
2023-05-17 17:46:33 1684345593.317114 [tornettools] [INFO] Generating Servers
2023-05-17 17:46:33 1684345593.322326 [tornettools] [DEBUG] System call: /usr/local/bin/tor --version (runtime: 0.00)
2023-05-17 17:46:33 1684345593.476684 [tornettools] [DEBUG] GETCONF __owningcontrollerprocess (runtime: 0.0001)
2023-05-17 17:46:33 1684345593.477934 [tornettools] [DEBUG] RESETCONF __OwningControllerProcess (runtime: 0.0010)
2023-05-17 17:46:33 1684345593.478149 [tornettools] [DEBUG] GETINFO version (runtime: 0.0001)
2023-05-17 17:46:33 1684345593.478466 [tornettools] [INFO] Error while receiving a control message (SocketClosed): received exception "read of closed file"
2023-05-17 17:46:33 1684345593.480578 [tornettools] [INFO] We will use 10 TGen exit servers and 0 TGen onion-service servers to serve 100 TGen exit clients and 0 TGen onion-service clients
2023-05-17 17:46:33 1684345593.480909 [tornettools] [INFO] Generating Tor configuration files
2023-05-17 17:46:33 1684345593.504314 [tornettools] [INFO] Generating TGen configuration files
2023-05-17 17:46:33 1684345593.545687 [tornettools] [INFO] Constructing Shadow config YAML file
