time: 946686600.0
diff: 0.0
going to web site
Hello world	Thread-15	5

time: 946686603.580656
diff: 116.41934394836426
waiting
going to web site
Hello world	Thread-123	2

time: 946686727.604573
diff: 112.39542698860168
waiting
going to web site
Hello world	Thread-322	3

time: 946686855.590656
diff: 44.409343957901
waiting
going to web site
Hello world	Thread-379	4

time: 946686915.590657
diff: 44.409343004226685
waiting
going to web site
Hello world	Thread-461	4

time: 946686975.590656
diff: 104.409343957901
waiting
going to web site
Hello world	Thread-537	2

time: 946687080.580656
diff: 60.41934394836426
waiting
going to web site
Hello world	Thread-711	4

time: 946687261.889674
diff: -60.889673948287964
going to web site
Hello world	Thread-718	10

time: 946687262.47333
diff: 58.52666997909546
waiting
going to web site
Hello world	Thread-845	7

time: 946687336.590656
diff: 44.409343957901
waiting
going to web site
Hello world	Thread-914	3

time: 946687396.590656
diff: 44.409343957901
waiting
going to web site
Hello world	Thread-987	7

time: 946687456.590656
diff: 44.409343957901
waiting
going to web site
Hello world	Thread-1015	2

time: 946687501.580656
diff: 120.41934394836426
waiting
going to web site
Hello world	Thread-1260	2

time: 946687743.000668
diff: -61.00066804885864
going to web site
Hello world	Thread-1297	2

time: 946687746.7009
diff: -4.700899958610535
going to web site
Hello world	Thread-1298	2

time: 946687747.392132
diff: 114.6078679561615
waiting
going to web site
Hello world	Thread-1537	8

time: 946687982.920148
diff: -60.92014801502228
going to web site
Hello world	Thread-1544	10

time: 946687983.5058041
diff: -1.5058040618896484
going to web site
Hello world	Thread-1557	3

time: 946687984.1074601
diff: 58.892539858818054
waiting
going to web site
Hello world	Thread-1673	2

time: 946688058.592656
diff: 104.40734398365021
waiting
going to web site
Hello world	Thread-1743	3

time: 946688163.587656
diff: 119.41234397888184
waiting
going to web site
Hello world	Thread-1896	5

