time: 946686600.0
diff: 202.0
waiting
going to web site
Hello world	Thread-312	3

time: 946686802.8398321
diff: 11.160167932510376
waiting
going to web site
Hello world	Thread-1141	4

time: 946686814.8398321
diff: -0.839832067489624
going to web site
Hello world	Thread-1148	3

time: 946686815.685753
diff: -0.6857529878616333
going to web site
Hello world	Thread-1152	3

time: 946686816.5346869
diff: -1.5346869230270386
going to web site
Hello world	Thread-1157	5

time: 946686817.377382
diff: -2.3773820400238037
going to web site
Hello world	Thread-1162	5

time: 946686818.210214
diff: -3.2102140188217163
going to web site
Hello world	Thread-1168	3

time: 946686819.050046
diff: -3.050045967102051
going to web site
Hello world	Thread-1174	3

time: 946686819.898878
diff: -3.89887797832489
going to web site
Hello world	Thread-1177	5

time: 946686820.73171
diff: -4.731709957122803
going to web site
Hello world	Thread-1183	4

time: 946686821.566911
diff: -1.566910982131958
going to web site
Hello world	Thread-1188	3

time: 946686822.399743
diff: -2.3997429609298706
going to web site
Hello world	Thread-1192	3

time: 946686823.238575
diff: 0.7614250183105469
waiting
going to web site
Hello world	Thread-377	2

time: 946686824.849833
diff: 15.150166988372803
waiting
going to web site
Hello world	Thread-1286	3

time: 946686840.836833
diff: 8.163166999816895
waiting
going to web site
Hello world	Thread-455	4

time: 946686849.840832
diff: 17.159168004989624
waiting
going to web site
Hello world	Thread-518	2

time: 946686867.841833
diff: 14.158167004585266
waiting
going to web site
Hello world	Thread-568	2

time: 946686882.832833
diff: 20.16716694831848
waiting
going to web site
Hello world	Thread-653	2

time: 946686903.855137
diff: 6.14486300945282
waiting
going to web site
Hello world	Thread-678	2

time: 946686910.842517
diff: 19.157482981681824
waiting
going to web site
Hello world	Thread-751	5

time: 946686930.8398321
diff: 13.160167932510376
waiting
going to web site
Hello world	Thread-824	3

time: 946686944.845061
diff: 20.15493905544281
waiting
going to web site
Hello world	Thread-914	3

time: 946686965.858037
diff: 21.141963005065918
waiting
going to web site
Hello world	Thread-1019	2

time: 946686987.8558329
diff: 21.144167065620422
waiting
going to web site
Hello world	Thread-1122	3

time: 946687009.848833
diff: 32.151167035102844
waiting
going to web site
Hello world	Thread-1278	2

time: 946687042.8398329
diff: 18.16016709804535
waiting
going to web site
Hello world	Thread-1362	4

time: 946687061.841833
diff: 33.158167004585266
waiting
going to web site
Hello world	Thread-1514	2

time: 946687095.841833
diff: 14.158167004585266
waiting
going to web site
Hello world	Thread-1580	4

time: 946687110.848833
diff: 25.151167035102844
waiting
going to web site
Hello world	Thread-1695	2

time: 946687136.841833
diff: 17.158167004585266
waiting
going to web site
Hello world	Thread-1760	2

time: 946687154.832833
diff: 36.16716694831848
waiting
going to web site
Hello world	Thread-1920	3

time: 946687191.832832
diff: 28.167168021202087
waiting
going to web site
Hello world	Thread-2044	2

time: 946687220.851617
diff: 8.148383021354675
waiting
going to web site
Hello world	Thread-2084	2

time: 946687229.832833
diff: 14.167166948318481
waiting
going to web site
Hello world	Thread-2139	5

time: 946687244.836832
diff: 35.16316795349121
waiting
going to web site
Hello world	Thread-2305	3

time: 946687280.832832
diff: 21.167168021202087
waiting
going to web site
Hello world	Thread-2402	2

time: 946687302.832833
diff: 28.16716694831848
waiting
going to web site
Hello world	Thread-2526	5

time: 946687331.836832
diff: 30.16316795349121
waiting
going to web site
Hello world	Thread-2664	5

time: 946687362.832832
diff: 21.167168021202087
waiting
going to web site
Hello world	Thread-2762	2

time: 946687384.832833
diff: 16.16716694831848
waiting
going to web site
Hello world	Thread-2838	3

time: 946687401.832832
diff: 11.167168021202087
waiting
going to web site
Hello world	Thread-2896	5

time: 946687414.8398329
diff: 28.16016709804535
waiting
going to web site
Hello world	Thread-3014	2

time: 946687443.841833
diff: 6.158167004585266
waiting
going to web site
Hello world	Thread-3053	3

time: 946687451.841833
diff: 16.158167004585266
waiting
going to web site
Hello world	Thread-3133	2

time: 946687468.841833
diff: 35.158167004585266
waiting
going to web site
Hello world	Thread-3287	2

time: 946687504.832833
diff: 18.16716694831848
waiting
going to web site
Hello world	Thread-3369	6

time: 946687523.832832
diff: 18.167168021202087
waiting
going to web site
Hello world	Thread-3448	3

time: 946687542.836833
diff: 30.163166999816895
waiting
going to web site
Hello world	Thread-3587	6

time: 946687573.836832
diff: 22.16316795349121
waiting
going to web site
Hello world	Thread-3679	6

time: 946687596.832832
diff: 24.167168021202087
waiting
going to web site
Hello world	Thread-3801	6

time: 946687621.841833
diff: 17.158167004585266
waiting
going to web site
Hello world	Thread-3875	3

time: 946687639.832833
diff: 28.16716694831848
waiting
going to web site
Hello world	Thread-3995	4

time: 946687668.832832
diff: 28.167168021202087
waiting
going to web site
Hello world	Thread-4138	2

time: 946687698.8688331
diff: 28.13116693496704
waiting
going to web site
Hello world	Thread-4262	4

time: 946687727.832832
diff: 23.167168021202087
waiting
going to web site
Hello world	Thread-4367	4

time: 946687751.832833
diff: 18.16716694831848
waiting
going to web site
Hello world	Thread-4449	4

time: 946687770.832832
diff: 15.167168021202087
waiting
going to web site
Hello world	Thread-4523	4

time: 946687786.832833
diff: 21.16716694831848
waiting
going to web site
Hello world	Thread-4629	4

time: 946687809.832832
diff: 9.167168021202087
waiting
going to web site
Hello world	Thread-4668	4

time: 946687819.841833
diff: 22.158167004585266
waiting
going to web site
Hello world	Thread-4781	2

time: 946687843.841833
diff: 17.158167004585266
waiting
going to web site
Hello world	Thread-4864	2

time: 946687862.852833
diff: 26.147166967391968
waiting
going to web site
Hello world	Thread-4986	5

time: 946687889.832832
diff: 13.167168021202087
waiting
going to web site
Hello world	Thread-5055	4

time: 946687903.841833
diff: 22.158167004585266
waiting
going to web site
Hello world	Thread-5170	2

time: 946687927.842665
diff: 33.15733504295349
waiting
going to web site
Hello world	Thread-5327	3

time: 946687961.841833
diff: 10.158167004585266
waiting
going to web site
Hello world	Thread-5386	4

time: 946687973.842833
diff: 29.157166957855225
waiting
going to web site
Hello world	Thread-5518	3

time: 946688003.832832
diff: 29.167168021202087
waiting
going to web site
Hello world	Thread-5666	2

time: 946688034.841833
diff: 12.158167004585266
waiting
going to web site
Hello world	Thread-5715	2

time: 946688047.8398329
diff: 18.16016709804535
waiting
going to web site
Hello world	Thread-5805	3

time: 946688066.841833
diff: 24.158167004585266
waiting
going to web site
Hello world	Thread-5920	2

time: 946688091.841833
diff: 5.158167004585266
waiting
going to web site
Hello world	Thread-5939	2

time: 946688097.841833
diff: 26.158167004585266
waiting
going to web site
Hello world	Thread-6074	2

time: 946688127.851833
diff: 18.14816701412201
waiting
going to web site
Hello world	Thread-6152	3

time: 946688146.841833
diff: 28.158167004585266
waiting
going to web site
Hello world	Thread-6271	2

time: 946688175.841833
diff: 26.158167004585266
waiting
going to web site
Hello world	Thread-6398	2

time: 946688203.841833
diff: 17.158167004585266
waiting
going to web site
Hello world	Thread-6481	3

time: 946688221.841833
diff: 14.158167004585266
waiting
going to web site
Hello world	Thread-6540	2

time: 946688236.841833
diff: 39.158167004585266
waiting
going to web site
Hello world	Thread-6715	3

time: 946688276.841833
diff: 24.158167004585266
waiting
going to web site
Hello world	Thread-6827	2

time: 946688301.851833
diff: 12.14816701412201
waiting
going to web site
Hello world	Thread-6892	2

time: 946688314.841833
diff: 36.158167004585266
waiting
going to web site
Hello world	Thread-7047	3

time: 946688351.841833
diff: 16.158167004585266
waiting
going to web site
Hello world	Thread-7122	3

time: 946688368.832833
diff: 25.16716694831848
waiting
going to web site
Hello world	Thread-7242	3

time: 946688394.832832
diff: 26.167168021202087
waiting
going to web site
Hello world	Thread-7361	5

time: 946688421.845833
diff: 20.15416705608368
waiting
going to web site
Hello world	Thread-7460	3

time: 946688442.841833
diff: 15.158167004585266
waiting
going to web site
Hello world	Thread-7525	3

time: 946688458.842128
diff: 14.157871961593628
waiting
going to web site
Hello world	Thread-7595	3

time: 946688473.832832
diff: 12.167168021202087
waiting
going to web site
Hello world	Thread-7652	2

time: 946688486.845833
diff: 19.15416705608368
waiting
going to web site
Hello world	Thread-7737	2

time: 946688506.836833
diff: 28.163166999816895
waiting
going to web site
Hello world	Thread-7866	4

time: 946688536.832832
diff: 15.167168021202087
waiting
going to web site
Hello world	Thread-7932	2

time: 946688552.841833
diff: 19.158167004585266
waiting
going to web site
Hello world	Thread-8030	2

time: 946688572.841833
diff: 23.158167004585266
waiting
going to web site
Hello world	Thread-8131	2

time: 946688596.842665
diff: 22.15733504295349
waiting
going to web site
Hello world	Thread-8234	3

time: 946688619.832833
diff: 37.16716694831848
waiting
going to web site
Hello world	Thread-8392	4

time: 946688657.5350641
diff: 19.464935898780823
waiting
going to web site
Hello world	Thread-8471	4

time: 946688677.5350641
diff: 35.46493589878082
waiting
going to web site
Hello world	Thread-8621	5

time: 946688713.5350641
diff: 17.464935898780823
waiting
going to web site
Hello world	Thread-8695	6

time: 946688731.5350641
diff: 30.464935898780823
waiting
going to web site
Hello world	Thread-8817	5

time: 946688762.526064
diff: 20.473935961723328
waiting
going to web site
Hello world	Thread-8901	5

time: 946688783.5350641
diff: 28.464935898780823
waiting
going to web site
Hello world	Thread-9019	4

time: 946688812.5350641
diff: 22.464935898780823
waiting
going to web site
Hello world	Thread-9114	6

time: 946688835.5350641
diff: 10.464935898780823
waiting
going to web site
Hello world	Thread-9158	6

time: 946688846.5350641
diff: 36.46493589878082
waiting
going to web site
Hello world	Thread-9310	6

time: 946688883.526064
diff: 28.473935961723328
waiting
going to web site
Hello world	Thread-9437	7

time: 946688912.535209
diff: 12.464791059494019
waiting
going to web site
Hello world	Thread-9496	6

time: 946688925.5350649
diff: 28.464935064315796
waiting
going to web site
Hello world	Thread-9624	5

time: 946688954.5350649
diff: 20.464935064315796
waiting
going to web site
Hello world	Thread-9723	5

time: 946688975.5350649
diff: 12.464935064315796
waiting
going to web site
Hello world	Thread-9784	3

time: 946688988.544065
diff: 18.45593500137329
waiting
going to web site
Hello world	Thread-9875	4

time: 946689007.5350649
diff: 31.464935064315796
waiting
going to web site
Hello world	Thread-10018	5

time: 946689039.544065
diff: 18.45593500137329
waiting
going to web site
Hello world	Thread-10098	5

time: 946689058.544689
diff: 19.455310940742493
waiting
going to web site
Hello world	Thread-10199	7

time: 946689078.526064
diff: 32.47393596172333
waiting
going to web site
Hello world	Thread-10347	4

time: 946689111.5350641
diff: 9.464935898780823
waiting
going to web site
Hello world	Thread-10392	6

time: 946689121.526064
diff: 21.473935961723328
waiting
going to web site
Hello world	Thread-10503	5

time: 946689143.5350641
diff: 6.464935898780823
waiting
going to web site
Hello world	Thread-10535	7

time: 946689150.526064
diff: 20.473935961723328
waiting
going to web site
Hello world	Thread-10631	7

time: 946689171.5330639
diff: 26.466936111450195
waiting
going to web site
Hello world	Thread-10766	5

time: 946689198.539065
diff: 24.46093499660492
waiting
going to web site
Hello world	Thread-10887	5

time: 946689223.5290639
diff: 16.470936059951782
waiting
going to web site
Hello world	Thread-10964	4

time: 946689240.526065
diff: 22.47393500804901
waiting
going to web site
Hello world	Thread-11081	4

time: 946689263.858987
diff: 33.14101302623749
waiting
going to web site
Hello world	Thread-11242	5

time: 946689297.845833
diff: 21.15416705608368
waiting
going to web site
Hello world	Thread-11346	4

time: 946689319.841833
diff: 16.158167004585266
waiting
going to web site
Hello world	Thread-11427	3

time: 946689336.841833
diff: 22.158167004585266
waiting
going to web site
Hello world	Thread-11528	4

time: 946689359.859653
diff: 7.140347003936768
waiting
going to web site
Hello world	Thread-11572	3

time: 946689368.841833
diff: 16.158167004585266
waiting
going to web site
Hello world	Thread-11659	2

time: 946689386.852833
diff: 22.147166967391968
waiting
going to web site
Hello world	Thread-11763	5

time: 946689409.834832
diff: 36.165168046951294
waiting
going to web site
Hello world	Thread-11926	2

time: 946689447.841833
diff: 7.158167004585266
waiting
going to web site
Hello world	Thread-11968	3

time: 946689455.836833
diff: 29.163166999816895
waiting
going to web site
Hello world	Thread-12112	4

time: 946689485.832832
diff: 11.167168021202087
waiting
going to web site
Hello world	Thread-12164	3

time: 946689497.859208
diff: 24.14079201221466
waiting
going to web site
Hello world	Thread-12271	2

time: 946689522.845833
diff: 18.15416705608368
waiting
going to web site
Hello world	Thread-12364	2

time: 946689541.845833
diff: 31.15416705608368
waiting
going to web site
Hello world	Thread-12507	4

time: 946689573.841833
diff: 10.158167004585266
waiting
going to web site
Hello world	Thread-12565	2

time: 946689585.844833
diff: 37.15516698360443
waiting
going to web site
Hello world	Thread-12731	3

time: 946689623.832832
diff: 23.167168021202087
waiting
going to web site
Hello world	Thread-12861	2

time: 946689650.842833
diff: 14.157166957855225
waiting
going to web site
Hello world	Thread-12929	4

time: 946689665.832832
diff: 23.167168021202087
waiting
going to web site
Hello world	Thread-13050	3

time: 946689689.841833
diff: 12.158167004585266
waiting
going to web site
Hello world	Thread-13104	2

time: 946689702.841833
diff: 15.158167004585266
waiting
going to web site
Hello world	Thread-13178	3

time: 946689718.841833
diff: 23.158167004585266
waiting
going to web site
Hello world	Thread-13279	5

time: 946689742.834833
diff: 20.165166974067688
waiting
going to web site
Hello world	Thread-13380	4

time: 946689763.832832
diff: 20.167168021202087
waiting
going to web site
Hello world	Thread-13468	3

time: 946689784.841833
diff: 30.158167004585266
waiting
going to web site
Hello world	Thread-13615	4

time: 946689815.841833
diff: 8.158167004585266
waiting
going to web site
Hello world	Thread-13662	2

time: 946689824.842833
diff: 23.157166957855225
waiting
going to web site
Hello world	Thread-13774	4

time: 946689848.832832
diff: 25.167168021202087
waiting
going to web site
Hello world	Thread-13888	4

time: 946689874.732585
diff: 17.267415046691895
waiting
going to web site
Hello world	Thread-13972	5

time: 946689892.729585
diff: 24.27041494846344
waiting
going to web site
Hello world	Thread-14078	4

time: 946689917.7205839
diff: 18.27941608428955
waiting
going to web site
Hello world	Thread-14158	5

time: 946689936.729585
diff: 28.27041494846344
waiting
going to web site
Hello world	Thread-14289	4

time: 946689965.729584
diff: 12.270416021347046
waiting
going to web site
Hello world	Thread-14338	5

time: 946689978.720585
diff: 30.279415011405945
waiting
going to web site
Hello world	Thread-14485	5

time: 946690009.732585
diff: 24.267415046691895
waiting
going to web site
Hello world	Thread-14588	2

time: 946690034.720585
diff: 14.279415011405945
waiting
going to web site
Hello world	Thread-14652	5

time: 946690049.732417
diff: 35.26758301258087
waiting
going to web site
Hello world	Thread-14805	6

time: 946690085.738585
diff: 33.261415004730225
waiting
going to web site
Hello world	Thread-14946	7

time: 946690119.720585
diff: 25.279415011405945
waiting
going to web site
Hello world	Thread-15057	4

time: 946690145.732325
diff: 13.267675042152405
waiting
going to web site
Hello world	Thread-15122	4

time: 946690159.732325
diff: 14.267675042152405
waiting
going to web site
Hello world	Thread-15180	5

time: 946690174.732325
diff: 28.267675042152405
waiting
going to web site
Hello world	Thread-15306	5

time: 946690203.732325
diff: 16.267675042152405
waiting
going to web site
Hello world	Thread-15376	5

time: 946690220.732325
diff: 19.267675042152405
waiting
going to web site
Hello world	Thread-15471	4

time: 946690240.732585
diff: 21.267415046691895
waiting
going to web site
Hello world	Thread-15564	5

time: 946690262.732585
diff: 25.267415046691895
waiting
going to web site
Hello world	Thread-15679	6

time: 946690288.730112
diff: 31.269888043403625
waiting
going to web site
Hello world	Thread-15819	6

time: 946690320.732585
diff: 17.267415046691895
waiting
going to web site
Hello world	Thread-15894	5

time: 946690338.741585
diff: 20.25841498374939
waiting
going to web site
Hello world	Thread-15980	3

time: 946690359.732325
diff: 30.267675042152405
waiting
going to web site
Hello world	Thread-16115	5

time: 946690390.729585
diff: 13.27041494846344
waiting
going to web site
Hello world	Thread-16180	5

time: 946690404.7205839
diff: 27.27941608428955
waiting
going to web site
Hello world	Thread-16299	6

time: 946690432.729585
diff: 22.27041494846344
waiting
going to web site
Hello world	Thread-16400	4

time: 946690455.724584
diff: 21.275416016578674
waiting
going to web site
Hello world	Thread-16496	4

time: 946690477.841833
diff: 16.158167004585266
waiting
going to web site
Hello world	Thread-16575	3

time: 946690494.832833
diff: 35.16716694831848
waiting
going to web site
Hello world	Thread-16726	3

time: 946690530.832832
diff: 25.167168021202087
waiting
going to web site
Hello world	Thread-16839	4

time: 946690556.845833
diff: 20.15416705608368
waiting
going to web site
Hello world	Thread-16935	3

time: 946690577.841833
diff: 22.158167004585266
waiting
going to web site
Hello world	Thread-17036	4

time: 946690600.832833
diff: 19.16716694831848
waiting
going to web site
Hello world	Thread-17116	5

time: 946690620.832832
diff: 18.167168021202087
waiting
going to web site
Hello world	Thread-17201	2

time: 946690639.841833
diff: 19.158167004585266
waiting
going to web site
Hello world	Thread-17283	3

time: 946690659.846841
diff: 18.153159022331238
waiting
going to web site
Hello world	Thread-17366	4

time: 946690679.841833
diff: 15.158167004585266
waiting
going to web site
Hello world	Thread-17442	3

time: 946690695.841833
diff: 29.158167004585266
waiting
going to web site
Hello world	Thread-17567	4

time: 946690725.832833
diff: 21.16716694831848
waiting
going to web site
Hello world	Thread-17665	5

time: 946690747.832832
diff: 28.167168021202087
waiting
going to web site
Hello world	Thread-17795	2

time: 946690776.832833
diff: 32.16716694831848
waiting
going to web site
Hello world	Thread-17935	6

time: 946690809.836832
diff: 13.163167953491211
waiting
going to web site
Hello world	Thread-17991	5

time: 946690823.832832
diff: 15.167168021202087
waiting
going to web site
Hello world	Thread-18063	2

time: 946690839.841833
diff: 27.158167004585266
waiting
going to web site
Hello world	Thread-18180	2

time: 946690867.841833
diff: 17.158167004585266
waiting
going to web site
Hello world	Thread-18253	3

time: 946690885.841833
diff: 29.158167004585266
waiting
going to web site
Hello world	Thread-18386	2

time: 946690916.8478321
diff: 29.152167916297913
waiting
going to web site
Hello world	Thread-18513	3

time: 946690946.832832
diff: 16.167168021202087
waiting
going to web site
Hello world	Thread-18588	3

time: 946690963.841833
diff: 29.158167004585266
waiting
going to web site
Hello world	Thread-18719	4

time: 946690993.842833
diff: 10.157166957855225
waiting
going to web site
Hello world	Thread-18766	6

time: 946691004.832832
diff: 38.16716802120209
waiting
going to web site
Hello world	Thread-18937	2

time: 946691043.841833
diff: 12.158167004585266
waiting
going to web site
Hello world	Thread-18997	2

time: 946691056.842833
diff: 20.157166957855225
waiting
going to web site
Hello world	Thread-19081	7

time: 946691077.5350641
diff: 30.464935898780823
waiting
going to web site
Hello world	Thread-19218	7

time: 946691108.5350641
diff: 18.464935898780823
waiting
going to web site
Hello world	Thread-19304	6

time: 946691127.530064
diff: 18.46993601322174
waiting
going to web site
Hello world	Thread-19387	7

time: 946691146.539897
diff: 25.460103034973145
waiting
going to web site
Hello world	Thread-19509	6

time: 946691172.541065
diff: 23.458935022354126
waiting
going to web site
Hello world	Thread-19617	6

time: 946691196.544065
diff: 15.455935001373291
waiting
going to web site
Hello world	Thread-19687	4

time: 946691212.544065
diff: 23.45593500137329
waiting
going to web site
Hello world	Thread-19807	3

time: 946691236.5350649
diff: 12.464935064315796
waiting
going to web site
Hello world	Thread-19858	5

time: 946691249.5350649
diff: 27.464935064315796
waiting
going to web site
Hello world	Thread-19988	7

time: 946691277.539065
diff: 25.46093499660492
waiting
going to web site
Hello world	Thread-20104	7

time: 946691303.5350641
diff: 25.464935898780823
waiting
going to web site
Hello world	Thread-20237	6

time: 946691329.5350641
diff: 7.464935898780823
waiting
going to web site
Hello world	Thread-20272	3

time: 946691337.526064
diff: 28.473935961723328
waiting
going to web site
Hello world	Thread-20400	7

time: 946691366.5350641
diff: 20.464935898780823
waiting
going to web site
Hello world	Thread-20519	7

time: 946691387.526064
diff: 17.473935961723328
waiting
going to web site
Hello world	Thread-20607	4

time: 946691405.5350641
diff: 22.464935898780823
waiting
going to web site
Hello world	Thread-20716	6

time: 946691428.5350641
diff: 14.464935898780823
waiting
going to web site
Hello world	Thread-20784	4

time: 946691443.526064
diff: 17.473935961723328
waiting
going to web site
Hello world	Thread-20877	5

time: 946691461.5350641
diff: 22.464935898780823
waiting
going to web site
Hello world	Thread-20984	5

time: 946691484.5350641
diff: 32.46493589878082
waiting
going to web site
Hello world	Thread-21130	7

time: 946691517.5294169
diff: 9.470583081245422
waiting
going to web site
Hello world	Thread-21184	5

time: 946691527.526065
diff: 27.47393500804901
waiting
going to web site
Hello world	Thread-21316	7

time: 946691555.5350649
diff: 17.464935064315796
waiting
going to web site
Hello world	Thread-21391	3

time: 946691573.5350649
diff: 6.464935064315796
waiting
going to web site
Hello world	Thread-21426	5

time: 946691580.539065
diff: 26.46093499660492
waiting
going to web site
Hello world	Thread-21546	4

time: 946691607.5350641
diff: 19.464935898780823
waiting
going to web site
Hello world	Thread-21635	6

time: 946691627.527417
diff: 26.472583055496216
waiting
going to web site
Hello world	Thread-21757	5

time: 946691654.542065
diff: 31.457934975624084
waiting
going to web site
Hello world	Thread-21900	2

time: 946691687.916332
diff: 22.083667993545532
waiting
going to web site
Hello world	Thread-22015	2

time: 946691711.904776
diff: 14.095224022865295
waiting
going to web site
Hello world	Thread-22096	2

time: 946691729.9077771
diff: 24.092222929000854
waiting
going to web site
Hello world	Thread-22198	2

time: 946691754.9027761
diff: 33.0972238779068
waiting
going to web site
Hello world	Thread-22341	2

time: 946691788.9027761
diff: 23.0972238779068
waiting
going to web site
Hello world	Thread-22454	2

time: 946691812.901776
diff: 6.09822404384613
waiting
going to web site
Hello world	Thread-22488	2

time: 946691820.910777
diff: 29.08922302722931
waiting
going to web site
Hello world	Thread-22615	2

time: 946691850.910777
diff: 31.08922302722931
waiting
going to web site
Hello world	Thread-22759	2

time: 946691882.9108089
diff: 12.08919107913971
waiting
going to web site
Hello world	Thread-22819	2

time: 946691895.910777
diff: 10.089223027229309
waiting
going to web site
Hello world	Thread-22862	2

time: 946691906.910777
diff: 32.08922302722931
waiting
going to web site
Hello world	Thread-23008	2

time: 946691939.910777
diff: 20.08922302722931
waiting
going to web site
Hello world	Thread-23117	2

time: 946691960.910777
diff: 26.08922302722931
waiting
going to web site
Hello world	Thread-23239	2

time: 946691987.910777
diff: 22.08922302722931
waiting
going to web site
Hello world	Thread-23347	2

time: 946692010.910777
diff: 12.089223027229309
waiting
going to web site
Hello world	Thread-23405	2

time: 946692023.910777
diff: 22.08922302722931
waiting
going to web site
Hello world	Thread-23520	2

time: 946692046.901777
diff: 12.098222970962524
waiting
going to web site
Hello world	Thread-23588	2

time: 946692059.910776
diff: 27.089223980903625
waiting
going to web site
Hello world	Thread-23724	2

time: 946692088.910777
diff: 20.08922302722931
waiting
going to web site
Hello world	Thread-23815	2

time: 946692109.910777
diff: 22.08922302722931
waiting
going to web site
Hello world	Thread-23929	2

time: 946692132.918777
diff: 24.081223011016846
waiting
going to web site
Hello world	Thread-24044	2

time: 946692157.9116089
diff: 9.088391065597534
waiting
going to web site
Hello world	Thread-24090	2

time: 946692167.910777
diff: 15.089223027229309
waiting
going to web site
Hello world	Thread-24164	2

time: 946692183.901777
diff: 19.098222970962524
waiting
going to web site
Hello world	Thread-24252	2

time: 946692203.904776
diff: 7.095224022865295
waiting
going to web site
Hello world	Thread-24293	2

time: 946692211.903777
diff: 27.09622299671173
waiting
going to web site
Hello world	Thread-24416	2

time: 946692239.9027761
diff: 32.0972238779068
waiting
going to web site
Hello world	Thread-24566	2

time: 946692272.9027761
diff: 28.0972238779068
waiting
going to web site
Hello world	Thread-24700	5

time: 946692301.797192
diff: 9.202808022499084
waiting
going to web site
Hello world	Thread-24740	4

time: 946692311.7971929
diff: 31.202807068824768
waiting
going to web site
Hello world	Thread-24881	3

time: 946692343.803193
diff: 33.1968070268631
waiting
going to web site
Hello world	Thread-25031	4

time: 946692377.7971929
diff: 23.202807068824768
waiting
going to web site
Hello world	Thread-25130	3

time: 946692401.802193
diff: 17.19780695438385
waiting
going to web site
Hello world	Thread-25199	6

time: 946692419.802192
diff: 18.197808027267456
waiting
going to web site
Hello world	Thread-25285	4

time: 946692438.7971929
diff: 36.20280706882477
waiting
going to web site
Hello world	Thread-25444	2

time: 946692475.802193
diff: 26.19780695438385
waiting
going to web site
Hello world	Thread-25550	3

time: 946692502.802192
diff: 11.197808027267456
waiting
going to web site
Hello world	Thread-25607	2

time: 946692514.8031449
diff: 16.196855068206787
waiting
going to web site
Hello world	Thread-25668	4

time: 946692531.7971929
diff: 28.202807068824768
waiting
going to web site
Hello world	Thread-25795	2

time: 946692560.8031449
diff: 28.196855068206787
waiting
going to web site
Hello world	Thread-25921	4

time: 946692589.7971929
diff: 14.202807068824768
waiting
going to web site
Hello world	Thread-25981	5

time: 946692604.809193
diff: 28.190806984901428
waiting
going to web site
Hello world	Thread-26102	4

time: 946692633.805192
diff: 13.194808006286621
waiting
going to web site
Hello world	Thread-26158	5

time: 946692647.802193
diff: 34.19780695438385
waiting
going to web site
Hello world	Thread-26284	5

time: 946692682.797192
diff: 12.202808022499084
waiting
going to web site
Hello world	Thread-26335	6

time: 946692695.809193
diff: 29.190806984901428
waiting
going to web site
Hello world	Thread-26417	3

time: 946692725.797192
diff: 21.202808022499084
waiting
going to web site
Hello world	Thread-26483	4

time: 946692747.7971929
diff: 29.202807068824768
waiting
going to web site
Hello world	Thread-26556	4

time: 946692777.7971929
diff: 16.202807068824768
waiting
going to web site
Hello world	Thread-26592	5

