time: 946686600.0
diff: 87.0
waiting
going to web site
Hello world	Thread-376	8

time: 946686687.538064
diff: -0.5380640029907227
going to web site
Hello world	Thread-384	5

time: 946686688.074128
diff: -0.07412803173065186
going to web site
Hello world	Thread-391	6

time: 946686688.605192
diff: 0.3948080539703369
waiting
going to web site
Hello world	Thread-404	7

time: 946686689.5429411
diff: 0.4570589065551758
waiting
going to web site
Hello world	Thread-414	8

time: 946686690.5350641
diff: 0.46493589878082275
waiting
going to web site
Hello world	Thread-430	8

time: 946686691.526064
diff: -0.5260640382766724
going to web site
Hello world	Thread-435	2

time: 946686692.058128
diff: -0.0581279993057251
going to web site
Hello world	Thread-439	8

time: 946686692.5914489
diff: 0.40855109691619873
waiting
going to web site
Hello world	Thread-453	10

time: 946686693.5381529
diff: -0.5381529331207275
going to web site
Hello world	Thread-460	4

time: 946686694.069217
diff: -0.06921696662902832
going to web site
Hello world	Thread-466	4

time: 946686694.607281
diff: -0.607280969619751
going to web site
Hello world	Thread-471	6

time: 946686695.141345
diff: 0.8586549758911133
waiting
going to web site
Hello world	Thread-484	7

time: 946686696.534064
diff: 2.4659359455108643
waiting
going to web site
Hello world	Thread-509	5

time: 946686699.526064
diff: 1.4739359617233276
waiting
going to web site
Hello world	Thread-526	7

time: 946686701.540065
diff: 13.459934949874878
waiting
going to web site
Hello world	Thread-98	3

time: 946686715.535705
diff: 4.464295029640198
waiting
going to web site
Hello world	Thread-107	3

time: 946686720.5350649
diff: 22.464935064315796
waiting
going to web site
Hello world	Thread-153	4

time: 946686743.536065
diff: 10.463935017585754
waiting
going to web site
Hello world	Thread-879	4

time: 946686754.5350649
diff: -0.5350649356842041
going to web site
Hello world	Thread-883	2

time: 946686755.061129
diff: -1.0611289739608765
going to web site
Hello world	Thread-885	3

time: 946686755.599193
diff: 0.4008070230484009
waiting
going to web site
Hello world	Thread-887	2

time: 946686756.5350649
diff: 1.464935064315796
waiting
going to web site
Hello world	Thread-890	3

time: 946686758.5300651
diff: 0.46993494033813477
waiting
going to web site
Hello world	Thread-893	3

time: 946686759.530064
diff: 8.46993601322174
waiting
going to web site
Hello world	Thread-213	3

time: 946686768.5579801
diff: 17.442019939422607
waiting
going to web site
Hello world	Thread-264	3

time: 946686786.5345191
diff: 20.46548092365265
waiting
going to web site
Hello world	Thread-324	2

time: 946686807.5350641
diff: 4.464935898780823
waiting
going to web site
Hello world	Thread-336	3

time: 946686812.54143
diff: 23.45857000350952
waiting
going to web site
Hello world	Thread-413	5

time: 946686836.539065
diff: 22.46093499660492
waiting
going to web site
Hello world	Thread-488	4

time: 946686859.543065
diff: 7.4569350481033325
waiting
going to web site
Hello world	Thread-516	4

time: 946686867.5350649
diff: 25.464935064315796
waiting
going to web site
Hello world	Thread-612	3

time: 946686893.536065
diff: 15.463935017585754
waiting
going to web site
Hello world	Thread-671	5

time: 946686909.5425
diff: 30.457499980926514
waiting
going to web site
Hello world	Thread-804	5

time: 946686940.542064
diff: 34.45793604850769
waiting
going to web site
Hello world	Thread-971	5

time: 946686975.536065
diff: 24.463935017585754
waiting
going to web site
Hello world	Thread-1083	6

time: 946687000.541065
diff: 14.458935022354126
waiting
going to web site
Hello world	Thread-1153	8

time: 946687015.541065
diff: 23.458935022354126
waiting
going to web site
Hello world	Thread-1260	8

time: 946687039.5350649
diff: 29.464935064315796
waiting
going to web site
Hello world	Thread-1398	6

time: 946687069.544363
diff: 20.455636978149414
waiting
going to web site
Hello world	Thread-1491	4

time: 946687090.526064
diff: 32.47393596172333
waiting
going to web site
Hello world	Thread-1634	4

time: 946687123.5350641
diff: 11.464935898780823
waiting
going to web site
Hello world	Thread-1685	7

time: 946687135.5345191
diff: 20.46548092365265
waiting
going to web site
Hello world	Thread-1768	8

time: 946687156.532064
diff: 34.46793603897095
waiting
going to web site
Hello world	Thread-1918	5

time: 946687191.544065
diff: 25.45593500137329
waiting
going to web site
Hello world	Thread-2026	7

time: 946687217.541065
diff: 21.458935022354126
waiting
going to web site
Hello world	Thread-2113	5

time: 946687239.526065
diff: 19.47393500804901
waiting
going to web site
Hello world	Thread-2210	5

time: 946687259.544065
diff: 25.45593500137329
waiting
going to web site
Hello world	Thread-2330	5

time: 946687285.5380651
diff: 6.461934924125671
waiting
going to web site
Hello world	Thread-2358	7

time: 946687292.5330639
diff: 23.466936111450195
waiting
going to web site
Hello world	Thread-2466	4

time: 946687316.5350649
diff: 26.464935064315796
waiting
going to web site
Hello world	Thread-2578	3

time: 946687343.536065
diff: 4.463935017585754
waiting
going to web site
Hello world	Thread-2597	2

time: 946687348.526065
diff: 23.47393500804901
waiting
going to web site
Hello world	Thread-2712	4

time: 946687372.5270649
diff: 38.47293508052826
waiting
going to web site
Hello world	Thread-2878	7

time: 946687411.531417
diff: 13.46858298778534
waiting
going to web site
Hello world	Thread-2942	4

time: 946687425.526064
diff: 24.473935961723328
waiting
going to web site
Hello world	Thread-3046	7

time: 946687450.5350641
diff: 32.46493589878082
waiting
going to web site
Hello world	Thread-3192	8

time: 946687483.5350641
diff: 13.464935898780823
waiting
going to web site
Hello world	Thread-3252	7

time: 946687497.5350641
diff: 32.46493589878082
waiting
going to web site
Hello world	Thread-3398	7

time: 946687530.532064
diff: 20.467936038970947
waiting
going to web site
Hello world	Thread-3490	3

time: 946687551.5350649
diff: 23.464935064315796
waiting
going to web site
Hello world	Thread-3598	5

time: 946687575.536065
diff: 21.463935017585754
waiting
going to web site
Hello world	Thread-3687	4

time: 946687597.539065
diff: 19.46093499660492
waiting
going to web site
Hello world	Thread-3779	5

time: 946687617.5350641
diff: 36.46493589878082
waiting
going to web site
Hello world	Thread-3936	6

time: 946687654.5350641
diff: 18.464935898780823
waiting
going to web site
Hello world	Thread-4019	2

time: 946687673.526064
diff: 9.473935961723328
waiting
going to web site
Hello world	Thread-4061	7

time: 946687683.5350641
diff: 25.464935898780823
waiting
going to web site
Hello world	Thread-4173	5

time: 946687709.5350641
diff: 14.464935898780823
waiting
going to web site
Hello world	Thread-4243	7

time: 946687724.5350641
diff: 30.464935898780823
waiting
going to web site
Hello world	Thread-4381	7

time: 946687755.5350641
diff: 18.464935898780823
waiting
going to web site
Hello world	Thread-4469	6

time: 946687774.5350641
diff: 6.464935898780823
waiting
going to web site
Hello world	Thread-4501	7

time: 946687781.5350641
diff: 32.46493589878082
waiting
going to web site
Hello world	Thread-4647	6

time: 946687814.5350641
diff: 26.464935898780823
waiting
going to web site
Hello world	Thread-4766	7

time: 946687841.5350641
diff: 15.464935898780823
waiting
going to web site
Hello world	Thread-4840	2

time: 946687857.526064
diff: 15.473935961723328
waiting
going to web site
Hello world	Thread-4911	4

time: 946687873.5350641
diff: 36.46493589878082
waiting
going to web site
Hello world	Thread-5080	5

time: 946687910.7205839
diff: 16.27941608428955
waiting
going to web site
Hello world	Thread-5168	4

time: 946687927.729585
diff: 26.27041494846344
waiting
going to web site
Hello world	Thread-5296	7

time: 946687954.7205839
diff: 14.27941608428955
waiting
going to web site
Hello world	Thread-5359	6

time: 946687969.720585
diff: 29.279415011405945
waiting
going to web site
Hello world	Thread-5500	3

time: 946687999.720585
diff: 5.279415011405945
waiting
going to web site
Hello world	Thread-5525	6

time: 946688005.729585
diff: 27.27041494846344
waiting
going to web site
Hello world	Thread-5659	4

time: 946688033.7205839
diff: 21.27941608428955
waiting
going to web site
Hello world	Thread-5759	4

time: 946688055.732585
diff: 22.267415046691895
waiting
going to web site
Hello world	Thread-5859	3

time: 946688078.7245849
diff: 33.27541506290436
waiting
going to web site
Hello world	Thread-6011	4

time: 946688112.732585
diff: 17.267415046691895
waiting
going to web site
Hello world	Thread-6087	5

time: 946688130.729585
diff: 12.27041494846344
waiting
going to web site
Hello world	Thread-6136	3

time: 946688143.7205839
diff: 26.27941608428955
waiting
going to web site
Hello world	Thread-6253	3

time: 946688170.720585
diff: 34.279415011405945
waiting
going to web site
Hello world	Thread-6409	2

time: 946688205.740585
diff: 18.25941503047943
waiting
going to web site
Hello world	Thread-6493	6

time: 946688224.732585
diff: 30.267415046691895
waiting
going to web site
Hello world	Thread-6623	4

time: 946688255.720585
diff: 15.279415011405945
waiting
going to web site
Hello world	Thread-6691	4

time: 946688271.739072
diff: 36.26092803478241
waiting
going to web site
Hello world	Thread-6858	3

time: 946688308.732325
diff: 9.267675042152405
waiting
going to web site
Hello world	Thread-6907	4

time: 946688318.732585
diff: 26.267415046691895
waiting
going to web site
Hello world	Thread-7018	5

time: 946688345.732585
diff: 14.267415046691895
waiting
going to web site
Hello world	Thread-7087	5

time: 946688360.732585
diff: 17.267415046691895
waiting
going to web site
Hello world	Thread-7172	5

time: 946688378.729585
diff: 20.27041494846344
waiting
going to web site
Hello world	Thread-7261	5

time: 946688399.7325839
diff: 24.2674161195755
waiting
going to web site
Hello world	Thread-7375	5

time: 946688424.732585
diff: 21.267415046691895
waiting
going to web site
Hello world	Thread-7470	3

time: 946688446.720585
diff: 11.279415011405945
waiting
going to web site
Hello world	Thread-7522	6

time: 946688458.7298801
diff: 19.2701199054718
waiting
going to web site
Hello world	Thread-7615	6

time: 946688478.7205839
diff: 16.27941608428955
waiting
going to web site
Hello world	Thread-7687	5

time: 946688495.732585
diff: 25.267415046691895
waiting
going to web site
Hello world	Thread-7809	3

time: 946688521.526065
diff: 31.47393500804901
waiting
going to web site
Hello world	Thread-7936	6

time: 946688553.5370649
diff: 35.462935090065
waiting
going to web site
Hello world	Thread-8098	6

time: 946688589.5350649
diff: 16.464935064315796
waiting
going to web site
Hello world	Thread-8175	4

time: 946688606.526065
diff: 29.47393500804901
waiting
going to web site
Hello world	Thread-8306	4

time: 946688636.5350649
diff: 29.464935064315796
waiting
going to web site
Hello world	Thread-8436	5

time: 946688666.5350649
diff: 29.464935064315796
waiting
going to web site
Hello world	Thread-8554	5

time: 946688696.544065
diff: 14.455935001373291
waiting
going to web site
Hello world	Thread-8613	4

time: 946688711.532065
diff: 18.46793496608734
waiting
going to web site
Hello world	Thread-8693	2

time: 946688730.530064
diff: 31.46993601322174
waiting
going to web site
Hello world	Thread-8818	3

time: 946688762.5350649
diff: 19.464935064315796
waiting
going to web site
Hello world	Thread-8896	6

time: 946688782.544065
diff: 27.45593500137329
waiting
going to web site
Hello world	Thread-9010	4

time: 946688810.5350649
diff: 27.464935064315796
waiting
going to web site
Hello world	Thread-9130	3

time: 946688838.544065
diff: 20.45593500137329
waiting
going to web site
Hello world	Thread-9213	6

time: 946688859.5350649
diff: 20.464935064315796
waiting
going to web site
Hello world	Thread-9302	5

time: 946688880.526065
diff: 8.473935008049011
waiting
going to web site
Hello world	Thread-9344	3

time: 946688889.5350649
diff: 27.464935064315796
waiting
going to web site
Hello world	Thread-9461	6

time: 946688917.549065
diff: 22.450935006141663
waiting
going to web site
Hello world	Thread-9564	4

time: 946688940.544065
diff: 25.45593500137329
waiting
going to web site
Hello world	Thread-9677	5

time: 946688966.5350649
diff: 17.464935064315796
waiting
going to web site
Hello world	Thread-9760	4

time: 946688984.5350649
diff: 29.464935064315796
waiting
going to web site
Hello world	Thread-9904	6

time: 946689014.546065
diff: 7.453935027122498
waiting
going to web site
Hello world	Thread-9939	3

time: 946689022.5351651
diff: 24.464834928512573
waiting
going to web site
Hello world	Thread-10049	5

time: 946689047.5350641
diff: 16.464935898780823
waiting
going to web site
Hello world	Thread-10128	4

time: 946689064.5350641
diff: 11.464935898780823
waiting
going to web site
Hello world	Thread-10189	7

time: 946689076.5350641
diff: 20.464935898780823
waiting
going to web site
Hello world	Thread-10277	7

time: 946689097.5350641
diff: 27.464935898780823
waiting
going to web site
Hello world	Thread-10418	5

time: 946689125.832832
diff: 19.167168021202087
waiting
going to web site
Hello world	Thread-10518	2

time: 946689145.841833
diff: 31.158167004585266
waiting
going to web site
Hello world	Thread-10663	2

time: 946689177.841833
diff: 12.158167004585266
waiting
going to web site
Hello world	Thread-10732	3

time: 946689190.8408331
diff: 31.159166932106018
waiting
going to web site
Hello world	Thread-10883	3

time: 946689222.836832
diff: 22.16316795349121
waiting
going to web site
Hello world	Thread-10990	3

time: 946689245.832832
diff: 8.167168021202087
waiting
going to web site
Hello world	Thread-11039	3

time: 946689254.841833
diff: 17.158167004585266
waiting
going to web site
Hello world	Thread-11117	3

time: 946689272.841833
diff: 23.158167004585266
waiting
going to web site
Hello world	Thread-11243	3

time: 946689297.845833
diff: 24.15416705608368
waiting
going to web site
Hello world	Thread-11362	4

time: 946689322.841833
diff: 27.158167004585266
waiting
going to web site
Hello world	Thread-11488	2

time: 946689350.841833
diff: 20.158167004585266
waiting
going to web site
Hello world	Thread-11595	3

time: 946689372.841833
diff: 11.158167004585266
waiting
going to web site
Hello world	Thread-11647	2

time: 946689384.841833
diff: 19.158167004585266
waiting
going to web site
Hello world	Thread-11742	2

time: 946689404.832833
diff: 15.167166948318481
waiting
going to web site
Hello world	Thread-11806	4

time: 946689420.832832
diff: 24.167168021202087
waiting
going to web site
Hello world	Thread-11914	2

time: 946689445.841833
diff: 28.158167004585266
waiting
going to web site
Hello world	Thread-12065	3

time: 946689475.841833
diff: 12.158167004585266
waiting
going to web site
Hello world	Thread-12125	2

time: 946689488.841833
diff: 40.158167004585266
waiting
going to web site
Hello world	Thread-12302	4

time: 946689529.832833
diff: 21.16716694831848
waiting
going to web site
Hello world	Thread-12407	4

time: 946689551.8338319
diff: 24.166168093681335
waiting
going to web site
Hello world	Thread-12520	2

time: 946689576.841833
diff: 25.158167004585266
waiting
going to web site
Hello world	Thread-12636	2

time: 946689602.832833
diff: 14.167166948318481
waiting
going to web site
Hello world	Thread-12702	5

time: 946689617.836832
diff: 15.163167953491211
waiting
going to web site
Hello world	Thread-12780	3

time: 946689633.832832
diff: 17.167168021202087
waiting
going to web site
Hello world	Thread-12864	2

time: 946689651.841833
diff: 29.158167004585266
waiting
going to web site
Hello world	Thread-13008	3

time: 946689681.841833
diff: 1.1581670045852661
waiting
going to web site
Hello world	Thread-13025	3

time: 946689684.841833
diff: 24.158167004585266
waiting
going to web site
Hello world	Thread-13129	2

time: 946689709.841833
diff: 27.158167004585266
waiting
going to web site
Hello world	Thread-13253	4

time: 946689737.802193
diff: 7.19780695438385
waiting
going to web site
Hello world	Thread-13290	6

time: 946689745.802192
diff: 28.197808027267456
waiting
going to web site
Hello world	Thread-13424	2

time: 946689774.802193
diff: 18.19780695438385
waiting
going to web site
Hello world	Thread-13512	5

time: 946689793.797192
diff: 28.202808022499084
waiting
going to web site
Hello world	Thread-13649	5

time: 946689822.802193
diff: 19.19780695438385
waiting
going to web site
Hello world	Thread-13737	7

time: 946689842.804192
diff: 29.195808053016663
waiting
going to web site
Hello world	Thread-13882	5

time: 946689872.8101931
diff: 8.189806938171387
waiting
going to web site
Hello world	Thread-13925	4

time: 946689881.802192
diff: 40.197808027267456
waiting
going to web site
Hello world	Thread-14100	5

time: 946689922.8031449
diff: 17.196855068206787
waiting
going to web site
Hello world	Thread-14178	5

time: 946689940.7971929
diff: 15.202807068824768
waiting
going to web site
Hello world	Thread-14251	7

time: 946689956.7971929
diff: 28.202807068824768
waiting
going to web site
Hello world	Thread-14377	3

time: 946689985.8031449
diff: 30.196855068206787
waiting
going to web site
Hello world	Thread-14510	6

time: 946690016.802193
diff: 19.19780695438385
waiting
going to web site
Hello world	Thread-14597	3

time: 946690036.802192
diff: 19.197808027267456
waiting
going to web site
Hello world	Thread-14678	5

time: 946690056.802193
diff: 27.19780695438385
waiting
going to web site
Hello world	Thread-14803	2

time: 946690084.797192
diff: 13.202808022499084
waiting
going to web site
Hello world	Thread-14863	4

time: 946690098.7971929
diff: 24.202807068824768
waiting
going to web site
Hello world	Thread-14967	5

time: 946690123.7971929
diff: 28.202807068824768
waiting
going to web site
Hello world	Thread-15093	4

time: 946690152.805193
diff: 20.194807052612305
waiting
going to web site
Hello world	Thread-15173	6

time: 946690173.7971929
diff: 29.202807068824768
waiting
going to web site
Hello world	Thread-15307	4

time: 946690203.8031449
diff: 16.196855068206787
waiting
going to web site
Hello world	Thread-15377	4

time: 946690220.8031449
diff: 17.196855068206787
waiting
going to web site
Hello world	Thread-15459	5

time: 946690238.7971929
diff: 21.202807068824768
waiting
going to web site
Hello world	Thread-15555	5

time: 946690260.802193
diff: 24.19780695438385
waiting
going to web site
Hello world	Thread-15663	4

time: 946690285.8031449
diff: 25.196855068206787
waiting
going to web site
Hello world	Thread-15778	5

time: 946690311.7971929
diff: 26.202807068824768
waiting
going to web site
Hello world	Thread-15900	5

time: 946690339.841833
diff: 11.158167004585266
waiting
going to web site
Hello world	Thread-15951	4

time: 946690351.841833
diff: 30.158167004585266
waiting
going to web site
Hello world	Thread-16082	3

time: 946690382.841833
diff: 18.158167004585266
waiting
going to web site
Hello world	Thread-16171	2

time: 946690402.842833
diff: 34.157166957855225
waiting
going to web site
Hello world	Thread-16323	4

time: 946690437.832832
diff: 11.167168021202087
waiting
going to web site
Hello world	Thread-16375	3

time: 946690449.841833
diff: 29.158167004585266
waiting
going to web site
Hello world	Thread-16508	2

time: 946690479.841833
diff: 17.158167004585266
waiting
going to web site
Hello world	Thread-16592	3

time: 946690497.8554809
diff: 24.144519090652466
waiting
going to web site
Hello world	Thread-16710	2

time: 946690525.860833
diff: 15.139166951179504
waiting
going to web site
Hello world	Thread-16777	3

time: 946690541.832832
diff: 15.167168021202087
waiting
going to web site
Hello world	Thread-16842	2

time: 946690557.841833
diff: 27.158167004585266
waiting
going to web site
Hello world	Thread-16967	2

time: 946690585.832833
diff: 19.16716694831848
waiting
going to web site
Hello world	Thread-17057	3

time: 946690606.836832
diff: 27.16316795349121
waiting
going to web site
Hello world	Thread-17178	5

time: 946690634.832832
diff: 29.167168021202087
waiting
going to web site
Hello world	Thread-17306	5

time: 946690664.841833
diff: 25.158167004585266
waiting
going to web site
Hello world	Thread-17423	3

time: 946690691.851665
diff: 27.148334980010986
waiting
going to web site
Hello world	Thread-17543	3

time: 946690719.832832
diff: 4.167168021202087
waiting
going to web site
Hello world	Thread-17564	3

time: 946690724.841833
diff: 19.158167004585266
waiting
going to web site
Hello world	Thread-17654	4

time: 946690744.841833
diff: 24.158167004585266
waiting
going to web site
Hello world	Thread-17783	3

time: 946690772.851833
diff: 19.14816701412201
waiting
going to web site
Hello world	Thread-17869	3

time: 946690792.841833
diff: 34.158167004585266
waiting
going to web site
Hello world	Thread-18020	3

time: 946690828.841833
diff: 12.158167004585266
waiting
going to web site
Hello world	Thread-18072	4

time: 946690841.841833
diff: 19.158167004585266
waiting
going to web site
Hello world	Thread-18150	2

time: 946690861.841833
diff: 35.158167004585266
waiting
going to web site
Hello world	Thread-18309	3

time: 946690897.841833
diff: 14.158167004585266
waiting
going to web site
Hello world	Thread-18370	2

time: 946690912.845833
diff: 34.15416705608368
waiting
going to web site
Hello world	Thread-18515	7

time: 946690947.526065
diff: 15.473935008049011
waiting
going to web site
Hello world	Thread-18587	4

time: 946690963.544065
diff: 15.455935001373291
waiting
going to web site
Hello world	Thread-18650	5

time: 946690979.5359759
diff: 29.46402406692505
waiting
going to web site
Hello world	Thread-18784	6

time: 946691009.5350649
diff: 29.464935064315796
waiting
going to web site
Hello world	Thread-18913	7

time: 946691039.5350649
diff: 10.464935064315796
waiting
going to web site
Hello world	Thread-18966	5

time: 946691050.535897
diff: 28.46410298347473
waiting
going to web site
Hello world	Thread-19092	7

time: 946691079.544064
diff: 23.455935955047607
waiting
going to web site
Hello world	Thread-19202	4

time: 946691103.5350641
diff: 26.464935898780823
waiting
going to web site
Hello world	Thread-19316	5

time: 946691130.540064
diff: 13.459936022758484
waiting
going to web site
Hello world	Thread-19378	7

time: 946691144.542065
diff: 16.457934975624084
waiting
going to web site
Hello world	Thread-19463	6

time: 946691161.5350649
diff: 16.464935064315796
waiting
going to web site
Hello world	Thread-19538	5

time: 946691178.5350649
diff: 26.464935064315796
waiting
going to web site
Hello world	Thread-19660	5

time: 946691205.544065
diff: 24.45593500137329
waiting
going to web site
Hello world	Thread-19773	6

time: 946691230.536065
diff: 16.463935017585754
waiting
going to web site
Hello world	Thread-19847	4

time: 946691247.544065
diff: 27.45593500137329
waiting
going to web site
Hello world	Thread-19980	2

time: 946691275.5350649
diff: 14.464935064315796
waiting
going to web site
Hello world	Thread-20054	5

time: 946691290.544065
diff: 18.45593500137329
waiting
going to web site
Hello world	Thread-20136	6

time: 946691309.544065
diff: 18.45593500137329
waiting
going to web site
Hello world	Thread-20233	4

time: 946691328.544065
diff: 23.45593500137329
waiting
going to web site
Hello world	Thread-20341	5

time: 946691352.545833
diff: 19.454167008399963
waiting
going to web site
Hello world	Thread-20441	7

time: 946691372.544929
diff: 5.455070972442627
waiting
going to web site
Hello world	Thread-20472	7

time: 946691378.5294169
diff: 29.470583081245422
waiting
going to web site
Hello world	Thread-20623	3

time: 946691408.544065
diff: 23.45593500137329
waiting
going to web site
Hello world	Thread-20733	6

time: 946691432.526065
diff: 26.47393500804901
waiting
going to web site
Hello world	Thread-20866	5

time: 946691459.536065
diff: 21.463935017585754
waiting
going to web site
Hello world	Thread-20969	6

time: 946691481.543065
diff: 2.4569350481033325
waiting
going to web site
Hello world	Thread-20986	4

time: 946691484.544256
diff: 29.45574402809143
waiting
going to web site
Hello world	Thread-21113	7

time: 946691514.542065
diff: 29.457934975624084
waiting
going to web site
Hello world	Thread-21260	7

time: 946691544.5350641
diff: 15.464935898780823
waiting
going to web site
Hello world	Thread-21333	2

time: 946691560.832832
diff: 28.167168021202087
waiting
going to web site
Hello world	Thread-21466	4

time: 946691589.841833
diff: 27.158167004585266
waiting
going to web site
Hello world	Thread-21594	6

time: 946691617.841833
diff: 15.158167004585266
waiting
going to web site
Hello world	Thread-21665	3

time: 946691633.841833
diff: 35.158167004585266
waiting
going to web site
Hello world	Thread-21816	4

time: 946691669.842193
diff: 25.157806992530823
waiting
going to web site
Hello world	Thread-21936	3

time: 946691695.832832
diff: 10.167168021202087
waiting
going to web site
Hello world	Thread-21987	4

time: 946691706.841833
diff: 20.158167004585266
waiting
going to web site
Hello world	Thread-22091	2

time: 946691728.841833
diff: 24.158167004585266
waiting
going to web site
Hello world	Thread-22194	2

time: 946691753.841833
diff: 31.158167004585266
waiting
going to web site
Hello world	Thread-22327	4

time: 946691785.851545
diff: 5.148455023765564
waiting
going to web site
Hello world	Thread-22359	3

time: 946691791.841833
diff: 28.158167004585266
waiting
going to web site
Hello world	Thread-22484	6

time: 946691820.832833
diff: 22.16716694831848
waiting
going to web site
Hello world	Thread-22581	3

time: 946691843.836832
diff: 21.16316795349121
waiting
going to web site
Hello world	Thread-22676	5

time: 946691865.832832
diff: 14.167168021202087
waiting
going to web site
Hello world	Thread-22752	3

time: 946691880.8602489
diff: 29.139751076698303
waiting
going to web site
Hello world	Thread-22875	4

time: 946691910.841833
diff: 24.158167004585266
waiting
going to web site
Hello world	Thread-22992	3

time: 946691935.841833
diff: 14.158167004585266
waiting
going to web site
Hello world	Thread-23064	4

time: 946691950.832833
diff: 11.167166948318481
waiting
going to web site
Hello world	Thread-23121	6

time: 946691962.832832
diff: 40.16716802120209
waiting
going to web site
Hello world	Thread-23316	4

time: 946692003.841833
diff: 10.158167004585266
waiting
going to web site
Hello world	Thread-23368	5

time: 946692014.832833
diff: 23.16716694831848
waiting
going to web site
Hello world	Thread-23480	3

time: 946692038.841833
diff: 17.158167004585266
waiting
going to web site
Hello world	Thread-23574	3

time: 946692056.845833
diff: 17.15416705608368
waiting
going to web site
Hello world	Thread-23656	3

time: 946692074.8422489
diff: 11.157751083374023
waiting
going to web site
Hello world	Thread-23718	3

time: 946692087.856833
diff: 21.14316701889038
waiting
going to web site
Hello world	Thread-23814	4

time: 946692109.841833
diff: 8.158167004585266
waiting
going to web site
Hello world	Thread-23871	2

time: 946692119.842833
diff: 22.157166957855225
waiting
going to web site
Hello world	Thread-23975	6

time: 946692142.832832
diff: 36.16716802120209
waiting
going to web site
Hello world	Thread-24139	2

time: 946692179.841833
diff: 24.158167004585266
waiting
going to web site
Hello world	Thread-24254	3

time: 946692204.841833
diff: 16.158167004585266
waiting
going to web site
Hello world	Thread-24354	2

time: 946692224.841833
diff: 24.158167004585266
waiting
going to web site
Hello world	Thread-24467	4

time: 946692249.841833
diff: 34.158167004585266
waiting
going to web site
Hello world	Thread-24629	3

time: 946692284.832833
diff: 17.16716694831848
waiting
going to web site
Hello world	Thread-24708	4

time: 946692302.8408331
diff: 15.159166932106018
waiting
going to web site
Hello world	Thread-24776	3

time: 946692318.832832
diff: 29.167168021202087
waiting
going to web site
Hello world	Thread-24901	2

time: 946692348.832833
diff: 19.16716694831848
waiting
going to web site
Hello world	Thread-24986	3

time: 946692368.832832
diff: 27.167168021202087
waiting
going to web site
Hello world	Thread-25111	4

time: 946692396.832833
diff: 31.16716694831848
waiting
going to web site
Hello world	Thread-25241	4

time: 946692428.832832
diff: 15.167168021202087
waiting
going to web site
Hello world	Thread-25310	2

time: 946692444.841833
diff: 15.158167004585266
waiting
going to web site
Hello world	Thread-25375	2

time: 946692460.845833
diff: 20.15416705608368
waiting
going to web site
Hello world	Thread-25464	4

time: 946692481.845833
diff: 24.15416705608368
waiting
going to web site
Hello world	Thread-25566	2

time: 946692507.841833
diff: 22.158167004585266
waiting
going to web site
Hello world	Thread-25665	2

time: 946692530.841833
diff: 20.158167004585266
waiting
going to web site
Hello world	Thread-25754	2

time: 946692551.832833
diff: 36.16716694831848
waiting
going to web site
Hello world	Thread-25914	5

time: 946692588.832832
diff: 22.167168021202087
waiting
going to web site
Hello world	Thread-26010	2

time: 946692611.841833
diff: 19.158167004585266
waiting
going to web site
Hello world	Thread-26095	3

time: 946692631.859833
diff: 24.140166997909546
waiting
going to web site
Hello world	Thread-26195	2

time: 946692656.832832
diff: 24.167168021202087
waiting
going to web site
Hello world	Thread-26281	3

time: 946692681.841833
diff: 2.158167004585266
waiting
going to web site
Hello world	Thread-26294	2

