time: 946686600.0
diff: 0.0
going to web site
Hello world	Thread-145	4

time: 946686735.828145
diff: -75.82814502716064
going to web site
Hello world	Thread-151	4

time: 946686736.4088011
diff: -16.408801078796387
going to web site
Hello world	Thread-154	2

time: 946686736.989457
diff: 43.01054298877716
waiting
going to web site
Hello world	Thread-283	2

time: 946686843.606656
diff: 56.393344044685364
waiting
going to web site
Hello world	Thread-372	2

time: 946686907.608657
diff: 53.391342997550964
waiting
going to web site
Hello world	Thread-452	7

time: 946686968.585656
diff: 52.41434395313263
waiting
going to web site
Hello world	Thread-602	7

time: 946687142.8841159
diff: -1.8841159343719482
going to web site
Hello world	Thread-610	8

time: 946687143.4647721
diff: 117.53522789478302
waiting
going to web site
Hello world	Thread-768	2

time: 946687268.590656
diff: 112.409343957901
waiting
going to web site
Hello world	Thread-859	5

time: 946687381.580656
diff: 119.41934394836426
waiting
going to web site
Hello world	Thread-1032	4

time: 946687504.590656
diff: 117.409343957901
waiting
going to web site
Hello world	Thread-1130	6

time: 946687622.580656
diff: 119.41934394836426
waiting
going to web site
Hello world	Thread-1307	6

time: 946687757.590656
diff: 104.409343957901
waiting
going to web site
Hello world	Thread-1413	4

time: 946687863.5997081
diff: 58.40029191970825
waiting
going to web site
Hello world	Thread-1526	6

time: 946687953.590656
diff: 28.409343957901
waiting
going to web site
Hello world	Thread-1567	7

time: 946687985.580656
diff: 117.41934394836426
waiting
going to web site
Hello world	Thread-1727	7

time: 946688134.590656
diff: 88.409343957901
waiting
going to web site
Hello world	Thread-1833	6

time: 946688226.580656
diff: 116.41934394836426
waiting
going to web site
Hello world	Thread-1985	4

