time: 946686600.0
diff: 0.0
going to web site
Hello world	Thread-29	3

time: 946686615.590656
diff: 45.409343957901
waiting
going to web site
Hello world	Thread-43	5

time: 946686661.580656
diff: 59.41934394836426
waiting
going to web site
Hello world	Thread-94	5

time: 946686722.596057
diff: 118.40394294261932
waiting
going to web site
Hello world	Thread-254	2

time: 946686841.6126691
diff: 59.38733088970184
waiting
going to web site
Hello world	Thread-374	6

time: 946686908.590656
diff: 112.409343957901
waiting
going to web site
Hello world	Thread-521	6

time: 946687036.5916561
diff: 105.40834391117096
waiting
going to web site
Hello world	Thread-616	2

time: 946687143.597656
diff: 58.40234398841858
waiting
going to web site
Hello world	Thread-676	3

time: 946687203.582657
diff: 118.41734302043915
waiting
going to web site
Hello world	Thread-821	3

time: 946687323.607124
diff: 58.39287602901459
waiting
going to web site
Hello world	Thread-909	2

time: 946687389.586657
diff: 112.41334295272827
waiting
going to web site
Hello world	Thread-1068	2

time: 946687533.590656
diff: 28.409343957901
waiting
going to web site
Hello world	Thread-1105	7

time: 946687569.580656
diff: 52.41934394836426
waiting
going to web site
Hello world	Thread-1196	3

time: 946687653.590656
diff: 89.409343957901
waiting
going to web site
Hello world	Thread-1283	4

time: 946687744.588656
diff: 118.41134405136108
waiting
going to web site
Hello world	Thread-1433	7

time: 946687866.589968
diff: 116.41003203392029
waiting
going to web site
Hello world	Thread-1587	5

time: 946687990.5896571
diff: 52.41034293174744
waiting
going to web site
Hello world	Thread-1652	2

time: 946688046.582656
diff: 116.41734397411346
waiting
going to web site
Hello world	Thread-1772	5

time: 946688166.580656
diff: 56.41934394836426
waiting
going to web site
Hello world	Thread-1924	6

time: 946688343.98514
diff: -59.98513996601105
going to web site
Hello world	Thread-1930	5

time: 946688344.578796
diff: -0.5787960290908813
going to web site
Hello world	Thread-1942	2

