time: 946686600.0
diff: 375.0
waiting
going to web site
Hello world	Thread-973	3

time: 946686975.842833
diff: 9.157166957855225
waiting
going to web site
Hello world	Thread-1928	2

time: 946686985.832832
diff: -0.8328319787979126
going to web site
Hello world	Thread-1930	2

time: 946686986.665664
diff: -1.6656639575958252
going to web site
Hello world	Thread-1931	2

time: 946686987.498496
diff: -2.4984960556030273
going to web site
Hello world	Thread-1932	2

time: 946686988.333328
diff: -2.3333280086517334
going to web site
Hello world	Thread-1933	2

time: 946686989.16616
diff: -3.166159987449646
going to web site
Hello world	Thread-1934	2

time: 946686990.004992
diff: -3.0049920082092285
going to web site
Hello world	Thread-1033	2

time: 946686990.8528241
diff: 4.147175908088684
waiting
going to web site
Hello world	Thread-1947	2

time: 946686995.844833
diff: -0.8448330163955688
going to web site
Hello world	Thread-1948	2

time: 946686996.677665
diff: -0.6776649951934814
going to web site
Hello world	Thread-1949	3

time: 946686997.510497
diff: 8.489503026008606
waiting
going to web site
Hello world	Thread-1967	2

time: 946687006.8418471
diff: -0.8418470621109009
going to web site
Hello world	Thread-1968	3

time: 946687007.674679
diff: -1.6746790409088135
going to web site
Hello world	Thread-1970	3

time: 946687008.5105109
diff: -2.5105109214782715
going to web site
Hello world	Thread-1972	2

time: 946687009.343343
diff: -3.3433430194854736
going to web site
Hello world	Thread-1977	2

time: 946687010.176175
diff: -2.1761749982833862
going to web site
Hello world	Thread-1127	2

time: 946687011.012007
diff: 29.987993001937866
waiting
going to web site
Hello world	Thread-1271	3

time: 946687041.846833
diff: 18.153167009353638
waiting
going to web site
Hello world	Thread-1358	2

time: 946687060.841833
diff: 5.158167004585266
waiting
going to web site
Hello world	Thread-1386	2

time: 946687066.832833
diff: 18.16716694831848
waiting
going to web site
Hello world	Thread-1479	3

time: 946687086.841833
diff: 15.158167004585266
waiting
going to web site
Hello world	Thread-1550	4

time: 946687102.848833
diff: 16.151167035102844
waiting
going to web site
Hello world	Thread-1619	2

time: 946687119.841833
diff: 28.158167004585266
waiting
going to web site
Hello world	Thread-1740	2

time: 946687148.832833
diff: 9.167166948318481
waiting
going to web site
Hello world	Thread-1783	4

time: 946687158.832832
diff: 29.167168021202087
waiting
going to web site
Hello world	Thread-1904	2

time: 946687188.832833
diff: 23.16716694831848
waiting
going to web site
Hello world	Thread-2004	2

time: 946687212.832832
diff: 21.167168021202087
waiting
going to web site
Hello world	Thread-2098	3

time: 946687234.832833
diff: 38.16716694831848
waiting
going to web site
Hello world	Thread-2272	6

time: 946687273.840832
diff: 18.159168004989624
waiting
going to web site
Hello world	Thread-2365	3

time: 946687293.84848
diff: 11.151520013809204
waiting
going to web site
Hello world	Thread-2419	4

time: 946687305.850833
diff: 30.14916694164276
waiting
going to web site
Hello world	Thread-2553	4

time: 946687336.832832
diff: 16.167168021202087
waiting
going to web site
Hello world	Thread-2622	5

time: 946687353.832833
diff: 31.16716694831848
waiting
going to web site
Hello world	Thread-2766	4

time: 946687385.832832
diff: 16.167168021202087
waiting
going to web site
Hello world	Thread-2843	4

time: 946687402.841833
diff: 20.158167004585266
waiting
going to web site
Hello world	Thread-2933	2

time: 946687423.841833
diff: 32.158167004585266
waiting
going to web site
Hello world	Thread-3086	3

time: 946687457.861833
diff: 23.138167023658752
waiting
going to web site
Hello world	Thread-3183	2

time: 946687481.841833
diff: 14.158167004585266
waiting
going to web site
Hello world	Thread-3249	2

time: 946687496.832833
diff: 31.16716694831848
waiting
going to web site
Hello world	Thread-3393	4

time: 946687528.836832
diff: 16.16316795349121
waiting
going to web site
Hello world	Thread-3463	4

time: 946687545.832832
diff: 15.167168021202087
waiting
going to web site
Hello world	Thread-3535	3

time: 946687561.848833
diff: 17.151167035102844
waiting
going to web site
Hello world	Thread-3610	4

time: 946687579.702561
diff: 31.297438979148865
waiting
going to web site
Hello world	Thread-3752	6

time: 946687611.6995599
diff: 8.300440073013306
waiting
going to web site
Hello world	Thread-3794	7

time: 946687620.713853
diff: 31.286146998405457
waiting
going to web site
Hello world	Thread-3925	5

time: 946687652.6995599
diff: 16.300440073013306
waiting
going to web site
Hello world	Thread-4001	4

time: 946687669.699561
diff: 25.3004390001297
waiting
going to web site
Hello world	Thread-4120	7

time: 946687695.699561
diff: 17.3004390001297
waiting
going to web site
Hello world	Thread-4196	5

time: 946687713.699561
diff: 31.3004390001297
waiting
going to web site
Hello world	Thread-4338	4

time: 946687745.699561
diff: 29.3004390001297
waiting
going to web site
Hello world	Thread-4475	4

time: 946687775.699561
diff: 21.3004390001297
waiting
going to web site
Hello world	Thread-4574	6

time: 946687797.699561
diff: 26.3004390001297
waiting
going to web site
Hello world	Thread-4695	3

time: 946687824.699561
diff: 25.3004390001297
waiting
going to web site
Hello world	Thread-4814	2

time: 946687850.699561
diff: 20.3004390001297
waiting
going to web site
Hello world	Thread-4907	4

time: 946687871.699561
diff: 18.3004390001297
waiting
going to web site
Hello world	Thread-4991	2

time: 946687890.699561
diff: 20.3004390001297
waiting
going to web site
Hello world	Thread-5085	6

time: 946687911.699561
diff: 20.3004390001297
waiting
going to web site
Hello world	Thread-5185	3

time: 946687932.699561
diff: 27.3004390001297
waiting
going to web site
Hello world	Thread-5320	3

time: 946687960.699561
diff: 21.3004390001297
waiting
going to web site
Hello world	Thread-5425	5

time: 946687982.699561
diff: 7.3004390001297
waiting
going to web site
Hello world	Thread-5460	5

time: 946687990.699561
diff: 23.3004390001297
waiting
going to web site
Hello world	Thread-5574	5

time: 946688014.699561
diff: 19.3004390001297
waiting
going to web site
Hello world	Thread-5663	6

time: 946688034.699561
diff: 17.3004390001297
waiting
going to web site
Hello world	Thread-5740	7

time: 946688052.699561
diff: 16.3004390001297
waiting
going to web site
Hello world	Thread-5818	4

time: 946688069.699561
diff: 38.3004390001297
waiting
going to web site
Hello world	Thread-5989	5

time: 946688108.699561
diff: 15.3004390001297
waiting
going to web site
Hello world	Thread-6058	4

time: 946688124.699561
diff: 22.3004390001297
waiting
going to web site
Hello world	Thread-6154	6

time: 946688147.699561
diff: 31.3004390001297
waiting
going to web site
Hello world	Thread-6289	3

time: 946688179.832833
diff: 27.16716694831848
waiting
going to web site
Hello world	Thread-6417	2

time: 946688207.832832
diff: 16.167168021202087
waiting
going to web site
Hello world	Thread-6496	3

time: 946688224.859833
diff: 20.140166997909546
waiting
going to web site
Hello world	Thread-6580	4

time: 946688245.832832
diff: 10.167168021202087
waiting
going to web site
Hello world	Thread-6630	3

time: 946688256.845833
diff: 24.15416705608368
waiting
going to web site
Hello world	Thread-6739	3

time: 946688281.832833
diff: 20.16716694831848
waiting
going to web site
Hello world	Thread-6829	5

time: 946688302.832832
diff: 13.167168021202087
waiting
going to web site
Hello world	Thread-6901	3

time: 946688316.841833
diff: 21.158167004585266
waiting
going to web site
Hello world	Thread-6994	2

time: 946688338.8421639
diff: 30.157836079597473
waiting
going to web site
Hello world	Thread-7124	2

time: 946688369.841833
diff: 17.158167004585266
waiting
going to web site
Hello world	Thread-7212	2

time: 946688387.841833
diff: 24.158167004585266
waiting
going to web site
Hello world	Thread-7322	3

time: 946688412.841833
diff: 22.158167004585266
waiting
going to web site
Hello world	Thread-7420	3

time: 946688435.841833
diff: 34.158167004585266
waiting
going to web site
Hello world	Thread-7579	3

time: 946688470.841833
diff: 21.158167004585266
waiting
going to web site
Hello world	Thread-7672	2

time: 946688492.841833
diff: 21.158167004585266
waiting
going to web site
Hello world	Thread-7774	3

time: 946688514.832833
diff: 25.16716694831848
waiting
going to web site
Hello world	Thread-7887	3

time: 946688540.832832
diff: 31.167168021202087
waiting
going to web site
Hello world	Thread-8029	3

time: 946688572.841833
diff: 11.158167004585266
waiting
going to web site
Hello world	Thread-8085	2

time: 946688585.851833
diff: 18.14816701412201
waiting
going to web site
Hello world	Thread-8172	4

time: 946688605.841833
diff: 20.158167004585266
waiting
going to web site
Hello world	Thread-8259	2

time: 946688626.841833
diff: 22.158167004585266
waiting
going to web site
Hello world	Thread-8359	4

time: 946688649.841833
diff: 15.158167004585266
waiting
going to web site
Hello world	Thread-8433	3

time: 946688665.841833
diff: 20.158167004585266
waiting
going to web site
Hello world	Thread-8514	2

time: 946688686.841833
diff: 24.158167004585266
waiting
going to web site
Hello world	Thread-8615	2

time: 946688711.832833
diff: 22.16716694831848
waiting
going to web site
Hello world	Thread-8707	6

time: 946688734.832832
diff: 14.167168021202087
waiting
going to web site
Hello world	Thread-8771	4

time: 946688749.841833
diff: 22.158167004585266
waiting
going to web site
Hello world	Thread-8857	2

time: 946688772.841833
diff: 30.158167004585266
waiting
going to web site
Hello world	Thread-8981	7

time: 946688803.526065
diff: 28.47393500804901
waiting
going to web site
Hello world	Thread-9097	7

time: 946688832.542065
diff: 25.457934975624084
waiting
going to web site
Hello world	Thread-9207	7

time: 946688858.526064
diff: 25.473935961723328
waiting
going to web site
Hello world	Thread-9316	7

time: 946688884.532417
diff: 19.467582941055298
waiting
going to web site
Hello world	Thread-9404	7

time: 946688904.5350641
diff: 26.464935898780823
waiting
going to web site
Hello world	Thread-9522	7

time: 946688931.5350641
diff: 30.464935898780823
waiting
going to web site
Hello world	Thread-9659	7

time: 946688962.5350641
diff: 21.464935898780823
waiting
going to web site
Hello world	Thread-9759	7

time: 946688984.526064
diff: 21.473935961723328
waiting
going to web site
Hello world	Thread-9869	7

time: 946689006.526064
diff: 9.473935961723328
waiting
going to web site
Hello world	Thread-9915	7

time: 946689016.5350641
diff: 30.464935898780823
waiting
going to web site
Hello world	Thread-10048	6

time: 946689047.5350641
diff: 32.46493589878082
waiting
going to web site
Hello world	Thread-10209	8

time: 946689080.5350641
diff: 29.464935898780823
waiting
going to web site
Hello world	Thread-10343	6

time: 946689110.5350641
diff: 18.464935898780823
waiting
going to web site
Hello world	Thread-10435	7

time: 946689129.5350641
diff: 14.464935898780823
waiting
going to web site
Hello world	Thread-10507	7

time: 946689144.5290639
diff: 18.470936059951782
waiting
going to web site
Hello world	Thread-10595	5

time: 946689163.544065
diff: 24.45593500137329
waiting
going to web site
Hello world	Thread-10720	6

time: 946689188.543065
diff: 27.456935048103333
waiting
going to web site
Hello world	Thread-10851	7

time: 946689216.5350649
diff: 15.464935064315796
waiting
going to web site
Hello world	Thread-10924	5

time: 946689232.536065
diff: 19.463935017585754
waiting
going to web site
Hello world	Thread-11026	3

time: 946689252.535473
diff: 27.464527010917664
waiting
going to web site
Hello world	Thread-11155	5

time: 946689280.5300651
diff: 9.469934940338135
waiting
going to web site
Hello world	Thread-11203	3

time: 946689290.526064
diff: 20.473935961723328
waiting
going to web site
Hello world	Thread-11304	7

time: 946689311.530064
diff: 23.46993601322174
waiting
going to web site
Hello world	Thread-11417	6

time: 946689335.544065
diff: 7.455935001373291
waiting
going to web site
Hello world	Thread-11453	6

time: 946689343.544065
diff: 28.45593500137329
waiting
going to web site
Hello world	Thread-11592	6

time: 946689372.544065
diff: 30.45593500137329
waiting
going to web site
Hello world	Thread-11740	2

time: 946689403.841833
diff: 22.158167004585266
waiting
going to web site
Hello world	Thread-11836	5

time: 946689426.832833
diff: 21.16716694831848
waiting
going to web site
Hello world	Thread-11932	3

time: 946689448.832832
diff: 9.167168021202087
waiting
going to web site
Hello world	Thread-11983	4

time: 946689458.832833
diff: 20.16716694831848
waiting
going to web site
Hello world	Thread-12085	4

time: 946689479.832832
diff: 23.167168021202087
waiting
going to web site
Hello world	Thread-12189	4

time: 946689503.841833
diff: 20.158167004585266
waiting
going to web site
Hello world	Thread-12278	2

time: 946689524.841833
diff: 20.158167004585266
waiting
going to web site
Hello world	Thread-12385	5

time: 946689545.841833
diff: 8.158167004585266
waiting
going to web site
Hello world	Thread-12425	4

time: 946689554.841833
diff: 30.158167004585266
waiting
going to web site
Hello world	Thread-12583	2

time: 946689588.861833
diff: 29.138167023658752
waiting
going to web site
Hello world	Thread-12716	3

time: 946689619.860833
diff: 6.139166951179504
waiting
going to web site
Hello world	Thread-12744	2

time: 946689626.851832
diff: 34.148167967796326
waiting
going to web site
Hello world	Thread-12906	6

time: 946689661.832832
diff: 19.167168021202087
waiting
going to web site
Hello world	Thread-13007	4

time: 946689681.841833
diff: 4.158167004585266
waiting
going to web site
Hello world	Thread-13036	3

time: 946689686.832833
diff: 19.16716694831848
waiting
going to web site
Hello world	Thread-13118	2

time: 946689706.832832
diff: 33.16716802120209
waiting
going to web site
Hello world	Thread-13268	2

time: 946689740.841833
diff: 15.158167004585266
waiting
going to web site
Hello world	Thread-13350	2

time: 946689756.841833
diff: 33.158167004585266
waiting
going to web site
Hello world	Thread-13501	3

time: 946689790.841833
diff: 29.158167004585266
waiting
going to web site
Hello world	Thread-13643	3

time: 946689820.841833
diff: 29.158167004585266
waiting
going to web site
Hello world	Thread-13786	2

time: 946689850.841833
diff: 6.158167004585266
waiting
going to web site
Hello world	Thread-13815	3

time: 946689857.841833
diff: 24.158167004585266
waiting
going to web site
Hello world	Thread-13931	2

time: 946689882.841833
diff: 6.158167004585266
waiting
going to web site
Hello world	Thread-13959	3

time: 946689889.841833
diff: 18.158167004585266
waiting
going to web site
Hello world	Thread-14049	4

time: 946689908.841833
diff: 39.158167004585266
waiting
going to web site
Hello world	Thread-14224	6

time: 946689948.835833
diff: 5.164167046546936
waiting
going to web site
Hello world	Thread-14241	5

time: 946689954.836833
diff: 35.163166999816895
waiting
going to web site
Hello world	Thread-14403	3

time: 946689990.832832
diff: 12.167168021202087
waiting
going to web site
Hello world	Thread-14461	5

time: 946690004.841833
diff: 9.158167004585266
waiting
going to web site
Hello world	Thread-14504	3

time: 946690014.843833
diff: 20.156167030334473
waiting
going to web site
Hello world	Thread-14594	5

time: 946690035.8588331
diff: 23.141166925430298
waiting
going to web site
Hello world	Thread-14697	5

time: 946690059.832832
diff: 33.16716802120209
waiting
going to web site
Hello world	Thread-14841	5

time: 946690093.858037
diff: 22.141963005065918
waiting
going to web site
Hello world	Thread-14937	3

time: 946690116.841833
diff: 14.158167004585266
waiting
going to web site
Hello world	Thread-15006	3

time: 946690131.832833
diff: 27.16716694831848
waiting
going to web site
Hello world	Thread-15123	3

time: 946690159.832832
diff: 21.167168021202087
waiting
going to web site
Hello world	Thread-15211	2

time: 946690181.841833
diff: 20.158167004585266
waiting
going to web site
Hello world	Thread-15302	4

time: 946690202.832833
diff: 23.16716694831848
waiting
going to web site
Hello world	Thread-15409	6

time: 946690226.832832
diff: 36.16716802120209
waiting
going to web site
Hello world	Thread-15571	3

time: 946690263.841833
diff: 18.158167004585266
waiting
going to web site
Hello world	Thread-15650	3

time: 946690282.841897
diff: 34.15810298919678
waiting
going to web site
Hello world	Thread-15808	4

time: 946690317.832832
diff: 3.1671680212020874
waiting
going to web site
Hello world	Thread-15826	3

time: 946690321.841833
diff: 26.158167004585266
waiting
going to web site
Hello world	Thread-15937	2

time: 946690348.859833
diff: 20.140166997909546
waiting
going to web site
Hello world	Thread-16025	4

time: 946690369.836832
diff: 21.16316795349121
waiting
going to web site
Hello world	Thread-16120	5

time: 946690391.832832
diff: 18.167168021202087
waiting
going to web site
Hello world	Thread-16207	3

time: 946690410.832833
diff: 32.16716694831848
waiting
going to web site
Hello world	Thread-16351	2

time: 946690443.832832
diff: 29.167168021202087
waiting
going to web site
Hello world	Thread-16482	2

time: 946690473.841929
diff: 12.158071041107178
waiting
going to web site
Hello world	Thread-16541	2

time: 946690486.841833
diff: 20.158167004585266
waiting
going to web site
Hello world	Thread-16633	4

time: 946690508.842833
diff: 30.157166957855225
waiting
going to web site
Hello world	Thread-16770	4

time: 946690539.838833
diff: 13.161167025566101
waiting
going to web site
Hello world	Thread-16823	2

time: 946690553.841833
diff: 21.158167004585266
waiting
going to web site
Hello world	Thread-16925	5

time: 946690575.832833
diff: 16.16716694831848
waiting
going to web site
Hello world	Thread-16997	5

time: 946690592.832832
diff: 34.16716802120209
waiting
going to web site
Hello world	Thread-17146	5

time: 946690627.802193
diff: 26.19780695438385
waiting
going to web site
Hello world	Thread-17258	3

time: 946690654.802192
diff: 20.197808027267456
waiting
going to web site
Hello world	Thread-17345	6

time: 946690675.802193
diff: 28.19780695438385
waiting
going to web site
Hello world	Thread-17477	5

time: 946690704.797192
diff: 16.202808022499084
waiting
going to web site
Hello world	Thread-17552	4

time: 946690721.802193
diff: 23.19780695438385
waiting
going to web site
Hello world	Thread-17657	4

time: 946690745.802192
diff: 19.197808027267456
waiting
going to web site
Hello world	Thread-17740	4

time: 946690765.805193
diff: 26.194807052612305
waiting
going to web site
Hello world	Thread-17865	7

time: 946690792.7971929
diff: 8.202807068824768
waiting
going to web site
Hello world	Thread-17900	3

time: 946690801.802193
diff: 24.19780695438385
waiting
going to web site
Hello world	Thread-18006	6

time: 946690826.797192
diff: 24.202808022499084
waiting
going to web site
Hello world	Thread-18105	5

time: 946690851.802193
diff: 14.19780695438385
waiting
going to web site
Hello world	Thread-18171	5

time: 946690866.797192
diff: 41.202808022499084
waiting
going to web site
Hello world	Thread-18352	6

time: 946690908.802193
diff: 18.19780695438385
waiting
going to web site
Hello world	Thread-18427	4

time: 946690927.797192
diff: 33.202808022499084
waiting
going to web site
Hello world	Thread-18574	6

time: 946690961.7971929
diff: 10.202807068824768
waiting
going to web site
Hello world	Thread-18622	4

time: 946690972.802193
diff: 23.19780695438385
waiting
going to web site
Hello world	Thread-18726	6

time: 946690996.797192
diff: 22.202808022499084
waiting
going to web site
Hello world	Thread-18830	4

time: 946691019.802193
diff: 24.19780695438385
waiting
going to web site
Hello world	Thread-18941	3

time: 946691044.797192
diff: 24.202808022499084
waiting
going to web site
Hello world	Thread-19051	2

time: 946691069.802193
diff: 26.19780695438385
waiting
going to web site
Hello world	Thread-19169	3

time: 946691096.797192
diff: 15.202808022499084
waiting
going to web site
Hello world	Thread-19239	5

time: 946691112.802193
diff: 17.19780695438385
waiting
going to web site
Hello world	Thread-19318	3

time: 946691130.797192
diff: 26.202808022499084
waiting
going to web site
Hello world	Thread-19447	4

time: 946691157.8031449
diff: 31.196855068206787
waiting
going to web site
Hello world	Thread-19583	4

time: 946691189.8031449
diff: 27.196855068206787
waiting
going to web site
Hello world	Thread-19711	6

time: 946691217.802193
diff: 4.19780695438385
waiting
going to web site
Hello world	Thread-19740	3

time: 946691222.797192
diff: 22.202808022499084
waiting
going to web site
Hello world	Thread-19841	2

time: 946691245.841833
diff: 34.158167004585266
waiting
going to web site
Hello world	Thread-20007	3

time: 946691280.841833
diff: 24.158167004585266
waiting
going to web site
Hello world	Thread-20132	5

time: 946691308.836833
diff: 12.163166999816895
waiting
going to web site
Hello world	Thread-20197	4

time: 946691321.832832
diff: 18.167168021202087
waiting
going to web site
Hello world	Thread-20288	4

time: 946691340.841833
diff: 26.158167004585266
waiting
going to web site
Hello world	Thread-20413	3

time: 946691368.841833
diff: 17.158167004585266
waiting
going to web site
Hello world	Thread-20517	4

time: 946691386.832833
diff: 24.16716694831848
waiting
going to web site
Hello world	Thread-20634	6

time: 946691411.832832
diff: 19.167168021202087
waiting
going to web site
Hello world	Thread-20730	4

time: 946691431.841833
diff: 14.158167004585266
waiting
going to web site
Hello world	Thread-20800	2

time: 946691446.832833
diff: 27.16716694831848
waiting
going to web site
Hello world	Thread-20930	4

time: 946691474.832832
diff: 21.167168021202087
waiting
going to web site
Hello world	Thread-21035	2

time: 946691496.836833
diff: 23.163166999816895
waiting
going to web site
Hello world	Thread-21147	6

time: 946691520.832832
diff: 30.167168021202087
waiting
going to web site
Hello world	Thread-21297	4

time: 946691551.841833
diff: 10.158167004585266
waiting
going to web site
Hello world	Thread-21340	3

time: 946691562.838833
diff: 14.161167025566101
waiting
going to web site
Hello world	Thread-21413	2

time: 946691577.841833
diff: 10.158167004585266
waiting
going to web site
Hello world	Thread-21460	2

time: 946691588.836833
diff: 21.163166999816895
waiting
going to web site
Hello world	Thread-21560	4

time: 946691610.832832
diff: 25.167168021202087
waiting
going to web site
Hello world	Thread-21680	2

time: 946691636.851833
diff: 16.14816701412201
waiting
going to web site
Hello world	Thread-21754	2

time: 946691653.836833
diff: 25.163166999816895
waiting
going to web site
Hello world	Thread-21865	6

time: 946691679.832832
diff: 24.167168021202087
waiting
going to web site
Hello world	Thread-21977	6

time: 946691704.832833
diff: 14.167166948318481
waiting
going to web site
Hello world	Thread-22042	4

time: 946691719.832832
diff: 21.167168021202087
waiting
going to web site
Hello world	Thread-22134	4

time: 946691741.832833
diff: 12.167166948318481
waiting
going to web site
Hello world	Thread-22196	4

time: 946691754.832832
diff: 24.167168021202087
waiting
going to web site
Hello world	Thread-22301	3

time: 946691779.841833
diff: 24.158167004585266
waiting
going to web site
Hello world	Thread-22418	2

time: 946691805.841833
diff: 17.158167004585266
waiting
going to web site
Hello world	Thread-22498	2

time: 946691823.841833
diff: 33.158167004585266
waiting
going to web site
Hello world	Thread-22647	4

time: 946691858.841833
diff: 33.158167004585266
waiting
going to web site
Hello world	Thread-22801	4

time: 946691892.841833
diff: 9.158167004585266
waiting
going to web site
Hello world	Thread-22846	2

time: 946691902.841833
diff: 26.158167004585266
waiting
going to web site
Hello world	Thread-22965	3

time: 946691929.832833
diff: 27.16716694831848
waiting
going to web site
Hello world	Thread-23103	6

time: 946691957.832832
diff: 15.167168021202087
waiting
going to web site
Hello world	Thread-23177	3

time: 946691973.841833
diff: 19.158167004585266
waiting
going to web site
Hello world	Thread-23274	2

time: 946691993.841833
diff: 28.158167004585266
waiting
going to web site
Hello world	Thread-23401	2

time: 946692022.841833
diff: 30.158167004585266
waiting
going to web site
Hello world	Thread-23558	4

time: 946692053.832833
diff: 9.167166948318481
waiting
going to web site
Hello world	Thread-23604	3

time: 946692063.832832
diff: 11.167168021202087
waiting
going to web site
Hello world	Thread-23661	2

time: 946692075.841833
diff: 34.158167004585266
waiting
going to web site
Hello world	Thread-23827	2

time: 946692111.841833
diff: 25.158167004585266
waiting
going to web site
Hello world	Thread-23950	3

time: 946692137.832833
diff: 10.167166948318481
waiting
going to web site
Hello world	Thread-24004	6

time: 946692148.832832
diff: 37.16716802120209
waiting
going to web site
Hello world	Thread-24177	4

time: 946692186.832833
diff: 2.1671669483184814
waiting
going to web site
Hello world	Thread-24191	6

time: 946692189.832832
diff: 29.167168021202087
waiting
going to web site
Hello world	Thread-24338	2

time: 946692220.841833
diff: 20.158167004585266
waiting
going to web site
Hello world	Thread-24425	2

time: 946692241.842833
diff: 31.157166957855225
waiting
going to web site
Hello world	Thread-24569	5

time: 946692273.832832
diff: 9.167168021202087
waiting
going to web site
Hello world	Thread-24624	3

time: 946692283.832833
diff: 18.16716694831848
waiting
going to web site
Hello world	Thread-24709	3

time: 946692302.8408331
diff: 18.159166932106018
waiting
going to web site
Hello world	Thread-24790	5

time: 946692321.832832
diff: 17.167168021202087
waiting
going to web site
Hello world	Thread-24868	3

time: 946692339.841833
diff: 19.158167004585266
waiting
going to web site
Hello world	Thread-24954	3

time: 946692359.832833
diff: 10.167166948318481
waiting
going to web site
Hello world	Thread-24995	6

time: 946692370.832832
diff: 26.167168021202087
waiting
going to web site
Hello world	Thread-25119	2

time: 946692397.841833
diff: 12.158167004585266
waiting
going to web site
Hello world	Thread-25164	2

time: 946692410.841833
diff: 24.158167004585266
waiting
going to web site
Hello world	Thread-25273	2

time: 946692435.841833
diff: 28.158167004585266
waiting
going to web site
Hello world	Thread-25386	5

time: 946692464.544065
diff: 18.45593500137329
waiting
going to web site
Hello world	Thread-25472	3

time: 946692483.544065
diff: 35.45593500137329
waiting
going to web site
Hello world	Thread-25622	5

time: 946692519.5350649
diff: 24.464935064315796
waiting
going to web site
Hello world	Thread-25724	3

time: 946692544.541065
diff: 21.458935022354126
waiting
going to web site
Hello world	Thread-25819	3

time: 946692566.526065
diff: 22.47393500804901
waiting
going to web site
Hello world	Thread-25919	7

time: 946692589.542065
diff: 24.457934975624084
waiting
going to web site
Hello world	Thread-26021	5

time: 946692614.52948
diff: 31.47052001953125
waiting
going to web site
Hello world	Thread-26152	5

time: 946692646.526065
diff: 25.47393500804901
waiting
going to web site
Hello world	Thread-26249	5

time: 946692672.543065
diff: 15.456935048103333
waiting
going to web site
Hello world	Thread-26305	7

time: 946692688.5350649
diff: 23.464935064315796
waiting
going to web site
Hello world	Thread-26381	4

time: 946692712.526065
diff: 21.47393500804901
waiting
going to web site
Hello world	Thread-26445	4

time: 946692734.5300651
diff: 25.469934940338135
waiting
going to web site
Hello world	Thread-26511	5

time: 946692760.526064
diff: 10.473935961723328
waiting
going to web site
Hello world	Thread-26543	2

time: 946692771.526064
diff: 33.47393596172333
waiting
going to web site
Hello world	Thread-26616	4

time: 946692805.5350641
diff: 13.464935898780823
waiting
going to web site
Hello world	Thread-26643	3

time: 946692819.526064
diff: 27.473935961723328
waiting
going to web site
Hello world	Thread-26687	2

time: 946692847.532064
diff: 18.467936038970947
waiting
going to web site
Hello world	Thread-26717	4

time: 946692866.526065
diff: 36.47393500804901
waiting
going to web site
Hello world	Thread-26763	4

time: 946692903.5350649
diff: 16.464935064315796
waiting
going to web site
Hello world	Thread-26775	3

time: 946692920.5350649
diff: 19.464935064315796
waiting
going to web site
Hello world	Thread-26791	3

time: 946692940.526065
diff: 26.47393500804901
waiting
going to web site
Hello world	Thread-26800	2

