time: 946686600.0
diff: 369.0
waiting
going to web site
Hello world	Thread-934	8

time: 946686969.6995599
diff: -0.6995599269866943
going to web site
Hello world	Thread-1891	2

time: 946686970.40212
diff: -1.4021199941635132
going to web site
Hello world	Thread-1893	3

time: 946686971.11968
diff: -1.1196800470352173
going to web site
Hello world	Thread-1899	3

time: 946686971.82824
diff: -0.8282400369644165
going to web site
Hello world	Thread-1902	3

time: 946686972.5318
diff: -0.5318000316619873
going to web site
Hello world	Thread-1905	3

time: 946686973.23836
diff: -1.238360047340393
going to web site
Hello world	Thread-1909	2

time: 946686973.94592
diff: -0.9459199905395508
going to web site
Hello world	Thread-1911	2

time: 946686974.6454799
diff: -1.6454799175262451
going to web site
Hello world	Thread-1913	2

time: 946686975.35104
diff: -2.351040005683899
going to web site
Hello world	Thread-1914	2

time: 946686976.0505999
diff: -1.0505999326705933
going to web site
Hello world	Thread-1915	2

time: 946686976.75416
diff: -0.7541600465774536
going to web site
Hello world	Thread-1916	2

time: 946686977.4537201
diff: -1.4537200927734375
going to web site
Hello world	Thread-1917	2

time: 946686978.15328
diff: 4.846719980239868
waiting
going to web site
Hello world	Thread-1924	2

time: 946686983.6995599
diff: 3.3004400730133057
waiting
going to web site
Hello world	Thread-1015	5

time: 946686987.699561
diff: 3.3004390001296997
waiting
going to web site
Hello world	Thread-1936	2

time: 946686991.699561
diff: -0.6995609998703003
going to web site
Hello world	Thread-1937	2

time: 946686992.408121
diff: -0.4081209897994995
going to web site
Hello world	Thread-1939	2

time: 946686993.109681
diff: 4.890318989753723
waiting
going to web site
Hello world	Thread-1953	2

time: 946686998.6995599
diff: 1.3004400730133057
waiting
going to web site
Hello world	Thread-1956	2

time: 946687000.699561
diff: 4.3004390001297
waiting
going to web site
Hello world	Thread-1964	3

time: 946687005.7155609
diff: 0.2844390869140625
waiting
going to web site
Hello world	Thread-1966	3

time: 946687006.699561
diff: 0.3004390001296997
waiting
going to web site
Hello world	Thread-1969	2

time: 946687007.699561
diff: 7.3004390001297
waiting
going to web site
Hello world	Thread-1154	6

time: 946687015.712561
diff: -0.7125610113143921
going to web site
Hello world	Thread-1990	3

time: 946687016.4121209
diff: 19.587879061698914
waiting
going to web site
Hello world	Thread-1248	4

time: 946687036.699561
diff: 13.3004390001297
waiting
going to web site
Hello world	Thread-1318	3

time: 946687050.699561
diff: 21.3004390001297
waiting
going to web site
Hello world	Thread-1411	5

time: 946687072.7055609
diff: 6.294439077377319
waiting
going to web site
Hello world	Thread-1440	4

time: 946687079.699561
diff: 16.3004390001297
waiting
going to web site
Hello world	Thread-1515	4

time: 946687096.714561
diff: 25.285439014434814
waiting
going to web site
Hello world	Thread-1631	4

time: 946687122.699561
diff: 8.3004390001297
waiting
going to web site
Hello world	Thread-1665	7

time: 946687131.699561
diff: 23.3004390001297
waiting
going to web site
Hello world	Thread-1764	3

time: 946687155.7085611
diff: 19.291438937187195
waiting
going to web site
Hello world	Thread-1846	2

time: 946687175.6995599
diff: 32.300440073013306
waiting
going to web site
Hello world	Thread-1987	6

time: 946687208.699561
diff: 35.3004390001297
waiting
going to web site
Hello world	Thread-2138	6

time: 946687244.699561
diff: 21.3004390001297
waiting
going to web site
Hello world	Thread-2243	5

time: 946687266.699561
diff: 14.3004390001297
waiting
going to web site
Hello world	Thread-2308	6

time: 946687281.699561
diff: 19.3004390001297
waiting
going to web site
Hello world	Thread-2398	4

time: 946687301.714561
diff: 29.285439014434814
waiting
going to web site
Hello world	Thread-2524	7

time: 946687331.699561
diff: 31.3004390001297
waiting
going to web site
Hello world	Thread-2669	2

time: 946687363.699561
diff: 28.3004390001297
waiting
going to web site
Hello world	Thread-2798	7

time: 946687392.699561
diff: 4.3004390001297
waiting
going to web site
Hello world	Thread-2818	3

time: 946687397.702561
diff: 23.297438979148865
waiting
going to web site
Hello world	Thread-2926	4

time: 946687421.6995599
diff: 34.300440073013306
waiting
going to web site
Hello world	Thread-3077	5

time: 946687456.699561
diff: 17.3004390001297
waiting
going to web site
Hello world	Thread-3157	4

time: 946687474.7085611
diff: 29.291438937187195
waiting
going to web site
Hello world	Thread-3286	3

time: 946687504.6995599
diff: 16.300440073013306
waiting
going to web site
Hello world	Thread-3358	6

time: 946687521.699561
diff: 29.3004390001297
waiting
going to web site
Hello world	Thread-3491	2

time: 946687551.699561
diff: 11.3004390001297
waiting
going to web site
Hello world	Thread-3539	6

time: 946687563.699561
diff: 17.3004390001297
waiting
going to web site
Hello world	Thread-3624	3

time: 946687581.841833
diff: 21.158167004585266
waiting
going to web site
Hello world	Thread-3713	3

time: 946687603.832833
diff: 22.16716694831848
waiting
going to web site
Hello world	Thread-3819	5

time: 946687626.8338319
diff: 12.166168093681335
waiting
going to web site
Hello world	Thread-3874	4

time: 946687639.832833
diff: 24.16716694831848
waiting
going to web site
Hello world	Thread-3979	4

time: 946687664.832832
diff: 25.167168021202087
waiting
going to web site
Hello world	Thread-4106	2

time: 946687691.841833
diff: 32.158167004585266
waiting
going to web site
Hello world	Thread-4252	3

time: 946687725.841833
diff: 26.158167004585266
waiting
going to web site
Hello world	Thread-4374	4

time: 946687752.841833
diff: 14.158167004585266
waiting
going to web site
Hello world	Thread-4435	3

time: 946687767.841833
diff: 24.158167004585266
waiting
going to web site
Hello world	Thread-4557	4

time: 946687793.842833
diff: 22.157166957855225
waiting
going to web site
Hello world	Thread-4656	5

time: 946687816.832832
diff: 17.167168021202087
waiting
going to web site
Hello world	Thread-4740	4

time: 946687834.841833
diff: 25.158167004585266
waiting
going to web site
Hello world	Thread-4849	5

time: 946687860.841833
diff: 23.158167004585266
waiting
going to web site
Hello world	Thread-4965	2

time: 946687884.841833
diff: 33.158167004585266
waiting
going to web site
Hello world	Thread-5125	4

time: 946687919.841865
diff: 9.158135056495667
waiting
going to web site
Hello world	Thread-5178	3

time: 946687929.832833
diff: 16.16716694831848
waiting
going to web site
Hello world	Thread-5253	5

time: 946687946.832832
diff: 21.167168021202087
waiting
going to web site
Hello world	Thread-5358	4

time: 946687968.841833
diff: 32.158167004585266
waiting
going to web site
Hello world	Thread-5509	3

time: 946688001.832833
diff: 12.167166948318481
waiting
going to web site
Hello world	Thread-5575	4

time: 946688014.832832
diff: 19.167168021202087
waiting
going to web site
Hello world	Thread-5683	2

time: 946688037.841833
diff: 9.158167004585266
waiting
going to web site
Hello world	Thread-5717	3

time: 946688047.8398329
diff: 25.16016709804535
waiting
going to web site
Hello world	Thread-5840	3

time: 946688074.841833
diff: 31.158167004585266
waiting
going to web site
Hello world	Thread-5981	5

time: 946688106.841833
diff: 17.158167004585266
waiting
going to web site
Hello world	Thread-6061	2

time: 946688124.850833
diff: 23.14916694164276
waiting
going to web site
Hello world	Thread-6164	2

time: 946688148.832832
diff: 27.167168021202087
waiting
going to web site
Hello world	Thread-6276	2

time: 946688176.845833
diff: 27.15416705608368
waiting
going to web site
Hello world	Thread-6405	2

time: 946688204.851481
diff: 23.148519039154053
waiting
going to web site
Hello world	Thread-6510	6

time: 946688228.832833
diff: 14.167166948318481
waiting
going to web site
Hello world	Thread-6573	2

time: 946688243.832832
diff: 17.167168021202087
waiting
going to web site
Hello world	Thread-6657	3

time: 946688261.841833
diff: 5.158167004585266
waiting
going to web site
Hello world	Thread-6680	2

time: 946688267.841833
diff: 22.158167004585266
waiting
going to web site
Hello world	Thread-6782	3

time: 946688290.832833
diff: 23.16716694831848
waiting
going to web site
Hello world	Thread-6888	5

time: 946688314.832832
diff: 23.167168021202087
waiting
going to web site
Hello world	Thread-6992	4

time: 946688338.8421639
diff: 36.15783607959747
waiting
going to web site
Hello world	Thread-7163	2

time: 946688376.8588331
diff: 13.141166925430298
waiting
going to web site
Hello world	Thread-7223	3

time: 946688390.832832
diff: 18.167168021202087
waiting
going to web site
Hello world	Thread-7307	4

time: 946688409.841833
diff: 29.158167004585266
waiting
going to web site
Hello world	Thread-7446	5

time: 946688439.841833
diff: 30.158167004585266
waiting
going to web site
Hello world	Thread-7583	7

time: 946688470.841833
diff: 27.158167004585266
waiting
going to web site
Hello world	Thread-7710	4

time: 946688499.841833
diff: 20.158167004585266
waiting
going to web site
Hello world	Thread-7808	2

time: 946688520.8612131
diff: 18.138786911964417
waiting
going to web site
Hello world	Thread-7884	5

time: 946688539.832832
diff: 31.167168021202087
waiting
going to web site
Hello world	Thread-8024	4

time: 946688571.832833
diff: 19.16716694831848
waiting
going to web site
Hello world	Thread-8109	6

time: 946688591.832832
diff: 9.167168021202087
waiting
going to web site
Hello world	Thread-8154	3

time: 946688601.841833
diff: 25.158167004585266
waiting
going to web site
Hello world	Thread-8272	3

time: 946688628.841833
diff: 8.158167004585266
waiting
going to web site
Hello world	Thread-8313	4

time: 946688637.841833
diff: 17.158167004585266
waiting
going to web site
Hello world	Thread-8389	3

time: 946688655.841833
diff: 28.158167004585266
waiting
going to web site
Hello world	Thread-8505	3

time: 946688684.845833
diff: 29.15416705608368
waiting
going to web site
Hello world	Thread-8628	3

time: 946688714.841833
diff: 11.158167004585266
waiting
going to web site
Hello world	Thread-8678	2

time: 946688726.841833
diff: 14.158167004585266
waiting
going to web site
Hello world	Thread-8736	4

time: 946688741.841833
diff: 19.158167004585266
waiting
going to web site
Hello world	Thread-8815	2

time: 946688761.832833
diff: 26.16716694831848
waiting
going to web site
Hello world	Thread-8919	2

time: 946688788.832832
diff: 27.167168021202087
waiting
going to web site
Hello world	Thread-9034	4

time: 946688816.5350649
diff: 39.464935064315796
waiting
going to web site
Hello world	Thread-9201	5

time: 946688856.526065
diff: 20.47393500804901
waiting
going to web site
Hello world	Thread-9290	5

time: 946688877.536065
diff: 22.463935017585754
waiting
going to web site
Hello world	Thread-9389	3

time: 946688900.526065
diff: 21.47393500804901
waiting
going to web site
Hello world	Thread-9487	3

time: 946688922.5350649
diff: 38.464935064315796
waiting
going to web site
Hello world	Thread-9656	4

time: 946688961.539065
diff: 18.46093499660492
waiting
going to web site
Hello world	Thread-9742	3

time: 946688980.5350641
diff: 18.464935898780823
waiting
going to web site
Hello world	Thread-9830	6

time: 946688999.5350641
diff: 12.464935898780823
waiting
going to web site
Hello world	Thread-9895	4

time: 946689012.5290639
diff: 36.47093605995178
waiting
going to web site
Hello world	Thread-10060	7

time: 946689049.526065
diff: 24.47393500804901
waiting
going to web site
Hello world	Thread-10179	5

time: 946689074.536065
diff: 28.463935017585754
waiting
going to web site
Hello world	Thread-10308	7

time: 946689103.5350649
diff: 24.464935064315796
waiting
going to web site
Hello world	Thread-10431	5

time: 946689128.5350649
diff: 16.464935064315796
waiting
going to web site
Hello world	Thread-10515	5

time: 946689145.544065
diff: 18.45593500137329
waiting
going to web site
Hello world	Thread-10600	5

time: 946689164.5448331
diff: 23.455166935920715
waiting
going to web site
Hello world	Thread-10719	7

time: 946689188.534064
diff: 12.465935945510864
waiting
going to web site
Hello world	Thread-10782	7

time: 946689201.5350641
diff: 28.464935898780823
waiting
going to web site
Hello world	Thread-10917	4

time: 946689230.5350641
diff: 23.464935898780823
waiting
going to web site
Hello world	Thread-11034	7

time: 946689254.5350641
diff: 21.464935898780823
waiting
going to web site
Hello world	Thread-11131	6

time: 946689276.5350641
diff: 13.464935898780823
waiting
going to web site
Hello world	Thread-11206	4

time: 946689290.526064
diff: 12.473935961723328
waiting
going to web site
Hello world	Thread-11266	6

time: 946689303.5350641
diff: 13.464935898780823
waiting
going to web site
Hello world	Thread-11330	6

time: 946689317.526064
diff: 25.473935961723328
waiting
going to web site
Hello world	Thread-11452	7

time: 946689343.5350641
diff: 20.464935898780823
waiting
going to web site
Hello world	Thread-11548	4

time: 946689364.5350641
diff: 31.464935898780823
waiting
going to web site
Hello world	Thread-11703	5

time: 946689396.5350641
diff: 25.464935898780823
waiting
going to web site
Hello world	Thread-11815	2

time: 946689422.832832
diff: 11.167168021202087
waiting
going to web site
Hello world	Thread-11884	3

time: 946689435.841833
diff: 20.158167004585266
waiting
going to web site
Hello world	Thread-11981	2

time: 946689457.841833
diff: 18.158167004585266
waiting
going to web site
Hello world	Thread-12072	2

time: 946689476.851665
diff: 34.148334980010986
waiting
going to web site
Hello world	Thread-12224	4

time: 946689511.832832
diff: 20.167168021202087
waiting
going to web site
Hello world	Thread-12318	2

time: 946689532.841833
diff: 9.158167004585266
waiting
going to web site
Hello world	Thread-12367	2

time: 946689542.841833
diff: 14.158167004585266
waiting
going to web site
Hello world	Thread-12441	4

time: 946689557.841833
diff: 24.158167004585266
waiting
going to web site
Hello world	Thread-12547	4

time: 946689582.832833
diff: 32.16716694831848
waiting
going to web site
Hello world	Thread-12690	4

time: 946689615.832832
diff: 18.167168021202087
waiting
going to web site
Hello world	Thread-12791	2

time: 946689635.8607119
diff: 19.139288067817688
waiting
going to web site
Hello world	Thread-12879	3

time: 946689655.841833
diff: 10.158167004585266
waiting
going to web site
Hello world	Thread-12934	3

time: 946689666.832833
diff: 21.16716694831848
waiting
going to web site
Hello world	Thread-13041	5

time: 946689688.832832
diff: 22.167168021202087
waiting
going to web site
Hello world	Thread-13141	2

time: 946689711.860833
diff: 22.139166951179504
waiting
going to web site
Hello world	Thread-13241	6

time: 946689734.832832
diff: 22.167168021202087
waiting
going to web site
Hello world	Thread-13355	2

time: 946689757.860833
diff: 32.139166951179504
waiting
going to web site
Hello world	Thread-13497	5

time: 946689790.832832
diff: 23.167168021202087
waiting
going to web site
Hello world	Thread-13612	3

time: 946689814.841833
diff: 27.158167004585266
waiting
going to web site
Hello world	Thread-13741	3

time: 946689842.841833
diff: 12.158167004585266
waiting
going to web site
Hello world	Thread-13809	2

time: 946689855.841833
diff: 28.158167004585266
waiting
going to web site
Hello world	Thread-13938	3

time: 946689884.841833
diff: 12.158167004585266
waiting
going to web site
Hello world	Thread-13995	2

time: 946689897.841833
diff: 7.158167004585266
waiting
going to web site
Hello world	Thread-14034	2

time: 946689905.841833
diff: 33.158167004585266
waiting
going to web site
Hello world	Thread-14175	3

time: 946689939.841833
diff: 8.158167004585266
waiting
going to web site
Hello world	Thread-14220	2

time: 946689948.835833
diff: 33.164167046546936
waiting
going to web site
Hello world	Thread-14362	4

time: 946689982.8524569
diff: 10.1475430727005
waiting
going to web site
Hello world	Thread-14413	2

time: 946689993.841833
diff: 22.158167004585266
waiting
going to web site
Hello world	Thread-14513	2

time: 946690016.832833
diff: 25.16716694831848
waiting
going to web site
Hello world	Thread-14625	3

time: 946690042.832832
diff: 27.167168021202087
waiting
going to web site
Hello world	Thread-14744	2

time: 946690070.841833
diff: 9.158167004585266
waiting
going to web site
Hello world	Thread-14778	2

time: 946690080.841833
diff: 21.158167004585266
waiting
going to web site
Hello world	Thread-14884	2

time: 946690102.8478329
diff: 36.152167081832886
waiting
going to web site
Hello world	Thread-15037	3

time: 946690139.8656651
diff: 12.134334921836853
waiting
going to web site
Hello world	Thread-15094	3

time: 946690152.832832
diff: 33.16716802120209
waiting
going to web site
Hello world	Thread-15234	4

time: 946690187.841833
diff: 17.158167004585266
waiting
going to web site
Hello world	Thread-15319	3

time: 946690205.841833
diff: 12.158167004585266
waiting
going to web site
Hello world	Thread-15370	2

time: 946690218.850833
diff: 41.14916694164276
waiting
going to web site
Hello world	Thread-15556	4

time: 946690260.832832
diff: 26.167168021202087
waiting
going to web site
Hello world	Thread-15681	4

time: 946690288.841833
diff: 12.158167004585266
waiting
going to web site
Hello world	Thread-15732	3

time: 946690301.841833
diff: 26.158167004585266
waiting
going to web site
Hello world	Thread-15851	2

time: 946690328.841833
diff: 10.158167004585266
waiting
going to web site
Hello world	Thread-15903	2

time: 946690339.841833
diff: 24.158167004585266
waiting
going to web site
Hello world	Thread-16011	4

time: 946690365.841833
diff: 25.158167004585266
waiting
going to web site
Hello world	Thread-16124	2

time: 946690391.841833
diff: 21.158167004585266
waiting
going to web site
Hello world	Thread-16218	2

time: 946690413.845833
diff: 21.15416705608368
waiting
going to web site
Hello world	Thread-16314	3

time: 946690435.841833
diff: 21.158167004585266
waiting
going to web site
Hello world	Thread-16412	2

time: 946690457.841833
diff: 36.158167004585266
waiting
going to web site
Hello world	Thread-16574	2

time: 946690494.832833
diff: 15.167166948318481
waiting
going to web site
Hello world	Thread-16642	5

time: 946690510.832832
diff: 13.167168021202087
waiting
going to web site
Hello world	Thread-16704	2

time: 946690524.841833
diff: 31.158167004585266
waiting
going to web site
Hello world	Thread-16840	2

time: 946690556.845833
diff: 17.15416705608368
waiting
going to web site
Hello world	Thread-16922	2

time: 946690574.841833
diff: 17.158167004585266
waiting
going to web site
Hello world	Thread-16998	2

time: 946690592.841833
diff: 34.158167004585266
waiting
going to web site
Hello world	Thread-17149	2

time: 946690627.832833
diff: 14.167166948318481
waiting
going to web site
Hello world	Thread-17211	3

time: 946690642.5350641
diff: 21.464935898780823
waiting
going to web site
Hello world	Thread-17302	6

time: 946690664.5350641
diff: 36.46493589878082
waiting
going to web site
Hello world	Thread-17466	5

time: 946690701.5350641
diff: 24.464935898780823
waiting
going to web site
Hello world	Thread-17570	5

time: 946690726.5350641
diff: 14.464935898780823
waiting
going to web site
Hello world	Thread-17640	3

time: 946690741.5350641
diff: 13.464935898780823
waiting
going to web site
Hello world	Thread-17700	5

time: 946690755.5350641
diff: 29.464935898780823
waiting
going to web site
Hello world	Thread-17833	3

time: 946690785.5350641
diff: 26.464935898780823
waiting
going to web site
Hello world	Thread-17948	5

time: 946690812.5350641
diff: 15.464935898780823
waiting
going to web site
Hello world	Thread-18017	7

time: 946690828.535833
diff: 11.46416699886322
waiting
going to web site
Hello world	Thread-18065	4

time: 946690840.5350641
diff: 34.46493589878082
waiting
going to web site
Hello world	Thread-18205	5

time: 946690875.526064
diff: 19.473935961723328
waiting
going to web site
Hello world	Thread-18298	5

time: 946690895.5350641
diff: 30.464935898780823
waiting
going to web site
Hello world	Thread-18418	7

time: 946690926.53588
diff: 18.464120030403137
waiting
going to web site
Hello world	Thread-18504	6

time: 946690945.544065
diff: 27.45593500137329
waiting
going to web site
Hello world	Thread-18627	4

time: 946690973.544065
diff: 14.455935001373291
waiting
going to web site
Hello world	Thread-18693	6

time: 946690988.5450649
diff: 29.45493507385254
waiting
going to web site
Hello world	Thread-18824	5

time: 946691018.526065
diff: 21.47393500804901
waiting
going to web site
Hello world	Thread-18919	5

time: 946691040.526065
diff: 12.473935008049011
waiting
going to web site
Hello world	Thread-18976	7

time: 946691053.541065
diff: 36.458935022354126
waiting
going to web site
Hello world	Thread-19142	6

time: 946691090.5350649
diff: 25.464935064315796
waiting
going to web site
Hello world	Thread-19257	6

time: 946691116.5350649
diff: 8.464935064315796
waiting
going to web site
Hello world	Thread-19299	4

time: 946691125.526065
diff: 38.47393500804901
waiting
going to web site
Hello world	Thread-19474	3

time: 946691164.526065
diff: 20.47393500804901
waiting
going to web site
Hello world	Thread-19561	5

time: 946691185.526065
diff: 18.47393500804901
waiting
going to web site
Hello world	Thread-19653	7

time: 946691204.5350649
diff: 14.464935064315796
waiting
going to web site
Hello world	Thread-19725	4

time: 946691219.544065
diff: 31.45593500137329
waiting
going to web site
Hello world	Thread-19872	3

time: 946691251.733585
diff: 21.266414999961853
waiting
going to web site
Hello world	Thread-19975	4

time: 946691273.725584
diff: 29.274415969848633
waiting
going to web site
Hello world	Thread-20107	3

time: 946691303.723584
diff: 8.276415944099426
waiting
going to web site
Hello world	Thread-20158	2

time: 946691312.7205839
diff: 31.27941608428955
waiting
going to web site
Hello world	Thread-20301	4

time: 946691344.729585
diff: 22.27041494846344
waiting
going to web site
Hello world	Thread-20405	7

time: 946691367.7205839
diff: 26.27941608428955
waiting
going to web site
Hello world	Thread-20557	4

time: 946691394.729585
diff: 11.27041494846344
waiting
going to web site
Hello world	Thread-20614	3

time: 946691406.732325
diff: 19.267675042152405
waiting
going to web site
Hello world	Thread-20704	6

time: 946691426.7245849
diff: 18.275415062904358
waiting
going to web site
Hello world	Thread-20796	5

time: 946691445.730145
diff: 21.26985502243042
waiting
going to web site
Hello world	Thread-20904	4

time: 946691467.729585
diff: 30.27041494846344
waiting
going to web site
Hello world	Thread-21047	3

time: 946691498.7205839
diff: 15.27941608428955
waiting
going to web site
Hello world	Thread-21114	5

time: 946691514.729585
diff: 25.27041494846344
waiting
going to web site
Hello world	Thread-21248	3

time: 946691540.7205839
diff: 9.27941608428955
waiting
going to web site
Hello world	Thread-21289	5

time: 946691550.732585
diff: 15.267415046691895
waiting
going to web site
Hello world	Thread-21359	4

time: 946691566.720585
diff: 28.279415011405945
waiting
going to web site
Hello world	Thread-21495	5

time: 946691595.732585
diff: 18.267415046691895
waiting
going to web site
Hello world	Thread-21581	5

time: 946691614.720585
diff: 10.279415011405945
waiting
going to web site
Hello world	Thread-21630	3

time: 946691625.720585
diff: 24.279415011405945
waiting
going to web site
Hello world	Thread-21739	4

time: 946691650.74227
diff: 25.25773000717163
waiting
going to web site
Hello world	Thread-21848	4

time: 946691676.732585
diff: 19.267415046691895
waiting
going to web site
Hello world	Thread-21938	4

time: 946691696.729585
diff: 23.27041494846344
waiting
going to web site
Hello world	Thread-22046	6

time: 946691720.7205839
diff: 21.27941608428955
waiting
going to web site
Hello world	Thread-22138	6

time: 946691742.720585
diff: 17.279415011405945
waiting
going to web site
Hello world	Thread-22218	5

time: 946691760.729585
diff: 19.27041494846344
waiting
going to web site
Hello world	Thread-22303	2

time: 946691780.7205839
diff: 22.27941608428955
waiting
going to web site
Hello world	Thread-22408	3

time: 946691803.732325
diff: 15.267675042152405
waiting
going to web site
Hello world	Thread-22477	7

time: 946691819.720585
diff: 36.279415011405945
waiting
going to web site
Hello world	Thread-22638	2

time: 946691856.841833
diff: 31.158167004585266
waiting
going to web site
Hello world	Thread-22784	4

time: 946691888.832833
diff: 3.1671669483184814
waiting
going to web site
Hello world	Thread-22799	5

time: 946691892.832832
diff: 36.16716802120209
waiting
going to web site
Hello world	Thread-22964	4

time: 946691929.832833
diff: 23.16716694831848
waiting
going to web site
Hello world	Thread-23079	6

time: 946691953.832832
diff: 17.167168021202087
waiting
going to web site
Hello world	Thread-23170	3

time: 946691972.841833
diff: 17.158167004585266
waiting
going to web site
Hello world	Thread-23255	3

time: 946691990.841833
diff: 28.158167004585266
waiting
going to web site
Hello world	Thread-23385	2

time: 946692019.832833
diff: 20.16716694831848
waiting
going to web site
Hello world	Thread-23490	5

time: 946692040.832832
diff: 20.167168021202087
waiting
going to web site
Hello world	Thread-23598	3

time: 946692061.841833
diff: 21.158167004585266
waiting
going to web site
Hello world	Thread-23695	4

time: 946692083.841833
diff: 15.158167004585266
waiting
going to web site
Hello world	Thread-23773	3

time: 946692099.842833
diff: 28.157166957855225
waiting
going to web site
Hello world	Thread-23913	5

time: 946692128.832832
diff: 22.167168021202087
waiting
going to web site
Hello world	Thread-24021	2

time: 946692151.851665
diff: 32.148334980010986
waiting
going to web site
Hello world	Thread-24167	4

time: 946692184.832832
diff: 1.1671680212020874
waiting
going to web site
Hello world	Thread-24176	3

time: 946692186.832833
diff: 35.16716694831848
waiting
going to web site
Hello world	Thread-24348	4

time: 946692222.836832
diff: 12.163167953491211
waiting
going to web site
Hello world	Thread-24398	3

time: 946692235.832832
diff: 21.167168021202087
waiting
going to web site
Hello world	Thread-24519	2

time: 946692260.851833
diff: 21.14816701412201
waiting
going to web site
Hello world	Thread-24619	3

time: 946692282.841833
diff: 12.158167004585266
waiting
going to web site
Hello world	Thread-24670	4

time: 946692295.851697
diff: 21.148303031921387
waiting
going to web site
Hello world	Thread-24771	2

time: 946692317.841833
diff: 12.158167004585266
waiting
going to web site
Hello world	Thread-24828	3

time: 946692330.833833
diff: 24.16616702079773
waiting
going to web site
Hello world	Thread-24931	2

time: 946692355.841833
diff: 23.158167004585266
waiting
going to web site
Hello world	Thread-25041	3

time: 946692379.841833
diff: 15.158167004585266
waiting
going to web site
Hello world	Thread-25108	6

time: 946692395.841833
diff: 16.158167004585266
waiting
going to web site
Hello world	Thread-25174	2

time: 946692412.832833
diff: 32.16716694831848
waiting
going to web site
Hello world	Thread-25314	3

time: 946692445.832832
diff: 26.167168021202087
waiting
going to web site
Hello world	Thread-25426	7

time: 946692472.544065
diff: 12.455935001373291
waiting
going to web site
Hello world	Thread-25477	5

time: 946692485.526065
diff: 25.47393500804901
waiting
going to web site
Hello world	Thread-25587	7

time: 946692511.5350649
diff: 32.464935064315796
waiting
going to web site
Hello world	Thread-25725	4

time: 946692544.541065
diff: 23.458935022354126
waiting
going to web site
Hello world	Thread-25827	7

time: 946692568.5350649
diff: 17.464935064315796
waiting
going to web site
Hello world	Thread-25906	6

time: 946692586.532065
diff: 17.46793496608734
waiting
going to web site
Hello world	Thread-25980	6

time: 946692604.5345191
diff: 40.46548092365265
waiting
going to web site
Hello world	Thread-26148	6

time: 946692645.5345191
diff: 15.465480923652649
waiting
going to web site
Hello world	Thread-26210	4

time: 946692661.5350641
diff: 17.464935898780823
waiting
going to web site
Hello world	Thread-26274	3

time: 946692679.526064
diff: 25.473935961723328
waiting
going to web site
Hello world	Thread-26356	6

time: 946692705.5350641
diff: 30.464935898780823
waiting
going to web site
Hello world	Thread-26453	7

time: 946692736.5294169
diff: 9.470583081245422
waiting
going to web site
Hello world	Thread-26480	3

time: 946692746.544065
diff: 32.45593500137329
waiting
going to web site
Hello world	Thread-26561	2

time: 946692779.526065
diff: 10.473935008049011
waiting
going to web site
Hello world	Thread-26583	3

time: 946692790.544065
diff: 34.45593500137329
waiting
going to web site
Hello world	Thread-26653	5

time: 946692825.5350649
diff: 24.464935064315796
waiting
going to web site
Hello world	Thread-26695	4

time: 946692850.5350649
diff: 17.464935064315796
waiting
going to web site
Hello world	Thread-26723	3

time: 946692868.5350649
diff: 22.464935064315796
waiting
going to web site
Hello world	Thread-26750	2

time: 946692891.5350649
diff: 30.464935064315796
waiting
going to web site
Hello world	Thread-26779	2

time: 946692922.526065
diff: 23.47393500804901
waiting
going to web site
Hello world	Thread-26795	2

time: 946692946.526065
diff: 8.473935008049011
waiting
going to web site
Hello world	Thread-26797	2

