time: 946686600.0
diff: 106.0
waiting
going to web site
Hello world	Thread-566	2

time: 946686706.8418319
diff: -0.8418319225311279
going to web site
Hello world	Thread-571	10

time: 946686707.6746639
diff: -0.6746639013290405
going to web site
Hello world	Thread-585	6

time: 946686708.516757
diff: 0.4832429885864258
waiting
going to web site
Hello world	Thread-604	6

time: 946686709.843832
diff: -0.8438320159912109
going to web site
Hello world	Thread-615	5

time: 946686710.6766641
diff: 5.323335886001587
waiting
going to web site
Hello world	Thread-674	5

time: 946686716.867746
diff: -0.8677459955215454
going to web site
Hello world	Thread-681	3

time: 946686717.748885
diff: 1.2511149644851685
waiting
going to web site
Hello world	Thread-695	3

time: 946686719.834832
diff: 0.16516804695129395
waiting
going to web site
Hello world	Thread-701	5

time: 946686720.841833
diff: -0.8418329954147339
going to web site
Hello world	Thread-706	6

time: 946686721.674665
diff: -1.6746649742126465
going to web site
Hello world	Thread-712	5

time: 946686722.510497
diff: -2.510496973991394
going to web site
Hello world	Thread-717	5

time: 946686723.348725
diff: -1.3487249612808228
going to web site
Hello world	Thread-723	3

time: 946686724.183557
diff: -2.1835570335388184
going to web site
Hello world	Thread-731	6

time: 946686725.016389
diff: -3.016389012336731
going to web site
Hello world	Thread-737	4

time: 946686725.860221
diff: -2.860221028327942
going to web site
Hello world	Thread-741	5

time: 946686726.698053
diff: -3.698053002357483
going to web site
Hello world	Thread-750	5

time: 946686727.544885
diff: -3.544885039329529
going to web site
Hello world	Thread-755	3

time: 946686728.377717
diff: -2.3777170181274414
going to web site
Hello world	Thread-761	3

time: 946686729.210549
diff: 1.789451003074646
waiting
going to web site
Hello world	Thread-135	2

time: 946686731.832833
diff: 0.16716694831848145
waiting
going to web site
Hello world	Thread-137	2

time: 946686732.832832
diff: 6.167168021202087
waiting
going to web site
Hello world	Thread-813	3

time: 946686739.847013
diff: 17.152987003326416
waiting
going to web site
Hello world	Thread-888	3

time: 946686757.8532349
diff: 0.1467651128768921
waiting
going to web site
Hello world	Thread-891	3

time: 946686758.836833
diff: 3.1631669998168945
waiting
going to web site
Hello world	Thread-902	3

time: 946686762.832832
diff: 0.1671680212020874
waiting
going to web site
Hello world	Thread-907	2

time: 946686763.8768331
diff: 3.1231669187545776
waiting
going to web site
Hello world	Thread-208	4

time: 946686767.832832
diff: 9.167168021202087
waiting
going to web site
Hello world	Thread-241	2

time: 946686777.850481
diff: 10.149518966674805
waiting
going to web site
Hello world	Thread-1010	4

time: 946686788.842832
diff: 17.15716803073883
waiting
going to web site
Hello world	Thread-323	2

time: 946686806.8588331
diff: 1.1411669254302979
waiting
going to web site
Hello world	Thread-1102	6

time: 946686808.851832
diff: -0.8518320322036743
going to web site
Hello world	Thread-1109	5

time: 946686809.698664
diff: -0.6986639499664307
going to web site
Hello world	Thread-1117	6

time: 946686810.534496
diff: 7.465504050254822
waiting
going to web site
Hello world	Thread-353	3

time: 946686818.8410809
diff: 16.158919095993042
waiting
going to web site
Hello world	Thread-412	3

time: 946686835.841833
diff: 13.158167004585266
waiting
going to web site
Hello world	Thread-456	2

time: 946686849.849833
diff: 21.150166988372803
waiting
going to web site
Hello world	Thread-528	3

time: 946686871.832832
diff: 25.167168021202087
waiting
going to web site
Hello world	Thread-632	2

time: 946686897.849833
diff: 15.150166988372803
waiting
going to web site
Hello world	Thread-698	4

time: 946686913.832832
diff: 18.167168021202087
waiting
going to web site
Hello world	Thread-769	3

time: 946686932.845833
diff: 36.15416705608368
waiting
going to web site
Hello world	Thread-946	2

time: 946686970.865733
diff: 16.13426697254181
waiting
going to web site
Hello world	Thread-1017	3

time: 946686987.836833
diff: 21.163166999816895
waiting
going to web site
Hello world	Thread-1121	4

time: 946687009.8398321
diff: 21.160167932510376
waiting
going to web site
Hello world	Thread-1227	2

time: 946687031.832832
diff: 31.167168021202087
waiting
going to web site
Hello world	Thread-1374	5

time: 946687063.84848
diff: 22.151520013809204
waiting
going to web site
Hello world	Thread-1484	3

time: 946687087.865621
diff: 13.134379029273987
waiting
going to web site
Hello world	Thread-1545	3

time: 946687101.8588331
diff: 34.1411669254303
waiting
going to web site
Hello world	Thread-1694	4

time: 946687136.832832
diff: 20.167168021202087
waiting
going to web site
Hello world	Thread-1778	4

time: 946687157.841833
diff: 8.158167004585266
waiting
going to web site
Hello world	Thread-1817	3

time: 946687166.841833
diff: 30.158167004585266
waiting
going to web site
Hello world	Thread-1949	2

time: 946687198.845833
diff: 36.15416705608368
waiting
going to web site
Hello world	Thread-2104	3

time: 946687235.841833
diff: 16.158167004585266
waiting
going to web site
Hello world	Thread-2184	3

time: 946687253.844833
diff: 27.15516698360443
waiting
going to web site
Hello world	Thread-2310	4

time: 946687281.832832
diff: 16.167168021202087
waiting
going to web site
Hello world	Thread-2388	2

time: 946687298.832833
diff: 9.167166948318481
waiting
going to web site
Hello world	Thread-2427	5

time: 946687308.8398321
diff: 24.160167932510376
waiting
going to web site
Hello world	Thread-2538	2

time: 946687333.832832
diff: 18.167168021202087
waiting
going to web site
Hello world	Thread-2624	4

time: 946687353.851571
diff: 15.148429036140442
waiting
going to web site
Hello world	Thread-2694	6

time: 946687369.832833
diff: 31.16716694831848
waiting
going to web site
Hello world	Thread-2839	4

time: 946687401.832832
diff: 12.167168021202087
waiting
going to web site
Hello world	Thread-2897	3

time: 946687414.849833
diff: 35.1501669883728
waiting
going to web site
Hello world	Thread-3050	4

time: 946687450.832832
diff: 11.167168021202087
waiting
going to web site
Hello world	Thread-3105	4

time: 946687462.841833
diff: 35.158167004585266
waiting
going to web site
Hello world	Thread-3267	3

time: 946687499.851833
diff: 10.14816701412201
waiting
going to web site
Hello world	Thread-3308	2

time: 946687510.841833
diff: 41.158167004585266
waiting
going to web site
Hello world	Thread-3496	4

time: 946687552.841833
diff: 16.158167004585266
waiting
going to web site
Hello world	Thread-3574	4

time: 946687570.849833
diff: 24.150166988372803
waiting
going to web site
Hello world	Thread-3676	4

time: 946687595.832832
diff: 18.167168021202087
waiting
going to web site
Hello world	Thread-3768	3

time: 946687614.841833
diff: 28.158167004585266
waiting
going to web site
Hello world	Thread-3888	2

time: 946687643.836833
diff: 17.163166999816895
waiting
going to web site
Hello world	Thread-3970	4

time: 946687661.832832
diff: 21.167168021202087
waiting
going to web site
Hello world	Thread-4070	2

time: 946687684.841833
diff: 24.158167004585266
waiting
going to web site
Hello world	Thread-4180	4

time: 946687710.841833
diff: 13.158167004585266
waiting
going to web site
Hello world	Thread-4246	4

time: 946687724.841833
diff: 28.158167004585266
waiting
going to web site
Hello world	Thread-4376	4

time: 946687753.832833
diff: 16.16716694831848
waiting
going to web site
Hello world	Thread-4448	3

time: 946687770.832832
diff: 18.167168021202087
waiting
going to web site
Hello world	Thread-4538	4

time: 946687790.836833
diff: 9.163166999816895
waiting
going to web site
Hello world	Thread-4586	4

time: 946687800.832832
diff: 20.167168021202087
waiting
going to web site
Hello world	Thread-4678	5

time: 946687821.832833
diff: 32.16716694831848
waiting
going to web site
Hello world	Thread-4828	5

time: 946687854.832832
diff: 26.167168021202087
waiting
going to web site
Hello world	Thread-4954	3

time: 946687881.841833
diff: 16.158167004585266
waiting
going to web site
Hello world	Thread-5032	5

time: 946687898.841833
diff: 23.158167004585266
waiting
going to web site
Hello world	Thread-5139	6

time: 946687922.544065
diff: 24.45593500137329
waiting
going to web site
Hello world	Thread-5260	4

time: 946687947.5350649
diff: 29.464935064315796
waiting
going to web site
Hello world	Thread-5405	5

time: 946687977.544065
diff: 15.455935001373291
waiting
going to web site
Hello world	Thread-5476	6

time: 946687993.536065
diff: 19.463935017585754
waiting
going to web site
Hello world	Thread-5567	6

time: 946688013.544065
diff: 6.455935001373291
waiting
going to web site
Hello world	Thread-5596	4

time: 946688020.544065
diff: 16.45593500137329
waiting
going to web site
Hello world	Thread-5680	5

time: 946688037.542065
diff: 25.457934975624084
waiting
going to web site
Hello world	Thread-5787	8

time: 946688063.535416
diff: 33.46458399295807
waiting
going to web site
Hello world	Thread-5936	5

time: 946688097.5350641
diff: 30.464935898780823
waiting
going to web site
Hello world	Thread-6076	7

time: 946688128.5350641
diff: 10.464935898780823
waiting
going to web site
Hello world	Thread-6121	5

time: 946688139.531064
diff: 16.4689359664917
waiting
going to web site
Hello world	Thread-6194	5

time: 946688156.5350641
diff: 39.46493589878082
waiting
going to web site
Hello world	Thread-6363	6

time: 946688196.5350641
diff: 14.464935898780823
waiting
going to web site
Hello world	Thread-6428	7

time: 946688211.5350641
diff: 34.46493589878082
waiting
going to web site
Hello world	Thread-6584	7

time: 946688246.5350641
diff: 15.464935898780823
waiting
going to web site
Hello world	Thread-6659	3

time: 946688262.526064
diff: 20.473935961723328
waiting
going to web site
Hello world	Thread-6747	7

time: 946688283.5350641
diff: 41.46493589878082
waiting
going to web site
Hello world	Thread-6936	7

time: 946688325.5350641
diff: 7.464935898780823
waiting
going to web site
Hello world	Thread-6970	6

time: 946688333.5350641
diff: 25.464935898780823
waiting
going to web site
Hello world	Thread-7083	2

time: 946688359.526064
diff: 14.473935961723328
waiting
going to web site
Hello world	Thread-7152	5

time: 946688374.5350641
diff: 14.464935898780823
waiting
going to web site
Hello world	Thread-7218	4

time: 946688389.5350641
diff: 26.464935898780823
waiting
going to web site
Hello world	Thread-7338	5

time: 946688416.5350641
diff: 19.464935898780823
waiting
going to web site
Hello world	Thread-7423	7

time: 946688436.526064
diff: 24.473935961723328
waiting
going to web site
Hello world	Thread-7538	6

time: 946688461.534652
diff: 13.4653480052948
waiting
going to web site
Hello world	Thread-7599	7

time: 946688475.526065
diff: 18.47393500804901
waiting
going to web site
Hello world	Thread-7681	5

time: 946688494.526065
diff: 23.47393500804901
waiting
going to web site
Hello world	Thread-7792	6

time: 946688518.542065
diff: 22.457934975624084
waiting
going to web site
Hello world	Thread-7891	4

time: 946688541.832832
diff: 40.16716802120209
waiting
going to web site
Hello world	Thread-8070	2

time: 946688582.841833
diff: 26.158167004585266
waiting
going to web site
Hello world	Thread-8188	4

time: 946688609.841833
diff: 17.158167004585266
waiting
going to web site
Hello world	Thread-8267	3

time: 946688627.841833
diff: 23.158167004585266
waiting
going to web site
Hello world	Thread-8364	5

time: 946688651.836833
diff: 26.163166999816895
waiting
going to web site
Hello world	Thread-8478	3

time: 946688678.836832
diff: 30.16316795349121
waiting
going to web site
Hello world	Thread-8606	6

time: 946688709.832832
diff: 21.167168021202087
waiting
going to web site
Hello world	Thread-8698	3

time: 946688731.8692081
diff: 27.130791902542114
waiting
going to web site
Hello world	Thread-8806	4

time: 946688759.841833
diff: 9.158167004585266
waiting
going to web site
Hello world	Thread-8848	3

time: 946688770.841833
diff: 34.158167004585266
waiting
going to web site
Hello world	Thread-8993	3

time: 946688805.8422489
diff: 28.157751083374023
waiting
going to web site
Hello world	Thread-9118	2

time: 946688835.860833
diff: 9.139166951179504
waiting
going to web site
Hello world	Thread-9154	5

time: 946688845.832832
diff: 29.167168021202087
waiting
going to web site
Hello world	Thread-9278	4

time: 946688875.832833
diff: 21.16716694831848
waiting
going to web site
Hello world	Thread-9384	2

time: 946688897.842832
diff: 7.157168030738831
waiting
going to web site
Hello world	Thread-9415	3

time: 946688905.841833
diff: 26.158167004585266
waiting
going to web site
Hello world	Thread-9549	2

time: 946688935.841833
diff: 32.158167004585266
waiting
going to web site
Hello world	Thread-9707	6

time: 946688971.841833
diff: 14.158167004585266
waiting
going to web site
Hello world	Thread-9791	2

time: 946688989.8688331
diff: 3.131166934967041
waiting
going to web site
Hello world	Thread-9808	2

time: 946688993.836832
diff: 36.16316795349121
waiting
going to web site
Hello world	Thread-9980	5

time: 946689030.832832
diff: 12.167168021202087
waiting
going to web site
Hello world	Thread-10038	2

time: 946689043.836833
diff: 15.163166999816895
waiting
going to web site
Hello world	Thread-10106	4

time: 946689059.832832
diff: 14.167168021202087
waiting
going to web site
Hello world	Thread-10186	3

time: 946689075.841833
diff: 21.158167004585266
waiting
going to web site
Hello world	Thread-10294	2

time: 946689100.841833
diff: 21.158167004585266
waiting
going to web site
Hello world	Thread-10409	4

time: 946689123.841833
diff: 23.158167004585266
waiting
going to web site
Hello world	Thread-10524	3

time: 946689147.832833
diff: 26.16716694831848
waiting
going to web site
Hello world	Thread-10646	4

time: 946689174.832832
diff: 7.167168021202087
waiting
going to web site
Hello world	Thread-10689	2

time: 946689182.845833
diff: 31.15416705608368
waiting
going to web site
Hello world	Thread-10844	3

time: 946689214.845833
diff: 19.15416705608368
waiting
going to web site
Hello world	Thread-10937	2

time: 946689234.848833
diff: 17.151167035102844
waiting
going to web site
Hello world	Thread-11033	2

time: 946689253.842241
diff: 22.157758951187134
waiting
going to web site
Hello world	Thread-11135	3

time: 946689276.840832
diff: 8.159168004989624
waiting
going to web site
Hello world	Thread-11179	2

time: 946689285.832833
diff: 19.16716694831848
waiting
going to web site
Hello world	Thread-11280	3

time: 946689305.832832
diff: 30.167168021202087
waiting
going to web site
Hello world	Thread-11426	2

time: 946689336.841833
diff: 18.158167004585266
waiting
going to web site
Hello world	Thread-11515	2

time: 946689355.841833
diff: 29.158167004585266
waiting
going to web site
Hello world	Thread-11658	3

time: 946689386.842833
diff: 26.157166957855225
waiting
going to web site
Hello world	Thread-11773	3

time: 946689413.848833
diff: 6.151167035102844
waiting
going to web site
Hello world	Thread-11810	2

time: 946689421.841833
diff: 23.158167004585266
waiting
going to web site
Hello world	Thread-11913	3

time: 946689445.841833
diff: 15.158167004585266
waiting
going to web site
Hello world	Thread-12001	2

time: 946689462.841833
diff: 25.158167004585266
waiting
going to web site
Hello world	Thread-12126	5

time: 946689488.841833
diff: 15.158167004585266
waiting
going to web site
Hello world	Thread-12195	3

time: 946689504.832833
diff: 39.16716694831848
waiting
going to web site
Hello world	Thread-12379	2

time: 946689544.832832
diff: 20.167168021202087
waiting
going to web site
Hello world	Thread-12477	3

time: 946689565.841833
diff: 19.158167004585266
waiting
going to web site
Hello world	Thread-12570	5

time: 946689586.851833
diff: 27.14816701412201
waiting
going to web site
Hello world	Thread-12692	2

time: 946689615.841833
diff: 13.158167004585266
waiting
going to web site
Hello world	Thread-12764	2

time: 946689630.841833
diff: 5.158167004585266
waiting
going to web site
Hello world	Thread-12795	2

time: 946689636.832833
diff: 28.16716694831848
waiting
going to web site
Hello world	Thread-12928	3

time: 946689665.832832
diff: 22.167168021202087
waiting
going to web site
Hello world	Thread-13043	3

time: 946689688.841833
diff: 15.158167004585266
waiting
going to web site
Hello world	Thread-13111	2

time: 946689704.841833
diff: 36.158167004585266
waiting
going to web site
Hello world	Thread-13273	2

time: 946689741.846833
diff: 12.153167009353638
waiting
going to web site
Hello world	Thread-13341	3

time: 946689754.841833
diff: 12.158167004585266
waiting
going to web site
Hello world	Thread-13403	2

time: 946689768.842833
diff: 25.157166957855225
waiting
going to web site
Hello world	Thread-13520	4

time: 946689794.832832
diff: 13.167168021202087
waiting
going to web site
Hello world	Thread-13580	2

time: 946689808.841833
diff: 26.158167004585266
waiting
going to web site
Hello world	Thread-13712	6

time: 946689836.841833
diff: 20.158167004585266
waiting
going to web site
Hello world	Thread-13816	4

time: 946689857.841833
diff: 30.158167004585266
waiting
going to web site
Hello world	Thread-13957	3

time: 946689888.841833
diff: 17.158167004585266
waiting
going to web site
Hello world	Thread-14038	4

time: 946689906.832833
diff: 20.16716694831848
waiting
going to web site
Hello world	Thread-14123	5

time: 946689927.832832
diff: 19.167168021202087
waiting
going to web site
Hello world	Thread-14218	2

time: 946689947.851833
diff: 35.14816701412201
waiting
going to web site
Hello world	Thread-14366	4

time: 946689983.841833
diff: 30.158167004585266
waiting
going to web site
Hello world	Thread-14503	2

time: 946690014.843833
diff: 27.156167030334473
waiting
going to web site
Hello world	Thread-14626	2

time: 946690042.841833
diff: 18.158167004585266
waiting
going to web site
Hello world	Thread-14707	3

time: 946690061.832833
diff: 8.167166948318481
waiting
going to web site
Hello world	Thread-14743	3

time: 946690070.832832
diff: 28.167168021202087
waiting
going to web site
Hello world	Thread-14871	3

time: 946690099.841833
diff: 24.158167004585266
waiting
going to web site
Hello world	Thread-14973	4

time: 946690124.845833
diff: 21.15416705608368
waiting
going to web site
Hello world	Thread-15061	6

time: 946690146.832833
diff: 21.16716694831848
waiting
going to web site
Hello world	Thread-15161	2

time: 946690168.832832
diff: 27.167168021202087
waiting
going to web site
Hello world	Thread-15276	3

time: 946690196.841833
diff: 17.158167004585266
waiting
going to web site
Hello world	Thread-15357	3

time: 946690214.841833
diff: 24.158167004585266
waiting
going to web site
Hello world	Thread-15465	5

time: 946690239.832833
diff: 14.167166948318481
waiting
going to web site
Hello world	Thread-15526	5

time: 946690254.832832
diff: 34.16716802120209
waiting
going to web site
Hello world	Thread-15688	4

time: 946690289.841833
diff: 11.158167004585266
waiting
going to web site
Hello world	Thread-15733	5

time: 946690301.841833
diff: 32.158167004585266
waiting
going to web site
Hello world	Thread-15880	5

time: 946690335.841833
diff: 4.158167004585266
waiting
going to web site
Hello world	Thread-15906	6

time: 946690340.841833
diff: 34.158167004585266
waiting
going to web site
Hello world	Thread-16056	3

time: 946690375.846833
diff: 26.153167009353638
waiting
going to web site
Hello world	Thread-16170	6

time: 946690402.832833
diff: 21.16716694831848
waiting
going to web site
Hello world	Thread-16263	4

time: 946690424.832832
diff: 29.167168021202087
waiting
going to web site
Hello world	Thread-16395	4

time: 946690454.832833
diff: 9.167166948318481
waiting
going to web site
Hello world	Thread-16438	3

time: 946690464.832832
diff: 24.167168021202087
waiting
going to web site
Hello world	Thread-16566	2

time: 946690492.842833
diff: 25.157166957855225
waiting
going to web site
Hello world	Thread-16679	3

time: 946690518.832832
diff: 24.167168021202087
waiting
going to web site
Hello world	Thread-16794	2

time: 946690544.860833
diff: 13.139166951179504
waiting
going to web site
Hello world	Thread-16846	5

time: 946690558.832832
diff: 21.167168021202087
waiting
going to web site
Hello world	Thread-16950	3

time: 946690580.841833
diff: 11.158167004585266
waiting
going to web site
Hello world	Thread-16999	3

time: 946690592.841833
diff: 23.158167004585266
waiting
going to web site
Hello world	Thread-17103	2

time: 946690617.842833
diff: 30.157166957855225
waiting
going to web site
Hello world	Thread-17233	4

time: 946690648.832832
diff: 28.167168021202087
waiting
going to web site
Hello world	Thread-17357	6

time: 946690677.841833
diff: 22.158167004585266
waiting
going to web site
Hello world	Thread-17464	2

time: 946690700.841833
diff: 27.158167004585266
waiting
going to web site
Hello world	Thread-17582	5

time: 946690728.841833
diff: 10.158167004585266
waiting
going to web site
Hello world	Thread-17634	4

time: 946690739.832833
diff: 25.16716694831848
waiting
going to web site
Hello world	Thread-17742	3

time: 946690765.832832
diff: 21.167168021202087
waiting
going to web site
Hello world	Thread-17840	4

time: 946690787.841833
diff: 29.158167004585266
waiting
going to web site
Hello world	Thread-17968	3

time: 946690817.841833
diff: 31.158167004585266
waiting
going to web site
Hello world	Thread-18097	4

time: 946690849.832833
diff: 19.16716694831848
waiting
going to web site
Hello world	Thread-18186	5

time: 946690869.832832
diff: 16.167168021202087
waiting
going to web site
Hello world	Thread-18257	2

time: 946690886.841833
diff: 32.158167004585266
waiting
going to web site
Hello world	Thread-18393	3

time: 946690919.832833
diff: 11.167166948318481
waiting
going to web site
Hello world	Thread-18451	3

time: 946690931.870832
diff: 22.129168033599854
waiting
going to web site
Hello world	Thread-18550	3

time: 946690954.8588331
diff: 19.141166925430298
waiting
going to web site
Hello world	Thread-18630	3

time: 946690974.832832
diff: 27.167168021202087
waiting
going to web site
Hello world	Thread-18759	3

time: 946691002.851349
diff: 17.148651003837585
waiting
going to web site
Hello world	Thread-18837	3

time: 946691020.841833
diff: 32.158167004585266
waiting
going to web site
Hello world	Thread-18986	3

time: 946691054.869833
diff: 9.130167007446289
waiting
going to web site
Hello world	Thread-19036	4

time: 946691065.841833
diff: 32.158167004585266
waiting
going to web site
Hello world	Thread-19179	4

time: 946691098.842833
diff: 18.157166957855225
waiting
going to web site
Hello world	Thread-19266	2

time: 946691117.836832
diff: 28.16316795349121
waiting
going to web site
Hello world	Thread-19396	3

time: 946691147.832832
diff: 10.167168021202087
waiting
going to web site
Hello world	Thread-19455	3

time: 946691158.841833
diff: 19.158167004585266
waiting
going to web site
Hello world	Thread-19541	3

time: 946691178.841833
diff: 16.158167004585266
waiting
going to web site
Hello world	Thread-19613	4

time: 946691195.841833
diff: 18.158167004585266
waiting
going to web site
Hello world	Thread-19697	3

time: 946691214.841833
diff: 34.158167004585266
waiting
going to web site
Hello world	Thread-19865	4

time: 946691250.841833
diff: 19.158167004585266
waiting
going to web site
Hello world	Thread-19965	2

time: 946691270.859833
diff: 17.140166997909546
waiting
going to web site
Hello world	Thread-20044	5

time: 946691288.832832
diff: 24.167168021202087
waiting
going to web site
Hello world	Thread-20160	5

time: 946691313.832833
diff: 5.1671669483184814
waiting
going to web site
Hello world	Thread-20189	4

time: 946691319.836832
diff: 25.16316795349121
waiting
going to web site
Hello world	Thread-20306	3

time: 946691345.832832
diff: 19.167168021202087
waiting
going to web site
Hello world	Thread-20403	3

time: 946691366.841833
diff: 13.158167004585266
waiting
going to web site
Hello world	Thread-20505	2

time: 946691383.845833
diff: 9.15416705608368
waiting
going to web site
Hello world	Thread-20553	4

time: 946691393.832833
diff: 43.16716694831848
waiting
going to web site
Hello world	Thread-20757	5

time: 946691437.832832
diff: 19.167168021202087
waiting
going to web site
Hello world	Thread-20857	2

time: 946691457.84224
diff: 14.15776002407074
waiting
going to web site
Hello world	Thread-20923	2

time: 946691472.841833
diff: 11.158167004585266
waiting
going to web site
Hello world	Thread-20988	2

time: 946691484.842024
diff: 30.157976031303406
waiting
going to web site
Hello world	Thread-21129	3

time: 946691516.841833
diff: 10.158167004585266
waiting
going to web site
Hello world	Thread-21186	3

time: 946691527.832833
diff: 31.16716694831848
waiting
going to web site
Hello world	Thread-21331	3

time: 946691559.836832
diff: 19.16316795349121
waiting
going to web site
Hello world	Thread-21420	6

time: 946691579.832832
diff: 22.167168021202087
waiting
going to web site
Hello world	Thread-21527	4

time: 946691602.836833
diff: 35.163166999816895
waiting
going to web site
Hello world	Thread-21688	3

time: 946691638.832832
diff: 7.167168021202087
waiting
going to web site
Hello world	Thread-21723	3

time: 946691646.841833
diff: 27.158167004585266
waiting
going to web site
Hello world	Thread-21843	2

time: 946691674.845833
diff: 31.15416705608368
waiting
going to web site
Hello world	Thread-21988	3

time: 946691706.841833
diff: 23.158167004585266
waiting
going to web site
Hello world	Thread-22099	2

time: 946691730.841833
diff: 14.158167004585266
waiting
going to web site
Hello world	Thread-22157	2

time: 946691745.841833
diff: 22.158167004585266
waiting
going to web site
Hello world	Thread-22263	3

time: 946691768.851832
diff: 21.148167967796326
waiting
going to web site
Hello world	Thread-22351	4

time: 946691790.832832
diff: 19.167168021202087
waiting
going to web site
Hello world	Thread-22444	2

time: 946691810.845833
diff: 14.15416705608368
waiting
going to web site
Hello world	Thread-22507	3

time: 946691825.841833
diff: 29.158167004585266
waiting
going to web site
Hello world	Thread-22634	2

time: 946691855.841833
diff: 22.158167004585266
waiting
going to web site
Hello world	Thread-22741	2

time: 946691878.841833
diff: 17.158167004585266
waiting
going to web site
Hello world	Thread-22822	2

time: 946691896.841833
diff: 37.158167004585266
waiting
going to web site
Hello world	Thread-22986	4

time: 946691934.845833
diff: 15.15416705608368
waiting
going to web site
Hello world	Thread-23065	3

time: 946691950.842833
diff: 17.157166957855225
waiting
going to web site
Hello world	Thread-23147	5

time: 946691968.832832
diff: 22.167168021202087
waiting
going to web site
Hello world	Thread-23262	2

time: 946691991.841833
diff: 30.158167004585266
waiting
going to web site
Hello world	Thread-23399	4

time: 946692022.841833
diff: 13.158167004585266
waiting
going to web site
Hello world	Thread-23468	3

time: 946692036.832833
diff: 14.167166948318481
waiting
going to web site
Hello world	Thread-23547	2

time: 946692051.832832
diff: 27.167168021202087
waiting
going to web site
Hello world	Thread-23676	2

time: 946692079.841833
diff: 15.158167004585266
waiting
going to web site
Hello world	Thread-23757	2

time: 946692095.841833
diff: 11.158167004585266
waiting
going to web site
Hello world	Thread-23804	3

time: 946692107.832833
diff: 23.16716694831848
waiting
going to web site
Hello world	Thread-23924	3

time: 946692131.832832
diff: 10.167168021202087
waiting
going to web site
Hello world	Thread-23976	3

time: 946692142.841833
diff: 19.158167004585266
waiting
going to web site
Hello world	Thread-24069	2

time: 946692162.841833
diff: 24.158167004585266
waiting
going to web site
Hello world	Thread-24189	3

time: 946692188.841833
diff: 26.158167004585266
waiting
going to web site
Hello world	Thread-24309	6

time: 946692215.729585
diff: 31.27041494846344
waiting
going to web site
Hello world	Thread-24457	4

time: 946692247.7205839
diff: 19.27941608428955
waiting
going to web site
Hello world	Thread-24544	6

time: 946692267.733297
diff: 36.26670300960541
waiting
going to web site
Hello world	Thread-24715	4

time: 946692304.732325
diff: 12.267675042152405
waiting
going to web site
Hello world	Thread-24770	3

time: 946692317.732585
diff: 12.267415046691895
waiting
going to web site
Hello world	Thread-24826	4

time: 946692330.720585
diff: 27.279415011405945
waiting
going to web site
Hello world	Thread-24945	6

time: 946692358.730585
diff: 30.269415020942688
waiting
going to web site
Hello world	Thread-25071	3

time: 946692389.741585
diff: 31.25841498374939
waiting
going to web site
Hello world	Thread-25208	5

time: 946692421.7205839
diff: 17.27941608428955
waiting
going to web site
Hello world	Thread-25289	3

time: 946692439.729585
diff: 13.27041494846344
waiting
going to web site
Hello world	Thread-25343	4

time: 946692453.724584
diff: 31.275416016578674
waiting
going to web site
Hello world	Thread-25479	3

time: 946692485.732585
diff: 19.267415046691895
waiting
going to web site
Hello world	Thread-25557	2

time: 946692505.720585
diff: 22.279415011405945
waiting
going to web site
Hello world	Thread-25657	5

time: 946692528.729585
diff: 24.27041494846344
waiting
going to web site
Hello world	Thread-25763	5

time: 946692553.724584
diff: 11.275416016578674
waiting
going to web site
Hello world	Thread-25815	5

time: 946692565.730001
diff: 36.2699990272522
waiting
going to web site
Hello world	Thread-25972	5

time: 946692602.7414169
diff: 13.258583068847656
waiting
going to web site
Hello world	Thread-26032	5

time: 946692616.729585
diff: 36.27041494846344
waiting
going to web site
Hello world	Thread-26182	5

time: 946692653.7205839
diff: 18.27941608428955
waiting
going to web site
Hello world	Thread-26251	3

time: 946692672.732325
diff: 11.267675042152405
waiting
going to web site
Hello world	Thread-26293	3

time: 946692684.720585
diff: 21.279415011405945
waiting
going to web site
Hello world	Thread-26363	3

