time: 946686600.0
diff: 90.0
waiting
going to web site
Hello world	Thread-431	4

time: 946686691.868292
diff: -1.868291974067688
going to web site
Hello world	Thread-436	7

time: 946686692.708124
diff: -2.708124041557312
going to web site
Hello world	Thread-448	11

time: 946686693.557956
diff: -0.5579559803009033
going to web site
Hello world	Thread-461	6

time: 946686694.404788
diff: -0.4047880172729492
going to web site
Hello world	Thread-468	4

time: 946686695.23962
diff: 1.7603800296783447
waiting
going to web site
Hello world	Thread-495	4

time: 946686697.847255
diff: 0.15274500846862793
waiting
going to web site
Hello world	Thread-504	2

time: 946686698.832833
diff: 12.167166948318481
waiting
going to web site
Hello world	Thread-91	3

time: 946686711.837413
diff: 6.16258704662323
waiting
going to web site
Hello world	Thread-688	3

time: 946686718.852774
diff: 8.147225975990295
waiting
going to web site
Hello world	Thread-125	3

time: 946686727.832832
diff: 5.167168021202087
waiting
going to web site
Hello world	Thread-777	2

time: 946686733.832833
diff: 2.1671669483184814
waiting
going to web site
Hello world	Thread-790	5

time: 946686736.8358321
diff: 7.164167881011963
waiting
going to web site
Hello world	Thread-158	2

time: 946686744.832832
diff: 20.167168021202087
waiting
going to web site
Hello world	Thread-202	3

time: 946686765.841833
diff: 24.158167004585266
waiting
going to web site
Hello world	Thread-273	2

time: 946686790.852481
diff: 9.147518992424011
waiting
going to web site
Hello world	Thread-301	5

time: 946686800.832832
diff: 23.167168021202087
waiting
going to web site
Hello world	Thread-378	3

time: 946686824.849833
diff: 10.150166988372803
waiting
going to web site
Hello world	Thread-410	4

time: 946686835.832832
diff: 15.167168021202087
waiting
going to web site
Hello world	Thread-466	3

time: 946686851.832833
diff: 26.16716694831848
waiting
going to web site
Hello world	Thread-555	4

time: 946686878.832832
diff: 17.167168021202087
waiting
going to web site
Hello world	Thread-623	5

time: 946686896.84848
diff: 16.151520013809204
waiting
going to web site
Hello world	Thread-702	5

time: 946686914.842901
diff: 34.15709900856018
waiting
going to web site
Hello world	Thread-847	4

time: 946686949.841833
diff: 23.158167004585266
waiting
going to web site
Hello world	Thread-961	5

time: 946686973.841833
diff: 32.158167004585266
waiting
going to web site
Hello world	Thread-1110	4

time: 946687006.8418471
diff: 11.1581529378891
waiting
going to web site
Hello world	Thread-1169	3

time: 946687018.832832
diff: 14.167168021202087
waiting
going to web site
Hello world	Thread-1235	2

time: 946687033.841833
diff: 28.158167004585266
waiting
going to web site
Hello world	Thread-1375	6

time: 946687063.84848
diff: 30.151520013809204
waiting
going to web site
Hello world	Thread-1510	3

time: 946687094.84201
diff: 27.157989978790283
waiting
going to web site
Hello world	Thread-1632	3

time: 946687122.832832
diff: 21.167168021202087
waiting
going to web site
Hello world	Thread-1723	3

time: 946687144.8398329
diff: 4.160167098045349
waiting
going to web site
Hello world	Thread-1746	3

time: 946687149.84248
diff: 34.157520055770874
waiting
going to web site
Hello world	Thread-1885	3

time: 946687184.832833
diff: 25.16716694831848
waiting
going to web site
Hello world	Thread-1998	5

time: 946687210.838832
diff: 29.161167979240417
waiting
going to web site
Hello world	Thread-2119	5

time: 946687240.832832
diff: 23.167168021202087
waiting
going to web site
Hello world	Thread-2234	6

time: 946687264.841833
diff: 24.158167004585266
waiting
going to web site
Hello world	Thread-2349	3

time: 946687289.832833
diff: 15.167166948318481
waiting
going to web site
Hello world	Thread-2416	7

time: 946687305.6995599
diff: 8.300440073013306
waiting
going to web site
Hello world	Thread-2454	6

time: 946687314.699561
diff: 19.3004390001297
waiting
going to web site
Hello world	Thread-2540	5

time: 946687334.699561
diff: 25.3004390001297
waiting
going to web site
Hello world	Thread-2653	7

time: 946687360.699561
diff: 16.3004390001297
waiting
going to web site
Hello world	Thread-2731	6

time: 946687377.699561
diff: 25.3004390001297
waiting
going to web site
Hello world	Thread-2845	7

time: 946687403.699561
diff: 23.3004390001297
waiting
going to web site
Hello world	Thread-2947	7

time: 946687427.699561
diff: 30.3004390001297
waiting
going to web site
Hello world	Thread-3088	5

time: 946687458.699561
diff: 29.3004390001297
waiting
going to web site
Hello world	Thread-3216	6

time: 946687488.714561
diff: 12.285439014434814
waiting
going to web site
Hello world	Thread-3274	4

time: 946687501.7085611
diff: 32.291438937187195
waiting
going to web site
Hello world	Thread-3416	7

time: 946687534.6995599
diff: 7.300440073013306
waiting
going to web site
Hello world	Thread-3446	4

time: 946687542.699561
diff: 30.3004390001297
waiting
going to web site
Hello world	Thread-3586	7

time: 946687573.699561
diff: 31.3004390001297
waiting
going to web site
Hello world	Thread-3722	4

time: 946687605.699561
diff: 24.3004390001297
waiting
going to web site
Hello world	Thread-3832	4

time: 946687630.699561
diff: 22.3004390001297
waiting
going to web site
Hello world	Thread-3931	6

time: 946687653.714561
diff: 15.285439014434814
waiting
going to web site
Hello world	Thread-3999	6

time: 946687669.699561
diff: 13.3004390001297
waiting
going to web site
Hello world	Thread-4064	4

time: 946687683.699561
diff: 16.3004390001297
waiting
going to web site
Hello world	Thread-4147	2

time: 946687700.699561
diff: 35.3004390001297
waiting
going to web site
Hello world	Thread-4300	6

time: 946687736.699561
diff: 8.3004390001297
waiting
going to web site
Hello world	Thread-4339	5

time: 946687745.699561
diff: 25.3004390001297
waiting
going to web site
Hello world	Thread-4451	7

time: 946687771.699561
diff: 13.3004390001297
waiting
going to web site
Hello world	Thread-4521	2

time: 946687785.699561
diff: 15.3004390001297
waiting
going to web site
Hello world	Thread-4589	5

time: 946687801.699561
diff: 30.3004390001297
waiting
going to web site
Hello world	Thread-4734	3

time: 946687832.699561
diff: 28.3004390001297
waiting
going to web site
Hello world	Thread-4855	5

time: 946687861.699561
diff: 15.3004390001297
waiting
going to web site
Hello world	Thread-4934	3

time: 946687877.714561
diff: 21.285439014434814
waiting
going to web site
Hello world	Thread-5035	5

time: 946687899.699561
diff: 35.3004390001297
waiting
going to web site
Hello world	Thread-5202	2

time: 946687935.841833
diff: 24.158167004585266
waiting
going to web site
Hello world	Thread-5321	2

time: 946687960.841833
diff: 7.158167004585266
waiting
going to web site
Hello world	Thread-5356	3

time: 946687968.841833
diff: 19.158167004585266
waiting
going to web site
Hello world	Thread-5457	2

time: 946687988.841933
diff: 17.158066987991333
waiting
going to web site
Hello world	Thread-5532	4

time: 946688006.840832
diff: 22.159168004989624
waiting
going to web site
Hello world	Thread-5637	2

time: 946688029.841833
diff: 16.158167004585266
waiting
going to web site
Hello world	Thread-5711	3

time: 946688046.845833
diff: 29.15416705608368
waiting
going to web site
Hello world	Thread-5856	3

time: 946688077.841833
diff: 22.158167004585266
waiting
going to web site
Hello world	Thread-5952	2

time: 946688100.841833
diff: 22.158167004585266
waiting
going to web site
Hello world	Thread-6055	3

time: 946688123.841833
diff: 14.158167004585266
waiting
going to web site
Hello world	Thread-6119	3

time: 946688138.841833
diff: 39.158167004585266
waiting
going to web site
Hello world	Thread-6285	2

time: 946688178.841833
diff: 25.158167004585266
waiting
going to web site
Hello world	Thread-6404	3

time: 946688204.841833
diff: 14.158167004585266
waiting
going to web site
Hello world	Thread-6470	2

time: 946688219.841833
diff: 34.158167004585266
waiting
going to web site
Hello world	Thread-6620	4

time: 946688254.841833
diff: 17.158167004585266
waiting
going to web site
Hello world	Thread-6695	6

time: 946688272.832833
diff: 22.16716694831848
waiting
going to web site
Hello world	Thread-6802	2

time: 946688295.832832
diff: 18.167168021202087
waiting
going to web site
Hello world	Thread-6891	3

time: 946688314.841833
diff: 23.158167004585266
waiting
going to web site
Hello world	Thread-6993	3

time: 946688338.8421639
diff: 27.157836079597473
waiting
going to web site
Hello world	Thread-7119	2

time: 946688367.841833
diff: 4.158167004585266
waiting
going to web site
Hello world	Thread-7142	4

time: 946688372.832833
diff: 29.16716694831848
waiting
going to web site
Hello world	Thread-7272	5

time: 946688402.832832
diff: 10.167168021202087
waiting
going to web site
Hello world	Thread-7324	3

time: 946688413.832833
diff: 35.16716694831848
waiting
going to web site
Hello world	Thread-7485	4

time: 946688449.832832
diff: 6.167168021202087
waiting
going to web site
Hello world	Thread-7514	2

time: 946688456.841833
diff: 16.158167004585266
waiting
going to web site
Hello world	Thread-7596	2

time: 946688473.841833
diff: 20.158167004585266
waiting
going to web site
Hello world	Thread-7689	3

time: 946688495.836833
diff: 38.163166999816895
waiting
going to web site
Hello world	Thread-7856	2

time: 946688534.851832
diff: 28.148167967796326
waiting
going to web site
Hello world	Thread-7989	5

time: 946688563.5350641
diff: 23.464935898780823
waiting
going to web site
Hello world	Thread-8091	5

time: 946688587.5350641
diff: 27.464935898780823
waiting
going to web site
Hello world	Thread-8217	5

time: 946688615.5350641
diff: 20.464935898780823
waiting
going to web site
Hello world	Thread-8303	7

time: 946688636.526064
diff: 23.473935961723328
waiting
going to web site
Hello world	Thread-8407	4

time: 946688660.5350641
diff: 24.464935898780823
waiting
going to web site
Hello world	Thread-8508	4

time: 946688685.5350641
diff: 29.464935898780823
waiting
going to web site
Hello world	Thread-8630	5

time: 946688715.5350641
diff: 15.464935898780823
waiting
going to web site
Hello world	Thread-8694	5

time: 946688731.5350641
diff: 18.464935898780823
waiting
going to web site
Hello world	Thread-8772	6

time: 946688750.5350641
diff: 37.46493589878082
waiting
going to web site
Hello world	Thread-8915	7

time: 946688788.5290639
diff: 25.470936059951782
waiting
going to web site
Hello world	Thread-9026	7

time: 946688814.526065
diff: 24.47393500804901
waiting
going to web site
Hello world	Thread-9132	3

time: 946688839.526065
diff: 24.47393500804901
waiting
going to web site
Hello world	Thread-9233	6

time: 946688864.526065
diff: 21.47393500804901
waiting
going to web site
Hello world	Thread-9329	4

time: 946688886.544065
diff: 8.455935001373291
waiting
going to web site
Hello world	Thread-9375	5

time: 946688895.544065
diff: 23.45593500137329
waiting
going to web site
Hello world	Thread-9468	6

time: 946688919.526065
diff: 29.47393500804901
waiting
going to web site
Hello world	Thread-9594	7

time: 946688949.540065
diff: 24.459934949874878
waiting
going to web site
Hello world	Thread-9718	6

time: 946688974.5350641
diff: 15.464935898780823
waiting
going to web site
Hello world	Thread-9792	4

time: 946688990.526064
diff: 19.473935961723328
waiting
going to web site
Hello world	Thread-9890	2

time: 946689010.526064
diff: 21.473935961723328
waiting
going to web site
Hello world	Thread-9986	7

time: 946689032.5350641
diff: 11.464935898780823
waiting
going to web site
Hello world	Thread-10040	2

time: 946689044.526064
diff: 20.473935961723328
waiting
going to web site
Hello world	Thread-10131	7

time: 946689065.5290639
diff: 21.470936059951782
waiting
going to web site
Hello world	Thread-10244	6

time: 946689087.526065
diff: 21.47393500804901
waiting
going to web site
Hello world	Thread-10337	5

time: 946689109.544065
diff: 23.45593500137329
waiting
going to web site
Hello world	Thread-10456	5

time: 946689133.526065
diff: 23.47393500804901
waiting
going to web site
Hello world	Thread-10564	3

time: 946689157.5350649
diff: 17.464935064315796
waiting
going to web site
Hello world	Thread-10649	5

time: 946689175.833833
diff: 27.16616702079773
waiting
going to web site
Hello world	Thread-10795	3

time: 946689203.845833
diff: 13.15416705608368
waiting
going to web site
Hello world	Thread-10864	5

time: 946689218.841833
diff: 13.158167004585266
waiting
going to web site
Hello world	Thread-10962	3

time: 946689239.841833
diff: 15.158167004585266
waiting
going to web site
Hello world	Thread-11044	2

time: 946689255.845833
diff: 27.15416705608368
waiting
going to web site
Hello world	Thread-11172	2

time: 946689283.841833
diff: 11.158167004585266
waiting
going to web site
Hello world	Thread-11231	2

time: 946689295.841833
diff: 22.158167004585266
waiting
going to web site
Hello world	Thread-11341	2

time: 946689318.851481
diff: 23.148519039154053
waiting
going to web site
Hello world	Thread-11450	3

time: 946689342.851664
diff: 21.148336052894592
waiting
going to web site
Hello world	Thread-11549	2

time: 946689364.841833
diff: 17.158167004585266
waiting
going to web site
Hello world	Thread-11639	3

time: 946689382.841833
diff: 17.158167004585266
waiting
going to web site
Hello world	Thread-11723	2

time: 946689400.841833
diff: 23.158167004585266
waiting
going to web site
Hello world	Thread-11845	2

time: 946689427.841833
diff: 18.158167004585266
waiting
going to web site
Hello world	Thread-11959	3

time: 946689453.841833
diff: 11.158167004585266
waiting
going to web site
Hello world	Thread-12015	3

time: 946689465.841833
diff: 22.158167004585266
waiting
going to web site
Hello world	Thread-12127	4

time: 946689488.841833
diff: 32.158167004585266
waiting
going to web site
Hello world	Thread-12268	3

time: 946689521.841833
diff: 28.158167004585266
waiting
going to web site
Hello world	Thread-12408	2

time: 946689551.842833
diff: 29.157166957855225
waiting
going to web site
Hello world	Thread-12542	4

time: 946689581.842832
diff: 10.15716803073883
waiting
going to web site
Hello world	Thread-12594	3

time: 946689592.841833
diff: 16.158167004585266
waiting
going to web site
Hello world	Thread-12668	2

time: 946689609.841833
diff: 18.158167004585266
waiting
going to web site
Hello world	Thread-12752	4

time: 946689628.832833
diff: 10.167166948318481
waiting
going to web site
Hello world	Thread-12807	3

time: 946689639.832832
diff: 32.16716802120209
waiting
going to web site
Hello world	Thread-12961	3

time: 946689672.841833
diff: 11.158167004585266
waiting
going to web site
Hello world	Thread-13026	2

time: 946689684.841833
diff: 34.158167004585266
waiting
going to web site
Hello world	Thread-13188	2

time: 946689720.851833
diff: 13.14816701412201
waiting
going to web site
Hello world	Thread-13243	3

time: 946689734.841833
diff: 18.158167004585266
waiting
going to web site
Hello world	Thread-13335	3

time: 946689753.841833
diff: 18.158167004585266
waiting
going to web site
Hello world	Thread-13418	2

time: 946689772.841833
diff: 21.158167004585266
waiting
going to web site
Hello world	Thread-13516	6

time: 946689794.540065
diff: 27.459934949874878
waiting
going to web site
Hello world	Thread-13648	6

time: 946689822.5350641
diff: 25.464935898780823
waiting
going to web site
Hello world	Thread-13770	9

time: 946689848.532064
diff: 18.467936038970947
waiting
going to web site
Hello world	Thread-13860	6

time: 946689867.5447389
diff: 11.45526111125946
waiting
going to web site
Hello world	Thread-13911	6

time: 946689879.542782
diff: 39.457218050956726
waiting
going to web site
Hello world	Thread-14082	7

time: 946689919.5350649
diff: 10.464935064315796
waiting
going to web site
Hello world	Thread-14137	7

time: 946689930.5350649
diff: 33.464935064315796
waiting
going to web site
Hello world	Thread-14286	3

time: 946689964.526065
diff: 32.47393500804901
waiting
going to web site
Hello world	Thread-14430	5

time: 946689997.526065
diff: 15.473935008049011
waiting
going to web site
Hello world	Thread-14498	3

time: 946690013.544065
diff: 24.45593500137329
waiting
going to web site
Hello world	Thread-14605	4

time: 946690038.544065
diff: 14.455935001373291
waiting
going to web site
Hello world	Thread-14666	7

time: 946690053.5350649
diff: 29.464935064315796
waiting
going to web site
Hello world	Thread-14792	6

time: 946690083.526065
diff: 22.47393500804901
waiting
going to web site
Hello world	Thread-14901	4

time: 946690106.5350649
diff: 18.464935064315796
waiting
going to web site
Hello world	Thread-14977	5

time: 946690125.533865
diff: 19.466135025024414
waiting
going to web site
Hello world	Thread-15055	5

time: 946690145.544065
diff: 23.45593500137329
waiting
going to web site
Hello world	Thread-15163	3

time: 946690169.544065
diff: 36.45593500137329
waiting
going to web site
Hello world	Thread-15322	6

time: 946690206.5448971
diff: 10.455102920532227
waiting
going to web site
Hello world	Thread-15360	6

time: 946690217.5350641
diff: 22.464935898780823
waiting
going to web site
Hello world	Thread-15470	6

time: 946690240.5345191
diff: 26.46548092365265
waiting
going to web site
Hello world	Thread-15588	6

time: 946690267.5350641
diff: 16.464935898780823
waiting
going to web site
Hello world	Thread-15657	4

time: 946690284.5350641
diff: 19.464935898780823
waiting
going to web site
Hello world	Thread-15746	6

time: 946690304.526064
diff: 30.473935961723328
waiting
going to web site
Hello world	Thread-15877	7

time: 946690335.5345191
diff: 23.46548092365265
waiting
going to web site
Hello world	Thread-15976	7

time: 946690359.526064
diff: 26.473935961723328
waiting
going to web site
Hello world	Thread-16097	6

time: 946690386.5350641
diff: 14.464935898780823
waiting
going to web site
Hello world	Thread-16163	5

time: 946690401.832832
diff: 22.167168021202087
waiting
going to web site
Hello world	Thread-16265	2

time: 946690424.841833
diff: 36.158167004585266
waiting
going to web site
Hello world	Thread-16427	4

time: 946690461.841833
diff: 15.158167004585266
waiting
going to web site
Hello world	Thread-16497	3

time: 946690477.841833
diff: 18.158167004585266
waiting
going to web site
Hello world	Thread-16591	4

time: 946690497.836833
diff: 24.163166999816895
waiting
going to web site
Hello world	Thread-16696	4

time: 946690523.843832
diff: 21.15616798400879
waiting
going to web site
Hello world	Thread-16797	5

time: 946690545.832832
diff: 18.167168021202087
waiting
going to web site
Hello world	Thread-16880	3

time: 946690564.832833
diff: 8.167166948318481
waiting
going to web site
Hello world	Thread-16915	3

time: 946690573.832832
diff: 25.167168021202087
waiting
going to web site
Hello world	Thread-17032	3

time: 946690599.841833
diff: 27.158167004585266
waiting
going to web site
Hello world	Thread-17147	4

time: 946690627.832833
diff: 23.16716694831848
waiting
going to web site
Hello world	Thread-17245	6

time: 946690651.832832
diff: 27.167168021202087
waiting
going to web site
Hello world	Thread-17373	5

time: 946690680.841833
diff: 33.158167004585266
waiting
going to web site
Hello world	Thread-17529	3

time: 946690715.851833
diff: 21.14816701412201
waiting
going to web site
Hello world	Thread-17625	2

time: 946690737.832833
diff: 11.167166948318481
waiting
going to web site
Hello world	Thread-17675	3

time: 946690749.832832
diff: 23.167168021202087
waiting
going to web site
Hello world	Thread-17787	2

time: 946690773.851481
diff: 15.148519039154053
waiting
going to web site
Hello world	Thread-17851	5

time: 946690789.832833
diff: 32.16716694831848
waiting
going to web site
Hello world	Thread-17987	3

time: 946690822.832832
diff: 24.167168021202087
waiting
going to web site
Hello world	Thread-18093	2

time: 946690847.845833
diff: 26.15416705608368
waiting
going to web site
Hello world	Thread-18204	3

time: 946690874.841833
diff: 13.158167004585266
waiting
going to web site
Hello world	Thread-18266	3

time: 946690888.832833
diff: 23.16716694831848
waiting
going to web site
Hello world	Thread-18369	4

time: 946690912.836832
diff: 24.16316795349121
waiting
going to web site
Hello world	Thread-18472	3

time: 946690937.836832
diff: 30.16316795349121
waiting
going to web site
Hello world	Thread-18606	3

time: 946690968.832832
diff: 15.167168021202087
waiting
going to web site
Hello world	Thread-18685	2

time: 946690985.852481
diff: 24.14751899242401
waiting
going to web site
Hello world	Thread-18792	4

time: 946691010.718408
diff: 24.28159201145172
waiting
going to web site
Hello world	Thread-18901	2

time: 946691035.7312369
diff: 17.268763065338135
waiting
going to web site
Hello world	Thread-18978	5

time: 946691053.727409
diff: 31.2725909948349
waiting
going to web site
Hello world	Thread-19121	4

time: 946691085.719408
diff: 7.28059196472168
waiting
going to web site
Hello world	Thread-19159	4

time: 946691093.718408
diff: 27.28159201145172
waiting
going to web site
Hello world	Thread-19282	4

time: 946691121.727409
diff: 24.2725909948349
waiting
going to web site
Hello world	Thread-19388	5

time: 946691146.718408
diff: 2.281592011451721
waiting
going to web site
Hello world	Thread-19407	4

time: 946691149.7314091
diff: 21.268590927124023
waiting
going to web site
Hello world	Thread-19504	6

time: 946691171.723408
diff: 25.276592016220093
waiting
going to web site
Hello world	Thread-19622	4

time: 946691197.718409
diff: 40.281591057777405
waiting
going to web site
Hello world	Thread-19816	3

time: 946691238.718409
diff: 14.281591057777405
waiting
going to web site
Hello world	Thread-19882	5

time: 946691253.7312369
diff: 16.268763065338135
waiting
going to web site
Hello world	Thread-19963	4

time: 946691270.7314091
diff: 13.268590927124023
waiting
going to web site
Hello world	Thread-20022	5

time: 946691284.718408
diff: 22.28159201145172
waiting
going to web site
Hello world	Thread-20127	4

time: 946691307.7314091
diff: 22.268590927124023
waiting
going to web site
Hello world	Thread-20243	4

time: 946691330.718408
diff: 18.28159201145172
waiting
going to web site
Hello world	Thread-20326	5

time: 946691349.723409
diff: 24.276590943336487
waiting
going to web site
Hello world	Thread-20459	3

time: 946691374.718408
diff: 15.281592011451721
waiting
going to web site
Hello world	Thread-20537	6

time: 946691390.7318159
diff: 25.268184065818787
waiting
going to web site
Hello world	Thread-20661	7

time: 946691416.718409
diff: 19.281591057777405
waiting
going to web site
Hello world	Thread-20752	5

time: 946691436.7314091
diff: 15.268590927124023
waiting
going to web site
Hello world	Thread-20832	4

time: 946691452.718408
diff: 29.28159201145172
waiting
going to web site
Hello world	Thread-20974	6

time: 946691482.7314091
diff: 4.268590927124023
waiting
going to web site
Hello world	Thread-21001	4

time: 946691487.718408
diff: 27.28159201145172
waiting
going to web site
Hello world	Thread-21122	3

time: 946691515.7312369
diff: 15.268763065338135
waiting
going to web site
Hello world	Thread-21200	3

time: 946691531.7278169
diff: 20.272183060646057
waiting
going to web site
Hello world	Thread-21301	5

time: 946691552.718409
diff: 36.281591057777405
waiting
going to web site
Hello world	Thread-21463	6

time: 946691589.7312369
diff: 35.268763065338135
waiting
going to web site
Hello world	Thread-21631	2

time: 946691625.832833
diff: 1.1671669483184814
waiting
going to web site
Hello world	Thread-21638	4

time: 946691627.834832
diff: 30.165168046951294
waiting
going to web site
Hello world	Thread-21776	3

time: 946691658.841833
diff: 36.158167004585266
waiting
going to web site
Hello world	Thread-21937	2

time: 946691695.841833
diff: 15.158167004585266
waiting
going to web site
Hello world	Thread-22013	4

time: 946691711.841833
diff: 14.158167004585266
waiting
going to web site
Hello world	Thread-22079	2

time: 946691726.842833
diff: 24.157166957855225
waiting
going to web site
Hello world	Thread-22185	4

time: 946691751.836832
diff: 30.16316795349121
waiting
going to web site
Hello world	Thread-22310	2

time: 946691782.836832
diff: 7.163167953491211
waiting
going to web site
Hello world	Thread-22352	3

time: 946691790.832832
diff: 20.167168021202087
waiting
going to web site
Hello world	Thread-22446	3

time: 946691811.832833
diff: 34.16716694831848
waiting
going to web site
Hello world	Thread-22593	3

time: 946691846.832832
diff: 10.167168021202087
waiting
going to web site
Hello world	Thread-22648	3

time: 946691858.841833
diff: 27.158167004585266
waiting
going to web site
Hello world	Thread-22775	2

time: 946691886.832833
diff: 32.16716694831848
waiting
going to web site
Hello world	Thread-22921	3

time: 946691919.832832
diff: 5.167168021202087
waiting
going to web site
Hello world	Thread-22949	3

time: 946691925.832833
diff: 28.16716694831848
waiting
going to web site
Hello world	Thread-23086	5

time: 946691954.832832
diff: 6.167168021202087
waiting
going to web site
Hello world	Thread-23119	2

time: 946691961.836833
diff: 28.163166999816895
waiting
going to web site
Hello world	Thread-23252	7

time: 946691990.832832
diff: 29.167168021202087
waiting
going to web site
Hello world	Thread-23390	3

time: 946692020.841833
diff: 3.158167004585266
waiting
going to web site
Hello world	Thread-23410	2

time: 946692024.841833
diff: 29.158167004585266
waiting
going to web site
Hello world	Thread-23562	6

time: 946692054.832833
diff: 23.16716694831848
waiting
going to web site
Hello world	Thread-23671	3

time: 946692078.832832
diff: 14.167168021202087
waiting
going to web site
Hello world	Thread-23745	2

time: 946692093.841833
diff: 10.158167004585266
waiting
going to web site
Hello world	Thread-23793	3

time: 946692104.832833
diff: 21.16716694831848
waiting
going to web site
Hello world	Thread-23904	4

time: 946692126.832832
diff: 20.167168021202087
waiting
going to web site
Hello world	Thread-23999	2

time: 946692147.841833
diff: 24.158167004585266
waiting
going to web site
Hello world	Thread-24113	4

time: 946692172.841833
diff: 22.158167004585266
waiting
going to web site
Hello world	Thread-24216	3

time: 946692195.841833
diff: 19.158167004585266
waiting
going to web site
Hello world	Thread-24313	2

time: 946692215.841833
diff: 29.158167004585266
waiting
going to web site
Hello world	Thread-24461	3

time: 946692248.841833
diff: 38.158167004585266
waiting
going to web site
Hello world	Thread-24638	2

time: 946692287.841833
diff: 10.158167004585266
waiting
going to web site
Hello world	Thread-24686	5

time: 946692298.841833
diff: 17.158167004585266
waiting
going to web site
Hello world	Thread-24767	5

time: 946692316.841833
diff: 31.158167004585266
waiting
going to web site
Hello world	Thread-24905	6

time: 946692348.832833
diff: 18.16716694831848
waiting
going to web site
Hello world	Thread-24979	5

time: 946692367.832832
diff: 25.167168021202087
waiting
going to web site
Hello world	Thread-25095	3

time: 946692393.841833
diff: 26.158167004585266
waiting
going to web site
Hello world	Thread-25206	3

time: 946692420.841833
diff: 17.158167004585266
waiting
going to web site
Hello world	Thread-25286	3

time: 946692438.832833
diff: 30.16716694831848
waiting
going to web site
Hello world	Thread-25412	4

time: 946692469.836832
diff: 22.16316795349121
waiting
going to web site
Hello world	Thread-25508	4

time: 946692492.836832
diff: 10.163167953491211
waiting
going to web site
Hello world	Thread-25552	4

time: 946692503.832832
diff: 33.16716802120209
waiting
going to web site
Hello world	Thread-25697	3

time: 946692537.841833
diff: 16.158167004585266
waiting
going to web site
Hello world	Thread-25770	3

time: 946692554.832833
diff: 28.16716694831848
waiting
going to web site
Hello world	Thread-25896	4

time: 946692583.832832
diff: 24.167168021202087
waiting
going to web site
Hello world	Thread-25999	3

time: 946692608.832833
diff: 18.16716694831848
waiting
going to web site
Hello world	Thread-26081	4

time: 946692627.832832
diff: 31.167168021202087
waiting
going to web site
Hello world	Thread-26205	2

time: 946692659.841833
diff: 9.158167004585266
waiting
going to web site
Hello world	Thread-26239	2

time: 946692669.841833
diff: 23.158167004585266
waiting
going to web site
Hello world	Thread-26326	4

