time: 946686600.0
diff: 0.0
going to web site
Hello world	Thread-23	3

time: 946686603.679732
diff: 56.320268034935
waiting
going to web site
Hello world	Thread-58	6

time: 946686663.6887331
diff: 56.31126689910889
waiting
going to web site
Hello world	Thread-99	7

time: 946686735.686732
diff: 45.313267946243286
waiting
going to web site
Hello world	Thread-116	8

time: 946686781.677732
diff: 119.32226800918579
waiting
going to web site
Hello world	Thread-200	4

time: 946686904.6887331
diff: 116.31126689910889
waiting
going to web site
Hello world	Thread-256	7

time: 946687022.678732
diff: 58.32126796245575
waiting
going to web site
Hello world	Thread-276	5

time: 946687081.68164
diff: 59.31835997104645
waiting
going to web site
Hello world	Thread-326	2

time: 946687144.6925479
diff: 116.30745208263397
waiting
going to web site
Hello world	Thread-394	6

time: 946687268.659364
diff: 113.34063601493835
waiting
going to web site
Hello world	Thread-450	3

time: 946687383.667365
diff: 58.332635045051575
waiting
going to web site
Hello world	Thread-494	5

time: 946687445.6593652
diff: 56.34063482284546
waiting
going to web site
Hello world	Thread-518	2

time: 946687503.6673651
diff: 58.332634925842285
waiting
going to web site
Hello world	Thread-552	7

time: 946687565.658364
diff: 56.341635942459106
waiting
going to web site
Hello world	Thread-573	4

time: 946687622.658364
diff: 119.3416359424591
waiting
going to web site
Hello world	Thread-657	4

time: 946687749.658365
diff: 113.34163498878479
waiting
going to web site
Hello world	Thread-713	3

time: 946687864.777364
diff: 118.22263598442078
waiting
going to web site
Hello world	Thread-794	3

time: 946687986.7773641
diff: 116.22263586521149
waiting
going to web site
Hello world	Thread-860	5

time: 946688118.7773641
diff: 44.22263586521149
waiting
going to web site
Hello world	Thread-896	4

time: 946688178.7863641
diff: 44.21363592147827
waiting
going to web site
Hello world	Thread-927	4

time: 946688238.7863641
diff: 104.21363592147827
waiting
going to web site
Hello world	Thread-992	3

