time: 946686600.0
diff: 65.0
waiting
going to web site
Hello world	Thread-234	2

time: 946686665.806885
diff: 0.1931149959564209
waiting
going to web site
Hello world	Thread-236	2

time: 946686666.806192
diff: -0.8061920404434204
going to web site
Hello world	Thread-238	3

time: 946686667.603384
diff: -0.6033840179443359
going to web site
Hello world	Thread-243	3

time: 946686668.4155761
diff: -1.4155761003494263
going to web site
Hello world	Thread-247	2

time: 946686669.212768
diff: -2.2127679586410522
going to web site
Hello world	Thread-250	2

time: 946686670.0099599
diff: -2.0099599361419678
going to web site
Hello world	Thread-253	3

time: 946686670.807152
diff: -2.807152032852173
going to web site
Hello world	Thread-255	3

time: 946686671.604344
diff: -3.6043440103530884
going to web site
Hello world	Thread-258	2

time: 946686672.4085361
diff: 2.5914639234542847
waiting
going to web site
Hello world	Thread-271	5

time: 946686675.811192
diff: -0.8111920356750488
going to web site
Hello world	Thread-278	5

time: 946686676.614384
diff: -0.6143840551376343
going to web site
Hello world	Thread-285	4

time: 946686677.4235761
diff: -1.4235761165618896
going to web site
Hello world	Thread-292	3

time: 946686678.220768
diff: -2.2207679748535156
going to web site
Hello world	Thread-300	5

time: 946686679.0312569
diff: -3.031256914138794
going to web site
Hello world	Thread-310	2

time: 946686679.843101
diff: -3.8431010246276855
going to web site
Hello world	Thread-315	7

time: 946686680.648293
diff: -4.6482930183410645
going to web site
Hello world	Thread-324	3

time: 946686681.446485
diff: -5.4464850425720215
going to web site
Hello world	Thread-332	2

time: 946686682.2476771
diff: -6.2476770877838135
going to web site
Hello world	Thread-340	3

time: 946686683.044869
diff: -6.0448689460754395
going to web site
Hello world	Thread-348	3

time: 946686683.842061
diff: 0.15793895721435547
waiting
going to web site
Hello world	Thread-353	3

time: 946686684.819428
diff: -0.8194279670715332
going to web site
Hello world	Thread-357	5

time: 946686685.62562
diff: -1.6256200075149536
going to web site
Hello world	Thread-363	4

time: 946686686.422812
diff: -2.422811985015869
going to web site
Hello world	Thread-372	3

time: 946686687.229004
diff: -3.2290040254592896
going to web site
Hello world	Thread-383	4

time: 946686688.0332999
diff: -4.033299922943115
going to web site
Hello world	Thread-392	4

time: 946686688.830492
diff: -3.8304920196533203
going to web site
Hello world	Thread-398	5

time: 946686689.641104
diff: -4.641103982925415
going to web site
Hello world	Thread-411	6

time: 946686690.451296
diff: -5.451295971870422
going to web site
Hello world	Thread-424	3

time: 946686691.248488
diff: -6.248487949371338
going to web site
Hello world	Thread-434	3

time: 946686692.05168
diff: -7.051679968833923
going to web site
Hello world	Thread-444	2

time: 946686692.850872
diff: -7.850872039794922
going to web site
Hello world	Thread-450	8

time: 946686693.660064
diff: -8.660063982009888
going to web site
Hello world	Thread-463	4

time: 946686694.457256
diff: -9.457255959510803
going to web site
Hello world	Thread-470	3

time: 946686695.258448
diff: -10.258448004722595
going to web site
Hello world	Thread-478	5

time: 946686696.0636849
diff: -11.063684940338135
going to web site
Hello world	Thread-488	3

time: 946686696.861877
diff: -11.861876964569092
going to web site
Hello world	Thread-493	7

time: 946686697.6590691
diff: -9.659069061279297
going to web site
Hello world	Thread-500	5

time: 946686698.456261
diff: -10.456261038780212
going to web site
Hello world	Thread-507	2

time: 946686699.253453
diff: -11.253453016281128
going to web site
Hello world	Thread-515	3

time: 946686700.058645
diff: -11.058645009994507
going to web site
Hello world	Thread-520	3

time: 946686700.8558371
diff: -11.855837106704712
going to web site
Hello world	Thread-524	5

time: 946686701.665029
diff: -12.665029048919678
going to web site
Hello world	Thread-533	2

time: 946686702.4742211
diff: -12.474221110343933
going to web site
Hello world	Thread-78	2

time: 946686703.278413
diff: -11.27841305732727
going to web site
Hello world	Thread-544	3

time: 946686704.075605
diff: -12.075605034828186
going to web site
Hello world	Thread-548	3

time: 946686704.879797
diff: -12.879796981811523
going to web site
Hello world	Thread-551	5

time: 946686705.6769891
diff: -12.676989078521729
going to web site
Hello world	Thread-560	4

time: 946686706.481181
diff: -13.481181025505066
going to web site
Hello world	Thread-568	2

time: 946686707.2933731
diff: -13.293373107910156
going to web site
Hello world	Thread-581	3

time: 946686708.090565
diff: -14.090564966201782
going to web site
Hello world	Thread-592	3

time: 946686708.892708
diff: -13.89270794391632
going to web site
Hello world	Thread-601	7

time: 946686709.6899
diff: -14.689900040626526
going to web site
Hello world	Thread-613	3

time: 946686710.493092
diff: -14.493091940879822
going to web site
Hello world	Thread-623	3

time: 946686711.3032839
diff: -15.303283929824829
going to web site
Hello world	Thread-630	4

time: 946686712.1134759
diff: -15.113475918769836
going to web site
Hello world	Thread-637	5

time: 946686712.917668
diff: -15.917667984962463
going to web site
Hello world	Thread-643	5

time: 946686713.72086
diff: -16.72086000442505
going to web site
Hello world	Thread-653	4

time: 946686714.518052
diff: -13.518051981925964
going to web site
Hello world	Thread-660	2

time: 946686715.3455961
diff: -12.345596075057983
going to web site
Hello world	Thread-668	3

time: 946686716.17336
diff: -12.173359990119934
going to web site
Hello world	Thread-676	3

time: 946686716.9939901
diff: -11.993990063667297
going to web site
Hello world	Thread-101	4

time: 946686717.831236
diff: -11.831236004829407
going to web site
Hello world	Thread-685	5

time: 946686718.651428
diff: -9.651427984237671
going to web site
Hello world	Thread-692	4

time: 946686719.45162
diff: 2.5483800172805786
waiting
going to web site
Hello world	Thread-115	2

time: 946686722.8101931
diff: 11.189806938171387
waiting
going to web site
Hello world	Thread-782	2

time: 946686734.7991921
diff: -0.7991920709609985
going to web site
Hello world	Thread-786	3

time: 946686735.596384
diff: 1.403615951538086
waiting
going to web site
Hello world	Thread-797	5

time: 946686737.804192
diff: 1.1958080530166626
waiting
going to web site
Hello world	Thread-811	4

time: 946686739.801193
diff: 1.1988070011138916
waiting
going to web site
Hello world	Thread-152	2

time: 946686741.821193
diff: 2.178807020187378
waiting
going to web site
Hello world	Thread-845	3

time: 946686744.7971929
diff: 3.202807068824768
waiting
going to web site
Hello world	Thread-863	3

time: 946686748.812193
diff: 0.18780696392059326
waiting
going to web site
Hello world	Thread-866	2

time: 946686749.797192
diff: 1.2028080224990845
waiting
going to web site
Hello world	Thread-872	2

time: 946686751.806193
diff: -0.8061929941177368
going to web site
Hello world	Thread-874	3

time: 946686752.603385
diff: -0.6033849716186523
going to web site
Hello world	Thread-876	3

time: 946686753.4175769
diff: -1.4175769090652466
going to web site
Hello world	Thread-878	2

time: 946686754.214769
diff: -0.21476900577545166
going to web site
Hello world	Thread-882	3

time: 946686755.0144011
diff: -0.014401078224182129
going to web site
Hello world	Thread-886	2

time: 946686755.8115929
diff: 11.188407063484192
waiting
going to web site
Hello world	Thread-918	3

time: 946686767.814193
diff: -0.8141930103302002
going to web site
Hello world	Thread-920	3

time: 946686768.622741
diff: 1.3772590160369873
waiting
going to web site
Hello world	Thread-925	4

time: 946686770.806193
diff: -0.8061929941177368
going to web site
Hello world	Thread-221	3

time: 946686771.603385
diff: -0.6033849716186523
going to web site
Hello world	Thread-932	3

time: 946686772.413633
diff: -1.4136329889297485
going to web site
Hello world	Thread-934	3

time: 946686773.210825
diff: -1.210824966430664
going to web site
Hello world	Thread-938	3

time: 946686774.0144011
diff: -1.0144010782241821
going to web site
Hello world	Thread-942	4

time: 946686774.8115929
diff: 1.188407063484192
waiting
going to web site
Hello world	Thread-240	2

time: 946686776.8031449
diff: 0.1968550682067871
waiting
going to web site
Hello world	Thread-958	2

time: 946686777.806193
diff: -0.8061929941177368
going to web site
Hello world	Thread-962	4

time: 946686778.603385
diff: 5.396615028381348
waiting
going to web site
Hello world	Thread-997	4

time: 946686784.7971929
diff: 10.202807068824768
waiting
going to web site
Hello world	Thread-286	3

time: 946686795.809193
diff: 21.190806984901428
waiting
going to web site
Hello world	Thread-349	3

time: 946686817.797192
diff: 10.202808022499084
waiting
going to web site
Hello world	Thread-387	4

time: 946686828.804193
diff: 30.195806980133057
waiting
going to web site
Hello world	Thread-490	3

time: 946686859.810145
diff: 9.189854979515076
waiting
going to web site
Hello world	Thread-521	5

time: 946686869.797192
diff: 19.202808022499084
waiting
going to web site
Hello world	Thread-594	4

time: 946686889.7991929
diff: 39.200807094573975
waiting
going to web site
Hello world	Thread-753	7

time: 946686930.809193
diff: 16.190806984901428
waiting
going to web site
Hello world	Thread-834	4

time: 946686947.816192
diff: 36.18380796909332
waiting
going to web site
Hello world	Thread-1002	6

time: 946686984.811192
diff: 8.188807964324951
waiting
going to web site
Hello world	Thread-1050	6

time: 946686993.802192
diff: 20.197808027267456
waiting
going to web site
Hello world	Thread-1148	6

time: 946687014.802193
diff: 27.19780695438385
waiting
going to web site
Hello world	Thread-1276	5

time: 946687042.798192
diff: 33.20180797576904
waiting
going to web site
Hello world	Thread-1427	5

time: 946687076.797192
diff: 31.202808022499084
waiting
going to web site
Hello world	Thread-1572	4

time: 946687108.809145
diff: 6.190855026245117
waiting
going to web site
Hello world	Thread-1598	3

time: 946687115.811776
diff: 26.188223958015442
waiting
going to web site
Hello world	Thread-1716	6

time: 946687142.797192
diff: 16.202808022499084
waiting
going to web site
Hello world	Thread-1788	6

time: 946687159.802193
diff: 26.19780695438385
waiting
going to web site
Hello world	Thread-1890	5

time: 946687186.802193
diff: 29.19780695438385
waiting
going to web site
Hello world	Thread-2022	3

time: 946687216.802192
diff: 28.197808027267456
waiting
going to web site
Hello world	Thread-2143	4

time: 946687245.7971929
diff: 21.202807068824768
waiting
going to web site
Hello world	Thread-2248	4

time: 946687267.536065
diff: 8.463935017585754
waiting
going to web site
Hello world	Thread-2289	5

time: 946687276.541065
diff: 15.458935022354126
waiting
going to web site
Hello world	Thread-2359	5

time: 946687292.542065
diff: 32.457934975624084
waiting
going to web site
Hello world	Thread-2494	3

time: 946687325.526064
diff: 3.4739359617233276
waiting
going to web site
Hello world	Thread-2515	4

time: 946687329.526064
diff: 25.473935961723328
waiting
going to web site
Hello world	Thread-2632	6

time: 946687355.532064
diff: 31.467936038970947
waiting
going to web site
Hello world	Thread-2774	4

time: 946687387.526065
diff: 16.47393500804901
waiting
going to web site
Hello world	Thread-2851	3

time: 946687404.5350649
diff: 26.464935064315796
waiting
going to web site
Hello world	Thread-2964	7

time: 946687431.541777
diff: 24.45822298526764
waiting
going to web site
Hello world	Thread-3075	6

time: 946687456.5294169
diff: 21.470583081245422
waiting
going to web site
Hello world	Thread-3170	5

time: 946687478.5350649
diff: 27.464935064315796
waiting
going to web site
Hello world	Thread-3292	5

time: 946687506.5350649
diff: 21.464935064315796
waiting
going to web site
Hello world	Thread-3389	7

time: 946687528.539065
diff: 28.46093499660492
waiting
going to web site
Hello world	Thread-3516	7

time: 946687557.5350641
diff: 20.464935898780823
waiting
going to web site
Hello world	Thread-3607	3

time: 946687578.526064
diff: 27.473935961723328
waiting
going to web site
Hello world	Thread-3725	7

time: 946687606.5350641
diff: 16.464935898780823
waiting
going to web site
Hello world	Thread-3812	5

time: 946687623.5350641
diff: 27.464935898780823
waiting
going to web site
Hello world	Thread-3918	6

time: 946687651.5350641
diff: 22.464935898780823
waiting
going to web site
Hello world	Thread-4020	6

time: 946687674.5350641
diff: 17.464935898780823
waiting
going to web site
Hello world	Thread-4108	5

time: 946687692.5290639
diff: 10.470936059951782
waiting
going to web site
Hello world	Thread-4154	6

time: 946687703.533065
diff: 20.46693503856659
waiting
going to web site
Hello world	Thread-4244	6

time: 946687724.544065
diff: 20.45593500137329
waiting
going to web site
Hello world	Thread-4337	7

time: 946687745.542065
diff: 21.457934975624084
waiting
going to web site
Hello world	Thread-4431	6

time: 946687767.5350641
diff: 20.464935898780823
waiting
going to web site
Hello world	Thread-4528	2

time: 946687788.526064
diff: 19.473935961723328
waiting
going to web site
Hello world	Thread-4621	6

time: 946687808.526064
diff: 38.47393596172333
waiting
going to web site
Hello world	Thread-4797	7

time: 946687847.5350641
diff: 8.464935898780823
waiting
going to web site
Hello world	Thread-4836	5

time: 946687856.5350641
diff: 20.464935898780823
waiting
going to web site
Hello world	Thread-4933	4

time: 946687877.6995599
diff: 44.300440073013306
waiting
going to web site
Hello world	Thread-5140	5

time: 946687922.699561
diff: 19.3004390001297
waiting
going to web site
Hello world	Thread-5233	7

time: 946687942.699561
diff: 8.3004390001297
waiting
going to web site
Hello world	Thread-5283	4

time: 946687951.699561
diff: 24.3004390001297
waiting
going to web site
Hello world	Thread-5398	6

time: 946687976.699561
diff: 10.3004390001297
waiting
going to web site
Hello world	Thread-5449	6

time: 946687987.699561
diff: 14.3004390001297
waiting
going to web site
Hello world	Thread-5512	5

time: 946688002.699561
diff: 26.3004390001297
waiting
going to web site
Hello world	Thread-5634	5

time: 946688029.699561
diff: 19.3004390001297
waiting
going to web site
Hello world	Thread-5722	6

time: 946688049.7085611
diff: 34.291438937187195
waiting
going to web site
Hello world	Thread-5887	6

time: 946688084.6995599
diff: 15.300440073013306
waiting
going to web site
Hello world	Thread-5950	4

time: 946688100.699561
diff: 23.3004390001297
waiting
going to web site
Hello world	Thread-6059	5

time: 946688124.699561
diff: 23.3004390001297
waiting
going to web site
Hello world	Thread-6162	4

time: 946688148.699561
diff: 31.3004390001297
waiting
going to web site
Hello world	Thread-6293	5

time: 946688180.699561
diff: 17.3004390001297
waiting
going to web site
Hello world	Thread-6372	4

time: 946688198.699561
diff: 38.3004390001297
waiting
going to web site
Hello world	Thread-6541	7

time: 946688237.699561
diff: 13.3004390001297
waiting
going to web site
Hello world	Thread-6607	5

time: 946688251.699561
diff: 38.3004390001297
waiting
going to web site
Hello world	Thread-6779	6

time: 946688290.699561
diff: 14.3004390001297
waiting
going to web site
Hello world	Thread-6845	3

time: 946688305.699561
diff: 16.3004390001297
waiting
going to web site
Hello world	Thread-6924	4

time: 946688322.699561
diff: 20.3004390001297
waiting
going to web site
Hello world	Thread-7008	3

time: 946688343.699561
diff: 23.3004390001297
waiting
going to web site
Hello world	Thread-7115	6

time: 946688367.699561
diff: 9.3004390001297
waiting
going to web site
Hello world	Thread-7165	6

time: 946688377.699561
diff: 21.3004390001297
waiting
going to web site
Hello world	Thread-7260	6

time: 946688399.699561
diff: 29.3004390001297
waiting
going to web site
Hello world	Thread-7398	4

time: 946688429.699561
diff: 12.3004390001297
waiting
going to web site
Hello world	Thread-7457	5

time: 946688442.699561
diff: 20.3004390001297
waiting
going to web site
Hello world	Thread-7547	4

time: 946688463.699561
diff: 13.3004390001297
waiting
going to web site
Hello world	Thread-7620	2

time: 946688478.841833
diff: 36.158167004585266
waiting
going to web site
Hello world	Thread-7779	2

time: 946688515.841833
diff: 26.158167004585266
waiting
going to web site
Hello world	Thread-7896	4

time: 946688542.841833
diff: 22.158167004585266
waiting
going to web site
Hello world	Thread-8002	2

time: 946688565.841833
diff: 22.158167004585266
waiting
going to web site
Hello world	Thread-8096	3

time: 946688588.832833
diff: 28.16716694831848
waiting
going to web site
Hello world	Thread-8227	3

time: 946688617.832832
diff: 33.16716802120209
waiting
going to web site
Hello world	Thread-8366	3

time: 946688651.836833
diff: 24.163166999816895
waiting
going to web site
Hello world	Thread-8468	5

time: 946688676.832832
diff: 21.167168021202087
waiting
going to web site
Hello world	Thread-8562	2

time: 946688698.841833
diff: 14.158167004585266
waiting
going to web site
Hello world	Thread-8624	2

time: 946688713.841833
diff: 13.158167004585266
waiting
going to web site
Hello world	Thread-8683	2

time: 946688727.832833
diff: 41.16716694831848
waiting
going to web site
Hello world	Thread-8846	3

time: 946688769.8398321
diff: 27.160167932510376
waiting
going to web site
Hello world	Thread-8952	6

time: 946688797.840832
diff: 20.159168004989624
waiting
going to web site
Hello world	Thread-9042	3

time: 946688818.841833
diff: 23.158167004585266
waiting
going to web site
Hello world	Thread-9145	2

time: 946688842.841833
diff: 22.158167004585266
waiting
going to web site
Hello world	Thread-9242	3

time: 946688865.841833
diff: 12.158167004585266
waiting
going to web site
Hello world	Thread-9295	3

time: 946688878.841833
diff: 16.158167004585266
waiting
going to web site
Hello world	Thread-9378	2

time: 946688895.841833
diff: 29.158167004585266
waiting
going to web site
Hello world	Thread-9499	3

time: 946688925.841833
diff: 16.158167004585266
waiting
going to web site
Hello world	Thread-9575	3

time: 946688942.841833
diff: 13.158167004585266
waiting
going to web site
Hello world	Thread-9635	3

time: 946688956.841833
diff: 40.158167004585266
waiting
going to web site
Hello world	Thread-9826	4

time: 946688997.841833
diff: 9.158167004585266
waiting
going to web site
Hello world	Thread-9884	2

time: 946689008.841833
diff: 9.158167004585266
waiting
going to web site
Hello world	Thread-9926	2

time: 946689018.832833
diff: 17.16716694831848
waiting
going to web site
Hello world	Thread-10008	3

time: 946689036.832832
diff: 30.167168021202087
waiting
going to web site
Hello world	Thread-10146	4

time: 946689067.841833
diff: 17.158167004585266
waiting
going to web site
Hello world	Thread-10238	3

time: 946689085.836833
diff: 31.163166999816895
waiting
going to web site
Hello world	Thread-10379	3

time: 946689117.832832
diff: 21.167168021202087
waiting
going to web site
Hello world	Thread-10484	4

time: 946689139.841833
diff: 20.158167004585266
waiting
going to web site
Hello world	Thread-10598	2

time: 946689163.841833
diff: 20.158167004585266
waiting
going to web site
Hello world	Thread-10700	4

time: 946689184.832833
diff: 15.167166948318481
waiting
going to web site
Hello world	Thread-10781	3

time: 946689200.832832
diff: 22.167168021202087
waiting
going to web site
Hello world	Thread-10894	3

time: 946689224.841833
diff: 19.158167004585266
waiting
going to web site
Hello world	Thread-10984	4

time: 946689244.841833
diff: 14.158167004585266
waiting
going to web site
Hello world	Thread-11077	2

time: 946689262.846921
diff: 12.15307903289795
waiting
going to web site
Hello world	Thread-11130	2

time: 946689275.841833
diff: 14.158167004585266
waiting
going to web site
Hello world	Thread-11224	3

time: 946689293.841833
diff: 21.158167004585266
waiting
going to web site
Hello world	Thread-11327	4

time: 946689315.841833
diff: 29.158167004585266
waiting
going to web site
Hello world	Thread-11468	3

time: 946689345.841833
diff: 24.158167004585266
waiting
going to web site
Hello world	Thread-11582	5

time: 946689370.841833
diff: 20.158167004585266
waiting
going to web site
Hello world	Thread-11680	6

time: 946689391.832833
diff: 6.1671669483184814
waiting
going to web site
Hello world	Thread-11715	6

time: 946689398.832832
diff: 30.167168021202087
waiting
going to web site
Hello world	Thread-11853	5

time: 946689429.832833
diff: 19.16716694831848
waiting
going to web site
Hello world	Thread-11935	6

time: 946689449.832832
diff: 31.167168021202087
waiting
going to web site
Hello world	Thread-12094	5

time: 946689481.841833
diff: 18.158167004585266
waiting
going to web site
Hello world	Thread-12175	2

time: 946689500.8524569
diff: 31.1475430727005
waiting
going to web site
Hello world	Thread-12319	3

time: 946689532.841833
diff: 25.158167004585266
waiting
going to web site
Hello world	Thread-12446	2

time: 946689558.854833
diff: 15.145166993141174
waiting
going to web site
Hello world	Thread-12512	4

time: 946689574.832832
diff: 11.167168021202087
waiting
going to web site
Hello world	Thread-12573	4

time: 946689586.851833
diff: 18.14816701412201
waiting
going to web site
Hello world	Thread-12651	2

time: 946689605.841833
diff: 12.158167004585266
waiting
going to web site
Hello world	Thread-12725	2

time: 946689621.845833
diff: 36.15416705608368
waiting
going to web site
Hello world	Thread-12893	4

time: 946689658.832833
diff: 17.16716694831848
waiting
going to web site
Hello world	Thread-12979	5

time: 946689676.832832
diff: 12.167168021202087
waiting
going to web site
Hello world	Thread-13053	2

time: 946689690.858037
diff: 24.141963005065918
waiting
going to web site
Hello world	Thread-13163	2

time: 946689715.859037
diff: 19.140962958335876
waiting
going to web site
Hello world	Thread-13246	4

time: 946689735.849036
diff: 14.15096402168274
waiting
going to web site
Hello world	Thread-13327	2

time: 946689751.868037
diff: 26.13196301460266
waiting
going to web site
Hello world	Thread-13448	2

time: 946689779.850037
diff: 26.14996302127838
waiting
going to web site
Hello world	Thread-13572	2

time: 946689806.859037
diff: 7.1409629583358765
waiting
going to web site
Hello world	Thread-13611	2

time: 946689814.850935
diff: 27.149065017700195
waiting
going to web site
Hello world	Thread-13745	3

time: 946689843.859037
diff: 19.140962958335876
waiting
going to web site
Hello world	Thread-13839	5

time: 946689863.849036
diff: 28.15096402168274
waiting
going to web site
Hello world	Thread-13975	2

time: 946689892.858037
diff: 15.141963005065918
waiting
going to web site
Hello world	Thread-14054	2

time: 946689909.8630371
diff: 33.136962890625
waiting
going to web site
Hello world	Thread-14195	2

time: 946689943.850036
diff: 33.1499639749527
waiting
going to web site
Hello world	Thread-14334	5

time: 946689977.849036
diff: 20.15096402168274
waiting
going to web site
Hello world	Thread-14437	2

time: 946689998.859037
diff: 23.140962958335876
waiting
going to web site
Hello world	Thread-14541	3

time: 946690022.849036
diff: 18.15096402168274
waiting
going to web site
Hello world	Thread-14624	2

time: 946690041.859037
diff: 21.140962958335876
waiting
going to web site
Hello world	Thread-14714	3

time: 946690063.849036
diff: 15.15096402168274
waiting
going to web site
Hello world	Thread-14773	2

time: 946690079.850037
diff: 16.14996302127838
waiting
going to web site
Hello world	Thread-14862	2

time: 946690097.859037
diff: 32.14096295833588
waiting
going to web site
Hello world	Thread-15001	2

time: 946690130.8590361
diff: 29.140963912010193
waiting
going to web site
Hello world	Thread-15126	6

time: 946690160.849036
diff: 11.15096402168274
waiting
going to web site
Hello world	Thread-15171	2

time: 946690172.859583
diff: 28.140416979789734
waiting
going to web site
Hello world	Thread-15297	2

time: 946690201.8590361
diff: 24.140963912010193
waiting
going to web site
Hello world	Thread-15410	2

time: 946690226.850935
diff: 15.149065017700195
waiting
going to web site
Hello world	Thread-15483	3

time: 946690242.859037
diff: 23.140962958335876
waiting
going to web site
Hello world	Thread-15586	2

time: 946690266.849036
diff: 18.15096402168274
waiting
going to web site
Hello world	Thread-15700	2

time: 946690292.867037
diff: 15.132962942123413
waiting
going to web site
Hello world	Thread-15764	6

time: 946690308.5350641
diff: 29.464935898780823
waiting
going to web site
Hello world	Thread-15892	7

time: 946690338.5350641
diff: 28.464935898780823
waiting
going to web site
Hello world	Thread-16017	4

time: 946690367.526064
diff: 14.473935961723328
waiting
going to web site
Hello world	Thread-16078	7

time: 946690382.5350641
diff: 29.464935898780823
waiting
going to web site
Hello world	Thread-16210	6

time: 946690412.5350641
diff: 29.464935898780823
waiting
going to web site
Hello world	Thread-16342	7

time: 946690442.5350641
diff: 21.464935898780823
waiting
going to web site
Hello world	Thread-16434	7

time: 946690464.5350641
diff: 16.464935898780823
waiting
going to web site
Hello world	Thread-16511	7

time: 946690481.5350641
diff: 20.464935898780823
waiting
going to web site
Hello world	Thread-16609	4

time: 946690502.542064
diff: 21.45793604850769
waiting
going to web site
Hello world	Thread-16700	6

time: 946690524.5350649
diff: 16.464935064315796
waiting
going to web site
Hello world	Thread-16775	5

time: 946690541.5350649
diff: 10.464935064315796
waiting
going to web site
Hello world	Thread-16813	7

time: 946690552.5350649
diff: 25.464935064315796
waiting
going to web site
Hello world	Thread-16937	6

time: 946690578.540065
diff: 37.45993494987488
waiting
going to web site
Hello world	Thread-17097	6

time: 946690616.5350641
diff: 16.464935898780823
waiting
going to web site
Hello world	Thread-17172	5

time: 946690633.5350641
diff: 28.464935898780823
waiting
going to web site
Hello world	Thread-17292	7

time: 946690662.5350641
diff: 35.46493589878082
waiting
going to web site
Hello world	Thread-17450	7

time: 946690698.5350649
diff: 16.464935064315796
waiting
going to web site
Hello world	Thread-17526	7

time: 946690715.526065
diff: 8.473935008049011
waiting
going to web site
Hello world	Thread-17562	5

time: 946690724.544065
diff: 27.45593500137329
waiting
going to web site
Hello world	Thread-17681	6

time: 946690752.544065
diff: 29.45593500137329
waiting
going to web site
Hello world	Thread-17818	6

time: 946690782.526065
diff: 23.47393500804901
waiting
going to web site
Hello world	Thread-17921	5

time: 946690806.544065
diff: 20.45593500137329
waiting
going to web site
Hello world	Thread-18012	6

time: 946690827.544065
diff: 25.45593500137329
waiting
going to web site
Hello world	Thread-18113	5

time: 946690853.544065
diff: 27.45593500137329
waiting
going to web site
Hello world	Thread-18232	3

time: 946690881.544065
diff: 6.455935001373291
waiting
going to web site
Hello world	Thread-18265	7

time: 946690888.526065
diff: 33.47393500804901
waiting
going to web site
Hello world	Thread-18406	3

time: 946690922.536896
diff: 15.463104009628296
waiting
going to web site
Hello world	Thread-18475	6

time: 946690938.544065
diff: 31.45593500137329
waiting
going to web site
Hello world	Thread-18612	4

time: 946690970.5300651
diff: 11.469934940338135
waiting
going to web site
Hello world	Thread-18665	7

time: 946690982.526064
diff: 25.473935961723328
waiting
going to web site
Hello world	Thread-18781	4

time: 946691008.526064
diff: 21.473935961723328
waiting
going to web site
Hello world	Thread-18877	6

time: 946691030.5290639
diff: 19.470936059951782
waiting
going to web site
Hello world	Thread-18965	6

time: 946691050.535897
diff: 27.46410298347473
waiting
going to web site
Hello world	Thread-19086	7

time: 946691078.5350641
diff: 31.464935898780823
waiting
going to web site
Hello world	Thread-19229	3

time: 946691110.5350641
diff: 2.4649358987808228
waiting
going to web site
Hello world	Thread-19243	7

time: 946691113.5350641
diff: 21.464935898780823
waiting
going to web site
Hello world	Thread-19340	7

time: 946691135.526064
diff: 13.473935961723328
waiting
going to web site
Hello world	Thread-19404	6

time: 946691149.5350641
diff: 27.464935898780823
waiting
going to web site
Hello world	Thread-19535	3

time: 946691177.526064
diff: 40.47393596172333
waiting
going to web site
Hello world	Thread-19716	7

time: 946691218.5350641
diff: 5.464935898780823
waiting
going to web site
Hello world	Thread-19749	3

time: 946691224.5350641
diff: 27.464935898780823
waiting
going to web site
Hello world	Thread-19875	7

time: 946691252.5294169
diff: 25.470583081245422
waiting
going to web site
Hello world	Thread-19994	5

time: 946691278.544065
diff: 5.455935001373291
waiting
going to web site
Hello world	Thread-20021	6

time: 946691284.549065
diff: 18.450935006141663
waiting
going to web site
Hello world	Thread-20105	4

time: 946691303.544065
diff: 31.45593500137329
waiting
going to web site
Hello world	Thread-20266	4

time: 946691335.533065
diff: 9.46693503856659
waiting
going to web site
Hello world	Thread-20305	4

time: 946691345.544065
diff: 16.45593500137329
waiting
going to web site
Hello world	Thread-20379	3

time: 946691362.5350649
diff: 24.464935064315796
waiting
going to web site
Hello world	Thread-20520	6

time: 946691387.5450649
diff: 26.45493507385254
waiting
going to web site
Hello world	Thread-20650	6

time: 946691414.5350649
diff: 24.464935064315796
waiting
going to web site
Hello world	Thread-20766	6

time: 946691439.544065
diff: 12.455935001373291
waiting
going to web site
Hello world	Thread-20831	5

time: 946691452.5350649
diff: 12.464935064315796
waiting
going to web site
Hello world	Thread-20893	5

time: 946691465.5350649
diff: 31.464935064315796
waiting
going to web site
Hello world	Thread-21038	6

time: 946691497.544065
diff: 22.45593500137329
waiting
going to web site
Hello world	Thread-21145	7

time: 946691520.544065
diff: 13.455935001373291
waiting
going to web site
Hello world	Thread-21214	5

time: 946691534.544065
diff: 28.45593500137329
waiting
going to web site
Hello world	Thread-21347	7

time: 946691563.526065
diff: 32.47393500804901
waiting
going to web site
Hello world	Thread-21501	6

time: 946691596.544065
diff: 16.45593500137329
waiting
going to web site
Hello world	Thread-21575	5

time: 946691613.544065
diff: 32.45593500137329
waiting
going to web site
Hello world	Thread-21720	5

time: 946691646.5350649
diff: 16.464935064315796
waiting
going to web site
Hello world	Thread-21794	3

time: 946691663.526065
diff: 27.47393500804901
waiting
going to web site
Hello world	Thread-21917	6

time: 946691691.5350649
diff: 8.464935064315796
waiting
going to web site
Hello world	Thread-21955	7

time: 946691700.526065
diff: 24.47393500804901
waiting
going to web site
Hello world	Thread-22069	7

time: 946691725.5350649
diff: 30.464935064315796
waiting
going to web site
Hello world	Thread-22204	5

time: 946691756.526065
diff: 18.47393500804901
waiting
going to web site
Hello world	Thread-22286	5

time: 946691775.5300651
diff: 23.469934940338135
waiting
going to web site
Hello world	Thread-22388	4

time: 946691799.526064
diff: 16.473935961723328
waiting
going to web site
Hello world	Thread-22462	7

time: 946691816.526064
diff: 17.473935961723328
waiting
going to web site
Hello world	Thread-22538	6

time: 946691834.5350641
diff: 27.464935898780823
waiting
going to web site
Hello world	Thread-22665	2

time: 946691862.526064
diff: 28.473935961723328
waiting
going to web site
Hello world	Thread-22794	4

time: 946691891.5350641
diff: 13.464935898780823
waiting
going to web site
Hello world	Thread-22855	4

time: 946691905.536064
diff: 18.46393597126007
waiting
going to web site
Hello world	Thread-22946	4

time: 946691924.5350641
diff: 21.464935898780823
waiting
going to web site
Hello world	Thread-23040	7

time: 946691946.5294169
diff: 37.47058308124542
waiting
going to web site
Hello world	Thread-23223	7

time: 946691984.526065
diff: 13.473935008049011
waiting
going to web site
Hello world	Thread-23285	7

time: 946691998.5350649
diff: 6.464935064315796
waiting
going to web site
Hello world	Thread-23322	4

time: 946692005.544129
diff: 22.455870985984802
waiting
going to web site
Hello world	Thread-23430	6

time: 946692028.530064
diff: 20.46993601322174
waiting
going to web site
Hello world	Thread-23533	7

time: 946692049.540065
diff: 26.459934949874878
waiting
going to web site
Hello world	Thread-23663	6

time: 946692076.530064
diff: 9.46993601322174
waiting
going to web site
Hello world	Thread-23711	4

time: 946692086.5350649
diff: 9.464935064315796
waiting
going to web site
Hello world	Thread-23758	7

time: 946692096.526065
diff: 35.47393500804901
waiting
going to web site
Hello world	Thread-23926	5

time: 946692132.533065
diff: 17.46693503856659
waiting
going to web site
Hello world	Thread-24015	3

time: 946692150.833665
diff: 23.166334986686707
waiting
going to web site
Hello world	Thread-24123	4

time: 946692174.8426639
diff: 27.157336115837097
waiting
going to web site
Hello world	Thread-24247	2

time: 946692202.841933
diff: 29.158066987991333
waiting
going to web site
Hello world	Thread-24385	3

time: 946692232.832832
diff: 21.167168021202087
waiting
going to web site
Hello world	Thread-24486	4

time: 946692254.841833
diff: 15.158167004585266
waiting
going to web site
Hello world	Thread-24560	3

time: 946692270.842377
diff: 27.157623052597046
waiting
going to web site
Hello world	Thread-24688	3

time: 946692298.841833
diff: 20.158167004585266
waiting
going to web site
Hello world	Thread-24783	2

time: 946692319.8508971
diff: 33.14910292625427
waiting
going to web site
Hello world	Thread-24922	3

time: 946692353.832832
diff: 26.167168021202087
waiting
going to web site
Hello world	Thread-25045	2

time: 946692380.841833
diff: 25.158167004585266
waiting
going to web site
Hello world	Thread-25148	4

time: 946692406.832833
diff: 18.16716694831848
waiting
going to web site
Hello world	Thread-25229	2

time: 946692425.842832
diff: 26.15716803073883
waiting
going to web site
Hello world	Thread-25340	3

time: 946692452.832833
diff: 13.167166948318481
waiting
going to web site
Hello world	Thread-25398	3

time: 946692466.836832
diff: 26.16316795349121
waiting
going to web site
Hello world	Thread-25515	3

time: 946692493.832832
diff: 14.167168021202087
waiting
going to web site
Hello world	Thread-25573	2

time: 946692508.841833
diff: 31.158167004585266
waiting
going to web site
Hello world	Thread-25722	3

time: 946692543.841833
diff: 20.158167004585266
waiting
going to web site
Hello world	Thread-25813	2

time: 946692564.841833
diff: 26.158167004585266
waiting
going to web site
Hello world	Thread-25935	2

time: 946692591.85248
diff: 23.147519946098328
waiting
going to web site
Hello world	Thread-26030	2

time: 946692615.836832
diff: 23.16316795349121
waiting
going to web site
Hello world	Thread-26128	2

time: 946692639.832832
diff: 12.167168021202087
waiting
going to web site
Hello world	Thread-26179	2

time: 946692652.841833
diff: 17.158167004585266
waiting
going to web site
Hello world	Thread-26240	2

time: 946692670.832833
diff: 751.1671669483185
waiting
going to web site
Hello world	Thread-2151	2

