time: 946686600.0
diff: 283.0
waiting
going to web site
Hello world	Thread-569	7

time: 946686883.5345191
diff: 0.4654809236526489
waiting
going to web site
Hello world	Thread-1453	5

time: 946686884.5350641
diff: 0.46493589878082275
waiting
going to web site
Hello world	Thread-1459	4

time: 946686885.532064
diff: -0.5320639610290527
going to web site
Hello world	Thread-1460	2

time: 946686886.058128
diff: -1.058127999305725
going to web site
Hello world	Thread-1461	2

time: 946686886.5891919
diff: -1.5891919136047363
going to web site
Hello world	Thread-1462	2

time: 946686887.121256
diff: -2.1212559938430786
going to web site
Hello world	Thread-1463	2

time: 946686887.65632
diff: -2.6563199758529663
going to web site
Hello world	Thread-1464	2

time: 946686888.182384
diff: -3.1823840141296387
going to web site
Hello world	Thread-1465	2

time: 946686888.708448
diff: -2.708448052406311
going to web site
Hello world	Thread-1466	2

time: 946686889.234512
diff: -3.234511971473694
going to web site
Hello world	Thread-1468	3

time: 946686889.760576
diff: 0.2394239902496338
waiting
going to web site
Hello world	Thread-597	6

time: 946686890.5350641
diff: 4.464935898780823
waiting
going to web site
Hello world	Thread-1480	4

time: 946686895.5300651
diff: 28.469934940338135
waiting
going to web site
Hello world	Thread-1687	2

time: 946686924.526064
diff: 0.47393596172332764
waiting
going to web site
Hello world	Thread-734	2

time: 946686925.542064
diff: 12.45793604850769
waiting
going to web site
Hello world	Thread-792	4

time: 946686938.536065
diff: 13.463935017585754
waiting
going to web site
Hello world	Thread-859	5

time: 946686952.543792
diff: 16.456207990646362
waiting
going to web site
Hello world	Thread-932	8

time: 946686969.5350641
diff: 19.464935898780823
waiting
going to web site
Hello world	Thread-1025	4

time: 946686989.5350641
diff: 20.464935898780823
waiting
going to web site
Hello world	Thread-1124	4

time: 946687010.5350641
diff: 16.464935898780823
waiting
going to web site
Hello world	Thread-1203	6

time: 946687027.5330639
diff: 17.466936111450195
waiting
going to web site
Hello world	Thread-1289	7

time: 946687045.542065
diff: 17.457934975624084
waiting
going to web site
Hello world	Thread-1371	9

time: 946687063.532064
diff: 19.467936038970947
waiting
going to web site
Hello world	Thread-1457	8

time: 946687083.533065
diff: 42.46693503856659
waiting
going to web site
Hello world	Thread-1649	6

time: 946687126.526065
diff: 21.47393500804901
waiting
going to web site
Hello world	Thread-1739	5

time: 946687148.526065
diff: 27.47393500804901
waiting
going to web site
Hello world	Thread-1849	5

time: 946687176.526065
diff: 10.473935008049011
waiting
going to web site
Hello world	Thread-1895	5

time: 946687187.544065
diff: 17.45593500137329
waiting
going to web site
Hello world	Thread-1974	4

time: 946687205.526065
diff: 34.47393500804901
waiting
going to web site
Hello world	Thread-2118	6

time: 946687240.544065
diff: 16.45593500137329
waiting
going to web site
Hello world	Thread-2201	4

time: 946687257.544065
diff: 42.45593500137329
waiting
going to web site
Hello world	Thread-2393	5

time: 946687300.544065
diff: 13.455935001373291
waiting
going to web site
Hello world	Thread-2453	7

time: 946687314.5450649
diff: 19.45493507385254
waiting
going to web site
Hello world	Thread-2539	6

time: 946687334.539065
diff: 21.46093499660492
waiting
going to web site
Hello world	Thread-2637	7

time: 946687356.5350641
diff: 21.464935898780823
waiting
going to web site
Hello world	Thread-2736	7

time: 946687378.5345191
diff: 33.46548092365265
waiting
going to web site
Hello world	Thread-2884	6

time: 946687412.532064
diff: 20.467936038970947
waiting
going to web site
Hello world	Thread-2977	3

time: 946687433.5350649
diff: 21.464935064315796
waiting
going to web site
Hello world	Thread-3070	6

time: 946687455.538519
diff: 14.461480975151062
waiting
going to web site
Hello world	Thread-3137	5

time: 946687470.5350641
diff: 17.464935898780823
waiting
going to web site
Hello world	Thread-3215	7

time: 946687488.6995599
diff: 28.300440073013306
waiting
going to web site
Hello world	Thread-3340	3

time: 946687517.700561
diff: 10.299438953399658
waiting
going to web site
Hello world	Thread-3390	6

time: 946687528.6995599
diff: 20.300440073013306
waiting
going to web site
Hello world	Thread-3479	6

time: 946687549.699561
diff: 22.3004390001297
waiting
going to web site
Hello world	Thread-3580	7

time: 946687572.699561
diff: 32.3004390001297
waiting
going to web site
Hello world	Thread-3721	3

time: 946687605.699561
diff: 26.3004390001297
waiting
going to web site
Hello world	Thread-3840	6

time: 946687632.699561
diff: 20.3004390001297
waiting
going to web site
Hello world	Thread-3930	5

time: 946687653.714561
diff: 23.285439014434814
waiting
going to web site
Hello world	Thread-4038	6

time: 946687677.699561
diff: 31.3004390001297
waiting
going to web site
Hello world	Thread-4175	3

time: 946687709.699561
diff: 11.3004390001297
waiting
going to web site
Hello world	Thread-4233	5

time: 946687721.699561
diff: 19.3004390001297
waiting
going to web site
Hello world	Thread-4320	5

time: 946687741.699561
diff: 31.3004390001297
waiting
going to web site
Hello world	Thread-4464	6

time: 946687773.699561
diff: 17.3004390001297
waiting
going to web site
Hello world	Thread-4543	5

time: 946687791.699561
diff: 35.3004390001297
waiting
going to web site
Hello world	Thread-4712	5

time: 946687827.699561
diff: 10.3004390001297
waiting
going to web site
Hello world	Thread-4755	4

time: 946687838.699561
diff: 28.3004390001297
waiting
going to web site
Hello world	Thread-4885	6

time: 946687867.699561
diff: 18.3004390001297
waiting
going to web site
Hello world	Thread-4968	7

time: 946687886.699561
diff: 11.3004390001297
waiting
going to web site
Hello world	Thread-5027	7

time: 946687898.699561
diff: 25.3004390001297
waiting
going to web site
Hello world	Thread-5152	5

time: 946687924.699561
diff: 23.3004390001297
waiting
going to web site
Hello world	Thread-5264	5

time: 946687948.699561
diff: 13.3004390001297
waiting
going to web site
Hello world	Thread-5328	6

time: 946687962.699561
diff: 22.3004390001297
waiting
going to web site
Hello world	Thread-5438	7

time: 946687985.699561
diff: 23.3004390001297
waiting
going to web site
Hello world	Thread-5546	6

time: 946688009.699561
diff: 25.3004390001297
waiting
going to web site
Hello world	Thread-5668	6

time: 946688035.699561
diff: 12.3004390001297
waiting
going to web site
Hello world	Thread-5719	3

time: 946688048.699561
diff: 36.3004390001297
waiting
going to web site
Hello world	Thread-5893	5

time: 946688085.699561
diff: 23.3004390001297
waiting
going to web site
Hello world	Thread-5994	5

time: 946688109.699561
diff: 19.3004390001297
waiting
going to web site
Hello world	Thread-6083	5

time: 946688129.699561
diff: 12.3004390001297
waiting
going to web site
Hello world	Thread-6130	5

time: 946688142.699561
diff: 22.3004390001297
waiting
going to web site
Hello world	Thread-6232	4

time: 946688165.699561
diff: 18.3004390001297
waiting
going to web site
Hello world	Thread-6312	6

time: 946688184.699561
diff: 7.3004390001297
waiting
going to web site
Hello world	Thread-6344	4

time: 946688192.699561
diff: 39.3004390001297
waiting
going to web site
Hello world	Thread-6525	2

time: 946688232.699561
diff: 23.3004390001297
waiting
going to web site
Hello world	Thread-6626	7

time: 946688256.699561
diff: 24.3004390001297
waiting
going to web site
Hello world	Thread-6738	5

time: 946688281.699561
diff: 10.3004390001297
waiting
going to web site
Hello world	Thread-6790	4

time: 946688292.699561
diff: 19.3004390001297
waiting
going to web site
Hello world	Thread-6876	6

time: 946688312.699561
diff: 36.3004390001297
waiting
going to web site
Hello world	Thread-7038	3

time: 946688349.699561
diff: 13.3004390001297
waiting
going to web site
Hello world	Thread-7098	4

time: 946688363.699561
diff: 37.3004390001297
waiting
going to web site
Hello world	Thread-7267	6

time: 946688401.699561
diff: 16.3004390001297
waiting
going to web site
Hello world	Thread-7347	3

time: 946688418.699561
diff: 30.3004390001297
waiting
going to web site
Hello world	Thread-7484	5

time: 946688449.699561
diff: 25.3004390001297
waiting
going to web site
Hello world	Thread-7600	6

time: 946688475.699561
diff: 22.3004390001297
waiting
going to web site
Hello world	Thread-7702	6

time: 946688498.713817
diff: 13.2861829996109
waiting
going to web site
Hello world	Thread-7762	5

time: 946688512.6995599
diff: 25.300440073013306
waiting
going to web site
Hello world	Thread-7877	6

time: 946688538.699561
diff: 14.3004390001297
waiting
going to web site
Hello world	Thread-7937	5

time: 946688553.699561
diff: 6.3004390001297
waiting
going to web site
Hello world	Thread-7974	5

time: 946688560.699561
diff: 23.3004390001297
waiting
going to web site
Hello world	Thread-8078	5

time: 946688584.699561
diff: 29.3004390001297
waiting
going to web site
Hello world	Thread-8213	5

time: 946688614.702561
diff: 9.297438979148865
waiting
going to web site
Hello world	Thread-8250	5

time: 946688624.6995599
diff: 25.300440073013306
waiting
going to web site
Hello world	Thread-8361	4

time: 946688650.699561
diff: 22.3004390001297
waiting
going to web site
Hello world	Thread-8460	5

time: 946688673.699561
diff: 34.3004390001297
waiting
going to web site
Hello world	Thread-8601	6

time: 946688708.699561
diff: 28.3004390001297
waiting
going to web site
Hello world	Thread-8720	4

time: 946688737.722409
diff: 18.27759099006653
waiting
going to web site
Hello world	Thread-8798	3

time: 946688756.725408
diff: 31.2745920419693
waiting
going to web site
Hello world	Thread-8917	5

time: 946688788.7312369
diff: 22.268763065338135
waiting
going to web site
Hello world	Thread-9016	4

time: 946688811.731685
diff: 20.268314957618713
waiting
going to web site
Hello world	Thread-9098	5

time: 946688832.718408
diff: 26.28159201145172
waiting
going to web site
Hello world	Thread-9216	3

time: 946688859.7314091
diff: 21.268590927124023
waiting
going to web site
Hello world	Thread-9306	2

time: 946688881.718408
diff: 27.28159201145172
waiting
going to web site
Hello world	Thread-9425	5

time: 946688909.727409
diff: 10.2725909948349
waiting
going to web site
Hello world	Thread-9481	6

time: 946688921.718408
diff: 36.28159201145172
waiting
going to web site
Hello world	Thread-9639	4

time: 946688958.7314091
diff: 20.268590927124023
waiting
going to web site
Hello world	Thread-9738	5

time: 946688979.718408
diff: 32.28159201145172
waiting
going to web site
Hello world	Thread-9896	3

time: 946689012.7314091
diff: 22.268590927124023
waiting
going to web site
Hello world	Thread-10004	3

time: 946689035.731408
diff: 19.26859200000763
waiting
going to web site
Hello world	Thread-10084	7

time: 946689055.727409
diff: 12.2725909948349
waiting
going to web site
Hello world	Thread-10149	5

time: 946689068.718408
diff: 15.281592011451721
waiting
going to web site
Hello world	Thread-10233	4

time: 946689084.7312369
diff: 31.268763065338135
waiting
going to web site
Hello world	Thread-10375	3

time: 946689116.736409
diff: 17.263591051101685
waiting
going to web site
Hello world	Thread-10461	3

time: 946689134.7314091
diff: 25.268590927124023
waiting
going to web site
Hello world	Thread-10576	6

time: 946689160.718408
diff: 28.28159201145172
waiting
going to web site
Hello world	Thread-10728	4

time: 946689189.7312369
diff: 4.268763065338135
waiting
going to web site
Hello world	Thread-10745	4

time: 946689194.7314091
diff: 30.268590927124023
waiting
going to web site
Hello world	Thread-10896	4

time: 946689225.718408
diff: 13.281592011451721
waiting
going to web site
Hello world	Thread-10960	5

time: 946689239.7312369
diff: 8.268763065338135
waiting
going to web site
Hello world	Thread-11003	7

time: 946689248.727409
diff: 19.2725909948349
waiting
going to web site
Hello world	Thread-11101	5

time: 946689268.718408
diff: 26.28159201145172
waiting
going to web site
Hello world	Thread-11230	4

time: 946689295.7312369
diff: 30.268763065338135
waiting
going to web site
Hello world	Thread-11374	3

time: 946689326.7314091
diff: 13.268590927124023
waiting
going to web site
Hello world	Thread-11444	4

time: 946689340.5350641
diff: 27.464935898780823
waiting
going to web site
Hello world	Thread-11567	7

time: 946689368.5350641
diff: 18.464935898780823
waiting
going to web site
Hello world	Thread-11661	7

time: 946689387.526064
diff: 18.473935961723328
waiting
going to web site
Hello world	Thread-11745	6

time: 946689406.5350641
diff: 23.464935898780823
waiting
going to web site
Hello world	Thread-11857	7

time: 946689430.5350641
diff: 20.464935898780823
waiting
going to web site
Hello world	Thread-11945	7

time: 946689451.526064
diff: 7.473935961723328
waiting
going to web site
Hello world	Thread-11986	4

time: 946689459.5350641
diff: 25.464935898780823
waiting
going to web site
Hello world	Thread-12110	5

time: 946689485.5350641
diff: 30.464935898780823
waiting
going to web site
Hello world	Thread-12243	4

time: 946689516.526064
diff: 21.473935961723328
waiting
going to web site
Hello world	Thread-12347	6

time: 946689538.534624
diff: 22.465376019477844
waiting
going to web site
Hello world	Thread-12454	6

time: 946689561.5300651
diff: 21.469934940338135
waiting
going to web site
Hello world	Thread-12550	6

time: 946689583.526064
diff: 19.473935961723328
waiting
going to web site
Hello world	Thread-12638	6

time: 946689603.5350641
diff: 12.464935898780823
waiting
going to web site
Hello world	Thread-12693	8

time: 946689616.5350641
diff: 22.464935898780823
waiting
going to web site
Hello world	Thread-12803	7

time: 946689639.5350641
diff: 32.46493589878082
waiting
going to web site
Hello world	Thread-12957	7

time: 946689672.5350641
diff: 21.464935898780823
waiting
going to web site
Hello world	Thread-13063	5

time: 946689694.5350641
diff: 19.464935898780823
waiting
going to web site
Hello world	Thread-13154	5

time: 946689714.5350641
diff: 34.46493589878082
waiting
going to web site
Hello world	Thread-13313	6

time: 946689749.5294169
diff: 21.470583081245422
waiting
going to web site
Hello world	Thread-13414	5

time: 946689771.544065
diff: 17.45593500137329
waiting
going to web site
Hello world	Thread-13491	6

time: 946689789.526065
diff: 8.473935008049011
waiting
going to web site
Hello world	Thread-13535	4

time: 946689798.526065
diff: 27.47393500804901
waiting
going to web site
Hello world	Thread-13665	3

time: 946689826.544065
diff: 13.455935001373291
waiting
going to web site
Hello world	Thread-13729	4

time: 946689840.526065
diff: 30.47393500804901
waiting
going to web site
Hello world	Thread-13878	4

time: 946689871.526065
diff: 25.47393500804901
waiting
going to web site
Hello world	Thread-13990	6

time: 946689897.542065
diff: 5.4579349756240845
waiting
going to web site
Hello world	Thread-14021	6

time: 946689903.535329
diff: 27.46467101573944
waiting
going to web site
Hello world	Thread-14143	5

time: 946689931.526065
diff: 17.47393500804901
waiting
going to web site
Hello world	Thread-14225	4

time: 946689949.526065
diff: 23.47393500804901
waiting
going to web site
Hello world	Thread-14317	6

time: 946689973.540065
diff: 22.459934949874878
waiting
going to web site
Hello world	Thread-14427	5

time: 946689996.5350641
diff: 24.464935898780823
waiting
going to web site
Hello world	Thread-14532	7

time: 946690021.535733
diff: 26.464267015457153
waiting
going to web site
Hello world	Thread-14649	3

time: 946690048.5350649
diff: 10.464935064315796
waiting
going to web site
Hello world	Thread-14695	7

time: 946690059.544065
diff: 34.45593500137329
waiting
going to web site
Hello world	Thread-14845	4

time: 946690094.526065
diff: 7.473935008049011
waiting
going to web site
Hello world	Thread-14882	5

time: 946690102.5350649
diff: 25.464935064315796
waiting
going to web site
Hello world	Thread-14990	5

time: 946690128.544065
diff: 33.45593500137329
waiting
going to web site
Hello world	Thread-15135	4

time: 946690162.544065
diff: 24.45593500137329
waiting
going to web site
Hello world	Thread-15233	6

time: 946690187.544065
diff: 32.45593500137329
waiting
going to web site
Hello world	Thread-15375	6

time: 946690220.544065
diff: 8.455935001373291
waiting
going to web site
Hello world	Thread-15426	4

time: 946690229.544065
diff: 23.45593500137329
waiting
going to web site
Hello world	Thread-15521	4

time: 946690253.533065
diff: 22.46693503856659
waiting
going to web site
Hello world	Thread-15628	4

time: 946690276.544065
diff: 22.45593500137329
waiting
going to web site
Hello world	Thread-15726	3

time: 946690299.534065
diff: 27.465934991836548
waiting
going to web site
Hello world	Thread-15846	4

time: 946690327.5350641
diff: 18.464935898780823
waiting
going to web site
Hello world	Thread-15924	4

time: 946690346.5350641
diff: 32.46493589878082
waiting
going to web site
Hello world	Thread-16070	3

time: 946690379.5330639
diff: 12.466936111450195
waiting
going to web site
Hello world	Thread-16127	3

time: 946690392.544065
diff: 27.45593500137329
waiting
going to web site
Hello world	Thread-16245	7

time: 946690420.534065
diff: 22.465934991836548
waiting
going to web site
Hello world	Thread-16347	6

time: 946690443.5290639
diff: 14.470936059951782
waiting
going to web site
Hello world	Thread-16414	4

time: 946690458.5300651
diff: 20.469934940338135
waiting
going to web site
Hello world	Thread-16504	5

time: 946690479.5350641
diff: 31.464935898780823
waiting
going to web site
Hello world	Thread-16646	3

time: 946690511.526064
diff: 22.473935961723328
waiting
going to web site
Hello world	Thread-16746	4

time: 946690534.5350641
diff: 25.464935898780823
waiting
going to web site
Hello world	Thread-16862	7

time: 946690561.836832
diff: 17.16316795349121
waiting
going to web site
Hello world	Thread-16945	4

time: 946690579.840832
diff: 18.159168004989624
waiting
going to web site
Hello world	Thread-17027	4

time: 946690598.832833
diff: 30.16716694831848
waiting
going to web site
Hello world	Thread-17156	2

time: 946690629.832832
diff: 25.167168021202087
waiting
going to web site
Hello world	Thread-17262	2

time: 946690655.841833
diff: 8.158167004585266
waiting
going to web site
Hello world	Thread-17303	2

time: 946690664.841833
diff: 31.158167004585266
waiting
going to web site
Hello world	Thread-17445	3

time: 946690696.832833
diff: 10.167166948318481
waiting
going to web site
Hello world	Thread-17489	4

time: 946690707.832832
diff: 32.16716802120209
waiting
going to web site
Hello world	Thread-17638	2

time: 946690740.841833
diff: 13.158167004585266
waiting
going to web site
Hello world	Thread-17697	2

time: 946690754.851833
diff: 28.14816701412201
waiting
going to web site
Hello world	Thread-17828	3

time: 946690783.851833
diff: 26.14816701412201
waiting
going to web site
Hello world	Thread-17941	5

time: 946690810.832833
diff: 26.16716694831848
waiting
going to web site
Hello world	Thread-18056	4

time: 946690837.832832
diff: 22.167168021202087
waiting
going to web site
Hello world	Thread-18143	4

time: 946690860.841865
diff: 16.158135056495667
waiting
going to web site
Hello world	Thread-18217	2

time: 946690877.841833
diff: 21.158167004585266
waiting
going to web site
Hello world	Thread-18314	3

time: 946690899.841833
diff: 30.158167004585266
waiting
going to web site
Hello world	Thread-18447	3

time: 946690930.841833
diff: 13.158167004585266
waiting
going to web site
Hello world	Thread-18499	2

time: 946690944.841833
diff: 26.158167004585266
waiting
going to web site
Hello world	Thread-18616	2

time: 946690971.841833
diff: 19.158167004585266
waiting
going to web site
Hello world	Thread-18715	2

time: 946690992.845833
diff: 28.15416705608368
waiting
going to web site
Hello world	Thread-18839	2

time: 946691021.841833
diff: 11.158167004585266
waiting
going to web site
Hello world	Thread-18895	2

time: 946691033.841833
diff: 30.158167004585266
waiting
going to web site
Hello world	Thread-19033	3

time: 946691064.841833
diff: 22.158167004585266
waiting
going to web site
Hello world	Thread-19130	2

time: 946691087.851833
diff: 28.14816701412201
waiting
going to web site
Hello world	Thread-19259	2

time: 946691116.841833
diff: 16.158167004585266
waiting
going to web site
Hello world	Thread-19335	2

time: 946691133.841833
diff: 24.158167004585266
waiting
going to web site
Hello world	Thread-19454	2

time: 946691158.841833
diff: 29.158167004585266
waiting
going to web site
Hello world	Thread-19579	2

time: 946691188.841833
diff: 21.158167004585266
waiting
going to web site
Hello world	Thread-19681	2

time: 946691210.841833
diff: 22.158167004585266
waiting
going to web site
Hello world	Thread-19793	2

time: 946691233.841833
diff: 12.158167004585266
waiting
going to web site
Hello world	Thread-19844	3

time: 946691246.841833
diff: 21.158167004585266
waiting
going to web site
Hello world	Thread-19956	3

time: 946691268.841833
diff: 32.158167004585266
waiting
going to web site
Hello world	Thread-20097	3

time: 946691301.832833
diff: 9.167166948318481
waiting
going to web site
Hello world	Thread-20151	3

time: 946691311.836832
diff: 16.16316795349121
waiting
going to web site
Hello world	Thread-20235	3

time: 946691328.832832
diff: 22.167168021202087
waiting
going to web site
Hello world	Thread-20343	3

time: 946691352.841833
diff: 22.158167004585266
waiting
going to web site
Hello world	Thread-20463	3

time: 946691375.832833
diff: 29.16716694831848
waiting
going to web site
Hello world	Thread-20608	3

time: 946691405.832832
diff: 8.167168021202087
waiting
going to web site
Hello world	Thread-20660	2

time: 946691415.841833
diff: 34.158167004585266
waiting
going to web site
Hello world	Thread-20824	2

time: 946691450.851665
diff: 17.148334980010986
waiting
going to web site
Hello world	Thread-20907	2

time: 946691468.832832
diff: 11.167168021202087
waiting
going to web site
Hello world	Thread-20983	2

time: 946691483.845833
diff: 19.15416705608368
waiting
going to web site
Hello world	Thread-21074	2

time: 946691503.835833
diff: 22.164167046546936
waiting
going to web site
Hello world	Thread-21183	2

time: 946691526.8421
diff: 7.157899975776672
waiting
going to web site
Hello world	Thread-21215	3

time: 946691534.832832
diff: 16.167168021202087
waiting
going to web site
Hello world	Thread-21296	3

time: 946691551.841833
diff: 41.158167004585266
waiting
going to web site
Hello world	Thread-21486	2

time: 946691593.841833
diff: 19.158167004585266
waiting
going to web site
Hello world	Thread-21579	2

time: 946691613.850833
diff: 13.149166941642761
waiting
going to web site
Hello world	Thread-21637	3

time: 946691627.834832
diff: 19.165168046951294
waiting
going to web site
Hello world	Thread-21727	2

time: 946691647.841833
diff: 19.158167004585266
waiting
going to web site
Hello world	Thread-21807	2

time: 946691667.842833
diff: 28.157166957855225
waiting
going to web site
Hello world	Thread-21940	2

time: 946691696.832832
diff: 9.167168021202087
waiting
going to web site
Hello world	Thread-21989	2

time: 946691706.841833
diff: 32.158167004585266
waiting
going to web site
Hello world	Thread-22127	2

time: 946691739.841833
diff: 22.158167004585266
waiting
going to web site
Hello world	Thread-22232	2

time: 946691762.841833
diff: 33.158167004585266
waiting
going to web site
Hello world	Thread-22378	6

time: 946691796.5300651
diff: 5.469934940338135
waiting
going to web site
Hello world	Thread-22398	7

time: 946691802.5350641
diff: 32.46493589878082
waiting
going to web site
Hello world	Thread-22543	7

time: 946691835.530064
diff: 33.46993601322174
waiting
going to web site
Hello world	Thread-22692	7

time: 946691869.5350649
diff: 5.464935064315796
waiting
going to web site
Hello world	Thread-22722	5

time: 946691875.539065
diff: 20.46093499660492
waiting
going to web site
Hello world	Thread-22820	4

time: 946691896.5350641
diff: 25.464935898780823
waiting
going to web site
Hello world	Thread-22936	7

time: 946691922.5350641
diff: 33.46493589878082
waiting
going to web site
Hello world	Thread-23096	7

time: 946691956.5350641
diff: 16.464935898780823
waiting
going to web site
Hello world	Thread-23174	6

time: 946691973.5350641
diff: 13.464935898780823
waiting
going to web site
Hello world	Thread-23236	5

time: 946691987.5350641
diff: 34.46493589878082
waiting
going to web site
Hello world	Thread-23397	7

time: 946692022.5350641
diff: 9.464935898780823
waiting
going to web site
Hello world	Thread-23448	6

time: 946692032.5350641
diff: 30.464935898780823
waiting
going to web site
Hello world	Thread-23602	5

time: 946692063.526064
diff: 16.473935961723328
waiting
going to web site
Hello world	Thread-23678	7

time: 946692080.5350641
diff: 21.464935898780823
waiting
going to web site
Hello world	Thread-23783	7

time: 946692102.5350641
diff: 17.464935898780823
waiting
going to web site
Hello world	Thread-23872	7

time: 946692120.534064
diff: 17.465935945510864
waiting
going to web site
Hello world	Thread-23953	5

time: 946692138.5345191
diff: 34.46548092365265
waiting
going to web site
Hello world	Thread-24116	4

time: 946692173.5350641
diff: 16.464935898780823
waiting
going to web site
Hello world	Thread-24197	4

time: 946692190.5350641
diff: 19.464935898780823
waiting
going to web site
Hello world	Thread-24285	5

time: 946692210.535833
diff: 10.46416699886322
waiting
going to web site
Hello world	Thread-24341	5

time: 946692221.5350641
diff: 25.464935898780823
waiting
going to web site
Hello world	Thread-24455	6

time: 946692247.532325
diff: 13.467674970626831
waiting
going to web site
Hello world	Thread-24520	5

time: 946692261.5350641
diff: 13.464935898780823
waiting
going to web site
Hello world	Thread-24578	7

time: 946692275.534518
diff: 20.465481996536255
waiting
going to web site
Hello world	Thread-24672	7

time: 946692296.526064
diff: 16.473935961723328
waiting
going to web site
Hello world	Thread-24747	5

time: 946692313.526064
diff: 40.47393596172333
waiting
going to web site
Hello world	Thread-24923	6

time: 946692354.5350649
diff: 23.464935064315796
waiting
going to web site
Hello world	Thread-25036	4

time: 946692378.5380651
diff: 21.46193492412567
waiting
going to web site
Hello world	Thread-25125	4

time: 946692400.797192
diff: 24.202808022499084
waiting
going to web site
Hello world	Thread-25226	5

time: 946692425.7971929
diff: 19.202807068824768
waiting
going to web site
Hello world	Thread-25313	4

time: 946692445.805193
diff: 29.194807052612305
waiting
going to web site
Hello world	Thread-25445	3

time: 946692475.802193
diff: 24.19780695438385
waiting
going to web site
Hello world	Thread-25541	2

time: 946692500.802192
diff: 9.197808027267456
waiting
going to web site
Hello world	Thread-25583	5

time: 946692510.8031449
diff: 27.196855068206787
waiting
going to web site
Hello world	Thread-25698	3

time: 946692538.7971929
diff: 35.20280706882477
waiting
going to web site
Hello world	Thread-25855	4

time: 946692574.7971929
diff: 15.202807068824768
waiting
going to web site
Hello world	Thread-25926	5

time: 946692590.802193
diff: 20.19780695438385
waiting
going to web site
Hello world	Thread-26008	4

time: 946692611.802192
diff: 34.197808027267456
waiting
going to web site
Hello world	Thread-26155	2

time: 946692646.802193
diff: 15.19780695438385
waiting
going to web site
Hello world	Thread-26215	4

time: 946692662.797192
diff: 17.202808022499084
waiting
going to web site
Hello world	Thread-26277	2

time: 946692680.802193
diff: 27.19780695438385
waiting
going to web site
Hello world	Thread-26368	6

time: 946692708.800192
diff: 21.19980800151825
waiting
going to web site
Hello world	Thread-26431	3

time: 946692730.802193
diff: 18.19780695438385
waiting
going to web site
Hello world	Thread-26492	2

time: 946692749.797192
diff: 28.202808022499084
waiting
going to web site
Hello world	Thread-26559	3

time: 946692778.7971929
diff: 24.202807068824768
waiting
going to web site
Hello world	Thread-26613	3

time: 946692803.7971929
diff: 24.202807068824768
waiting
going to web site
Hello world	Thread-26662	2

time: 946692828.8031449
diff: 15.196855068206787
waiting
going to web site
Hello world	Thread-26685	2

time: 946692844.7971929
diff: 13.202807068824768
waiting
going to web site
Hello world	Thread-26709	2

