time: 946686600.0
diff: 10.0
waiting
going to web site
Hello world	Thread-15	5

time: 946686610.528064
diff: -0.5280640125274658
going to web site
Hello world	Thread-19	3

time: 946686611.060128
diff: 0.9398720264434814
waiting
going to web site
Hello world	Thread-25	6

time: 946686612.5450649
diff: -0.5450649261474609
going to web site
Hello world	Thread-30	2

time: 946686613.071129
diff: -1.0711289644241333
going to web site
Hello world	Thread-35	3

time: 946686613.597973
diff: -1.5979729890823364
going to web site
Hello world	Thread-37	4

time: 946686614.124037
diff: -2.124037027359009
going to web site
Hello world	Thread-40	3

time: 946686614.650101
diff: -1.6501009464263916
going to web site
Hello world	Thread-42	3

time: 946686615.176165
diff: -2.176164984703064
going to web site
Hello world	Thread-45	3

time: 946686615.712229
diff: -2.712229013442993
going to web site
Hello world	Thread-47	2

time: 946686616.2382929
diff: 0.761707067489624
waiting
going to web site
Hello world	Thread-51	4

time: 946686617.526065
diff: 0.47393500804901123
waiting
going to web site
Hello world	Thread-54	3

time: 946686618.541065
diff: -0.541064977645874
going to web site
Hello world	Thread-57	2

time: 946686619.067129
diff: -0.06712901592254639
going to web site
Hello world	Thread-59	3

time: 946686619.601193
diff: 3.3988070487976074
waiting
going to web site
Hello world	Thread-72	3

time: 946686623.526065
diff: 0.47393500804901123
waiting
going to web site
Hello world	Thread-74	4

time: 946686624.5350649
diff: -0.5350649356842041
going to web site
Hello world	Thread-77	2

time: 946686625.061129
diff: -0.061128973960876465
going to web site
Hello world	Thread-80	4

time: 946686625.587193
diff: 0.41280698776245117
waiting
going to web site
Hello world	Thread-84	2

time: 946686626.526064
diff: 1.4739359617233276
waiting
going to web site
Hello world	Thread-90	2

time: 946686628.531064
diff: -0.5310640335083008
going to web site
Hello world	Thread-93	2

time: 946686629.057128
diff: -1.0571279525756836
going to web site
Hello world	Thread-95	4

time: 946686629.5890639
diff: -0.5890638828277588
going to web site
Hello world	Thread-97	3

time: 946686630.115128
diff: -0.1151280403137207
going to web site
Hello world	Thread-100	2

time: 946686630.6511921
diff: 1.34880793094635
waiting
going to web site
Hello world	Thread-107	4

time: 946686632.526064
diff: 0.47393596172332764
waiting
going to web site
Hello world	Thread-112	3

time: 946686633.526064
diff: 0.47393596172332764
waiting
going to web site
Hello world	Thread-117	4

time: 946686634.526064
diff: 0.47393596172332764
waiting
going to web site
Hello world	Thread-14	2

time: 946686635.526064
diff: 2.4739359617233276
waiting
going to web site
Hello world	Thread-133	3

time: 946686638.526064
diff: 3.4739359617233276
waiting
going to web site
Hello world	Thread-151	3

time: 946686642.534065
diff: 3.465934991836548
waiting
going to web site
Hello world	Thread-164	3

time: 946686646.5350641
diff: 8.464935898780823
waiting
going to web site
Hello world	Thread-27	2

time: 946686655.526064
diff: 16.473935961723328
waiting
going to web site
Hello world	Thread-41	3

time: 946686672.526064
diff: 13.473935961723328
waiting
going to web site
Hello world	Thread-53	3

time: 946686686.5414641
diff: 31.45853590965271
waiting
going to web site
Hello world	Thread-104	4

time: 946686718.5270641
diff: 11.472935914993286
waiting
going to web site
Hello world	Thread-129	7

time: 946686730.5370649
diff: 6.462935090065002
waiting
going to web site
Hello world	Thread-145	3

time: 946686737.540065
diff: 29.459934949874878
waiting
going to web site
Hello world	Thread-207	6

time: 946686767.5350641
diff: 11.464935898780823
waiting
going to web site
Hello world	Thread-244	7

time: 946686779.5437781
diff: 21.45622193813324
waiting
going to web site
Hello world	Thread-305	7

time: 946686801.5345191
diff: 17.46548092365265
waiting
going to web site
Hello world	Thread-356	5

time: 946686819.537064
diff: 29.46293604373932
waiting
going to web site
Hello world	Thread-454	5

time: 946686849.539065
diff: 14.46093499660492
waiting
going to web site
Hello world	Thread-505	6

time: 946686864.526064
diff: 25.473935961723328
waiting
going to web site
Hello world	Thread-598	7

time: 946686890.5350641
diff: 38.46493589878082
waiting
going to web site
Hello world	Thread-744	7

time: 946686929.532064
diff: 18.467936038970947
waiting
going to web site
Hello world	Thread-839	6

time: 946686948.544065
diff: 21.45593500137329
waiting
going to web site
Hello world	Thread-941	7

time: 946686970.5350649
diff: 11.464935064315796
waiting
going to web site
Hello world	Thread-993	5

time: 946686982.544065
diff: 35.45593500137329
waiting
going to web site
Hello world	Thread-1167	6

time: 946687018.540065
diff: 24.459934949874878
waiting
going to web site
Hello world	Thread-1280	6

time: 946687043.5330639
diff: 24.466936111450195
waiting
going to web site
Hello world	Thread-1391	7

time: 946687068.544065
diff: 16.45593500137329
waiting
going to web site
Hello world	Thread-1472	4

time: 946687085.5350649
diff: 27.464935064315796
waiting
going to web site
Hello world	Thread-1589	5

time: 946687113.542065
diff: 18.457934975624084
waiting
going to web site
Hello world	Thread-1671	5

time: 946687132.5350641
diff: 31.464935898780823
waiting
going to web site
Hello world	Thread-1806	6

time: 946687164.532064
diff: 17.467936038970947
waiting
going to web site
Hello world	Thread-1876	4

time: 946687182.5350649
diff: 21.464935064315796
waiting
going to web site
Hello world	Thread-1969	6

time: 946687204.5350649
diff: 14.464935064315796
waiting
going to web site
Hello world	Thread-2040	2

time: 946687219.859037
diff: 20.140962958335876
waiting
going to web site
Hello world	Thread-2126	2

time: 946687241.850935
diff: 28.149065017700195
waiting
going to web site
Hello world	Thread-2261	2

time: 946687270.859037
diff: 7.1409629583358765
waiting
going to web site
Hello world	Thread-2297	3

time: 946687278.849036
diff: 25.15096402168274
waiting
going to web site
Hello world	Thread-2412	4

time: 946687304.866037
diff: 29.133962988853455
waiting
going to web site
Hello world	Thread-2542	3

time: 946687334.863583
diff: 17.136417031288147
waiting
going to web site
Hello world	Thread-2634	4

time: 946687355.865583
diff: 22.134417057037354
waiting
going to web site
Hello world	Thread-2741	2

time: 946687378.8650371
diff: 25.134962916374207
waiting
going to web site
Hello world	Thread-2852	2

time: 946687404.849036
diff: 14.15096402168274
waiting
going to web site
Hello world	Thread-2921	2

time: 946687419.867037
diff: 29.132962942123413
waiting
going to web site
Hello world	Thread-3043	4

time: 946687449.856582
diff: 17.143417954444885
waiting
going to web site
Hello world	Thread-3130	2

time: 946687467.8610361
diff: 32.1389639377594
waiting
going to web site
Hello world	Thread-3270	3

time: 946687500.8590361
diff: 17.140963912010193
waiting
going to web site
Hello world	Thread-3344	3

time: 946687518.849036
diff: 37.15096402168274
waiting
going to web site
Hello world	Thread-3514	2

time: 946687556.858037
diff: 22.141963005065918
waiting
going to web site
Hello world	Thread-3612	2

time: 946687579.849037
diff: 13.150962948799133
waiting
going to web site
Hello world	Thread-3669	2

time: 946687593.850935
diff: 14.149065017700195
waiting
going to web site
Hello world	Thread-3739	2

time: 946687608.8600881
diff: 29.139911890029907
waiting
going to web site
Hello world	Thread-3871	4

time: 946687638.849036
diff: 18.15096402168274
waiting
going to web site
Hello world	Thread-3981	2

time: 946687664.868869
diff: 12.131131052970886
waiting
going to web site
Hello world	Thread-4041	3

time: 946687677.850037
diff: 19.14996302127838
waiting
going to web site
Hello world	Thread-4139	3

time: 946687698.859037
diff: 19.140962958335876
waiting
going to web site
Hello world	Thread-4220	5

time: 946687718.849036
diff: 10.15096402168274
waiting
going to web site
Hello world	Thread-4274	2

time: 946687729.8630371
diff: 27.136962890625
waiting
going to web site
Hello world	Thread-4393	4

time: 946687757.849036
diff: 28.15096402168274
waiting
going to web site
Hello world	Thread-4524	2

time: 946687786.850037
diff: 14.149963021278381
waiting
going to web site
Hello world	Thread-4597	2

time: 946687802.8603499
diff: 21.139650106430054
waiting
going to web site
Hello world	Thread-4697	2

time: 946687824.732417
diff: 28.26758301258087
waiting
going to web site
Hello world	Thread-4823	5

time: 946687853.732325
diff: 22.267675042152405
waiting
going to web site
Hello world	Thread-4929	2

time: 946687876.7390361
diff: 18.260963916778564
waiting
going to web site
Hello world	Thread-5013	5

time: 946687895.7205839
diff: 26.27941608428955
waiting
going to web site
Hello world	Thread-5141	4

time: 946687922.732325
diff: 12.267675042152405
waiting
going to web site
Hello world	Thread-5199	6

time: 946687935.732585
diff: 22.267415046691895
waiting
going to web site
Hello world	Thread-5313	4

time: 946687958.720585
diff: 20.279415011405945
waiting
going to web site
Hello world	Thread-5415	2

time: 946687979.720585
diff: 15.279415011405945
waiting
going to web site
Hello world	Thread-5489	4

time: 946687995.746585
diff: 28.25341498851776
waiting
going to web site
Hello world	Thread-5613	6

time: 946688024.724584
diff: 23.275416016578674
waiting
going to web site
Hello world	Thread-5720	2

time: 946688048.7245849
diff: 17.275415062904358
waiting
going to web site
Hello world	Thread-5802	6

time: 946688066.729585
diff: 31.27041494846344
waiting
going to web site
Hello world	Thread-5941	4

time: 946688098.7205839
diff: 19.27941608428955
waiting
going to web site
Hello world	Thread-6026	3

time: 946688118.729585
diff: 28.27041494846344
waiting
going to web site
Hello world	Thread-6156	5

time: 946688147.724584
diff: 31.275416016578674
waiting
going to web site
Hello world	Thread-6287	6

time: 946688179.720585
diff: 22.279415011405945
waiting
going to web site
Hello world	Thread-6394	3

time: 946688202.732325
diff: 24.267675042152405
waiting
going to web site
Hello world	Thread-6505	5

time: 946688227.729585
diff: 19.27041494846344
waiting
going to web site
Hello world	Thread-6591	6

time: 946688247.7205839
diff: 13.27941608428955
waiting
going to web site
Hello world	Thread-6654	6

time: 946688261.729585
diff: 17.27041494846344
waiting
going to web site
Hello world	Thread-6729	5

time: 946688279.7205839
diff: 32.27941608428955
waiting
going to web site
Hello world	Thread-6877	4

time: 946688312.733585
diff: -0.733585000038147
going to web site
Hello world	Thread-6880	3

time: 946688313.4541689
diff: 28.545831084251404
waiting
going to web site
Hello world	Thread-7004	4

time: 946688342.729585
diff: 21.27041494846344
waiting
going to web site
Hello world	Thread-7102	4

time: 946688364.729584
diff: 20.270416021347046
waiting
going to web site
Hello world	Thread-7200	3

time: 946688385.720585
diff: 10.279415011405945
waiting
going to web site
Hello world	Thread-7249	2

time: 946688396.720585
diff: 31.279415011405945
waiting
going to web site
Hello world	Thread-7394	5

time: 946688428.533065
diff: 27.46693503856659
waiting
going to web site
Hello world	Thread-7511	5

time: 946688456.5448331
diff: 26.455166935920715
waiting
going to web site
Hello world	Thread-7636	5

time: 946688483.534064
diff: 27.465935945510864
waiting
going to web site
Hello world	Thread-7756	7

time: 946688511.535325
diff: 27.464674949645996
waiting
going to web site
Hello world	Thread-7882	6

time: 946688539.5350641
diff: 19.464935898780823
waiting
going to web site
Hello world	Thread-7967	6

time: 946688559.5350641
diff: 24.464935898780823
waiting
going to web site
Hello world	Thread-8076	7

time: 946688584.530064
diff: 32.46993601322174
waiting
going to web site
Hello world	Thread-8225	6

time: 946688617.5350649
diff: 18.464935064315796
waiting
going to web site
Hello world	Thread-8307	3

time: 946688636.5350649
diff: 21.464935064315796
waiting
going to web site
Hello world	Thread-8396	6

time: 946688658.539065
diff: 23.46093499660492
waiting
going to web site
Hello world	Thread-8495	6

time: 946688682.5350641
diff: 16.464935898780823
waiting
going to web site
Hello world	Thread-8565	5

time: 946688699.5350641
diff: 28.464935898780823
waiting
going to web site
Hello world	Thread-8686	4

time: 946688728.5350641
diff: 38.46493589878082
waiting
going to web site
Hello world	Thread-8833	5

time: 946688767.5350641
diff: 26.464935898780823
waiting
going to web site
Hello world	Thread-8933	7

time: 946688794.526064
diff: 3.4739359617233276
waiting
going to web site
Hello world	Thread-8957	6

time: 946688798.535209
diff: 16.46479105949402
waiting
going to web site
Hello world	Thread-9032	2

time: 946688815.5350649
diff: 28.464935064315796
waiting
going to web site
Hello world	Thread-9148	5

time: 946688844.5350649
diff: 27.464935064315796
waiting
going to web site
Hello world	Thread-9264	6

time: 946688872.536065
diff: 25.463935017585754
waiting
going to web site
Hello world	Thread-9385	2

time: 946688898.526065
diff: 5.473935008049011
waiting
going to web site
Hello world	Thread-9405	6

time: 946688904.544065
diff: 25.45593500137329
waiting
going to web site
Hello world	Thread-9518	5

time: 946688930.526065
diff: 21.47393500804901
waiting
going to web site
Hello world	Thread-9612	5

time: 946688952.5350649
diff: 14.464935064315796
waiting
going to web site
Hello world	Thread-9682	6

time: 946688967.539065
diff: 9.46093499660492
waiting
going to web site
Hello world	Thread-9731	7

time: 946688977.5350641
diff: 22.464935898780823
waiting
going to web site
Hello world	Thread-9835	6

time: 946689000.5350641
diff: 23.464935898780823
waiting
going to web site
Hello world	Thread-9947	8

time: 946689024.526064
diff: 37.47393596172333
waiting
going to web site
Hello world	Thread-10119	5

time: 946689062.836832
diff: 7.163167953491211
waiting
going to web site
Hello world	Thread-10158	4

time: 946689070.832832
diff: 30.167168021202087
waiting
going to web site
Hello world	Thread-10303	2

time: 946689101.841833
diff: 15.158167004585266
waiting
going to web site
Hello world	Thread-10380	2

time: 946689117.841833
diff: 21.158167004585266
waiting
going to web site
Hello world	Thread-10489	3

time: 946689140.856833
diff: 18.14316701889038
waiting
going to web site
Hello world	Thread-10577	5

time: 946689160.841833
diff: 21.158167004585266
waiting
going to web site
Hello world	Thread-10695	3

time: 946689183.8516239
diff: 23.14837610721588
waiting
going to web site
Hello world	Thread-10812	3

time: 946689207.832833
diff: 8.167166948318481
waiting
going to web site
Hello world	Thread-10852	4

time: 946689216.832832
diff: 19.167168021202087
waiting
going to web site
Hello world	Thread-10946	4

time: 946689236.832833
diff: 30.16716694831848
waiting
going to web site
Hello world	Thread-11097	3

time: 946689267.836832
diff: 21.16316795349121
waiting
going to web site
Hello world	Thread-11217	4

time: 946689292.841833
diff: 17.158167004585266
waiting
going to web site
Hello world	Thread-11319	2

time: 946689313.851833
diff: 15.14816701412201
waiting
going to web site
Hello world	Thread-11388	3

time: 946689329.845833
diff: 23.15416705608368
waiting
going to web site
Hello world	Thread-11501	4

time: 946689353.841833
diff: 5.158167004585266
waiting
going to web site
Hello world	Thread-11529	3

time: 946689359.859653
diff: 38.14034700393677
waiting
going to web site
Hello world	Thread-11717	3

time: 946689398.841833
diff: 28.158167004585266
waiting
going to web site
Hello world	Thread-11851	2

time: 946689428.841833
diff: 24.158167004585266
waiting
going to web site
Hello world	Thread-11960	5

time: 946689453.841833
diff: 15.158167004585266
waiting
going to web site
Hello world	Thread-12031	2

time: 946689469.841833
diff: 34.158167004585266
waiting
going to web site
Hello world	Thread-12196	6

time: 946689504.832833
diff: 17.16716694831848
waiting
going to web site
Hello world	Thread-12270	3

time: 946689522.836832
diff: 20.16316795349121
waiting
going to web site
Hello world	Thread-12372	5

time: 946689543.832832
diff: 15.167168021202087
waiting
going to web site
Hello world	Thread-12449	4

time: 946689559.841833
diff: 3.158167004585266
waiting
going to web site
Hello world	Thread-12481	2

time: 946689566.8478329
diff: 28.152167081832886
waiting
going to web site
Hello world	Thread-12609	4

time: 946689595.841833
diff: 26.158167004585266
waiting
going to web site
Hello world	Thread-12728	2

time: 946689622.841833
diff: 23.158167004585266
waiting
going to web site
Hello world	Thread-12837	3

time: 946689646.841833
diff: 5.158167004585266
waiting
going to web site
Hello world	Thread-12867	2

time: 946689652.832833
diff: 27.16716694831848
waiting
going to web site
Hello world	Thread-13001	5

time: 946689680.834832
diff: 22.165168046951294
waiting
going to web site
Hello world	Thread-13106	2

time: 946689703.832833
diff: 11.167166948318481
waiting
going to web site
Hello world	Thread-13159	5

time: 946689715.832832
diff: 32.16716802120209
waiting
going to web site
Hello world	Thread-13312	2

time: 946689748.841833
diff: 19.158167004585266
waiting
going to web site
Hello world	Thread-13400	4

time: 946689768.832833
diff: 27.16716694831848
waiting
going to web site
Hello world	Thread-13527	3

time: 946689796.832832
diff: 21.167168021202087
waiting
going to web site
Hello world	Thread-13634	6

time: 946689818.832833
diff: 17.16716694831848
waiting
going to web site
Hello world	Thread-13709	7

time: 946689836.832832
diff: 15.167168021202087
waiting
going to web site
Hello world	Thread-13795	2

time: 946689852.841833
diff: 32.158167004585266
waiting
going to web site
Hello world	Thread-13949	2

time: 946689886.841833
diff: 31.158167004585266
waiting
going to web site
Hello world	Thread-14081	2

time: 946689918.832833
diff: 19.16716694831848
waiting
going to web site
Hello world	Thread-14169	4

time: 946689938.832832
diff: 28.167168021202087
waiting
going to web site
Hello world	Thread-14300	3

time: 946689967.841833
diff: 20.158167004585266
waiting
going to web site
Hello world	Thread-14396	3

time: 946689988.868865
diff: 13.131134986877441
waiting
going to web site
Hello world	Thread-14450	4

time: 946690002.832832
diff: 21.167168021202087
waiting
going to web site
Hello world	Thread-14551	3

time: 946690024.841833
diff: 26.158167004585266
waiting
going to web site
Hello world	Thread-14662	2

time: 946690051.841833
diff: 15.158167004585266
waiting
going to web site
Hello world	Thread-14734	2

time: 946690067.841833
diff: 37.158167004585266
waiting
going to web site
Hello world	Thread-14895	3

time: 946690105.841833
diff: 20.158167004585266
waiting
going to web site
Hello world	Thread-14984	3

time: 946690126.841833
diff: 18.158167004585266
waiting
going to web site
Hello world	Thread-15063	2

time: 946690146.842833
diff: 28.157166957855225
waiting
going to web site
Hello world	Thread-15187	4

time: 946690175.832832
diff: 9.167168021202087
waiting
going to web site
Hello world	Thread-15226	3

time: 946690185.841833
diff: 26.158167004585266
waiting
going to web site
Hello world	Thread-15347	3

time: 946690212.841833
diff: 21.158167004585266
waiting
going to web site
Hello world	Thread-15445	3

time: 946690234.841833
diff: 20.158167004585266
waiting
going to web site
Hello world	Thread-15530	4

time: 946690255.832833
diff: 24.16716694831848
waiting
going to web site
Hello world	Thread-15643	3

time: 946690280.832832
diff: 22.167168021202087
waiting
going to web site
Hello world	Thread-15745	6

time: 946690303.832833
diff: 19.16716694831848
waiting
going to web site
Hello world	Thread-15833	7

time: 946690323.832832
diff: 36.16716802120209
waiting
going to web site
Hello world	Thread-15985	2

time: 946690360.8588331
diff: 14.141166925430298
waiting
going to web site
Hello world	Thread-16053	5

time: 946690375.837832
diff: 31.16216802597046
waiting
going to web site
Hello world	Thread-16196	4

time: 946690407.841833
diff: 11.158167004585266
waiting
going to web site
Hello world	Thread-16243	2

time: 946690419.841833
diff: 17.158167004585266
waiting
going to web site
Hello world	Thread-16325	2

time: 946690437.841833
diff: 30.158167004585266
waiting
going to web site
Hello world	Thread-16464	3

time: 946690469.841833
diff: 22.158167004585266
waiting
going to web site
Hello world	Thread-16564	4

time: 946690492.832833
diff: 2.1671669483184814
waiting
going to web site
Hello world	Thread-16580	4

time: 946690495.836832
diff: 39.16316795349121
waiting
going to web site
Hello world	Thread-16750	3

time: 946690535.841833
diff: 18.158167004585266
waiting
going to web site
Hello world	Thread-16826	4

time: 946690554.832833
diff: 33.16716694831848
waiting
going to web site
Hello world	Thread-16982	4

time: 946690588.832832
diff: 28.167168021202087
waiting
going to web site
Hello world	Thread-17102	3

time: 946690617.832833
diff: 26.16716694831848
waiting
going to web site
Hello world	Thread-17219	3

time: 946690644.836832
diff: 4.163167953491211
waiting
going to web site
Hello world	Thread-17235	5

time: 946690649.832832
diff: 28.167168021202087
waiting
going to web site
Hello world	Thread-17367	5

time: 946690679.841833
diff: 17.158167004585266
waiting
going to web site
Hello world	Thread-17448	2

time: 946690697.841833
diff: 22.158167004585266
waiting
going to web site
Hello world	Thread-17549	4

time: 946690720.841833
diff: 35.158167004585266
waiting
going to web site
Hello world	Thread-17705	5

time: 946690756.832833
diff: 21.16716694831848
waiting
going to web site
Hello world	Thread-17800	4

time: 946690778.832832
diff: 18.167168021202087
waiting
going to web site
Hello world	Thread-17888	3

time: 946690797.841833
diff: 28.158167004585266
waiting
going to web site
Hello world	Thread-18008	4

time: 946690826.841833
diff: 14.158167004585266
waiting
going to web site
Hello world	Thread-18073	3

time: 946690841.841833
diff: 20.158167004585266
waiting
going to web site
Hello world	Thread-18156	3

time: 946690862.841833
diff: 27.158167004585266
waiting
going to web site
Hello world	Thread-18284	4

time: 946690891.841833
diff: 22.158167004585266
waiting
going to web site
Hello world	Thread-18376	3

time: 946690914.845833
diff: 11.15416705608368
waiting
going to web site
Hello world	Thread-18439	3

time: 946690929.8463601
diff: 23.153639912605286
waiting
going to web site
Hello world	Thread-18542	7

time: 946690953.832832
diff: 24.167168021202087
waiting
going to web site
Hello world	Thread-18647	4

time: 946690978.841833
diff: 25.158167004585266
waiting
going to web site
Hello world	Thread-18775	4

time: 946691005.841833
diff: 13.158167004585266
waiting
going to web site
Hello world	Thread-18831	2

time: 946691019.832833
diff: 33.16716694831848
waiting
going to web site
Hello world	Thread-18980	3

time: 946691053.841833
diff: 18.158167004585266
waiting
going to web site
Hello world	Thread-19061	4

time: 946691072.841833
diff: 5.158167004585266
waiting
going to web site
Hello world	Thread-19096	3

time: 946691079.841833
diff: 12.158167004585266
waiting
going to web site
Hello world	Thread-19156	3

time: 946691092.8517771
diff: 39.14822292327881
waiting
going to web site
Hello world	Thread-19327	6

time: 946691132.832832
diff: 18.167168021202087
waiting
going to web site
Hello world	Thread-19421	5

time: 946691151.841833
diff: 15.158167004585266
waiting
going to web site
Hello world	Thread-19486	2

time: 946691167.841833
diff: 40.158167004585266
waiting
going to web site
Hello world	Thread-19675	3

time: 946691209.841833
diff: 1.1581670045852661
waiting
going to web site
Hello world	Thread-19684	2

time: 946691211.862833
diff: 15.137166976928711
waiting
going to web site
Hello world	Thread-19760	4

time: 946691227.832832
diff: 26.167168021202087
waiting
going to web site
Hello world	Thread-19889	3

time: 946691254.841833
diff: 24.158167004585266
waiting
going to web site
Hello world	Thread-20002	4

time: 946691279.841833
diff: 18.158167004585266
waiting
going to web site
Hello world	Thread-20088	2

time: 946691298.841833
diff: 11.158167004585266
waiting
going to web site
Hello world	Thread-20164	4

time: 946691313.851665
diff: 19.148334980010986
waiting
going to web site
Hello world	Thread-20257	4

time: 946691333.832832
diff: 35.16716802120209
waiting
going to web site
Hello world	Thread-20445	5

time: 946691372.841833
diff: 6.158167004585266
waiting
going to web site
Hello world	Thread-20479	4

time: 946691379.832833
diff: 15.167166948318481
waiting
going to web site
Hello world	Thread-20562	4

time: 946691395.832832
diff: 14.167168021202087
waiting
going to web site
Hello world	Thread-20631	3

time: 946691410.841833
diff: 24.158167004585266
waiting
going to web site
Hello world	Thread-20750	3

time: 946691435.841833
diff: 23.158167004585266
waiting
going to web site
Hello world	Thread-20874	5

time: 946691460.841833
diff: 22.158167004585266
waiting
going to web site
Hello world	Thread-20982	6

time: 946691483.832833
diff: 37.16716694831848
waiting
going to web site
Hello world	Thread-21172	4

time: 946691524.851833
diff: 11.14816701412201
waiting
going to web site
Hello world	Thread-21233	2

time: 946691537.851833
diff: 25.14816701412201
waiting
going to web site
Hello world	Thread-21349	4

time: 946691563.832833
diff: 16.16716694831848
waiting
going to web site
Hello world	Thread-21428	3

time: 946691580.836832
diff: 34.16316795349121
waiting
going to web site
Hello world	Thread-21585	3

time: 946691615.832832
diff: 15.167168021202087
waiting
going to web site
Hello world	Thread-21656	3

time: 946691631.832833
diff: 20.16716694831848
waiting
going to web site
Hello world	Thread-21747	4

time: 946691652.832832
diff: 25.167168021202087
waiting
going to web site
Hello world	Thread-21862	4

time: 946691678.846684
diff: 25.153316020965576
waiting
going to web site
Hello world	Thread-21976	7

time: 946691704.832833
diff: 14.167166948318481
waiting
going to web site
Hello world	Thread-22043	5

time: 946691719.832832
diff: 23.167168021202087
waiting
going to web site
Hello world	Thread-22148	2

time: 946691743.841833
diff: 17.158167004585266
waiting
going to web site
Hello world	Thread-22241	3

time: 946691764.841833
diff: 17.158167004585266
waiting
going to web site
Hello world	Thread-22328	2

time: 946691785.860833
diff: 22.139166951179504
waiting
going to web site
Hello world	Thread-22430	4

time: 946691808.832832
diff: 26.167168021202087
waiting
going to web site
Hello world	Thread-22552	3

time: 946691836.845833
diff: 10.15416705608368
waiting
going to web site
Hello world	Thread-22596	2

time: 946691847.841833
diff: 35.158167004585266
waiting
going to web site
Hello world	Thread-22762	3

time: 946691883.841833
diff: 13.158167004585266
waiting
going to web site
Hello world	Thread-22828	2

time: 946691897.841833
diff: 20.158167004585266
waiting
going to web site
Hello world	Thread-22919	2

time: 946691918.841833
diff: 17.158167004585266
waiting
going to web site
Hello world	Thread-22999	2

time: 946691936.841833
diff: 16.158167004585266
waiting
going to web site
Hello world	Thread-23083	2

time: 946691953.841833
diff: 27.158167004585266
waiting
going to web site
Hello world	Thread-23207	2

time: 946691981.841833
diff: 6.158167004585266
waiting
going to web site
Hello world	Thread-23243	2

time: 946691988.841833
diff: 22.158167004585266
waiting
going to web site
Hello world	Thread-23350	3

time: 946692011.845833
diff: 14.15416705608368
waiting
going to web site
Hello world	Thread-23422	3

time: 946692026.841833
diff: 20.158167004585266
waiting
going to web site
Hello world	Thread-23565	2

time: 946692054.842833
diff: 13.157166957855225
waiting
going to web site
Hello world	Thread-23626	4

time: 946692068.832832
diff: 26.167168021202087
waiting
going to web site
Hello world	Thread-23755	4

time: 946692095.841833
diff: 31.158167004585266
waiting
going to web site
Hello world	Thread-23909	3

time: 946692127.841833
diff: 18.158167004585266
waiting
going to web site
Hello world	Thread-23997	3

time: 946692146.841833
diff: 30.158167004585266
waiting
going to web site
Hello world	Thread-24133	2

time: 946692177.841833
diff: 20.158167004585266
waiting
going to web site
Hello world	Thread-24228	3

time: 946692198.841833
diff: 31.158167004585266
waiting
going to web site
Hello world	Thread-24381	2

time: 946692230.832833
diff: 22.16716694831848
waiting
going to web site
Hello world	Thread-24480	5

time: 946692253.837832
diff: 13.162168025970459
waiting
going to web site
Hello world	Thread-24548	2

time: 946692267.851545
diff: 22.148455023765564
waiting
going to web site
Hello world	Thread-24648	2

time: 946692290.832833
diff: 27.16716694831848
waiting
going to web site
Hello world	Thread-24775	4

time: 946692318.832832
diff: 29.167168021202087
waiting
going to web site
Hello world	Thread-24904	3

time: 946692348.832833
diff: 13.167166948318481
waiting
going to web site
Hello world	Thread-24963	3

time: 946692362.832832
diff: 27.167168021202087
waiting
going to web site
Hello world	Thread-25083	2

time: 946692391.851833
diff: 22.14816701412201
waiting
going to web site
Hello world	Thread-25181	2

time: 946692414.832833
diff: 17.16716694831848
waiting
going to web site
Hello world	Thread-25259	2

time: 946692432.832832
diff: 19.167168021202087
waiting
going to web site
Hello world	Thread-25337	2

time: 946692452.832833
diff: 27.16716694831848
waiting
going to web site
Hello world	Thread-25460	3

time: 946692480.832832
diff: 29.167168021202087
waiting
going to web site
Hello world	Thread-25589	4

time: 946692511.841833
diff: 23.158167004585266
waiting
going to web site
Hello world	Thread-25689	2

time: 946692535.841833
diff: 27.158167004585266
waiting
going to web site
Hello world	Thread-25807	2

time: 946692563.841833
diff: 24.158167004585266
waiting
going to web site
Hello world	Thread-25916	2

time: 946692588.841833
diff: 5.158167004585266
waiting
going to web site
Hello world	Thread-25942	3

time: 946692594.832833
diff: 16.16716694831848
waiting
going to web site
Hello world	Thread-26009	3

