time: 946686600.0
diff: 0.0
going to web site
Hello world	Thread-21	5

time: 946686607.590656
diff: 112.409343957901
waiting
going to web site
Hello world	Thread-58	6

time: 946686720.582559
diff: 120.41744101047516
waiting
going to web site
Hello world	Thread-316	3

time: 946686848.5956571
diff: 52.40434288978577
waiting
going to web site
Hello world	Thread-362	6

time: 946686904.603656
diff: 116.39634394645691
waiting
going to web site
Hello world	Thread-479	7

time: 946687021.59157
diff: 59.408429980278015
waiting
going to web site
Hello world	Thread-562	4

time: 946687088.60051
diff: 52.399489998817444
waiting
going to web site
Hello world	Thread-753	4

time: 946687264.896656
diff: -3.896656036376953
going to web site
Hello world	Thread-759	4

time: 946687265.477312
diff: 116.5226880311966
waiting
going to web site
Hello world	Thread-907	4

time: 946687389.586657
diff: 112.41334295272827
waiting
going to web site
Hello world	Thread-1066	4

time: 946687533.590656
diff: 88.409343957901
waiting
going to web site
Hello world	Thread-1171	2

time: 946687625.580656
diff: 116.41934394836426
waiting
going to web site
Hello world	Thread-1313	6

time: 946687773.590656
diff: 88.409343957901
waiting
going to web site
Hello world	Thread-1459	2

time: 946687893.635784
diff: 89.36421597003937
waiting
going to web site
Hello world	Thread-1602	2

time: 946687998.644785
diff: 104.35521495342255
waiting
going to web site
Hello world	Thread-1824	5

time: 946688225.05202
diff: -2.052019953727722
going to web site
Hello world	Thread-1830	3

time: 946688225.639676
diff: 117.36032402515411
waiting
going to web site
Hello world	Thread-1975	3

