time: 946686600.0
diff: 67.0
waiting
going to web site
Hello world	Thread-240	5

time: 946686667.526064
diff: 0.47393596172332764
waiting
going to web site
Hello world	Thread-245	3

time: 946686668.536464
diff: -0.5364639759063721
going to web site
Hello world	Thread-248	3

time: 946686669.066528
diff: -1.0665279626846313
going to web site
Hello world	Thread-249	2

time: 946686669.6015921
diff: -1.6015920639038086
going to web site
Hello world	Thread-251	2

time: 946686670.128656
diff: -1.128656029701233
going to web site
Hello world	Thread-254	4

time: 946686670.66172
diff: 7.338279962539673
waiting
going to web site
Hello world	Thread-295	6

time: 946686678.538064
diff: -0.5380640029907227
going to web site
Hello world	Thread-303	4

time: 946686679.072128
diff: -0.0721280574798584
going to web site
Hello world	Thread-309	6

time: 946686679.598192
diff: -0.5981919765472412
going to web site
Hello world	Thread-313	4

time: 946686680.141256
diff: 13.858744025230408
waiting
going to web site
Hello world	Thread-66	3

time: 946686694.534065
diff: 6.465934991836548
waiting
going to web site
Hello world	Thread-75	2

time: 946686701.540065
diff: 19.459934949874878
waiting
going to web site
Hello world	Thread-109	5

time: 946686721.531065
diff: 32.46893501281738
waiting
going to web site
Hello world	Thread-181	4

time: 946686754.5350649
diff: 15.464935064315796
waiting
going to web site
Hello world	Thread-220	3

time: 946686770.526065
diff: 16.47393500804901
waiting
going to web site
Hello world	Thread-266	3

time: 946686787.5350649
diff: 9.464935064315796
waiting
going to web site
Hello world	Thread-290	5

time: 946686797.5350649
diff: 15.464935064315796
waiting
going to web site
Hello world	Thread-340	2

time: 946686813.5380651
diff: 28.46193492412567
waiting
going to web site
Hello world	Thread-432	4

time: 946686842.5350641
diff: 11.464935898780823
waiting
going to web site
Hello world	Thread-473	5

time: 946686854.53482
diff: 23.465180039405823
waiting
going to web site
Hello world	Thread-554	6

time: 946686878.5351449
diff: 26.464855074882507
waiting
going to web site
Hello world	Thread-660	5

time: 946686905.5350649
diff: 18.464935064315796
waiting
going to web site
Hello world	Thread-733	2

time: 946686924.5350649
diff: 20.464935064315796
waiting
going to web site
Hello world	Thread-827	4

time: 946686945.5350649
diff: 33.464935064315796
waiting
going to web site
Hello world	Thread-983	7

time: 946686979.5350649
diff: 17.464935064315796
waiting
going to web site
Hello world	Thread-1068	7

time: 946686997.5300651
diff: 17.469934940338135
waiting
going to web site
Hello world	Thread-1152	7

time: 946687015.541065
diff: 28.458935022354126
waiting
going to web site
Hello world	Thread-1284	6

time: 946687044.5350649
diff: 29.464935064315796
waiting
going to web site
Hello world	Thread-1422	4

time: 946687074.5350649
diff: 23.464935064315796
waiting
going to web site
Hello world	Thread-1527	8

time: 946687098.540113
diff: 21.45988702774048
waiting
going to web site
Hello world	Thread-1621	4

time: 946687120.526065
diff: 11.473935008049011
waiting
going to web site
Hello world	Thread-1672	4

time: 946687132.544065
diff: 32.45593500137329
waiting
going to web site
Hello world	Thread-1812	3

time: 946687165.544065
diff: 22.45593500137329
waiting
going to web site
Hello world	Thread-1900	7

time: 946687188.526065
diff: 20.47393500804901
waiting
going to web site
Hello world	Thread-1992	7

time: 946687209.544165
diff: 30.455834984779358
waiting
going to web site
Hello world	Thread-2117	7

time: 946687240.5350641
diff: 16.464935898780823
waiting
going to web site
Hello world	Thread-2200	5

time: 946687257.5350641
diff: 15.464935898780823
waiting
going to web site
Hello world	Thread-2271	7

time: 946687273.840832
diff: 20.159168004989624
waiting
going to web site
Hello world	Thread-2371	2

time: 946687294.841833
diff: 33.158167004585266
waiting
going to web site
Hello world	Thread-2512	3

time: 946687328.841833
diff: 2.158167004585266
waiting
going to web site
Hello world	Thread-2535	3

time: 946687332.8578329
diff: 23.14216709136963
waiting
going to web site
Hello world	Thread-2642	3

time: 946687356.841833
diff: 28.158167004585266
waiting
going to web site
Hello world	Thread-2768	2

time: 946687385.841833
diff: 23.158167004585266
waiting
going to web site
Hello world	Thread-2870	2

time: 946687409.841833
diff: 28.158167004585266
waiting
going to web site
Hello world	Thread-2996	2

time: 946687438.842833
diff: 29.157166957855225
waiting
going to web site
Hello world	Thread-3132	3

time: 946687468.832832
diff: 10.167168021202087
waiting
going to web site
Hello world	Thread-3176	2

time: 946687479.841833
diff: 29.158167004585266
waiting
going to web site
Hello world	Thread-3302	2

time: 946687509.832833
diff: 13.167166948318481
waiting
going to web site
Hello world	Thread-3371	4

time: 946687523.832832
diff: 34.16716802120209
waiting
going to web site
Hello world	Thread-3524	3

time: 946687558.845833
diff: 29.15416705608368
waiting
going to web site
Hello world	Thread-3652	3

time: 946687588.842041
diff: 15.157958984375
waiting
going to web site
Hello world	Thread-3716	4

time: 946687604.832832
diff: 22.167168021202087
waiting
going to web site
Hello world	Thread-3824	3

time: 946687627.832833
diff: 30.16716694831848
waiting
going to web site
Hello world	Thread-3955	4

time: 946687658.832832
diff: 3.1671680212020874
waiting
going to web site
Hello world	Thread-3975	2

time: 946687662.841833
diff: 24.158167004585266
waiting
going to web site
Hello world	Thread-4085	2

time: 946687687.841833
diff: 24.158167004585266
waiting
going to web site
Hello world	Thread-4190	5

time: 946687712.832833
diff: 17.16716694831848
waiting
going to web site
Hello world	Thread-4279	2

time: 946687730.832832
diff: 17.167168021202087
waiting
going to web site
Hello world	Thread-4355	2

time: 946687748.841833
diff: 23.158167004585266
waiting
going to web site
Hello world	Thread-4468	2

time: 946687773.841833
diff: 18.158167004585266
waiting
going to web site
Hello world	Thread-4552	2

time: 946687792.841833
diff: 26.158167004585266
waiting
going to web site
Hello world	Thread-4669	3

time: 946687819.841833
diff: 24.158167004585266
waiting
going to web site
Hello world	Thread-4785	3

time: 946687844.841833
diff: 9.158167004585266
waiting
going to web site
Hello world	Thread-4831	2

time: 946687854.841833
diff: 34.158167004585266
waiting
going to web site
Hello world	Thread-4988	3

time: 946687889.841833
diff: 25.158167004585266
waiting
going to web site
Hello world	Thread-5109	3

time: 946687915.841833
diff: 25.158167004585266
waiting
going to web site
Hello world	Thread-5229	5

time: 946687941.832833
diff: 12.167166948318481
waiting
going to web site
Hello world	Thread-5299	5

time: 946687954.832832
diff: 25.167168021202087
waiting
going to web site
Hello world	Thread-5419	4

time: 946687980.841833
diff: 2.158167004585266
waiting
going to web site
Hello world	Thread-5433	2

time: 946687983.832833
diff: 25.16716694831848
waiting
going to web site
Hello world	Thread-5549	3

time: 946688009.851832
diff: 32.148167967796326
waiting
going to web site
Hello world	Thread-5698	4

time: 946688042.8338319
diff: 8.166168093681335
waiting
going to web site
Hello world	Thread-5744	4

time: 946688052.842833
diff: 35.157166957855225
waiting
going to web site
Hello world	Thread-5905	6

time: 946688088.832832
diff: 12.167168021202087
waiting
going to web site
Hello world	Thread-5955	3

time: 946688101.832833
diff: 22.16716694831848
waiting
going to web site
Hello world	Thread-6060	3

time: 946688124.8418319
diff: 38.15816807746887
waiting
going to web site
Hello world	Thread-6221	3

time: 946688163.841833
diff: 18.158167004585266
waiting
going to web site
Hello world	Thread-6304	4

time: 946688182.832833
diff: 27.16716694831848
waiting
going to web site
Hello world	Thread-6427	2

time: 946688210.832832
diff: 27.167168021202087
waiting
going to web site
Hello world	Thread-6551	4

time: 946688238.8422699
diff: 17.157730102539062
waiting
going to web site
Hello world	Thread-6629	4

time: 946688256.845833
diff: 33.15416705608368
waiting
going to web site
Hello world	Thread-6787	2

time: 946688291.842833
diff: 9.157166957855225
waiting
going to web site
Hello world	Thread-6825	4

time: 946688301.841833
diff: 21.158167004585266
waiting
going to web site
Hello world	Thread-6930	4

time: 946688323.832833
diff: 17.16716694831848
waiting
going to web site
Hello world	Thread-6999	3

time: 946688341.832832
diff: 13.167168021202087
waiting
going to web site
Hello world	Thread-7066	2

time: 946688355.841833
diff: 26.158167004585266
waiting
going to web site
Hello world	Thread-7189	3

time: 946688382.842833
diff: 9.157166957855225
waiting
going to web site
Hello world	Thread-7231	4

time: 946688392.832832
diff: 34.16716802120209
waiting
going to web site
Hello world	Thread-7391	3

time: 946688427.832833
diff: 5.1671669483184814
waiting
going to web site
Hello world	Thread-7414	4

time: 946688433.836832
diff: 20.16316795349121
waiting
going to web site
Hello world	Thread-7504	4

time: 946688454.832832
diff: 27.167168021202087
waiting
going to web site
Hello world	Thread-7634	2

time: 946688482.841833
diff: 21.158167004585266
waiting
going to web site
Hello world	Thread-7725	7

time: 946688504.5456849
diff: 41.454315066337585
waiting
going to web site
Hello world	Thread-7908	3

time: 946688546.526065
diff: 15.473935008049011
waiting
going to web site
Hello world	Thread-7986	4

time: 946688562.544065
diff: 26.45593500137329
waiting
going to web site
Hello world	Thread-8099	5

time: 946688589.5350649
diff: 27.464935064315796
waiting
going to web site
Hello world	Thread-8224	5

time: 946688617.5350649
diff: 30.464935064315796
waiting
going to web site
Hello world	Thread-8353	4

time: 946688648.5350649
diff: 29.464935064315796
waiting
going to web site
Hello world	Thread-8476	6

time: 946688678.539065
diff: 14.46093499660492
waiting
going to web site
Hello world	Thread-8547	4

time: 946688693.526064
diff: 28.473935961723328
waiting
going to web site
Hello world	Thread-8661	5

time: 946688722.526064
diff: 18.473935961723328
waiting
going to web site
Hello world	Thread-8734	6

time: 946688741.5350641
diff: 22.464935898780823
waiting
going to web site
Hello world	Thread-8822	3

time: 946688764.526064
diff: 30.473935961723328
waiting
going to web site
Hello world	Thread-8940	7

time: 946688795.5350641
diff: 14.464935898780823
waiting
going to web site
Hello world	Thread-9009	5

time: 946688810.526064
diff: 34.47393596172333
waiting
going to web site
Hello world	Thread-9152	7

time: 946688845.5350641
diff: 12.464935898780823
waiting
going to web site
Hello world	Thread-9209	5

time: 946688858.526064
diff: 23.473935961723328
waiting
going to web site
Hello world	Thread-9307	3

time: 946688882.5350641
diff: 9.464935898780823
waiting
going to web site
Hello world	Thread-9358	4

time: 946688892.5350641
diff: 27.464935898780823
waiting
going to web site
Hello world	Thread-9477	7

time: 946688920.526064
diff: 34.47393596172333
waiting
going to web site
Hello world	Thread-9628	7

time: 946688955.5355389
diff: 4.464461088180542
waiting
going to web site
Hello world	Thread-9647	6

time: 946688960.5418969
diff: 35.45810306072235
waiting
going to web site
Hello world	Thread-9818	7

time: 946688996.540065
diff: 17.459934949874878
waiting
going to web site
Hello world	Thread-9903	7

time: 946689014.5364089
diff: 15.4635910987854
waiting
going to web site
Hello world	Thread-9977	7

time: 946689030.5350649
diff: 16.464935064315796
waiting
going to web site
Hello world	Thread-10050	3

time: 946689047.544065
diff: 8.455935001373291
waiting
going to web site
Hello world	Thread-10091	5

time: 946689056.539065
diff: 22.46093499660492
waiting
going to web site
Hello world	Thread-10205	4

time: 946689079.5350649
diff: 33.464935064315796
waiting
going to web site
Hello world	Thread-10360	3

time: 946689113.841833
diff: 25.158167004585266
waiting
going to web site
Hello world	Thread-10491	4

time: 946689140.856833
diff: 19.14316701889038
waiting
going to web site
Hello world	Thread-10617	3

time: 946689167.841833
diff: 14.158167004585266
waiting
going to web site
Hello world	Thread-10690	3

time: 946689182.845833
diff: 24.15416705608368
waiting
going to web site
Hello world	Thread-10811	4

time: 946689207.832833
diff: 13.167166948318481
waiting
going to web site
Hello world	Thread-10879	2

time: 946689221.836832
diff: 21.16316795349121
waiting
going to web site
Hello world	Thread-10977	3

time: 946689243.832832
diff: 17.167168021202087
waiting
going to web site
Hello world	Thread-11072	2

time: 946689261.832833
diff: 17.16716694831848
waiting
going to web site
Hello world	Thread-11152	3

time: 946689279.8378329
diff: 15.162167072296143
waiting
going to web site
Hello world	Thread-11232	3

time: 946689295.841833
diff: 23.158167004585266
waiting
going to web site
Hello world	Thread-11345	3

time: 946689319.841833
diff: 32.158167004585266
waiting
going to web site
Hello world	Thread-11497	4

time: 946689352.841833
diff: 22.158167004585266
waiting
going to web site
Hello world	Thread-11611	2

time: 946689375.8608171
diff: 14.139182925224304
waiting
going to web site
Hello world	Thread-11678	4

time: 946689390.832832
diff: 9.167168021202087
waiting
going to web site
Hello world	Thread-11724	3

time: 946689400.841833
diff: 15.158167004585266
waiting
going to web site
Hello world	Thread-11789	5

time: 946689416.841833
diff: 31.158167004585266
waiting
going to web site
Hello world	Thread-11969	2

time: 946689455.8558329
diff: 18.144167065620422
waiting
going to web site
Hello world	Thread-12064	4

time: 946689475.841833
diff: 33.158167004585266
waiting
going to web site
Hello world	Thread-12214	3

time: 946689509.841833
diff: 25.158167004585266
waiting
going to web site
Hello world	Thread-12339	2

time: 946689536.85104
diff: 15.148959994316101
waiting
going to web site
Hello world	Thread-12419	3

time: 946689553.8338319
diff: 29.166168093681335
waiting
going to web site
Hello world	Thread-12560	3

time: 946689584.851833
diff: 8.14816701412201
waiting
going to web site
Hello world	Thread-12599	4

time: 946689593.841833
diff: 16.158167004585266
waiting
going to web site
Hello world	Thread-12673	3

time: 946689610.859833
diff: 16.140166997909546
waiting
going to web site
Hello world	Thread-12749	3

time: 946689627.836832
diff: 32.16316795349121
waiting
going to web site
Hello world	Thread-12901	5

time: 946689660.832832
diff: 14.167168021202087
waiting
going to web site
Hello world	Thread-12978	2

time: 946689675.859833
diff: 20.140166997909546
waiting
going to web site
Hello world	Thread-13076	3

time: 946689696.851481
diff: 15.148519039154053
waiting
going to web site
Hello world	Thread-13145	4

time: 946689712.851588
diff: 24.148411989212036
waiting
going to web site
Hello world	Thread-13254	3

time: 946689737.832832
diff: 15.167168021202087
waiting
going to web site
Hello world	Thread-13334	4

time: 946689753.841833
diff: 29.158167004585266
waiting
going to web site
Hello world	Thread-13467	4

time: 946689783.841833
diff: 21.158167004585266
waiting
going to web site
Hello world	Thread-13566	2

time: 946689805.841833
diff: 12.158167004585266
waiting
going to web site
Hello world	Thread-13632	5

time: 946689818.832833
diff: 27.16716694831848
waiting
going to web site
Hello world	Thread-13757	7

time: 946689846.832832
diff: 27.167168021202087
waiting
going to web site
Hello world	Thread-13889	3

time: 946689874.841833
diff: 15.158167004585266
waiting
going to web site
Hello world	Thread-13971	2

time: 946689891.842833
diff: 22.157166957855225
waiting
going to web site
Hello world	Thread-14064	4

time: 946689914.832832
diff: 33.16716802120209
waiting
going to web site
Hello world	Thread-14222	4

time: 946689948.835833
diff: 29.164167046546936
waiting
going to web site
Hello world	Thread-14339	3

time: 946689978.832833
diff: 15.167166948318481
waiting
going to web site
Hello world	Thread-14416	5

time: 946689994.832832
diff: 21.167168021202087
waiting
going to web site
Hello world	Thread-14512	3

time: 946690016.832833
diff: 23.16716694831848
waiting
going to web site
Hello world	Thread-14615	5

time: 946690040.832832
diff: 20.167168021202087
waiting
going to web site
Hello world	Thread-14706	2

time: 946690061.832833
diff: 15.167166948318481
waiting
going to web site
Hello world	Thread-14764	3

time: 946690077.832832
diff: 26.167168021202087
waiting
going to web site
Hello world	Thread-14888	2

time: 946690104.841833
diff: 27.158167004585266
waiting
going to web site
Hello world	Thread-15009	2

time: 946690132.843833
diff: 24.156167030334473
waiting
going to web site
Hello world	Thread-15114	2

time: 946690157.841833
diff: 18.158167004585266
waiting
going to web site
Hello world	Thread-15195	6

time: 946690176.841833
diff: 22.158167004585266
waiting
going to web site
Hello world	Thread-15288	2

time: 946690199.841833
diff: 32.158167004585266
waiting
going to web site
Hello world	Thread-15436	2

time: 946690232.841833
diff: 18.158167004585266
waiting
going to web site
Hello world	Thread-15520	2

time: 946690252.842833
diff: 22.157166957855225
waiting
going to web site
Hello world	Thread-15626	2

time: 946690275.832832
diff: 10.167168021202087
waiting
going to web site
Hello world	Thread-15670	2

time: 946690286.841833
diff: 30.158167004585266
waiting
going to web site
Hello world	Thread-15811	3

time: 946690317.841833
diff: 16.158167004585266
waiting
going to web site
Hello world	Thread-15875	2

time: 946690334.841833
diff: 27.158167004585266
waiting
going to web site
Hello world	Thread-15994	3

time: 946690362.841833
diff: 30.158167004585266
waiting
going to web site
Hello world	Thread-16133	2

time: 946690393.841833
diff: 10.158167004585266
waiting
going to web site
Hello world	Thread-16187	2

time: 946690405.8588331
diff: 28.141166925430298
waiting
going to web site
Hello world	Thread-16309	3

time: 946690434.832832
diff: 26.167168021202087
waiting
going to web site
Hello world	Thread-16429	2

time: 946690461.841833
diff: 19.158167004585266
waiting
going to web site
Hello world	Thread-16516	2

time: 946690481.841833
diff: 17.158167004585266
waiting
going to web site
Hello world	Thread-16597	5

time: 946690499.832833
diff: 22.16716694831848
waiting
going to web site
Hello world	Thread-16697	3

time: 946690523.843832
diff: 15.156167984008789
waiting
going to web site
Hello world	Thread-16772	2

time: 946690539.838833
diff: 22.1611670255661
waiting
going to web site
Hello world	Thread-16868	3

time: 946690562.833833
diff: 27.16616702079773
waiting
going to web site
Hello world	Thread-16990	3

time: 946690590.832833
diff: 22.16716694831848
waiting
going to web site
Hello world	Thread-17085	5

time: 946690613.832832
diff: 30.167168021202087
waiting
going to web site
Hello world	Thread-17220	2

time: 946690644.8555449
diff: 19.144455075263977
waiting
going to web site
Hello world	Thread-17305	3

time: 946690664.841833
diff: 30.158167004585266
waiting
going to web site
Hello world	Thread-17440	2

time: 946690695.841833
diff: 11.158167004585266
waiting
going to web site
Hello world	Thread-17490	2

time: 946690707.841833
diff: 15.158167004585266
waiting
going to web site
Hello world	Thread-17560	2

time: 946690723.8424569
diff: 28.157543063163757
waiting
going to web site
Hello world	Thread-17684	2

time: 946690752.841833
diff: 22.158167004585266
waiting
going to web site
Hello world	Thread-17794	2

time: 946690775.851833
diff: 24.14816701412201
waiting
going to web site
Hello world	Thread-17896	3

time: 946690800.832833
diff: 24.16716694831848
waiting
going to web site
Hello world	Thread-18001	5

time: 946690825.836832
diff: 26.16316795349121
waiting
going to web site
Hello world	Thread-18110	3

time: 946690852.836832
diff: 16.16316795349121
waiting
going to web site
Hello world	Thread-18188	3

time: 946690869.832832
diff: 34.16716802120209
waiting
going to web site
Hello world	Thread-18332	5

time: 946690904.832833
diff: 16.16716694831848
waiting
going to web site
Hello world	Thread-18400	6

time: 946690921.832832
diff: 15.167168021202087
waiting
going to web site
Hello world	Thread-18473	2

time: 946690937.845833
diff: 33.15416705608368
waiting
going to web site
Hello world	Thread-18618	4

time: 946690971.841833
diff: 21.158167004585266
waiting
going to web site
Hello world	Thread-18718	5

time: 946690993.832833
diff: 18.16716694831848
waiting
going to web site
Hello world	Thread-18801	4

time: 946691012.832832
diff: 28.167168021202087
waiting
going to web site
Hello world	Thread-18930	2

time: 946691042.841833
diff: 14.158167004585266
waiting
going to web site
Hello world	Thread-19003	3

time: 946691057.841833
diff: 19.158167004585266
waiting
going to web site
Hello world	Thread-19085	2

time: 946691077.841833
diff: 19.158167004585266
waiting
going to web site
Hello world	Thread-19174	2

time: 946691097.850833
diff: 16.14916694164276
waiting
going to web site
Hello world	Thread-19252	2

time: 946691114.832832
diff: 24.167168021202087
waiting
going to web site
Hello world	Thread-19365	3

time: 946691139.841833
diff: 19.158167004585266
waiting
going to web site
Hello world	Thread-19458	3

time: 946691159.841833
diff: 32.158167004585266
waiting
going to web site
Hello world	Thread-19599	3

time: 946691192.845833
diff: 24.15416705608368
waiting
going to web site
Hello world	Thread-19715	2

time: 946691217.841833
diff: 11.158167004585266
waiting
going to web site
Hello world	Thread-19771	5

time: 946691229.832833
diff: 31.16716694831848
waiting
going to web site
Hello world	Thread-19920	3

time: 946691261.832832
diff: 6.167168021202087
waiting
going to web site
Hello world	Thread-19954	2

time: 946691268.841833
diff: 23.158167004585266
waiting
going to web site
Hello world	Thread-20066	2

time: 946691292.841833
diff: 19.158167004585266
waiting
going to web site
Hello world	Thread-20163	2

time: 946691313.851665
diff: 10.148334980010986
waiting
going to web site
Hello world	Thread-20212	3

time: 946691324.838832
diff: 26.161167979240417
waiting
going to web site
Hello world	Thread-20338	2

time: 946691351.832832
diff: 16.167168021202087
waiting
going to web site
Hello world	Thread-20424	2

time: 946691369.841833
diff: 27.158167004585266
waiting
going to web site
Hello world	Thread-20581	3

time: 946691398.841833
diff: 17.158167004585266
waiting
going to web site
Hello world	Thread-20663	5

time: 946691416.832833
diff: 16.16716694831848
waiting
going to web site
Hello world	Thread-20742	3

time: 946691433.832832
diff: 25.167168021202087
waiting
going to web site
Hello world	Thread-20875	4

time: 946691460.841833
diff: 16.158167004585266
waiting
going to web site
Hello world	Thread-20949	4

time: 946691477.841833
diff: 14.158167004585266
waiting
going to web site
Hello world	Thread-21032	2

time: 946691495.851665
diff: 24.148334980010986
waiting
going to web site
Hello world	Thread-21146	5

time: 946691520.832832
diff: 17.167168021202087
waiting
going to web site
Hello world	Thread-21239	2

time: 946691538.8424569
diff: 25.157543063163757
waiting
going to web site
Hello world	Thread-21353	2

time: 946691564.841833
diff: 32.158167004585266
waiting
going to web site
Hello world	Thread-21507	5

time: 946691597.544065
diff: 15.455935001373291
waiting
going to web site
Hello world	Thread-21576	6

time: 946691613.544065
diff: 34.45593500137329
waiting
going to web site
Hello world	Thread-21730	5

time: 946691648.544561
diff: 24.45543897151947
waiting
going to web site
Hello world	Thread-21833	7

time: 946691673.5350641
diff: 16.464935898780823
waiting
going to web site
Hello world	Thread-21912	5

time: 946691690.5350641
diff: 15.464935898780823
waiting
going to web site
Hello world	Thread-21985	5

time: 946691706.5350641
diff: 22.464935898780823
waiting
going to web site
Hello world	Thread-22092	6

time: 946691729.530064
diff: 22.46993601322174
waiting
going to web site
Hello world	Thread-22188	6

time: 946691752.543065
diff: 29.456935048103333
waiting
going to web site
Hello world	Thread-22306	7

time: 946691782.5350649
diff: 7.464935064315796
waiting
going to web site
Hello world	Thread-22349	6

time: 946691790.5359759
diff: 33.46402406692505
waiting
going to web site
Hello world	Thread-22499	6

time: 946691824.5350649
diff: 16.464935064315796
waiting
going to web site
Hello world	Thread-22570	6

time: 946691841.536065
diff: 27.463935017585754
waiting
going to web site
Hello world	Thread-22691	6

time: 946691869.5350649
diff: 15.464935064315796
waiting
going to web site
Hello world	Thread-22770	4

time: 946691885.526065
diff: 28.47393500804901
waiting
going to web site
Hello world	Thread-22896	7

time: 946691914.540065
diff: 20.459934949874878
waiting
going to web site
Hello world	Thread-22989	7

time: 946691935.5350641
diff: 13.464935898780823
waiting
going to web site
Hello world	Thread-23056	7

time: 946691949.5350641
diff: 28.464935898780823
waiting
going to web site
Hello world	Thread-23193	3

time: 946691978.526064
diff: 10.473935961723328
waiting
going to web site
Hello world	Thread-23245	7

time: 946691989.532064
diff: 26.467936038970947
waiting
going to web site
Hello world	Thread-23373	4

time: 946692016.526065
diff: 12.473935008049011
waiting
going to web site
Hello world	Thread-23436	5

time: 946692029.526065
diff: 18.47393500804901
waiting
going to web site
Hello world	Thread-23529	5

time: 946692048.543065
diff: 14.456935048103333
waiting
going to web site
Hello world	Thread-23603	4

time: 946692063.5350649
diff: 24.464935064315796
waiting
going to web site
Hello world	Thread-23720	6

time: 946692088.526065
diff: 12.473935008049011
waiting
going to web site
Hello world	Thread-23779	5

time: 946692101.526065
diff: 21.47393500804901
waiting
going to web site
Hello world	Thread-23888	5

time: 946692123.544065
diff: 34.45593500137329
waiting
going to web site
Hello world	Thread-24047	5

time: 946692158.544065
diff: 25.45593500137329
waiting
going to web site
Hello world	Thread-24165	5

time: 946692184.5350649
diff: 23.464935064315796
waiting
going to web site
Hello world	Thread-24274	6

time: 946692208.544065
diff: 22.45593500137329
waiting
going to web site
Hello world	Thread-24382	4

time: 946692231.526065
diff: 23.47393500804901
waiting
going to web site
Hello world	Thread-24489	5

time: 946692255.544065
diff: 20.45593500137329
waiting
going to web site
Hello world	Thread-24588	2

time: 946692276.5350649
diff: 19.464935064315796
waiting
going to web site
Hello world	Thread-24673	5

time: 946692296.5350649
diff: 22.464935064315796
waiting
going to web site
Hello world	Thread-24778	7

time: 946692319.544129
diff: 26.455870985984802
waiting
going to web site
Hello world	Thread-24893	3

time: 946692346.5350641
diff: 31.464935898780823
waiting
going to web site
Hello world	Thread-25034	5

time: 946692378.5290639
diff: 25.470936059951782
waiting
going to web site
Hello world	Thread-25139	7

time: 946692404.543352
diff: 19.456647992134094
waiting
going to web site
Hello world	Thread-25220	6

time: 946692424.5350641
diff: 20.464935898780823
waiting
going to web site
Hello world	Thread-25311	6

time: 946692445.5290639
diff: 21.470936059951782
waiting
going to web site
Hello world	Thread-25400	4

time: 946692467.526065
diff: 22.47393500804901
waiting
going to web site
Hello world	Thread-25501	3

time: 946692490.526065
diff: 19.47393500804901
waiting
going to web site
Hello world	Thread-25582	6

time: 946692510.544065
diff: 30.45593500137329
waiting
going to web site
Hello world	Thread-25710	7

time: 946692541.526065
diff: 17.47393500804901
waiting
going to web site
Hello world	Thread-25788	6

time: 946692559.5350649
diff: 23.464935064315796
waiting
going to web site
Hello world	Thread-25893	6

time: 946692583.544065
diff: 25.45593500137329
waiting
going to web site
Hello world	Thread-26000	3

time: 946692609.526065
diff: 28.47393500804901
waiting
going to web site
Hello world	Thread-26124	4

time: 946692638.544065
diff: 10.455935001373291
waiting
going to web site
Hello world	Thread-26168	4

time: 946692649.526065
diff: 17.47393500804901
waiting
going to web site
Hello world	Thread-26225	6

