time: 946686600.0
diff: 4.0
waiting
going to web site
Hello world	Thread-1	2

time: 946686604.832832
diff: 26.167168021202087
waiting
going to web site
Hello world	Thread-10	2

time: 946686631.832833
diff: 5.1671669483184814
waiting
going to web site
Hello world	Thread-128	3

time: 946686637.832832
diff: -0.8328319787979126
going to web site
Hello world	Thread-132	2

time: 946686638.665664
diff: -1.6656639575958252
going to web site
Hello world	Thread-136	2

time: 946686639.498496
diff: -2.4984960556030273
going to web site
Hello world	Thread-140	3

time: 946686640.332328
diff: -3.332327961921692
going to web site
Hello world	Thread-144	3

time: 946686641.16516
diff: -4.1651599407196045
going to web site
Hello world	Thread-148	3

time: 946686641.9979919
diff: -3.997991919517517
going to web site
Hello world	Thread-152	3

time: 946686642.831824
diff: -4.831823945045471
going to web site
Hello world	Thread-154	3

time: 946686643.664656
diff: -5.664656043052673
going to web site
Hello world	Thread-156	3

time: 946686644.497488
diff: -5.497488021850586
going to web site
Hello world	Thread-159	3

time: 946686645.33032
diff: -5.3303200006484985
going to web site
Hello world	Thread-162	3

time: 946686646.163152
diff: -2.163151979446411
going to web site
Hello world	Thread-166	2

time: 946686647.004984
diff: -3.0049840211868286
going to web site
Hello world	Thread-169	2

time: 946686647.842816
diff: -3.8428159952163696
going to web site
Hello world	Thread-172	2

time: 946686648.675648
diff: -3.6756479740142822
going to web site
Hello world	Thread-175	3

time: 946686649.5254799
diff: 0.47452008724212646
waiting
going to web site
Hello world	Thread-179	3

time: 946686650.836833
diff: -0.8368330001831055
going to web site
Hello world	Thread-182	4

time: 946686651.669665
diff: -1.669664978981018
going to web site
Hello world	Thread-186	4

time: 946686652.5024971
diff: -1.5024970769882202
going to web site
Hello world	Thread-191	4

time: 946686653.3437799
diff: -1.3437799215316772
going to web site
Hello world	Thread-195	3

time: 946686654.1983911
diff: -2.198391079902649
going to web site
Hello world	Thread-25	2

time: 946686655.032223
diff: 13.967777013778687
waiting
going to web site
Hello world	Thread-38	2

time: 946686669.8558329
diff: 5.144167065620422
waiting
going to web site
Hello world	Thread-272	3

time: 946686675.842073
diff: -0.8420729637145996
going to web site
Hello world	Thread-279	3

time: 946686676.681905
diff: 0.31809496879577637
waiting
going to web site
Hello world	Thread-288	3

time: 946686677.832832
diff: 0.1671680212020874
waiting
going to web site
Hello world	Thread-297	5

time: 946686678.846833
diff: 1.1531670093536377
waiting
going to web site
Hello world	Thread-320	3

time: 946686680.8478329
diff: 3.1521670818328857
waiting
going to web site
Hello world	Thread-354	2

time: 946686684.8524071
diff: 1.1475929021835327
waiting
going to web site
Hello world	Thread-368	2

time: 946686686.8478321
diff: 0.1521679162979126
waiting
going to web site
Hello world	Thread-379	6

time: 946686687.837832
diff: 9.162168025970459
waiting
going to web site
Hello world	Thread-72	2

time: 946686697.847255
diff: 5.152745008468628
waiting
going to web site
Hello world	Thread-543	3

time: 946686703.860833
diff: -0.8608330488204956
going to web site
Hello world	Thread-81	2

time: 946686704.703665
diff: -1.703665018081665
going to web site
Hello world	Thread-550	8

time: 946686705.544497
diff: 15.455502986907959
waiting
going to web site
Hello world	Thread-111	3

time: 946686721.835833
diff: 17.164167046546936
waiting
going to web site
Hello world	Thread-149	2

time: 946686739.847013
diff: 25.152987003326416
waiting
going to web site
Hello world	Thread-203	2

time: 946686765.841833
diff: 7.158167004585266
waiting
going to web site
Hello world	Thread-937	4

time: 946686773.849833
diff: 0.15016698837280273
waiting
going to web site
Hello world	Thread-941	3

time: 946686774.8338319
diff: 1.1661680936813354
waiting
going to web site
Hello world	Thread-951	2

time: 946686776.8554809
diff: -0.8554809093475342
going to web site
Hello world	Thread-955	3

time: 946686777.691313
diff: 0.3086869716644287
waiting
going to web site
Hello world	Thread-964	3

time: 946686778.843832
diff: -0.8438320159912109
going to web site
Hello world	Thread-969	5

time: 946686779.6945629
diff: -0.6945629119873047
going to web site
Hello world	Thread-249	3

time: 946686780.545555
diff: 4.454445004463196
waiting
going to web site
Hello world	Thread-1002	2

time: 946686785.841913
diff: -0.8419129848480225
going to web site
Hello world	Thread-1004	4

time: 946686786.684745
diff: 4.315255045890808
waiting
going to web site
Hello world	Thread-1022	2

time: 946686791.841833
diff: 0.1581670045852661
waiting
going to web site
Hello world	Thread-278	2

time: 946686792.841833
diff: 2.158167004585266
waiting
going to web site
Hello world	Thread-1034	3

time: 946686795.851833
diff: 0.14816701412200928
waiting
going to web site
Hello world	Thread-1038	2

time: 946686796.851691
diff: 0.14830899238586426
waiting
going to web site
Hello world	Thread-1041	4

time: 946686797.832832
diff: -0.8328319787979126
going to web site
Hello world	Thread-1044	3

time: 946686798.665664
diff: 1.3343360424041748
waiting
going to web site
Hello world	Thread-1049	3

time: 946686800.841833
diff: -0.8418329954147339
going to web site
Hello world	Thread-1051	3

time: 946686801.684665
diff: -0.6846649646759033
going to web site
Hello world	Thread-1054	5

time: 946686802.532518
diff: -0.5325180292129517
going to web site
Hello world	Thread-1058	3

time: 946686803.36535
diff: -0.36535000801086426
going to web site
Hello world	Thread-1063	3

time: 946686804.198182
diff: -0.19818198680877686
going to web site
Hello world	Thread-1070	3

time: 946686805.039014
diff: -0.03901398181915283
going to web site
Hello world	Thread-1078	3

time: 946686805.890134
diff: 1.1098660230636597
waiting
going to web site
Hello world	Thread-1092	3

time: 946686807.841833
diff: -0.8418329954147339
going to web site
Hello world	Thread-1099	6

time: 946686808.693637
diff: -1.6936370134353638
going to web site
Hello world	Thread-1107	6

time: 946686809.552469
diff: -1.55246901512146
going to web site
Hello world	Thread-1116	5

time: 946686810.385301
diff: 7.614699006080627
waiting
going to web site
Hello world	Thread-352	2

time: 946686818.8410809
diff: 21.158919095993042
waiting
going to web site
Hello world	Thread-1287	4

time: 946686840.836833
diff: 0.16316699981689453
waiting
going to web site
Hello world	Thread-1292	3

time: 946686841.832832
diff: 0.1671680212020874
waiting
going to web site
Hello world	Thread-1296	3

time: 946686842.841833
diff: 0.1581670045852661
waiting
going to web site
Hello world	Thread-1303	2

time: 946686843.841833
diff: 4.158167004585266
waiting
going to web site
Hello world	Thread-1320	2

time: 946686848.841833
diff: 4.158167004585266
waiting
going to web site
Hello world	Thread-471	3

time: 946686853.841833
diff: 25.158167004585266
waiting
going to web site
Hello world	Thread-562	3

time: 946686879.84904
diff: 18.150959968566895
waiting
going to web site
Hello world	Thread-635	6

time: 946686898.834832
diff: 30.165168046951294
waiting
going to web site
Hello world	Thread-787	2

time: 946686936.860896
diff: 1.1391040086746216
waiting
going to web site
Hello world	Thread-794	4

time: 946686938.842833
diff: 24.157166957855225
waiting
going to web site
Hello world	Thread-907	3

time: 946686963.834832
diff: 37.165168046951294
waiting
going to web site
Hello world	Thread-1089	6

time: 946687001.832833
diff: 26.16716694831848
waiting
going to web site
Hello world	Thread-1211	4

time: 946687028.836832
diff: 13.163167953491211
waiting
going to web site
Hello world	Thread-1277	3

time: 946687042.8398329
diff: 14.16016709804535
waiting
going to web site
Hello world	Thread-1342	2

time: 946687057.8612291
diff: 37.13877093791962
waiting
going to web site
Hello world	Thread-1511	5

time: 946687095.832832
diff: 16.167168021202087
waiting
going to web site
Hello world	Thread-1587	4

time: 946687112.832833
diff: 18.16716694831848
waiting
going to web site
Hello world	Thread-1668	4

time: 946687131.832832
diff: 28.167168021202087
waiting
going to web site
Hello world	Thread-1801	3

time: 946687161.8515481
diff: 23.148451924324036
waiting
going to web site
Hello world	Thread-1886	4

time: 946687185.8398321
diff: 13.160167932510376
waiting
going to web site
Hello world	Thread-1952	5

time: 946687199.832832
diff: 17.167168021202087
waiting
going to web site
Hello world	Thread-2035	3

time: 946687218.845833
diff: 18.15416705608368
waiting
going to web site
Hello world	Thread-2110	2

time: 946687237.841833
diff: 21.158167004585266
waiting
going to web site
Hello world	Thread-2212	3

time: 946687259.841833
diff: 28.158167004585266
waiting
going to web site
Hello world	Thread-2347	2

time: 946687288.832833
diff: 16.16716694831848
waiting
going to web site
Hello world	Thread-2418	5

time: 946687305.850833
diff: 33.14916694164276
waiting
going to web site
Hello world	Thread-2566	3

time: 946687339.832832
diff: 10.167168021202087
waiting
going to web site
Hello world	Thread-2606	3

time: 946687350.832833
diff: 39.16716694831848
waiting
going to web site
Hello world	Thread-2790	5

time: 946687390.832832
diff: 9.167168021202087
waiting
going to web site
Hello world	Thread-2833	4

time: 946687400.841833
diff: 30.158167004585266
waiting
going to web site
Hello world	Thread-2967	4

time: 946687431.854545
diff: 15.145455002784729
waiting
going to web site
Hello world	Thread-3032	5

time: 946687447.841833
diff: 33.158167004585266
waiting
going to web site
Hello world	Thread-3186	5

time: 946687481.841833
diff: 14.158167004585266
waiting
going to web site
Hello world	Thread-3250	3

time: 946687496.832833
diff: 29.16716694831848
waiting
going to web site
Hello world	Thread-3384	4

time: 946687526.832832
diff: 25.167168021202087
waiting
going to web site
Hello world	Thread-2137	2

time: 946687552.841833
diff: 6.158167004585266
waiting
going to web site
Hello world	Thread-3529	3

time: 946687559.841833
diff: 15.158167004585266
waiting
going to web site
Hello world	Thread-3600	3

time: 946687575.832833
diff: 14.167166948318481
waiting
going to web site
Hello world	Thread-3658	6

time: 946687590.8398321
diff: 18.160167932510376
waiting
going to web site
Hello world	Thread-3741	4

time: 946687609.832832
diff: 30.167168021202087
waiting
going to web site
Hello world	Thread-3878	3

time: 946687640.832833
diff: 16.16716694831848
waiting
going to web site
Hello world	Thread-3949	4

time: 946687657.836832
diff: 11.163167953491211
waiting
going to web site
Hello world	Thread-4002	3

time: 946687669.836832
diff: 18.16316795349121
waiting
going to web site
Hello world	Thread-4089	5

time: 946687688.832832
diff: 21.167168021202087
waiting
going to web site
Hello world	Thread-4185	5

time: 946687711.841833
diff: 30.158167004585266
waiting
going to web site
Hello world	Thread-4327	4

time: 946687742.845833
diff: 26.15416705608368
waiting
going to web site
Hello world	Thread-4444	2

time: 946687769.841833
diff: 12.158167004585266
waiting
going to web site
Hello world	Thread-4511	4

time: 946687782.841833
diff: 27.158167004585266
waiting
going to web site
Hello world	Thread-4635	5

time: 946687810.841833
diff: 34.158167004585266
waiting
going to web site
Hello world	Thread-4789	5

time: 946687845.832833
diff: 19.16716694831848
waiting
going to web site
Hello world	Thread-4876	5

time: 946687865.832832
diff: 12.167168021202087
waiting
going to web site
Hello world	Thread-4939	6

time: 946687878.832833
diff: 20.16716694831848
waiting
going to web site
Hello world	Thread-5037	3

time: 946687899.836832
diff: 9.163167953491211
waiting
going to web site
Hello world	Thread-5092	4

time: 946687912.843625
diff: 11.156375050544739
waiting
going to web site
Hello world	Thread-5158	2

time: 946687925.84448
diff: 27.15551996231079
waiting
going to web site
Hello world	Thread-5292	5

time: 946687953.832832
diff: 20.167168021202087
waiting
going to web site
Hello world	Thread-5390	4

time: 946687974.841833
diff: 29.158167004585266
waiting
going to web site
Hello world	Thread-5521	4

time: 946688004.841833
diff: 27.158167004585266
waiting
going to web site
Hello world	Thread-5661	3

time: 946688033.841833
diff: 15.158167004585266
waiting
going to web site
Hello world	Thread-5725	3

time: 946688049.84848
diff: 32.151520013809204
waiting
going to web site
Hello world	Thread-5885	2

time: 946688083.841921
diff: 14.158079028129578
waiting
going to web site
Hello world	Thread-5942	2

time: 946688098.841833
diff: 35.158167004585266
waiting
going to web site
Hello world	Thread-6101	5

time: 946688134.841833
diff: 28.158167004585266
waiting
going to web site
Hello world	Thread-6219	5

time: 946688163.841833
diff: 10.158167004585266
waiting
going to web site
Hello world	Thread-6267	3

time: 946688174.841833
diff: 34.158167004585266
waiting
going to web site
Hello world	Thread-6424	4

time: 946688209.8423389
diff: 7.157661080360413
waiting
going to web site
Hello world	Thread-6473	3

time: 946688220.841833
diff: 25.158167004585266
waiting
going to web site
Hello world	Thread-6589	2

time: 946688246.841833
diff: 12.158167004585266
waiting
going to web site
Hello world	Thread-6652	3

time: 946688260.841833
diff: 29.158167004585266
waiting
going to web site
Hello world	Thread-6781	4

time: 946688290.832833
diff: 10.167166948318481
waiting
going to web site
Hello world	Thread-6823	6

time: 946688301.832832
diff: 13.167168021202087
waiting
going to web site
Hello world	Thread-6895	3

time: 946688315.841833
diff: 33.158167004585266
waiting
going to web site
Hello world	Thread-7039	2

time: 946688349.841833
diff: 20.158167004585266
waiting
going to web site
Hello world	Thread-7137	4

time: 946688371.841833
diff: 0.1581670045852661
waiting
going to web site
Hello world	Thread-7140	6

time: 946688372.832833
diff: 32.16716694831848
waiting
going to web site
Hello world	Thread-7290	4

time: 946688405.832832
diff: 27.167168021202087
waiting
going to web site
Hello world	Thread-7415	3

time: 946688433.845833
diff: 35.15416705608368
waiting
going to web site
Hello world	Thread-7573	7

time: 946688469.533065
diff: 24.46693503856659
waiting
going to web site
Hello world	Thread-7679	7

time: 946688494.526065
diff: 22.47393500804901
waiting
going to web site
Hello world	Thread-7789	4

time: 946688517.544065
diff: 23.45593500137329
waiting
going to web site
Hello world	Thread-7889	6

time: 946688541.540065
diff: 27.459934949874878
waiting
going to web site
Hello world	Thread-8015	6

time: 946688569.5350641
diff: 22.464935898780823
waiting
going to web site
Hello world	Thread-8115	7

time: 946688592.5350641
diff: 17.464935898780823
waiting
going to web site
Hello world	Thread-8192	7

time: 946688610.5350641
diff: 37.46493589878082
waiting
going to web site
Hello world	Thread-8350	7

time: 946688648.526064
diff: 14.473935961723328
waiting
going to web site
Hello world	Thread-8419	7

time: 946688663.5350649
diff: 24.464935064315796
waiting
going to web site
Hello world	Thread-8521	6

time: 946688688.526065
diff: 33.47393500804901
waiting
going to web site
Hello world	Thread-8662	4

time: 946688722.5350649
diff: 21.464935064315796
waiting
going to web site
Hello world	Thread-8744	6

time: 946688744.539065
diff: 15.46093499660492
waiting
going to web site
Hello world	Thread-8809	7

time: 946688760.5350641
diff: 29.464935898780823
waiting
going to web site
Hello world	Thread-8921	4

time: 946688790.5350641
diff: 14.464935898780823
waiting
going to web site
Hello world	Thread-8991	4

time: 946688805.5350641
diff: 20.464935898780823
waiting
going to web site
Hello world	Thread-9068	3

time: 946688826.526064
diff: 19.473935961723328
waiting
going to web site
Hello world	Thread-9159	7

time: 946688846.5350641
diff: 27.464935898780823
waiting
going to web site
Hello world	Thread-9272	5

time: 946688874.5350641
diff: 11.464935898780823
waiting
going to web site
Hello world	Thread-9327	5

time: 946688886.5350641
diff: 24.464935898780823
waiting
going to web site
Hello world	Thread-9431	6

time: 946688911.5350641
diff: 28.464935898780823
waiting
going to web site
Hello world	Thread-9563	5

time: 946688940.5350641
diff: 11.464935898780823
waiting
going to web site
Hello world	Thread-9611	7

time: 946688952.526064
diff: 13.473935961723328
waiting
going to web site
Hello world	Thread-9676	7

time: 946688966.526064
diff: 14.473935961723328
waiting
going to web site
Hello world	Thread-9744	6

time: 946688981.5350641
diff: 24.464935898780823
waiting
going to web site
Hello world	Thread-9871	5

time: 946689006.526064
diff: 32.47393596172333
waiting
going to web site
Hello world	Thread-10017	6

time: 946689039.5350641
diff: 19.464935898780823
waiting
going to web site
Hello world	Thread-10102	6

time: 946689059.526064
diff: 24.473935961723328
waiting
going to web site
Hello world	Thread-10230	7

time: 946689084.5350641
diff: 24.464935898780823
waiting
going to web site
Hello world	Thread-10336	7

time: 946689109.5350641
diff: 12.464935898780823
waiting
going to web site
Hello world	Thread-10399	7

time: 946689122.5350641
diff: 14.464935898780823
waiting
going to web site
Hello world	Thread-10472	5

time: 946689137.5350641
diff: 21.464935898780823
waiting
going to web site
Hello world	Thread-10569	7

time: 946689159.526064
diff: 27.473935961723328
waiting
going to web site
Hello world	Thread-10713	7

time: 946689187.5350641
diff: 12.464935898780823
waiting
going to web site
Hello world	Thread-10776	7

time: 946689200.5290639
diff: 14.470936059951782
waiting
going to web site
Hello world	Thread-10846	2

time: 946689215.526065
diff: 36.47393500804901
waiting
going to web site
Hello world	Thread-11029	6

time: 946689253.5444729
diff: 10.455527067184448
waiting
going to web site
Hello world	Thread-11083	4

time: 946689264.526065
diff: 35.47393500804901
waiting
going to web site
Hello world	Thread-11254	7

time: 946689300.540065
diff: 14.459934949874878
waiting
going to web site
Hello world	Thread-11323	7

time: 946689315.5350641
diff: 18.464935898780823
waiting
going to web site
Hello world	Thread-11411	7

time: 946689334.5350641
diff: 10.464935898780823
waiting
going to web site
Hello world	Thread-11463	6

time: 946689345.5350641
diff: 23.464935898780823
waiting
going to web site
Hello world	Thread-11573	6

time: 946689369.5350641
diff: 25.464935898780823
waiting
going to web site
Hello world	Thread-11695	7

time: 946689395.5350641
diff: 26.464935898780823
waiting
going to web site
Hello world	Thread-11811	7

time: 946689422.526064
diff: 25.473935961723328
waiting
going to web site
Hello world	Thread-11927	7

time: 946689448.526064
diff: 29.473935961723328
waiting
going to web site
Hello world	Thread-12076	7

time: 946689478.5294169
diff: 15.470583081245422
waiting
going to web site
Hello world	Thread-12153	4

time: 946689494.536065
diff: 25.463935017585754
waiting
going to web site
Hello world	Thread-12257	6

time: 946689520.526065
diff: 11.473935008049011
waiting
going to web site
Hello world	Thread-12315	5

time: 946689532.544065
diff: 20.45593500137329
waiting
going to web site
Hello world	Thread-12417	5

time: 946689553.536065
diff: 27.463935017585754
waiting
going to web site
Hello world	Thread-12539	7

time: 946689581.536065
diff: 7.463935017585754
waiting
going to web site
Hello world	Thread-12584	5

time: 946689589.526065
diff: 30.47393500804901
waiting
going to web site
Hello world	Thread-12720	4

time: 946689620.5350649
diff: 24.464935064315796
waiting
going to web site
Hello world	Thread-12827	6

time: 946689645.5350649
diff: 2.464935064315796
waiting
going to web site
Hello world	Thread-12847	5

time: 946689648.539065
diff: 23.46093499660492
waiting
going to web site
Hello world	Thread-12959	5

time: 946689672.5350641
diff: 27.464935898780823
waiting
going to web site
Hello world	Thread-13093	5

time: 946689700.540064
diff: 17.459936022758484
waiting
going to web site
Hello world	Thread-13173	7

time: 946689718.542065
diff: 23.457934975624084
waiting
going to web site
Hello world	Thread-13275	7

time: 946689742.528065
diff: 35.47193503379822
waiting
going to web site
Hello world	Thread-13441	7

time: 946689778.526065
diff: 6.473935008049011
waiting
going to web site
Hello world	Thread-13471	5

time: 946689785.541065
diff: 30.458935022354126
waiting
going to web site
Hello world	Thread-13619	7

time: 946689816.5380651
diff: 27.46193492412567
waiting
going to web site
Hello world	Thread-13749	5

time: 946689844.5350641
diff: 22.464935898780823
waiting
going to web site
Hello world	Thread-13859	7

time: 946689867.526064
diff: 27.473935961723328
waiting
going to web site
Hello world	Thread-13981	6

time: 946689895.5350641
diff: 19.464935898780823
waiting
going to web site
Hello world	Thread-14068	5

time: 946689915.5350641
diff: 22.464935898780823
waiting
going to web site
Hello world	Thread-14168	5

time: 946689938.5350641
diff: 20.464935898780823
waiting
going to web site
Hello world	Thread-14266	7

time: 946689959.5350641
diff: 15.464935898780823
waiting
going to web site
Hello world	Thread-14324	4

time: 946689975.526064
diff: 30.473935961723328
waiting
going to web site
Hello world	Thread-14471	6

time: 946690006.5350641
diff: 25.464935898780823
waiting
going to web site
Hello world	Thread-14580	5

time: 946690032.5350641
diff: 24.464935898780823
waiting
going to web site
Hello world	Thread-14682	8

time: 946690057.534993
diff: 24.465006947517395
waiting
going to web site
Hello world	Thread-14786	6

time: 946690082.526064
diff: 22.473935961723328
waiting
going to web site
Hello world	Thread-14893	7

time: 946690105.5350641
diff: 16.464935898780823
waiting
going to web site
Hello world	Thread-14963	4

time: 946690122.5350641
diff: 27.464935898780823
waiting
going to web site
Hello world	Thread-15080	7

time: 946690150.5350641
diff: 11.464935898780823
waiting
going to web site
Hello world	Thread-15134	5

time: 946690162.5350641
diff: 31.464935898780823
waiting
going to web site
Hello world	Thread-15260	7

time: 946690194.5350641
diff: 18.464935898780823
waiting
going to web site
Hello world	Thread-15350	5

time: 946690213.5350641
diff: 19.464935898780823
waiting
going to web site
Hello world	Thread-15437	5

time: 946690233.5350641
diff: 33.46493589878082
waiting
going to web site
Hello world	Thread-15587	7

time: 946690267.5350641
diff: 14.464935898780823
waiting
going to web site
Hello world	Thread-15647	5

time: 946690282.5350641
diff: 27.464935898780823
waiting
going to web site
Hello world	Thread-15770	7

time: 946690310.5350641
diff: 28.464935898780823
waiting
going to web site
Hello world	Thread-15898	7

time: 946690339.5350649
diff: 22.464935064315796
waiting
going to web site
Hello world	Thread-15992	6

time: 946690362.544065
diff: 23.45593500137329
waiting
going to web site
Hello world	Thread-16098	5

time: 946690386.544065
diff: 17.45593500137329
waiting
going to web site
Hello world	Thread-16179	6

time: 946690404.544065
diff: 24.45593500137329
waiting
going to web site
Hello world	Thread-16283	6

time: 946690429.545064
diff: 13.454936027526855
waiting
going to web site
Hello world	Thread-16349	5

time: 946690443.538396
diff: 16.46160399913788
waiting
going to web site
Hello world	Thread-16419	6

time: 946690460.5350641
diff: 24.464935898780823
waiting
going to web site
Hello world	Thread-16530	6

time: 946690485.5350641
diff: 20.464935898780823
waiting
going to web site
Hello world	Thread-16620	6

time: 946690506.5350641
diff: 38.46493589878082
waiting
going to web site
Hello world	Thread-16795	7

time: 946690545.5350641
diff: 21.464935898780823
waiting
going to web site
Hello world	Thread-16891	6

time: 946690567.5350641
diff: 16.464935898780823
waiting
going to web site
Hello world	Thread-16964	3

time: 946690584.526064
diff: 30.473935961723328
waiting
going to web site
Hello world	Thread-17093	5

time: 946690615.5350641
diff: 22.464935898780823
waiting
going to web site
Hello world	Thread-17197	4

time: 946690638.526064
diff: 19.473935961723328
waiting
going to web site
Hello world	Thread-17277	5

time: 946690658.5350641
diff: 22.464935898780823
waiting
going to web site
Hello world	Thread-17377	7

time: 946690681.5350641
diff: 18.464935898780823
waiting
going to web site
Hello world	Thread-17460	6

time: 946690700.5350641
diff: 31.464935898780823
waiting
going to web site
Hello world	Thread-17598	7

time: 946690732.5350641
diff: 25.464935898780823
waiting
going to web site
Hello world	Thread-17711	5

time: 946690758.532064
diff: 16.467936038970947
waiting
going to web site
Hello world	Thread-17791	5

time: 946690775.526065
diff: 15.473935008049011
waiting
going to web site
Hello world	Thread-17861	5

time: 946690791.5350649
diff: 27.464935064315796
waiting
going to web site
Hello world	Thread-17975	5

time: 946690819.544065
diff: 36.45593500137329
waiting
going to web site
Hello world	Thread-18127	6

time: 946690856.5300651
diff: 10.469934940338135
waiting
going to web site
Hello world	Thread-18175	6

time: 946690867.5350641
diff: 19.464935898780823
waiting
going to web site
Hello world	Thread-18259	6

time: 946690887.5350641
diff: 18.464935898780823
waiting
going to web site
Hello world	Thread-18342	7

time: 946690906.5350641
diff: 24.464935898780823
waiting
going to web site
Hello world	Thread-18450	5

time: 946690931.832832
diff: 21.167168021202087
waiting
going to web site
Hello world	Thread-18545	3

time: 946690953.842331
diff: 30.157668948173523
waiting
going to web site
Hello world	Thread-18677	3

time: 946690984.832832
diff: 19.167168021202087
waiting
going to web site
Hello world	Thread-18769	2

time: 946691004.841833
diff: 28.158167004585266
waiting
going to web site
Hello world	Thread-18893	4

time: 946691033.841833
diff: 17.158167004585266
waiting
going to web site
Hello world	Thread-18970	4

time: 946691051.832833
diff: 13.167166948318481
waiting
going to web site
Hello world	Thread-19035	6

time: 946691065.832832
diff: 6.167168021202087
waiting
going to web site
Hello world	Thread-19060	3

time: 946691072.841833
diff: 27.158167004585266
waiting
going to web site
Hello world	Thread-19193	2

time: 946691101.851833
diff: 29.14816701412201
waiting
going to web site
Hello world	Thread-19325	2

time: 946691131.841833
diff: 14.158167004585266
waiting
going to web site
Hello world	Thread-19397	2

time: 946691147.860665
diff: 37.13933503627777
waiting
going to web site
Hello world	Thread-19564	2

time: 946691185.832833
diff: 13.167166948318481
waiting
going to web site
Hello world	Thread-19632	5

time: 946691199.838832
diff: 8.161167979240417
waiting
going to web site
Hello world	Thread-19669	4

time: 946691208.832832
diff: 21.167168021202087
waiting
going to web site
Hello world	Thread-19782	2

time: 946691231.845833
diff: 15.15416705608368
waiting
going to web site
Hello world	Thread-19849	2

time: 946691247.841833
diff: 28.158167004585266
waiting
going to web site
Hello world	Thread-20019	2

time: 946691283.860833
diff: 10.139166951179504
waiting
going to web site
Hello world	Thread-20072	5

time: 946691294.832832
diff: 27.167168021202087
waiting
going to web site
Hello world	Thread-20201	2

time: 946691322.832833
diff: 17.16716694831848
waiting
going to web site
Hello world	Thread-20286	6

time: 946691340.832832
diff: 17.167168021202087
waiting
going to web site
Hello world	Thread-20367	2

time: 946691358.841833
diff: 16.158167004585266
waiting
going to web site
Hello world	Thread-20462	2

time: 946691375.832833
diff: 26.16716694831848
waiting
going to web site
Hello world	Thread-20593	3

time: 946691402.832832
diff: 24.167168021202087
waiting
going to web site
Hello world	Thread-20719	3

time: 946691428.841833
diff: 17.158167004585266
waiting
going to web site
Hello world	Thread-20802	3

time: 946691446.832833
diff: 16.16716694831848
waiting
going to web site
Hello world	Thread-20887	5

time: 946691463.832832
diff: 29.167168021202087
waiting
going to web site
Hello world	Thread-21022	5

time: 946691493.841833
diff: 24.158167004585266
waiting
going to web site
Hello world	Thread-21138	2

time: 946691518.832833
diff: 25.16716694831848
waiting
going to web site
Hello world	Thread-21264	3

time: 946691544.841833
diff: 28.158167004585266
waiting
going to web site
Hello world	Thread-21396	2

time: 946691574.841833
diff: 17.158167004585266
waiting
going to web site
Hello world	Thread-21480	2

time: 946691592.841833
diff: 12.158167004585266
waiting
going to web site
Hello world	Thread-21538	4

time: 946691605.832833
diff: 26.16716694831848
waiting
going to web site
Hello world	Thread-21660	4

time: 946691632.832832
diff: 16.167168021202087
waiting
going to web site
Hello world	Thread-21735	3

time: 946691649.832833
diff: 28.16716694831848
waiting
going to web site
Hello world	Thread-21859	5

time: 946691678.846684
diff: 19.153316020965576
waiting
going to web site
Hello world	Thread-21953	4

time: 946691699.851833
diff: 25.14816701412201
waiting
going to web site
Hello world	Thread-22089	4

time: 946691728.841833
diff: 12.158167004585266
waiting
going to web site
Hello world	Thread-22135	5

time: 946691741.832833
diff: 18.16716694831848
waiting
going to web site
Hello world	Thread-22219	3

time: 946691760.832832
diff: 28.167168021202087
waiting
going to web site
Hello world	Thread-22361	3

time: 946691792.842833
diff: 19.157166957855225
waiting
going to web site
Hello world	Thread-22453	3

time: 946691812.840832
diff: 14.159168004989624
waiting
going to web site
Hello world	Thread-22518	3

time: 946691827.841833
diff: 25.158167004585266
waiting
going to web site
Hello world	Thread-22627	4

time: 946691853.841833
diff: 25.158167004585266
waiting
going to web site
Hello world	Thread-22746	4

time: 946691879.841833
diff: 26.158167004585266
waiting
going to web site
Hello world	Thread-22859	5

time: 946691906.841833
diff: 5.158167004585266
waiting
going to web site
Hello world	Thread-22888	3

time: 946691912.841833
diff: 18.158167004585266
waiting
going to web site
Hello world	Thread-22972	3

time: 946691931.841833
diff: 30.158167004585266
waiting
going to web site
Hello world	Thread-23125	3

time: 946691962.841833
diff: 9.158167004585266
waiting
going to web site
Hello world	Thread-23173	4

time: 946691972.841833
diff: 27.158167004585266
waiting
going to web site
Hello world	Thread-23317	2

time: 946692003.8510411
diff: 9.148958921432495
waiting
going to web site
Hello world	Thread-23359	5

time: 946692013.832832
diff: 7.167168021202087
waiting
going to web site
Hello world	Thread-23394	2

time: 946692021.841833
diff: 30.158167004585266
waiting
going to web site
Hello world	Thread-23554	3

time: 946692052.841833
diff: 31.158167004585266
waiting
going to web site
Hello world	Thread-23700	4

time: 946692084.841833
diff: 12.158167004585266
waiting
going to web site
Hello world	Thread-23765	4

time: 946692097.841833
diff: 36.158167004585266
waiting
going to web site
Hello world	Thread-23939	6

time: 946692134.841833
diff: 16.158167004585266
waiting
going to web site
Hello world	Thread-24026	2

time: 946692152.842665
diff: 27.15733504295349
waiting
going to web site
Hello world	Thread-24152	2

time: 946692181.841833
diff: 27.158167004585266
waiting
going to web site
Hello world	Thread-24282	4

time: 946692209.832833
diff: 11.167166948318481
waiting
going to web site
Hello world	Thread-24342	4

time: 946692221.832832
diff: 20.167168021202087
waiting
going to web site
Hello world	Thread-24428	4

time: 946692242.851481
diff: 26.148519039154053
waiting
going to web site
Hello world	Thread-24556	3

time: 946692269.832833
diff: 31.16716694831848
waiting
going to web site
Hello world	Thread-24703	2

time: 946692301.848833
diff: 29.151167035102844
waiting
going to web site
Hello world	Thread-24832	4

time: 946692331.832833
diff: 9.167166948318481
waiting
going to web site
Hello world	Thread-24874	4

time: 946692341.832832
diff: 33.16716802120209
waiting
going to web site
Hello world	Thread-25022	4

time: 946692375.832833
diff: 18.16716694831848
waiting
going to web site
Hello world	Thread-25101	3

time: 946692394.832832
diff: 24.167168021202087
waiting
going to web site
Hello world	Thread-25200	5

time: 946692419.841833
diff: 13.158167004585266
waiting
going to web site
Hello world	Thread-25262	3

time: 946692433.832833
diff: 27.16716694831848
waiting
going to web site
Hello world	Thread-25378	5

time: 946692461.832832
diff: 26.167168021202087
waiting
going to web site
Hello world	Thread-25498	5

time: 946692489.841833
diff: 21.158167004585266
waiting
going to web site
Hello world	Thread-25591	5

time: 946692511.841833
diff: 30.158167004585266
waiting
going to web site
Hello world	Thread-25717	2

time: 946692542.841833
diff: 18.158167004585266
waiting
going to web site
Hello world	Thread-25801	2

time: 946692561.841833
diff: 15.158167004585266
waiting
going to web site
Hello world	Thread-25873	4

time: 946692577.841833
diff: 21.158167004585266
waiting
going to web site
Hello world	Thread-25955	3

