time: 946686600.0
diff: 0.0
going to web site
Hello world	Thread-11	3

time: 946686601.089084
diff: 58.91091597080231
waiting
going to web site
Hello world	Thread-56	2

time: 946686662.0750841
diff: 117.92491590976715
waiting
going to web site
Hello world	Thread-115	2

time: 946686781.0850841
diff: 58.914915919303894
waiting
going to web site
Hello world	Thread-148	3

time: 946686841.083084
diff: 58.91691601276398
waiting
going to web site
Hello world	Thread-178	2

time: 946686901.084085
diff: 118.91591501235962
waiting
going to web site
Hello world	Thread-246	2

time: 946687021.084085
diff: 119.91591501235962
waiting
going to web site
Hello world	Thread-314	4

time: 946687142.0850841
diff: 58.914915919303894
waiting
going to web site
Hello world	Thread-340	4

time: 946687201.675449
diff: 119.32455098628998
waiting
going to web site
Hello world	Thread-416	7

time: 946687324.658364
diff: 56.341635942459106
waiting
going to web site
Hello world	Thread-436	5

time: 946687381.6663641
diff: 59.33363592624664
waiting
going to web site
Hello world	Thread-491	2

time: 946687444.658365
diff: 56.34163498878479
waiting
going to web site
Hello world	Thread-523	3

time: 946687504.658365
diff: 117.34163498878479
waiting
going to web site
Hello world	Thread-593	2

time: 946687629.668364
diff: 52.33163595199585
waiting
going to web site
Hello world	Thread-619	3

time: 946687685.649364
diff: 116.35063600540161
waiting
going to web site
Hello world	Thread-678	3

time: 946687805.668364
diff: 116.33163595199585
waiting
going to web site
Hello world	Thread-740	2

time: 946687923.6747509
diff: 58.32524907588959
waiting
going to web site
Hello world	Thread-786	6

time: 946687985.658365
diff: 116.34163498878479
waiting
going to web site
Hello world	Thread-832	3

time: 946688102.666751
diff: 120.33324897289276
waiting
going to web site
Hello world	Thread-916	4

time: 946688226.668364
diff: 116.33163595199585
waiting
going to web site
Hello world	Thread-963	6

