time: 946686600.0
diff: 0.0
going to web site
Hello world	Thread-64	7

time: 946686720.765573
diff: -0.7655730247497559
going to web site
Hello world	Thread-71	6

time: 946686721.355229
diff: 58.64477097988129
waiting
going to web site
Hello world	Thread-222	5

time: 946686795.590656
diff: 44.409343957901
waiting
going to web site
Hello world	Thread-251	6

time: 946686841.602669
diff: 118.39733099937439
waiting
going to web site
Hello world	Thread-459	6

time: 946686975.590656
diff: 44.409343957901
waiting
going to web site
Hello world	Thread-477	3

time: 946687020.580656
diff: 120.41934394836426
waiting
going to web site
Hello world	Thread-709	7

time: 946687261.851388
diff: -0.8513879776000977
going to web site
Hello world	Thread-715	7

time: 946687262.4350439
diff: 118.56495606899261
waiting
going to web site
Hello world	Thread-900	7

time: 946687388.590656
diff: 52.409343957901
waiting
going to web site
Hello world	Thread-927	2

time: 946687441.580656
diff: 59.41934394836426
waiting
going to web site
Hello world	Thread-1042	6

time: 946687508.590656
diff: 113.409343957901
waiting
going to web site
Hello world	Thread-1134	2

time: 946687622.580656
diff: 119.41934394836426
waiting
going to web site
Hello world	Thread-1302	5

time: 946687749.590656
diff: 52.409343957901
waiting
going to web site
Hello world	Thread-1320	5

time: 946687802.5896561
diff: 119.41034388542175
waiting
going to web site
Hello world	Thread-1519	7

time: 946687937.590656
diff: 44.409343957901
waiting
going to web site
Hello world	Thread-1536	2

time: 946687982.588656
diff: 119.41134405136108
waiting
going to web site
Hello world	Thread-1703	4

time: 946688105.589657
diff: 117.41034305095673
waiting
going to web site
Hello world	Thread-1919	9

time: 946688343.948312
diff: -0.9483120441436768
going to web site
Hello world	Thread-1927	7

