time: 946686600.0
diff: 317.0
waiting
going to web site
Hello world	Thread-1628	6

time: 946686918.02686
diff: 0.9731400012969971
waiting
going to web site
Hello world	Thread-1648	6

time: 946686920.0402
diff: -0.040199995040893555
going to web site
Hello world	Thread-1658	5

time: 946686921.06706
diff: -1.0670599937438965
going to web site
Hello world	Thread-1667	4

time: 946686922.09992
diff: -1.0999200344085693
going to web site
Hello world	Thread-1673	4

time: 946686923.13378
diff: -2.133780002593994
going to web site
Hello world	Thread-1681	5

time: 946686924.16864
diff: -3.1686400175094604
going to web site
Hello world	Thread-1689	4

time: 946686925.202893
diff: -3.202893018722534
going to web site
Hello world	Thread-1697	3

time: 946686926.2307531
diff: -4.230753064155579
going to web site
Hello world	Thread-1704	4

time: 946686927.2756131
diff: -4.275613069534302
going to web site
Hello world	Thread-1711	4

time: 946686928.302473
diff: -4.302472949028015
going to web site
Hello world	Thread-1719	4

time: 946686929.335333
diff: -5.335332989692688
going to web site
Hello world	Thread-1726	4

time: 946686930.379193
diff: -3.3791929483413696
going to web site
Hello world	Thread-1733	5

time: 946686931.410855
diff: -3.4108550548553467
going to web site
Hello world	Thread-1739	3

time: 946686932.438715
diff: -4.438714981079102
going to web site
Hello world	Thread-1745	3

time: 946686933.4745749
diff: 6.52542507648468
waiting
going to web site
Hello world	Thread-1793	2

time: 946686941.043861
diff: 0.9561389684677124
waiting
going to web site
Hello world	Thread-1803	4

time: 946686943.02686
diff: 0.9731400012969971
waiting
going to web site
Hello world	Thread-825	2

time: 946686945.038441
diff: 8.961559057235718
waiting
going to web site
Hello world	Thread-875	2

time: 946686955.046861
diff: 20.953138947486877
waiting
going to web site
Hello world	Thread-978	3

time: 946686977.02686
diff: 15.973140001296997
waiting
going to web site
Hello world	Thread-1054	2

time: 946686994.0268611
diff: 27.97313892841339
waiting
going to web site
Hello world	Thread-1183	2

time: 946687023.02986
diff: 15.970139980316162
waiting
going to web site
Hello world	Thread-1263	4

time: 946687040.02686
diff: 14.973140001296997
waiting
going to web site
Hello world	Thread-1337	2

time: 946687056.038847
diff: 13.961153030395508
waiting
going to web site
Hello world	Thread-1408	2

time: 946687071.038847
diff: 11.961153030395508
waiting
going to web site
Hello world	Thread-1463	3

time: 946687084.0268611
diff: 13.973138928413391
waiting
going to web site
Hello world	Thread-1532	2

time: 946687099.0289259
diff: 16.971074104309082
waiting
going to web site
Hello world	Thread-1604	2

time: 946687117.029861
diff: 21.970139026641846
waiting
going to web site
Hello world	Thread-1706	3

time: 946687140.035861
diff: 40.964138984680176
waiting
going to web site
Hello world	Thread-1875	3

time: 946687182.038847
diff: 16.961153030395508
waiting
going to web site
Hello world	Thread-1955	2

time: 946687200.0438471
diff: 23.95615291595459
waiting
going to web site
Hello world	Thread-2064	5

time: 946687225.02686
diff: 17.973140001296997
waiting
going to web site
Hello world	Thread-2136	2

time: 946687244.0268611
diff: 23.97313892841339
waiting
going to web site
Hello world	Thread-2253	2

time: 946687269.02686
diff: 23.973140001296997
waiting
going to web site
Hello world	Thread-2369	2

time: 946687294.035861
diff: 31.964138984680176
waiting
going to web site
Hello world	Thread-2508	3

time: 946687328.02686
diff: 26.973140001296997
waiting
going to web site
Hello world	Thread-2636	2

time: 946687356.0544939
diff: 11.94550609588623
waiting
going to web site
Hello world	Thread-2698	2

time: 946687370.039521
diff: 8.960479021072388
waiting
going to web site
Hello world	Thread-2747	2

time: 946687380.0268611
diff: 26.97313892841339
waiting
going to web site
Hello world	Thread-2863	3

time: 946687408.02686
diff: 38.973140001297
waiting
going to web site
Hello world	Thread-3034	2

time: 946687448.038847
diff: 9.961153030395508
waiting
going to web site
Hello world	Thread-3091	2

time: 946687459.038861
diff: 30.96113896369934
waiting
going to web site
Hello world	Thread-3230	2

time: 946687491.02686
diff: 20.973140001296997
waiting
going to web site
Hello world	Thread-3324	2

time: 946687514.038861
diff: 19.96113896369934
waiting
going to web site
Hello world	Thread-3418	6

time: 946687534.832832
diff: 11.167168021202087
waiting
going to web site
Hello world	Thread-3469	5

time: 946687546.832833
diff: 25.16716694831848
waiting
going to web site
Hello world	Thread-3583	4

time: 946687572.836832
diff: 9.163167953491211
waiting
going to web site
Hello world	Thread-3627	5

time: 946687582.832832
diff: 27.167168021202087
waiting
going to web site
Hello world	Thread-3756	2

time: 946687611.841833
diff: 26.158167004585266
waiting
going to web site
Hello world	Thread-3872	2

time: 946687638.859833
diff: 12.140166997909546
waiting
going to web site
Hello world	Thread-3921	3

time: 946687651.832832
diff: 28.167168021202087
waiting
going to web site
Hello world	Thread-4052	3

time: 946687680.841833
diff: 28.158167004585266
waiting
going to web site
Hello world	Thread-4193	2

time: 946687712.859833
diff: 18.140166997909546
waiting
going to web site
Hello world	Thread-4282	3

time: 946687731.838517
diff: 29.1614830493927
waiting
going to web site
Hello world	Thread-4408	3

time: 946687761.841833
diff: 19.158167004585266
waiting
going to web site
Hello world	Thread-4510	2

time: 946687782.841833
diff: 29.158167004585266
waiting
going to web site
Hello world	Thread-4642	2

time: 946687812.841833
diff: 15.158167004585266
waiting
going to web site
Hello world	Thread-4717	3

time: 946687828.832833
diff: 32.16716694831848
waiting
going to web site
Hello world	Thread-4858	3

time: 946687861.832832
diff: 11.167168021202087
waiting
going to web site
Hello world	Thread-4912	2

time: 946687873.841833
diff: 30.158167004585266
waiting
going to web site
Hello world	Thread-5062	3

time: 946687904.841833
diff: 8.158167004585266
waiting
going to web site
Hello world	Thread-5101	2

time: 946687913.841833
diff: 24.158167004585266
waiting
going to web site
Hello world	Thread-5216	3

time: 946687938.841833
diff: 17.158167004585266
waiting
going to web site
Hello world	Thread-5306	2

time: 946687956.841833
diff: 17.158167004585266
waiting
going to web site
Hello world	Thread-5392	2

time: 946687974.841833
diff: 18.158167004585266
waiting
going to web site
Hello world	Thread-5483	4

time: 946687994.841833
diff: 28.158167004585266
waiting
going to web site
Hello world	Thread-5611	2

time: 946688023.832833
diff: 16.16716694831848
waiting
going to web site
Hello world	Thread-5690	4

time: 946688040.832832
diff: 16.167168021202087
waiting
going to web site
Hello world	Thread-5767	2

time: 946688057.841833
diff: 27.158167004585266
waiting
going to web site
Hello world	Thread-5895	2

time: 946688085.851833
diff: 16.14816701412201
waiting
going to web site
Hello world	Thread-5959	2

time: 946688102.841833
diff: 35.158167004585266
waiting
going to web site
Hello world	Thread-6120	2

time: 946688138.851833
diff: 26.14816701412201
waiting
going to web site
Hello world	Thread-6239	4

time: 946688166.841833
diff: 21.158167004585266
waiting
going to web site
Hello world	Thread-6331	3

time: 946688188.8588331
diff: 17.141166925430298
waiting
going to web site
Hello world	Thread-6412	5

time: 946688206.832832
diff: 15.167168021202087
waiting
going to web site
Hello world	Thread-6486	3

time: 946688222.832833
diff: 16.16716694831848
waiting
going to web site
Hello world	Thread-6555	5

time: 946688239.832832
diff: 13.167168021202087
waiting
going to web site
Hello world	Thread-6616	2

time: 946688253.841833
diff: 36.158167004585266
waiting
going to web site
Hello world	Thread-6780	5

time: 946688290.832833
diff: 9.167166948318481
waiting
going to web site
Hello world	Thread-6820	3

time: 946688300.832832
diff: 30.167168021202087
waiting
going to web site
Hello world	Thread-6961	6

time: 946688331.832833
diff: 23.16716694831848
waiting
going to web site
Hello world	Thread-7065	3

time: 946688355.832832
diff: 18.167168021202087
waiting
going to web site
Hello world	Thread-7158	5

time: 946688375.841833
diff: 21.158167004585266
waiting
going to web site
Hello world	Thread-7252	5

time: 946688397.842833
diff: 32.157166957855225
waiting
going to web site
Hello world	Thread-7405	2

time: 946688430.832832
diff: 20.167168021202087
waiting
going to web site
Hello world	Thread-7496	4

time: 946688451.841833
diff: 26.158167004585266
waiting
going to web site
Hello world	Thread-7626	4

time: 946688479.842833
diff: 20.157166957855225
waiting
going to web site
Hello world	Thread-7714	4

time: 946688500.832832
diff: 30.167168021202087
waiting
going to web site
Hello world	Thread-7841	3

time: 946688531.841833
diff: 17.158167004585266
waiting
going to web site
Hello world	Thread-7922	4

time: 946688549.841833
diff: 23.158167004585266
waiting
going to web site
Hello world	Thread-8033	2

time: 946688573.841833
diff: 11.158167004585266
waiting
going to web site
Hello world	Thread-8083	5

time: 946688585.841833
diff: 22.158167004585266
waiting
going to web site
Hello world	Thread-8184	3

time: 946688608.841833
diff: 10.158167004585266
waiting
going to web site
Hello world	Thread-8235	7

time: 946688619.832833
diff: 32.16716694831848
waiting
going to web site
Hello world	Thread-8369	5

time: 946688652.832832
diff: 14.167168021202087
waiting
going to web site
Hello world	Thread-8440	2

time: 946688667.832833
diff: 25.16716694831848
waiting
going to web site
Hello world	Thread-8548	3

time: 946688693.832832
diff: 15.167168021202087
waiting
going to web site
Hello world	Thread-8608	4

time: 946688709.842665
diff: 25.15733504295349
waiting
going to web site
Hello world	Thread-8714	4

time: 946688735.841833
diff: 16.158167004585266
waiting
going to web site
Hello world	Thread-8781	5

time: 946688752.544065
diff: 33.45593500137329
waiting
going to web site
Hello world	Thread-8908	3

time: 946688786.544481
diff: 32.45551896095276
waiting
going to web site
Hello world	Thread-9044	3

time: 946688819.526064
diff: 13.473935961723328
waiting
going to web site
Hello world	Thread-9103	7

time: 946688833.5350641
diff: 38.46493589878082
waiting
going to web site
Hello world	Thread-9263	7

time: 946688872.526064
diff: 12.473935961723328
waiting
going to web site
Hello world	Thread-9321	6

time: 946688885.5350641
diff: 36.46493589878082
waiting
going to web site
Hello world	Thread-9486	5

time: 946688922.526064
diff: 23.473935961723328
waiting
going to web site
Hello world	Thread-9584	5

time: 946688946.5350641
diff: 14.464935898780823
waiting
going to web site
Hello world	Thread-9653	5

time: 946688961.530064
diff: 25.46993601322174
waiting
going to web site
Hello world	Thread-9777	6

time: 946688987.539065
diff: 23.46093499660492
waiting
going to web site
Hello world	Thread-9892	5

time: 946689011.5350641
diff: 35.46493589878082
waiting
going to web site
Hello world	Thread-10047	7

time: 946689047.5350641
diff: 24.464935898780823
waiting
going to web site
Hello world	Thread-10165	7

time: 946689072.5350641
diff: 19.464935898780823
waiting
going to web site
Hello world	Thread-10262	5

time: 946689092.5350641
diff: 11.464935898780823
waiting
going to web site
Hello world	Thread-10314	6

time: 946689104.5350641
diff: 25.464935898780823
waiting
going to web site
Hello world	Thread-10441	5

time: 946689130.5345191
diff: 17.46548092365265
waiting
going to web site
Hello world	Thread-10527	7

time: 946689148.5350641
diff: 28.464935898780823
waiting
going to web site
Hello world	Thread-10658	7

time: 946689177.5350641
diff: 21.464935898780823
waiting
going to web site
Hello world	Thread-10770	7

time: 946689199.5350641
diff: 19.464935898780823
waiting
going to web site
Hello world	Thread-10868	7

time: 946689219.5345191
diff: 25.46548092365265
waiting
going to web site
Hello world	Thread-10987	7

time: 946689245.5350641
diff: 6.464935898780823
waiting
going to web site
Hello world	Thread-11024	5

time: 946689252.526064
diff: 20.473935961723328
waiting
going to web site
Hello world	Thread-11119	4

time: 946689273.526064
diff: 22.473935961723328
waiting
going to web site
Hello world	Thread-11233	6

time: 946689296.526064
diff: 13.473935961723328
waiting
going to web site
Hello world	Thread-11299	7

time: 946689310.526064
diff: 23.473935961723328
waiting
going to web site
Hello world	Thread-11410	6

time: 946689334.5350641
diff: 25.464935898780823
waiting
going to web site
Hello world	Thread-11531	2

time: 946689360.832832
diff: 19.167168021202087
waiting
going to web site
Hello world	Thread-11628	2

time: 946689380.841833
diff: 26.158167004585266
waiting
going to web site
Hello world	Thread-11755	2

time: 946689407.841833
diff: 24.158167004585266
waiting
going to web site
Hello world	Thread-11868	5

time: 946689432.832833
diff: 12.167166948318481
waiting
going to web site
Hello world	Thread-11911	5

time: 946689445.832832
diff: 27.167168021202087
waiting
going to web site
Hello world	Thread-12061	2

time: 946689474.858101
diff: 10.14189898967743
waiting
going to web site
Hello world	Thread-12111	3

time: 946689485.832832
diff: 18.167168021202087
waiting
going to web site
Hello world	Thread-12192	2

time: 946689504.832833
diff: 16.16716694831848
waiting
going to web site
Hello world	Thread-12265	5

time: 946689521.832832
diff: 21.167168021202087
waiting
going to web site
Hello world	Thread-12373	3

time: 946689543.841833
diff: 30.158167004585266
waiting
going to web site
Hello world	Thread-12514	3

time: 946689574.841833
diff: 16.158167004585266
waiting
going to web site
Hello world	Thread-12591	2

time: 946689591.851833
diff: 22.14816701412201
waiting
going to web site
Hello world	Thread-12703	2

time: 946689617.845833
diff: 19.15416705608368
waiting
going to web site
Hello world	Thread-12798	2

time: 946689637.841833
diff: 17.158167004585266
waiting
going to web site
Hello world	Thread-12878	2

time: 946689655.841833
diff: 21.158167004585266
waiting
going to web site
Hello world	Thread-12985	2

time: 946689677.85155
diff: 15.148450016975403
waiting
going to web site
Hello world	Thread-13062	2

time: 946689693.841833
diff: 37.158167004585266
waiting
going to web site
Hello world	Thread-13225	4

time: 946689731.841833
diff: 20.158167004585266
waiting
going to web site
Hello world	Thread-13332	3

time: 946689752.841833
diff: 24.158167004585266
waiting
going to web site
Hello world	Thread-13436	4

time: 946689777.841833
diff: 29.158167004585266
waiting
going to web site
Hello world	Thread-13576	4

time: 946689807.8420249
diff: 10.15797507762909
waiting
going to web site
Hello world	Thread-13633	4

time: 946689818.832833
diff: 28.16716694831848
waiting
going to web site
Hello world	Thread-13765	4

time: 946689847.832832
diff: 0.1671680212020874
waiting
going to web site
Hello world	Thread-13778	3

time: 946689849.841833
diff: 21.158167004585266
waiting
going to web site
Hello world	Thread-13879	2

time: 946689871.832833
diff: 27.16716694831848
waiting
going to web site
Hello world	Thread-14002	3

time: 946689899.832832
diff: 23.167168021202087
waiting
going to web site
Hello world	Thread-14105	3

time: 946689923.841833
diff: 19.158167004585266
waiting
going to web site
Hello world	Thread-14201	2

time: 946689944.851833
diff: 22.14816701412201
waiting
going to web site
Hello world	Thread-14299	4

time: 946689967.841833
diff: 16.158167004585266
waiting
going to web site
Hello world	Thread-14372	2

time: 946689984.841833
diff: 8.158167004585266
waiting
going to web site
Hello world	Thread-14411	4

time: 946689993.841833
diff: 37.158167004585266
waiting
going to web site
Hello world	Thread-14578	3

time: 946690031.841833
diff: 24.158167004585266
waiting
going to web site
Hello world	Thread-14679	3

time: 946690056.832833
diff: 7.1671669483184814
waiting
going to web site
Hello world	Thread-14720	3

time: 946690064.832832
diff: 39.16716802120209
waiting
going to web site
Hello world	Thread-14889	4

time: 946690104.841833
diff: 6.158167004585266
waiting
going to web site
Hello world	Thread-14922	2

time: 946690111.841833
diff: 38.158167004585266
waiting
going to web site
Hello world	Thread-15089	2

time: 946690151.842833
diff: 5.157166957855225
waiting
going to web site
Hello world	Thread-15112	4

time: 946690157.832832
diff: 37.16716802120209
waiting
going to web site
Hello world	Thread-15271	2

time: 946690195.841833
diff: 30.158167004585266
waiting
going to web site
Hello world	Thread-15416	2

time: 946690227.841833
diff: 17.158167004585266
waiting
going to web site
Hello world	Thread-15491	2

time: 946690245.841833
diff: 24.158167004585266
waiting
going to web site
Hello world	Thread-15622	2

time: 946690273.8488821
diff: 20.15111792087555
waiting
going to web site
Hello world	Thread-15706	5

time: 946690294.832832
diff: 16.167168021202087
waiting
going to web site
Hello world	Thread-15781	3

time: 946690311.841833
diff: 26.158167004585266
waiting
going to web site
Hello world	Thread-15897	2

time: 946690338.841833
diff: 8.158167004585266
waiting
going to web site
Hello world	Thread-15931	2

time: 946690347.841833
diff: 33.158167004585266
waiting
going to web site
Hello world	Thread-16076	2

time: 946690381.841833
diff: 23.158167004585266
waiting
going to web site
Hello world	Thread-16192	2

time: 946690406.842833
diff: 18.157166957855225
waiting
going to web site
Hello world	Thread-16268	5

time: 946690425.832832
diff: 17.167168021202087
waiting
going to web site
Hello world	Thread-16368	2

time: 946690446.851164
diff: 29.14883601665497
waiting
going to web site
Hello world	Thread-16491	2

time: 946690476.841833
diff: 19.158167004585266
waiting
going to web site
Hello world	Thread-16585	4

time: 946690496.832833
diff: 12.167166948318481
waiting
going to web site
Hello world	Thread-16639	3

time: 946690509.832832
diff: 33.16716802120209
waiting
going to web site
Hello world	Thread-16787	3

time: 946690543.845833
diff: 8.15416705608368
waiting
going to web site
Hello world	Thread-16818	2

time: 946690552.841833
diff: 40.158167004585266
waiting
going to web site
Hello world	Thread-17000	6

time: 946690593.526065
diff: 9.473935008049011
waiting
going to web site
Hello world	Thread-17040	5

time: 946690603.532065
diff: 35.46793496608734
waiting
going to web site
Hello world	Thread-17200	4

time: 946690639.5350641
diff: 16.464935898780823
waiting
going to web site
Hello world	Thread-17266	6

time: 946690656.5350641
diff: 32.46493589878082
waiting
going to web site
Hello world	Thread-17409	7

time: 946690689.5350641
diff: 20.464935898780823
waiting
going to web site
Hello world	Thread-17503	6

time: 946690710.5294169
diff: 23.470583081245422
waiting
going to web site
Hello world	Thread-17610	6

time: 946690734.5350649
diff: 7.464935064315796
waiting
going to web site
Hello world	Thread-17644	2

time: 946690742.526065
diff: 28.47393500804901
waiting
going to web site
Hello world	Thread-17772	6

time: 946690771.535585
diff: 18.464414954185486
waiting
going to web site
Hello world	Thread-17857	5

time: 946690790.5350641
diff: 16.464935898780823
waiting
going to web site
Hello world	Thread-17925	4

time: 946690807.526064
diff: 28.473935961723328
waiting
going to web site
Hello world	Thread-18050	6

time: 946690836.526064
diff: 18.473935961723328
waiting
going to web site
Hello world	Thread-18121	7

time: 946690855.5350641
diff: 35.46493589878082
waiting
going to web site
Hello world	Thread-18283	7

time: 946690891.5350641
diff: 28.464935898780823
waiting
going to web site
Hello world	Thread-18394	6

time: 946690920.5350641
diff: 17.464935898780823
waiting
going to web site
Hello world	Thread-18474	7

time: 946690938.5350641
diff: 25.464935898780823
waiting
going to web site
Hello world	Thread-18591	5

time: 946690964.5350641
diff: 6.464935898780823
waiting
going to web site
Hello world	Thread-18615	7

time: 946690971.5350641
diff: 25.464935898780823
waiting
going to web site
Hello world	Thread-18731	6

time: 946690997.5350641
diff: 33.46493589878082
waiting
going to web site
Hello world	Thread-18882	5

time: 946691031.5350641
diff: 26.464935898780823
waiting
going to web site
Hello world	Thread-19005	4

time: 946691058.5350641
diff: 18.464935898780823
waiting
going to web site
Hello world	Thread-19080	6

time: 946691077.5350641
diff: 20.464935898780823
waiting
going to web site
Hello world	Thread-19176	6

time: 946691098.542065
diff: 28.457934975624084
waiting
going to web site
Hello world	Thread-19305	5

time: 946691127.530064
diff: 15.46993601322174
waiting
going to web site
Hello world	Thread-19376	3

time: 946691143.526065
diff: 23.47393500804901
waiting
going to web site
Hello world	Thread-19484	4

time: 946691167.544065
diff: 23.45593500137329
waiting
going to web site
Hello world	Thread-19591	5

time: 946691191.544065
diff: 23.45593500137329
waiting
going to web site
Hello world	Thread-19700	6

time: 946691215.544065
diff: 15.455935001373291
waiting
going to web site
Hello world	Thread-19779	5

time: 946691231.5480651
diff: 29.451934933662415
waiting
going to web site
Hello world	Thread-19917	6

time: 946691261.526064
diff: 14.473935961723328
waiting
going to web site
Hello world	Thread-19981	7

time: 946691276.526064
diff: 23.473935961723328
waiting
going to web site
Hello world	Thread-20093	3

time: 946691300.5350641
diff: 31.464935898780823
waiting
going to web site
Hello world	Thread-20251	5

time: 946691332.526064
diff: 20.473935961723328
waiting
going to web site
Hello world	Thread-20345	6

time: 946691353.5350641
diff: 17.464935898780823
waiting
going to web site
Hello world	Thread-20435	4

time: 946691371.5350641
diff: 9.464935898780823
waiting
going to web site
Hello world	Thread-20490	5

time: 946691381.526064
diff: 16.473935961723328
waiting
going to web site
Hello world	Thread-20576	8

time: 946691398.5350641
diff: 32.46493589878082
waiting
going to web site
Hello world	Thread-20727	6

time: 946691431.5350641
diff: 23.464935898780823
waiting
going to web site
Hello world	Thread-20841	7

time: 946691455.5350641
diff: 20.464935898780823
waiting
going to web site
Hello world	Thread-20940	7

time: 946691476.5350641
diff: 25.464935898780823
waiting
going to web site
Hello world	Thread-21067	7

time: 946691502.536033
diff: 19.463966965675354
waiting
going to web site
Hello world	Thread-21158	7

time: 946691522.5350641
diff: 15.464935898780823
waiting
going to web site
Hello world	Thread-21236	5

time: 946691538.5350641
diff: 14.464935898780823
waiting
going to web site
Hello world	Thread-21305	4

time: 946691553.526064
diff: 30.473935961723328
waiting
going to web site
Hello world	Thread-21439	7

time: 946691584.5350649
diff: 15.464935064315796
waiting
going to web site
Hello world	Thread-21515	5

time: 946691600.539065
diff: 7.460934996604919
waiting
going to web site
Hello world	Thread-21549	4

time: 946691608.5350641
diff: 28.464935898780823
waiting
going to web site
Hello world	Thread-21681	5

time: 946691637.5350641
diff: 34.46493589878082
waiting
going to web site
Hello world	Thread-21827	6

time: 946691672.526064
diff: 7.473935961723328
waiting
going to web site
Hello world	Thread-21872	5

time: 946691680.526064
diff: 17.473935961723328
waiting
going to web site
Hello world	Thread-21944	6

time: 946691698.528064
diff: 14.471935987472534
waiting
going to web site
Hello world	Thread-22019	3

time: 946691713.5350641
diff: 34.46493589878082
waiting
going to web site
Hello world	Thread-22169	7

time: 946691748.5350641
diff: 24.464935898780823
waiting
going to web site
Hello world	Thread-22277	7

time: 946691773.5350641
diff: 21.464935898780823
waiting
going to web site
Hello world	Thread-22375	4

time: 946691795.5350641
diff: 20.464935898780823
waiting
going to web site
Hello world	Thread-22464	5

time: 946691816.832832
diff: 31.167168021202087
waiting
going to web site
Hello world	Thread-22601	3

time: 946691848.841833
diff: 10.158167004585266
waiting
going to web site
Hello world	Thread-22661	2

time: 946691860.841833
diff: 36.158167004585266
waiting
going to web site
Hello world	Thread-22826	4

time: 946691897.841833
diff: 15.158167004585266
waiting
going to web site
Hello world	Thread-22908	2

time: 946691916.841833
diff: 14.158167004585266
waiting
going to web site
Hello world	Thread-22971	2

time: 946691931.841833
diff: 27.158167004585266
waiting
going to web site
Hello world	Thread-23112	2

time: 946691959.841833
diff: 24.158167004585266
waiting
going to web site
Hello world	Thread-23224	5

time: 946691984.832833
diff: 27.16716694831848
waiting
going to web site
Hello world	Thread-23355	5

time: 946692012.832832
diff: 15.167168021202087
waiting
going to web site
Hello world	Thread-23439	2

time: 946692029.851833
diff: 19.14816701412201
waiting
going to web site
Hello world	Thread-23544	2

time: 946692050.842833
diff: 13.157166957855225
waiting
going to web site
Hello world	Thread-23609	3

time: 946692064.841833
diff: 25.158167004585266
waiting
going to web site
Hello world	Thread-23733	3

time: 946692090.832833
diff: 26.16716694831848
waiting
going to web site
Hello world	Thread-23860	5

time: 946692117.841833
diff: 17.158167004585266
waiting
going to web site
Hello world	Thread-23944	2

time: 946692135.841833
diff: 26.158167004585266
waiting
going to web site
Hello world	Thread-24072	3

time: 946692163.841833
diff: 19.158167004585266
waiting
going to web site
Hello world	Thread-24162	4

time: 946692183.832833
diff: 16.16716694831848
waiting
going to web site
Hello world	Thread-24237	5

time: 946692200.832832
diff: 33.16716802120209
waiting
going to web site
Hello world	Thread-24392	4

time: 946692234.841833
diff: 8.158167004585266
waiting
going to web site
Hello world	Thread-24440	4

time: 946692244.836833
diff: 22.163166999816895
waiting
going to web site
Hello world	Thread-24545	5

time: 946692267.832832
diff: 15.167168021202087
waiting
going to web site
Hello world	Thread-24621	2

time: 946692283.832833
diff: 10.167166948318481
waiting
going to web site
Hello world	Thread-24663	4

time: 946692294.832832
diff: 30.167168021202087
waiting
going to web site
Hello world	Thread-24806	4

time: 946692325.841833
diff: 17.158167004585266
waiting
going to web site
Hello world	Thread-24884	5

time: 946692344.833833
diff: 7.1661670207977295
waiting
going to web site
Hello world	Thread-24916	3

time: 946692352.832833
diff: 15.167166948318481
waiting
going to web site
Hello world	Thread-24987	2

time: 946692368.832832
diff: 37.16716802120209
waiting
going to web site
Hello world	Thread-25149	3

time: 946692406.832833
diff: 19.16716694831848
waiting
going to web site
Hello world	Thread-25231	6

time: 946692426.6995599
diff: 22.300440073013306
waiting
going to web site
Hello world	Thread-25330	2

time: 946692449.699561
diff: 34.3004390001297
waiting
going to web site
Hello world	Thread-25474	4

time: 946692484.699561
diff: 28.3004390001297
waiting
going to web site
Hello world	Thread-25602	3

time: 946692513.699561
diff: 12.3004390001297
waiting
going to web site
Hello world	Thread-25649	5

time: 946692526.699561
diff: 29.3004390001297
waiting
going to web site
Hello world	Thread-25779	5

time: 946692556.699561
diff: 22.3004390001297
waiting
going to web site
Hello world	Thread-25878	5

time: 946692579.699561
diff: 16.3004390001297
waiting
going to web site
Hello world	Thread-25946	3

time: 946692596.699561
diff: 25.3004390001297
waiting
going to web site
Hello world	Thread-26062	5

time: 946692622.699561
diff: 32.3004390001297
waiting
going to web site
Hello world	Thread-26190	3

time: 946692655.699561
diff: 6.3004390001297
waiting
going to web site
Hello world	Thread-26214	5

time: 946692662.714561
diff: 36.285439014434814
waiting
going to web site
Hello world	Thread-26345	2

time: 946692699.703561
diff: 11.296439051628113
waiting
going to web site
Hello world	Thread-26380	2

time: 946692711.699561
diff: 26.3004390001297
waiting
going to web site
Hello world	Thread-26459	4

time: 946692738.699561
diff: 26.3004390001297
waiting
going to web site
Hello world	Thread-26523	4

time: 946692765.699561
diff: 17.3004390001297
waiting
going to web site
Hello world	Thread-26567	4

time: 946692783.699561
diff: 28.3004390001297
waiting
going to web site
Hello world	Thread-26634	2

time: 946692812.699561
diff: 25.3004390001297
waiting
going to web site
Hello world	Thread-26678	2

time: 946692838.699561
diff: 22.3004390001297
waiting
going to web site
Hello world	Thread-26712	3

time: 946692861.699561
diff: 31.3004390001297
waiting
going to web site
Hello world	Thread-26751	2

time: 946692893.699561
diff: 14.3004390001297
waiting
going to web site
Hello world	Thread-26769	2

time: 946692908.699561
diff: 8.3004390001297
waiting
going to web site
Hello world	Thread-26774	2

