time: 946686600.0
diff: 0.0
going to web site
Hello world	Thread-25	7

time: 946686607.656908
diff: 52.34309196472168
waiting
going to web site
Hello world	Thread-43	8

time: 946686660.646908
diff: 119.35309195518494
waiting
going to web site
Hello world	Thread-130	5

time: 946686783.656908
diff: 116.34309196472168
waiting
going to web site
Hello world	Thread-172	8

time: 946686900.646908
diff: 120.35309195518494
waiting
going to web site
Hello world	Thread-250	8

time: 946687021.656522
diff: 59.343477964401245
waiting
going to web site
Hello world	Thread-287	7

time: 946687084.656908
diff: 116.34309196472168
waiting
going to web site
Hello world	Thread-341	3

time: 946687201.675449
diff: 119.32455098628998
waiting
going to web site
Hello world	Thread-417	6

time: 946687324.658364
diff: 56.341635942459106
waiting
going to web site
Hello world	Thread-437	4

time: 946687381.6663641
diff: 119.33363592624664
waiting
going to web site
Hello world	Thread-502	3

time: 946687501.6667511
diff: 120.33324885368347
waiting
going to web site
Hello world	Thread-591	4

time: 946687629.668364
diff: 112.33163595199585
waiting
going to web site
Hello world	Thread-644	2

time: 946687743.6667501
diff: 58.33324992656708
waiting
going to web site
Hello world	Thread-683	4

time: 946687809.659364
diff: 52.340636014938354
waiting
going to web site
Hello world	Thread-724	4

time: 946687869.659364
diff: 52.340636014938354
waiting
going to web site
Hello world	Thread-762	6

time: 946687929.658365
diff: 52.34163498878479
waiting
going to web site
Hello world	Thread-789	3

time: 946687985.658365
diff: 56.34163498878479
waiting
going to web site
Hello world	Thread-820	2

time: 946688045.658365
diff: 57.34163498878479
waiting
going to web site
Hello world	Thread-856	5

time: 946688110.668364
diff: 112.33163595199585
waiting
going to web site
Hello world	Thread-910	2

time: 946688224.658364
diff: 58.341635942459106
waiting
going to web site
Hello world	Thread-948	3

