time: 946686600.0
diff: 0.0
going to web site
Hello world	Thread-195	7

time: 946686783.8223871
diff: -63.82238709926605
going to web site
Hello world	Thread-201	7

time: 946686784.403043
diff: -3.403043031692505
going to web site
Hello world	Thread-207	6

time: 946686784.9836991
diff: 56.01630091667175
waiting
going to web site
Hello world	Thread-325	4

time: 946686856.588657
diff: 44.41134297847748
waiting
going to web site
Hello world	Thread-364	4

time: 946686904.603656
diff: 116.39634394645691
waiting
going to web site
Hello world	Thread-480	6

time: 946687021.59157
diff: 119.40842998027802
waiting
going to web site
Hello world	Thread-631	7

time: 946687148.590656
diff: 112.409343957901
waiting
going to web site
Hello world	Thread-703	7

time: 946687261.592492
diff: 120.40750801563263
waiting
going to web site
Hello world	Thread-880	2

time: 946687382.702233
diff: 59.29776704311371
waiting
going to web site
Hello world	Thread-1009	2

time: 946687473.7002331
diff: 28.299766898155212
waiting
going to web site
Hello world	Thread-1154	4

time: 946687623.96857
diff: -61.96856999397278
going to web site
Hello world	Thread-1160	4

time: 946687624.553226
diff: -2.5532259941101074
going to web site
Hello world	Thread-1165	2

time: 946687625.1338819
diff: 56.86611807346344
waiting
going to web site
Hello world	Thread-1365	4

time: 946687806.02644
diff: -64.02644002437592
going to web site
Hello world	Thread-1372	4

time: 946687807.662224
diff: 55.33777594566345
waiting
going to web site
Hello world	Thread-1446	3

time: 946687870.6450961
diff: 52.35490393638611
waiting
going to web site
Hello world	Thread-1516	4

time: 946687930.6397849
diff: 52.360215067863464
waiting
going to web site
Hello world	Thread-1550	5

time: 946687983.651962
diff: 59.34803795814514
waiting
going to web site
Hello world	Thread-1749	5

time: 946688163.991441
diff: -60.99144101142883
going to web site
Hello world	Thread-1757	6

time: 946688164.582097
diff: 58.41790294647217
waiting
going to web site
Hello world	Thread-1958	5

time: 946688347.008716
diff: -63.008715987205505
going to web site
Hello world	Thread-1963	6

