time: 946686600.0
diff: 221.0
waiting
going to web site
Hello world	Thread-1185	3

time: 946686821.5340331
diff: -0.5340330600738525
going to web site
Hello world	Thread-1187	4

time: 946686822.060097
diff: -1.0600969791412354
going to web site
Hello world	Thread-1190	2

time: 946686822.595161
diff: -1.595160961151123
going to web site
Hello world	Thread-1193	4

time: 946686823.129225
diff: -2.129225015640259
going to web site
Hello world	Thread-1200	6

time: 946686823.664289
diff: -2.6642889976501465
going to web site
Hello world	Thread-1201	3

time: 946686824.190353
diff: -2.190353035926819
going to web site
Hello world	Thread-1206	4

time: 946686824.731417
diff: -1.731416940689087
going to web site
Hello world	Thread-1207	3

time: 946686825.257481
diff: -1.2574809789657593
going to web site
Hello world	Thread-1214	2

time: 946686825.7925451
diff: -0.7925450801849365
going to web site
Hello world	Thread-1215	4

time: 946686826.324609
diff: 7.675390958786011
waiting
going to web site
Hello world	Thread-1259	4

time: 946686834.526064
diff: -0.5260640382766724
going to web site
Hello world	Thread-1262	4

time: 946686835.052128
diff: 4.947872042655945
waiting
going to web site
Hello world	Thread-1285	6

time: 946686840.539065
diff: -0.5390650033950806
going to web site
Hello world	Thread-1290	2

time: 946686841.0651289
diff: 3.9348710775375366
waiting
going to web site
Hello world	Thread-439	3

time: 946686845.539065
diff: 4.460934996604919
waiting
going to web site
Hello world	Thread-458	6

time: 946686850.541672
diff: 26.458328008651733
waiting
going to web site
Hello world	Thread-550	3

time: 946686877.526065
diff: 15.473935008049011
waiting
going to web site
Hello world	Thread-611	2

time: 946686893.536065
diff: 19.463935017585754
waiting
going to web site
Hello world	Thread-694	8

time: 946686913.542133
diff: 24.45786702632904
waiting
going to web site
Hello world	Thread-793	5

time: 946686938.536065
diff: 15.463935017585754
waiting
going to web site
Hello world	Thread-869	8

time: 946686954.543065
diff: 17.456935048103333
waiting
going to web site
Hello world	Thread-954	6

time: 946686972.5350649
diff: 18.464935064315796
waiting
going to web site
Hello world	Thread-1037	6

time: 946686991.544065
diff: 21.45593500137329
waiting
going to web site
Hello world	Thread-1138	8

time: 946687013.5350649
diff: 15.464935064315796
waiting
going to web site
Hello world	Thread-1214	6

time: 946687029.536065
diff: 15.463935017585754
waiting
going to web site
Hello world	Thread-1290	8

time: 946687045.542065
diff: 41.457934975624084
waiting
going to web site
Hello world	Thread-1481	5

time: 946687087.538037
diff: 20.461963057518005
waiting
going to web site
Hello world	Thread-1571	5

time: 946687108.544065
diff: 26.45593500137329
waiting
going to web site
Hello world	Thread-1686	6

time: 946687135.544065
diff: 11.455935001373291
waiting
going to web site
Hello world	Thread-1732	7

time: 946687147.551113
diff: 29.44888699054718
waiting
going to web site
Hello world	Thread-1853	4

time: 946687177.5350641
diff: 19.464935898780823
waiting
going to web site
Hello world	Thread-1940	7

time: 946687197.5350641
diff: 21.464935898780823
waiting
going to web site
Hello world	Thread-2038	5

time: 946687219.5345191
diff: 36.46548092365265
waiting
going to web site
Hello world	Thread-2196	4

time: 946687256.528064
diff: 18.471935987472534
waiting
going to web site
Hello world	Thread-2283	7

time: 946687275.5330639
diff: 6.466936111450195
waiting
going to web site
Hello world	Thread-2313	7

time: 946687282.5350649
diff: 42.464935064315796
waiting
going to web site
Hello world	Thread-2495	2

time: 946687325.5350649
diff: 25.464935064315796
waiting
going to web site
Hello world	Thread-2612	2

time: 946687351.5350649
diff: 24.464935064315796
waiting
going to web site
Hello world	Thread-2727	4

time: 946687376.544065
diff: 13.455935001373291
waiting
going to web site
Hello world	Thread-2789	6

time: 946687390.544549
diff: 19.455451011657715
waiting
going to web site
Hello world	Thread-2874	5

time: 946687410.536065
diff: 27.463935017585754
waiting
going to web site
Hello world	Thread-2995	3

time: 946687438.842833
diff: 19.157166957855225
waiting
going to web site
Hello world	Thread-3089	4

time: 946687458.832832
diff: 23.167168021202087
waiting
going to web site
Hello world	Thread-3190	3

time: 946687482.851833
diff: -0.8518329858779907
going to web site
Hello world	Thread-3191	6

time: 946687483.688449
diff: 23.311550974845886
waiting
going to web site
Hello world	Thread-3297	4

time: 946687507.832832
diff: 37.16716802120209
waiting
going to web site
Hello world	Thread-3472	4

time: 946687546.842833
diff: 15.157166957855225
waiting
going to web site
Hello world	Thread-3537	3

time: 946687562.832832
diff: 25.167168021202087
waiting
going to web site
Hello world	Thread-3653	2

time: 946687588.842041
diff: 21.157958984375
waiting
going to web site
Hello world	Thread-3753	4

time: 946687611.832832
diff: 21.167168021202087
waiting
going to web site
Hello world	Thread-3849	4

time: 946687633.845833
diff: 36.15416705608368
waiting
going to web site
Hello world	Thread-4007	5

time: 946687670.841833
diff: 8.158167004585266
waiting
going to web site
Hello world	Thread-4047	3

time: 946687679.841833
diff: 30.158167004585266
waiting
going to web site
Hello world	Thread-4186	4

time: 946687711.841833
diff: 21.158167004585266
waiting
going to web site
Hello world	Thread-4293	2

time: 946687733.841833
diff: 22.158167004585266
waiting
going to web site
Hello world	Thread-4388	2

time: 946687756.841833
diff: 20.158167004585266
waiting
going to web site
Hello world	Thread-4491	3

time: 946687778.832833
diff: 34.16716694831848
waiting
going to web site
Hello world	Thread-4645	3

time: 946687813.832832
diff: 12.167168021202087
waiting
going to web site
Hello world	Thread-4709	3

time: 946687826.841833
diff: 12.158167004585266
waiting
going to web site
Hello world	Thread-4760	2

time: 946687839.841833
diff: 30.158167004585266
waiting
going to web site
Hello world	Thread-4905	2

time: 946687870.841865
diff: 7.1581350564956665
waiting
going to web site
Hello world	Thread-4936	3

time: 946687878.832833
diff: 26.16716694831848
waiting
going to web site
Hello world	Thread-5064	3

time: 946687905.832832
diff: 20.167168021202087
waiting
going to web site
Hello world	Thread-5164	2

time: 946687926.851665
diff: 18.148334980010986
waiting
going to web site
Hello world	Thread-5248	5

time: 946687945.832832
diff: 25.167168021202087
waiting
going to web site
Hello world	Thread-5376	3

time: 946687971.841833
diff: 20.158167004585266
waiting
going to web site
Hello world	Thread-5474	2

time: 946687992.8434801
diff: 18.156519889831543
waiting
going to web site
Hello world	Thread-5557	4

time: 946688011.832832
diff: 35.16716802120209
waiting
going to web site
Hello world	Thread-5718	5

time: 946688047.8398329
diff: 17.16016709804535
waiting
going to web site
Hello world	Thread-5799	4

time: 946688065.841833
diff: 21.158167004585266
waiting
going to web site
Hello world	Thread-5904	2

time: 946688087.841833
diff: 15.158167004585266
waiting
going to web site
Hello world	Thread-5968	5

time: 946688104.841833
diff: 19.158167004585266
waiting
going to web site
Hello world	Thread-6066	2

time: 946688125.841833
diff: 23.158167004585266
waiting
going to web site
Hello world	Thread-6167	5

time: 946688149.841833
diff: 9.158167004585266
waiting
going to web site
Hello world	Thread-6206	2

time: 946688159.841833
diff: 25.158167004585266
waiting
going to web site
Hello world	Thread-6322	6

time: 946688185.834833
diff: 27.165166974067688
waiting
going to web site
Hello world	Thread-6440	4

time: 946688213.832832
diff: 26.167168021202087
waiting
going to web site
Hello world	Thread-6561	3

time: 946688240.841833
diff: 23.158167004585266
waiting
going to web site
Hello world	Thread-6671	3

time: 946688264.842417
diff: 12.157582998275757
waiting
going to web site
Hello world	Thread-6717	6

time: 946688277.832832
diff: 34.16716802120209
waiting
going to web site
Hello world	Thread-6886	3

time: 946688313.854833
diff: 22.145166993141174
waiting
going to web site
Hello world	Thread-6984	3

time: 946688336.832832
diff: 23.167168021202087
waiting
going to web site
Hello world	Thread-7089	3

time: 946688360.841833
diff: 20.158167004585266
waiting
going to web site
Hello world	Thread-7184	3

time: 946688381.832833
diff: 26.16716694831848
waiting
going to web site
Hello world	Thread-7302	3

time: 946688408.832832
diff: 29.167168021202087
waiting
going to web site
Hello world	Thread-7438	4

time: 946688438.841833
diff: 9.158167004585266
waiting
going to web site
Hello world	Thread-7483	3

time: 946688448.841833
diff: 21.158167004585266
waiting
going to web site
Hello world	Thread-7581	5

time: 946688470.841833
diff: 30.158167004585266
waiting
going to web site
Hello world	Thread-7719	4

time: 946688501.832833
diff: 20.16716694831848
waiting
going to web site
Hello world	Thread-7813	3

time: 946688522.832832
diff: 2.1671680212020874
waiting
going to web site
Hello world	Thread-7819	2

time: 946688525.832833
diff: 32.16716694831848
waiting
going to web site
Hello world	Thread-7965	4

time: 946688558.836832
diff: 22.16316795349121
waiting
going to web site
Hello world	Thread-8064	3

time: 946688581.832832
diff: 9.167168021202087
waiting
going to web site
Hello world	Thread-8112	3

time: 946688591.841833
diff: 26.158167004585266
waiting
going to web site
Hello world	Thread-8229	3

time: 946688618.832833
diff: 14.167166948318481
waiting
going to web site
Hello world	Thread-8293	3

time: 946688633.832832
diff: 22.167168021202087
waiting
going to web site
Hello world	Thread-8391	2

time: 946688656.5350649
diff: 31.464935064315796
waiting
going to web site
Hello world	Thread-8522	7

time: 946688688.526065
diff: 37.47393500804901
waiting
going to web site
Hello world	Thread-8677	4

time: 946688726.544065
diff: 23.45593500137329
waiting
going to web site
Hello world	Thread-8774	5

time: 946688750.5448331
diff: 25.455166935920715
waiting
going to web site
Hello world	Thread-8868	6

time: 946688776.5350641
diff: 15.464935898780823
waiting
going to web site
Hello world	Thread-8926	5

time: 946688792.5350641
diff: 35.46493589878082
waiting
going to web site
Hello world	Thread-9076	6

time: 946688828.5350649
diff: 14.464935064315796
waiting
going to web site
Hello world	Thread-9146	3

time: 946688843.526065
diff: 30.47393500804901
waiting
going to web site
Hello world	Thread-9274	4

time: 946688874.544065
diff: 15.455935001373291
waiting
going to web site
Hello world	Thread-9347	7

time: 946688890.540065
diff: 27.459934949874878
waiting
going to web site
Hello world	Thread-9466	3

time: 946688918.526064
diff: 24.473935961723328
waiting
going to web site
Hello world	Thread-9576	3

time: 946688943.526064
diff: 28.473935961723328
waiting
going to web site
Hello world	Thread-9712	4

time: 946688972.526064
diff: 19.473935961723328
waiting
going to web site
Hello world	Thread-9800	7

time: 946688992.535417
diff: 29.464583039283752
waiting
going to web site
Hello world	Thread-9940	4

time: 946689022.5351651
diff: 11.464834928512573
waiting
going to web site
Hello world	Thread-9996	5

time: 946689034.5350641
diff: 13.464935898780823
waiting
going to web site
Hello world	Thread-10055	5

time: 946689048.526064
diff: 26.473935961723328
waiting
going to web site
Hello world	Thread-10183	7

time: 946689075.5350641
diff: 24.464935898780823
waiting
going to web site
Hello world	Thread-10293	7

time: 946689100.5350641
diff: 11.464935898780823
waiting
going to web site
Hello world	Thread-10350	6

time: 946689112.530064
diff: 26.46993601322174
waiting
going to web site
Hello world	Thread-10480	7

time: 946689139.5350649
diff: 26.464935064315796
waiting
going to web site
Hello world	Thread-10611	3

time: 946689166.5350649
diff: 20.464935064315796
waiting
going to web site
Hello world	Thread-10714	5

time: 946689187.544065
diff: -0.544064998626709
going to web site
Hello world	Thread-10718	2

time: 946689188.070129
diff: 25.92987096309662
waiting
going to web site
Hello world	Thread-10840	7

time: 946689214.5294169
diff: 23.470583081245422
waiting
going to web site
Hello world	Thread-10956	3

time: 946689238.5350649
diff: 20.464935064315796
waiting
going to web site
Hello world	Thread-11069	3

time: 946689260.841921
diff: 25.158079028129578
waiting
going to web site
Hello world	Thread-11191	2

time: 946689287.842833
diff: 16.157166957855225
waiting
going to web site
Hello world	Thread-11274	4

time: 946689304.832832
diff: 32.16716802120209
waiting
going to web site
Hello world	Thread-11433	3

time: 946689337.841833
diff: 19.158167004585266
waiting
going to web site
Hello world	Thread-11520	2

time: 946689357.841833
diff: 23.158167004585266
waiting
going to web site
Hello world	Thread-11632	7

time: 946689381.832833
diff: 8.167166948318481
waiting
going to web site
Hello world	Thread-11677	3

time: 946689390.832832
diff: 16.167168021202087
waiting
going to web site
Hello world	Thread-11759	4

time: 946689408.841833
diff: 20.158167004585266
waiting
going to web site
Hello world	Thread-11852	4

time: 946689429.832833
diff: 27.16716694831848
waiting
going to web site
Hello world	Thread-11978	5

time: 946689457.832832
diff: 20.167168021202087
waiting
going to web site
Hello world	Thread-12096	2

time: 946689481.860833
diff: 23.139166951179504
waiting
going to web site
Hello world	Thread-12197	3

time: 946689505.832832
diff: 25.167168021202087
waiting
going to web site
Hello world	Thread-12312	3

time: 946689531.832833
diff: 4.1671669483184814
waiting
going to web site
Hello world	Thread-12336	5

time: 946689536.832832
diff: 24.167168021202087
waiting
going to web site
Hello world	Thread-12458	5

time: 946689561.836833
diff: 17.163166999816895
waiting
going to web site
Hello world	Thread-12531	4

time: 946689579.832832
diff: 29.167168021202087
waiting
going to web site
Hello world	Thread-12666	4

time: 946689609.841833
diff: 18.158167004585266
waiting
going to web site
Hello world	Thread-12753	5

time: 946689628.832833
diff: 22.16716694831848
waiting
going to web site
Hello world	Thread-12862	5

time: 946689651.832832
diff: 32.16716802120209
waiting
going to web site
Hello world	Thread-13032	4

time: 946689685.841833
diff: 22.158167004585266
waiting
going to web site
Hello world	Thread-13124	2

time: 946689708.832833
diff: 23.16716694831848
waiting
going to web site
Hello world	Thread-13231	4

time: 946689732.832832
diff: 13.167168021202087
waiting
going to web site
Hello world	Thread-13304	4

time: 946689747.841833
diff: 16.158167004585266
waiting
going to web site
Hello world	Thread-13386	3

time: 946689764.841833
diff: 15.158167004585266
waiting
going to web site
Hello world	Thread-13454	3

time: 946689780.841833
diff: 32.158167004585266
waiting
going to web site
Hello world	Thread-13605	5

time: 946689813.841833
diff: 8.158167004585266
waiting
going to web site
Hello world	Thread-13651	2

time: 946689822.841833
diff: 22.158167004585266
waiting
going to web site
Hello world	Thread-13753	2

time: 946689845.841833
diff: 16.158167004585266
waiting
going to web site
Hello world	Thread-13835	5

time: 946689862.832833
diff: 20.16716694831848
waiting
going to web site
Hello world	Thread-13933	5

time: 946689883.832832
diff: 22.167168021202087
waiting
going to web site
Hello world	Thread-14041	7

time: 946689906.832833
diff: 23.16716694831848
waiting
going to web site
Hello world	Thread-14139	6

time: 946689930.832832
diff: 30.167168021202087
waiting
going to web site
Hello world	Thread-14283	4

time: 946689962.841833
diff: 13.158167004585266
waiting
going to web site
Hello world	Thread-14331	2

time: 946689976.841833
diff: 34.158167004585266
waiting
going to web site
Hello world	Thread-14493	2

time: 946690011.841833
diff: 7.158167004585266
waiting
going to web site
Hello world	Thread-14528	3

time: 946690019.841833
diff: 24.158167004585266
waiting
going to web site
Hello world	Thread-14638	3

time: 946690045.841833
diff: 28.158167004585266
waiting
going to web site
Hello world	Thread-14760	5

time: 946690074.851665
diff: 23.148334980010986
waiting
going to web site
Hello world	Thread-14864	3

time: 946690098.832832
diff: 31.167168021202087
waiting
going to web site
Hello world	Thread-15003	4

time: 946690130.841833
diff: 28.158167004585266
waiting
going to web site
Hello world	Thread-15127	4

time: 946690160.859833
diff: 14.140166997909546
waiting
going to web site
Hello world	Thread-15188	6

time: 946690175.832832
diff: 13.167168021202087
waiting
going to web site
Hello world	Thread-15246	2

time: 946690189.841833
diff: 29.158167004585266
waiting
going to web site
Hello world	Thread-15373	3

time: 946690219.832833
diff: 18.16716694831848
waiting
going to web site
Hello world	Thread-15460	4

time: 946690238.832832
diff: 26.167168021202087
waiting
going to web site
Hello world	Thread-15579	3

time: 946690265.849833
diff: 24.150166988372803
waiting
going to web site
Hello world	Thread-15692	2

time: 946690290.836832
diff: 15.163167953491211
waiting
going to web site
Hello world	Thread-15755	3

time: 946690306.832832
diff: 31.167168021202087
waiting
going to web site
Hello world	Thread-15901	4

time: 946690339.841833
diff: 23.158167004585266
waiting
going to web site
Hello world	Thread-16004	5

time: 946690364.849833
diff: 12.150166988372803
waiting
going to web site
Hello world	Thread-16063	3

time: 946690377.832832
diff: 25.167168021202087
waiting
going to web site
Hello world	Thread-16177	5

time: 946690403.841833
diff: 22.158167004585266
waiting
going to web site
Hello world	Thread-16273	3

time: 946690426.832833
diff: 22.16716694831848
waiting
going to web site
Hello world	Thread-16373	5

time: 946690449.832832
diff: 15.167168021202087
waiting
going to web site
Hello world	Thread-16444	5

time: 946690465.841833
diff: 24.158167004585266
waiting
going to web site
Hello world	Thread-16572	2

time: 946690493.851393
diff: 14.148607015609741
waiting
going to web site
Hello world	Thread-16631	6

time: 946690508.832833
diff: 29.16716694831848
waiting
going to web site
Hello world	Thread-16764	4

time: 946690538.841833
diff: 27.158167004585266
waiting
going to web site
Hello world	Thread-16890	3

time: 946690566.845833
diff: 29.15416705608368
waiting
going to web site
Hello world	Thread-17025	4

time: 946690597.841833
diff: 11.158167004585266
waiting
going to web site
Hello world	Thread-17065	4

time: 946690609.841833
diff: 17.158167004585266
waiting
going to web site
Hello world	Thread-17148	3

time: 946690627.832833
diff: 24.16716694831848
waiting
going to web site
Hello world	Thread-17250	6

time: 946690652.832832
diff: 24.167168021202087
waiting
going to web site
Hello world	Thread-17354	5

time: 946690677.841833
diff: 21.158167004585266
waiting
going to web site
Hello world	Thread-17458	4

time: 946690699.841833
diff: 20.158167004585266
waiting
going to web site
Hello world	Thread-17548	5

time: 946690720.841833
diff: 10.158167004585266
waiting
going to web site
Hello world	Thread-17595	2

time: 946690731.841833
diff: 38.158167004585266
waiting
going to web site
Hello world	Thread-17776	4

time: 946690771.8418959
diff: 13.158104062080383
waiting
going to web site
Hello world	Thread-17834	2

time: 946690785.841833
diff: 39.158167004585266
waiting
going to web site
Hello world	Thread-18002	4

time: 946690825.845833
diff: 17.15416705608368
waiting
going to web site
Hello world	Thread-18078	2

time: 946690843.841833
diff: 20.158167004585266
waiting
going to web site
Hello world	Thread-18163	3

time: 946690864.841833
diff: 25.158167004585266
waiting
going to web site
Hello world	Thread-18282	2

time: 946690890.841833
diff: 17.158167004585266
waiting
going to web site
Hello world	Thread-18354	4

time: 946690908.841833
diff: 27.158167004585266
waiting
going to web site
Hello world	Thread-18470	3

time: 946690936.832833
diff: 24.16716694831848
waiting
going to web site
Hello world	Thread-18577	5

time: 946690961.832832
diff: 25.167168021202087
waiting
going to web site
Hello world	Thread-18690	3

time: 946690987.832833
diff: 18.16716694831848
waiting
going to web site
Hello world	Thread-18778	2

time: 946691006.832832
diff: 30.167168021202087
waiting
going to web site
Hello world	Thread-18907	3

time: 946691037.832833
diff: 19.16716694831848
waiting
going to web site
Hello world	Thread-19001	5

time: 946691057.832832
diff: 20.167168021202087
waiting
going to web site
Hello world	Thread-19088	6

time: 946691078.544065
diff: 11.455935001373291
waiting
going to web site
Hello world	Thread-19141	7

time: 946691090.5350649
diff: 20.464935064315796
waiting
going to web site
Hello world	Thread-19231	7

time: 946691111.541065
diff: 30.458935022354126
waiting
going to web site
Hello world	Thread-19374	3

time: 946691142.536065
diff: 32.463935017585754
waiting
going to web site
Hello world	Thread-19528	4

time: 946691175.544065
diff: 7.455935001373291
waiting
going to web site
Hello world	Thread-19555	3

time: 946691183.526065
diff: 24.47393500804901
waiting
going to web site
Hello world	Thread-19668	6

time: 946691208.544065
diff: 26.45593500137329
waiting
going to web site
Hello world	Thread-19800	5

time: 946691235.5350649
diff: 27.464935064315796
waiting
going to web site
Hello world	Thread-19928	6

time: 946691263.544065
diff: 17.45593500137329
waiting
going to web site
Hello world	Thread-20009	4

time: 946691281.526065
diff: 13.473935008049011
waiting
going to web site
Hello world	Thread-20076	4

time: 946691295.526065
diff: 17.47393500804901
waiting
going to web site
Hello world	Thread-20159	7

time: 946691313.526065
diff: 23.47393500804901
waiting
going to web site
Hello world	Thread-20273	2

time: 946691337.5350649
diff: 25.464935064315796
waiting
going to web site
Hello world	Thread-20385	3

time: 946691363.5350649
diff: 16.464935064315796
waiting
going to web site
Hello world	Thread-20484	5

time: 946691380.5350649
diff: 25.464935064315796
waiting
going to web site
Hello world	Thread-20611	6

time: 946691406.5350649
diff: 22.464935064315796
waiting
going to web site
Hello world	Thread-20721	5

time: 946691429.526065
diff: 13.473935008049011
waiting
going to web site
Hello world	Thread-20788	2

time: 946691443.5350649
diff: 11.464935064315796
waiting
going to web site
Hello world	Thread-20842	5

time: 946691455.544065
diff: 21.45593500137329
waiting
going to web site
Hello world	Thread-20946	6

time: 946691477.544065
diff: 31.45593500137329
waiting
going to web site
Hello world	Thread-21097	3

time: 946691509.544065
diff: 5.455935001373291
waiting
going to web site
Hello world	Thread-21120	4

time: 946691515.539065
diff: 26.46093499660492
waiting
going to web site
Hello world	Thread-21254	4

time: 946691542.526064
diff: 30.473935961723328
waiting
going to web site
Hello world	Thread-21389	7

time: 946691573.526064
diff: 19.473935961723328
waiting
going to web site
Hello world	Thread-21482	6

time: 946691593.5350641
diff: 12.464935898780823
waiting
going to web site
Hello world	Thread-21541	5

time: 946691606.526064
diff: 23.473935961723328
waiting
going to web site
Hello world	Thread-21652	4

time: 946691630.5350641
diff: 21.464935898780823
waiting
going to web site
Hello world	Thread-21746	5

time: 946691652.5350641
diff: 11.464935898780823
waiting
going to web site
Hello world	Thread-21798	4

time: 946691664.526064
diff: 24.473935961723328
waiting
going to web site
Hello world	Thread-21910	4

time: 946691689.836832
diff: 30.16316795349121
waiting
going to web site
Hello world	Thread-22049	4

time: 946691720.832832
diff: 25.167168021202087
waiting
going to web site
Hello world	Thread-22162	4

time: 946691746.832833
diff: 18.16716694831848
waiting
going to web site
Hello world	Thread-22246	5

time: 946691765.832832
diff: 36.16716802120209
waiting
going to web site
Hello world	Thread-22403	3

time: 946691802.841833
diff: 21.158167004585266
waiting
going to web site
Hello world	Thread-22503	2

time: 946691824.841833
diff: 12.158167004585266
waiting
going to web site
Hello world	Thread-22558	3

time: 946691837.841833
diff: 27.158167004585266
waiting
going to web site
Hello world	Thread-22677	4

time: 946691865.841833
diff: 17.158167004585266
waiting
going to web site
Hello world	Thread-22763	2

time: 946691883.841833
diff: 33.158167004585266
waiting
going to web site
Hello world	Thread-22914	2

time: 946691917.841833
diff: 6.158167004585266
waiting
going to web site
Hello world	Thread-22947	2

time: 946691924.841833
diff: 23.158167004585266
waiting
going to web site
Hello world	Thread-23054	2

time: 946691948.841833
diff: 21.158167004585266
waiting
going to web site
Hello world	Thread-23160	5

time: 946691970.8588331
diff: 22.141166925430298
waiting
going to web site
Hello world	Thread-23270	6

time: 946691993.832832
diff: 28.167168021202087
waiting
going to web site
Hello world	Thread-23400	3

time: 946692022.841833
diff: 21.158167004585266
waiting
going to web site
Hello world	Thread-23508	3

time: 946692044.832833
diff: 10.167166948318481
waiting
going to web site
Hello world	Thread-23569	2

time: 946692055.832832
diff: 25.167168021202087
waiting
going to web site
Hello world	Thread-23687	2

time: 946692081.841833
diff: 19.158167004585266
waiting
going to web site
Hello world	Thread-23782	3

time: 946692101.832833
diff: 26.16716694831848
waiting
going to web site
Hello world	Thread-23912	4

time: 946692128.832832
diff: 26.167168021202087
waiting
going to web site
Hello world	Thread-24038	2

time: 946692155.841833
diff: 7.158167004585266
waiting
going to web site
Hello world	Thread-24074	2

time: 946692163.841833
diff: 21.158167004585266
waiting
going to web site
Hello world	Thread-24178	2

time: 946692186.845833
diff: 21.15416705608368
waiting
going to web site
Hello world	Thread-24291	3

time: 946692211.842833
diff: 14.157166957855225
waiting
going to web site
Hello world	Thread-24363	6

time: 946692226.832832
diff: 18.167168021202087
waiting
going to web site
Hello world	Thread-24462	2

time: 946692248.841833
diff: 10.158167004585266
waiting
going to web site
Hello world	Thread-24513	2

time: 946692259.841833
diff: 23.158167004585266
waiting
going to web site
Hello world	Thread-24623	4

time: 946692283.832833
diff: 29.16716694831848
waiting
going to web site
Hello world	Thread-24748	7

time: 946692313.526064
diff: 15.473935961723328
waiting
going to web site
Hello world	Thread-24818	7

time: 946692329.526064
diff: 35.47393596172333
waiting
going to web site
Hello world	Thread-24969	5

time: 946692365.5350641
diff: 25.464935898780823
waiting
going to web site
Hello world	Thread-25080	7

time: 946692391.526064
diff: 27.473935961723328
waiting
going to web site
Hello world	Thread-25198	7

time: 946692419.5350641
diff: 10.464935898780823
waiting
going to web site
Hello world	Thread-25247	7

time: 946692430.5345191
diff: 23.46548092365265
waiting
going to web site
Hello world	Thread-25346	3

time: 946692454.5350641
diff: 19.464935898780823
waiting
going to web site
Hello world	Thread-25437	6

time: 946692474.5350649
diff: 29.464935064315796
waiting
going to web site
Hello world	Thread-25556	2

time: 946692504.526065
diff: 31.47393500804901
waiting
going to web site
Hello world	Thread-25691	5

time: 946692536.526065
diff: 16.47393500804901
waiting
going to web site
Hello world	Thread-25761	7

time: 946692553.536325
diff: 19.463675022125244
waiting
going to web site
Hello world	Thread-25850	5

time: 946692573.544417
diff: 29.455582976341248
waiting
going to web site
Hello world	Thread-25977	5

time: 946692603.5350641
diff: 23.464935898780823
waiting
going to web site
Hello world	Thread-26079	6

time: 946692627.5350641
diff: 17.464935898780823
waiting
going to web site
Hello world	Thread-26147	5

time: 946692645.5345191
diff: 22.46548092365265
waiting
going to web site
Hello world	Thread-26230	6

time: 946692668.5350649
diff: 19.464935064315796
waiting
going to web site
Hello world	Thread-26303	6

time: 946692688.5350649
diff: 28.464935064315796
waiting
going to web site
Hello world	Thread-26397	6

time: 946692717.539065
diff: 22.46093499660492
waiting
going to web site
Hello world	Thread-26465	4

time: 946692740.5350641
diff: 33.46493589878082
waiting
going to web site
Hello world	Thread-26550	4

time: 946692774.526064
diff: 22.473935961723328
waiting
going to web site
Hello world	Thread-26599	2

time: 946692797.526064
diff: 10.473935961723328
waiting
going to web site
Hello world	Thread-26626	3

time: 946692808.526064
diff: 14.473935961723328
waiting
going to web site
Hello world	Thread-26651	3

