time: 946686600.0
diff: 170.0
waiting
going to web site
Hello world	Thread-926	2

time: 946686770.849712
diff: -0.8497120141983032
going to web site
Hello world	Thread-928	3

time: 946686771.686424
diff: -1.6864240169525146
going to web site
Hello world	Thread-933	2

time: 946686772.538136
diff: -2.5381360054016113
going to web site
Hello world	Thread-935	2

time: 946686773.374848
diff: -3.3748480081558228
going to web site
Hello world	Thread-939	2

time: 946686774.2115599
diff: -4.211559891700745
going to web site
Hello world	Thread-943	2

time: 946686775.0629209
diff: -1.0629209280014038
going to web site
Hello world	Thread-946	2

time: 946686775.900633
diff: 4.099367022514343
waiting
going to web site
Hello world	Thread-250	2

time: 946686780.8417131
diff: 20.158286929130554
waiting
going to web site
Hello world	Thread-307	5

time: 946686801.839712
diff: 3.1602879762649536
waiting
going to web site
Hello world	Thread-1077	4

time: 946686805.847712
diff: 5.15228796005249
waiting
going to web site
Hello world	Thread-1127	3

time: 946686811.8367119
diff: -0.8367118835449219
going to web site
Hello world	Thread-1130	2

time: 946686812.680424
diff: -1.6804239749908447
going to web site
Hello world	Thread-1134	2

time: 946686813.521136
diff: -0.5211360454559326
going to web site
Hello world	Thread-1139	2

time: 946686814.358848
diff: -0.358847975730896
going to web site
Hello world	Thread-1145	4

time: 946686815.19556
diff: 3.8044400215148926
waiting
going to web site
Hello world	Thread-359	2

time: 946686819.867713
diff: 3.13228702545166
waiting
going to web site
Hello world	Thread-1198	3

time: 946686823.8667171
diff: 7.133282899856567
waiting
going to web site
Hello world	Thread-1243	4

time: 946686831.837712
diff: -0.8377120494842529
going to web site
Hello world	Thread-1246	4

time: 946686832.679348
diff: 6.320652008056641
waiting
going to web site
Hello world	Thread-1280	3

time: 946686839.861753
diff: 3.138247013092041
waiting
going to web site
Hello world	Thread-435	4

time: 946686843.847713
diff: 20.152287006378174
waiting
going to web site
Hello world	Thread-509	2

time: 946686864.8487129
diff: 12.151287078857422
waiting
going to web site
Hello world	Thread-552	2

time: 946686877.845713
diff: 20.154286980628967
waiting
going to web site
Hello world	Thread-636	5

time: 946686898.8367119
diff: 15.163288116455078
waiting
going to web site
Hello world	Thread-703	3

time: 946686914.849713
diff: 18.15028703212738
waiting
going to web site
Hello world	Thread-773	4

time: 946686933.845713
diff: 14.154286980628967
waiting
going to web site
Hello world	Thread-841	3

time: 946686948.839712
diff: 18.160287976264954
waiting
going to web site
Hello world	Thread-926	2

time: 946686967.8367119
diff: 32.16328811645508
waiting
going to web site
Hello world	Thread-1091	3

time: 946687001.836713
diff: 27.163287043571472
waiting
going to web site
Hello world	Thread-1216	4

time: 946687029.836713
diff: 22.163287043571472
waiting
going to web site
Hello world	Thread-1321	2

time: 946687052.836713
diff: 28.163287043571472
waiting
going to web site
Hello world	Thread-1450	2

time: 946687081.836713
diff: 6.163287043571472
waiting
going to web site
Hello world	Thread-1485	3

time: 946687088.863022
diff: 32.13697803020477
waiting
going to web site
Hello world	Thread-1628	2

time: 946687121.845713
diff: 16.154286980628967
waiting
going to web site
Hello world	Thread-1700	2

time: 946687138.8367119
diff: 28.163288116455078
waiting
going to web site
Hello world	Thread-1821	4

time: 946687167.845713
diff: 29.154286980628967
waiting
going to web site
Hello world	Thread-1942	5

time: 946687197.839712
diff: 17.160287976264954
waiting
going to web site
Hello world	Thread-2018	4

time: 946687215.840712
diff: 18.1592880487442
waiting
going to web site
Hello world	Thread-2099	2

time: 946687234.836713
diff: 23.163287043571472
waiting
going to web site
Hello world	Thread-2213	2

time: 946687259.850713
diff: 32.14928698539734
waiting
going to web site
Hello world	Thread-2361	4

time: 946687292.837712
diff: 18.162287950515747
waiting
going to web site
Hello world	Thread-2443	5

time: 946687311.8367119
diff: 30.163288116455078
waiting
going to web site
Hello world	Thread-2575	4

time: 946687342.836713
diff: 11.163287043571472
waiting
going to web site
Hello world	Thread-2628	6

time: 946687354.837713
diff: 13.16228699684143
waiting
going to web site
Hello world	Thread-2692	2

time: 946687368.845712
diff: 23.154288053512573
waiting
going to web site
Hello world	Thread-2802	4

time: 946687392.851833
diff: 24.14816701412201
waiting
going to web site
Hello world	Thread-2912	4

time: 946687417.841833
diff: 6.158167004585266
waiting
going to web site
Hello world	Thread-2938	4

time: 946687424.841833
diff: 35.158167004585266
waiting
going to web site
Hello world	Thread-3099	2

time: 946687460.841833
diff: 27.158167004585266
waiting
going to web site
Hello world	Thread-3223	5

time: 946687489.84848
diff: 21.151520013809204
waiting
going to web site
Hello world	Thread-3327	3

time: 946687514.841833
diff: 10.158167004585266
waiting
going to web site
Hello world	Thread-3380	2

time: 946687525.8588331
diff: 27.141166925430298
waiting
going to web site
Hello world	Thread-3501	2

time: 946687553.832832
diff: 18.167168021202087
waiting
going to web site
Hello world	Thread-3585	2

time: 946687572.845833
diff: 37.15416705608368
waiting
going to web site
Hello world	Thread-3755	3

time: 946687611.841833
diff: 9.158167004585266
waiting
going to web site
Hello world	Thread-3803	4

time: 946687621.841833
diff: 29.158167004585266
waiting
going to web site
Hello world	Thread-3922	2

time: 946687651.841833
diff: 18.158167004585266
waiting
going to web site
Hello world	Thread-4006	4

time: 946687670.841833
diff: 24.158167004585266
waiting
going to web site
Hello world	Thread-4124	3

time: 946687695.845833
diff: 33.15416705608368
waiting
going to web site
Hello world	Thread-4273	3

time: 946687729.845833
diff: 21.15416705608368
waiting
going to web site
Hello world	Thread-4369	2

time: 946687751.832833
diff: 8.167166948318481
waiting
going to web site
Hello world	Thread-4399	7

time: 946687760.832832
diff: 17.167168021202087
waiting
going to web site
Hello world	Thread-4488	2

time: 946687778.832833
diff: 19.16716694831848
waiting
going to web site
Hello world	Thread-4579	3

time: 946687798.832832
diff: 27.167168021202087
waiting
going to web site
Hello world	Thread-4715	4

time: 946687827.841833
diff: 19.158167004585266
waiting
going to web site
Hello world	Thread-4801	2

time: 946687847.841833
diff: 19.158167004585266
waiting
going to web site
Hello world	Thread-4888	2

time: 946687867.8437251
diff: 18.156274914741516
waiting
going to web site
Hello world	Thread-4971	4

time: 946687886.841833
diff: 27.158167004585266
waiting
going to web site
Hello world	Thread-5105	3

time: 946687914.832833
diff: 20.16716694831848
waiting
going to web site
Hello world	Thread-5201	3

time: 946687935.832832
diff: 13.167168021202087
waiting
going to web site
Hello world	Thread-5272	2

time: 946687949.8510411
diff: 35.148958921432495
waiting
going to web site
Hello world	Thread-5440	5

time: 946687985.836832
diff: 18.16316795349121
waiting
going to web site
Hello world	Thread-5520	5

time: 946688004.5350641
diff: 24.464935898780823
waiting
going to web site
Hello world	Thread-5633	6

time: 946688029.5350641
diff: 20.464935898780823
waiting
going to web site
Hello world	Thread-5727	8

time: 946688050.5350009
diff: 23.464999079704285
waiting
going to web site
Hello world	Thread-5835	7

time: 946688074.5350649
diff: 4.464935064315796
waiting
going to web site
Hello world	Thread-5861	6

time: 946688079.542065
diff: 19.457934975624084
waiting
going to web site
Hello world	Thread-5944	5

time: 946688099.5350641
diff: 34.46493589878082
waiting
going to web site
Hello world	Thread-6096	7

time: 946688134.5350641
diff: 19.464935898780823
waiting
going to web site
Hello world	Thread-6187	5

time: 946688154.5350641
diff: 22.464935898780823
waiting
going to web site
Hello world	Thread-6277	4

time: 946688177.526064
diff: 19.473935961723328
waiting
going to web site
Hello world	Thread-6369	4

time: 946688197.526064
diff: 19.473935961723328
waiting
going to web site
Hello world	Thread-6458	5

time: 946688217.5350641
diff: 25.464935898780823
waiting
going to web site
Hello world	Thread-6570	5

time: 946688243.526064
diff: 27.473935961723328
waiting
going to web site
Hello world	Thread-6690	7

time: 946688271.526064
diff: 36.47393596172333
waiting
going to web site
Hello world	Thread-6854	7

time: 946688308.526064
diff: 21.473935961723328
waiting
going to web site
Hello world	Thread-6956	7

time: 946688330.5350641
diff: 16.464935898780823
waiting
going to web site
Hello world	Thread-7028	6

time: 946688347.5350641
diff: 26.464935898780823
waiting
going to web site
Hello world	Thread-7151	6

time: 946688374.5350641
diff: 20.464935898780823
waiting
going to web site
Hello world	Thread-7244	6

time: 946688395.526064
diff: 20.473935961723328
waiting
going to web site
Hello world	Thread-7337	6

time: 946688416.5350641
diff: 14.464935898780823
waiting
going to web site
Hello world	Thread-7406	5

time: 946688431.5350641
diff: 16.464935898780823
waiting
going to web site
Hello world	Thread-7478	6

time: 946688448.535776
diff: 18.464223980903625
waiting
going to web site
Hello world	Thread-7562	5

time: 946688467.5350641
diff: 27.464935898780823
waiting
going to web site
Hello world	Thread-7685	7

time: 946688495.530064
diff: 15.46993601322174
waiting
going to web site
Hello world	Thread-7757	6

time: 946688511.5450649
diff: 15.454935073852539
waiting
going to web site
Hello world	Thread-7825	5

time: 946688527.5448331
diff: 16.455166935920715
waiting
going to web site
Hello world	Thread-7902	3

time: 946688544.5350641
diff: 32.46493589878082
waiting
going to web site
Hello world	Thread-8051	5

time: 946688577.5350641
diff: 22.464935898780823
waiting
going to web site
Hello world	Thread-8145	4

time: 946688600.526064
diff: 34.47393596172333
waiting
going to web site
Hello world	Thread-8300	4

time: 946688635.5350641
diff: 19.464935898780823
waiting
going to web site
Hello world	Thread-8385	6

time: 946688655.5350641
diff: 24.464935898780823
waiting
going to web site
Hello world	Thread-8486	5

time: 946688680.5350641
diff: 40.46493589878082
waiting
going to web site
Hello world	Thread-8654	7

time: 946688721.5294169
diff: 14.470583081245422
waiting
going to web site
Hello world	Thread-8717	4

time: 946688736.526065
diff: 35.47393500804901
waiting
going to web site
Hello world	Thread-8856	4

time: 946688772.544065
diff: 21.45593500137329
waiting
going to web site
Hello world	Thread-8937	4

time: 946688794.536065
diff: 21.463935017585754
waiting
going to web site
Hello world	Thread-9033	3

time: 946688816.5350649
diff: 20.464935064315796
waiting
going to web site
Hello world	Thread-9125	4

time: 946688837.544065
diff: 13.455935001373291
waiting
going to web site
Hello world	Thread-9183	6

time: 946688851.540065
diff: 34.45993494987488
waiting
going to web site
Hello world	Thread-9328	6

time: 946688886.5350641
diff: 26.464935898780823
waiting
going to web site
Hello world	Thread-9443	7

time: 946688913.5350641
diff: 23.464935898780823
waiting
going to web site
Hello world	Thread-9552	7

time: 946688937.5350641
diff: 21.464935898780823
waiting
going to web site
Hello world	Thread-9642	5

time: 946688959.5350641
diff: 6.464935898780823
waiting
going to web site
Hello world	Thread-9675	6

time: 946688966.526064
diff: 34.47393596172333
waiting
going to web site
Hello world	Thread-9841	7

time: 946689001.5294169
diff: 22.470583081245422
waiting
going to web site
Hello world	Thread-9948	7

time: 946689024.5350649
diff: 11.464935064315796
waiting
going to web site
Hello world	Thread-10006	4

time: 946689036.5350649
diff: 25.464935064315796
waiting
going to web site
Hello world	Thread-10117	7

time: 946689062.539065
diff: 23.46093499660492
waiting
going to web site
Hello world	Thread-10241	4

time: 946689086.5350641
diff: 23.464935898780823
waiting
going to web site
Hello world	Thread-10342	5

time: 946689110.5350641
diff: 11.464935898780823
waiting
going to web site
Hello world	Thread-10398	6

time: 946689122.5350641
diff: 5.464935898780823
waiting
going to web site
Hello world	Thread-10429	6

time: 946689128.526064
diff: 33.47393596172333
waiting
going to web site
Hello world	Thread-10587	7

time: 946689162.5350641
diff: 8.464935898780823
waiting
going to web site
Hello world	Thread-10630	6

time: 946689171.5330639
diff: 27.466936111450195
waiting
going to web site
Hello world	Thread-10771	6

time: 946689199.544065
diff: 32.45593500137329
waiting
going to web site
Hello world	Thread-10923	6

time: 946689232.536065
diff: 17.463935017585754
waiting
going to web site
Hello world	Thread-11015	3

time: 946689250.841833
diff: 15.158167004585266
waiting
going to web site
Hello world	Thread-11094	3

time: 946689266.842348
diff: 34.15765202045441
waiting
going to web site
Hello world	Thread-11261	4

time: 946689301.832833
diff: 18.16716694831848
waiting
going to web site
Hello world	Thread-11351	3

time: 946689320.832832
diff: 13.167168021202087
waiting
going to web site
Hello world	Thread-11421	2

time: 946689335.841833
diff: 15.158167004585266
waiting
going to web site
Hello world	Thread-11493	2

time: 946689351.841833
diff: 12.158167004585266
waiting
going to web site
Hello world	Thread-11550	3

time: 946689364.841833
diff: 24.158167004585266
waiting
going to web site
Hello world	Thread-11673	2

time: 946689389.841833
diff: 24.158167004585266
waiting
going to web site
Hello world	Thread-11786	2

time: 946689415.860833
diff: 30.139166951179504
waiting
going to web site
Hello world	Thread-11920	3

time: 946689446.832832
diff: 19.167168021202087
waiting
going to web site
Hello world	Thread-12017	3

time: 946689466.832833
diff: 20.16716694831848
waiting
going to web site
Hello world	Thread-12120	4

time: 946689487.832832
diff: 17.167168021202087
waiting
going to web site
Hello world	Thread-12198	2

time: 946689505.841833
diff: 19.158167004585266
waiting
going to web site
Hello world	Thread-12283	2

time: 946689525.841833
diff: 26.158167004585266
waiting
going to web site
Hello world	Thread-12448	3

time: 946689559.841833
diff: 12.158167004585266
waiting
going to web site
Hello world	Thread-12502	3

time: 946689572.841833
diff: 20.158167004585266
waiting
going to web site
Hello world	Thread-12601	5

time: 946689593.841833
diff: 22.158167004585266
waiting
going to web site
Hello world	Thread-12704	4

time: 946689617.845833
diff: 29.15416705608368
waiting
going to web site
Hello world	Thread-12850	2

time: 946689648.845833
diff: 20.15416705608368
waiting
going to web site
Hello world	Thread-12946	3

time: 946689669.841833
diff: 20.158167004585266
waiting
going to web site
Hello world	Thread-13052	4

time: 946689690.832833
diff: 5.1671669483184814
waiting
going to web site
Hello world	Thread-13075	2

time: 946689696.851481
diff: 25.148519039154053
waiting
going to web site
Hello world	Thread-13196	2

time: 946689722.841833
diff: 31.158167004585266
waiting
going to web site
Hello world	Thread-13340	2

time: 946689754.841833
diff: 5.158167004585266
waiting
going to web site
Hello world	Thread-13369	3

time: 946689760.841833
diff: 30.158167004585266
waiting
going to web site
Hello world	Thread-13504	5

time: 946689791.832833
diff: 12.167166948318481
waiting
going to web site
Hello world	Thread-13561	5

time: 946689804.832832
diff: 26.167168021202087
waiting
going to web site
Hello world	Thread-13687	2

time: 946689831.841981
diff: 13.158018946647644
waiting
going to web site
Hello world	Thread-13752	6

time: 946689845.832832
diff: 31.167168021202087
waiting
going to web site
Hello world	Thread-13904	5

time: 946689877.544065
diff: 22.45593500137329
waiting
going to web site
Hello world	Thread-14005	6

time: 946689900.5350649
diff: 23.464935064315796
waiting
going to web site
Hello world	Thread-14109	5

time: 946689924.544065
diff: 19.45593500137329
waiting
going to web site
Hello world	Thread-14198	5

time: 946689944.526065
diff: 13.473935008049011
waiting
going to web site
Hello world	Thread-14262	5

time: 946689958.544065
diff: 35.45593500137329
waiting
going to web site
Hello world	Thread-14414	7

time: 946689994.5350649
diff: 8.464935064315796
waiting
going to web site
Hello world	Thread-14454	6

time: 946690003.544065
diff: 40.45593500137329
waiting
going to web site
Hello world	Thread-14630	5

time: 946690044.5350649
diff: 19.464935064315796
waiting
going to web site
Hello world	Thread-14718	5

time: 946690064.544065
diff: 27.45593500137329
waiting
going to web site
Hello world	Thread-14836	5

time: 946690092.544665
diff: 25.455335021018982
waiting
going to web site
Hello world	Thread-14941	7

time: 946690118.542065
diff: 19.457934975624084
waiting
going to web site
Hello world	Thread-15030	4

time: 946690138.5350641
diff: 9.464935898780823
waiting
going to web site
Hello world	Thread-15071	3

time: 946690148.5350641
diff: 36.46493589878082
waiting
going to web site
Hello world	Thread-15223	5

time: 946690185.5350641
diff: 12.464935898780823
waiting
going to web site
Hello world	Thread-15281	3

time: 946690198.526064
diff: 19.473935961723328
waiting
going to web site
Hello world	Thread-15366	5

time: 946690218.5350641
diff: 27.464935898780823
waiting
going to web site
Hello world	Thread-15493	7

time: 946690246.5350641
diff: 22.464935898780823
waiting
going to web site
Hello world	Thread-15598	7

time: 946690269.5350641
diff: 21.464935898780823
waiting
going to web site
Hello world	Thread-15694	4

time: 946690291.534064
diff: 30.465935945510864
waiting
going to web site
Hello world	Thread-15828	6

time: 946690322.5350641
diff: 14.464935898780823
waiting
going to web site
Hello world	Thread-15888	4

time: 946690337.526064
diff: 17.473935961723328
waiting
going to web site
Hello world	Thread-15964	5

time: 946690355.5350641
diff: 22.464935898780823
waiting
going to web site
Hello world	Thread-16065	6

time: 946690378.5350641
diff: 30.464935898780823
waiting
going to web site
Hello world	Thread-16202	3

time: 946690409.526064
diff: 19.473935961723328
waiting
going to web site
Hello world	Thread-16282	7

time: 946690429.5350641
diff: 23.464935898780823
waiting
going to web site
Hello world	Thread-16387	6

time: 946690453.5350641
diff: 29.464935898780823
waiting
going to web site
Hello world	Thread-16522	6

time: 946690483.6995599
diff: 15.300440073013306
waiting
going to web site
Hello world	Thread-16596	7

time: 946690499.699561
diff: 31.3004390001297
waiting
going to web site
Hello world	Thread-16731	4

time: 946690531.699561
diff: 23.3004390001297
waiting
going to web site
Hello world	Thread-16830	6

time: 946690555.699561
diff: 14.3004390001297
waiting
going to web site
Hello world	Thread-16902	6

time: 946690570.699561
diff: 23.3004390001297
waiting
going to web site
Hello world	Thread-17005	6

time: 946690594.699561
diff: 16.3004390001297
waiting
going to web site
Hello world	Thread-17073	5

time: 946690611.699561
diff: 32.3004390001297
waiting
going to web site
Hello world	Thread-17218	4

time: 946690644.699561
diff: 5.3004390001297
waiting
going to web site
Hello world	Thread-17241	5

time: 946690650.699561
diff: 30.3004390001297
waiting
going to web site
Hello world	Thread-17378	6

time: 946690681.699561
diff: 30.3004390001297
waiting
going to web site
Hello world	Thread-17513	3

time: 946690712.699561
diff: 20.3004390001297
waiting
going to web site
Hello world	Thread-17604	6

time: 946690733.699561
diff: 35.3004390001297
waiting
going to web site
Hello world	Thread-17762	5

time: 946690769.7085611
diff: 20.291438937187195
waiting
going to web site
Hello world	Thread-17859	3

time: 946690790.6995599
diff: 12.300440073013306
waiting
going to web site
Hello world	Thread-17907	5

time: 946690803.699561
diff: 27.3004390001297
waiting
going to web site
Hello world	Thread-18033	6

time: 946690831.699561
diff: 15.3004390001297
waiting
going to web site
Hello world	Thread-18089	6

time: 946690847.699561
diff: 22.3004390001297
waiting
going to web site
Hello world	Thread-18192	6

time: 946690870.699561
diff: 32.3004390001297
waiting
going to web site
Hello world	Thread-18326	7

time: 946690903.699561
diff: 27.3004390001297
waiting
going to web site
Hello world	Thread-18449	6

time: 946690931.699561
diff: 5.3004390001297
waiting
going to web site
Hello world	Thread-18471	4

time: 946690937.699561
diff: 35.3004390001297
waiting
going to web site
Hello world	Thread-18628	3

time: 946690973.699561
diff: 19.3004390001297
waiting
going to web site
Hello world	Thread-18716	7

time: 946690993.699561
diff: 20.3004390001297
waiting
going to web site
Hello world	Thread-18806	7

time: 946691014.699561
diff: 15.3004390001297
waiting
going to web site
Hello world	Thread-18879	5

time: 946691030.699561
diff: 22.3004390001297
waiting
going to web site
Hello world	Thread-18977	6

time: 946691053.699561
diff: 33.3004390001297
waiting
going to web site
Hello world	Thread-19128	4

time: 946691087.699561
diff: 23.3004390001297
waiting
going to web site
Hello world	Thread-19232	6

time: 946691111.699561
diff: 16.3004390001297
waiting
going to web site
Hello world	Thread-19309	6

time: 946691128.699561
diff: 19.3004390001297
waiting
going to web site
Hello world	Thread-19399	6

time: 946691148.699561
diff: 27.3004390001297
waiting
going to web site
Hello world	Thread-19531	5

time: 946691176.699561
diff: 19.3004390001297
waiting
going to web site
Hello world	Thread-19618	5

time: 946691196.699561
diff: 23.3004390001297
waiting
going to web site
Hello world	Thread-19728	5

time: 946691220.699561
diff: 12.3004390001297
waiting
going to web site
Hello world	Thread-19791	4

time: 946691233.699561
diff: 11.3004390001297
waiting
going to web site
Hello world	Thread-19839	4

time: 946691245.699561
diff: 33.3004390001297
waiting
going to web site
Hello world	Thread-20001	6

time: 946691279.699561
diff: 27.3004390001297
waiting
going to web site
Hello world	Thread-20126	5

time: 946691307.699561
diff: 16.3004390001297
waiting
going to web site
Hello world	Thread-20211	5

time: 946691324.699561
diff: 26.3004390001297
waiting
going to web site
Hello world	Thread-20336	4

time: 946691351.713817
diff: 21.2861829996109
waiting
going to web site
Hello world	Thread-20451	6

time: 946691373.6995599
diff: 6.300440073013306
waiting
going to web site
Hello world	Thread-20485	3

time: 946691380.699561
diff: 28.3004390001297
waiting
going to web site
Hello world	Thread-20625	3

time: 946691409.699561
diff: 10.3004390001297
waiting
going to web site
Hello world	Thread-20680	6

time: 946691420.699561
diff: 23.3004390001297
waiting
going to web site
Hello world	Thread-20792	5

time: 946691444.699561
diff: 11.3004390001297
waiting
going to web site
Hello world	Thread-20850	4

time: 946691456.699561
diff: 40.3004390001297
waiting
going to web site
Hello world	Thread-21039	5

time: 946691497.7085611
diff: 19.291438937187195
waiting
going to web site
Hello world	Thread-21131	6

time: 946691517.6995599
diff: 14.300440073013306
waiting
going to web site
Hello world	Thread-21203	5

time: 946691532.699561
diff: 22.3004390001297
waiting
going to web site
Hello world	Thread-21317	5

time: 946691555.699561
diff: 5.3004390001297
waiting
going to web site
Hello world	Thread-21336	5

time: 946691561.699561
diff: 26.3004390001297
waiting
going to web site
Hello world	Thread-21458	4

time: 946691588.699561
diff: 31.3004390001297
waiting
going to web site
Hello world	Thread-21604	4

time: 946691620.699561
diff: 18.3004390001297
waiting
going to web site
Hello world	Thread-21691	5

time: 946691639.699561
diff: 30.3004390001297
waiting
going to web site
Hello world	Thread-21821	3

time: 946691670.703561
diff: 17.296439051628113
waiting
going to web site
Hello world	Thread-21905	2

time: 946691688.841833
diff: 28.158167004585266
waiting
going to web site
Hello world	Thread-22037	4

time: 946691717.841833
diff: 27.158167004585266
waiting
going to web site
Hello world	Thread-22158	3

time: 946691745.841833
diff: 18.158167004585266
waiting
going to web site
Hello world	Thread-22243	4

time: 946691764.841833
diff: 20.158167004585266
waiting
going to web site
Hello world	Thread-22326	3

time: 946691785.851545
diff: 17.148455023765564
waiting
going to web site
Hello world	Thread-22415	2

time: 946691804.841833
diff: 22.158167004585266
waiting
going to web site
Hello world	Thread-22517	2

time: 946691827.841833
diff: 29.158167004585266
waiting
going to web site
Hello world	Thread-22643	5

time: 946691857.841833
diff: 11.158167004585266
waiting
going to web site
Hello world	Thread-22696	2

time: 946691869.841833
diff: 23.158167004585266
waiting
going to web site
Hello world	Thread-22807	3

time: 946691893.841833
diff: 16.158167004585266
waiting
going to web site
Hello world	Thread-22877	2

time: 946691910.841833
diff: 25.158167004585266
waiting
going to web site
Hello world	Thread-23001	2

time: 946691937.842833
diff: 19.157166957855225
waiting
going to web site
Hello world	Thread-23102	5

time: 946691957.832832
diff: 27.167168021202087
waiting
going to web site
Hello world	Thread-23231	2

time: 946691985.841833
diff: 20.158167004585266
waiting
going to web site
Hello world	Thread-23328	3

time: 946692006.841833
diff: 25.158167004585266
waiting
going to web site
Hello world	Thread-23452	2

time: 946692032.841833
diff: 17.158167004585266
waiting
going to web site
Hello world	Thread-23539	4

time: 946692050.832833
diff: 28.16716694831848
waiting
going to web site
Hello world	Thread-23675	3

time: 946692079.832832
diff: 10.167168021202087
waiting
going to web site
Hello world	Thread-23734	2

time: 946692090.832833
diff: 20.16716694831848
waiting
going to web site
Hello world	Thread-23826	3

time: 946692111.832832
diff: 16.167168021202087
waiting
going to web site
Hello world	Thread-23914	2

time: 946692128.841833
diff: 14.158167004585266
waiting
going to web site
Hello world	Thread-23983	2

time: 946692143.841833
diff: 21.158167004585266
waiting
going to web site
Hello world	Thread-24082	2

time: 946692165.841833
diff: 15.158167004585266
waiting
going to web site
Hello world	Thread-24157	4

time: 946692182.851833
diff: 12.14816701412201
waiting
going to web site
Hello world	Thread-24215	2

time: 946692195.841833
diff: 21.158167004585266
waiting
going to web site
Hello world	Thread-24320	2

time: 946692217.841833
diff: 31.158167004585266
waiting
going to web site
Hello world	Thread-24468	3

time: 946692249.841833
diff: 30.158167004585266
waiting
going to web site
Hello world	Thread-24609	2

time: 946692280.836833
diff: 11.163166999816895
waiting
going to web site
Hello world	Thread-24653	7

time: 946692292.5350641
diff: 33.46493589878082
waiting
going to web site
Hello world	Thread-24810	6

time: 946692326.535357
diff: 30.464643001556396
waiting
going to web site
Hello world	Thread-24939	6

time: 946692357.545529
diff: 22.454470992088318
waiting
going to web site
Hello world	Thread-25043	5

time: 946692380.5350641
diff: 11.464935898780823
waiting
going to web site
Hello world	Thread-25086	6

time: 946692392.5350641
diff: 20.464935898780823
waiting
going to web site
Hello world	Thread-25175	6

time: 946692413.5350641
diff: 30.464935898780823
waiting
going to web site
Hello world	Thread-25305	7

time: 946692444.5350641
diff: 38.46493589878082
waiting
going to web site
Hello world	Thread-25471	5

time: 946692483.5350641
diff: 5.464935898780823
waiting
going to web site
Hello world	Thread-25496	6

time: 946692489.5350641
diff: 17.464935898780823
waiting
going to web site
Hello world	Thread-25564	6

time: 946692507.5350641
diff: 38.46493589878082
waiting
going to web site
Hello world	Thread-25734	6

time: 946692546.526064
diff: 17.473935961723328
waiting
going to web site
Hello world	Thread-25808	7

time: 946692564.5350641
diff: 11.464935898780823
waiting
going to web site
Hello world	Thread-25863	6

time: 946692576.5350641
diff: 24.464935898780823
waiting
going to web site
Hello world	Thread-25964	6

time: 946692601.5350641
diff: 28.464935898780823
waiting
going to web site
Hello world	Thread-26091	2

time: 946692630.526064
diff: 25.473935961723328
waiting
going to web site
Hello world	Thread-26193	6

time: 946692656.526064
diff: 17.473935961723328
waiting
going to web site
Hello world	Thread-26256	6

time: 946692674.5350641
diff: 41.46493589878082
waiting
going to web site
Hello world	Thread-26391	7

time: 946692716.5350641
diff: 10.464935898780823
waiting
going to web site
Hello world	Thread-26420	4

time: 946692727.5350641
diff: 18.464935898780823
waiting
going to web site
Hello world	Thread-26478	5

time: 946692746.5350641
diff: 21.464935898780823
waiting
going to web site
Hello world	Thread-26536	3

