time: 946686600.0
diff: 0.0
going to web site
Hello world	Thread-143	6

time: 946686735.828145
diff: -15.828145027160645
going to web site
Hello world	Thread-150	5

time: 946686736.4088011
diff: 43.59119892120361
waiting
going to web site
Hello world	Thread-229	4

time: 946686811.590656
diff: 28.409343957901
waiting
going to web site
Hello world	Thread-252	5

time: 946686841.602669
diff: 119.39733099937439
waiting
going to web site
Hello world	Thread-437	7

time: 946686964.585656
diff: 56.41434395313263
waiting
going to web site
Hello world	Thread-502	6

time: 946687024.580656
diff: 56.41934394836426
waiting
going to web site
Hello world	Thread-574	4

time: 946687112.590656
diff: 88.409343957901
waiting
going to web site
Hello world	Thread-678	7

time: 946687204.580656
diff: 116.41934394836426
waiting
going to web site
Hello world	Thread-848	4

time: 946687336.590656
diff: 44.409343957901
waiting
going to web site
Hello world	Thread-877	5

time: 946687382.5909201
diff: 59.409079909324646
waiting
going to web site
Hello world	Thread-986	2

time: 946687449.598657
diff: 112.40134298801422
waiting
going to web site
Hello world	Thread-1118	6

time: 946687593.590656
diff: 88.409343957901
waiting
going to web site
Hello world	Thread-1218	4

time: 946687683.592657
diff: 118.40734302997589
waiting
going to web site
Hello world	Thread-1386	3

time: 946687817.590656
diff: 44.409343957901
waiting
going to web site
Hello world	Thread-1453	2

time: 946687877.590656
diff: 44.409343957901
waiting
going to web site
Hello world	Thread-1462	5

time: 946687922.587656
diff: 60.412343978881836
waiting
going to web site
Hello world	Thread-1577	3

time: 946687986.5896571
diff: 116.41034293174744
waiting
going to web site
Hello world	Thread-1718	4

time: 946688110.590656
diff: 52.409343957901
waiting
going to web site
Hello world	Thread-1744	2

time: 946688163.587656
diff: 119.41234397888184
waiting
going to web site
Hello world	Thread-1897	4

time: 946688290.590656
diff: 52.409343957901
waiting
going to web site
Hello world	Thread-1916	4

