time: 946686600.0
diff: 0.0
going to web site
Hello world	Thread-32	6

time: 946686615.659364
diff: 44.340636014938354
waiting
going to web site
Hello world	Thread-53	5

time: 946686661.6593649
diff: 118.34063506126404
waiting
going to web site
Hello world	Thread-137	4

time: 946686787.668364
diff: 52.33163595199585
waiting
going to web site
Hello world	Thread-150	8

time: 946686841.649364
diff: 119.35063600540161
waiting
going to web site
Hello world	Thread-231	2

time: 946686964.659364
diff: 116.34063601493835
waiting
going to web site
Hello world	Thread-293	7

time: 946687088.666998
diff: 52.33300197124481
waiting
going to web site
Hello world	Thread-331	6

time: 946687148.667364
diff: 112.33263599872589
waiting
going to web site
Hello world	Thread-381	2

time: 946687262.672751
diff: 118.32724905014038
waiting
going to web site
Hello world	Thread-455	4

time: 946687384.667365
diff: 117.33263504505157
waiting
going to web site
Hello world	Thread-516	4

time: 946687503.6673651
diff: 118.33263492584229
waiting
going to web site
Hello world	Thread-592	3

time: 946687629.668364
diff: 52.33163595199585
waiting
going to web site
Hello world	Thread-618	4

time: 946687685.649364
diff: 116.35063600540161
waiting
going to web site
Hello world	Thread-693	6

time: 946687833.678364
diff: 88.32163596153259
waiting
going to web site
Hello world	Thread-733	7

time: 946687922.646908
diff: 119.35309195518494
waiting
going to web site
Hello world	Thread-797	7

time: 946688042.646908
diff: 120.35309195518494
waiting
going to web site
Hello world	Thread-883	5

time: 946688166.658908
diff: 116.34109199047089
waiting
going to web site
Hello world	Thread-931	7

