time: 946686600.0
diff: 31.0
waiting
going to web site
Hello world	Thread-103	2

time: 946686631.797192
diff: -0.7971919775009155
going to web site
Hello world	Thread-106	3

time: 946686632.594384
diff: -1.594383955001831
going to web site
Hello world	Thread-111	2

time: 946686633.404549
diff: -0.4045490026473999
going to web site
Hello world	Thread-115	2

time: 946686634.2017411
diff: -1.201741099357605
going to web site
Hello world	Thread-119	2

time: 946686634.998933
diff: -0.998932957649231
going to web site
Hello world	Thread-122	2

time: 946686635.803125
diff: -1.803125023841858
going to web site
Hello world	Thread-125	2

time: 946686636.600317
diff: -2.6003170013427734
going to web site
Hello world	Thread-127	2

time: 946686637.406509
diff: -3.406509041786194
going to web site
Hello world	Thread-131	3

time: 946686638.203701
diff: -4.203701019287109
going to web site
Hello world	Thread-134	3

time: 946686639.000893
diff: -5.000892996788025
going to web site
Hello world	Thread-137	4

time: 946686639.798085
diff: -5.79808497428894
going to web site
Hello world	Thread-141	4

time: 946686640.6012771
diff: -5.601277112960815
going to web site
Hello world	Thread-145	3

time: 946686641.398469
diff: -6.398468971252441
going to web site
Hello world	Thread-149	3

time: 946686642.197661
diff: -7.19766104221344
going to web site
Hello world	Thread-153	2

time: 946686642.994853
diff: -7.9948530197143555
going to web site
Hello world	Thread-155	2

time: 946686643.792045
diff: -8.792044997215271
going to web site
Hello world	Thread-157	3

time: 946686644.589237
diff: -8.589236974716187
going to web site
Hello world	Thread-160	2

time: 946686645.3864291
diff: -9.386429071426392
going to web site
Hello world	Thread-163	2

time: 946686646.183621
diff: -9.183621048927307
going to web site
Hello world	Thread-167	3

time: 946686646.980813
diff: -9.980813026428223
going to web site
Hello world	Thread-168	4

time: 946686647.788005
diff: -9.788004994392395
going to web site
Hello world	Thread-171	4

time: 946686648.5851971
diff: -8.5851970911026
going to web site
Hello world	Thread-174	3

time: 946686649.382389
diff: -8.382388949394226
going to web site
Hello world	Thread-177	2

time: 946686650.179581
diff: -9.179581046104431
going to web site
Hello world	Thread-180	2

time: 946686650.976773
diff: -8.976773023605347
going to web site
Hello world	Thread-184	2

time: 946686651.787965
diff: -8.787965059280396
going to web site
Hello world	Thread-187	5

time: 946686652.585157
diff: -8.585157036781311
going to web site
Hello world	Thread-192	4

time: 946686653.382349
diff: -8.382349014282227
going to web site
Hello world	Thread-197	2

time: 946686654.196399
diff: -9.196398973464966
going to web site
Hello world	Thread-24	3

time: 946686654.9935911
diff: 9.006408929824829
waiting
going to web site
Hello world	Thread-32	2

time: 946686664.818145
diff: 11.181854963302612
waiting
going to web site
Hello world	Thread-281	3

time: 946686676.806192
diff: 0.1938079595565796
waiting
going to web site
Hello world	Thread-289	4

time: 946686677.812192
diff: -0.8121919631958008
going to web site
Hello world	Thread-294	5

time: 946686678.618805
diff: -0.6188050508499146
going to web site
Hello world	Thread-304	2

time: 946686679.425997
diff: -1.425997018814087
going to web site
Hello world	Thread-311	3

time: 946686680.2313039
diff: -0.23130393028259277
going to web site
Hello world	Thread-322	3

time: 946686681.028496
diff: -1.0284960269927979
going to web site
Hello world	Thread-330	5

time: 946686681.829709
diff: 1.1702909469604492
waiting
going to web site
Hello world	Thread-346	5

time: 946686683.8031449
diff: 2.196855068206787
waiting
going to web site
Hello world	Thread-367	4

time: 946686686.8101931
diff: -0.8101930618286133
going to web site
Hello world	Thread-375	5

time: 946686687.6158841
diff: -0.6158840656280518
going to web site
Hello world	Thread-387	2

time: 946686688.4130759
diff: -0.41307592391967773
going to web site
Hello world	Thread-396	2

time: 946686689.210268
diff: -0.2102680206298828
going to web site
Hello world	Thread-407	4

time: 946686690.01546
diff: -0.015460014343261719
going to web site
Hello world	Thread-419	6

time: 946686690.812652
diff: -0.8126519918441772
going to web site
Hello world	Thread-426	6

time: 946686691.609844
diff: 0.3901560306549072
waiting
going to web site
Hello world	Thread-440	6

time: 946686692.812255
diff: -0.8122550249099731
going to web site
Hello world	Thread-449	9

time: 946686693.626447
diff: -0.6264469623565674
going to web site
Hello world	Thread-462	5

time: 946686694.4254589
diff: -0.4254589080810547
going to web site
Hello world	Thread-469	5

time: 946686695.222651
diff: 1.7773489952087402
waiting
going to web site
Hello world	Thread-71	3

time: 946686697.797192
diff: 3.2028080224990845
waiting
going to web site
Hello world	Thread-529	3

time: 946686701.7971929
diff: 0.20280706882476807
waiting
going to web site
Hello world	Thread-537	4

time: 946686702.806193
diff: 0.19380700588226318
waiting
going to web site
Hello world	Thread-541	5

time: 946686703.7971929
diff: 2.202807068824768
waiting
going to web site
Hello world	Thread-563	4

time: 946686706.803193
diff: 0.19680702686309814
waiting
going to web site
Hello world	Thread-575	7

time: 946686707.806193
diff: 0.19380700588226318
waiting
going to web site
Hello world	Thread-589	5

time: 946686708.8251929
diff: 1.174807071685791
waiting
going to web site
Hello world	Thread-616	7

time: 946686710.8101931
diff: -0.8101930618286133
going to web site
Hello world	Thread-625	3

time: 946686711.611385
diff: 0.3886150121688843
waiting
going to web site
Hello world	Thread-96	2

time: 946686712.802193
diff: 0.1978069543838501
waiting
going to web site
Hello world	Thread-647	4

time: 946686713.797192
diff: 2.2028080224990845
waiting
going to web site
Hello world	Thread-673	6

time: 946686716.8337201
diff: 4.166279911994934
waiting
going to web site
Hello world	Thread-110	4

time: 946686721.807837
diff: 2.1921629905700684
waiting
going to web site
Hello world	Thread-729	4

time: 946686724.809192
diff: 13.190808057785034
waiting
going to web site
Hello world	Thread-147	3

time: 946686738.805193
diff: 28.194807052612305
waiting
going to web site
Hello world	Thread-209	5

time: 946686767.814193
diff: 4.1858069896698
waiting
going to web site
Hello world	Thread-227	3

time: 946686772.8031449
diff: 22.196855068206787
waiting
going to web site
Hello world	Thread-287	4

time: 946686795.809193
diff: 25.190806984901428
waiting
going to web site
Hello world	Thread-362	5

time: 946686821.802192
diff: 10.197808027267456
waiting
going to web site
Hello world	Thread-403	3

time: 946686832.8031449
diff: 18.196855068206787
waiting
going to web site
Hello world	Thread-467	4

time: 946686851.807541
diff: 35.19245898723602
waiting
going to web site
Hello world	Thread-589	3

time: 946686887.802192
diff: 22.197808027267456
waiting
going to web site
Hello world	Thread-677	3

time: 946686910.8071929
diff: 29.19280707836151
waiting
going to web site
Hello world	Thread-806	3

time: 946686940.7971929
diff: 17.202807068824768
waiting
going to web site
Hello world	Thread-889	6

time: 946686958.803193
diff: 30.196807026863098
waiting
going to web site
Hello world	Thread-1027	3

time: 946686989.802193
diff: 19.19780695438385
waiting
going to web site
Hello world	Thread-1120	5

time: 946687009.800795
diff: 21.1992050409317
waiting
going to web site
Hello world	Thread-1226	3

time: 946687031.7971929
diff: 26.202807068824768
waiting
going to web site
Hello world	Thread-1346	4

time: 946687058.8071929
diff: 14.192807078361511
waiting
going to web site
Hello world	Thread-1417	6

time: 946687073.7991929
diff: 28.200807094573975
waiting
going to web site
Hello world	Thread-1547	7

time: 946687102.808193
diff: 27.19180703163147
waiting
going to web site
Hello world	Thread-1662	4

time: 946687130.8001931
diff: 29.199806928634644
waiting
going to web site
Hello world	Thread-1795	5

time: 946687160.797192
diff: 7.2028080224990845
waiting
going to web site
Hello world	Thread-1825	6

time: 946687168.7991929
diff: 30.200807094573975
waiting
going to web site
Hello world	Thread-1951	6

time: 946687199.7971929
diff: 27.202807068824768
waiting
going to web site
Hello world	Thread-2075	5

time: 946687227.7971929
diff: 12.202807068824768
waiting
going to web site
Hello world	Thread-2128	3

time: 946687241.841833
diff: 16.158167004585266
waiting
going to web site
Hello world	Thread-2209	2

time: 946687258.842833
diff: 22.157166957855225
waiting
going to web site
Hello world	Thread-2312	3

time: 946687281.842832
diff: 21.15716803073883
waiting
going to web site
Hello world	Thread-2409	4

time: 946687303.832833
diff: 13.167166948318481
waiting
going to web site
Hello world	Thread-2471	3

time: 946687317.832832
diff: 21.167168021202087
waiting
going to web site
Hello world	Thread-2567	2

time: 946687339.842692
diff: 31.157307982444763
waiting
going to web site
Hello world	Thread-2703	7

time: 946687371.832832
diff: 21.167168021202087
waiting
going to web site
Hello world	Thread-2809	3

time: 946687393.84848
diff: 27.151520013809204
waiting
going to web site
Hello world	Thread-2928	2

time: 946687421.851833
diff: 23.14816701412201
waiting
going to web site
Hello world	Thread-3028	2

time: 946687446.841833
diff: 25.158167004585266
waiting
going to web site
Hello world	Thread-3147	4

time: 946687472.848833
diff: 18.151167035102844
waiting
going to web site
Hello world	Thread-3233	3

time: 946687491.832833
diff: 29.16716694831848
waiting
going to web site
Hello world	Thread-3361	3

time: 946687521.836832
diff: 12.163167953491211
waiting
going to web site
Hello world	Thread-3417	5

time: 946687534.832832
diff: 28.167168021202087
waiting
going to web site
Hello world	Thread-3543	2

time: 946687563.841833
diff: 34.158167004585266
waiting
going to web site
Hello world	Thread-3694	3

time: 946687598.845833
diff: 8.15416705608368
waiting
going to web site
Hello world	Thread-3734	2

time: 946687607.841833
diff: 19.158167004585266
waiting
going to web site
Hello world	Thread-3823	2

time: 946687627.832833
diff: 23.16716694831848
waiting
going to web site
Hello world	Thread-3920	4

time: 946687651.832832
diff: 23.167168021202087
waiting
going to web site
Hello world	Thread-4030	3

time: 946687675.841833
diff: 17.158167004585266
waiting
going to web site
Hello world	Thread-4116	2

time: 946687693.845833
diff: 11.15416705608368
waiting
going to web site
Hello world	Thread-4163	2

time: 946687705.841833
diff: 29.158167004585266
waiting
going to web site
Hello world	Thread-4298	2

time: 946687735.841833
diff: 9.158167004585266
waiting
going to web site
Hello world	Thread-4479	2

time: 946687776.845833
diff: -1.8458329439163208
going to web site
Hello world	Thread-4480	8

time: 946687777.6786649
diff: 31.321335077285767
waiting
going to web site
Hello world	Thread-4630	2

time: 946687809.841833
diff: 13.158167004585266
waiting
going to web site
Hello world	Thread-4690	2

time: 946687823.841833
diff: 19.158167004585266
waiting
going to web site
Hello world	Thread-4779	6

time: 946687843.545033
diff: 32.45496702194214
waiting
going to web site
Hello world	Thread-4927	4

time: 946687876.544776
diff: 13.45522403717041
waiting
going to web site
Hello world	Thread-4989	3

time: 946687890.5350649
diff: 25.464935064315796
waiting
going to web site
Hello world	Thread-5110	4

time: 946687916.533065
diff: 9.46693503856659
waiting
going to web site
Hello world	Thread-5160	7

time: 946687926.5448971
diff: 24.455102920532227
waiting
going to web site
Hello world	Thread-5280	6

time: 946687951.5350641
diff: 18.464935898780823
waiting
going to web site
Hello world	Thread-5365	7

time: 946687970.5290639
diff: 17.470936059951782
waiting
going to web site
Hello world	Thread-5455	3

time: 946687988.5448331
diff: 24.455166935920715
waiting
going to web site
Hello world	Thread-5566	7

time: 946688013.5350641
diff: 39.46493589878082
waiting
going to web site
Hello world	Thread-5747	7

time: 946688053.5350641
diff: 17.464935898780823
waiting
going to web site
Hello world	Thread-5822	4

time: 946688071.5350641
diff: 12.464935898780823
waiting
going to web site
Hello world	Thread-5886	7

time: 946688084.535237
diff: 34.464763045310974
waiting
going to web site
Hello world	Thread-6030	6

time: 946688119.5350649
diff: 20.464935064315796
waiting
going to web site
Hello world	Thread-6125	3

time: 946688140.526065
diff: 26.47393500804901
waiting
going to web site
Hello world	Thread-6243	4

time: 946688167.544065
diff: 28.45593500137329
waiting
going to web site
Hello world	Thread-6365	5

time: 946688196.5445191
diff: 14.455480933189392
waiting
going to web site
Hello world	Thread-6429	6

time: 946688211.5350641
diff: 31.464935898780823
waiting
going to web site
Hello world	Thread-6568	7

time: 946688243.526064
diff: 23.473935961723328
waiting
going to web site
Hello world	Thread-6679	3

time: 946688267.5350641
diff: 16.464935898780823
waiting
going to web site
Hello world	Thread-6754	7

time: 946688284.5350641
diff: 10.464935898780823
waiting
going to web site
Hello world	Thread-6799	5

time: 946688295.526064
diff: 19.473935961723328
waiting
going to web site
Hello world	Thread-6893	6

time: 946688315.5350641
diff: 25.464935898780823
waiting
going to web site
Hello world	Thread-6998	5

time: 946688341.5350641
diff: 23.464935898780823
waiting
going to web site
Hello world	Thread-7106	4

time: 946688365.526064
diff: 25.473935961723328
waiting
going to web site
Hello world	Thread-7225	5

time: 946688391.5350641
diff: 6.464935898780823
waiting
going to web site
Hello world	Thread-7256	4

time: 946688398.526064
diff: 21.473935961723328
waiting
going to web site
Hello world	Thread-7355	4

time: 946688420.535671
diff: 20.46432900428772
waiting
going to web site
Hello world	Thread-7454	5

time: 946688441.5350649
diff: 31.464935064315796
waiting
going to web site
Hello world	Thread-7594	4

time: 946688473.544065
diff: 18.45593500137329
waiting
going to web site
Hello world	Thread-7670	5

time: 946688492.544065
diff: 27.45593500137329
waiting
going to web site
Hello world	Thread-7804	6

time: 946688520.5447971
diff: 29.45520293712616
waiting
going to web site
Hello world	Thread-7924	5

time: 946688550.5350641
diff: 29.464935898780823
waiting
going to web site
Hello world	Thread-8059	6

time: 946688580.5350641
diff: 19.464935898780823
waiting
going to web site
Hello world	Thread-8146	5

time: 946688600.526064
diff: 30.473935961723328
waiting
going to web site
Hello world	Thread-8281	7

time: 946688631.5350641
diff: 16.464935898780823
waiting
going to web site
Hello world	Thread-8351	6

time: 946688648.526064
diff: 36.47393596172333
waiting
going to web site
Hello world	Thread-8509	5

time: 946688685.5350641
diff: 13.464935898780823
waiting
going to web site
Hello world	Thread-8564	6

time: 946688699.5350641
diff: 20.464935898780823
waiting
going to web site
Hello world	Thread-8647	7

time: 946688720.5294169
diff: 27.470583081245422
waiting
going to web site
Hello world	Thread-8763	6

time: 946688748.5350649
diff: 24.464935064315796
waiting
going to web site
Hello world	Thread-8859	5

time: 946688773.540065
diff: 39.45993494987488
waiting
going to web site
Hello world	Thread-9023	3

time: 946688813.5350641
diff: 15.464935898780823
waiting
going to web site
Hello world	Thread-9081	7

time: 946688829.5350641
diff: 8.464935898780823
waiting
going to web site
Hello world	Thread-9128	4

time: 946688838.5350641
diff: 27.464935898780823
waiting
going to web site
Hello world	Thread-9246	5

time: 946688866.5350641
diff: 25.464935898780823
waiting
going to web site
Hello world	Thread-9360	5

time: 946688892.5350641
diff: 8.464935898780823
waiting
going to web site
Hello world	Thread-9391	6

time: 946688901.5350641
diff: 18.464935898780823
waiting
going to web site
Hello world	Thread-9474	4

time: 946688920.526064
diff: 29.473935961723328
waiting
going to web site
Hello world	Thread-9600	6

time: 946688950.5350641
diff: 18.464935898780823
waiting
going to web site
Hello world	Thread-9694	7

time: 946688969.530561
diff: 13.469439029693604
waiting
going to web site
Hello world	Thread-9754	4

time: 946688983.5448331
diff: 11.455166935920715
waiting
going to web site
Hello world	Thread-9812	7

time: 946688995.5350641
diff: 33.46493589878082
waiting
going to web site
Hello world	Thread-9971	7

time: 946689029.5350641
diff: 16.464935898780823
waiting
going to web site
Hello world	Thread-10045	3

time: 946689046.526064
diff: 27.473935961723328
waiting
going to web site
Hello world	Thread-10181	2

time: 946689074.832832
diff: 24.167168021202087
waiting
going to web site
Hello world	Thread-10289	4

time: 946689099.832833
diff: 20.16716694831848
waiting
going to web site
Hello world	Thread-10389	4

time: 946689120.832832
diff: 11.167168021202087
waiting
going to web site
Hello world	Thread-10453	4

time: 946689132.841833
diff: 35.158167004585266
waiting
going to web site
Hello world	Thread-10619	5

time: 946689168.832833
diff: 5.1671669483184814
waiting
going to web site
Hello world	Thread-10644	6

time: 946689174.832832
diff: 20.167168021202087
waiting
going to web site
Hello world	Thread-10759	4

time: 946689196.841833
diff: 23.158167004585266
waiting
going to web site
Hello world	Thread-10874	4

time: 946689220.832833
diff: 22.16716694831848
waiting
going to web site
Hello world	Thread-10978	4

time: 946689243.832832
diff: 11.167168021202087
waiting
going to web site
Hello world	Thread-11047	2

time: 946689256.860833
diff: 26.139166951179504
waiting
going to web site
Hello world	Thread-11170	5

time: 946689283.832832
diff: 29.167168021202087
waiting
going to web site
Hello world	Thread-11316	5

time: 946689313.832833
diff: 13.167166948318481
waiting
going to web site
Hello world	Thread-11379	3

time: 946689327.832832
diff: 19.167168021202087
waiting
going to web site
Hello world	Thread-11476	2

time: 946689347.836833
diff: 24.163166999816895
waiting
going to web site
Hello world	Thread-11594	4

time: 946689372.832832
diff: 11.167168021202087
waiting
going to web site
Hello world	Thread-11648	3

time: 946689384.841833
diff: 33.158167004585266
waiting
going to web site
Hello world	Thread-11799	3

time: 946689418.8378329
diff: 21.162167072296143
waiting
going to web site
Hello world	Thread-11896	5

time: 946689440.841833
diff: 22.158167004585266
waiting
going to web site
Hello world	Thread-12004	3

time: 946689463.841833
diff: 22.158167004585266
waiting
going to web site
Hello world	Thread-12121	3

time: 946689487.841833
diff: 31.158167004585266
waiting
going to web site
Hello world	Thread-12256	3

time: 946689519.841833
diff: 22.158167004585266
waiting
going to web site
Hello world	Thread-12370	5

time: 946689542.841833
diff: 4.158167004585266
waiting
going to web site
Hello world	Thread-12390	3

time: 946689547.832833
diff: 14.167166948318481
waiting
going to web site
Hello world	Thread-12460	3

time: 946689562.832832
diff: 18.167168021202087
waiting
going to web site
Hello world	Thread-12548	3

time: 946689582.851833
diff: 26.14816701412201
waiting
going to web site
Hello world	Thread-12667	3

time: 946689609.841833
diff: 27.158167004585266
waiting
going to web site
Hello world	Thread-12799	3

time: 946689637.841833
diff: 25.158167004585266
waiting
going to web site
Hello world	Thread-12921	6

time: 946689663.841833
diff: 5.158167004585266
waiting
going to web site
Hello world	Thread-12947	2

time: 946689669.841833
diff: 29.158167004585266
waiting
going to web site
Hello world	Thread-13090	4

time: 946689699.850833
diff: 5.149166941642761
waiting
going to web site
Hello world	Thread-13114	5

time: 946689705.832832
diff: 27.167168021202087
waiting
going to web site
Hello world	Thread-13245	2

time: 946689734.860833
diff: 35.139166951179504
waiting
going to web site
Hello world	Thread-13409	4

time: 946689770.832832
diff: 7.167168021202087
waiting
going to web site
Hello world	Thread-13444	2

time: 946689778.851833
diff: 36.14816701412201
waiting
going to web site
Hello world	Thread-13616	5

time: 946689815.841833
diff: 8.158167004585266
waiting
going to web site
Hello world	Thread-13663	2

time: 946689825.836833
diff: 29.163166999816895
waiting
going to web site
Hello world	Thread-13806	5

time: 946689855.832832
diff: 27.167168021202087
waiting
going to web site
Hello world	Thread-13936	3

time: 946689883.841833
diff: 16.158167004585266
waiting
going to web site
Hello world	Thread-14009	3

time: 946689900.841833
diff: 31.158167004585266
waiting
going to web site
Hello world	Thread-14148	3

time: 946689932.832833
diff: 35.16716694831848
waiting
going to web site
Hello world	Thread-14302	3

time: 946689968.832832
diff: 14.167168021202087
waiting
going to web site
Hello world	Thread-14367	3

time: 946689983.841833
diff: 21.158167004585266
waiting
going to web site
Hello world	Thread-14468	4

time: 946690005.841833
diff: 16.158167004585266
waiting
going to web site
Hello world	Thread-14542	2

time: 946690022.859481
diff: 24.14051902294159
waiting
going to web site
Hello world	Thread-14647	3

time: 946690047.841833
diff: 21.158167004585266
waiting
going to web site
Hello world	Thread-14740	3

time: 946690069.841833
diff: 26.158167004585266
waiting
going to web site
Hello world	Thread-14861	3

time: 946690097.841833
diff: 20.158167004585266
waiting
going to web site
Hello world	Thread-14949	3

time: 946690119.842833
diff: 20.157166957855225
waiting
going to web site
Hello world	Thread-15039	4

time: 946690140.832832
diff: 28.167168021202087
waiting
going to web site
Hello world	Thread-15165	2

time: 946690169.841833
diff: 24.158167004585266
waiting
going to web site
Hello world	Thread-15265	5

time: 946690194.841833
diff: 7.158167004585266
waiting
going to web site
Hello world	Thread-15301	3

time: 946690202.832833
diff: 20.16716694831848
waiting
going to web site
Hello world	Thread-15393	3

time: 946690223.832832
diff: 29.167168021202087
waiting
going to web site
Hello world	Thread-15523	2

time: 946690253.832833
diff: 17.16716694831848
waiting
going to web site
Hello world	Thread-15612	5

time: 946690271.832832
diff: 22.167168021202087
waiting
going to web site
Hello world	Thread-15708	2

time: 946690294.841833
diff: 25.158167004585266
waiting
going to web site
Hello world	Thread-15821	4

time: 946690320.841833
diff: 28.158167004585266
waiting
going to web site
Hello world	Thread-15946	4

time: 946690350.8398329
diff: 25.16016709804535
waiting
going to web site
Hello world	Thread-16062	3

time: 946690376.841833
diff: 13.158167004585266
waiting
going to web site
Hello world	Thread-16118	3

time: 946690390.841833
diff: 29.158167004585266
waiting
going to web site
Hello world	Thread-16248	4

time: 946690420.8408331
diff: 17.159166932106018
waiting
going to web site
Hello world	Thread-16328	3

time: 946690438.832832
diff: 26.167168021202087
waiting
going to web site
Hello world	Thread-16442	4

time: 946690465.841833
diff: 23.158167004585266
waiting
going to web site
Hello world	Thread-16550	3

time: 946690489.841833
diff: 16.158167004585266
waiting
going to web site
Hello world	Thread-16624	3

time: 946690506.841833
diff: 18.158167004585266
waiting
going to web site
Hello world	Thread-16707	5

time: 946690525.841833
diff: 16.158167004585266
waiting
going to web site
Hello world	Thread-16782	2

time: 946690542.8422489
diff: 27.157751083374023
waiting
going to web site
Hello world	Thread-16906	2

time: 946690570.841833
diff: 28.158167004585266
waiting
going to web site
Hello world	Thread-17033	4

time: 946690599.841833
diff: 21.158167004585266
waiting
going to web site
Hello world	Thread-17122	4

time: 946690621.841833
diff: 38.158167004585266
waiting
going to web site
Hello world	Thread-17286	2

time: 946690660.836833
diff: 11.163166999816895
waiting
going to web site
Hello world	Thread-17334	2

time: 946690672.832832
diff: 16.167168021202087
waiting
going to web site
Hello world	Thread-17419	4

time: 946690690.841833
diff: 33.158167004585266
waiting
going to web site
Hello world	Thread-17563	4

time: 946690724.841833
diff: 13.158167004585266
waiting
going to web site
Hello world	Thread-17631	2

time: 946690738.851665
diff: 20.148334980010986
waiting
going to web site
Hello world	Thread-17716	7

time: 946690759.832832
diff: 26.167168021202087
waiting
going to web site
Hello world	Thread-17838	3

time: 946690786.841833
diff: 18.158167004585266
waiting
going to web site
Hello world	Thread-17917	3

time: 946690805.845833
diff: 33.15416705608368
waiting
going to web site
Hello world	Thread-18064	3

time: 946690839.841833
diff: 25.158167004585266
waiting
going to web site
Hello world	Thread-18168	5

time: 946690865.841833
diff: 22.158167004585266
waiting
going to web site
Hello world	Thread-18267	5

time: 946690888.832833
diff: 17.16716694831848
waiting
going to web site
Hello world	Thread-18344	5

time: 946690906.832832
diff: 14.167168021202087
waiting
going to web site
Hello world	Thread-18403	3

time: 946690921.841833
diff: 32.158167004585266
waiting
going to web site
Hello world	Thread-18549	2

time: 946690954.8588331
diff: 25.141166925430298
waiting
going to web site
Hello world	Thread-18655	3

time: 946690980.832832
diff: 20.167168021202087
waiting
going to web site
Hello world	Thread-18753	3

time: 946691001.841833
diff: 12.158167004585266
waiting
going to web site
Hello world	Thread-18808	4

time: 946691014.845833
diff: 22.15416705608368
waiting
going to web site
Hello world	Thread-18908	2

time: 946691037.842833
diff: 30.157166957855225
waiting
going to web site
Hello world	Thread-19047	4

time: 946691068.832832
diff: 7.167168021202087
waiting
going to web site
Hello world	Thread-19077	4

time: 946691076.850833
diff: 23.14916694164276
waiting
going to web site
Hello world	Thread-19188	4

time: 946691100.836832
diff: 7.163167953491211
waiting
going to web site
Hello world	Thread-19221	3

time: 946691108.832832
diff: 41.16716802120209
waiting
going to web site
Hello world	Thread-19415	3

time: 946691150.841833
diff: 23.158167004585266
waiting
going to web site
Hello world	Thread-19524	3

time: 946691174.841833
diff: 11.158167004585266
waiting
going to web site
Hello world	Thread-19568	3

time: 946691186.845833
diff: 33.15416705608368
waiting
going to web site
Hello world	Thread-19729	4

time: 946691220.836833
diff: 13.163166999816895
waiting
going to web site
Hello world	Thread-19797	4

time: 946691234.836832
diff: 13.163167953491211
waiting
going to web site
Hello world	Thread-19855	2

time: 946691248.836832
diff: 18.16316795349121
waiting
going to web site
Hello world	Thread-19951	2

time: 946691267.832832
diff: 26.167168021202087
waiting
going to web site
Hello world	Thread-20074	3

time: 946691294.841833
diff: 14.158167004585266
waiting
going to web site
Hello world	Thread-20139	2

time: 946691309.841833
diff: 15.158167004585266
waiting
going to web site
Hello world	Thread-20219	2

time: 946691325.841833
diff: 26.158167004585266
waiting
going to web site
Hello world	Thread-20344	2

time: 946691352.862249
diff: 20.13775098323822
waiting
going to web site
Hello world	Thread-20452	4

time: 946691373.836832
diff: 18.16316795349121
waiting
going to web site
Hello world	Thread-20547	5

time: 946691392.832832
diff: 20.167168021202087
waiting
going to web site
Hello world	Thread-20685	3

time: 946691420.841833
diff: 12.158167004585266
waiting
going to web site
Hello world	Thread-20743	2

time: 946691433.8421941
diff: 24.157805919647217
waiting
going to web site
Hello world	Thread-20862	4

time: 946691458.832832
diff: 16.167168021202087
waiting
going to web site
Hello world	Thread-20942	2

time: 946691476.841833
diff: 29.158167004585266
waiting
going to web site
Hello world	Thread-21086	2

time: 946691506.841833
diff: 25.158167004585266
waiting
going to web site
Hello world	Thread-21205	3

time: 946691532.841833
diff: 29.158167004585266
waiting
going to web site
Hello world	Thread-21341	6

time: 946691562.838833
diff: 21.1611670255661
waiting
going to web site
Hello world	Thread-21444	2

time: 946691584.841833
diff: 12.158167004585266
waiting
going to web site
Hello world	Thread-21508	3

time: 946691597.848833
diff: 36.151167035102844
waiting
going to web site
Hello world	Thread-21671	2

time: 946691634.8418959
diff: 13.158104062080383
waiting
going to web site
Hello world	Thread-21732	2

time: 946691648.841833
diff: 20.158167004585266
waiting
going to web site
Hello world	Thread-21818	2

time: 946691669.842193
diff: 18.157806992530823
waiting
going to web site
Hello world	Thread-21904	3

time: 946691688.832832
diff: 24.167168021202087
waiting
going to web site
Hello world	Thread-22021	2

time: 946691713.841833
diff: 21.158167004585266
waiting
going to web site
Hello world	Thread-22111	2

time: 946691735.841833
diff: 20.158167004585266
waiting
going to web site
Hello world	Thread-22205	2

time: 946691756.832833
diff: 24.16716694831848
waiting
going to web site
Hello world	Thread-22304	3

time: 946691781.832832
diff: 26.167168021202087
waiting
going to web site
Hello world	Thread-22438	2

time: 946691809.841833
diff: 18.158167004585266
waiting
going to web site
Hello world	Thread-22522	3

time: 946691828.841833
diff: 19.158167004585266
waiting
going to web site
Hello world	Thread-22602	2

time: 946691848.841833
diff: 16.158167004585266
waiting
going to web site
Hello world	Thread-22679	2

time: 946691865.841833
diff: 31.158167004585266
waiting
going to web site
Hello world	Thread-22827	3

time: 946691897.841833
diff: 12.158167004585266
waiting
going to web site
Hello world	Thread-22876	3

time: 946691910.841833
diff: 29.158167004585266
waiting
going to web site
Hello world	Thread-23013	3

time: 946691940.841833
diff: 13.158167004585266
waiting
going to web site
Hello world	Thread-23095	2

time: 946691955.841833
diff: 14.158167004585266
waiting
going to web site
Hello world	Thread-23158	3

time: 946691970.8588331
diff: 29.141166925430298
waiting
going to web site
Hello world	Thread-23297	6

time: 946692000.832832
diff: 11.167168021202087
waiting
going to web site
Hello world	Thread-23358	2

time: 946692012.841833
diff: 13.158167004585266
waiting
going to web site
Hello world	Thread-23423	2

time: 946692026.841833
diff: 26.158167004585266
waiting
going to web site
Hello world	Thread-23555	3

time: 946692053.832833
diff: 7.1671669483184814
waiting
going to web site
Hello world	Thread-23596	4

time: 946692061.832832
diff: 24.167168021202087
waiting
going to web site
Hello world	Thread-23719	2

time: 946692087.856833
diff: 34.14316701889038
waiting
going to web site
Hello world	Thread-23885	3

time: 946692122.841833
diff: 21.158167004585266
waiting
going to web site
Hello world	Thread-23986	5

time: 946692144.841833
diff: 13.158167004585266
waiting
going to web site
Hello world	Thread-24052	6

time: 946692159.841833
diff: 27.158167004585266
waiting
going to web site
Hello world	Thread-24188	4

time: 946692188.841833
diff: 40.158167004585266
waiting
going to web site
Hello world	Thread-24379	2

time: 946692229.841833
diff: 5.158167004585266
waiting
going to web site
Hello world	Thread-24404	3

time: 946692236.841833
diff: 24.158167004585266
waiting
going to web site
Hello world	Thread-24523	3

time: 946692261.841833
diff: 18.158167004585266
waiting
going to web site
Hello world	Thread-24610	3

time: 946692280.836833
diff: 38.163166999816895
waiting
going to web site
Hello world	Thread-24779	6

time: 946692319.832832
diff: 27.167168021202087
waiting
going to web site
Hello world	Thread-24900	3

time: 946692347.841833
diff: 20.158167004585266
waiting
going to web site
Hello world	Thread-24993	2

time: 946692369.841833
diff: 12.158167004585266
waiting
going to web site
Hello world	Thread-25051	3

time: 946692382.841833
diff: 28.158167004585266
waiting
going to web site
Hello world	Thread-25170	3

time: 946692411.841833
diff: 10.158167004585266
waiting
going to web site
Hello world	Thread-25214	3

time: 946692422.841833
diff: 29.158167004585266
waiting
going to web site
Hello world	Thread-25338	5

time: 946692452.832833
diff: 18.16716694831848
waiting
going to web site
Hello world	Thread-25422	3

time: 946692471.832832
diff: 17.167168021202087
waiting
going to web site
Hello world	Thread-25499	2

time: 946692489.860665
diff: 29.13933503627777
waiting
going to web site
Hello world	Thread-25625	2

time: 946692519.841833
diff: 34.158167004585266
waiting
going to web site
Hello world	Thread-25768	5

time: 946692554.832833
diff: 22.16716694831848
waiting
going to web site
Hello world	Thread-25871	5

time: 946692577.832832
diff: 27.167168021202087
waiting
going to web site
Hello world	Thread-25992	3

time: 946692606.842833
diff: 3.1571669578552246
waiting
going to web site
Hello world	Thread-26004	3

time: 946692610.832832
diff: 24.167168021202087
waiting
going to web site
Hello world	Thread-26110	2

