time: 946686600.0
diff: 200.0
waiting
going to web site
Hello world	Thread-302	4

time: 946686800.832832
diff: 0.1671680212020874
waiting
going to web site
Hello world	Thread-1053	2

time: 946686801.841833
diff: -0.8418329954147339
going to web site
Hello world	Thread-1055	3

time: 946686802.682665
diff: -0.6826649904251099
going to web site
Hello world	Thread-1059	3

time: 946686803.518497
diff: -0.5184969902038574
going to web site
Hello world	Thread-1065	2

time: 946686804.3583289
diff: 1.641671061515808
waiting
going to web site
Hello world	Thread-1085	3

time: 946686806.8588331
diff: 0.14116692543029785
waiting
going to web site
Hello world	Thread-1091	5

time: 946686807.832832
diff: 0.1671680212020874
waiting
going to web site
Hello world	Thread-1104	4

time: 946686808.860833
diff: 0.1391669511795044
waiting
going to web site
Hello world	Thread-1111	4

time: 946686809.832832
diff: -0.8328319787979126
going to web site
Hello world	Thread-1119	4

time: 946686810.673664
diff: -0.6736639738082886
going to web site
Hello world	Thread-1125	3

time: 946686811.506496
diff: 1.4935040473937988
waiting
going to web site
Hello world	Thread-1136	3

time: 946686813.854481
diff: 0.14551901817321777
waiting
going to web site
Hello world	Thread-1143	2

time: 946686814.848833
diff: 2.1511670351028442
waiting
going to web site
Hello world	Thread-1160	3

time: 946686817.841833
diff: 0.1581670045852661
waiting
going to web site
Hello world	Thread-1167	4

time: 946686818.851081
diff: -0.8510810136795044
going to web site
Hello world	Thread-355	4

time: 946686819.710397
diff: 5.289602994918823
waiting
going to web site
Hello world	Thread-1212	4

time: 946686825.836833
diff: 20.163166999816895
waiting
going to web site
Hello world	Thread-441	3

time: 946686846.832832
diff: 16.167168021202087
waiting
going to web site
Hello world	Thread-502	3

time: 946686863.841833
diff: 22.158167004585266
waiting
going to web site
Hello world	Thread-586	3

time: 946686886.832833
diff: 14.167166948318481
waiting
going to web site
Hello world	Thread-647	2

time: 946686901.8564199
diff: 10.143580079078674
waiting
going to web site
Hello world	Thread-691	3

time: 946686912.841833
diff: 23.158167004585266
waiting
going to web site
Hello world	Thread-786	3

time: 946686936.841913
diff: 5.1580870151519775
waiting
going to web site
Hello world	Thread-818	3

time: 946686942.8494799
diff: 18.150520086288452
waiting
going to web site
Hello world	Thread-903	2

time: 946686961.8398329
diff: 33.16016709804535
waiting
going to web site
Hello world	Thread-1063	4

time: 946686995.844833
diff: 19.15516698360443
waiting
going to web site
Hello world	Thread-1155	4

time: 946687015.838833
diff: 29.1611670255661
waiting
going to web site
Hello world	Thread-1292	5

time: 946687045.848833
diff: 20.151167035102844
waiting
going to web site
Hello world	Thread-1385	3

time: 946687066.832833
diff: 32.16716694831848
waiting
going to web site
Hello world	Thread-1535	4

time: 946687099.832832
diff: 8.167168021202087
waiting
going to web site
Hello world	Thread-1576	2

time: 946687109.841833
diff: 25.158167004585266
waiting
going to web site
Hello world	Thread-1689	3

time: 946687135.841833
diff: 22.158167004585266
waiting
going to web site
Hello world	Thread-1791	3

time: 946687159.851833
diff: 28.14816701412201
waiting
going to web site
Hello world	Thread-1903	3

time: 946687188.832833
diff: 24.16716694831848
waiting
going to web site
Hello world	Thread-2006	4

time: 946687213.8398321
diff: 12.160167932510376
waiting
going to web site
Hello world	Thread-2072	3

time: 946687226.8338319
diff: 19.166168093681335
waiting
going to web site
Hello world	Thread-2147	3

time: 946687246.832833
diff: 23.16716694831848
waiting
going to web site
Hello world	Thread-2259	4

time: 946687270.832832
diff: 37.16716802120209
waiting
going to web site
Hello world	Thread-2428	3

time: 946687308.848833
diff: 18.151167035102844
waiting
going to web site
Hello world	Thread-2507	4

time: 946687327.848833
diff: 22.151167035102844
waiting
going to web site
Hello world	Thread-2607	2

time: 946687350.832833
diff: 25.16716694831848
waiting
going to web site
Hello world	Thread-2728	3

time: 946687376.832832
diff: 12.167168021202087
waiting
going to web site
Hello world	Thread-2785	4

time: 946687389.841833
diff: 23.158167004585266
waiting
going to web site
Hello world	Thread-2890	6

time: 946687413.699561
diff: 12.3004390001297
waiting
going to web site
Hello world	Thread-2945	3

time: 946687426.7155609
diff: 17.284439086914062
waiting
going to web site
Hello world	Thread-3016	6

time: 946687444.699561
diff: 24.3004390001297
waiting
going to web site
Hello world	Thread-3135	3

time: 946687469.699561
diff: 22.3004390001297
waiting
going to web site
Hello world	Thread-3237	3

time: 946687492.7085611
diff: 34.291438937187195
waiting
going to web site
Hello world	Thread-3386	4

time: 946687527.6995599
diff: 17.300440073013306
waiting
going to web site
Hello world	Thread-3462	6

time: 946687545.699561
diff: 31.3004390001297
waiting
going to web site
Hello world	Thread-3603	5

time: 946687577.699561
diff: 20.3004390001297
waiting
going to web site
Hello world	Thread-3691	6

time: 946687598.699561
diff: 23.3004390001297
waiting
going to web site
Hello world	Thread-3808	5

time: 946687622.699561
diff: 20.3004390001297
waiting
going to web site
Hello world	Thread-3886	4

time: 946687643.699561
diff: 32.3004390001297
waiting
going to web site
Hello world	Thread-4031	7

time: 946687676.699561
diff: 9.3004390001297
waiting
going to web site
Hello world	Thread-4080	4

time: 946687686.699561
diff: 29.3004390001297
waiting
going to web site
Hello world	Thread-4210	4

time: 946687716.699561
diff: 25.3004390001297
waiting
going to web site
Hello world	Thread-4324	7

time: 946687742.699561
diff: 29.3004390001297
waiting
going to web site
Hello world	Thread-4459	5

time: 946687772.699561
diff: 16.3004390001297
waiting
going to web site
Hello world	Thread-4530	6

time: 946687789.699561
diff: 11.3004390001297
waiting
going to web site
Hello world	Thread-4590	6

time: 946687801.699561
diff: 21.3004390001297
waiting
going to web site
Hello world	Thread-4688	5

time: 946687823.699561
diff: 25.3004390001297
waiting
going to web site
Hello world	Thread-4809	5

time: 946687849.709393
diff: 14.29060697555542
waiting
going to web site
Hello world	Thread-4867	7

time: 946687864.6995599
diff: 22.300440073013306
waiting
going to web site
Hello world	Thread-4977	4

time: 946687887.699561
diff: 21.3004390001297
waiting
going to web site
Hello world	Thread-5076	3

time: 946687909.699561
diff: 26.3004390001297
waiting
going to web site
Hello world	Thread-5204	6

time: 946687936.699561
diff: 11.3004390001297
waiting
going to web site
Hello world	Thread-5265	6

time: 946687948.699561
diff: 33.3004390001297
waiting
going to web site
Hello world	Thread-5426	6

time: 946687982.699561
diff: 17.3004390001297
waiting
going to web site
Hello world	Thread-5502	7

time: 946688000.699561
diff: 24.3004390001297
waiting
going to web site
Hello world	Thread-5618	4

time: 946688025.832833
diff: 19.16716694831848
waiting
going to web site
Hello world	Thread-5705	5

time: 946688045.832832
diff: 20.167168021202087
waiting
going to web site
Hello world	Thread-5804	4

time: 946688066.841833
diff: 24.158167004585266
waiting
going to web site
Hello world	Thread-5919	3

time: 946688091.841833
diff: 9.158167004585266
waiting
going to web site
Hello world	Thread-5956	2

time: 946688101.832833
diff: 18.16716694831848
waiting
going to web site
Hello world	Thread-6039	2

time: 946688120.836833
diff: 26.163166999816895
waiting
going to web site
Hello world	Thread-6172	6

time: 946688150.836832
diff: 25.16316795349121
waiting
going to web site
Hello world	Thread-6275	3

time: 946688176.836832
diff: 22.16316795349121
waiting
going to web site
Hello world	Thread-6376	5

time: 946688199.834416
diff: 9.165583968162537
waiting
going to web site
Hello world	Thread-6423	5

time: 946688209.832832
diff: 35.16716802120209
waiting
going to web site
Hello world	Thread-6582	2

time: 946688245.841833
diff: 15.158167004585266
waiting
going to web site
Hello world	Thread-6658	2

time: 946688261.841833
diff: 29.158167004585266
waiting
going to web site
Hello world	Thread-6785	4

time: 946688291.832833
diff: 28.16716694831848
waiting
going to web site
Hello world	Thread-6914	4

time: 946688320.832832
diff: 20.167168021202087
waiting
going to web site
Hello world	Thread-7001	2

time: 946688341.841833
diff: 29.158167004585266
waiting
going to web site
Hello world	Thread-7155	3

time: 946688374.841833
diff: 19.158167004585266
waiting
going to web site
Hello world	Thread-7255	2

time: 946688397.842833
diff: 16.157166957855225
waiting
going to web site
Hello world	Thread-7331	3

time: 946688414.832832
diff: 26.167168021202087
waiting
going to web site
Hello world	Thread-7456	2

time: 946688441.841833
diff: 19.158167004585266
waiting
going to web site
Hello world	Thread-7539	4

time: 946688461.841833
diff: 5.158167004585266
waiting
going to web site
Hello world	Thread-7564	2

time: 946688467.841833
diff: 26.158167004585266
waiting
going to web site
Hello world	Thread-7688	4

time: 946688495.836833
diff: 22.163166999816895
waiting
going to web site
Hello world	Thread-7794	3

time: 946688518.832832
diff: 17.167168021202087
waiting
going to web site
Hello world	Thread-7874	4

time: 946688537.860833
diff: 16.139166951179504
waiting
going to web site
Hello world	Thread-7943	5

time: 946688554.832832
diff: 19.167168021202087
waiting
going to web site
Hello world	Thread-8040	2

time: 946688574.841833
diff: 26.158167004585266
waiting
going to web site
Hello world	Thread-8153	2

time: 946688601.841833
diff: 20.158167004585266
waiting
going to web site
Hello world	Thread-8246	2

time: 946688622.841833
diff: 31.158167004585266
waiting
going to web site
Hello world	Thread-8382	4

time: 946688654.836833
diff: 16.163166999816895
waiting
going to web site
Hello world	Thread-8453	2

time: 946688671.832832
diff: 37.16716802120209
waiting
going to web site
Hello world	Thread-8609	3

time: 946688709.842665
diff: 23.15733504295349
waiting
going to web site
Hello world	Thread-8706	2

time: 946688733.841833
diff: 31.158167004585266
waiting
going to web site
Hello world	Thread-8828	3

time: 946688765.841833
diff: 25.158167004585266
waiting
going to web site
Hello world	Thread-8925	2

time: 946688791.841833
diff: 16.158167004585266
waiting
going to web site
Hello world	Thread-9002	3

time: 946688808.841833
diff: 18.158167004585266
waiting
going to web site
Hello world	Thread-9080	2

time: 946688828.860833
diff: 13.139166951179504
waiting
going to web site
Hello world	Thread-9143	3

time: 946688842.832832
diff: 33.16716802120209
waiting
going to web site
Hello world	Thread-9285	3

time: 946688876.841833
diff: 34.158167004585266
waiting
going to web site
Hello world	Thread-9442	3

time: 946688912.841833
diff: 11.158167004585266
waiting
going to web site
Hello world	Thread-9495	2

time: 946688924.832833
diff: 29.16716694831848
waiting
going to web site
Hello world	Thread-9625	3

time: 946688954.832832
diff: 14.167168021202087
waiting
going to web site
Hello world	Thread-9703	6

time: 946688970.841833
diff: 25.158167004585266
waiting
going to web site
Hello world	Thread-9822	4

time: 946688996.832833
diff: 17.16716694831848
waiting
going to web site
Hello world	Thread-9907	3

time: 946689014.832832
diff: 27.167168021202087
waiting
going to web site
Hello world	Thread-10033	3

time: 946689042.832833
diff: 22.16716694831848
waiting
going to web site
Hello world	Thread-10138	6

time: 946689066.832832
diff: 8.167168021202087
waiting
going to web site
Hello world	Thread-10187	4

time: 946689075.841833
diff: 22.158167004585266
waiting
going to web site
Hello world	Thread-10284	5

time: 946689098.832833
diff: 16.16716694831848
waiting
going to web site
Hello world	Thread-10369	5

time: 946689115.832832
diff: 26.167168021202087
waiting
going to web site
Hello world	Thread-10506	2

time: 946689143.841833
diff: 10.158167004585266
waiting
going to web site
Hello world	Thread-10554	2

time: 946689154.841833
diff: 23.158167004585266
waiting
going to web site
Hello world	Thread-10673	2

time: 946689179.841833
diff: 13.158167004585266
waiting
going to web site
Hello world	Thread-10743	2

time: 946689193.832833
diff: 22.16716694831848
waiting
going to web site
Hello world	Thread-10853	3

time: 946689216.832832
diff: 30.167168021202087
waiting
going to web site
Hello world	Thread-11001	2

time: 946689247.841833
diff: 12.158167004585266
waiting
going to web site
Hello world	Thread-11067	6

time: 946689260.832833
diff: 25.16716694831848
waiting
going to web site
Hello world	Thread-11181	6

time: 946689286.832832
diff: 19.167168021202087
waiting
going to web site
Hello world	Thread-11286	3

time: 946689306.841833
diff: 23.158167004585266
waiting
going to web site
Hello world	Thread-11400	2

time: 946689331.860833
diff: 22.139166951179504
waiting
going to web site
Hello world	Thread-11507	4

time: 946689354.832832
diff: 15.167168021202087
waiting
going to web site
Hello world	Thread-11581	4

time: 946689370.841833
diff: 9.158167004585266
waiting
going to web site
Hello world	Thread-11627	3

time: 946689380.841833
diff: 21.158167004585266
waiting
going to web site
Hello world	Thread-11735	3

time: 946689402.836833
diff: 31.163166999816895
waiting
going to web site
Hello world	Thread-11881	4

time: 946689434.832832
diff: 31.167168021202087
waiting
going to web site
Hello world	Thread-12018	4

time: 946689466.832833
diff: 22.16716694831848
waiting
going to web site
Hello world	Thread-12131	3

time: 946689489.832832
diff: 19.167168021202087
waiting
going to web site
Hello world	Thread-12213	2

time: 946689509.841833
diff: 16.158167004585266
waiting
going to web site
Hello world	Thread-12304	3

time: 946689529.842833
diff: 11.157166957855225
waiting
going to web site
Hello world	Thread-12363	3

time: 946689541.836832
diff: 20.16316795349121
waiting
going to web site
Hello world	Thread-12461	4

time: 946689562.832832
diff: 21.167168021202087
waiting
going to web site
Hello world	Thread-12567	3

time: 946689585.844833
diff: 38.15516698360443
waiting
going to web site
Hello world	Thread-12732	5

time: 946689624.836832
diff: 22.16316795349121
waiting
going to web site
Hello world	Thread-12840	6

time: 946689647.832832
diff: 14.167168021202087
waiting
going to web site
Hello world	Thread-12912	4

time: 946689662.832833
diff: 20.16716694831848
waiting
going to web site
Hello world	Thread-13018	5

time: 946689683.832832
diff: 28.167168021202087
waiting
going to web site
Hello world	Thread-13147	5

time: 946689712.851588
diff: 13.148411989212036
waiting
going to web site
Hello world	Thread-13205	3

time: 946689726.832832
diff: 5.167168021202087
waiting
going to web site
Hello world	Thread-13238	2

time: 946689733.845833
diff: 35.15416705608368
waiting
going to web site
Hello world	Thread-13406	4

time: 946689769.841833
diff: 18.158167004585266
waiting
going to web site
Hello world	Thread-13488	5

time: 946689788.841833
diff: 23.158167004585266
waiting
going to web site
Hello world	Thread-13603	6

time: 946689813.841833
diff: 19.158167004585266
waiting
going to web site
Hello world	Thread-13696	3

time: 946689833.841833
diff: 14.158167004585266
waiting
going to web site
Hello world	Thread-13779	5

time: 946689849.841833
diff: 13.158167004585266
waiting
going to web site
Hello world	Thread-13840	4

time: 946689863.8587129
diff: 32.141287088394165
waiting
going to web site
Hello world	Thread-13989	2

time: 946689896.859208
diff: 16.14079201221466
waiting
going to web site
Hello world	Thread-14062	2

time: 946689913.832833
diff: 27.16716694831848
waiting
going to web site
Hello world	Thread-14182	3

time: 946689941.832832
diff: 17.167168021202087
waiting
going to web site
Hello world	Thread-14271	5

time: 946689959.841833
diff: 26.158167004585266
waiting
going to web site
Hello world	Thread-14391	2

time: 946689987.8588331
diff: 13.141166925430298
waiting
going to web site
Hello world	Thread-14447	2

time: 946690001.832832
diff: 27.167168021202087
waiting
going to web site
Hello world	Thread-14572	3

time: 946690029.841833
diff: 27.158167004585266
waiting
going to web site
Hello world	Thread-14687	4

time: 946690057.841833
diff: 25.158167004585266
waiting
going to web site
Hello world	Thread-14795	4

time: 946690083.832833
diff: 27.16716694831848
waiting
going to web site
Hello world	Thread-14921	3

time: 946690111.832832
diff: 18.167168021202087
waiting
going to web site
Hello world	Thread-15002	3

time: 946690130.841833
diff: 20.158167004585266
waiting
going to web site
Hello world	Thread-15088	4

time: 946690151.832833
diff: 13.167166948318481
waiting
going to web site
Hello world	Thread-15148	4

time: 946690165.832832
diff: 33.16716802120209
waiting
going to web site
Hello world	Thread-15294	2

time: 946690200.842833
diff: 8.157166957855225
waiting
going to web site
Hello world	Thread-15333	5

time: 946690209.832832
diff: 36.16716802120209
waiting
going to web site
Hello world	Thread-15497	5

time: 946690246.841833
diff: 14.158167004585266
waiting
going to web site
Hello world	Thread-15561	3

time: 946690261.8588331
diff: 26.141166925430298
waiting
going to web site
Hello world	Thread-15680	5

time: 946690288.832832
diff: 21.167168021202087
waiting
going to web site
Hello world	Thread-15774	3

time: 946690310.841833
diff: 27.158167004585266
waiting
going to web site
Hello world	Thread-15902	3

time: 946690339.841833
diff: 23.158167004585266
waiting
going to web site
Hello world	Thread-16005	4

time: 946690364.849833
diff: 18.150166988372803
waiting
going to web site
Hello world	Thread-16084	5

time: 946690383.832832
diff: 20.167168021202087
waiting
going to web site
Hello world	Thread-16181	4

time: 946690404.841833
diff: 27.158167004585266
waiting
going to web site
Hello world	Thread-16301	4

time: 946690432.841833
diff: 12.158167004585266
waiting
going to web site
Hello world	Thread-16362	4

time: 946690445.841833
diff: 22.158167004585266
waiting
going to web site
Hello world	Thread-16457	5

time: 946690468.839713
diff: 31.160287022590637
waiting
going to web site
Hello world	Thread-16605	5

time: 946690500.836713
diff: 23.163287043571472
waiting
going to web site
Hello world	Thread-16702	4

time: 946690524.836713
diff: 27.163287043571472
waiting
going to web site
Hello world	Thread-16815	5

time: 946690552.836713
diff: 13.163287043571472
waiting
going to web site
Hello world	Thread-16887	5

time: 946690566.836713
diff: 28.163287043571472
waiting
going to web site
Hello world	Thread-17014	2

time: 946690595.836713
diff: 18.163287043571472
waiting
going to web site
Hello world	Thread-17091	2

time: 946690614.836713
diff: 21.163287043571472
waiting
going to web site
Hello world	Thread-17188	4

time: 946690636.836713
diff: 19.163287043571472
waiting
going to web site
Hello world	Thread-17269	3

time: 946690656.836713
diff: 8.163287043571472
waiting
going to web site
Hello world	Thread-17309	2

time: 946690665.836713
diff: 36.16328704357147
waiting
going to web site
Hello world	Thread-17472	3

time: 946690702.836713
diff: 24.163287043571472
waiting
going to web site
Hello world	Thread-17577	2

time: 946690727.836713
diff: 19.163287043571472
waiting
going to web site
Hello world	Thread-17668	2

time: 946690747.836713
diff: 34.16328704357147
waiting
going to web site
Hello world	Thread-17822	2

time: 946690782.836713
diff: 25.163287043571472
waiting
going to web site
Hello world	Thread-17933	2

time: 946690808.836713
diff: 18.163287043571472
waiting
going to web site
Hello world	Thread-18014	4

time: 946690827.839713
diff: 23.160287022590637
waiting
going to web site
Hello world	Thread-18106	4

time: 946690851.836713
diff: 23.163287043571472
waiting
going to web site
Hello world	Thread-18208	2

time: 946690875.836713
diff: 8.163287043571472
waiting
going to web site
Hello world	Thread-18245	4

time: 946690884.836713
diff: 27.163287043571472
waiting
going to web site
Hello world	Thread-18368	3

time: 946690912.845713
diff: 34.15428698062897
waiting
going to web site
Hello world	Thread-18520	2

time: 946690947.8367119
diff: 11.163288116455078
waiting
going to web site
Hello world	Thread-18568	2

time: 946690959.836713
diff: 22.163287043571472
waiting
going to web site
Hello world	Thread-18667	2

time: 946690982.836713
diff: 26.163287043571472
waiting
going to web site
Hello world	Thread-18785	5

time: 946691009.836713
diff: 23.163287043571472
waiting
going to web site
Hello world	Thread-18892	5

time: 946691033.836713
diff: 21.163287043571472
waiting
going to web site
Hello world	Thread-18992	3

time: 946691055.839713
diff: 16.160287022590637
waiting
going to web site
Hello world	Thread-19058	7

time: 946691072.544065
diff: 23.45593500137329
waiting
going to web site
Hello world	Thread-19168	5

time: 946691096.540065
diff: 26.459934949874878
waiting
going to web site
Hello world	Thread-19291	6

time: 946691123.526064
diff: 29.473935961723328
waiting
going to web site
Hello world	Thread-19426	6

time: 946691153.526064
diff: 21.473935961723328
waiting
going to web site
Hello world	Thread-19526	5

time: 946691175.5350641
diff: 15.464935898780823
waiting
going to web site
Hello world	Thread-19590	7

time: 946691191.5350641
diff: 24.464935898780823
waiting
going to web site
Hello world	Thread-19705	6

time: 946691216.5350641
diff: 25.464935898780823
waiting
going to web site
Hello world	Thread-19829	4

time: 946691242.5350641
diff: 5.464935898780823
waiting
going to web site
Hello world	Thread-19850	6

time: 946691248.530064
diff: 18.46993601322174
waiting
going to web site
Hello world	Thread-19948	4

time: 946691267.542065
diff: 29.457934975624084
waiting
going to web site
Hello world	Thread-20081	5

time: 946691297.5350641
diff: 31.464935898780823
waiting
going to web site
Hello world	Thread-20238	7

time: 946691329.5350641
diff: 15.464935898780823
waiting
going to web site
Hello world	Thread-20304	5

time: 946691345.5350641
diff: 25.464935898780823
waiting
going to web site
Hello world	Thread-20436	5

time: 946691371.5350641
diff: 11.464935898780823
waiting
going to web site
Hello world	Thread-20502	7

time: 946691383.539064
diff: 13.460935950279236
waiting
going to web site
Hello world	Thread-20570	6

time: 946691397.526064
diff: 27.473935961723328
waiting
going to web site
Hello world	Thread-20702	3

time: 946691425.526064
diff: 23.473935961723328
waiting
going to web site
Hello world	Thread-20815	6

time: 946691449.526064
diff: 10.473935961723328
waiting
going to web site
Hello world	Thread-20871	8

time: 946691460.5350641
diff: 18.464935898780823
waiting
going to web site
Hello world	Thread-20957	5

time: 946691479.526064
diff: 20.473935961723328
waiting
going to web site
Hello world	Thread-21056	6

time: 946691500.5350641
diff: 31.464935898780823
waiting
going to web site
Hello world	Thread-21202	6

time: 946691532.5350641
diff: 21.464935898780823
waiting
going to web site
Hello world	Thread-21309	7

time: 946691554.5350641
diff: 18.464935898780823
waiting
going to web site
Hello world	Thread-21387	6

time: 946691573.526064
diff: 7.473935961723328
waiting
going to web site
Hello world	Thread-21430	3

time: 946691581.5350641
diff: 34.46493589878082
waiting
going to web site
Hello world	Thread-21587	3

time: 946691616.526064
diff: 6.473935961723328
waiting
going to web site
Hello world	Thread-21619	6

time: 946691623.5350641
diff: 32.46493589878082
waiting
going to web site
Hello world	Thread-21767	7

time: 946691656.5350641
diff: 29.464935898780823
waiting
going to web site
Hello world	Thread-21893	5

time: 946691686.832832
diff: 30.167168021202087
waiting
going to web site
Hello world	Thread-22041	2

time: 946691718.841833
diff: 17.158167004585266
waiting
going to web site
Hello world	Thread-22115	3

time: 946691736.836833
diff: 23.163166999816895
waiting
going to web site
Hello world	Thread-22220	4

time: 946691760.832832
diff: 15.167168021202087
waiting
going to web site
Hello world	Thread-22293	3

time: 946691776.841833
diff: 19.158167004585266
waiting
going to web site
Hello world	Thread-22382	3

time: 946691796.836833
diff: 19.163166999816895
waiting
going to web site
Hello world	Thread-22465	4

time: 946691816.851832
diff: 31.148167967796326
waiting
going to web site
Hello world	Thread-22599	5

time: 946691848.832832
diff: 28.167168021202087
waiting
going to web site
Hello world	Thread-22735	2

time: 946691877.841833
diff: 8.158167004585266
waiting
going to web site
Hello world	Thread-22773	4

time: 946691886.832833
diff: 20.16716694831848
waiting
going to web site
Hello world	Thread-22865	4

time: 946691907.832832
diff: 35.16716802120209
waiting
going to web site
Hello world	Thread-23035	4

time: 946691944.841833
diff: 13.158167004585266
waiting
going to web site
Hello world	Thread-23109	2

time: 946691958.841833
diff: 14.158167004585266
waiting
going to web site
Hello world	Thread-23176	4

time: 946691973.841833
diff: 39.158167004585266
waiting
going to web site
Hello world	Thread-23361	4

time: 946692013.841833
diff: 10.158167004585266
waiting
going to web site
Hello world	Thread-23411	3

time: 946692024.841833
diff: 19.158167004585266
waiting
going to web site
Hello world	Thread-23507	4

time: 946692044.832833
diff: 20.16716694831848
waiting
going to web site
Hello world	Thread-23612	2

time: 946692065.832832
diff: 23.167168021202087
waiting
going to web site
Hello world	Thread-23729	2

time: 946692089.8588331
diff: 26.141166925430298
waiting
going to web site
Hello world	Thread-23857	5

time: 946692116.832832
diff: 0.1671680212020874
waiting
going to web site
Hello world	Thread-23862	4

time: 946692117.841833
diff: 39.158167004585266
waiting
going to web site
Hello world	Thread-24043	3

time: 946692157.846881
diff: 10.153118968009949
waiting
going to web site
Hello world	Thread-24091	3

time: 946692168.832832
diff: 6.167168021202087
waiting
going to web site
Hello world	Thread-24126	3

time: 946692175.833833
diff: 31.16616702079773
waiting
going to web site
Hello world	Thread-24270	4

time: 946692207.841833
diff: 10.158167004585266
waiting
going to web site
Hello world	Thread-24325	4

time: 946692218.841833
diff: 20.158167004585266
waiting
going to web site
Hello world	Thread-24414	4

time: 946692239.841833
diff: 22.158167004585266
waiting
going to web site
Hello world	Thread-24526	3

time: 946692262.832833
diff: 37.16716694831848
waiting
going to web site
Hello world	Thread-24698	2

time: 946692300.832832
diff: 18.167168021202087
waiting
going to web site
Hello world	Thread-24798	3

time: 946692322.841897
diff: 27.158102989196777
waiting
going to web site
Hello world	Thread-24909	4

time: 946692350.832832
diff: 22.167168021202087
waiting
going to web site
Hello world	Thread-25016	6

time: 946692373.841833
diff: 14.158167004585266
waiting
going to web site
Hello world	Thread-25067	4

time: 946692388.832833
diff: 28.16716694831848
waiting
going to web site
Hello world	Thread-25191	4

time: 946692417.832832
diff: 16.167168021202087
waiting
going to web site
Hello world	Thread-25267	4

time: 946692434.841833
diff: 29.158167004585266
waiting
going to web site
Hello world	Thread-25389	3

time: 946692464.841833
diff: 36.158167004585266
waiting
going to web site
Hello world	Thread-25544	4

time: 946692501.841833
diff: 20.158167004585266
waiting
going to web site
Hello world	Thread-25634	2

time: 946692522.851665
diff: 5.148334980010986
waiting
going to web site
Hello world	Thread-25658	3

time: 946692528.832832
diff: 26.167168021202087
waiting
going to web site
Hello world	Thread-25774	3

time: 946692555.859833
diff: 18.140166997909546
waiting
going to web site
Hello world	Thread-25856	3

time: 946692574.832832
diff: 26.167168021202087
waiting
going to web site
Hello world	Thread-25973	4

time: 946692602.841833
diff: 16.158167004585266
waiting
going to web site
Hello world	Thread-26051	3

time: 946692619.841833
diff: 25.158167004585266
waiting
going to web site
Hello world	Thread-26149	3

time: 946692645.841833
diff: 37.158167004585266
waiting
going to web site
Hello world	Thread-26292	3

time: 946692683.841833
diff: 16.158167004585266
waiting
going to web site
Hello world	Thread-26346	2

time: 946692700.832833
diff: 28.16716694831848
waiting
going to web site
Hello world	Thread-26427	3

time: 946692729.832832
diff: 24.167168021202087
waiting
going to web site
Hello world	Thread-26503	4

time: 946692754.841833
diff: 8.158167004585266
waiting
going to web site
Hello world	Thread-26517	2

time: 946692763.832833
diff: 23.16716694831848
waiting
going to web site
Hello world	Thread-26579	2

