time: 946686600.0
diff: 0.0
going to web site
Hello world	Thread-30	2

time: 946686607.669263
diff: 113.33073699474335
waiting
going to web site
Hello world	Thread-84	4

time: 946686721.6603651
diff: 59.33963489532471
waiting
going to web site
Hello world	Thread-124	5

time: 946686782.658364
diff: 58.341635942459106
waiting
going to web site
Hello world	Thread-161	3

time: 946686842.651365
diff: 118.34863495826721
waiting
going to web site
Hello world	Thread-233	6

time: 946686968.659364
diff: 52.340636014938354
waiting
going to web site
Hello world	Thread-258	5

time: 946687022.688364
diff: 58.311635971069336
waiting
going to web site
Hello world	Thread-273	9

time: 946687081.658364
diff: 60.341635942459106
waiting
going to web site
Hello world	Thread-318	6

time: 946687142.649364
diff: 119.35063600540161
waiting
going to web site
Hello world	Thread-382	6

time: 946687262.661909
diff: 59.338091015815735
waiting
going to web site
Hello world	Thread-410	4

time: 946687322.655909
diff: 59.344091057777405
waiting
going to web site
Hello world	Thread-447	6

time: 946687383.655909
diff: 118.3440910577774
waiting
going to web site
Hello world	Thread-512	4

time: 946687502.6559091
diff: 59.344090938568115
waiting
going to web site
Hello world	Thread-559	6

time: 946687569.656908
diff: 113.34309196472168
waiting
going to web site
Hello world	Thread-608	7

time: 946687683.646908
diff: 59.35309195518494
waiting
going to web site
Hello world	Thread-646	3

time: 946687744.658908
diff: 58.341091990470886
waiting
going to web site
Hello world	Thread-669	5

time: 946687803.658365
diff: 59.34163498878479
waiting
going to web site
Hello world	Thread-705	6

time: 946687863.661365
diff: 59.338634967803955
waiting
going to web site
Hello world	Thread-746	6

time: 946687924.655909
diff: 118.3440910577774
waiting
going to web site
Hello world	Thread-810	6

time: 946688044.655909
diff: 119.3440910577774
waiting
going to web site
Hello world	Thread-880	2

time: 946688165.655909
diff: 118.3440910577774
waiting
going to web site
Hello world	Thread-938	6

