time: 946686600.0
diff: 0.0
going to web site
Hello world	Thread-25	7

time: 946686615.590656
diff: 104.409343957901
waiting
going to web site
Hello world	Thread-61	4

time: 946686720.591647
diff: 119.40835297107697
waiting
going to web site
Hello world	Thread-307	6

time: 946686847.596656
diff: 52.40334403514862
waiting
going to web site
Hello world	Thread-358	4

time: 946686903.592657
diff: 56.40734302997589
waiting
going to web site
Hello world	Thread-435	3

time: 946686963.5896561
diff: 56.41034388542175
waiting
going to web site
Hello world	Thread-476	4

time: 946687020.580656
diff: 120.41934394836426
waiting
going to web site
Hello world	Thread-641	3

time: 946687156.590656
diff: 104.409343957901
waiting
going to web site
Hello world	Thread-747	4

time: 946687264.584656
diff: 56.41534399986267
waiting
going to web site
Hello world	Thread-932	3

time: 946687441.900656
diff: -0.90065598487854
going to web site
Hello world	Thread-938	9

time: 946687442.502708
diff: 58.497292041778564
waiting
going to web site
Hello world	Thread-1046	2

time: 946687508.590656
diff: 112.409343957901
waiting
going to web site
Hello world	Thread-1124	6

time: 946687621.580656
diff: 60.41934394836426
waiting
going to web site
Hello world	Thread-1249	3

time: 946687713.600398
diff: 88.39960205554962
waiting
going to web site
Hello world	Thread-1392	3

time: 946687833.590656
diff: 28.409343957901
waiting
going to web site
Hello world	Thread-1456	5

time: 946687893.590656
diff: 28.409343957901
waiting
going to web site
Hello world	Thread-1497	5

time: 946687925.580656
diff: 56.41934394836426
waiting
going to web site
Hello world	Thread-1606	4

time: 946688013.590656
diff: 28.409343957901
waiting
going to web site
Hello world	Thread-1612	7

time: 946688042.587656
diff: 59.412343978881836
waiting
going to web site
Hello world	Thread-1700	7

time: 946688105.589657
diff: 117.41034305095673
waiting
going to web site
Hello world	Thread-1849	2

time: 946688238.5996561
diff: 44.400343894958496
waiting
going to web site
Hello world	Thread-1906	7

