time: 946686600.0
diff: 0.0
going to web site
Hello world	Thread-197	5

time: 946686783.8223871
diff: -63.82238709926605
going to web site
Hello world	Thread-203	5

time: 946686784.403043
diff: 55.596956968307495
waiting
going to web site
Hello world	Thread-419	5

time: 946686962.0129291
diff: -62.01292908191681
going to web site
Hello world	Thread-444	2

time: 946686965.7381811
diff: -5.738181114196777
going to web site
Hello world	Thread-445	2

time: 946686966.4634331
diff: 53.536566853523254
waiting
going to web site
Hello world	Thread-512	2

time: 946687027.7252522
diff: 113.27474784851074
waiting
going to web site
Hello world	Thread-755	2

time: 946687264.9156561
diff: -63.915656089782715
going to web site
Hello world	Thread-761	2

time: 946687265.496312
diff: 55.50368797779083
waiting
going to web site
Hello world	Thread-847	5

time: 946687336.590656
diff: 104.409343957901
waiting
going to web site
Hello world	Thread-926	3

time: 946687441.580656
diff: 59.41934394836426
waiting
going to web site
Hello world	Thread-1041	7

time: 946687508.590656
diff: 52.409343957901
waiting
going to web site
Hello world	Thread-1069	7

time: 946687561.580656
diff: 60.41934394836426
waiting
going to web site
Hello world	Thread-1277	5

time: 946687743.9908731
diff: -1.990873098373413
going to web site
Hello world	Thread-1281	6

time: 946687744.579529
diff: 57.42047095298767
waiting
going to web site
Hello world	Thread-1383	6

time: 946687817.590656
diff: 44.409343957901
waiting
going to web site
Hello world	Thread-1399	2

time: 946687862.5836561
diff: 119.41634392738342
waiting
going to web site
Hello world	Thread-1581	5

time: 946687989.590656
diff: 52.409343957901
waiting
going to web site
Hello world	Thread-1615	4

time: 946688042.587656
diff: 60.412343978881836
waiting
going to web site
Hello world	Thread-1721	7

time: 946688118.590656
diff: 104.409343957901
waiting
going to web site
Hello world	Thread-1802	5

time: 946688223.585656
diff: 119.41434395313263
waiting
going to web site
Hello world	Thread-1971	7

