time: 946686600.0
diff: 0.0
going to web site
Hello world	Thread-27	5

time: 946686607.656908
diff: 112.34309196472168
waiting
going to web site
Hello world	Thread-65	9

time: 946686720.646908
diff: 119.35309195518494
waiting
going to web site
Hello world	Thread-163	7

time: 946686843.655909
diff: 116.3440910577774
waiting
going to web site
Hello world	Thread-205	6

time: 946686960.655909
diff: 119.3440910577774
waiting
going to web site
Hello world	Thread-271	2

time: 946687080.646909
diff: 120.35309100151062
waiting
going to web site
Hello world	Thread-360	5

time: 946687208.677364
diff: 52.322636008262634
waiting
going to web site
Hello world	Thread-396	4

time: 946687268.659364
diff: 112.34063601493835
waiting
going to web site
Hello world	Thread-457	2

time: 946687384.667365
diff: 116.33263504505157
waiting
going to web site
Hello world	Thread-522	4

time: 946687504.658365
diff: 56.34163498878479
waiting
going to web site
Hello world	Thread-551	2

time: 946687564.658365
diff: 56.34163498878479
waiting
going to web site
Hello world	Thread-569	2

time: 946687621.658364
diff: 120.3416359424591
waiting
going to web site
Hello world	Thread-656	5

time: 946687749.658365
diff: 52.34163498878479
waiting
going to web site
Hello world	Thread-695	4

time: 946687833.7863641
diff: 28.21363592147827
waiting
going to web site
Hello world	Thread-728	6

time: 946687877.7773641
diff: 44.22263586521149
waiting
going to web site
Hello world	Thread-765	3

time: 946687929.7863641
diff: 112.21363592147827
waiting
going to web site
Hello world	Thread-828	3

time: 946688049.7863641
diff: 52.21363592147827
waiting
going to web site
Hello world	Thread-835	2

time: 946688102.7773641
diff: 60.22263586521149
waiting
going to web site
Hello world	Thread-895	5

time: 946688178.7863641
diff: 104.21363592147827
waiting
going to web site
Hello world	Thread-957	6

time: 946688298.7863641
diff: 44.21363592147827
waiting
going to web site
Hello world	Thread-993	2

