time: 946686600.0
diff: 145.0
waiting
going to web site
Hello world	Thread-850	3

time: 946686745.832832
diff: 1.1671680212020874
waiting
going to web site
Hello world	Thread-856	3

time: 946686747.852833
diff: 0.14716696739196777
waiting
going to web site
Hello world	Thread-862	2

time: 946686748.832832
diff: -0.8328319787979126
going to web site
Hello world	Thread-864	3

time: 946686749.665664
diff: 4.334336042404175
waiting
going to web site
Hello world	Thread-881	3

time: 946686754.842833
diff: 6.157166957855225
waiting
going to web site
Hello world	Thread-190	2

time: 946686761.832832
diff: 2.1671680212020874
waiting
going to web site
Hello world	Thread-912	2

time: 946686764.833833
diff: 10.16616702079773
waiting
going to web site
Hello world	Thread-239	2

time: 946686775.841833
diff: 24.158167004585266
waiting
going to web site
Hello world	Thread-304	2

time: 946686800.841833
diff: 6.158167004585266
waiting
going to web site
Hello world	Thread-1093	4

time: 946686807.841833
diff: -0.8418329954147339
going to web site
Hello world	Thread-1100	6

time: 946686808.6841731
diff: 0.3158268928527832
waiting
going to web site
Hello world	Thread-1112	5

time: 946686809.832832
diff: 0.1671680212020874
waiting
going to web site
Hello world	Thread-1122	3

time: 946686810.841833
diff: 12.158167004585266
waiting
going to web site
Hello world	Thread-371	3

time: 946686823.853833
diff: 14.146167039871216
waiting
going to web site
Hello world	Thread-422	2

time: 946686838.849833
diff: 22.150166988372803
waiting
going to web site
Hello world	Thread-498	4

time: 946686861.832832
diff: 10.167168021202087
waiting
going to web site
Hello world	Thread-533	2

time: 946686872.841833
diff: 19.158167004585266
waiting
going to web site
Hello world	Thread-610	2

time: 946686892.845833
diff: 25.15416705608368
waiting
going to web site
Hello world	Thread-713	3

time: 946686918.860412
diff: 14.139587998390198
waiting
going to web site
Hello world	Thread-772	5

time: 946686933.8398321
diff: 25.160167932510376
waiting
going to web site
Hello world	Thread-895	4

time: 946686959.832832
diff: 14.167168021202087
waiting
going to web site
Hello world	Thread-968	3

time: 946686974.841833
diff: 22.158167004585266
waiting
going to web site
Hello world	Thread-1070	3

time: 946686997.836833
diff: 28.163166999816895
waiting
going to web site
Hello world	Thread-1200	3

time: 946687026.832832
diff: 33.16716802120209
waiting
going to web site
Hello world	Thread-1356	4

time: 946687060.841833
diff: 9.158167004585266
waiting
going to web site
Hello world	Thread-1406	5

time: 946687070.841833
diff: 32.158167004585266
waiting
going to web site
Hello world	Thread-1553	3

time: 946687103.832833
diff: 23.16716694831848
waiting
going to web site
Hello world	Thread-1654	4

time: 946687127.832832
diff: 25.167168021202087
waiting
going to web site
Hello world	Thread-1758	4

time: 946687153.848833
diff: 23.151167035102844
waiting
going to web site
Hello world	Thread-1855	2

time: 946687177.841833
diff: 8.158167004585266
waiting
going to web site
Hello world	Thread-1891	3

time: 946687186.832833
diff: 31.16716694831848
waiting
going to web site
Hello world	Thread-2034	4

time: 946687218.836832
diff: 21.16316795349121
waiting
going to web site
Hello world	Thread-2121	3

time: 946687240.832832
diff: 31.167168021202087
waiting
going to web site
Hello world	Thread-2268	4

time: 946687272.84848
diff: 24.151520013809204
waiting
going to web site
Hello world	Thread-2385	2

time: 946687297.841833
diff: 19.158167004585266
waiting
going to web site
Hello world	Thread-2473	2

time: 946687317.841833
diff: 14.158167004585266
waiting
going to web site
Hello world	Thread-2533	4

time: 946687332.84848
diff: 23.151520013809204
waiting
going to web site
Hello world	Thread-2641	2

time: 946687356.860833
diff: 17.139166951179504
waiting
going to web site
Hello world	Thread-2718	4

time: 946687374.832832
diff: 14.167168021202087
waiting
going to web site
Hello world	Thread-2784	5

time: 946687389.841833
diff: 23.158167004585266
waiting
going to web site
Hello world	Thread-2893	3

time: 946687413.833833
diff: 14.16616702079773
waiting
going to web site
Hello world	Thread-2955	2

time: 946687428.841833
diff: 34.158167004585266
waiting
going to web site
Hello world	Thread-3111	2

time: 946687463.841833
diff: 18.158167004585266
waiting
going to web site
Hello world	Thread-3189	2

time: 946687482.851833
diff: 28.14816701412201
waiting
going to web site
Hello world	Thread-3314	2

time: 946687511.841833
diff: 24.158167004585266
waiting
going to web site
Hello world	Thread-3430	2

time: 946687536.841833
diff: 18.158167004585266
waiting
going to web site
Hello world	Thread-3512	2

time: 946687555.841833
diff: 24.158167004585266
waiting
going to web site
Hello world	Thread-3618	3

time: 946687580.842041
diff: 29.157958984375
waiting
going to web site
Hello world	Thread-3750	3

time: 946687610.832832
diff: 23.167168021202087
waiting
going to web site
Hello world	Thread-3855	4

time: 946687634.832833
diff: 20.16716694831848
waiting
going to web site
Hello world	Thread-3941	3

time: 946687655.832832
diff: 18.167168021202087
waiting
going to web site
Hello world	Thread-4024	2

time: 946687674.841833
diff: 34.158167004585266
waiting
going to web site
Hello world	Thread-4181	3

time: 946687710.841833
diff: 9.158167004585266
waiting
going to web site
Hello world	Thread-4230	2

time: 946687720.841833
diff: 29.158167004585266
waiting
going to web site
Hello world	Thread-4363	2

time: 946687750.832833
diff: 10.167166948318481
waiting
going to web site
Hello world	Thread-4406	5

time: 946687761.832832
diff: 17.167168021202087
waiting
going to web site
Hello world	Thread-4497	2

time: 946687779.841833
diff: 30.158167004585266
waiting
going to web site
Hello world	Thread-4634	2

time: 946687810.841833
diff: 20.158167004585266
waiting
going to web site
Hello world	Thread-4728	2

time: 946687831.832833
diff: 9.167166948318481
waiting
going to web site
Hello world	Thread-4768	4

time: 946687841.832832
diff: 18.167168021202087
waiting
going to web site
Hello world	Thread-4848	2

time: 946687860.841833
diff: 38.158167004585266
waiting
going to web site
Hello world	Thread-5038	2

time: 946687899.845833
diff: 22.15416705608368
waiting
going to web site
Hello world	Thread-5148	5

time: 946687923.849833
diff: 15.150166988372803
waiting
going to web site
Hello world	Thread-5221	5

time: 946687939.832832
diff: 15.167168021202087
waiting
going to web site
Hello world	Thread-5303	2

time: 946687955.841833
diff: 36.158167004585266
waiting
going to web site
Hello world	Thread-5501	2

time: 946687999.846418
diff: 13.153581976890564
waiting
going to web site
Hello world	Thread-5569	5

time: 946688013.832832
diff: 17.167168021202087
waiting
going to web site
Hello world	Thread-5652	5

time: 946688032.841833
diff: 11.158167004585266
waiting
going to web site
Hello world	Thread-5703	2

time: 946688044.841833
diff: 22.158167004585266
waiting
going to web site
Hello world	Thread-5810	3

time: 946688067.841833
diff: 14.158167004585266
waiting
going to web site
Hello world	Thread-5880	3

time: 946688082.845921
diff: 33.1540789604187
waiting
going to web site
Hello world	Thread-6021	4

time: 946688116.836832
diff: 11.163167953491211
waiting
going to web site
Hello world	Thread-6078	5

time: 946688128.832832
diff: 40.16716802120209
waiting
going to web site
Hello world	Thread-6251	2

time: 946688169.832833
diff: 16.16716694831848
waiting
going to web site
Hello world	Thread-6324	4

time: 946688186.832832
diff: 21.167168021202087
waiting
going to web site
Hello world	Thread-6421	3

time: 946688208.841833
diff: 26.158167004585266
waiting
going to web site
Hello world	Thread-6537	2

time: 946688235.832833
diff: 24.16716694831848
waiting
going to web site
Hello world	Thread-6648	6

time: 946688260.832832
diff: 14.167168021202087
waiting
going to web site
Hello world	Thread-6710	2

time: 946688275.841833
diff: 35.158167004585266
waiting
going to web site
Hello world	Thread-6872	6

time: 946688311.841833
diff: 21.158167004585266
waiting
going to web site
Hello world	Thread-6975	3

time: 946688333.841833
diff: 29.158167004585266
waiting
going to web site
Hello world	Thread-7100	2

time: 946688363.845833
diff: 16.15416705608368
waiting
going to web site
Hello world	Thread-7182	2

time: 946688380.860833
diff: 25.139166951179504
waiting
going to web site
Hello world	Thread-7296	5

time: 946688406.832832
diff: 13.167168021202087
waiting
going to web site
Hello world	Thread-7357	3

time: 946688420.841833
diff: 17.158167004585266
waiting
going to web site
Hello world	Thread-7439	3

time: 946688438.841833
diff: 20.158167004585266
waiting
going to web site
Hello world	Thread-7531	4

time: 946688459.841833
diff: 12.158167004585266
waiting
going to web site
Hello world	Thread-7591	4

time: 946688472.832833
diff: 34.16716694831848
waiting
going to web site
Hello world	Thread-7739	5

time: 946688507.832832
diff: 6.167168021202087
waiting
going to web site
Hello world	Thread-7773	4

time: 946688514.832833
diff: 11.167166948318481
waiting
going to web site
Hello world	Thread-7822	2

time: 946688526.832832
diff: 27.167168021202087
waiting
going to web site
Hello world	Thread-7944	3

time: 946688554.841833
diff: 33.158167004585266
waiting
going to web site
Hello world	Thread-8094	5

time: 946688588.832833
diff: 26.16716694831848
waiting
going to web site
Hello world	Thread-8218	3

time: 946688615.8358321
diff: 19.164167881011963
waiting
going to web site
Hello world	Thread-8301	3

time: 946688635.832832
diff: 29.167168021202087
waiting
going to web site
Hello world	Thread-8434	4

time: 946688665.841833
diff: 31.158167004585266
waiting
going to web site
Hello world	Thread-8559	2

time: 946688697.8588331
diff: 23.141166925430298
waiting
going to web site
Hello world	Thread-8656	4

time: 946688721.836832
diff: 30.16316795349121
waiting
going to web site
Hello world	Thread-8782	4

time: 946688752.836832
diff: 12.163167953491211
waiting
going to web site
Hello world	Thread-8825	6

time: 946688765.832832
diff: 32.16716802120209
waiting
going to web site
Hello world	Thread-8968	4

time: 946688799.842833
diff: 9.157166957855225
waiting
going to web site
Hello world	Thread-9007	2

time: 946688809.833833
diff: 31.16616702079773
waiting
going to web site
Hello world	Thread-9140	4

time: 946688841.841833
diff: 18.158167004585266
waiting
going to web site
Hello world	Thread-9222	3

time: 946688860.842833
diff: 24.157166957855225
waiting
going to web site
Hello world	Thread-9324	3

time: 946688885.832832
diff: 42.16716802120209
waiting
going to web site
Hello world	Thread-9511	4

time: 946688928.836833
diff: 10.163166999816895
waiting
going to web site
Hello world	Thread-9560	4

time: 946688939.832832
diff: 17.167168021202087
waiting
going to web site
Hello world	Thread-9637	3

time: 946688957.832833
diff: 10.167166948318481
waiting
going to web site
Hello world	Thread-9689	5

time: 946688968.832832
diff: 26.167168021202087
waiting
going to web site
Hello world	Thread-9815	4

time: 946688995.841833
diff: 25.158167004585266
waiting
going to web site
Hello world	Thread-9936	4

time: 946689021.841833
diff: 19.158167004585266
waiting
going to web site
Hello world	Thread-10029	3

time: 946689041.832833
diff: 24.16716694831848
waiting
going to web site
Hello world	Thread-10140	5

time: 946689066.842832
diff: 15.15716803073883
waiting
going to web site
Hello world	Thread-10223	4

time: 946689082.832833
diff: 21.16716694831848
waiting
going to web site
Hello world	Thread-10315	5

time: 946689104.832832
diff: 15.167168021202087
waiting
going to web site
Hello world	Thread-10427	2

time: 946689127.841833
diff: 11.158167004585266
waiting
going to web site
Hello world	Thread-10490	2

time: 946689140.856833
diff: 11.14316701889038
waiting
going to web site
Hello world	Thread-10548	3

time: 946689152.841833
diff: 28.158167004585266
waiting
going to web site
Hello world	Thread-10684	3

time: 946689181.845833
diff: 21.15416705608368
waiting
going to web site
Hello world	Thread-10801	3

time: 946689204.851481
diff: 28.148519039154053
waiting
going to web site
Hello world	Thread-10939	3

time: 946689234.848833
diff: 12.151167035102844
waiting
going to web site
Hello world	Thread-11002	3

time: 946689247.841833
diff: 30.158167004585266
waiting
going to web site
Hello world	Thread-11154	2

time: 946689279.856833
diff: 13.14316701889038
waiting
going to web site
Hello world	Thread-11223	4

time: 946689293.841833
diff: 25.158167004585266
waiting
going to web site
Hello world	Thread-11353	2

time: 946689320.841833
diff: 15.158167004585266
waiting
going to web site
Hello world	Thread-11432	2

time: 946689337.841833
diff: 6.158167004585266
waiting
going to web site
Hello world	Thread-11461	4

time: 946689344.841833
diff: 23.158167004585266
waiting
going to web site
Hello world	Thread-11578	2

time: 946689369.841833
diff: 32.158167004585266
waiting
going to web site
Hello world	Thread-11736	4

time: 946689402.836833
diff: 22.163166999816895
waiting
going to web site
Hello world	Thread-11834	2

time: 946689425.836832
diff: 21.16316795349121
waiting
going to web site
Hello world	Thread-11925	4

time: 946689447.832832
diff: 9.167168021202087
waiting
going to web site
Hello world	Thread-11985	2

time: 946689458.842833
diff: 19.157166957855225
waiting
going to web site
Hello world	Thread-12080	3

time: 946689478.836832
diff: 14.163167953491211
waiting
going to web site
Hello world	Thread-12147	4

time: 946689493.832832
diff: 35.16716802120209
waiting
going to web site
Hello world	Thread-12303	5

time: 946689529.832833
diff: 27.16716694831848
waiting
going to web site
Hello world	Thread-12439	6

time: 946689557.832832
diff: 29.167168021202087
waiting
going to web site
Hello world	Thread-12578	3

time: 946689587.842833
diff: 21.157166957855225
waiting
going to web site
Hello world	Thread-12665	6

time: 946689609.832832
diff: 29.167168021202087
waiting
going to web site
Hello world	Thread-12808	2

time: 946689639.841833
diff: 20.158167004585266
waiting
going to web site
Hello world	Thread-12907	5

time: 946689661.841833
diff: 10.158167004585266
waiting
going to web site
Hello world	Thread-12960	4

time: 946689672.841833
diff: 3.158167004585266
waiting
going to web site
Hello world	Thread-12980	3

time: 946689676.841833
diff: 20.158167004585266
waiting
going to web site
Hello world	Thread-13078	3

time: 946689697.841833
diff: 26.158167004585266
waiting
going to web site
Hello world	Thread-13200	3

time: 946689724.832833
diff: 26.16716694831848
waiting
going to web site
Hello world	Thread-13324	6

time: 946689751.834832
diff: 21.165168046951294
waiting
going to web site
Hello world	Thread-13421	2

time: 946689773.836833
diff: 14.163166999816895
waiting
going to web site
Hello world	Thread-13485	6

time: 946689788.832832
diff: 20.167168021202087
waiting
going to web site
Hello world	Thread-13584	4

time: 946689809.841833
diff: 23.158167004585266
waiting
going to web site
Hello world	Thread-13731	2

time: 946689840.860037
diff: 19.139963030815125
waiting
going to web site
Hello world	Thread-13833	2

time: 946689861.858037
diff: 10.141963005065918
waiting
going to web site
Hello world	Thread-13885	2

time: 946689872.859749
diff: 25.14025104045868
waiting
going to web site
Hello world	Thread-13998	4

time: 946689898.850037
diff: 28.14996302127838
waiting
going to web site
Hello world	Thread-14125	3

time: 946689927.859037
diff: 8.140962958335876
waiting
going to web site
Hello world	Thread-14159	4

time: 946689936.849036
diff: 30.15096402168274
waiting
going to web site
Hello world	Thread-14301	2

time: 946689967.859037
diff: 17.140962958335876
waiting
going to web site
Hello world	Thread-14393	6

time: 946689988.849036
diff: 34.15096402168274
waiting
going to web site
Hello world	Thread-14544	2

time: 946690023.8672669
diff: 25.13273310661316
waiting
going to web site
Hello world	Thread-14656	2

time: 946690049.868869
diff: 32.131131052970886
waiting
going to web site
Hello world	Thread-14824	2

time: 946690089.858969
diff: 3.14103102684021
waiting
going to web site
Hello world	Thread-14844	2

time: 946690093.858037
diff: 31.141963005065918
waiting
going to web site
Hello world	Thread-14979	3

time: 946690125.849037
diff: 13.150962948799133
waiting
going to web site
Hello world	Thread-15035	5

time: 946690139.850036
diff: 16.149963974952698
waiting
going to web site
Hello world	Thread-15106	5

time: 946690156.849036
diff: 19.15096402168274
waiting
going to web site
Hello world	Thread-15197	2

time: 946690177.8595179
diff: 24.14048206806183
waiting
going to web site
Hello world	Thread-15303	2

time: 946690202.850037
diff: 25.14996302127838
waiting
going to web site
Hello world	Thread-15424	2

time: 946690228.859037
diff: 19.140962958335876
waiting
going to web site
Hello world	Thread-15501	2

time: 946690248.8590361
diff: 22.140963912010193
waiting
going to web site
Hello world	Thread-15616	5

time: 946690272.849036
diff: 31.15096402168274
waiting
going to web site
Hello world	Thread-15750	2

time: 946690304.859583
diff: 10.140416979789734
waiting
going to web site
Hello world	Thread-15798	4

time: 946690315.849036
diff: 29.15096402168274
waiting
going to web site
Hello world	Thread-15923	2

time: 946690345.850037
diff: 21.14996302127838
waiting
going to web site
Hello world	Thread-16018	3

time: 946690367.860037
diff: 17.139963030815125
waiting
going to web site
Hello world	Thread-16096	2

time: 946690385.859037
diff: 35.14096295833588
waiting
going to web site
Hello world	Thread-16255	2

time: 946690421.859583
diff: 9.140416979789734
waiting
going to web site
Hello world	Thread-16295	4

time: 946690431.849036
diff: 35.15096402168274
waiting
going to web site
Hello world	Thread-16451	5

time: 946690467.699561
diff: 15.3004390001297
waiting
going to web site
Hello world	Thread-16523	5

time: 946690483.7085611
diff: 32.291438937187195
waiting
going to web site
Hello world	Thread-16671	4

time: 946690516.6995599
diff: 25.300440073013306
waiting
going to web site
Hello world	Thread-16780	4

time: 946690542.699561
diff: 17.3004390001297
waiting
going to web site
Hello world	Thread-16860	4

time: 946690560.699561
diff: 14.3004390001297
waiting
going to web site
Hello world	Thread-16923	7

time: 946690575.699561
diff: 17.3004390001297
waiting
going to web site
Hello world	Thread-17001	5

time: 946690593.699561
diff: 25.3004390001297
waiting
going to web site
Hello world	Thread-17109	5

time: 946690619.699561
diff: 11.3004390001297
waiting
going to web site
Hello world	Thread-17163	3

time: 946690631.699561
diff: 21.3004390001297
waiting
going to web site
Hello world	Thread-17255	3

time: 946690653.699561
diff: 37.3004390001297
waiting
going to web site
Hello world	Thread-17422	4

time: 946690691.699561
diff: 22.3004390001297
waiting
going to web site
Hello world	Thread-17520	6

time: 946690714.699561
diff: 20.3004390001297
waiting
going to web site
Hello world	Thread-17615	5

time: 946690735.699561
diff: 37.3004390001297
waiting
going to web site
Hello world	Thread-17786	3

time: 946690773.699561
diff: 20.3004390001297
waiting
going to web site
Hello world	Thread-17874	4

time: 946690794.699561
diff: 6.3004390001297
waiting
going to web site
Hello world	Thread-17899	4

time: 946690801.699561
diff: 23.3004390001297
waiting
going to web site
Hello world	Thread-17999	6

time: 946690825.699561
diff: 26.3004390001297
waiting
going to web site
Hello world	Thread-18109	4

time: 946690852.699561
diff: 22.3004390001297
waiting
going to web site
Hello world	Thread-18206	4

time: 946690875.699561
diff: 21.3004390001297
waiting
going to web site
Hello world	Thread-18305	6

time: 946690897.699561
diff: 18.3004390001297
waiting
going to web site
Hello world	Thread-18384	5

time: 946690916.699561
diff: 42.3004390001297
waiting
going to web site
Hello world	Thread-18567	3

time: 946690959.699561
diff: 6.3004390001297
waiting
going to web site
Hello world	Thread-18597	4

time: 946690966.699561
diff: 35.3004390001297
waiting
going to web site
Hello world	Thread-18756	5

time: 946691002.699561
diff: 22.3004390001297
waiting
going to web site
Hello world	Thread-18852	5

time: 946691025.7085611
diff: 11.291438937187195
waiting
going to web site
Hello world	Thread-18906	4

time: 946691037.6995599
diff: 22.300440073013306
waiting
going to web site
Hello world	Thread-19011	4

time: 946691060.699561
diff: 25.3004390001297
waiting
going to web site
Hello world	Thread-19125	2

time: 946691086.832833
diff: 29.16716694831848
waiting
going to web site
Hello world	Thread-19258	4

time: 946691116.832832
diff: 11.167168021202087
waiting
going to web site
Hello world	Thread-19311	4

time: 946691128.842833
diff: 29.157166957855225
waiting
going to web site
Hello world	Thread-19453	4

time: 946691158.832832
diff: 16.167168021202087
waiting
going to web site
Hello world	Thread-19529	2

time: 946691175.841833
diff: 29.158167004585266
waiting
going to web site
Hello world	Thread-19663	2

time: 946691205.841833
diff: 15.158167004585266
waiting
going to web site
Hello world	Thread-19736	2

time: 946691221.841833
diff: 1.1581670045852661
waiting
going to web site
Hello world	Thread-19745	2

time: 946691223.841833
diff: 38.158167004585266
waiting
going to web site
Hello world	Thread-19925	3

time: 946691262.841833
diff: 26.158167004585266
waiting
going to web site
Hello world	Thread-20051	2

time: 946691289.841833
diff: 15.158167004585266
waiting
going to web site
Hello world	Thread-20131	4

time: 946691308.836833
diff: 17.163166999816895
waiting
going to web site
Hello world	Thread-20221	6

time: 946691326.832832
diff: 13.167168021202087
waiting
going to web site
Hello world	Thread-20287	2

time: 946691340.841833
diff: 29.158167004585266
waiting
going to web site
Hello world	Thread-20430	3

time: 946691370.832833
diff: 7.1671669483184814
waiting
going to web site
Hello world	Thread-20474	4

time: 946691378.836832
diff: 31.16316795349121
waiting
going to web site
Hello world	Thread-20629	5

time: 946691410.832832
diff: 20.167168021202087
waiting
going to web site
Hello world	Thread-20737	2

time: 946691432.851833
diff: 5.148167014122009
waiting
going to web site
Hello world	Thread-20763	2

time: 946691438.841833
diff: 32.158167004585266
waiting
going to web site
Hello world	Thread-20918	3

time: 946691471.841833
diff: 27.158167004585266
waiting
going to web site
Hello world	Thread-21052	3

time: 946691499.841833
diff: 14.158167004585266
waiting
going to web site
Hello world	Thread-21116	2

time: 946691514.841833
diff: 23.158167004585266
waiting
going to web site
Hello world	Thread-21244	2

time: 946691539.8424569
diff: 7.157543063163757
waiting
going to web site
Hello world	Thread-21282	2

time: 946691548.841833
diff: 19.158167004585266
waiting
going to web site
Hello world	Thread-21367	4

time: 946691568.832833
diff: 31.16716694831848
waiting
going to web site
Hello world	Thread-21518	3

time: 946691600.836832
diff: 22.16316795349121
waiting
going to web site
Hello world	Thread-21621	4

time: 946691623.832832
diff: 18.167168021202087
waiting
going to web site
Hello world	Thread-21709	3

time: 946691642.842833
diff: 30.157166957855225
waiting
going to web site
Hello world	Thread-21836	4

time: 946691673.832832
diff: 25.167168021202087
waiting
going to web site
Hello world	Thread-21950	6

time: 946691699.526065
diff: 22.47393500804901
waiting
going to web site
Hello world	Thread-22058	4

time: 946691722.5350649
diff: 25.464935064315796
waiting
going to web site
Hello world	Thread-22170	5

time: 946691748.544065
diff: 9.455935001373291
waiting
going to web site
Hello world	Thread-22209	5

time: 946691758.540065
diff: 15.459934949874878
waiting
going to web site
Hello world	Thread-22283	4

time: 946691774.5348331
diff: 34.46516692638397
waiting
going to web site
Hello world	Thread-22434	7

time: 946691809.5350641
diff: 22.464935898780823
waiting
going to web site
Hello world	Thread-22532	4

time: 946691832.526064
diff: 25.473935961723328
waiting
going to web site
Hello world	Thread-22646	5

time: 946691858.5350649
diff: 13.464935064315796
waiting
going to web site
Hello world	Thread-22708	4

time: 946691872.5350649
diff: 29.464935064315796
waiting
going to web site
Hello world	Thread-22842	5

time: 946691902.542065
diff: 15.457934975624084
waiting
going to web site
Hello world	Thread-22915	5

time: 946691918.5350641
diff: 28.464935898780823
waiting
going to web site
Hello world	Thread-23046	7

time: 946691947.5350641
diff: 21.464935898780823
waiting
going to web site
Hello world	Thread-23151	5

time: 946691969.5350641
diff: 22.464935898780823
waiting
going to web site
Hello world	Thread-23263	7

time: 946691992.5350641
diff: 10.464935898780823
waiting
going to web site
Hello world	Thread-23312	7

time: 946692003.534625
diff: 28.46537494659424
waiting
going to web site
Hello world	Thread-23449	7

time: 946692032.5350641
diff: 18.464935898780823
waiting
going to web site
Hello world	Thread-23546	5

time: 946692051.526064
diff: 21.473935961723328
waiting
going to web site
Hello world	Thread-23648	6

time: 946692073.5350641
diff: 6.464935898780823
waiting
going to web site
Hello world	Thread-23677	6

time: 946692080.5350641
diff: 28.464935898780823
waiting
going to web site
Hello world	Thread-23810	7

time: 946692109.5350641
diff: 24.464935898780823
waiting
going to web site
Hello world	Thread-23934	7

time: 946692134.5350641
diff: 11.464935898780823
waiting
going to web site
Hello world	Thread-23993	6

time: 946692146.5350641
diff: 23.464935898780823
waiting
going to web site
Hello world	Thread-24098	7

time: 946692170.5350641
diff: 8.464935898780823
waiting
going to web site
Hello world	Thread-24136	5

time: 946692179.5350641
diff: 28.464935898780823
waiting
going to web site
Hello world	Thread-24273	7

time: 946692208.5350641
diff: 28.464935898780823
waiting
going to web site
Hello world	Thread-24406	5

time: 946692237.5350641
diff: 26.464935898780823
waiting
going to web site
Hello world	Thread-24532	6

time: 946692264.5350641
diff: 11.464935898780823
waiting
going to web site
Hello world	Thread-24586	4

time: 946692276.526064
diff: 29.473935961723328
waiting
going to web site
Hello world	Thread-24722	7

time: 946692306.5350641
diff: 26.464935898780823
waiting
going to web site
Hello world	Thread-24837	7

time: 946692333.5350641
diff: 22.464935898780823
waiting
going to web site
Hello world	Thread-24932	7

time: 946692356.5350641
diff: 15.464935898780823
waiting
going to web site
Hello world	Thread-25006	6

time: 946692372.532064
diff: 24.467936038970947
waiting
going to web site
Hello world	Thread-25115	6

time: 946692397.5350649
diff: 38.464935064315796
waiting
going to web site
Hello world	Thread-25275	3

time: 946692436.5350649
diff: 23.464935064315796
waiting
going to web site
Hello world	Thread-25372	7

time: 946692460.539065
diff: 14.46093499660492
waiting
going to web site
Hello world	Thread-25442	4

time: 946692475.526064
diff: 18.473935961723328
waiting
going to web site
Hello world	Thread-25517	6

time: 946692494.535237
diff: 22.464763045310974
waiting
going to web site
Hello world	Thread-25616	5

time: 946692517.539065
diff: 28.46093499660492
waiting
going to web site
Hello world	Thread-25735	5

time: 946692546.526064
diff: 17.473935961723328
waiting
going to web site
Hello world	Thread-25810	5

time: 946692564.5350641
diff: 17.464935898780823
waiting
going to web site
Hello world	Thread-25890	3

time: 946692582.5350641
diff: 32.46493589878082
waiting
going to web site
Hello world	Thread-26026	7

time: 946692615.530064
diff: 30.46993601322174
waiting
going to web site
Hello world	Thread-26153	4

time: 946692646.526065
diff: 9.473935008049011
waiting
going to web site
Hello world	Thread-26194	4

time: 946692656.5350649
diff: 29.464935064315796
waiting
going to web site
Hello world	Thread-26296	4

time: 946692686.5370649
diff: 32.462935090065
waiting
going to web site
Hello world	Thread-26405	4

time: 946692719.526065
diff: 7.473935008049011
waiting
going to web site
Hello world	Thread-26422	3

time: 946692727.544065
diff: 28.45593500137329
waiting
going to web site
Hello world	Thread-26505	3

