time: 946686600.0
diff: 323.0
waiting
going to web site
Hello world	Thread-1678	5

time: 946686923.6995599
diff: -0.6995599269866943
going to web site
Hello world	Thread-1685	2

time: 946686924.39912
diff: 1.6008800268173218
waiting
going to web site
Hello world	Thread-1701	4

time: 946686926.699561
diff: -0.6995609998703003
going to web site
Hello world	Thread-1707	5

time: 946686927.4071211
diff: 0.5928789377212524
waiting
going to web site
Hello world	Thread-1716	4

time: 946686928.7135601
diff: -0.7135601043701172
going to web site
Hello world	Thread-1722	3

time: 946686929.43012
diff: -1.4301199913024902
going to web site
Hello world	Thread-1727	5

time: 946686930.1386801
diff: -1.138680100440979
going to web site
Hello world	Thread-1732	2

time: 946686930.8436619
diff: -0.843661904335022
going to web site
Hello world	Thread-1737	2

time: 946686931.5432221
diff: 0.4567779302597046
waiting
going to web site
Hello world	Thread-1741	4

time: 946686932.70156
diff: 1.2984399795532227
waiting
going to web site
Hello world	Thread-1754	7

time: 946686934.6995599
diff: -0.6995599269866943
going to web site
Hello world	Thread-1760	5

time: 946686935.40212
diff: -0.4021199941635132
going to web site
Hello world	Thread-1766	4

time: 946686936.10768
diff: -0.10767996311187744
going to web site
Hello world	Thread-788	4

time: 946686936.8072399
diff: 1.1927601099014282
waiting
going to web site
Hello world	Thread-1784	2

time: 946686938.699561
diff: 5.3004390001297
waiting
going to web site
Hello world	Thread-1808	5

time: 946686944.708076
diff: -0.708076000213623
going to web site
Hello world	Thread-1812	2

time: 946686945.4076359
diff: -1.4076359272003174
going to web site
Hello world	Thread-1816	2

time: 946686946.112196
diff: 0.8878040313720703
waiting
going to web site
Hello world	Thread-1822	5

time: 946686947.711613
diff: 6.288386940956116
waiting
going to web site
Hello world	Thread-870	7

time: 946686954.6995599
diff: 0.30044007301330566
waiting
going to web site
Hello world	Thread-1850	3

time: 946686955.700561
diff: -0.7005610466003418
going to web site
Hello world	Thread-1853	2

time: 946686956.405121
diff: 12.594879031181335
waiting
going to web site
Hello world	Thread-935	7

time: 946686969.7085611
diff: 10.291438937187195
waiting
going to web site
Hello world	Thread-1920	3

time: 946686980.6995599
diff: 13.300440073013306
waiting
going to web site
Hello world	Thread-1057	6

time: 946686994.7155609
diff: 18.284439086914062
waiting
going to web site
Hello world	Thread-1141	5

time: 946687013.734502
diff: 23.26549804210663
waiting
going to web site
Hello world	Thread-1251	3

time: 946687037.699561
diff: 3.3004390001296997
waiting
going to web site
Hello world	Thread-1268	6

time: 946687041.699561
diff: 18.3004390001297
waiting
going to web site
Hello world	Thread-1353	7

time: 946687060.713817
diff: 29.2861829996109
waiting
going to web site
Hello world	Thread-1492	3

time: 946687090.6995599
diff: 7.300440073013306
waiting
going to web site
Hello world	Thread-1529	5

time: 946687098.7085611
diff: 16.291438937187195
waiting
going to web site
Hello world	Thread-1597	5

time: 946687115.6995599
diff: 31.300440073013306
waiting
going to web site
Hello world	Thread-1733	6

time: 946687147.714561
diff: 32.285439014434814
waiting
going to web site
Hello world	Thread-1865	3

time: 946687180.699561
diff: 23.3004390001297
waiting
going to web site
Hello world	Thread-1970	5

time: 946687204.699561
diff: 15.3004390001297
waiting
going to web site
Hello world	Thread-2042	4

time: 946687220.699561
diff: 28.3004390001297
waiting
going to web site
Hello world	Thread-2159	6

time: 946687249.7085611
diff: 24.291438937187195
waiting
going to web site
Hello world	Thread-2277	7

time: 946687274.6995599
diff: 10.300440073013306
waiting
going to web site
Hello world	Thread-2331	3

time: 946687285.699561
diff: 38.3004390001297
waiting
going to web site
Hello world	Thread-2490	4

time: 946687324.699561
diff: 24.3004390001297
waiting
going to web site
Hello world	Thread-2600	6

time: 946687349.699561
diff: 17.3004390001297
waiting
going to web site
Hello world	Thread-2684	5

time: 946687367.714561
diff: 10.285439014434814
waiting
going to web site
Hello world	Thread-2737	6

time: 946687378.699561
diff: 39.3004390001297
waiting
going to web site
Hello world	Thread-2915	4

time: 946687418.699561
diff: 26.3004390001297
waiting
going to web site
Hello world	Thread-3023	5

time: 946687445.699561
diff: 21.3004390001297
waiting
going to web site
Hello world	Thread-3127	5

time: 946687467.7085611
diff: 24.291438937187195
waiting
going to web site
Hello world	Thread-3236	4

time: 946687492.6995599
diff: 20.300440073013306
waiting
going to web site
Hello world	Thread-3321	5

time: 946687513.699561
diff: 4.3004390001297
waiting
going to web site
Hello world	Thread-3343	4

time: 946687518.699561
diff: 23.3004390001297
waiting
going to web site
Hello world	Thread-3445	5

time: 946687542.5300651
diff: 24.469934940338135
waiting
going to web site
Hello world	Thread-3555	5

time: 946687567.5350641
diff: 20.464935898780823
waiting
going to web site
Hello world	Thread-3648	7

time: 946687588.5350641
diff: 17.464935898780823
waiting
going to web site
Hello world	Thread-3724	6

time: 946687606.5350641
diff: 18.464935898780823
waiting
going to web site
Hello world	Thread-3816	3

time: 946687625.5330639
diff: 26.466936111450195
waiting
going to web site
Hello world	Thread-3924	6

time: 946687652.5350649
diff: 30.464935064315796
waiting
going to web site
Hello world	Thread-4063	6

time: 946687683.544065
diff: 33.45593500137329
waiting
going to web site
Hello world	Thread-4214	7

time: 946687717.526065
diff: 9.473935008049011
waiting
going to web site
Hello world	Thread-4260	6

time: 946687727.5380651
diff: 29.46193492412567
waiting
going to web site
Hello world	Thread-4391	7

time: 946687757.534064
diff: 25.465935945510864
waiting
going to web site
Hello world	Thread-4514	5

time: 946687783.5350641
diff: 25.464935898780823
waiting
going to web site
Hello world	Thread-4627	5

time: 946687809.5350641
diff: 17.464935898780823
waiting
going to web site
Hello world	Thread-4710	7

time: 946687827.5350641
diff: 24.464935898780823
waiting
going to web site
Hello world	Thread-4820	3

time: 946687852.526064
diff: 17.473935961723328
waiting
going to web site
Hello world	Thread-4900	7

time: 946687870.5350641
diff: 35.46493589878082
waiting
going to web site
Hello world	Thread-5066	2

time: 946687906.526064
diff: 6.473935961723328
waiting
going to web site
Hello world	Thread-5096	7

time: 946687913.5350641
diff: 19.464935898780823
waiting
going to web site
Hello world	Thread-5187	6

time: 946687933.5350641
diff: 27.464935898780823
waiting
going to web site
Hello world	Thread-5322	7

time: 946687961.5350641
diff: 18.464935898780823
waiting
going to web site
Hello world	Thread-5416	6

time: 946687980.5350641
diff: 10.464935898780823
waiting
going to web site
Hello world	Thread-5465	6

time: 946687991.5350641
diff: 15.464935898780823
waiting
going to web site
Hello world	Thread-5535	5

time: 946688007.5350641
diff: 22.464935898780823
waiting
going to web site
Hello world	Thread-5638	7

time: 946688030.5350641
diff: 24.464935898780823
waiting
going to web site
Hello world	Thread-5758	5

time: 946688055.5350641
diff: 24.464935898780823
waiting
going to web site
Hello world	Thread-5866	7

time: 946688080.5294169
diff: 33.47058308124542
waiting
going to web site
Hello world	Thread-6016	2

time: 946688114.526065
diff: 12.473935008049011
waiting
going to web site
Hello world	Thread-6070	6

time: 946688127.526065
diff: 42.47393500804901
waiting
going to web site
Hello world	Thread-6254	2

time: 946688170.854037
diff: 17.145962953567505
waiting
going to web site
Hello world	Thread-6329	4

time: 946688188.849036
diff: 7.150964021682739
waiting
going to web site
Hello world	Thread-6368	2

time: 946688196.869037
diff: 27.13096296787262
waiting
going to web site
Hello world	Thread-6494	5

time: 946688224.849036
diff: 4.150964021682739
waiting
going to web site
Hello world	Thread-6516	3

time: 946688229.859037
diff: 30.140962958335876
waiting
going to web site
Hello world	Thread-6649	2

time: 946688260.850935
diff: 21.149065017700195
waiting
going to web site
Hello world	Thread-6746	2

time: 946688282.859037
diff: 16.140962958335876
waiting
going to web site
Hello world	Thread-6817	2

time: 946688299.852582
diff: 25.14741802215576
waiting
going to web site
Hello world	Thread-6943	2

time: 946688326.860037
diff: 17.139963030815125
waiting
going to web site
Hello world	Thread-7049	2

time: 946688351.859037
diff: 24.140962958335876
waiting
going to web site
Hello world	Thread-7162	3

time: 946688376.849036
diff: 27.15096402168274
waiting
going to web site
Hello world	Thread-7286	2

time: 946688404.859037
diff: 13.140962958335876
waiting
going to web site
Hello world	Thread-7348	2

time: 946688418.849036
diff: 33.15096402168274
waiting
going to web site
Hello world	Thread-7500	2

time: 946688452.859037
diff: 30.140962958335876
waiting
going to web site
Hello world	Thread-7637	3

time: 946688483.849036
diff: 13.15096402168274
waiting
going to web site
Hello world	Thread-7730	2

time: 946688504.869037
diff: 33.13096296787262
waiting
going to web site
Hello world	Thread-7878	5

time: 946688538.849036
diff: 15.15096402168274
waiting
going to web site
Hello world	Thread-7946	2

time: 946688554.859037
diff: 14.140962958335876
waiting
going to web site
Hello world	Thread-8017	3

time: 946688569.850935
diff: 19.149065017700195
waiting
going to web site
Hello world	Thread-8102	2

time: 946688589.850037
diff: 24.14996302127838
waiting
going to web site
Hello world	Thread-8215	2

time: 946688614.854037
diff: 15.145962953567505
waiting
going to web site
Hello world	Thread-8279	2

time: 946688630.858956
diff: 11.141044020652771
waiting
going to web site
Hello world	Thread-8331	2

time: 946688642.859037
diff: 35.14096295833588
waiting
going to web site
Hello world	Thread-8479	2

time: 946688678.854036
diff: 5.145964026451111
waiting
going to web site
Hello world	Thread-8507	2

time: 946688684.859037
diff: 12.140962958335876
waiting
going to web site
Hello world	Thread-8558	3

time: 946688697.849036
diff: 26.15096402168274
waiting
going to web site
Hello world	Thread-8672	2

time: 946688724.859583
diff: 23.140416979789734
waiting
going to web site
Hello world	Thread-8769	2

time: 946688749.8590361
diff: 34.14096391201019
waiting
going to web site
Hello world	Thread-8906	2

time: 946688784.832832
diff: 21.167168021202087
waiting
going to web site
Hello world	Thread-8995	2

time: 946688806.832833
diff: 28.16716694831848
waiting
going to web site
Hello world	Thread-9116	5

time: 946688835.832832
diff: 28.167168021202087
waiting
going to web site
Hello world	Thread-9235	4

time: 946688864.832833
diff: 26.16716694831848
waiting
going to web site
Hello world	Thread-9353	5

time: 946688891.832832
diff: 32.16716802120209
waiting
going to web site
Hello world	Thread-9494	3

time: 946688924.832833
diff: 8.167166948318481
waiting
going to web site
Hello world	Thread-9538	3

time: 946688933.832832
diff: 25.167168021202087
waiting
going to web site
Hello world	Thread-9645	3

time: 946688959.841833
diff: 24.158167004585266
waiting
going to web site
Hello world	Thread-9767	3

time: 946688985.841833
diff: 23.158167004585266
waiting
going to web site
Hello world	Thread-9889	3

time: 946689009.841833
diff: 25.158167004585266
waiting
going to web site
Hello world	Thread-10009	2

time: 946689036.841833
diff: 27.158167004585266
waiting
going to web site
Hello world	Thread-10130	2

time: 946689064.841833
diff: 26.158167004585266
waiting
going to web site
Hello world	Thread-10261	2

time: 946689091.832833
diff: 9.167166948318481
waiting
going to web site
Hello world	Thread-10301	3

time: 946689101.832832
diff: 17.167168021202087
waiting
going to web site
Hello world	Thread-10385	2

time: 946689119.832833
diff: 19.16716694831848
waiting
going to web site
Hello world	Thread-10481	6

time: 946689139.832832
diff: 27.167168021202087
waiting
going to web site
Hello world	Thread-10622	2

time: 946689168.842833
diff: 30.157166957855225
waiting
going to web site
Hello world	Thread-10772	4

time: 946689199.832832
diff: 6.167168021202087
waiting
going to web site
Hello world	Thread-10809	2

time: 946689206.841833
diff: 34.158167004585266
waiting
going to web site
Hello world	Thread-10972	2

time: 946689241.848833
diff: 17.151167035102844
waiting
going to web site
Hello world	Thread-11064	2

time: 946689259.841921
diff: 5.158079028129578
waiting
going to web site
Hello world	Thread-11089	2

time: 946689265.841833
diff: 24.158167004585266
waiting
going to web site
Hello world	Thread-11222	2

time: 946689293.841833
diff: 21.158167004585266
waiting
going to web site
Hello world	Thread-11326	3

time: 946689315.841833
diff: 9.158167004585266
waiting
going to web site
Hello world	Thread-11371	2

time: 946689325.832833
diff: 24.16716694831848
waiting
going to web site
Hello world	Thread-11487	4

time: 946689350.832832
diff: 28.167168021202087
waiting
going to web site
Hello world	Thread-11622	2

time: 946689379.841833
diff: 21.158167004585266
waiting
going to web site
Hello world	Thread-11730	2

time: 946689401.853457
diff: 31.14654302597046
waiting
going to web site
Hello world	Thread-11874	3

time: 946689433.845833
diff: 17.15416705608368
waiting
going to web site
Hello world	Thread-11956	3

time: 946689452.841833
diff: 18.158167004585266
waiting
going to web site
Hello world	Thread-12042	7

time: 946689471.832833
diff: 23.16716694831848
waiting
going to web site
Hello world	Thread-12156	4

time: 946689495.832832
diff: 10.167168021202087
waiting
going to web site
Hello world	Thread-12200	2

time: 946689506.841833
diff: 19.158167004585266
waiting
going to web site
Hello world	Thread-12289	2

time: 946689526.845833
diff: 16.15416705608368
waiting
going to web site
Hello world	Thread-12374	4

time: 946689543.841833
diff: 31.158167004585266
waiting
going to web site
Hello world	Thread-12515	4

time: 946689575.832833
diff: 21.16716694831848
waiting
going to web site
Hello world	Thread-12618	2

time: 946689597.832832
diff: 17.167168021202087
waiting
going to web site
Hello world	Thread-12695	5

time: 946689616.841833
diff: 13.158167004585266
waiting
going to web site
Hello world	Thread-12765	3

time: 946689630.841833
diff: 19.158167004585266
waiting
going to web site
Hello world	Thread-12859	4

time: 946689650.832833
diff: 16.16716694831848
waiting
going to web site
Hello world	Thread-12937	2

time: 946689667.832832
diff: 30.167168021202087
waiting
going to web site
Hello world	Thread-13084	5

time: 946689698.832833
diff: 23.16716694831848
waiting
going to web site
Hello world	Thread-13195	3

time: 946689722.832832
diff: 22.167168021202087
waiting
going to web site
Hello world	Thread-13294	3

time: 946689745.832833
diff: 34.16716694831848
waiting
going to web site
Hello world	Thread-13452	4

time: 946689780.832832
diff: 23.167168021202087
waiting
going to web site
Hello world	Thread-13563	4

time: 946689804.841833
diff: 14.158167004585266
waiting
going to web site
Hello world	Thread-13637	5

time: 946689819.841833
diff: 16.158167004585266
waiting
going to web site
Hello world	Thread-13714	3

time: 946689836.841833
diff: 14.158167004585266
waiting
going to web site
Hello world	Thread-13788	2

time: 946689851.832833
diff: 20.16716694831848
waiting
going to web site
Hello world	Thread-13883	4

time: 946689872.832832
diff: 22.167168021202087
waiting
going to web site
Hello world	Thread-13983	4

time: 946689895.842101
diff: 29.157899022102356
waiting
going to web site
Hello world	Thread-14118	3

time: 946689925.848833
diff: 16.151167035102844
waiting
going to web site
Hello world	Thread-14207	3

time: 946689945.851565
diff: 23.14843499660492
waiting
going to web site
Hello world	Thread-14304	6

time: 946689969.8398321
diff: 15.160167932510376
waiting
going to web site
Hello world	Thread-14378	2

time: 946689985.832832
diff: 10.167168021202087
waiting
going to web site
Hello world	Thread-14429	2

time: 946689996.841833
diff: 34.158167004585266
waiting
going to web site
Hello world	Thread-14577	4

time: 946690031.841833
diff: 11.158167004585266
waiting
going to web site
Hello world	Thread-14627	2

time: 946690043.832833
diff: 28.16716694831848
waiting
going to web site
Hello world	Thread-14749	5

time: 946690072.832832
diff: 19.167168021202087
waiting
going to web site
Hello world	Thread-14839	2

time: 946690092.841833
diff: 15.158167004585266
waiting
going to web site
Hello world	Thread-14911	2

time: 946690108.841833
diff: 36.158167004585266
waiting
going to web site
Hello world	Thread-15059	3

time: 946690145.841833
diff: 20.158167004585266
waiting
going to web site
Hello world	Thread-15151	2

time: 946690166.832833
diff: 19.16716694831848
waiting
going to web site
Hello world	Thread-15231	3

time: 946690186.832832
diff: 36.16716802120209
waiting
going to web site
Hello world	Thread-15412	3

time: 946690226.841833
diff: 22.158167004585266
waiting
going to web site
Hello world	Thread-15507	2

time: 946690249.841833
diff: 12.158167004585266
waiting
going to web site
Hello world	Thread-15572	2

time: 946690263.851833
diff: 24.14816701412201
waiting
going to web site
Hello world	Thread-15682	2

time: 946690288.85136
diff: 14.148640036582947
waiting
going to web site
Hello world	Thread-15741	2

time: 946690303.832833
diff: 19.16716694831848
waiting
going to web site
Hello world	Thread-15832	6

time: 946690323.832832
diff: 19.167168021202087
waiting
going to web site
Hello world	Thread-15916	3

time: 946690343.832833
diff: 26.16716694831848
waiting
going to web site
Hello world	Thread-16029	3

time: 946690370.832832
diff: 31.167168021202087
waiting
going to web site
Hello world	Thread-16167	3

time: 946690402.832833
diff: 26.16716694831848
waiting
going to web site
Hello world	Thread-16285	4

time: 946690429.832832
diff: 25.167168021202087
waiting
going to web site
Hello world	Thread-16402	3

time: 946690455.841833
diff: 15.158167004585266
waiting
going to web site
Hello world	Thread-16479	2

time: 946690472.841833
diff: 26.158167004585266
waiting
going to web site
Hello world	Thread-16598	6

time: 946690499.832833
diff: 17.16716694831848
waiting
going to web site
Hello world	Thread-16676	2

time: 946690517.832832
diff: 20.167168021202087
waiting
going to web site
Hello world	Thread-16765	2

time: 946690538.841833
diff: 23.158167004585266
waiting
going to web site
Hello world	Thread-16871	4

time: 946690562.833833
diff: 19.16616702079773
waiting
going to web site
Hello world	Thread-16959	2

time: 946690582.832833
diff: 28.16716694831848
waiting
going to web site
Hello world	Thread-17074	4

time: 946690611.8338319
diff: 22.166168093681335
waiting
going to web site
Hello world	Thread-17176	6

time: 946690634.7971929
diff: 27.202807068824768
waiting
going to web site
Hello world	Thread-17293	6

time: 946690662.802193
diff: 15.19780695438385
waiting
going to web site
Hello world	Thread-17361	5

time: 946690678.802192
diff: 21.197808027267456
waiting
going to web site
Hello world	Thread-17462	5

time: 946690700.802193
diff: 31.19780695438385
waiting
going to web site
Hello world	Thread-17600	4

time: 946690732.804192
diff: 10.195808053016663
waiting
going to web site
Hello world	Thread-17648	4

time: 946690743.802193
diff: 17.19780695438385
waiting
going to web site
Hello world	Thread-17726	2

time: 946690761.806192
diff: 26.19380795955658
waiting
going to web site
Hello world	Thread-17846	4

time: 946690788.797192
diff: 13.202808022499084
waiting
going to web site
Hello world	Thread-17902	4

time: 946690802.7971929
diff: 26.202807068824768
waiting
going to web site
Hello world	Thread-18023	7

time: 946690829.7971929
diff: 25.202807068824768
waiting
going to web site
Hello world	Thread-18124	4

time: 946690855.805193
diff: 28.194807052612305
waiting
going to web site
Hello world	Thread-18244	5

time: 946690884.7971929
diff: 30.202807068824768
waiting
going to web site
Hello world	Thread-18382	4

time: 946690915.7971929
diff: 30.202807068824768
waiting
going to web site
Hello world	Thread-18512	4

time: 946690946.7971929
diff: 13.202807068824768
waiting
going to web site
Hello world	Thread-18570	5

time: 946690960.7971929
diff: 24.202807068824768
waiting
going to web site
Hello world	Thread-18682	5

time: 946690985.8031449
diff: 25.196855068206787
waiting
going to web site
Hello world	Thread-18795	6

time: 946691011.7971929
diff: 18.202807068824768
waiting
going to web site
Hello world	Thread-18881	2

time: 946691030.8071929
diff: 16.19280707836151
waiting
going to web site
Hello world	Thread-18956	5

time: 946691047.7971929
diff: 31.202807068824768
waiting
going to web site
Hello world	Thread-19095	4

time: 946691079.7971929
diff: 12.202807068824768
waiting
going to web site
Hello world	Thread-19153	6

time: 946691092.802193
diff: 29.19780695438385
waiting
going to web site
Hello world	Thread-19286	6

time: 946691122.797192
diff: 26.202808022499084
waiting
going to web site
Hello world	Thread-19408	3

time: 946691149.805193
diff: 26.194807052612305
waiting
going to web site
Hello world	Thread-19532	4

time: 946691176.802193
diff: 16.19780695438385
waiting
going to web site
Hello world	Thread-19604	3

time: 946691193.8031449
diff: 12.196855068206787
waiting
going to web site
Hello world	Thread-19664	4

time: 946691206.7971929
diff: 29.202807068824768
waiting
going to web site
Hello world	Thread-19808	4

time: 946691236.5350649
diff: 22.464935064315796
waiting
going to web site
Hello world	Thread-19913	3

time: 946691259.526065
diff: 22.47393500804901
waiting
going to web site
Hello world	Thread-20014	3

time: 946691282.5350649
diff: 27.464935064315796
waiting
going to web site
Hello world	Thread-20142	6

time: 946691310.5448971
diff: 7.455102920532227
waiting
going to web site
Hello world	Thread-20182	7

time: 946691318.5350641
diff: 36.46493589878082
waiting
going to web site
Hello world	Thread-20356	4

time: 946691355.5350641
diff: 13.464935898780823
waiting
going to web site
Hello world	Thread-20420	8

time: 946691369.5350641
diff: 11.464935898780823
waiting
going to web site
Hello world	Thread-20489	6

time: 946691381.526064
diff: 25.473935961723328
waiting
going to web site
Hello world	Thread-20617	6

time: 946691407.526064
diff: 19.473935961723328
waiting
going to web site
Hello world	Thread-20710	7

time: 946691427.5350641
diff: 29.464935898780823
waiting
going to web site
Hello world	Thread-20853	6

time: 946691457.5350641
diff: 22.464935898780823
waiting
going to web site
Hello world	Thread-20961	7

time: 946691480.526064
diff: 24.473935961723328
waiting
going to web site
Hello world	Thread-21080	5

time: 946691505.5350641
diff: 10.464935898780823
waiting
going to web site
Hello world	Thread-21124	7

time: 946691516.5350641
diff: 16.464935898780823
waiting
going to web site
Hello world	Thread-21207	6

time: 946691533.5350641
diff: 24.464935898780823
waiting
going to web site
Hello world	Thread-21327	3

time: 946691558.526064
diff: 22.473935961723328
waiting
going to web site
Hello world	Thread-21431	4

time: 946691581.5350641
diff: 15.464935898780823
waiting
going to web site
Hello world	Thread-21505	6

time: 946691597.5350641
diff: 11.464935898780823
waiting
going to web site
Hello world	Thread-21553	5

time: 946691609.5350641
diff: 28.464935898780823
waiting
going to web site
Hello world	Thread-21686	6

time: 946691638.526064
diff: 33.47393596172333
waiting
going to web site
Hello world	Thread-21826	7

time: 946691672.526064
diff: 13.473935961723328
waiting
going to web site
Hello world	Thread-21890	7

time: 946691686.5350641
diff: 16.464935898780823
waiting
going to web site
Hello world	Thread-21970	6

time: 946691703.526064
diff: 17.473935961723328
waiting
going to web site
Hello world	Thread-22051	6

time: 946691721.5350641
diff: 23.464935898780823
waiting
going to web site
Hello world	Thread-22155	5

time: 946691745.535549
diff: 22.46445095539093
waiting
going to web site
Hello world	Thread-22259	6

time: 946691768.526064
diff: 21.473935961723328
waiting
going to web site
Hello world	Thread-22348	7

time: 946691790.526064
diff: 22.473935961723328
waiting
going to web site
Hello world	Thread-22455	3

time: 946691813.5330639
diff: 38.466936111450195
waiting
going to web site
Hello world	Thread-22624	3

time: 946691852.832833
diff: 6.1671669483184814
waiting
going to web site
Hello world	Thread-22652	5

time: 946691859.832832
diff: 31.167168021202087
waiting
going to web site
Hello world	Thread-22795	2

time: 946691891.841833
diff: 22.158167004585266
waiting
going to web site
Hello world	Thread-22905	3

time: 946691915.85948
diff: 17.140519976615906
waiting
going to web site
Hello world	Thread-22981	2

time: 946691933.832832
diff: 11.167168021202087
waiting
going to web site
Hello world	Thread-23037	3

time: 946691945.841833
diff: 35.158167004585266
waiting
going to web site
Hello world	Thread-23208	4

time: 946691981.841833
diff: 17.158167004585266
waiting
going to web site
Hello world	Thread-23299	4

time: 946692000.841833
diff: 23.158167004585266
waiting
going to web site
Hello world	Thread-23417	2

time: 946692025.851833
diff: 21.14816701412201
waiting
going to web site
Hello world	Thread-23563	3

time: 946692054.842833
diff: 20.157166957855225
waiting
going to web site
Hello world	Thread-23660	4

time: 946692075.832832
diff: 21.167168021202087
waiting
going to web site
Hello world	Thread-23767	2

time: 946692097.841833
diff: 8.158167004585266
waiting
going to web site
Hello world	Thread-23798	2

time: 946692106.841833
diff: 26.158167004585266
waiting
going to web site
Hello world	Thread-23931	4

time: 946692133.836833
diff: 28.163166999816895
waiting
going to web site
Hello world	Thread-24067	4

time: 946692162.832832
diff: 10.167168021202087
waiting
going to web site
Hello world	Thread-24118	2

time: 946692173.841833
diff: 17.158167004585266
waiting
going to web site
Hello world	Thread-24200	3

time: 946692191.832833
diff: 36.16716694831848
waiting
going to web site
Hello world	Thread-24375	2

time: 946692228.832832
diff: 19.167168021202087
waiting
going to web site
Hello world	Thread-24463	4

time: 946692248.841833
diff: 16.158167004585266
waiting
going to web site
Hello world	Thread-24540	2

time: 946692265.841833
diff: 18.158167004585266
waiting
going to web site
Hello world	Thread-24627	2

time: 946692284.832833
diff: 17.16716694831848
waiting
going to web site
Hello world	Thread-24706	2

time: 946692302.8408331
diff: 6.159166932106018
waiting
going to web site
Hello world	Thread-24732	5

time: 946692309.832832
diff: 31.167168021202087
waiting
going to web site
Hello world	Thread-24875	2

time: 946692341.841833
diff: 8.158167004585266
waiting
going to web site
Hello world	Thread-24910	2

time: 946692350.841833
diff: 22.158167004585266
waiting
going to web site
Hello world	Thread-25015	2

time: 946692373.841833
diff: 21.158167004585266
waiting
going to web site
Hello world	Thread-25112	2

time: 946692396.842833
diff: 33.157166957855225
waiting
going to web site
Hello world	Thread-25249	5

time: 946692430.832832
diff: 21.167168021202087
waiting
going to web site
Hello world	Thread-25339	4

time: 946692452.832833
diff: 23.16716694831848
waiting
going to web site
Hello world	Thread-25447	5

time: 946692476.832832
diff: 32.16716802120209
waiting
going to web site
Hello world	Thread-25580	2

time: 946692509.8588331
diff: 15.141166925430298
waiting
going to web site
Hello world	Thread-25644	4

time: 946692525.832832
diff: 26.167168021202087
waiting
going to web site
Hello world	Thread-25759	2

time: 946692552.841833
diff: 14.158167004585266
waiting
going to web site
Hello world	Thread-25841	3

time: 946692570.846833
diff: 22.153167009353638
waiting
going to web site
Hello world	Thread-25938	2

time: 946692593.841833
diff: 29.158167004585266
waiting
going to web site
Hello world	Thread-26068	5

time: 946692623.832833
diff: 23.16716694831848
waiting
going to web site
Hello world	Thread-26159	3

time: 946692647.832832
diff: 20.167168021202087
waiting
going to web site
Hello world	Thread-26235	2

time: 946692668.841833
diff: 19.158167004585266
waiting
going to web site
Hello world	Thread-26310	2

time: 946692689.841833
diff: 29.158167004585266
waiting
going to web site
Hello world	Thread-26406	3

time: 946692719.832833
diff: 19.16716694831848
waiting
going to web site
Hello world	Thread-26464	2

time: 946692739.832832
diff: 27.167168021202087
waiting
going to web site
Hello world	Thread-26535	2

time: 946692767.841833
diff: 18.158167004585266
waiting
going to web site
Hello world	Thread-26575	3

time: 946692786.841833
diff: 20.158167004585266
waiting
going to web site
Hello world	Thread-26624	3

time: 946692807.841833
diff: 26.158167004585266
waiting
going to web site
Hello world	Thread-26674	2

time: 946692834.841833
diff: 26.158167004585266
waiting
going to web site
Hello world	Thread-26713	2

time: 946692861.836833
diff: 19.163166999816895
waiting
going to web site
Hello world	Thread-26739	4

time: 946692881.832832
diff: 17.167168021202087
waiting
going to web site
Hello world	Thread-26760	2

time: 946692899.832833
diff: 15.167166948318481
waiting
going to web site
Hello world	Thread-26771	2

