time: 946686600.0
diff: 0.0
going to web site
Hello world	Thread-6	2

time: 946686600.580656
diff: 119.41934394836426
waiting
going to web site
Hello world	Thread-104	3

time: 946686723.5905731
diff: 56.40942692756653
waiting
going to web site
Hello world	Thread-175	4

time: 946686780.580656
diff: 59.41934394836426
waiting
going to web site
Hello world	Thread-332	3

time: 946686871.600656
diff: 88.39934396743774
waiting
going to web site
Hello world	Thread-396	5

time: 946686960.590656
diff: 59.409343957901
waiting
going to web site
Hello world	Thread-498	4

time: 946687023.590656
diff: 57.409343957901
waiting
going to web site
Hello world	Thread-563	3

time: 946687088.60051
diff: 112.39948999881744
waiting
going to web site
Hello world	Thread-685	7

time: 946687208.590656
diff: 52.409343957901
waiting
going to web site
Hello world	Thread-706	4

time: 946687261.592492
diff: 59.40750801563263
waiting
going to web site
Hello world	Thread-841	3

time: 946687328.590656
diff: 52.409343957901
waiting
going to web site
Hello world	Thread-912	5

time: 946687396.590656
diff: 44.409343957901
waiting
going to web site
Hello world	Thread-980	2

time: 946687448.590656
diff: 52.409343957901
waiting
going to web site
Hello world	Thread-1014	3

time: 946687501.580656
diff: 120.41934394836426
waiting
going to web site
Hello world	Thread-1273	3

time: 946687744.022198
diff: -2.022197961807251
going to web site
Hello world	Thread-1299	2

time: 946687747.71343
diff: 54.28656995296478
waiting
going to web site
Hello world	Thread-1339	2

time: 946687803.71237
diff: 58.28762996196747
waiting
going to web site
Hello world	Thread-1538	7

time: 946687982.929338
diff: -0.9293379783630371
going to web site
Hello world	Thread-1545	9

time: 946687983.514994
diff: 118.48500597476959
waiting
going to web site
Hello world	Thread-1704	3

time: 946688105.589657
diff: 117.41034305095673
waiting
going to web site
Hello world	Thread-1841	4

time: 946688230.590656
diff: 112.409343957901
waiting
going to web site
Hello world	Thread-1954	5

