time: 946686600.0
diff: 0.0
going to web site
Hello world	Thread-47	7

time: 946686663.600518
diff: -3.600517988204956
going to web site
Hello world	Thread-53	5

time: 946686664.181174
diff: 55.8188259601593
waiting
going to web site
Hello world	Thread-155	4

time: 946686751.6005731
diff: 28.39942693710327
waiting
going to web site
Hello world	Thread-177	2

time: 946686780.580656
diff: 59.41934394836426
waiting
going to web site
Hello world	Thread-333	2

time: 946686871.600656
diff: 88.39934396743774
waiting
going to web site
Hello world	Thread-397	4

time: 946686960.590656
diff: 60.409343957901
waiting
going to web site
Hello world	Thread-589	3

time: 946687141.8653581
diff: -0.8653581142425537
going to web site
Hello world	Thread-595	8

time: 946687142.468186
diff: 118.53181397914886
waiting
going to web site
Hello world	Thread-864	6

time: 946687381.87478
diff: -0.8747800588607788
going to web site
Hello world	Thread-870	11

time: 946687382.4624361
diff: 118.53756392002106
waiting
going to web site
Hello world	Thread-1044	4

time: 946687508.590656
diff: 52.409343957901
waiting
going to web site
Hello world	Thread-1070	6

time: 946687561.580656
diff: 120.41934394836426
waiting
going to web site
Hello world	Thread-1246	6

time: 946687713.600398
diff: 88.39960205554962
waiting
going to web site
Hello world	Thread-1390	5

time: 946687833.590656
diff: 88.409343957901
waiting
going to web site
Hello world	Thread-1496	6

time: 946687925.580656
diff: 56.41934394836426
waiting
going to web site
Hello world	Thread-1568	6

time: 946687985.590656
diff: 56.409343957901
waiting
going to web site
Hello world	Thread-1641	7

time: 946688045.580656
diff: 56.41934394836426
waiting
going to web site
Hello world	Thread-1712	4

time: 946688109.589657
diff: 52.410343050956726
waiting
going to web site
Hello world	Thread-1765	6

time: 946688165.5896571
diff: 57.41034293174744
waiting
going to web site
Hello world	Thread-1844	7

time: 946688238.5896561
diff: 104.41034388542175
waiting
going to web site
Hello world	Thread-1957	2

