time: 946686600.0
diff: 0.0
going to web site
Hello world	Thread-19	7

time: 946686603.649364
diff: 116.35063600540161
waiting
going to web site
Hello world	Thread-90	4

time: 946686723.658364
diff: 116.3416359424591
waiting
going to web site
Hello world	Thread-146	5

time: 946686840.6587939
diff: 59.341206073760986
waiting
going to web site
Hello world	Thread-194	6

time: 946686903.668365
diff: 56.33163499832153
waiting
going to web site
Hello world	Thread-212	8

time: 946686961.658365
diff: 119.34163498878479
waiting
going to web site
Hello world	Thread-301	5

time: 946687096.677364
diff: 104.32263600826263
waiting
going to web site
Hello world	Thread-366	5

time: 946687216.667364
diff: 44.33263599872589
waiting
going to web site
Hello world	Thread-380	3

time: 946687262.672751
diff: 58.32724905014038
waiting
going to web site
Hello world	Thread-431	4

time: 946687336.6633639
diff: 44.33663606643677
waiting
going to web site
Hello world	Thread-463	3

time: 946687388.666365
diff: 52.33363497257233
waiting
going to web site
Hello world	Thread-489	4

time: 946687444.658365
diff: 116.34163498878479
waiting
going to web site
Hello world	Thread-533	5

time: 946687561.6493641
diff: 60.35063588619232
waiting
going to web site
Hello world	Thread-597	4

time: 946687637.667364
diff: 44.33263599872589
waiting
going to web site
Hello world	Thread-613	2

time: 946687683.658364
diff: 118.3416359424591
waiting
going to web site
Hello world	Thread-672	2

time: 946687803.667908
diff: 118.33209204673767
waiting
going to web site
Hello world	Thread-744	4

time: 946687923.655909
diff: 118.3440910577774
waiting
going to web site
Hello world	Thread-805	5

time: 946688043.6589091
diff: 58.34109091758728
waiting
going to web site
Hello world	Thread-834	4

time: 946688102.655909
diff: 120.3440910577774
waiting
going to web site
Hello world	Thread-913	7

time: 946688226.656908
diff: 116.34309196472168
waiting
going to web site
Hello world	Thread-962	7

