time: 946686600.0
diff: 75.0
waiting
going to web site
Hello world	Thread-273	2

time: 946686675.8447119
diff: -0.8447118997573853
going to web site
Hello world	Thread-280	4

time: 946686676.681424
diff: -0.6814240217208862
going to web site
Hello world	Thread-286	5

time: 946686677.533136
diff: -1.533136010169983
going to web site
Hello world	Thread-293	3

time: 946686678.369848
diff: -1.3698480129241943
going to web site
Hello world	Thread-302	3

time: 946686679.2135601
diff: 2.786439895629883
waiting
going to web site
Hello world	Thread-339	3

time: 946686682.8367119
diff: -0.8367118835449219
going to web site
Hello world	Thread-343	5

time: 946686683.673424
diff: 7.326575994491577
waiting
going to web site
Hello world	Thread-61	2

time: 946686691.844217
diff: 0.1557830572128296
waiting
going to web site
Hello world	Thread-442	4

time: 946686692.860713
diff: 0.13928699493408203
waiting
going to web site
Hello world	Thread-457	4

time: 946686693.862712
diff: -0.862712025642395
going to web site
Hello world	Thread-465	3

time: 946686694.700424
diff: 2.2995760440826416
waiting
going to web site
Hello world	Thread-496	2

time: 946686697.870136
diff: 10.129863977432251
waiting
going to web site
Hello world	Thread-85	2

time: 946686708.856712
diff: 16.143288016319275
waiting
going to web site
Hello world	Thread-121	2

time: 946686725.839713
diff: 27.160287022590637
waiting
going to web site
Hello world	Thread-180	2

time: 946686753.845389
diff: 13.154610991477966
waiting
going to web site
Hello world	Thread-210	2

time: 946686767.845712
diff: 14.154288053512573
waiting
going to web site
Hello world	Thread-258	3

time: 946686782.857713
diff: 22.142287015914917
waiting
going to web site
Hello world	Thread-320	2

time: 946686805.8567129
diff: 15.143287062644958
waiting
going to web site
Hello world	Thread-365	2

time: 946686821.862713
diff: 9.137287020683289
waiting
going to web site
Hello world	Thread-398	3

time: 946686831.846885
diff: 15.153115034103394
waiting
going to web site
Hello world	Thread-446	4

time: 946686847.8487129
diff: 32.15128707885742
waiting
going to web site
Hello world	Thread-565	3

time: 946686880.839713
diff: 22.160287022590637
waiting
going to web site
Hello world	Thread-652	3

time: 946686903.849713
diff: 23.15028703212738
waiting
going to web site
Hello world	Thread-739	2

time: 946686927.844713
diff: 20.15528702735901
waiting
going to web site
Hello world	Thread-856	2

time: 946686951.845713
diff: 20.154286980628967
waiting
going to web site
Hello world	Thread-957	3

time: 946686972.859712
diff: 32.14028799533844
waiting
going to web site
Hello world	Thread-1107	3

time: 946687005.840712
diff: 17.1592880487442
waiting
going to web site
Hello world	Thread-1185	4

time: 946687023.839713
diff: 21.160287022590637
waiting
going to web site
Hello world	Thread-1291	6

time: 946687045.837713
diff: 28.16228699684143
waiting
going to web site
Hello world	Thread-1424	2

time: 946687074.8367119
diff: 22.163288116455078
waiting
going to web site
Hello world	Thread-1524	3

time: 946687097.845776
diff: 27.154224038124084
waiting
going to web site
Hello world	Thread-1652	2

time: 946687126.836713
diff: 15.163287043571472
waiting
going to web site
Hello world	Thread-1720	2

time: 946687142.845713
diff: 13.154286980628967
waiting
going to web site
Hello world	Thread-1769	6

time: 946687156.8367119
diff: 39.16328811645508
waiting
going to web site
Hello world	Thread-1936	5

time: 946687196.836713
diff: 11.163287043571472
waiting
going to web site
Hello world	Thread-1990	3

time: 946687208.8407129
diff: 29.159287095069885
waiting
going to web site
Hello world	Thread-2111	3

time: 946687238.836713
diff: 24.163287043571472
waiting
going to web site
Hello world	Thread-2227	3

time: 946687263.839713
diff: 7.160287022590637
waiting
going to web site
Hello world	Thread-2262	2

time: 946687271.836713
diff: 25.163287043571472
waiting
going to web site
Hello world	Thread-2384	3

time: 946687297.733585
diff: 18.266414999961853
waiting
going to web site
Hello world	Thread-2467	2

time: 946687316.7205839
diff: 10.27941608428955
waiting
going to web site
Hello world	Thread-2505	6

time: 946687327.7483569
diff: 23.25164306163788
waiting
going to web site
Hello world	Thread-2615	6

time: 946687352.732585
diff: 26.267415046691895
waiting
going to web site
Hello world	Thread-2743	6

time: 946687379.720585
diff: 21.279415011405945
waiting
going to web site
Hello world	Thread-2836	6

time: 946687401.729585
diff: 36.27041494846344
waiting
going to web site
Hello world	Thread-2992	6

time: 946687438.7205839
diff: 17.27941608428955
waiting
going to web site
Hello world	Thread-3078	4

time: 946687456.732585
diff: 29.267415046691895
waiting
going to web site
Hello world	Thread-3208	5

time: 946687486.738585
diff: 25.261415004730225
waiting
going to web site
Hello world	Thread-3315	7

time: 946687512.720585
diff: 19.279415011405945
waiting
going to web site
Hello world	Thread-3409	6

time: 946687532.729585
diff: 20.27041494846344
waiting
going to web site
Hello world	Thread-3500	3

time: 946687553.7205839
diff: 26.27941608428955
waiting
going to web site
Hello world	Thread-3615	5

time: 946687580.732533
diff: 31.26746702194214
waiting
going to web site
Hello world	Thread-3757	3

time: 946687612.729585
diff: 12.27041494846344
waiting
going to web site
Hello world	Thread-3817	2

time: 946687625.723584
diff: 24.276415944099426
waiting
going to web site
Hello world	Thread-3915	4

time: 946687650.7205839
diff: 9.27941608428955
waiting
going to web site
Hello world	Thread-3966	5

time: 946687660.732325
diff: 29.267675042152405
waiting
going to web site
Hello world	Thread-4100	6

time: 946687690.732585
diff: 25.267415046691895
waiting
going to web site
Hello world	Thread-4211	3

time: 946687716.7245849
diff: 19.275415062904358
waiting
going to web site
Hello world	Thread-4301	5

time: 946687736.732585
diff: 14.267415046691895
waiting
going to web site
Hello world	Thread-4366	6

time: 946687751.720585
diff: 13.279415011405945
waiting
going to web site
Hello world	Thread-4424	3

time: 946687765.720585
diff: 29.279415011405945
waiting
going to web site
Hello world	Thread-4562	6

time: 946687795.732585
diff: 23.267415046691895
waiting
going to web site
Hello world	Thread-4666	6

time: 946687819.729585
diff: 27.27041494846344
waiting
going to web site
Hello world	Thread-4799	5

time: 946687847.738584
diff: 13.261415958404541
waiting
going to web site
Hello world	Thread-4856	4

time: 946687861.732325
diff: 18.267675042152405
waiting
going to web site
Hello world	Thread-4947	4

time: 946687880.720585
diff: 36.279415011405945
waiting
going to web site
Hello world	Thread-5116	2

time: 946687917.841833
diff: 15.158167004585266
waiting
going to web site
Hello world	Thread-5192	5

time: 946687933.841833
diff: 18.158167004585266
waiting
going to web site
Hello world	Thread-5289	5

time: 946687952.832833
diff: 21.16716694831848
waiting
going to web site
Hello world	Thread-5388	6

time: 946687974.832832
diff: 18.167168021202087
waiting
going to web site
Hello world	Thread-5482	5

time: 946687994.841833
diff: 5.158167004585266
waiting
going to web site
Hello world	Thread-5505	4

time: 946688000.841833
diff: 31.158167004585266
waiting
going to web site
Hello world	Thread-5660	2

time: 946688033.841833
diff: 22.158167004585266
waiting
going to web site
Hello world	Thread-5763	3

time: 946688056.832833
diff: 34.16716694831848
waiting
going to web site
Hello world	Thread-5917	5

time: 946688091.832832
diff: 15.167168021202087
waiting
going to web site
Hello world	Thread-5985	2

time: 946688107.832833
diff: 10.167166948318481
waiting
going to web site
Hello world	Thread-6027	2

time: 946688118.832832
diff: 39.16716802120209
waiting
going to web site
Hello world	Thread-6204	2

time: 946688158.841833
diff: 12.158167004585266
waiting
going to web site
Hello world	Thread-6256	2

time: 946688171.832833
diff: 26.16716694831848
waiting
going to web site
Hello world	Thread-6373	3

time: 946688198.836832
diff: 31.16316795349121
waiting
going to web site
Hello world	Thread-6520	2

time: 946688230.832832
diff: 23.167168021202087
waiting
going to web site
Hello world	Thread-6619	5

time: 946688254.841833
diff: 20.158167004585266
waiting
going to web site
Hello world	Thread-6709	3

time: 946688275.841833
diff: 26.158167004585266
waiting
going to web site
Hello world	Thread-6831	3

time: 946688302.841833
diff: 25.158167004585266
waiting
going to web site
Hello world	Thread-6948	4

time: 946688328.841833
diff: 13.158167004585266
waiting
going to web site
Hello world	Thread-7006	2

time: 946688342.841833
diff: 13.158167004585266
waiting
going to web site
Hello world	Thread-7070	3

time: 946688356.841833
diff: 13.158167004585266
waiting
going to web site
Hello world	Thread-7131	2

time: 946688370.845833
diff: 26.15416705608368
waiting
going to web site
Hello world	Thread-7254	3

time: 946688397.842833
diff: 25.157166957855225
waiting
going to web site
Hello world	Thread-7369	5

time: 946688423.832832
diff: 13.167168021202087
waiting
going to web site
Hello world	Thread-7434	3

time: 946688437.841833
diff: 20.158167004585266
waiting
going to web site
Hello world	Thread-7541	3

time: 946688461.851068
diff: 25.148931980133057
waiting
going to web site
Hello world	Thread-7654	5

time: 946688487.832832
diff: 19.167168021202087
waiting
going to web site
Hello world	Thread-7741	3

time: 946688507.841833
diff: 23.158167004585266
waiting
going to web site
Hello world	Thread-7839	5

time: 946688531.699561
diff: 27.3004390001297
waiting
going to web site
Hello world	Thread-7969	5

time: 946688559.699561
diff: 39.3004390001297
waiting
going to web site
Hello world	Thread-8140	6

time: 946688599.699561
diff: 22.3004390001297
waiting
going to web site
Hello world	Thread-8245	4

time: 946688622.699561
diff: 18.3004390001297
waiting
going to web site
Hello world	Thread-8324	3

time: 946688641.707561
diff: 26.292438983917236
waiting
going to web site
Hello world	Thread-8441	5

time: 946688668.6995599
diff: 22.300440073013306
waiting
going to web site
Hello world	Thread-8539	4

time: 946688691.699561
diff: 27.3004390001297
waiting
going to web site
Hello world	Thread-8644	5

time: 946688719.699561
diff: 18.3004390001297
waiting
going to web site
Hello world	Thread-8724	4

time: 946688738.699561
diff: 17.3004390001297
waiting
going to web site
Hello world	Thread-8797	4

time: 946688756.699561
diff: 26.3004390001297
waiting
going to web site
Hello world	Thread-8902	3

time: 946688783.699561
diff: 36.3004390001297
waiting
going to web site
Hello world	Thread-9046	5

time: 946688820.699561
diff: 30.3004390001297
waiting
going to web site
Hello world	Thread-9185	5

time: 946688851.7085611
diff: 6.291438937187195
waiting
going to web site
Hello world	Thread-9210	4

time: 946688858.6995599
diff: 12.300440073013306
waiting
going to web site
Hello world	Thread-9262	2

time: 946688871.699561
diff: 22.3004390001297
waiting
going to web site
Hello world	Thread-9372	3

time: 946688894.699561
diff: 25.3004390001297
waiting
going to web site
Hello world	Thread-9478	2

time: 946688920.699561
diff: 30.3004390001297
waiting
going to web site
Hello world	Thread-9608	5

time: 946688951.699561
diff: 7.3004390001297
waiting
going to web site
Hello world	Thread-9644	4

time: 946688959.699561
diff: 31.3004390001297
waiting
going to web site
Hello world	Thread-9797	4

time: 946688991.699561
diff: 13.3004390001297
waiting
going to web site
Hello world	Thread-9866	4

time: 946689005.699561
diff: 19.3004390001297
waiting
going to web site
Hello world	Thread-9955	6

time: 946689025.699561
diff: 19.3004390001297
waiting
going to web site
Hello world	Thread-10042	4

time: 946689045.708592
diff: 12.291407942771912
waiting
going to web site
Hello world	Thread-10099	4

time: 946689058.6995599
diff: 18.300440073013306
waiting
going to web site
Hello world	Thread-10197	3

time: 946689077.699561
diff: 37.3004390001297
waiting
going to web site
Hello world	Thread-10367	6

time: 946689115.699561
diff: 19.3004390001297
waiting
going to web site
Hello world	Thread-10464	7

time: 946689135.526065
diff: 23.47393500804901
waiting
going to web site
Hello world	Thread-10571	6

time: 946689159.536065
diff: 18.463935017585754
waiting
going to web site
Hello world	Thread-10665	7

time: 946689178.5350649
diff: 18.464935064315796
waiting
going to web site
Hello world	Thread-10761	6

time: 946689197.544065
diff: 17.45593500137329
waiting
going to web site
Hello world	Thread-10848	3

time: 946689215.526065
diff: 17.47393500804901
waiting
going to web site
Hello world	Thread-10930	5

time: 946689233.5350649
diff: 20.464935064315796
waiting
going to web site
Hello world	Thread-11035	6

time: 946689254.544065
diff: 21.45593500137329
waiting
going to web site
Hello world	Thread-11133	5

time: 946689276.544065
diff: 12.455935001373291
waiting
going to web site
Hello world	Thread-11199	5

time: 946689289.542065
diff: 28.457934975624084
waiting
going to web site
Hello world	Thread-11336	6

time: 946689318.526064
diff: 31.473935961723328
waiting
going to web site
Hello world	Thread-11484	6

time: 946689350.5350641
diff: 11.464935898780823
waiting
going to web site
Hello world	Thread-11538	8

time: 946689362.539064
diff: 19.460935950279236
waiting
going to web site
Hello world	Thread-11636	6

time: 946689382.5350641
diff: 16.464935898780823
waiting
going to web site
Hello world	Thread-11719	4

time: 946689399.530064
diff: 17.46993601322174
waiting
going to web site
Hello world	Thread-11793	6

time: 946689417.5350649
diff: 39.464935064315796
waiting
going to web site
Hello world	Thread-11977	6

time: 946689457.544065
diff: 16.45593500137329
waiting
going to web site
Hello world	Thread-12056	7

time: 946689474.544065
diff: 36.45593500137329
waiting
going to web site
Hello world	Thread-12222	6

time: 946689511.544065
diff: 16.45593500137329
waiting
going to web site
Hello world	Thread-12298	6

time: 946689528.5350649
diff: 34.464935064315796
waiting
going to web site
Hello world	Thread-12466	5

time: 946689563.540065
diff: 6.459934949874878
waiting
going to web site
Hello world	Thread-12490	3

time: 946689570.5350641
diff: 28.464935898780823
waiting
going to web site
Hello world	Thread-12624	6

time: 946689599.5350641
diff: 0.46493589878082275
waiting
going to web site
Hello world	Thread-12628	5

time: 946689600.535181
diff: 29.464818954467773
waiting
going to web site
Hello world	Thread-12762	5

time: 946689630.5350641
diff: 24.464935898780823
waiting
going to web site
Hello world	Thread-12875	7

time: 946689655.5350641
diff: 11.464935898780823
waiting
going to web site
Hello world	Thread-12936	3

time: 946689667.526064
diff: 23.473935961723328
waiting
going to web site
Hello world	Thread-13054	3

time: 946689691.526064
diff: 17.473935961723328
waiting
going to web site
Hello world	Thread-13125	7

time: 946689709.5350641
diff: 22.464935898780823
waiting
going to web site
Hello world	Thread-13228	7

time: 946689732.5350641
diff: 13.464935898780823
waiting
going to web site
Hello world	Thread-13299	3

time: 946689746.832832
diff: 28.167168021202087
waiting
going to web site
Hello world	Thread-13428	3

time: 946689775.845833
diff: 21.15416705608368
waiting
going to web site
Hello world	Thread-13530	5

time: 946689797.832833
diff: 21.16716694831848
waiting
going to web site
Hello world	Thread-13636	6

time: 946689819.832832
diff: 35.16716802120209
waiting
going to web site
Hello world	Thread-13807	4

time: 946689855.841833
diff: 3.158167004585266
waiting
going to web site
Hello world	Thread-13822	2

time: 946689859.841833
diff: 31.158167004585266
waiting
going to web site
Hello world	Thread-13969	4

time: 946689891.832833
diff: 15.167166948318481
waiting
going to web site
Hello world	Thread-14044	3

time: 946689907.832832
diff: 25.167168021202087
waiting
going to web site
Hello world	Thread-14153	2

time: 946689933.841833
diff: 39.158167004585266
waiting
going to web site
Hello world	Thread-14321	2

time: 946689973.8398329
diff: 29.16016709804535
waiting
going to web site
Hello world	Thread-14462	4

time: 946690004.841833
diff: 12.158167004585266
waiting
going to web site
Hello world	Thread-14523	3

time: 946690018.841833
diff: 25.158167004585266
waiting
going to web site
Hello world	Thread-14639	2

time: 946690045.841833
diff: 18.158167004585266
waiting
going to web site
Hello world	Thread-14721	2

time: 946690064.841833
diff: 18.158167004585266
waiting
going to web site
Hello world	Thread-14794	2

time: 946690083.832833
diff: 20.16716694831848
waiting
going to web site
Hello world	Thread-14887	6

time: 946690104.832832
diff: 15.167168021202087
waiting
going to web site
Hello world	Thread-14956	2

time: 946690120.841833
diff: 41.158167004585266
waiting
going to web site
Hello world	Thread-15137	2

time: 946690162.841833
diff: 12.158167004585266
waiting
going to web site
Hello world	Thread-15194	2

time: 946690176.841833
diff: 32.158167004585266
waiting
going to web site
Hello world	Thread-15336	4

time: 946690209.841833
diff: 21.158167004585266
waiting
going to web site
Hello world	Thread-15434	2

time: 946690231.843833
diff: 14.156167030334473
waiting
going to web site
Hello world	Thread-15494	2

time: 946690246.841833
diff: 25.158167004585266
waiting
going to web site
Hello world	Thread-15618	4

time: 946690272.859833
diff: 13.140166997909546
waiting
going to web site
Hello world	Thread-15669	4

time: 946690286.832832
diff: 29.167168021202087
waiting
going to web site
Hello world	Thread-15806	2

time: 946690316.849833
diff: 20.150166988372803
waiting
going to web site
Hello world	Thread-15891	2

time: 946690337.832832
diff: 26.167168021202087
waiting
going to web site
Hello world	Thread-16010	5

time: 946690365.841833
diff: 18.158167004585266
waiting
going to web site
Hello world	Thread-16091	2

time: 946690384.841833
diff: 19.158167004585266
waiting
going to web site
Hello world	Thread-16182	3

time: 946690404.841833
diff: 31.158167004585266
waiting
going to web site
Hello world	Thread-16321	3

time: 946690436.850833
diff: 20.14916694164276
waiting
going to web site
Hello world	Thread-16411	5

time: 946690457.832832
diff: 24.167168021202087
waiting
going to web site
Hello world	Thread-16520	3

time: 946690482.841833
diff: 23.158167004585266
waiting
going to web site
Hello world	Thread-16623	2

time: 946690506.841833
diff: 18.158167004585266
waiting
going to web site
Hello world	Thread-16709	3

time: 946690525.841833
diff: 23.158167004585266
waiting
going to web site
Hello world	Thread-16810	2

time: 946690549.832833
diff: 6.1671669483184814
waiting
going to web site
Hello world	Thread-16837	5

time: 946690556.836832
diff: 30.16316795349121
waiting
going to web site
Hello world	Thread-16977	3

time: 946690587.832832
diff: 21.167168021202087
waiting
going to web site
Hello world	Thread-17066	3

time: 946690609.841833
diff: 20.158167004585266
waiting
going to web site
Hello world	Thread-17158	2

time: 946690630.841833
diff: 42.158167004585266
waiting
going to web site
Hello world	Thread-17336	3

time: 946690673.832833
diff: 15.167166948318481
waiting
going to web site
Hello world	Thread-17412	4

time: 946690689.832832
diff: 25.167168021202087
waiting
going to web site
Hello world	Thread-17528	5

time: 946690715.832833
diff: 17.16716694831848
waiting
going to web site
Hello world	Thread-17606	4

time: 946690733.832832
diff: 26.167168021202087
waiting
going to web site
Hello world	Thread-17724	3

time: 946690760.841833
diff: 8.158167004585266
waiting
going to web site
Hello world	Thread-17771	2

time: 946690770.842833
diff: 37.157166957855225
waiting
going to web site
Hello world	Thread-17930	5

time: 946690808.832832
diff: 16.167168021202087
waiting
going to web site
Hello world	Thread-18003	2

time: 946690825.845833
diff: 21.15416705608368
waiting
going to web site
Hello world	Thread-18092	3

time: 946690847.845833
diff: 28.15416705608368
waiting
going to web site
Hello world	Thread-18213	3

time: 946690876.841833
diff: 15.158167004585266
waiting
going to web site
Hello world	Thread-18290	3

time: 946690892.841833
diff: 33.158167004585266
waiting
going to web site
Hello world	Thread-18421	3

time: 946690926.84236
diff: 11.157639980316162
waiting
going to web site
Hello world	Thread-18476	4

time: 946690938.832832
diff: 29.167168021202087
waiting
going to web site
Hello world	Thread-18607	2

time: 946690968.841833
diff: 17.158167004585266
waiting
going to web site
Hello world	Thread-18688	4

time: 946690986.841897
diff: 27.158102989196777
waiting
going to web site
Hello world	Thread-18807	6

time: 946691014.836832
diff: 18.16316795349121
waiting
going to web site
Hello world	Thread-18891	6

time: 946691033.832832
diff: 20.167168021202087
waiting
going to web site
Hello world	Thread-18984	4

time: 946691054.859861
diff: 29.1401389837265
waiting
going to web site
Hello world	Thread-19116	6

time: 946691084.832832
diff: 23.167168021202087
waiting
going to web site
Hello world	Thread-19223	2

time: 946691108.841833
diff: 10.158167004585266
waiting
going to web site
Hello world	Thread-19273	3

time: 946691119.832833
diff: 11.167166948318481
waiting
going to web site
Hello world	Thread-19324	3

time: 946691131.832832
diff: 23.167168021202087
waiting
going to web site
Hello world	Thread-19439	2

time: 946691155.841833
diff: 27.158167004585266
waiting
going to web site
Hello world	Thread-19557	2

time: 946691183.832833
diff: 33.16716694831848
waiting
going to web site
Hello world	Thread-19712	5

time: 946691217.832832
diff: 6.167168021202087
waiting
going to web site
Hello world	Thread-19750	2

time: 946691224.841833
diff: 24.158167004585266
waiting
going to web site
Hello world	Thread-19866	3

time: 946691250.841833
diff: 12.158167004585266
waiting
going to web site
Hello world	Thread-19937	3

time: 946691264.841833
diff: 23.158167004585266
waiting
going to web site
Hello world	Thread-20045	3

time: 946691288.841833
diff: 26.158167004585266
waiting
going to web site
Hello world	Thread-20171	2

time: 946691315.841833
diff: 12.158167004585266
waiting
going to web site
Hello world	Thread-20236	2

time: 946691328.841833
diff: 21.158167004585266
waiting
going to web site
Hello world	Thread-20331	3

time: 946691350.841833
diff: 9.158167004585266
waiting
going to web site
Hello world	Thread-20376	2

time: 946691360.845833
diff: 27.15416705608368
waiting
going to web site
Hello world	Thread-20528	4

time: 946691388.832833
diff: 31.16716694831848
waiting
going to web site
Hello world	Thread-20682	5

time: 946691420.832832
diff: 11.167168021202087
waiting
going to web site
Hello world	Thread-20735	4

time: 946691432.832833
diff: 15.167166948318481
waiting
going to web site
Hello world	Thread-20811	4

time: 946691448.841833
diff: 25.158167004585266
waiting
going to web site
Hello world	Thread-20938	2

time: 946691475.841833
diff: 15.158167004585266
waiting
going to web site
Hello world	Thread-21013	3

time: 946691491.841833
diff: 26.158167004585266
waiting
going to web site
Hello world	Thread-21141	5

time: 946691518.832833
diff: 15.167166948318481
waiting
going to web site
Hello world	Thread-21216	4

time: 946691534.832832
diff: 37.16716802120209
waiting
going to web site
Hello world	Thread-21383	4

time: 946691572.544065
diff: 30.45593500137329
waiting
going to web site
Hello world	Thread-21530	4

time: 946691603.526065
diff: 12.473935008049011
waiting
going to web site
Hello world	Thread-21588	2

time: 946691616.5350649
diff: 33.464935064315796
waiting
going to web site
Hello world	Thread-21737	6

time: 946691650.536065
diff: 11.463935017585754
waiting
going to web site
Hello world	Thread-21791	4

time: 946691662.526065
diff: 23.47393500804901
waiting
going to web site
Hello world	Thread-21891	6

time: 946691686.544332
diff: 21.455667972564697
waiting
going to web site
Hello world	Thread-21994	7

time: 946691708.5350641
diff: 22.464935898780823
waiting
going to web site
Hello world	Thread-22100	5

time: 946691731.5350641
diff: 29.464935898780823
waiting
going to web site
Hello world	Thread-22222	7

time: 946691761.526064
diff: 17.473935961723328
waiting
going to web site
Hello world	Thread-22300	4

time: 946691779.5345191
diff: 18.46548092365265
waiting
going to web site
Hello world	Thread-22384	5

time: 946691798.5350641
diff: 27.464935898780823
waiting
going to web site
Hello world	Thread-22511	7

time: 946691826.5350641
diff: 12.464935898780823
waiting
going to web site
Hello world	Thread-22564	6

time: 946691839.5350641
diff: 21.464935898780823
waiting
going to web site
Hello world	Thread-22662	4

time: 946691861.5350641
diff: 25.464935898780823
waiting
going to web site
Hello world	Thread-22777	7

time: 946691887.530064
diff: 19.46993601322174
waiting
going to web site
Hello world	Thread-22864	5

time: 946691907.544129
diff: 28.455870985984802
waiting
going to web site
Hello world	Thread-22994	7

time: 946691936.5350641
diff: 15.464935898780823
waiting
going to web site
Hello world	Thread-23072	7

time: 946691952.5350649
diff: 30.464935064315796
waiting
going to web site
Hello world	Thread-23220	7

time: 946691983.5350649
diff: 4.464935064315796
waiting
going to web site
Hello world	Thread-23240	6

time: 946691988.5350649
diff: 28.464935064315796
waiting
going to web site
Hello world	Thread-23377	4

time: 946692017.528065
diff: 20.471935033798218
waiting
going to web site
Hello world	Thread-23477	6

time: 946692038.544065
diff: 8.455935001373291
waiting
going to web site
Hello world	Thread-23524	5

time: 946692047.544065
diff: 19.45593500137329
waiting
going to web site
Hello world	Thread-23617	6

time: 946692067.540065
diff: 26.459934949874878
waiting
going to web site
Hello world	Thread-23747	7

time: 946692094.526064
diff: 16.473935961723328
waiting
going to web site
Hello world	Thread-23823	6

time: 946692111.5350641
diff: 16.464935898780823
waiting
going to web site
Hello world	Thread-23911	7

time: 946692128.5350641
diff: 29.464935898780823
waiting
going to web site
Hello world	Thread-24046	7

time: 946692158.5350641
diff: 18.464935898780823
waiting
going to web site
Hello world	Thread-24131	4

time: 946692177.7205839
diff: 22.27941608428955
waiting
going to web site
Hello world	Thread-24236	6

time: 946692200.729585
diff: 33.27041494846344
waiting
going to web site
Hello world	Thread-24390	5

time: 946692234.721584
diff: 20.27841603755951
waiting
going to web site
Hello world	Thread-24490	4

time: 946692255.732325
diff: 16.267675042152405
waiting
going to web site
Hello world	Thread-24562	6

time: 946692272.729585
diff: 27.27041494846344
waiting
going to web site
Hello world	Thread-24697	3

time: 946692300.7205839
diff: 24.27941608428955
waiting
going to web site
Hello world	Thread-24803	7

time: 946692325.729585
diff: 29.27041494846344
waiting
going to web site
Hello world	Thread-24929	4

time: 946692355.7205839
diff: 29.27941608428955
waiting
going to web site
Hello world	Thread-25059	2

time: 946692385.7265849
diff: 7.2734150886535645
waiting
going to web site
Hello world	Thread-25093	4

time: 946692393.732325
diff: 17.267675042152405
waiting
going to web site
Hello world	Thread-25167	5

time: 946692411.729585
diff: 38.27041494846344
waiting
going to web site
Hello world	Thread-25331	3

time: 946692450.7205839
diff: 20.27941608428955
waiting
going to web site
Hello world	Thread-25421	4

time: 946692471.732585
diff: 19.267415046691895
waiting
going to web site
Hello world	Thread-25505	3

time: 946692491.732325
diff: 23.267675042152405
waiting
going to web site
Hello world	Thread-25609	4

time: 946692515.729585
diff: 16.27041494846344
waiting
going to web site
Hello world	Thread-25671	4

time: 946692532.7205839
diff: 35.27941608428955
waiting
going to web site
Hello world	Thread-25829	5

time: 946692568.732585
diff: 16.267415046691895
waiting
going to web site
Hello world	Thread-25905	2

time: 946692585.732325
diff: 29.267675042152405
waiting
going to web site
Hello world	Thread-26029	3

time: 946692615.741585
diff: 22.25841498374939
waiting
going to web site
Hello world	Thread-26125	3

time: 946692638.7205839
diff: 14.27941608428955
waiting
going to web site
Hello world	Thread-26183	4

time: 946692653.729585
diff: 14.27041494846344
waiting
going to web site
Hello world	Thread-26233	4

