time: 946686600.0
diff: 0.0
going to web site
Hello world	Thread-125	3

time: 946686727.828277
diff: -7.828276991844177
going to web site
Hello world	Thread-131	6

time: 946686728.419947
diff: 51.580052971839905
waiting
going to web site
Hello world	Thread-218	3

time: 946686787.590656
diff: 113.409343957901
waiting
going to web site
Hello world	Thread-348	5

time: 946686901.596398
diff: 59.40360200405121
waiting
going to web site
Hello world	Thread-464	7

time: 946686976.590656
diff: 104.409343957901
waiting
going to web site
Hello world	Thread-541	6

time: 946687081.580656
diff: 59.41934394836426
waiting
going to web site
Hello world	Thread-635	3

time: 946687148.590656
diff: 52.409343957901
waiting
going to web site
Hello world	Thread-649	7

time: 946687201.5916561
diff: 59.40834391117096
waiting
going to web site
Hello world	Thread-776	2

time: 946687276.590656
diff: 105.409343957901
waiting
going to web site
Hello world	Thread-895	6

time: 946687385.586657
diff: 116.41334295272827
waiting
going to web site
Hello world	Thread-1051	3

time: 946687509.590656
diff: 52.409343957901
waiting
going to web site
Hello world	Thread-1084	4

time: 946687563.580656
diff: 58.41934394836426
waiting
going to web site
Hello world	Thread-1191	2

time: 946687637.590656
diff: 104.409343957901
waiting
going to web site
Hello world	Thread-1269	5

time: 946687743.5916561
diff: 118.40834391117096
waiting
going to web site
Hello world	Thread-1542	5

time: 946687982.9659761
diff: -59.96597611904144
going to web site
Hello world	Thread-1547	8

time: 946687983.551962
diff: -0.5519620180130005
going to web site
Hello world	Thread-1558	2

time: 946687984.141618
diff: 118.85838198661804
waiting
going to web site
Hello world	Thread-1810	6

time: 946688223.982301
diff: -0.9823009967803955
going to web site
Hello world	Thread-1817	5

time: 946688224.569416
diff: 118.43058395385742
waiting
going to web site
Hello world	Thread-1976	2

