time: 946686600.0
diff: 0.0
going to web site
Hello world	Thread-50	4

time: 946686663.600518
diff: -3.600517988204956
going to web site
Hello world	Thread-55	3

time: 946686664.181174
diff: 55.8188259601593
waiting
going to web site
Hello world	Thread-156	3

time: 946686751.6005731
diff: 28.39942693710327
waiting
going to web site
Hello world	Thread-178	7

time: 946686781.580656
diff: 58.41934394836426
waiting
going to web site
Hello world	Thread-418	6

time: 946686961.8983451
diff: -0.8983451128005981
going to web site
Hello world	Thread-424	8

time: 946686962.497001
diff: 58.50299894809723
waiting
going to web site
Hello world	Thread-626	2

time: 946687144.904398
diff: -3.904397964477539
going to web site
Hello world	Thread-629	2

time: 946687145.4850541
diff: 115.51494586467743
waiting
going to web site
Hello world	Thread-827	4

time: 946687324.590656
diff: 56.409343957901
waiting
going to web site
Hello world	Thread-876	6

time: 946687382.5909201
diff: 58.409079909324646
waiting
going to web site
Hello world	Thread-991	3

time: 946687456.590656
diff: 45.409343957901
waiting
going to web site
Hello world	Thread-1028	2

time: 946687503.580656
diff: 118.41934394836426
waiting
going to web site
Hello world	Thread-1188	5

time: 946687637.590656
diff: 104.409343957901
waiting
going to web site
Hello world	Thread-1287	7

time: 946687745.580656
diff: 56.41934394836426
waiting
going to web site
Hello world	Thread-1471	4

time: 946687922.984514
diff: -60.984513998031616
going to web site
Hello world	Thread-1477	6

time: 946687923.5731701
diff: 58.42682993412018
waiting
going to web site
Hello world	Thread-1608	2

time: 946688013.590656
diff: 89.409343957901
waiting
going to web site
Hello world	Thread-1697	4

time: 946688104.580656
diff: 118.41934394836426
waiting
going to web site
Hello world	Thread-1959	4

time: 946688347.008716
diff: -4.008715987205505
going to web site
Hello world	Thread-1964	5

