time: 946686600.0
diff: 0.0
going to web site
Hello world	Thread-76	5

time: 946686720.895882
diff: -0.8958820104598999
going to web site
Hello world	Thread-79	8

time: 946686721.54979
diff: 118.45020997524261
waiting
going to web site
Hello world	Thread-164	6

time: 946686843.655909
diff: 56.344091057777405
waiting
going to web site
Hello world	Thread-176	7

time: 946686900.655909
diff: 120.3440910577774
waiting
going to web site
Hello world	Thread-257	6

time: 946687022.688364
diff: 118.31163597106934
waiting
going to web site
Hello world	Thread-307	11

time: 946687141.646908
diff: 59.35309195518494
waiting
going to web site
Hello world	Thread-358	7

time: 946687208.656908
diff: 52.34309196472168
waiting
going to web site
Hello world	Thread-376	5

time: 946687261.650908
diff: 119.34909200668335
waiting
going to web site
Hello world	Thread-445	5

time: 946687382.655909
diff: 118.3440910577774
waiting
going to web site
Hello world	Thread-504	6

time: 946687501.6559091
diff: 120.34409093856812
waiting
going to web site
Hello world	Thread-580	3

time: 946687623.667908
diff: 58.33209204673767
waiting
going to web site
Hello world	Thread-623	5

time: 946687689.656908
diff: 52.34309196472168
waiting
going to web site
Hello world	Thread-639	2

time: 946687742.646908
diff: 119.35309195518494
waiting
going to web site
Hello world	Thread-715	7

time: 946687865.656908
diff: 116.34309196472168
waiting
going to web site
Hello world	Thread-770	2

time: 946687982.666751
diff: 120.33324897289276
waiting
going to web site
Hello world	Thread-841	2

time: 946688103.658364
diff: 119.3416359424591
waiting
going to web site
Hello world	Thread-907	5

time: 946688224.658364
diff: 118.3416359424591
waiting
going to web site
Hello world	Thread-985	5

