time: 946686600.0
diff: 107.0
waiting
going to web site
Hello world	Thread-578	3

time: 946686708.03386
diff: -1.0338599681854248
going to web site
Hello world	Thread-593	2

time: 946686709.07672
diff: -2.0767199993133545
going to web site
Hello world	Thread-607	6

time: 946686710.11158
diff: -1.1115800142288208
going to web site
Hello world	Thread-619	3

time: 946686711.151326
diff: -2.1513259410858154
going to web site
Hello world	Thread-629	3

time: 946686712.1781859
diff: -1.1781859397888184
going to web site
Hello world	Thread-640	2

time: 946686713.214046
diff: -1.2140460014343262
going to web site
Hello world	Thread-649	4

time: 946686714.2479061
diff: -1.2479060888290405
going to web site
Hello world	Thread-657	4

time: 946686715.284247
diff: -1.2842470407485962
going to web site
Hello world	Thread-667	4

time: 946686716.3231069
diff: -1.3231068849563599
going to web site
Hello world	Thread-678	4

time: 946686717.356443
diff: 0.6435569524765015
waiting
going to web site
Hello world	Thread-690	3

time: 946686719.03986
diff: -0.03986001014709473
going to web site
Hello world	Thread-696	3

time: 946686720.06672
diff: -1.0667200088500977
going to web site
Hello world	Thread-702	3

time: 946686721.09358
diff: 0.9064199924468994
waiting
going to web site
Hello world	Thread-715	2

time: 946686723.037861
diff: -0.037860989570617676
going to web site
Hello world	Thread-118	2

time: 946686724.073693
diff: -0.07369303703308105
going to web site
Hello world	Thread-730	5

time: 946686725.109553
diff: 2.8904470205307007
waiting
going to web site
Hello world	Thread-759	3

time: 946686729.04959
diff: 5.950410008430481
waiting
going to web site
Hello world	Thread-143	2

time: 946686736.051373
diff: -0.05137300491333008
going to web site
Hello world	Thread-792	3

time: 946686737.0872331
diff: 5.912766933441162
waiting
going to web site
Hello world	Thread-841	2

time: 946686744.02986
diff: -0.02986001968383789
going to web site
Hello world	Thread-847	3

time: 946686745.06272
diff: 1.9372800588607788
waiting
going to web site
Hello world	Thread-857	2

time: 946686748.040847
diff: 1.9591530561447144
waiting
going to web site
Hello world	Thread-869	3

time: 946686751.038847
diff: 5.961153030395508
waiting
going to web site
Hello world	Thread-889	2

time: 946686758.0570439
diff: -0.05704391002655029
going to web site
Hello world	Thread-892	2

time: 946686759.092904
diff: 8.907096028327942
waiting
going to web site
Hello world	Thread-215	2

time: 946686769.049727
diff: 9.950273036956787
waiting
going to web site
Hello world	Thread-248	2

time: 946686780.045861
diff: 21.95413899421692
waiting
going to web site
Hello world	Thread-313	2

time: 946686803.02686
diff: 24.973140001296997
waiting
going to web site
Hello world	Thread-389	2

time: 946686829.0268611
diff: 1.9731389284133911
waiting
going to web site
Hello world	Thread-399	2

time: 946686832.02686
diff: 17.973140001296997
waiting
going to web site
Hello world	Thread-462	2

time: 946686851.035861
diff: 23.964138984680176
waiting
going to web site
Hello world	Thread-544	2

time: 946686876.02686
diff: 22.973140001296997
waiting
going to web site
Hello world	Thread-643	2

time: 946686900.041075
diff: 10.958925008773804
waiting
going to web site
Hello world	Thread-685	2

time: 946686912.05408
diff: 17.94591999053955
waiting
going to web site
Hello world	Thread-756	2

time: 946686931.034931
diff: 27.96506905555725
waiting
going to web site
Hello world	Thread-898	2

time: 946686960.038847
diff: 27.961153030395508
waiting
going to web site
Hello world	Thread-1024	2

time: 946686989.0268611
diff: 19.97313892841339
waiting
going to web site
Hello world	Thread-1123	2

time: 946687010.02686
diff: 34.973140001297
waiting
going to web site
Hello world	Thread-1295	2

time: 946687046.035861
diff: 6.964138984680176
waiting
going to web site
Hello world	Thread-1325	2

time: 946687054.043846
diff: 22.956153988838196
waiting
going to web site
Hello world	Thread-1436	2

time: 946687078.02686
diff: 23.973140001296997
waiting
going to web site
Hello world	Thread-1552	2

time: 946687103.035861
diff: 36.964138984680176
waiting
going to web site
Hello world	Thread-1710	2

time: 946687141.02686
diff: 15.973140001296997
waiting
going to web site
Hello world	Thread-1779	2

time: 946687158.038847
diff: 19.961153030395508
waiting
going to web site
Hello world	Thread-1858	2

time: 946687179.038847
diff: 27.961153030395508
waiting
going to web site
Hello world	Thread-1991	2

time: 946687209.038861
diff: 14.96113896369934
waiting
going to web site
Hello world	Thread-2066	3

time: 946687225.02686
diff: 25.973140001296997
waiting
going to web site
Hello world	Thread-2172	2

time: 946687252.0268611
diff: 33.97313892841339
waiting
going to web site
Hello world	Thread-2340	2

time: 946687287.02686
diff: 12.973140001296997
waiting
going to web site
Hello world	Thread-2396	2

time: 946687301.038847
diff: 16.961153030395508
waiting
going to web site
Hello world	Thread-2475	6

time: 946687318.5350649
diff: 14.464935064315796
waiting
going to web site
Hello world	Thread-2537	3

time: 946687333.5350649
diff: 25.464935064315796
waiting
going to web site
Hello world	Thread-2652	2

time: 946687359.526065
diff: 19.47393500804901
waiting
going to web site
Hello world	Thread-2742	7

time: 946687379.533065
diff: 19.46693503856659
waiting
going to web site
Hello world	Thread-2826	5

time: 946687399.539065
diff: 29.46093499660492
waiting
going to web site
Hello world	Thread-2959	5

time: 946687429.5350641
diff: 21.464935898780823
waiting
going to web site
Hello world	Thread-3052	5

time: 946687451.5350641
diff: 11.464935898780823
waiting
going to web site
Hello world	Thread-3106	7

time: 946687463.5350641
diff: 34.46493589878082
waiting
going to web site
Hello world	Thread-3257	6

time: 946687498.5350641
diff: 20.464935898780823
waiting
going to web site
Hello world	Thread-3346	6

time: 946687519.5350641
diff: 33.46493589878082
waiting
going to web site
Hello world	Thread-3498	5

time: 946687553.5330639
diff: 14.466936111450195
waiting
going to web site
Hello world	Thread-3559	5

time: 946687568.5350649
diff: 28.464935064315796
waiting
going to web site
Hello world	Thread-3685	6

time: 946687597.539065
diff: 15.46093499660492
waiting
going to web site
Hello world	Thread-3759	7

time: 946687613.5350641
diff: 30.464935898780823
waiting
going to web site
Hello world	Thread-3889	5

time: 946687644.5350641
diff: 27.464935898780823
waiting
going to web site
Hello world	Thread-4013	7

time: 946687672.5350641
diff: 9.464935898780823
waiting
going to web site
Hello world	Thread-4058	4

time: 946687682.5350641
diff: 21.464935898780823
waiting
going to web site
Hello world	Thread-4160	3

time: 946687704.526064
diff: 26.473935961723328
waiting
going to web site
Hello world	Thread-4281	5

time: 946687731.532064
diff: 13.467936038970947
waiting
going to web site
Hello world	Thread-4336	6

time: 946687745.542065
diff: 24.457934975624084
waiting
going to web site
Hello world	Thread-4446	7

time: 946687770.5350641
diff: 23.464935898780823
waiting
going to web site
Hello world	Thread-4559	4

time: 946687794.5350641
diff: 6.464935898780823
waiting
going to web site
Hello world	Thread-4588	7

time: 946687801.5350641
diff: 23.464935898780823
waiting
going to web site
Hello world	Thread-4698	6

time: 946687825.5350641
diff: 29.464935898780823
waiting
going to web site
Hello world	Thread-4832	5

time: 946687855.5350641
diff: 25.464935898780823
waiting
going to web site
Hello world	Thread-4951	7

time: 946687881.5350641
diff: 23.464935898780823
waiting
going to web site
Hello world	Thread-5063	4

time: 946687905.5350641
diff: 16.464935898780823
waiting
going to web site
Hello world	Thread-5138	7

time: 946687922.5350641
diff: 24.464935898780823
waiting
going to web site
Hello world	Thread-5258	7

time: 946687947.526064
diff: 32.47393596172333
waiting
going to web site
Hello world	Thread-5417	7

time: 946687980.5350641
diff: 11.464935898780823
waiting
going to web site
Hello world	Thread-5469	7

time: 946687992.5270641
diff: 25.472935914993286
waiting
going to web site
Hello world	Thread-5592	3

time: 946688018.526064
diff: 9.473935961723328
waiting
going to web site
Hello world	Thread-5628	5

time: 946688028.531675
diff: 17.46832501888275
waiting
going to web site
Hello world	Thread-5708	7

time: 946688046.539065
diff: 29.46093499660492
waiting
going to web site
Hello world	Thread-5847	7

time: 946688076.5350641
diff: 26.464935898780823
waiting
going to web site
Hello world	Thread-5960	7

time: 946688103.5350641
diff: 24.464935898780823
waiting
going to web site
Hello world	Thread-6075	6

time: 946688128.5350641
diff: 9.464935898780823
waiting
going to web site
Hello world	Thread-6116	6

time: 946688138.535417
diff: 29.464583039283752
waiting
going to web site
Hello world	Thread-6245	6

time: 946688168.5350649
diff: 28.464935064315796
waiting
going to web site
Hello world	Thread-6371	3

time: 946688197.5350649
diff: 11.464935064315796
waiting
going to web site
Hello world	Thread-6422	6

time: 946688209.535571
diff: 34.46442902088165
waiting
going to web site
Hello world	Thread-6574	7

time: 946688244.533065
diff: 20.46693503856659
waiting
going to web site
Hello world	Thread-6673	3

time: 946688265.5350649
diff: 24.464935064315796
waiting
going to web site
Hello world	Thread-6778	7

time: 946688290.526065
diff: 30.47393500804901
waiting
going to web site
Hello world	Thread-6917	7

time: 946688321.540065
diff: 11.459934949874878
waiting
going to web site
Hello world	Thread-6971	7

time: 946688333.5350641
diff: 26.464935898780823
waiting
going to web site
Hello world	Thread-7085	7

time: 946688360.534841
diff: 22.465159058570862
waiting
going to web site
Hello world	Thread-7192	4

time: 946688383.5350649
diff: 10.464935064315796
waiting
going to web site
Hello world	Thread-7238	6

time: 946688394.5350649
diff: 17.464935064315796
waiting
going to web site
Hello world	Thread-7319	5

time: 946688412.544065
diff: 23.45593500137329
waiting
going to web site
Hello world	Thread-7424	5

time: 946688436.5350649
diff: 29.464935064315796
waiting
going to web site
Hello world	Thread-7556	6

time: 946688466.534064
diff: 7.465935945510864
waiting
going to web site
Hello world	Thread-7597	3

time: 946688474.526064
diff: 25.473935961723328
waiting
going to web site
Hello world	Thread-7713	7

time: 946688500.5350641
diff: 16.464935898780823
waiting
going to web site
Hello world	Thread-7787	5

time: 946688517.5350641
diff: 31.464935898780823
waiting
going to web site
Hello world	Thread-7919	7

time: 946688549.5350641
diff: 22.464935898780823
waiting
going to web site
Hello world	Thread-8027	5

time: 946688572.5350641
diff: 31.464935898780823
waiting
going to web site
Hello world	Thread-8164	7

time: 946688604.5350641
diff: 28.464935898780823
waiting
going to web site
Hello world	Thread-8290	6

time: 946688633.5290639
diff: 25.470936059951782
waiting
going to web site
Hello world	Thread-8402	7

time: 946688659.5370649
diff: 27.462935090065002
waiting
going to web site
Hello world	Thread-8516	7

time: 946688687.539448
diff: 15.460551977157593
waiting
going to web site
Hello world	Thread-8579	5

time: 946688703.526064
diff: 34.47393596172333
waiting
going to web site
Hello world	Thread-8723	5

time: 946688738.526064
diff: 14.473935961723328
waiting
going to web site
Hello world	Thread-8785	7

time: 946688753.5350641
diff: 27.464935898780823
waiting
going to web site
Hello world	Thread-8889	6

time: 946688781.5350641
diff: 13.464935898780823
waiting
going to web site
Hello world	Thread-8939	6

time: 946688795.5350641
diff: 29.464935898780823
waiting
going to web site
Hello world	Thread-9063	7

time: 946688825.5350641
diff: 21.464935898780823
waiting
going to web site
Hello world	Thread-9164	6

time: 946688847.5350641
diff: 35.46493589878082
waiting
going to web site
Hello world	Thread-9309	7

time: 946688883.526064
diff: 10.473935961723328
waiting
going to web site
Hello world	Thread-9368	7

time: 946688894.526064
diff: 22.473935961723328
waiting
going to web site
Hello world	Thread-9460	7

time: 946688917.540064
diff: 14.459936022758484
waiting
going to web site
Hello world	Thread-9530	6

time: 946688932.544065
diff: 35.45593500137329
waiting
going to web site
Hello world	Thread-9688	6

time: 946688968.544065
diff: 24.45593500137329
waiting
going to web site
Hello world	Thread-9806	4

time: 946688993.5350649
diff: 5.464935064315796
waiting
going to web site
Hello world	Thread-9831	4

time: 946688999.544065
diff: 24.45593500137329
waiting
going to web site
Hello world	Thread-9949	6

time: 946689024.5350649
diff: 18.464935064315796
waiting
going to web site
Hello world	Thread-10035	7

time: 946689043.5300651
diff: 18.469934940338135
waiting
going to web site
Hello world	Thread-10116	8

time: 946689062.5294169
diff: 21.470583081245422
waiting
going to web site
Hello world	Thread-10231	6

time: 946689084.544065
diff: 21.45593500137329
waiting
going to web site
Hello world	Thread-10323	5

time: 946689106.541065
diff: 7.458935022354126
waiting
going to web site
Hello world	Thread-10362	6

time: 946689114.526065
diff: 33.47393500804901
waiting
going to web site
Hello world	Thread-10528	5

time: 946689148.544065
diff: 22.45593500137329
waiting
going to web site
Hello world	Thread-10635	2

time: 946689171.839713
diff: 20.160287022590637
waiting
going to web site
Hello world	Thread-10741	3

time: 946689192.836713
diff: 18.163287043571472
waiting
going to web site
Hello world	Thread-10835	3

time: 946689212.845713
diff: 28.154286980628967
waiting
going to web site
Hello world	Thread-10969	5

time: 946689241.8367119
diff: 15.163288116455078
waiting
going to web site
Hello world	Thread-11050	5

time: 946689257.836713
diff: 25.163287043571472
waiting
going to web site
Hello world	Thread-11171	4

time: 946689283.836713
diff: 12.163287043571472
waiting
going to web site
Hello world	Thread-11238	2

time: 946689296.836713
diff: 14.163287043571472
waiting
going to web site
Hello world	Thread-11307	3

time: 946689311.845713
diff: 18.154286980628967
waiting
going to web site
Hello world	Thread-11394	2

time: 946689330.845712
diff: 35.15428805351257
waiting
going to web site
Hello world	Thread-11559	3

time: 946689366.839713
diff: 14.160287022590637
waiting
going to web site
Hello world	Thread-11633	3

time: 946689381.836713
diff: 20.163287043571472
waiting
going to web site
Hello world	Thread-11733	5

time: 946689402.836713
diff: 25.163287043571472
waiting
going to web site
Hello world	Thread-11850	3

time: 946689428.8400359
diff: 20.159964084625244
waiting
going to web site
Hello world	Thread-11937	4

time: 946689449.836713
diff: 10.163287043571472
waiting
going to web site
Hello world	Thread-11991	4

time: 946689460.845271
diff: 21.15472900867462
waiting
going to web site
Hello world	Thread-12100	4

time: 946689482.836713
diff: 34.16328704357147
waiting
going to web site
Hello world	Thread-12248	5

time: 946689517.836713
diff: 29.163287043571472
waiting
going to web site
Hello world	Thread-12391	2

time: 946689547.836713
diff: 17.163287043571472
waiting
going to web site
Hello world	Thread-12476	4

time: 946689565.836713
diff: 35.16328704357147
waiting
going to web site
Hello world	Thread-12635	2

time: 946689601.836713
diff: 10.163287043571472
waiting
going to web site
Hello world	Thread-12679	2

time: 946689612.836713
diff: 19.163287043571472
waiting
going to web site
Hello world	Thread-12773	4

time: 946689632.836713
diff: 5.163287043571472
waiting
going to web site
Hello world	Thread-12802	2

time: 946689638.836713
diff: 26.163287043571472
waiting
going to web site
Hello world	Thread-12930	2

time: 946689665.836713
diff: 35.16328704357147
waiting
going to web site
Hello world	Thread-13099	3

time: 946689701.843713
diff: 13.15628695487976
waiting
going to web site
Hello world	Thread-13161	4

time: 946689715.839712
diff: 23.160287976264954
waiting
going to web site
Hello world	Thread-13263	5

time: 946689739.8367119
diff: 10.163288116455078
waiting
going to web site
Hello world	Thread-13323	2

time: 946689750.836713
diff: 26.163287043571472
waiting
going to web site
Hello world	Thread-13438	3

time: 946689777.859037
diff: 5.1409629583358765
waiting
going to web site
Hello world	Thread-13465	2

time: 946689783.860035
diff: 29.139965057373047
waiting
going to web site
Hello world	Thread-13607	2

time: 946689813.859037
diff: 33.14096295833588
waiting
going to web site
Hello world	Thread-13768	2

time: 946689847.855036
diff: 20.14496397972107
waiting
going to web site
Hello world	Thread-13866	6

time: 946689868.849036
diff: 20.15096402168274
waiting
going to web site
Hello world	Thread-13961	2

time: 946689889.8630371
diff: 17.136962890625
waiting
going to web site
Hello world	Thread-14045	2

time: 946689907.850036
diff: 22.149963974952698
waiting
going to web site
Hello world	Thread-14140	2

time: 946689930.850935
diff: 27.149065017700195
waiting
going to web site
Hello world	Thread-14265	2

time: 946689958.859037
diff: 27.140962958335876
waiting
going to web site
Hello world	Thread-14388	4

time: 946689987.849036
diff: 21.15096402168274
waiting
going to web site
Hello world	Thread-14488	2

time: 946690009.859037
diff: 25.140962958335876
waiting
going to web site
Hello world	Thread-14590	6

time: 946690035.849036
diff: 21.15096402168274
waiting
going to web site
Hello world	Thread-14694	2

time: 946690058.859037
diff: 19.140962958335876
waiting
going to web site
Hello world	Thread-14767	2

time: 946690078.851516
diff: 14.148483991622925
waiting
going to web site
Hello world	Thread-14840	6

time: 946690093.849036
diff: 21.15096402168274
waiting
going to web site
Hello world	Thread-14934	2

time: 946690115.8550371
diff: 31.144962906837463
waiting
going to web site
Hello world	Thread-15068	2

time: 946690147.850935
diff: 25.149065017700195
waiting
going to web site
Hello world	Thread-15177	2

time: 946690173.8655499
diff: 13.134450078010559
waiting
going to web site
Hello world	Thread-15236	3

time: 946690187.859037
diff: 34.14096295833588
waiting
going to web site
Hello world	Thread-15385	3

time: 946690222.850935
diff: 17.149065017700195
waiting
going to web site
Hello world	Thread-15473	2

time: 946690240.859037
diff: 20.140962958335876
waiting
going to web site
Hello world	Thread-15559	4

time: 946690261.849036
diff: 24.15096402168274
waiting
going to web site
Hello world	Thread-15689	2

time: 946690289.859037
diff: 20.140962958335876
waiting
going to web site
Hello world	Thread-15773	2

time: 946690310.850935
diff: 24.149065017700195
waiting
going to web site
Hello world	Thread-15882	3

time: 946690335.859037
diff: 12.140962958335876
waiting
going to web site
Hello world	Thread-15936	3

time: 946690348.849036
diff: 23.15096402168274
waiting
going to web site
Hello world	Thread-16039	4

time: 946690372.854037
diff: 25.145962953567505
waiting
going to web site
Hello world	Thread-16148	7

time: 946690398.5350641
diff: 26.464935898780823
waiting
going to web site
Hello world	Thread-16266	6

time: 946690425.5350641
diff: 19.464935898780823
waiting
going to web site
Hello world	Thread-16359	6

time: 946690445.5350641
diff: 29.464935898780823
waiting
going to web site
Hello world	Thread-16487	4

time: 946690475.526064
diff: 21.473935961723328
waiting
going to web site
Hello world	Thread-16589	7

time: 946690497.530064
diff: 16.46993601322174
waiting
going to web site
Hello world	Thread-16660	4

time: 946690514.5350649
diff: 16.464935064315796
waiting
going to web site
Hello world	Thread-16730	5

time: 946690531.544065
diff: 31.45593500137329
waiting
going to web site
Hello world	Thread-16874	6

time: 946690563.526065
diff: 20.47393500804901
waiting
going to web site
Hello world	Thread-16966	2

time: 946690584.5350649
diff: 12.464935064315796
waiting
going to web site
Hello world	Thread-17021	6

time: 946690597.542065
diff: 24.457934975624084
waiting
going to web site
Hello world	Thread-17125	4

time: 946690622.53336
diff: 32.46663999557495
waiting
going to web site
Hello world	Thread-17260	6

time: 946690655.5350641
diff: 22.464935898780823
waiting
going to web site
Hello world	Thread-17359	8

time: 946690678.5350641
diff: 21.464935898780823
waiting
going to web site
Hello world	Thread-17461	7

time: 946690700.5350641
diff: 34.46493589878082
waiting
going to web site
Hello world	Thread-17614	7

time: 946690735.5294169
diff: 6.470583081245422
waiting
going to web site
Hello world	Thread-17642	4

time: 946690742.526065
diff: 26.47393500804901
waiting
going to web site
Hello world	Thread-17761	6

time: 946690769.536065
diff: 19.463935017585754
waiting
going to web site
Hello world	Thread-17849	6

time: 946690789.526065
diff: 22.47393500804901
waiting
going to web site
Hello world	Thread-17949	3

time: 946690812.544065
diff: 37.45593500137329
waiting
going to web site
Hello world	Thread-18101	4

time: 946690850.533065
diff: 9.46693503856659
waiting
going to web site
Hello world	Thread-18140	6

time: 946690860.535097
diff: 26.464902997016907
waiting
going to web site
Hello world	Thread-18260	7

time: 946690887.5350641
diff: 20.464935898780823
waiting
going to web site
Hello world	Thread-18351	7

time: 946690908.5350641
diff: 19.464935898780823
waiting
going to web site
Hello world	Thread-18430	6

time: 946690928.5350641
diff: 34.46493589878082
waiting
going to web site
Hello world	Thread-18586	5

time: 946690963.5350641
diff: 18.464935898780823
waiting
going to web site
Hello world	Thread-18663	6

time: 946690982.526064
diff: 12.473935961723328
waiting
going to web site
Hello world	Thread-18724	3

time: 946690995.5350641
diff: 32.46493589878082
waiting
going to web site
Hello world	Thread-18870	4

time: 946691028.832832
diff: 27.167168021202087
waiting
going to web site
Hello world	Thread-18998	3

time: 946691056.842833
diff: 15.157166957855225
waiting
going to web site
Hello world	Thread-19059	5

time: 946691072.832832
diff: 25.167168021202087
waiting
going to web site
Hello world	Thread-19180	3

time: 946691098.842833
diff: 22.157166957855225
waiting
going to web site
Hello world	Thread-19283	2

time: 946691121.844832
diff: 15.155168056488037
waiting
going to web site
Hello world	Thread-19357	3

time: 946691137.841833
diff: 28.158167004585266
waiting
going to web site
Hello world	Thread-19482	2

time: 946691166.841833
diff: 15.158167004585266
waiting
going to web site
Hello world	Thread-19552	4

time: 946691182.841833
diff: 6.158167004585266
waiting
going to web site
Hello world	Thread-19584	3

time: 946691189.841833
diff: 33.158167004585266
waiting
going to web site
Hello world	Thread-19746	3

time: 946691223.841833
diff: 26.158167004585266
waiting
going to web site
Hello world	Thread-19884	4

time: 946691253.841833
diff: 14.158167004585266
waiting
going to web site
Hello world	Thread-19957	5

time: 946691268.841833
diff: 31.158167004585266
waiting
going to web site
Hello world	Thread-20094	2

time: 946691300.841833
diff: 4.158167004585266
waiting
going to web site
Hello world	Thread-20117	3

time: 946691305.832833
diff: 21.16716694831848
waiting
going to web site
Hello world	Thread-20228	4

time: 946691327.832832
diff: 23.167168021202087
waiting
going to web site
Hello world	Thread-20342	4

time: 946691352.841833
diff: 10.158167004585266
waiting
going to web site
Hello world	Thread-20476	2

time: 946691378.845833
diff: 14.15416705608368
waiting
going to web site
Hello world	Thread-20555	5

time: 946691393.832833
diff: 12.167166948318481
waiting
going to web site
Hello world	Thread-20615	2

time: 946691406.832832
diff: 33.16716802120209
waiting
going to web site
Hello world	Thread-20779	4

time: 946691441.841833
diff: 20.158167004585266
waiting
going to web site
Hello world	Thread-20885	3

time: 946691462.841833
diff: 6.158167004585266
waiting
going to web site
Hello world	Thread-20912	3

time: 946691469.841833
diff: 17.158167004585266
waiting
going to web site
Hello world	Thread-21002	2

time: 946691487.841833
diff: 28.158167004585266
waiting
going to web site
Hello world	Thread-21128	4

time: 946691516.841833
diff: 11.158167004585266
waiting
going to web site
Hello world	Thread-21191	2

time: 946691528.841833
diff: 33.158167004585266
waiting
going to web site
Hello world	Thread-21344	7

time: 946691562.838833
diff: 23.1611670255661
waiting
going to web site
Hello world	Thread-21453	3

time: 946691586.841833
diff: 20.158167004585266
waiting
going to web site
Hello world	Thread-21548	2

time: 946691607.841833
diff: 27.158167004585266
waiting
going to web site
Hello world	Thread-21675	3

time: 946691635.841833
diff: 14.158167004585266
waiting
going to web site
Hello world	Thread-21744	3

time: 946691651.851833
diff: 34.14816701412201
waiting
going to web site
Hello world	Thread-21895	3

time: 946691686.8421
diff: 23.157899975776672
waiting
going to web site
Hello world	Thread-22006	6

time: 946691710.832832
diff: 15.167168021202087
waiting
going to web site
Hello world	Thread-22077	4

time: 946691726.832833
diff: 17.16716694831848
waiting
going to web site
Hello world	Thread-22150	4

time: 946691744.832832
diff: 28.167168021202087
waiting
going to web site
Hello world	Thread-22284	3

time: 946691774.841833
diff: 17.158167004585266
waiting
going to web site
Hello world	Thread-22360	4

time: 946691792.832833
diff: 17.16716694831848
waiting
going to web site
Hello world	Thread-22442	5

time: 946691810.836832
diff: 30.16316795349121
waiting
going to web site
Hello world	Thread-22573	4

time: 946691841.832832
diff: 22.167168021202087
waiting
going to web site
Hello world	Thread-22675	2

time: 946691864.841833
diff: 20.158167004585266
waiting
going to web site
Hello world	Thread-22772	3

time: 946691885.832833
diff: 9.167166948318481
waiting
going to web site
Hello world	Thread-22815	6

time: 946691895.832832
diff: 31.167168021202087
waiting
going to web site
Hello world	Thread-22956	3

time: 946691927.832833
diff: 23.16716694831848
waiting
going to web site
Hello world	Thread-23067	6

time: 946691951.8338319
diff: 23.166168093681335
waiting
going to web site
Hello world	Thread-23185	2

time: 946691975.841833
diff: 8.158167004585266
waiting
going to web site
Hello world	Thread-23225	6

time: 946691984.832833
diff: 39.16716694831848
waiting
going to web site
Hello world	Thread-23409	5

time: 946692024.832832
diff: 14.167168021202087
waiting
going to web site
Hello world	Thread-23500	2

time: 946692042.842833
diff: -0.8428330421447754
going to web site
Hello world	Thread-23501	5

time: 946692043.675665
diff: 38.32433497905731
waiting
going to web site
Hello world	Thread-23688	5

time: 946692082.832832
diff: -0.8328319787979126
going to web site
Hello world	Thread-23692	6

time: 946692083.665664
diff: 31.334336042404175
waiting
going to web site
Hello world	Thread-23850	4

time: 946692115.841833
diff: 2.158167004585266
waiting
going to web site
Hello world	Thread-23869	2

time: 946692118.843833
diff: 18.156167030334473
waiting
going to web site
Hello world	Thread-23951	4

time: 946692137.832833
diff: 24.16716694831848
waiting
going to web site
Hello world	Thread-24066	5

time: 946692162.832832
diff: 35.16716802120209
waiting
going to web site
Hello world	Thread-24227	4

time: 946692198.841833
diff: 19.158167004585266
waiting
going to web site
Hello world	Thread-24326	5

time: 946692218.841833
diff: 25.158167004585266
waiting
going to web site
Hello world	Thread-24448	4

time: 946692245.841833
diff: 22.158167004585266
waiting
going to web site
Hello world	Thread-24557	2

time: 946692269.842833
diff: 34.157166957855225
waiting
going to web site
Hello world	Thread-24716	3

time: 946692304.832832
diff: 5.167168021202087
waiting
going to web site
Hello world	Thread-24738	3

time: 946692310.832833
diff: 26.16716694831848
waiting
going to web site
Hello world	Thread-24857	4

time: 946692337.832832
diff: 28.167168021202087
waiting
going to web site
Hello world	Thread-24976	2

time: 946692366.841833
diff: 22.158167004585266
waiting
going to web site
Hello world	Thread-25079	2

time: 946692390.841833
diff: 35.158167004585266
waiting
going to web site
Hello world	Thread-25235	3

time: 946692426.845833
diff: 15.15416705608368
waiting
going to web site
Hello world	Thread-25300	2

time: 946692442.841833
diff: 14.158167004585266
waiting
going to web site
Hello world	Thread-25363	2

time: 946692457.841833
diff: 34.158167004585266
waiting
going to web site
Hello world	Thread-25509	3

time: 946692492.845833
diff: 20.15416705608368
waiting
going to web site
Hello world	Thread-25603	2

time: 946692513.841833
diff: 9.158167004585266
waiting
going to web site
Hello world	Thread-25639	2

time: 946692523.841833
diff: 21.158167004585266
waiting
going to web site
Hello world	Thread-25729	2

time: 946692545.841833
diff: 21.158167004585266
waiting
going to web site
Hello world	Thread-25839	2

time: 946692570.846833
diff: 23.153167009353638
waiting
going to web site
Hello world	Thread-25943	4

time: 946692594.832833
diff: 27.16716694831848
waiting
going to web site
Hello world	Thread-26065	2

time: 946692622.851481
diff: 24.148519039154053
waiting
going to web site
Hello world	Thread-26166	2

time: 946692648.841833
diff: 25.158167004585266
waiting
going to web site
Hello world	Thread-26260	2

time: 946692674.841833
diff: 18.158167004585266
waiting
going to web site
Hello world	Thread-26328	2

time: 946692693.851832
diff: 23.148167967796326
waiting
going to web site
Hello world	Thread-26401	3

