time: 946686600.0
diff: 330.0
waiting
going to web site
Hello world	Thread-763	2

time: 946686932.03386
diff: -1.0338599681854248
going to web site
Hello world	Thread-1743	4

time: 946686933.070503
diff: 0.9294970035552979
waiting
going to web site
Hello world	Thread-1757	3

time: 946686935.038847
diff: 5.961153030395508
waiting
going to web site
Hello world	Thread-1799	3

time: 946686942.047861
diff: -1.0478609800338745
going to web site
Hello world	Thread-1805	2

time: 946686943.074721
diff: -1.0747209787368774
going to web site
Hello world	Thread-1807	2

time: 946686944.1015811
diff: -2.10158109664917
going to web site
Hello world	Thread-1811	2

time: 946686945.128441
diff: -2.1284409761428833
going to web site
Hello world	Thread-1815	3

time: 946686946.155301
diff: -2.1553009748458862
going to web site
Hello world	Thread-1820	2

time: 946686947.182161
diff: -3.182160973548889
going to web site
Hello world	Thread-1826	2

time: 946686948.213021
diff: -3.2130210399627686
going to web site
Hello world	Thread-1829	2

time: 946686949.2398809
diff: -4.239880919456482
going to web site
Hello world	Thread-1831	2

time: 946686950.283196
diff: -3.283195972442627
going to web site
Hello world	Thread-1835	2

time: 946686951.310056
diff: -3.31005597114563
going to web site
Hello world	Thread-857	2

time: 946686952.345916
diff: -1.3459160327911377
going to web site
Hello world	Thread-1844	2

time: 946686953.382776
diff: -0.38277602195739746
going to web site
Hello world	Thread-1846	2

time: 946686954.4144299
diff: -0.4144299030303955
going to web site
Hello world	Thread-1849	2

time: 946686955.44829
diff: 2.55171000957489
waiting
going to web site
Hello world	Thread-1858	2

time: 946686959.0438471
diff: -1.0438470840454102
going to web site
Hello world	Thread-1860	2

time: 946686960.070707
diff: -1.0707069635391235
going to web site
Hello world	Thread-1861	2

time: 946686961.097567
diff: -2.0975669622421265
going to web site
Hello world	Thread-1862	2

time: 946686962.124427
diff: 0.8755730390548706
waiting
going to web site
Hello world	Thread-1870	2

time: 946686964.040847
diff: 4.959153056144714
waiting
going to web site
Hello world	Thread-938	2

time: 946686970.038861
diff: 9.96113896369934
waiting
going to web site
Hello world	Thread-1921	2

time: 946686981.0289259
diff: 10.971074104309082
waiting
going to web site
Hello world	Thread-1938	3

time: 946686993.028861
diff: -0.028861045837402344
going to web site
Hello world	Thread-1941	2

time: 946686994.0557209
diff: -0.05572092533111572
going to web site
Hello world	Thread-1061	2

time: 946686995.086581
diff: 9.913419008255005
waiting
going to web site
Hello world	Thread-1108	2

time: 946687006.030861
diff: 22.969138979911804
waiting
going to web site
Hello world	Thread-1218	2

time: 946687030.02986
diff: 14.970139980316162
waiting
going to web site
Hello world	Thread-1294	3

time: 946687046.02686
diff: 7.973140001296997
waiting
going to web site
Hello world	Thread-1332	2

time: 946687055.0428469
diff: 26.95715308189392
waiting
going to web site
Hello world	Thread-1464	2

time: 946687084.046495
diff: 8.953505039215088
waiting
going to web site
Hello world	Thread-1508	3

time: 946687094.038847
diff: 23.961153030395508
waiting
going to web site
Hello world	Thread-1615	2

time: 946687119.038847
diff: 24.961153030395508
waiting
going to web site
Hello world	Thread-1724	2

time: 946687145.0268611
diff: 22.97313892841339
waiting
going to web site
Hello world	Thread-1829	2

time: 946687169.02686
diff: 36.973140001297
waiting
going to web site
Hello world	Thread-1978	2

time: 946687207.038861
diff: 16.96113896369934
waiting
going to web site
Hello world	Thread-2065	4

time: 946687225.02686
diff: 28.973140001296997
waiting
going to web site
Hello world	Thread-2189	4

time: 946687255.048494
diff: 5.951506018638611
waiting
going to web site
Hello world	Thread-2219	2

time: 946687262.036052
diff: 23.963948011398315
waiting
going to web site
Hello world	Thread-2344	2

time: 946687288.0430009
diff: 26.95699906349182
waiting
going to web site
Hello world	Thread-2464	2

time: 946687316.035861
diff: 27.964138984680176
waiting
going to web site
Hello world	Thread-2585	2

time: 946687345.02986
diff: 18.970139980316162
waiting
going to web site
Hello world	Thread-2672	2

time: 946687365.02686
diff: 8.973140001296997
waiting
going to web site
Hello world	Thread-2720	3

time: 946687375.038861
diff: 38.96113896369934
waiting
going to web site
Hello world	Thread-2899	2

time: 946687415.02686
diff: 25.973140001296997
waiting
going to web site
Hello world	Thread-3007	2

time: 946687442.035861
diff: 22.964138984680176
waiting
going to web site
Hello world	Thread-3122	2

time: 946687466.02686
diff: 21.973140001296997
waiting
going to web site
Hello world	Thread-3225	3

time: 946687490.035861
diff: 15.964138984680176
waiting
going to web site
Hello world	Thread-3295	2

time: 946687507.0388601
diff: 12.961139917373657
waiting
going to web site
Hello world	Thread-3357	2

time: 946687521.02686
diff: 17.973140001296997
waiting
going to web site
Hello world	Thread-3437	6

time: 946687539.803193
diff: 32.1968070268631
waiting
going to web site
Hello world	Thread-3581	6

time: 946687572.7971929
diff: 11.202807068824768
waiting
going to web site
Hello world	Thread-3637	4

time: 946687584.7971929
diff: 26.202807068824768
waiting
going to web site
Hello world	Thread-3754	5

time: 946687611.806193
diff: 22.193807005882263
waiting
going to web site
Hello world	Thread-3852	7

time: 946687634.7971929
diff: 18.202807068824768
waiting
going to web site
Hello world	Thread-3937	4

time: 946687654.806193
diff: 21.193807005882263
waiting
going to web site
Hello world	Thread-4033	5

time: 946687676.7971929
diff: 36.20280706882477
waiting
going to web site
Hello world	Thread-4197	4

time: 946687713.8031449
diff: 7.196855068206787
waiting
going to web site
Hello world	Thread-4234	4

time: 946687721.802193
diff: 39.19780695438385
waiting
going to web site
Hello world	Thread-4405	6

time: 946687761.802192
diff: 10.197808027267456
waiting
going to web site
Hello world	Thread-4460	4

time: 946687772.8031449
diff: 23.196855068206787
waiting
going to web site
Hello world	Thread-4568	6

time: 946687796.7971929
diff: 25.202807068824768
waiting
going to web site
Hello world	Thread-4683	5

time: 946687822.802193
diff: 26.19780695438385
waiting
going to web site
Hello world	Thread-4810	4

time: 946687849.797192
diff: 19.202808022499084
waiting
going to web site
Hello world	Thread-4896	5

time: 946687869.7971929
diff: 23.202807068824768
waiting
going to web site
Hello world	Thread-5001	5

time: 946687893.802193
diff: 24.19780695438385
waiting
going to web site
Hello world	Thread-5118	6

time: 946687918.806192
diff: 16.19380795955658
waiting
going to web site
Hello world	Thread-5200	4

time: 946687935.811192
diff: 16.18880796432495
waiting
going to web site
Hello world	Thread-5287	6

time: 946687952.797192
diff: 23.202808022499084
waiting
going to web site
Hello world	Thread-5401	4

time: 946687976.7971929
diff: 26.202807068824768
waiting
going to web site
Hello world	Thread-5517	4

time: 946688003.7971929
diff: 14.202807068824768
waiting
going to web site
Hello world	Thread-5593	2

time: 946688018.802193
diff: 21.19780695438385
waiting
going to web site
Hello world	Thread-5689	5

time: 946688040.797192
diff: 20.202808022499084
waiting
going to web site
Hello world	Thread-5779	4

time: 946688061.7971929
diff: 25.202807068824768
waiting
going to web site
Hello world	Thread-5903	3

time: 946688087.8031449
diff: 24.196855068206787
waiting
going to web site
Hello world	Thread-6012	3

time: 946688112.802193
diff: 12.19780695438385
waiting
going to web site
Hello world	Thread-6065	4

time: 946688125.806192
diff: 37.19380795955658
waiting
going to web site
Hello world	Thread-6218	7

time: 946688163.832832
diff: 22.167168021202087
waiting
going to web site
Hello world	Thread-6326	3

time: 946688186.841833
diff: 15.158167004585266
waiting
going to web site
Hello world	Thread-6400	3

time: 946688203.841833
diff: 13.158167004585266
waiting
going to web site
Hello world	Thread-6474	4

time: 946688220.841833
diff: 13.158167004585266
waiting
going to web site
Hello world	Thread-6535	2

time: 946688234.845833
diff: 12.15416705608368
waiting
going to web site
Hello world	Thread-6594	4

time: 946688247.841833
diff: 32.158167004585266
waiting
going to web site
Hello world	Thread-6737	2

time: 946688280.860833
diff: 17.139166951179504
waiting
going to web site
Hello world	Thread-6812	5

time: 946688298.832832
diff: 29.167168021202087
waiting
going to web site
Hello world	Thread-6949	3

time: 946688328.841833
diff: 22.158167004585266
waiting
going to web site
Hello world	Thread-7048	4

time: 946688351.841833
diff: 12.158167004585266
waiting
going to web site
Hello world	Thread-7103	3

time: 946688364.841833
diff: 34.158167004585266
waiting
going to web site
Hello world	Thread-7262	4

time: 946688399.841833
diff: 23.158167004585266
waiting
going to web site
Hello world	Thread-7370	3

time: 946688423.841833
diff: 32.158167004585266
waiting
going to web site
Hello world	Thread-7519	3

time: 946688457.841833
diff: 17.158167004585266
waiting
going to web site
Hello world	Thread-7603	4

time: 946688475.851833
diff: 16.14816701412201
waiting
going to web site
Hello world	Thread-7673	3

time: 946688492.841833
diff: 36.158167004585266
waiting
going to web site
Hello world	Thread-7836	5

time: 946688529.841833
diff: 17.158167004585266
waiting
going to web site
Hello world	Thread-7914	3

time: 946688547.841833
diff: 26.158167004585266
waiting
going to web site
Hello world	Thread-8038	4

time: 946688574.841833
diff: 19.158167004585266
waiting
going to web site
Hello world	Thread-8127	2

time: 946688594.841833
diff: 16.158167004585266
waiting
going to web site
Hello world	Thread-8201	4

time: 946688611.841833
diff: 7.158167004585266
waiting
going to web site
Hello world	Thread-8233	6

time: 946688619.832833
diff: 23.16716694831848
waiting
going to web site
Hello world	Thread-8333	4

time: 946688643.832832
diff: 28.167168021202087
waiting
going to web site
Hello world	Thread-8458	3

time: 946688672.841833
diff: 9.158167004585266
waiting
going to web site
Hello world	Thread-8498	3

time: 946688682.841833
diff: 17.158167004585266
waiting
going to web site
Hello world	Thread-8571	3

time: 946688700.832833
diff: 19.16716694831848
waiting
going to web site
Hello world	Thread-8649	4

time: 946688720.836832
diff: 36.16316795349121
waiting
going to web site
Hello world	Thread-8800	3

time: 946688757.832832
diff: 20.167168021202087
waiting
going to web site
Hello world	Thread-8878	2

time: 946688778.841833
diff: 39.158167004585266
waiting
going to web site
Hello world	Thread-9043	5

time: 946688818.841833
diff: 16.158167004585266
waiting
going to web site
Hello world	Thread-9117	3

time: 946688835.841833
diff: 40.158167004585266
waiting
going to web site
Hello world	Thread-9286	5

time: 946688876.841833
diff: 14.158167004585266
waiting
going to web site
Hello world	Thread-9356	4

time: 946688891.841833
diff: 21.158167004585266
waiting
going to web site
Hello world	Thread-9448	3

time: 946688913.841833
diff: 20.158167004585266
waiting
going to web site
Hello world	Thread-9544	4

time: 946688934.841833
diff: 29.158167004585266
waiting
going to web site
Hello world	Thread-9670	2

time: 946688964.842833
diff: 16.157166957855225
waiting
going to web site
Hello world	Thread-9746	3

time: 946688981.832832
diff: 29.167168021202087
waiting
going to web site
Hello world	Thread-9894	2

time: 946689011.841833
diff: 18.158167004585266
waiting
going to web site
Hello world	Thread-9981	3

time: 946689030.841833
diff: 32.158167004585266
waiting
going to web site
Hello world	Thread-10126	3

time: 946689063.844833
diff: 26.15516698360443
waiting
going to web site
Hello world	Thread-10259	3

time: 946689090.836832
diff: 15.163167953491211
waiting
going to web site
Hello world	Thread-10327	2

time: 946689106.832832
diff: 15.167168021202087
waiting
going to web site
Hello world	Thread-10419	4

time: 946689125.841833
diff: 12.158167004585266
waiting
going to web site
Hello world	Thread-10479	2

time: 946689138.841833
diff: 30.158167004585266
waiting
going to web site
Hello world	Thread-10626	2

time: 946689169.841977
diff: 31.15802299976349
waiting
going to web site
Hello world	Thread-10785	4

time: 946689201.832832
diff: 5.167168021202087
waiting
going to web site
Hello world	Thread-10813	2

time: 946689207.832833
diff: 25.16716694831848
waiting
going to web site
Hello world	Thread-10936	5

time: 946689234.8398321
diff: 17.160167932510376
waiting
going to web site
Hello world	Thread-11031	4

time: 946689253.832832
diff: 18.167168021202087
waiting
going to web site
Hello world	Thread-11116	4

time: 946689272.841833
diff: 9.158167004585266
waiting
going to web site
Hello world	Thread-11167	3

time: 946689282.832833
diff: 26.16716694831848
waiting
going to web site
Hello world	Thread-11296	2

time: 946689309.836832
diff: 19.16316795349121
waiting
going to web site
Hello world	Thread-11386	4

time: 946689329.836832
diff: 24.16316795349121
waiting
going to web site
Hello world	Thread-11506	3

time: 946689354.832832
diff: 29.167168021202087
waiting
going to web site
Hello world	Thread-11654	4

time: 946689385.845833
diff: 20.15416705608368
waiting
going to web site
Hello world	Thread-11749	2

time: 946689406.841833
diff: 12.158167004585266
waiting
going to web site
Hello world	Thread-11802	2

time: 946689419.841833
diff: 29.158167004585266
waiting
going to web site
Hello world	Thread-11941	5

time: 946689450.841833
diff: 21.158167004585266
waiting
going to web site
Hello world	Thread-12047	4

time: 946689472.841833
diff: 15.158167004585266
waiting
going to web site
Hello world	Thread-12132	2

time: 946689489.841833
diff: 13.158167004585266
waiting
going to web site
Hello world	Thread-12190	3

time: 946689503.841833
diff: 19.158167004585266
waiting
going to web site
Hello world	Thread-12273	2

time: 946689523.841833
diff: 12.158167004585266
waiting
going to web site
Hello world	Thread-12337	3

time: 946689536.841833
diff: 32.158167004585266
waiting
going to web site
Hello world	Thread-12489	3

time: 946689569.832833
diff: 15.167166948318481
waiting
going to web site
Hello world	Thread-12564	5

time: 946689585.844833
diff: 32.15516698360443
waiting
going to web site
Hello world	Thread-12710	3

time: 946689618.836832
diff: 16.16316795349121
waiting
going to web site
Hello world	Thread-12789	4

time: 946689635.832832
diff: 10.167168021202087
waiting
going to web site
Hello world	Thread-12841	4

time: 946689647.841833
diff: 25.158167004585266
waiting
going to web site
Hello world	Thread-12973	3

time: 946689674.841833
diff: 23.158167004585266
waiting
going to web site
Hello world	Thread-13083	4

time: 946689698.832833
diff: 19.16716694831848
waiting
going to web site
Hello world	Thread-13176	4

time: 946689718.832832
diff: 27.167168021202087
waiting
going to web site
Hello world	Thread-13302	6

time: 946689747.841833
diff: 34.158167004585266
waiting
going to web site
Hello world	Thread-13461	5

time: 946689782.841833
diff: 20.158167004585266
waiting
going to web site
Hello world	Thread-13558	2

time: 946689803.841833
diff: 19.158167004585266
waiting
going to web site
Hello world	Thread-13654	4

time: 946689823.841833
diff: 20.158167004585266
waiting
going to web site
Hello world	Thread-13751	3

time: 946689844.841833
diff: 3.158167004585266
waiting
going to web site
Hello world	Thread-13780	4

time: 946689849.841833
diff: 26.158167004585266
waiting
going to web site
Hello world	Thread-13900	4

time: 946689876.859481
diff: 29.14051902294159
waiting
going to web site
Hello world	Thread-14037	5

time: 946689906.832833
diff: 18.16716694831848
waiting
going to web site
Hello world	Thread-14115	5

time: 946689925.8398321
diff: 20.160167932510376
waiting
going to web site
Hello world	Thread-14210	5

time: 946689946.832832
diff: 22.167168021202087
waiting
going to web site
Hello world	Thread-14308	4

time: 946689969.848833
diff: 1.1511670351028442
waiting
going to web site
Hello world	Thread-14315	2

time: 946689971.850833
diff: 19.14916694164276
waiting
going to web site
Hello world	Thread-14405	4

time: 946689991.5350641
diff: 35.46493589878082
waiting
going to web site
Hello world	Thread-14564	2

time: 946690027.526064
diff: 21.473935961723328
waiting
going to web site
Hello world	Thread-14651	7

time: 946690049.526064
diff: 19.473935961723328
waiting
going to web site
Hello world	Thread-14737	6

time: 946690069.5350641
diff: 31.464935898780823
waiting
going to web site
Hello world	Thread-14877	6

time: 946690101.5294169
diff: 6.470583081245422
waiting
going to web site
Hello world	Thread-14909	4

time: 946690108.544865
diff: 25.455134987831116
waiting
going to web site
Hello world	Thread-15013	7

time: 946690134.5350641
diff: 19.464935898780823
waiting
going to web site
Hello world	Thread-15099	4

time: 946690154.5350641
diff: 35.46493589878082
waiting
going to web site
Hello world	Thread-15248	5

time: 946690190.5350641
diff: 33.46493589878082
waiting
going to web site
Hello world	Thread-15396	7

time: 946690224.526064
diff: 24.473935961723328
waiting
going to web site
Hello world	Thread-15505	5

time: 946690249.5350641
diff: 15.464935898780823
waiting
going to web site
Hello world	Thread-15576	6

time: 946690265.5350641
diff: 18.464935898780823
waiting
going to web site
Hello world	Thread-15656	5

time: 946690284.5350641
diff: 15.464935898780823
waiting
going to web site
Hello world	Thread-15729	3

time: 946690300.526064
diff: 29.473935961723328
waiting
going to web site
Hello world	Thread-15856	4

time: 946690330.5350641
diff: 19.464935898780823
waiting
going to web site
Hello world	Thread-15944	6

time: 946690350.5330639
diff: 31.466936111450195
waiting
going to web site
Hello world	Thread-16079	5

time: 946690382.544065
diff: 24.45593500137329
waiting
going to web site
Hello world	Thread-16193	7

time: 946690407.5350649
diff: 22.464935064315796
waiting
going to web site
Hello world	Thread-16289	4

time: 946690430.544065
diff: 10.455935001373291
waiting
going to web site
Hello world	Thread-16337	5

time: 946690441.5350649
diff: 24.464935064315796
waiting
going to web site
Hello world	Thread-16445	7

time: 946690466.5350649
diff: 27.464935064315796
waiting
going to web site
Hello world	Thread-16573	4

time: 946690494.526065
diff: 20.47393500804901
waiting
going to web site
Hello world	Thread-16663	6

time: 946690515.526065
diff: 16.47393500804901
waiting
going to web site
Hello world	Thread-16735	6

time: 946690532.544065
diff: 20.45593500137329
waiting
going to web site
Hello world	Thread-16820	6

time: 946690553.544065
diff: 35.45593500137329
waiting
going to web site
Hello world	Thread-16985	4

time: 946690589.5350649
diff: 14.464935064315796
waiting
going to web site
Hello world	Thread-17045	4

time: 946690604.699561
diff: 32.3004390001297
waiting
going to web site
Hello world	Thread-17191	7

time: 946690637.699561
diff: 23.3004390001297
waiting
going to web site
Hello world	Thread-17288	5

time: 946690661.699561
diff: 20.3004390001297
waiting
going to web site
Hello world	Thread-17384	4

time: 946690682.699561
diff: 19.3004390001297
waiting
going to web site
Hello world	Thread-17470	5

time: 946690702.699561
diff: 14.3004390001297
waiting
going to web site
Hello world	Thread-17534	4

time: 946690717.699561
diff: 35.3004390001297
waiting
going to web site
Hello world	Thread-17686	7

time: 946690753.699561
diff: 15.3004390001297
waiting
going to web site
Hello world	Thread-17763	4

time: 946690769.717817
diff: 18.282183051109314
waiting
going to web site
Hello world	Thread-17845	6

time: 946690788.7135609
diff: 15.286439061164856
waiting
going to web site
Hello world	Thread-17910	5

time: 946690804.699561
diff: 23.3004390001297
waiting
going to web site
Hello world	Thread-18018	5

time: 946690828.699561
diff: 24.3004390001297
waiting
going to web site
Hello world	Thread-18114	4

time: 946690853.699561
diff: 24.3004390001297
waiting
going to web site
Hello world	Thread-18219	3

time: 946690878.699561
diff: 30.3004390001297
waiting
going to web site
Hello world	Thread-18357	4

time: 946690909.699561
diff: 30.3004390001297
waiting
going to web site
Hello world	Thread-18482	5

time: 946690940.699561
diff: 21.3004390001297
waiting
going to web site
Hello world	Thread-18581	5

time: 946690962.699561
diff: 19.3004390001297
waiting
going to web site
Hello world	Thread-18666	3

time: 946690982.706561
diff: 15.293439030647278
waiting
going to web site
Hello world	Thread-18737	5

time: 946690998.699561
diff: 19.3004390001297
waiting
going to web site
Hello world	Thread-18826	4

time: 946691018.699561
diff: 25.3004390001297
waiting
going to web site
Hello world	Thread-18940	5

time: 946691044.7085611
diff: 30.291438937187195
waiting
going to web site
Hello world	Thread-19070	6

time: 946691075.6995599
diff: 24.300440073013306
waiting
going to web site
Hello world	Thread-19187	5

time: 946691100.699561
diff: 18.3004390001297
waiting
going to web site
Hello world	Thread-19272	4

time: 946691119.699561
diff: 26.3004390001297
waiting
going to web site
Hello world	Thread-19389	4

time: 946691146.7235609
diff: 25.2764390707016
waiting
going to web site
Hello world	Thread-19512	5

time: 946691172.699561
diff: 12.3004390001297
waiting
going to web site
Hello world	Thread-19562	4

time: 946691185.714561
diff: 27.285439014434814
waiting
going to web site
Hello world	Thread-19694	3

time: 946691213.841833
diff: 23.158167004585266
waiting
going to web site
Hello world	Thread-19813	4

time: 946691237.832833
diff: 28.16716694831848
waiting
going to web site
Hello world	Thread-19945	4

time: 946691266.832832
diff: 12.167168021202087
waiting
going to web site
Hello world	Thread-20006	4

time: 946691280.841833
diff: 30.158167004585266
waiting
going to web site
Hello world	Thread-20166	3

time: 946691314.841833
diff: 3.158167004585266
waiting
going to web site
Hello world	Thread-20186	3

time: 946691318.841833
diff: 35.158167004585266
waiting
going to web site
Hello world	Thread-20352	5

time: 946691354.832833
diff: 10.167166948318481
waiting
going to web site
Hello world	Thread-20397	4

time: 946691365.832832
diff: 18.167168021202087
waiting
going to web site
Hello world	Thread-20510	3

time: 946691384.841833
diff: 10.158167004585266
waiting
going to web site
Hello world	Thread-20569	2

time: 946691396.841833
diff: 29.158167004585266
waiting
going to web site
Hello world	Thread-20707	2

time: 946691426.842833
diff: 27.157166957855225
waiting
going to web site
Hello world	Thread-20840	2

time: 946691454.832832
diff: 14.167168021202087
waiting
going to web site
Hello world	Thread-20911	4

time: 946691469.841833
diff: 29.158167004585266
waiting
going to web site
Hello world	Thread-21059	3

time: 946691500.841833
diff: 21.158167004585266
waiting
going to web site
Hello world	Thread-21166	4

time: 946691523.841833
diff: 9.158167004585266
waiting
going to web site
Hello world	Thread-21212	3

time: 946691533.841833
diff: 13.158167004585266
waiting
going to web site
Hello world	Thread-21284	3

time: 946691548.841833
diff: 30.158167004585266
waiting
going to web site
Hello world	Thread-21422	3

time: 946691579.841833
diff: 17.158167004585266
waiting
going to web site
Hello world	Thread-21509	4

time: 946691597.848833
diff: 19.151167035102844
waiting
going to web site
Hello world	Thread-21591	5

time: 946691617.841833
diff: 21.158167004585266
waiting
going to web site
Hello world	Thread-21694	2

time: 946691639.845833
diff: 31.15416705608368
waiting
going to web site
Hello world	Thread-21825	2

time: 946691671.841833
diff: 5.158167004585266
waiting
going to web site
Hello world	Thread-21856	2

time: 946691677.840065
diff: 25.159934997558594
waiting
going to web site
Hello world	Thread-21974	2

time: 946691703.832832
diff: 7.167168021202087
waiting
going to web site
Hello world	Thread-22012	5

time: 946691711.841833
diff: 36.158167004585266
waiting
going to web site
Hello world	Thread-22171	4

time: 946691748.841833
diff: 19.158167004585266
waiting
going to web site
Hello world	Thread-22265	2

time: 946691769.842832
diff: 17.15716803073883
waiting
going to web site
Hello world	Thread-22335	3

time: 946691787.841833
diff: 23.158167004585266
waiting
going to web site
Hello world	Thread-22448	5

time: 946691811.832833
diff: 30.16716694831848
waiting
going to web site
Hello world	Thread-22577	5

time: 946691842.8338319
diff: 17.166168093681335
waiting
going to web site
Hello world	Thread-22660	4

time: 946691860.841833
diff: 26.158167004585266
waiting
going to web site
Hello world	Thread-22785	2

time: 946691888.851833
diff: 33.14816701412201
waiting
going to web site
Hello world	Thread-22945	3

time: 946691923.841833
diff: 5.158167004585266
waiting
going to web site
Hello world	Thread-22966	5

time: 946691929.832833
diff: 25.16716694831848
waiting
going to web site
Hello world	Thread-23092	4

time: 946691955.832832
diff: 12.167168021202087
waiting
going to web site
Hello world	Thread-23148	4

time: 946691968.841833
diff: 29.158167004585266
waiting
going to web site
Hello world	Thread-23296	3

time: 946691999.841833
diff: 24.158167004585266
waiting
going to web site
Hello world	Thread-23416	3

time: 946692025.851833
diff: 11.14816701412201
waiting
going to web site
Hello world	Thread-23472	5

time: 946692037.841833
diff: 30.158167004585266
waiting
going to web site
Hello world	Thread-23627	3

time: 946692068.841865
diff: 20.158135056495667
waiting
going to web site
Hello world	Thread-23730	3

time: 946692089.8588331
diff: 28.141166925430298
waiting
going to web site
Hello world	Thread-23865	6

time: 946692118.834832
diff: 20.165168046951294
waiting
going to web site
Hello world	Thread-23967	2

time: 946692140.851833
diff: 21.14816701412201
waiting
going to web site
Hello world	Thread-24073	4

time: 946692163.841833
diff: 7.158167004585266
waiting
going to web site
Hello world	Thread-24108	3

time: 946692171.851748
diff: 16.14825201034546
waiting
going to web site
Hello world	Thread-24190	2

time: 946692188.8508689
diff: 38.149131059646606
waiting
going to web site
Hello world	Thread-24370	2

time: 946692227.841833
diff: 12.158167004585266
waiting
going to web site
Hello world	Thread-24419	5

time: 946692240.832833
diff: 19.16716694831848
waiting
going to web site
Hello world	Thread-24516	6

time: 946692260.832832
diff: 25.167168021202087
waiting
going to web site
Hello world	Thread-24633	4

time: 946692286.832833
diff: 12.167166948318481
waiting
going to web site
Hello world	Thread-24692	4

time: 946692299.832832
diff: 14.167168021202087
waiting
going to web site
Hello world	Thread-24762	3

time: 946692315.841833
diff: 22.158167004585266
waiting
going to web site
Hello world	Thread-24862	3

time: 946692338.841833
diff: 4.158167004585266
waiting
going to web site
Hello world	Thread-24887	2

time: 946692344.852742
diff: 23.147258043289185
waiting
going to web site
Hello world	Thread-25005	2

time: 946692371.841833
diff: 32.158167004585266
waiting
going to web site
Hello world	Thread-25143	4

time: 946692404.859768
diff: 27.14023196697235
waiting
going to web site
Hello world	Thread-25258	3

time: 946692432.832832
diff: 22.167168021202087
waiting
going to web site
Hello world	Thread-25352	4

time: 946692455.699561
diff: 26.3004390001297
waiting
going to web site
Hello world	Thread-25467	4

time: 946692482.699561
diff: 25.3004390001297
waiting
going to web site
Hello world	Thread-25571	5

time: 946692508.699561
diff: 8.3004390001297
waiting
going to web site
Hello world	Thread-25617	4

time: 946692517.699561
diff: 35.3004390001297
waiting
going to web site
Hello world	Thread-25762	6

time: 946692553.699561
diff: 16.3004390001297
waiting
going to web site
Hello world	Thread-25836	7

time: 946692570.699561
diff: 23.3004390001297
waiting
going to web site
Hello world	Thread-25940	6

time: 946692594.699561
diff: 25.3004390001297
waiting
going to web site
Hello world	Thread-26053	4

time: 946692620.699561
diff: 22.3004390001297
waiting
going to web site
Hello world	Thread-26139	3

time: 946692643.699561
diff: 24.3004390001297
waiting
going to web site
Hello world	Thread-26232	5

time: 946692668.699561
diff: 17.3004390001297
waiting
going to web site
Hello world	Thread-26297	3

time: 946692686.699561
diff: 29.3004390001297
waiting
going to web site
Hello world	Thread-26392	6

time: 946692716.699561
diff: 15.3004390001297
waiting
going to web site
Hello world	Thread-26438	4

time: 946692732.699561
diff: 32.3004390001297
waiting
going to web site
Hello world	Thread-26524	5

time: 946692765.699561
diff: 15.3004390001297
waiting
going to web site
Hello world	Thread-26565	4

time: 946692781.699561
diff: 19.3004390001297
waiting
going to web site
Hello world	Thread-26608	4

time: 946692801.699561
diff: 24.3004390001297
waiting
going to web site
Hello world	Thread-26657	4

time: 946692826.699561
diff: 28.3004390001297
waiting
going to web site
Hello world	Thread-26703	4

time: 946692855.699561
diff: 21.3004390001297
waiting
going to web site
Hello world	Thread-26733	3

time: 946692877.699561
diff: 20.3004390001297
waiting
going to web site
Hello world	Thread-26759	3

time: 946692898.699561
diff: 25.3004390001297
waiting
going to web site
Hello world	Thread-26782	2

