time: 946686600.0
diff: 0.0
going to web site
Hello world	Thread-30	2

time: 946686615.590656
diff: 104.409343957901
waiting
going to web site
Hello world	Thread-76	7

time: 946686721.580656
diff: 118.41934394836426
waiting
going to web site
Hello world	Thread-320	5

time: 946686855.590656
diff: 104.409343957901
waiting
going to web site
Hello world	Thread-398	3

time: 946686960.590656
diff: 59.409343957901
waiting
going to web site
Hello world	Thread-510	4

time: 946687027.618708
diff: 113.38129198551178
waiting
going to web site
Hello world	Thread-621	4

time: 946687144.584656
diff: 56.41534399986267
waiting
going to web site
Hello world	Thread-669	3

time: 946687202.6302961
diff: 58.36970388889313
waiting
going to web site
Hello world	Thread-775	3

time: 946687276.590656
diff: 104.409343957901
waiting
going to web site
Hello world	Thread-861	3

time: 946687381.580656
diff: 59.41934394836426
waiting
going to web site
Hello world	Thread-979	3

time: 946687448.590656
diff: 52.409343957901
waiting
going to web site
Hello world	Thread-1013	4

time: 946687501.580656
diff: 119.41934394836426
waiting
going to web site
Hello world	Thread-1126	4

time: 946687621.5896561
diff: 60.41034388542175
waiting
going to web site
Hello world	Thread-1238	2

time: 946687689.5902101
diff: 112.40978991985321
waiting
going to web site
Hello world	Thread-1360	6

time: 946687805.590656
diff: 56.409343957901
waiting
going to web site
Hello world	Thread-1396	5

time: 946687862.5836561
diff: 59.41634392738342
waiting
going to web site
Hello world	Thread-1511	4

time: 946687929.590656
diff: 52.409343957901
waiting
going to web site
Hello world	Thread-1534	4

time: 946687982.588656
diff: 59.411344051361084
waiting
going to web site
Hello world	Thread-1654	6

time: 946688049.5896571
diff: 113.41034293174744
waiting
going to web site
Hello world	Thread-1781	2

time: 946688170.590656
diff: 112.409343957901
waiting
going to web site
Hello world	Thread-1860	6

time: 946688283.5896561
diff: 59.41034388542175
waiting
going to web site
Hello world	Thread-1980	6

