time: 946686600.0
diff: 102.0
waiting
going to web site
Hello world	Thread-77	2

time: 946686702.797192
diff: 25.202808022499084
waiting
going to web site
Hello world	Thread-127	2

time: 946686728.806193
diff: 10.193807005882263
waiting
going to web site
Hello world	Thread-812	5

time: 946686739.801193
diff: -0.8011929988861084
going to web site
Hello world	Thread-817	3

time: 946686740.598385
diff: -1.598384976387024
going to web site
Hello world	Thread-823	3

time: 946686741.404549
diff: -2.4045490026474
going to web site
Hello world	Thread-831	2

time: 946686742.210741
diff: -3.2107410430908203
going to web site
Hello world	Thread-836	3

time: 946686743.007933
diff: -3.007933020591736
going to web site
Hello world	Thread-840	3

time: 946686743.8121251
diff: 2.187874913215637
waiting
going to web site
Hello world	Thread-163	5

time: 946686746.847231
diff: -0.8472310304641724
going to web site
Hello world	Thread-855	4

time: 946686747.644423
diff: 0.3555769920349121
waiting
going to web site
Hello world	Thread-861	4

time: 946686748.8031449
diff: 11.196855068206787
waiting
going to web site
Hello world	Thread-189	2

time: 946686760.802193
diff: 21.19780695438385
waiting
going to web site
Hello world	Thread-254	6

time: 946686782.828154
diff: 14.17184603214264
waiting
going to web site
Hello world	Thread-293	2

time: 946686797.811193
diff: 18.188807010650635
waiting
going to web site
Hello world	Thread-344	5

time: 946686816.8151929
diff: 25.184807062149048
waiting
going to web site
Hello world	Thread-434	2

time: 946686842.8031449
diff: 8.196855068206787
waiting
going to web site
Hello world	Thread-468	5

time: 946686851.807541
diff: 23.192458987236023
waiting
going to web site
Hello world	Thread-541	5

time: 946686875.809192
diff: 16.190808057785034
waiting
going to web site
Hello world	Thread-1469	3

time: 946686892.7971929
diff: 4.202807068824768
waiting
going to web site
Hello world	Thread-631	5

time: 946686897.811193
diff: 13.188807010650635
waiting
going to web site
Hello world	Thread-682	7

time: 946686911.8038851
diff: 33.196114897727966
waiting
going to web site
Hello world	Thread-828	3

time: 946686945.821152
diff: 26.178848028182983
waiting
going to web site
Hello world	Thread-956	5

time: 946686972.811193
diff: 21.188807010650635
waiting
going to web site
Hello world	Thread-1058	5

time: 946686994.820944
diff: 18.17905604839325
waiting
going to web site
Hello world	Thread-1143	4

time: 946687013.8181931
diff: 24.181806921958923
waiting
going to web site
Hello world	Thread-1256	4

time: 946687038.8031449
diff: 29.196855068206787
waiting
going to web site
Hello world	Thread-1393	4

time: 946687068.801193
diff: 29.19880700111389
waiting
going to web site
Hello world	Thread-1531	3

time: 946687098.8101931
diff: 22.189806938171387
waiting
going to web site
Hello world	Thread-1627	3

time: 946687121.8031449
diff: 17.196855068206787
waiting
going to web site
Hello world	Thread-1702	7

time: 946687139.808193
diff: 10.19180703163147
waiting
going to web site
Hello world	Thread-1750	3

time: 946687150.811311
diff: 40.18868899345398
waiting
going to web site
Hello world	Thread-1919	4

time: 946687191.8031449
diff: 22.196855068206787
waiting
going to web site
Hello world	Thread-2010	5

time: 946687214.809587
diff: 24.190412998199463
waiting
going to web site
Hello world	Thread-2114	4

time: 946687239.802192
diff: 24.197808027267456
waiting
going to web site
Hello world	Thread-2229	7

time: 946687264.808193
diff: 16.19180703163147
waiting
going to web site
Hello world	Thread-2309	5

time: 946687281.7971929
diff: 9.202807068824768
waiting
going to web site
Hello world	Thread-2352	6

time: 946687291.801193
diff: 19.19880700111389
waiting
going to web site
Hello world	Thread-2442	7

time: 946687311.541065
diff: 35.458935022354126
waiting
going to web site
Hello world	Thread-2593	6

time: 946687347.5350649
diff: 10.464935064315796
waiting
going to web site
Hello world	Thread-2648	5

time: 946687358.545
diff: 25.455000042915344
waiting
going to web site
Hello world	Thread-2761	4

time: 946687384.526065
diff: 28.47393500804901
waiting
going to web site
Hello world	Thread-2889	7

time: 946687413.526065
diff: 21.47393500804901
waiting
going to web site
Hello world	Thread-2980	7

time: 946687435.526065
diff: 22.47393500804901
waiting
going to web site
Hello world	Thread-3087	6

time: 946687458.5350649
diff: 31.464935064315796
waiting
going to web site
Hello world	Thread-3227	5

time: 946687490.542065
diff: 2.4579349756240845
waiting
going to web site
Hello world	Thread-3239	5

time: 946687493.5350641
diff: 42.46493589878082
waiting
going to web site
Hello world	Thread-3427	5

time: 946687536.5350641
diff: 14.464935898780823
waiting
going to web site
Hello world	Thread-3489	4

time: 946687551.526064
diff: 25.473935961723328
waiting
going to web site
Hello world	Thread-3602	6

time: 946687577.5294169
diff: 27.470583081245422
waiting
going to web site
Hello world	Thread-3720	6

time: 946687605.535218
diff: 15.464781999588013
waiting
going to web site
Hello world	Thread-3800	7

time: 946687621.534453
diff: 30.46554696559906
waiting
going to web site
Hello world	Thread-3923	7

time: 946687652.5350649
diff: 24.464935064315796
waiting
going to web site
Hello world	Thread-4037	7

time: 946687677.5350649
diff: 14.464935064315796
waiting
going to web site
Hello world	Thread-4111	4

time: 946687692.5380651
diff: 22.46193492412567
waiting
going to web site
Hello world	Thread-4205	5

time: 946687715.5350641
diff: 15.464935898780823
waiting
going to web site
Hello world	Thread-4280	4

time: 946687731.532064
diff: 25.467936038970947
waiting
going to web site
Hello world	Thread-4392	5

time: 946687757.543065
diff: 9.456935048103333
waiting
going to web site
Hello world	Thread-4432	4

time: 946687767.544065
diff: 21.45593500137329
waiting
going to web site
Hello world	Thread-4529	7

time: 946687789.526065
diff: 15.473935008049011
waiting
going to web site
Hello world	Thread-4605	6

time: 946687805.544065
diff: 35.45593500137329
waiting
going to web site
Hello world	Thread-4767	6

time: 946687841.544065
diff: 26.45593500137329
waiting
going to web site
Hello world	Thread-4893	5

time: 946687868.544065
diff: 8.455935001373291
waiting
going to web site
Hello world	Thread-4932	5

time: 946687877.5350649
diff: 26.464935064315796
waiting
going to web site
Hello world	Thread-5057	7

time: 946687904.5350649
diff: 31.464935064315796
waiting
going to web site
Hello world	Thread-5206	4

time: 946687936.851833
diff: 16.14816701412201
waiting
going to web site
Hello world	Thread-5293	4

time: 946687953.841833
diff: 22.158167004585266
waiting
going to web site
Hello world	Thread-5403	3

time: 946687976.841833
diff: 18.158167004585266
waiting
going to web site
Hello world	Thread-5491	3

time: 946687995.841833
diff: 15.158167004585266
waiting
going to web site
Hello world	Thread-5559	3

time: 946688011.841833
diff: 20.158167004585266
waiting
going to web site
Hello world	Thread-5655	2

time: 946688032.841833
diff: 25.158167004585266
waiting
going to web site
Hello world	Thread-5769	4

time: 946688058.8408331
diff: 14.159166932106018
waiting
going to web site
Hello world	Thread-5832	4

time: 946688073.832832
diff: 33.16716802120209
waiting
going to web site
Hello world	Thread-5986	4

time: 946688107.832833
diff: 8.167166948318481
waiting
going to web site
Hello world	Thread-6020	3

time: 946688116.836832
diff: 29.16316795349121
waiting
going to web site
Hello world	Thread-6150	5

time: 946688146.832832
diff: 21.167168021202087
waiting
going to web site
Hello world	Thread-6249	3

time: 946688168.841833
diff: 26.158167004585266
waiting
going to web site
Hello world	Thread-6361	4

time: 946688195.841833
diff: 31.158167004585266
waiting
going to web site
Hello world	Thread-6513	4

time: 946688228.842833
diff: 21.157166957855225
waiting
going to web site
Hello world	Thread-6606	3

time: 946688250.832832
diff: 18.167168021202087
waiting
going to web site
Hello world	Thread-6687	2

time: 946688269.841833
diff: 33.158167004585266
waiting
going to web site
Hello world	Thread-6836	2

time: 946688303.845833
diff: 9.15416705608368
waiting
going to web site
Hello world	Thread-6883	5

time: 946688313.835833
diff: 32.164167046546936
waiting
going to web site
Hello world	Thread-7025	4

time: 946688346.841833
diff: 19.158167004585266
waiting
going to web site
Hello world	Thread-7118	3

time: 946688367.841833
diff: 19.158167004585266
waiting
going to web site
Hello world	Thread-7210	4

time: 946688387.841833
diff: 14.158167004585266
waiting
going to web site
Hello world	Thread-7274	4

time: 946688402.841833
diff: 14.158167004585266
waiting
going to web site
Hello world	Thread-7345	2

time: 946688417.841833
diff: 28.158167004585266
waiting
going to web site
Hello world	Thread-7471	2

time: 946688446.832833
diff: 9.167166948318481
waiting
going to web site
Hello world	Thread-7512	4

time: 946688456.832832
diff: 27.167168021202087
waiting
going to web site
Hello world	Thread-7640	3

time: 946688484.832833
diff: 19.16716694831848
waiting
going to web site
Hello world	Thread-7727	6

time: 946688504.8418319
diff: 22.158168077468872
waiting
going to web site
Hello world	Thread-7827	2

time: 946688527.841833
diff: 35.158167004585266
waiting
going to web site
Hello world	Thread-7992	2

time: 946688563.841833
diff: 27.158167004585266
waiting
going to web site
Hello world	Thread-8110	2

time: 946688591.841833
diff: 24.158167004585266
waiting
going to web site
Hello world	Thread-8222	2

time: 946688616.841833
diff: 25.158167004585266
waiting
going to web site
Hello world	Thread-8329	3

time: 946688642.841833
diff: 26.158167004585266
waiting
going to web site
Hello world	Thread-8447	2

time: 946688669.841833
diff: 22.158167004585266
waiting
going to web site
Hello world	Thread-8546	3

time: 946688692.841833
diff: 14.158167004585266
waiting
going to web site
Hello world	Thread-8598	2

time: 946688707.844833
diff: 32.15516698360443
waiting
going to web site
Hello world	Thread-8732	3

time: 946688740.832832
diff: 7.167168021202087
waiting
going to web site
Hello world	Thread-8770	3

time: 946688749.841833
diff: 29.158167004585266
waiting
going to web site
Hello world	Thread-8882	4

time: 946688779.841833
diff: 31.158167004585266
waiting
going to web site
Hello world	Thread-9021	2

time: 946688812.841833
diff: 18.158167004585266
waiting
going to web site
Hello world	Thread-9095	2

time: 946688831.841833
diff: 32.158167004585266
waiting
going to web site
Hello world	Thread-9236	3

time: 946688864.832833
diff: 11.167166948318481
waiting
going to web site
Hello world	Thread-9282	6

time: 946688876.832832
diff: 15.167168021202087
waiting
going to web site
Hello world	Thread-9367	2

time: 946688893.841833
diff: 23.158167004585266
waiting
going to web site
Hello world	Thread-9464	2

time: 946688917.841833
diff: 22.158167004585266
waiting
going to web site
Hello world	Thread-9565	2

time: 946688940.841833
diff: 26.158167004585266
waiting
going to web site
Hello world	Thread-9690	3

time: 946688968.841833
diff: 20.158167004585266
waiting
going to web site
Hello world	Thread-9789	4

time: 946688989.8588331
diff: 17.141166925430298
waiting
going to web site
Hello world	Thread-9879	3

time: 946689007.832832
diff: 21.167168021202087
waiting
going to web site
Hello world	Thread-9974	4

time: 946689029.841833
diff: 12.158167004585266
waiting
going to web site
Hello world	Thread-10032	2

time: 946689042.832833
diff: 24.16716694831848
waiting
going to web site
Hello world	Thread-10145	5

time: 946689067.832832
diff: 8.167168021202087
waiting
going to web site
Hello world	Thread-10193	3

time: 946689076.841833
diff: 22.158167004585266
waiting
going to web site
Hello world	Thread-10291	2

time: 946689099.832833
diff: 29.16716694831848
waiting
going to web site
Hello world	Thread-10437	5

time: 946689129.832832
diff: 20.167168021202087
waiting
going to web site
Hello world	Thread-10543	3

time: 946689151.841833
diff: 24.158167004585266
waiting
going to web site
Hello world	Thread-10655	5

time: 946689176.545033
diff: 19.45496702194214
waiting
going to web site
Hello world	Thread-10756	5

time: 946689196.544065
diff: 18.45593500137329
waiting
going to web site
Hello world	Thread-10847	4

time: 946689215.526065
diff: 31.47393500804901
waiting
going to web site
Hello world	Thread-10998	6

time: 946689247.540065
diff: 17.459934949874878
waiting
going to web site
Hello world	Thread-11086	6

time: 946689265.5350641
diff: 4.464935898780823
waiting
going to web site
Hello world	Thread-11106	7

time: 946689270.5294169
diff: 25.470583081245422
waiting
going to web site
Hello world	Thread-11235	4

time: 946689296.5350649
diff: 23.464935064315796
waiting
going to web site
Hello world	Thread-11350	5

time: 946689320.544065
diff: 25.45593500137329
waiting
going to web site
Hello world	Thread-11470	7

time: 946689346.526065
diff: 24.47393500804901
waiting
going to web site
Hello world	Thread-11588	4

time: 946689371.5350649
diff: 15.464935064315796
waiting
going to web site
Hello world	Thread-11662	5

time: 946689387.5350649
diff: 27.464935064315796
waiting
going to web site
Hello world	Thread-11782	6

time: 946689415.544417
diff: 6.455582976341248
waiting
going to web site
Hello world	Thread-11813	5

time: 946689422.526064
diff: 24.473935961723328
waiting
going to web site
Hello world	Thread-11921	6

time: 946689447.5350641
diff: 28.464935898780823
waiting
going to web site
Hello world	Thread-12068	6

time: 946689476.526064
diff: 17.473935961723328
waiting
going to web site
Hello world	Thread-12149	7

time: 946689494.526064
diff: 31.473935961723328
waiting
going to web site
Hello world	Thread-12285	7

time: 946689526.5294169
diff: 25.470583081245422
waiting
going to web site
Hello world	Thread-12409	7

time: 946689552.542065
diff: 30.457934975624084
waiting
going to web site
Hello world	Thread-12551	7

time: 946689583.526064
diff: 21.473935961723328
waiting
going to web site
Hello world	Thread-12647	6

time: 946689605.5350641
diff: 14.464935898780823
waiting
going to web site
Hello world	Thread-12718	5

time: 946689620.526064
diff: 14.473935961723328
waiting
going to web site
Hello world	Thread-12788	5

time: 946689635.5350641
diff: 18.464935898780823
waiting
going to web site
Hello world	Thread-12873	2

time: 946689654.526064
diff: 22.473935961723328
waiting
going to web site
Hello world	Thread-12983	4

time: 946689677.526064
diff: 15.473935961723328
waiting
going to web site
Hello world	Thread-13061	3

time: 946689693.5350641
diff: 20.464935898780823
waiting
going to web site
Hello world	Thread-13155	4

time: 946689714.5350641
diff: 16.464935898780823
waiting
going to web site
Hello world	Thread-13222	7

time: 946689731.5350641
diff: 23.464935898780823
waiting
going to web site
Hello world	Thread-13342	4

time: 946689755.526064
diff: 11.473935961723328
waiting
going to web site
Hello world	Thread-13392	6

time: 946689767.5350641
diff: 33.46493589878082
waiting
going to web site
Hello world	Thread-13548	4

time: 946689801.832832
diff: 18.167168021202087
waiting
going to web site
Hello world	Thread-13642	4

time: 946689820.841833
diff: 24.158167004585266
waiting
going to web site
Hello world	Thread-13756	5

time: 946689845.841833
diff: 21.158167004585266
waiting
going to web site
Hello world	Thread-13868	3

time: 946689868.869507
diff: 11.13049304485321
waiting
going to web site
Hello world	Thread-13927	2

time: 946689881.841833
diff: 37.158167004585266
waiting
going to web site
Hello world	Thread-14087	3

time: 946689919.841833
diff: 11.158167004585266
waiting
going to web site
Hello world	Thread-14145	4

time: 946689931.832833
diff: 30.16716694831848
waiting
going to web site
Hello world	Thread-14278	7

time: 946689962.832832
diff: 34.16716802120209
waiting
going to web site
Hello world	Thread-14432	4

time: 946689997.832833
diff: 19.16716694831848
waiting
going to web site
Hello world	Thread-14517	4

time: 946690017.832832
diff: 28.167168021202087
waiting
going to web site
Hello world	Thread-14643	3

time: 946690046.841833
diff: 13.158167004585266
waiting
going to web site
Hello world	Thread-14704	4

time: 946690060.841833
diff: 26.158167004585266
waiting
going to web site
Hello world	Thread-14821	2

time: 946690088.841833
diff: 6.158167004585266
waiting
going to web site
Hello world	Thread-14851	3

time: 946690095.841833
diff: 26.158167004585266
waiting
going to web site
Hello world	Thread-14965	3

time: 946690122.841833
diff: 26.158167004585266
waiting
going to web site
Hello world	Thread-15076	4

time: 946690149.832833
diff: 32.16716694831848
waiting
going to web site
Hello world	Thread-15214	6

time: 946690182.832832
diff: 11.167168021202087
waiting
going to web site
Hello world	Thread-15262	2

time: 946690194.841833
diff: 20.158167004585266
waiting
going to web site
Hello world	Thread-15358	2

time: 946690215.832833
diff: 25.16716694831848
waiting
going to web site
Hello world	Thread-15476	6

time: 946690241.832832
diff: 18.167168021202087
waiting
going to web site
Hello world	Thread-15558	3

time: 946690260.841833
diff: 26.158167004585266
waiting
going to web site
Hello world	Thread-15676	4

time: 946690287.841833
diff: 20.158167004585266
waiting
going to web site
Hello world	Thread-15767	3

time: 946690308.841833
diff: 23.158167004585266
waiting
going to web site
Hello world	Thread-15866	3

time: 946690332.832833
diff: 19.16716694831848
waiting
going to web site
Hello world	Thread-15953	5

time: 946690352.832832
diff: 36.16716802120209
waiting
going to web site
Hello world	Thread-16114	2

time: 946690389.841833
diff: 14.158167004585266
waiting
going to web site
Hello world	Thread-16186	4

time: 946690405.8588331
diff: 29.141166925430298
waiting
going to web site
Hello world	Thread-16313	5

time: 946690435.832832
diff: 16.167168021202087
waiting
going to web site
Hello world	Thread-16385	3

time: 946690452.836833
diff: 30.163166999816895
waiting
going to web site
Hello world	Thread-16525	3

time: 946690483.836832
diff: 7.163167953491211
waiting
going to web site
Hello world	Thread-16557	7

time: 946690491.832832
diff: 23.167168021202087
waiting
going to web site
Hello world	Thread-16666	4

time: 946690515.832833
diff: 27.16716694831848
waiting
going to web site
Hello world	Thread-16786	4

time: 946690543.836832
diff: 18.16316795349121
waiting
going to web site
Hello world	Thread-16869	6

time: 946690562.833833
diff: 11.16616702079773
waiting
going to web site
Hello world	Thread-16921	3

time: 946690574.841833
diff: 34.158167004585266
waiting
going to web site
Hello world	Thread-17067	5

time: 946690609.841833
diff: 25.158167004585266
waiting
going to web site
Hello world	Thread-17184	3

time: 946690635.8398329
diff: 15.16016709804535
waiting
going to web site
Hello world	Thread-17246	4

time: 946690651.841833
diff: 33.158167004585266
waiting
going to web site
Hello world	Thread-17396	5

time: 946690685.832833
diff: 31.16716694831848
waiting
going to web site
Hello world	Thread-17537	2

time: 946690717.832832
diff: 20.167168021202087
waiting
going to web site
Hello world	Thread-17630	3

time: 946690738.851665
diff: 5.148334980010986
waiting
going to web site
Hello world	Thread-17652	5

time: 946690744.832832
diff: 26.167168021202087
waiting
going to web site
Hello world	Thread-17774	5

time: 946690771.832833
diff: 20.16716694831848
waiting
going to web site
Hello world	Thread-17866	6

time: 946690792.832832
diff: 33.16716802120209
waiting
going to web site
Hello world	Thread-18015	3

time: 946690827.841833
diff: 26.158167004585266
waiting
going to web site
Hello world	Thread-18119	2

time: 946690854.832833
diff: 17.16716694831848
waiting
going to web site
Hello world	Thread-18200	2

time: 946690872.832832
diff: 21.167168021202087
waiting
going to web site
Hello world	Thread-18295	4

time: 946690894.832833
diff: 22.16716694831848
waiting
going to web site
Hello world	Thread-18391	2

time: 946690917.836832
diff: 24.16316795349121
waiting
going to web site
Hello world	Thread-18492	3

time: 946690942.832832
diff: 18.167168021202087
waiting
going to web site
Hello world	Thread-18578	2

time: 946690961.841897
diff: 27.158102989196777
waiting
going to web site
Hello world	Thread-18700	2

time: 946690989.832832
diff: 26.167168021202087
waiting
going to web site
Hello world	Thread-18817	4

time: 946691016.544065
diff: 12.455935001373291
waiting
going to web site
Hello world	Thread-18873	5

time: 946691029.526065
diff: 20.47393500804901
waiting
going to web site
Hello world	Thread-18964	7

time: 946691050.535897
diff: 32.46410298347473
waiting
going to web site
Hello world	Thread-19111	5

time: 946691083.5350641
diff: 16.464935898780823
waiting
going to web site
Hello world	Thread-19186	7

time: 946691100.5294169
diff: 16.470583081245422
waiting
going to web site
Hello world	Thread-19263	4

time: 946691117.541065
diff: 29.458935022354126
waiting
going to web site
Hello world	Thread-19393	6

time: 946691147.5350649
diff: 16.464935064315796
waiting
going to web site
Hello world	Thread-19473	2

time: 946691164.526065
diff: 8.473935008049011
waiting
going to web site
Hello world	Thread-19515	7

time: 946691173.526065
diff: 24.47393500804901
waiting
going to web site
Hello world	Thread-19626	5

time: 946691198.5300651
diff: 37.469934940338135
waiting
going to web site
Hello world	Thread-19804	7

time: 946691236.526064
diff: 18.473935961723328
waiting
going to web site
Hello world	Thread-19890	7

time: 946691255.5350641
diff: 23.464935898780823
waiting
going to web site
Hello world	Thread-19999	7

time: 946691279.5350641
diff: 17.464935898780823
waiting
going to web site
Hello world	Thread-20083	3

time: 946691297.5350641
diff: 16.464935898780823
waiting
going to web site
Hello world	Thread-20165	5

time: 946691314.5350641
diff: 20.464935898780823
waiting
going to web site
Hello world	Thread-20265	3

time: 946691335.533065
diff: 17.46693503856659
waiting
going to web site
Hello world	Thread-20346	5

time: 946691353.544065
diff: 10.455935001373291
waiting
going to web site
Hello world	Thread-20389	5

time: 946691364.542065
diff: 27.457934975624084
waiting
going to web site
Hello world	Thread-20544	7

time: 946691392.5350649
diff: 21.464935064315796
waiting
going to web site
Hello world	Thread-20651	5

time: 946691414.5350649
diff: 26.464935064315796
waiting
going to web site
Hello world	Thread-20776	7

time: 946691441.5350649
diff: 8.464935064315796
waiting
going to web site
Hello world	Thread-20822	6

time: 946691450.5448971
diff: 26.455102920532227
waiting
going to web site
Hello world	Thread-20945	7

time: 946691477.5350641
diff: 19.464935898780823
waiting
going to web site
Hello world	Thread-21037	7

time: 946691497.5350641
diff: 23.464935898780823
waiting
going to web site
Hello world	Thread-21151	6

time: 946691521.544065
diff: 18.45593500137329
waiting
going to web site
Hello world	Thread-21247	4

time: 946691540.542065
diff: 26.457934975624084
waiting
going to web site
Hello world	Thread-21362	4

time: 946691567.526064
diff: 29.473935961723328
waiting
going to web site
Hello world	Thread-21506	7

time: 946691597.5350641
diff: 21.464935898780823
waiting
going to web site
Hello world	Thread-21600	4

time: 946691619.5350641
diff: 15.464935898780823
waiting
going to web site
Hello world	Thread-21673	4

time: 946691635.5350641
diff: 23.464935898780823
waiting
going to web site
Hello world	Thread-21778	6

time: 946691659.526064
diff: 32.47393596172333
waiting
going to web site
Hello world	Thread-21923	7

time: 946691692.5350649
diff: 17.464935064315796
waiting
going to web site
Hello world	Thread-22004	7

time: 946691710.5350649
diff: 7.464935064315796
waiting
going to web site
Hello world	Thread-22038	4

time: 946691718.5350649
diff: 24.464935064315796
waiting
going to web site
Hello world	Thread-22145	4

time: 946691743.544065
diff: 40.45593500137329
waiting
going to web site
Hello world	Thread-22320	5

time: 946691784.544065
diff: 9.455935001373291
waiting
going to web site
Hello world	Thread-22371	5

time: 946691794.544065
diff: 13.455935001373291
waiting
going to web site
Hello world	Thread-22429	6

time: 946691808.544065
diff: 26.45593500137329
waiting
going to web site
Hello world	Thread-22546	4

time: 946691835.539065
diff: 23.46093499660492
waiting
going to web site
Hello world	Thread-22650	7

time: 946691859.5350641
diff: 19.464935898780823
waiting
going to web site
Hello world	Thread-22742	7

time: 946691879.5345191
diff: 40.46548092365265
waiting
going to web site
Hello world	Thread-22924	7

time: 946691920.5350641
diff: 12.464935898780823
waiting
going to web site
Hello world	Thread-22977	7

time: 946691933.526064
diff: 25.473935961723328
waiting
going to web site
Hello world	Thread-23110	4

time: 946691959.5350641
diff: 8.464935898780823
waiting
going to web site
Hello world	Thread-23146	6

time: 946691968.5350641
diff: 22.464935898780823
waiting
going to web site
Hello world	Thread-23259	5

time: 946691991.5350641
diff: 30.464935898780823
waiting
going to web site
Hello world	Thread-23396	6

time: 946692022.5350641
diff: 7.464935898780823
waiting
going to web site
Hello world	Thread-23440	7

time: 946692030.5350641
diff: 30.464935898780823
waiting
going to web site
Hello world	Thread-23595	6

time: 946692061.5350641
diff: 4.464935898780823
waiting
going to web site
Hello world	Thread-23613	5

time: 946692066.5350641
diff: 26.464935898780823
waiting
going to web site
Hello world	Thread-23742	6

time: 946692093.5350641
diff: 17.464935898780823
waiting
going to web site
Hello world	Thread-23824	5

time: 946692111.5350641
diff: 16.464935898780823
waiting
going to web site
Hello world	Thread-23910	6

time: 946692128.5350641
diff: 26.464935898780823
waiting
going to web site
Hello world	Thread-24034	6

time: 946692155.5350641
diff: 24.464935898780823
waiting
going to web site
Hello world	Thread-24142	7

time: 946692180.5350641
diff: 14.464935898780823
waiting
going to web site
Hello world	Thread-24211	6

time: 946692195.5350641
diff: 32.46493589878082
waiting
going to web site
Hello world	Thread-24372	4

time: 946692228.727408
diff: 28.272591948509216
waiting
going to web site
Hello world	Thread-24498	5

time: 946692257.723408
diff: 18.276592016220093
waiting
going to web site
Hello world	Thread-24589	7

time: 946692277.727409
diff: 14.2725909948349
waiting
going to web site
Hello world	Thread-24655	5

time: 946692292.718408
diff: 27.28159201145172
waiting
going to web site
Hello world	Thread-24785	6

time: 946692320.718409
diff: 30.281591057777405
waiting
going to web site
Hello world	Thread-24913	3

time: 946692351.718409
diff: 26.281591057777405
waiting
going to web site
Hello world	Thread-25037	3

time: 946692378.7312369
diff: 26.268763065338135
waiting
going to web site
Hello world	Thread-25145	3

time: 946692405.718409
diff: 17.281591057777405
waiting
going to web site
Hello world	Thread-25216	5

time: 946692423.718409
diff: 14.281591057777405
waiting
going to web site
Hello world	Thread-25284	5

time: 946692438.718409
diff: 33.281591057777405
waiting
going to web site
Hello world	Thread-25427	5

time: 946692472.7312369
diff: 21.268763065338135
waiting
going to web site
Hello world	Thread-25519	4

time: 946692494.7304089
diff: 11.269591093063354
waiting
going to web site
Hello world	Thread-25563	2

time: 946692506.7312369
diff: 33.268763065338135
waiting
going to web site
Hello world	Thread-25708	3

time: 946692540.7314091
diff: 11.268590927124023
waiting
going to web site
Hello world	Thread-25757	5

time: 946692552.731496
diff: 27.26850402355194
waiting
going to web site
Hello world	Thread-25885	3

time: 946692580.7312369
diff: 22.268763065338135
waiting
going to web site
Hello world	Thread-25978	3

time: 946692603.7314091
diff: 35.26859092712402
waiting
going to web site
Hello world	Thread-26127	3

time: 946692639.718408
diff: 10.281592011451721
waiting
going to web site
Hello world	Thread-26171	2

time: 946692650.7314091
diff: 16.268590927124023
waiting
going to web site
Hello world	Thread-26227	4

time: 946692667.7312369
diff: 29.268763065338135
waiting
going to web site
Hello world	Thread-26342	2

