time: 946686600.0
diff: 225.0
waiting
going to web site
Hello world	Thread-380	5

time: 946686825.538708
diff: 6.461292028427124
waiting
going to web site
Hello world	Thread-402	5

time: 946686832.544065
diff: 32.45593500137329
waiting
going to web site
Hello world	Thread-510	3

time: 946686865.526065
diff: 10.473935008049011
waiting
going to web site
Hello world	Thread-545	5

time: 946686876.5444089
diff: 22.455591082572937
waiting
going to web site
Hello world	Thread-641	4

time: 946686899.5342929
diff: 9.465707063674927
waiting
going to web site
Hello world	Thread-672	6

time: 946686909.5425
diff: 21.457499980926514
waiting
going to web site
Hello world	Thread-758	8

time: 946686931.530417
diff: 20.46958303451538
waiting
going to web site
Hello world	Thread-860	6

time: 946686952.543792
diff: 10.456207990646362
waiting
going to web site
Hello world	Thread-906	4

time: 946686963.527417
diff: 16.472583055496216
waiting
going to web site
Hello world	Thread-988	6

time: 946686980.5350649
diff: 23.464935064315796
waiting
going to web site
Hello world	Thread-1099	6

time: 946687004.541065
diff: 21.458935022354126
waiting
going to web site
Hello world	Thread-1198	5

time: 946687026.544065
diff: 35.45593500137329
waiting
going to web site
Hello world	Thread-1364	7

time: 946687062.5350649
diff: 26.464935064315796
waiting
going to web site
Hello world	Thread-1489	4

time: 946687089.5380651
diff: 25.46193492412567
waiting
going to web site
Hello world	Thread-1595	7

time: 946687115.5350641
diff: 23.464935898780823
waiting
going to web site
Hello world	Thread-1701	8

time: 946687139.532064
diff: 19.467936038970947
waiting
going to web site
Hello world	Thread-1786	8

time: 946687159.5450649
diff: 10.454935073852539
waiting
going to web site
Hello world	Thread-1834	2

time: 946687170.526065
diff: 28.47393500804901
waiting
going to web site
Hello world	Thread-1950	7

time: 946687199.540065
diff: 32.45993494987488
waiting
going to web site
Hello world	Thread-2092	5

time: 946687232.540064
diff: 17.459936022758484
waiting
going to web site
Hello world	Thread-2081	2

time: 946687250.539065
diff: -0.5390650033950806
going to web site
Hello world	Thread-2082	2

time: 946687251.0651289
diff: -0.06512892246246338
going to web site
Hello world	Thread-2083	2

time: 946687251.599193
diff: 0.4008070230484009
waiting
going to web site
Hello world	Thread-2084	2

time: 946687252.541065
diff: -0.541064977645874
going to web site
Hello world	Thread-2085	2

time: 946687253.070129
diff: -1.0701290369033813
going to web site
Hello world	Thread-2086	2

time: 946687253.601193
diff: -0.6011929512023926
going to web site
Hello world	Thread-2087	2

time: 946687254.127257
diff: -0.12725698947906494
going to web site
Hello world	Thread-2088	2

time: 946687254.6533209
diff: 0.34667909145355225
waiting
going to web site
Hello world	Thread-2089	2

time: 946687255.543065
diff: -0.5430649518966675
going to web site
Hello world	Thread-2090	2

time: 946687256.069129
diff: -1.0691289901733398
going to web site
Hello world	Thread-2091	2

time: 946687256.5951929
diff: -1.5951929092407227
going to web site
Hello world	Thread-2199	2

time: 946687257.130257
diff: -1.1302570104599
going to web site
Hello world	Thread-2092	2

time: 946687257.662321
diff: -0.6623209714889526
going to web site
Hello world	Thread-2093	2

time: 946687258.188385
diff: -1.188385009765625
going to web site
Hello world	Thread-2094	2

time: 946687258.714449
diff: -1.7144490480422974
going to web site
Hello world	Thread-2095	2

time: 946687259.240513
diff: -2.24051296710968
going to web site
Hello world	Thread-2097	2

time: 946687259.774577
diff: -0.7745770215988159
going to web site
Hello world	Thread-2098	2

time: 946687260.3006411
diff: -1.3006410598754883
going to web site
Hello world	Thread-2100	2

time: 946687260.826705
diff: -1.826704978942871
going to web site
Hello world	Thread-2101	2

time: 946687261.352769
diff: -2.3527690172195435
going to web site
Hello world	Thread-2103	2

time: 946687261.885654
diff: -2.8856539726257324
going to web site
Hello world	Thread-2105	2

time: 946687262.411718
diff: -3.411718010902405
going to web site
Hello world	Thread-2107	2

time: 946687262.937782
diff: -2.937782049179077
going to web site
Hello world	Thread-2109	2

time: 946687263.463846
diff: -0.46384596824645996
going to web site
Hello world	Thread-2111	2

time: 946687263.98991
diff: -0.9899100065231323
going to web site
Hello world	Thread-2112	3

time: 946687264.515974
diff: -1.5159740447998047
going to web site
Hello world	Thread-2114	3

time: 946687265.042038
diff: -1.0420379638671875
going to web site
Hello world	Thread-2116	2

time: 946687265.568102
diff: 6.43189799785614
waiting
going to web site
Hello world	Thread-2263	8

time: 946687272.532064
diff: 22.467936038970947
waiting
going to web site
Hello world	Thread-2372	5

time: 946687295.5350649
diff: 21.464935064315796
waiting
going to web site
Hello world	Thread-2468	7

time: 946687317.5350649
diff: 17.464935064315796
waiting
going to web site
Hello world	Thread-2120	2

time: 946687335.542065
diff: 15.457934975624084
waiting
going to web site
Hello world	Thread-2608	4

time: 946687351.526064
diff: 28.473935961723328
waiting
going to web site
Hello world	Thread-2748	5

time: 946687380.533091
diff: 20.466909050941467
waiting
going to web site
Hello world	Thread-2835	7

time: 946687401.542065
diff: 15.457934975624084
waiting
going to web site
Hello world	Thread-2908	7

time: 946687417.5345191
diff: 16.46548092365265
waiting
going to web site
Hello world	Thread-2979	2

time: 946687434.8398321
diff: 24.160167932510376
waiting
going to web site
Hello world	Thread-3093	4

time: 946687459.832832
diff: 1.1671680212020874
waiting
going to web site
Hello world	Thread-3101	2

time: 946687461.832833
diff: 35.16716694831848
waiting
going to web site
Hello world	Thread-3254	4

time: 946687497.832832
diff: 22.167168021202087
waiting
going to web site
Hello world	Thread-3356	4

time: 946687520.848833
diff: 13.151167035102844
waiting
going to web site
Hello world	Thread-3421	2

time: 946687534.841833
diff: 31.158167004585266
waiting
going to web site
Hello world	Thread-3553	3

time: 946687566.841833
diff: 20.158167004585266
waiting
going to web site
Hello world	Thread-3646	2

time: 946687587.841833
diff: 25.158167004585266
waiting
going to web site
Hello world	Thread-3764	3

time: 946687613.841833
diff: 35.158167004585266
waiting
going to web site
Hello world	Thread-3912	4

time: 946687649.841833
diff: 9.158167004585266
waiting
going to web site
Hello world	Thread-3968	2

time: 946687660.841833
diff: 30.158167004585266
waiting
going to web site
Hello world	Thread-4107	3

time: 946687691.841833
diff: 25.158167004585266
waiting
going to web site
Hello world	Thread-4216	4

time: 946687717.832833
diff: 23.16716694831848
waiting
going to web site
Hello world	Thread-4325	6

time: 946687742.836832
diff: 12.163167953491211
waiting
going to web site
Hello world	Thread-4382	5

time: 946687755.832832
diff: 31.167168021202087
waiting
going to web site
Hello world	Thread-4527	2

time: 946687787.841833
diff: 7.158167004585266
waiting
going to web site
Hello world	Thread-4563	2

time: 946687795.841833
diff: 23.158167004585266
waiting
going to web site
Hello world	Thread-4670	2

time: 946687819.841833
diff: 20.158167004585266
waiting
going to web site
Hello world	Thread-4764	3

time: 946687840.844833
diff: 29.15516698360443
waiting
going to web site
Hello world	Thread-4903	4

time: 946687870.832832
diff: 18.167168021202087
waiting
going to web site
Hello world	Thread-4987	2

time: 946687889.841833
diff: 8.158167004585266
waiting
going to web site
Hello world	Thread-5029	2

time: 946687898.841833
diff: 23.158167004585266
waiting
going to web site
Hello world	Thread-5147	3

time: 946687923.849833
diff: 26.150166988372803
waiting
going to web site
Hello world	Thread-5275	5

time: 946687950.832832
diff: 23.167168021202087
waiting
going to web site
Hello world	Thread-5391	3

time: 946687974.841833
diff: 25.158167004585266
waiting
going to web site
Hello world	Thread-5506	3

time: 946688000.841833
diff: 23.158167004585266
waiting
going to web site
Hello world	Thread-5617	3

time: 946688024.8588331
diff: 24.141166925430298
waiting
going to web site
Hello world	Thread-5724	4

time: 946688049.838832
diff: 26.161167979240417
waiting
going to web site
Hello world	Thread-5849	5

time: 946688076.832832
diff: 7.167168021202087
waiting
going to web site
Hello world	Thread-5888	5

time: 946688084.841833
diff: 19.158167004585266
waiting
going to web site
Hello world	Thread-5970	4

time: 946688104.841833
diff: 11.158167004585266
waiting
going to web site
Hello world	Thread-6022	2

time: 946688116.845833
diff: 30.15416705608368
waiting
going to web site
Hello world	Thread-6174	4

time: 946688150.845833
diff: 12.15416705608368
waiting
going to web site
Hello world	Thread-6220	4

time: 946688163.841833
diff: 31.158167004585266
waiting
going to web site
Hello world	Thread-6367	3

time: 946688196.841833
diff: 20.158167004585266
waiting
going to web site
Hello world	Thread-6461	3

time: 946688217.841833
diff: 25.158167004585266
waiting
going to web site
Hello world	Thread-6588	3

time: 946688246.841833
diff: 16.158167004585266
waiting
going to web site
Hello world	Thread-6664	4

time: 946688263.841833
diff: 30.158167004585266
waiting
going to web site
Hello world	Thread-6797	3

time: 946688294.832833
diff: 19.16716694831848
waiting
going to web site
Hello world	Thread-6889	6

time: 946688314.832832
diff: 17.167168021202087
waiting
going to web site
Hello world	Thread-6968	3

time: 946688332.841833
diff: 33.158167004585266
waiting
going to web site
Hello world	Thread-7116	5

time: 946688367.841833
diff: 21.158167004585266
waiting
going to web site
Hello world	Thread-7221	3

time: 946688389.841833
diff: 20.158167004585266
waiting
going to web site
Hello world	Thread-7312	4

time: 946688410.848833
diff: 13.151167035102844
waiting
going to web site
Hello world	Thread-7376	4

time: 946688424.832833
diff: 37.16716694831848
waiting
going to web site
Hello world	Thread-7544	4

time: 946688462.832832
diff: 5.167168021202087
waiting
going to web site
Hello world	Thread-7587	5

time: 946688471.841833
diff: 15.158167004585266
waiting
going to web site
Hello world	Thread-7655	4

time: 946688487.841833
diff: 25.158167004585266
waiting
going to web site
Hello world	Thread-7768	3

time: 946688513.845833
diff: 15.15416705608368
waiting
going to web site
Hello world	Thread-7835	3

time: 946688529.841833
diff: 30.158167004585266
waiting
going to web site
Hello world	Thread-7976	2

time: 946688560.841833
diff: 17.158167004585266
waiting
going to web site
Hello world	Thread-8054	2

time: 946688578.832833
diff: 14.167166948318481
waiting
going to web site
Hello world	Thread-8120	5

time: 946688593.837832
diff: 21.16216802597046
waiting
going to web site
Hello world	Thread-8219	2

time: 946688615.844833
diff: 32.15516698360443
waiting
going to web site
Hello world	Thread-8357	5

time: 946688649.832832
diff: 13.167168021202087
waiting
going to web site
Hello world	Thread-8423	2

time: 946688663.919777
diff: 39.080222964286804
waiting
going to web site
Hello world	Thread-8583	2

time: 946688703.901776
diff: 15.09822404384613
waiting
going to web site
Hello world	Thread-8646	2

time: 946688719.910841
diff: 35.08915901184082
waiting
going to web site
Hello world	Thread-8796	2

time: 946688755.901777
diff: 23.098222970962524
waiting
going to web site
Hello world	Thread-8884	2

time: 946688779.9027761
diff: 30.0972238779068
waiting
going to web site
Hello world	Thread-9012	2

time: 946688810.910776
diff: 18.089223980903625
waiting
going to web site
Hello world	Thread-9086	2

time: 946688829.9027761
diff: 21.0972238779068
waiting
going to web site
Hello world	Thread-9194	2

time: 946688852.9067761
diff: 19.093223929405212
waiting
going to web site
Hello world	Thread-9271	2

time: 946688873.9027761
diff: 14.0972238779068
waiting
going to web site
Hello world	Thread-9345	2

time: 946688889.901776
diff: 39.09822404384613
waiting
going to web site
Hello world	Thread-9517	2

time: 946688929.910777
diff: 16.08922302722931
waiting
going to web site
Hello world	Thread-9587	2

time: 946688946.910777
diff: 23.08922302722931
waiting
going to web site
Hello world	Thread-9705	2

time: 946688970.910777
diff: 15.089223027229309
waiting
going to web site
Hello world	Thread-9776	2

time: 946688986.910777
diff: 25.08922302722931
waiting
going to web site
Hello world	Thread-9897	2

time: 946689012.910777
diff: 11.089223027229309
waiting
going to web site
Hello world	Thread-9953	2

time: 946689024.910777
diff: 37.08922302722931
waiting
going to web site
Hello world	Thread-10122	2

time: 946689062.910777
diff: 17.08922302722931
waiting
going to web site
Hello world	Thread-10215	2

time: 946689080.910777
diff: 11.089223027229309
waiting
going to web site
Hello world	Thread-10265	2

time: 946689092.910777
diff: 39.08922302722931
waiting
going to web site
Hello world	Thread-10455	2

time: 946689132.910777
diff: 2.089223027229309
waiting
going to web site
Hello world	Thread-10471	2

time: 946689136.901777
diff: 27.098222970962524
waiting
going to web site
Hello world	Thread-10609	2

time: 946689165.9027761
diff: 6.097223877906799
waiting
going to web site
Hello world	Thread-10638	2

time: 946689172.9027761
diff: 13.0972238779068
waiting
going to web site
Hello world	Thread-10711	2

time: 946689186.908848
diff: 27.09115195274353
waiting
going to web site
Hello world	Thread-10845	2

time: 946689214.9067761
diff: 29.093223929405212
waiting
going to web site
Hello world	Thread-10985	2

time: 946689244.9027761
diff: 12.0972238779068
waiting
going to web site
Hello world	Thread-11058	2

time: 946689258.901776
diff: 32.09822404384613
waiting
going to web site
Hello world	Thread-11209	7

time: 946689291.5350649
diff: 13.464935064315796
waiting
going to web site
Hello world	Thread-11278	6

time: 946689305.540065
diff: 20.459934949874878
waiting
going to web site
Hello world	Thread-11373	4

time: 946689326.5350641
diff: 30.464935898780823
waiting
going to web site
Hello world	Thread-11519	3

time: 946689357.5350641
diff: 11.464935898780823
waiting
going to web site
Hello world	Thread-11574	7

time: 946689369.5350641
diff: 19.464935898780823
waiting
going to web site
Hello world	Thread-11672	3

time: 946689389.5350641
diff: 24.464935898780823
waiting
going to web site
Hello world	Thread-11775	7

time: 946689414.530064
diff: 10.46993601322174
waiting
going to web site
Hello world	Thread-11830	5

time: 946689425.539065
diff: 37.46093499660492
waiting
going to web site
Hello world	Thread-12002	4

time: 946689463.5350641
diff: 21.464935898780823
waiting
going to web site
Hello world	Thread-12109	6

time: 946689485.5350641
diff: 8.464935898780823
waiting
going to web site
Hello world	Thread-12150	6

time: 946689494.526064
diff: 28.473935961723328
waiting
going to web site
Hello world	Thread-12272	4

time: 946689523.5350641
diff: 10.464935898780823
waiting
going to web site
Hello world	Thread-12322	6

time: 946689534.530064
diff: 15.46993601322174
waiting
going to web site
Hello world	Thread-12400	6

time: 946689550.526065
diff: 37.47393500804901
waiting
going to web site
Hello world	Thread-12579	6

time: 946689588.536065
diff: 26.463935017585754
waiting
going to web site
Hello world	Thread-12688	6

time: 946689615.544065
diff: 17.45593500137329
waiting
going to web site
Hello world	Thread-12777	6

time: 946689633.544065
diff: 34.45593500137329
waiting
going to web site
Hello world	Thread-12939	6

time: 946689668.5300651
diff: 16.469934940338135
waiting
going to web site
Hello world	Thread-13028	7

time: 946689685.5350641
diff: 31.464935898780823
waiting
going to web site
Hello world	Thread-13170	4

time: 946689717.526064
diff: 10.473935961723328
waiting
going to web site
Hello world	Thread-13208	7

time: 946689728.534518
diff: 18.465481996536255
waiting
going to web site
Hello world	Thread-13301	7

time: 946689747.5350641
diff: 12.464935898780823
waiting
going to web site
Hello world	Thread-13365	6

time: 946689760.5350641
diff: 29.464935898780823
waiting
going to web site
Hello world	Thread-13496	7

time: 946689790.5350641
diff: 18.464935898780823
waiting
going to web site
Hello world	Thread-13581	7

time: 946689809.5350641
diff: 18.464935898780823
waiting
going to web site
Hello world	Thread-13667	6

time: 946689828.5350641
diff: 15.464935898780823
waiting
going to web site
Hello world	Thread-13748	4

time: 946689844.5350641
diff: 20.464935898780823
waiting
going to web site
Hello world	Thread-13847	7

time: 946689865.5350641
diff: 15.464935898780823
waiting
going to web site
Hello world	Thread-13924	6

time: 946689881.5350641
diff: 26.464935898780823
waiting
going to web site
Hello world	Thread-14047	7

time: 946689908.832832
diff: 33.16716802120209
waiting
going to web site
Hello world	Thread-14189	4

time: 946689942.842565
diff: 5.157435059547424
waiting
going to web site
Hello world	Thread-14223	3

time: 946689948.835833
diff: 37.164167046546936
waiting
going to web site
Hello world	Thread-14398	4

time: 946689989.841833
diff: 8.158167004585266
waiting
going to web site
Hello world	Thread-14436	3

time: 946689998.841833
diff: 27.158167004585266
waiting
going to web site
Hello world	Thread-14563	2

time: 946690026.841833
diff: 22.158167004585266
waiting
going to web site
Hello world	Thread-14654	3

time: 946690049.851665
diff: 22.148334980010986
waiting
going to web site
Hello world	Thread-14750	4

time: 946690072.832832
diff: 37.16716802120209
waiting
going to web site
Hello world	Thread-14917	3

time: 946690110.832833
diff: 18.16716694831848
waiting
going to web site
Hello world	Thread-14994	5

time: 946690129.832832
diff: 19.167168021202087
waiting
going to web site
Hello world	Thread-15078	2

time: 946690149.832833
diff: 31.16716694831848
waiting
going to web site
Hello world	Thread-15210	3

time: 946690181.832832
diff: 17.167168021202087
waiting
going to web site
Hello world	Thread-15287	3

time: 946690199.841833
diff: 19.158167004585266
waiting
going to web site
Hello world	Thread-15372	2

time: 946690219.832833
diff: 10.167166948318481
waiting
going to web site
Hello world	Thread-15430	4

time: 946690230.832832
diff: 25.167168021202087
waiting
going to web site
Hello world	Thread-15538	2

time: 946690256.841833
diff: 22.158167004585266
waiting
going to web site
Hello world	Thread-15640	2

time: 946690279.832833
diff: 24.16716694831848
waiting
going to web site
Hello world	Thread-15748	3

time: 946690304.832832
diff: 28.167168021202087
waiting
going to web site
Hello world	Thread-15868	3

time: 946690333.832833
diff: 30.16716694831848
waiting
going to web site
Hello world	Thread-16003	6

time: 946690364.840832
diff: 13.159168004989624
waiting
going to web site
Hello world	Thread-16068	2

time: 946690378.841833
diff: 25.158167004585266
waiting
going to web site
Hello world	Thread-16183	2

time: 946690404.841833
diff: 20.158167004585266
waiting
going to web site
Hello world	Thread-16269	2

time: 946690425.841833
diff: 12.158167004585266
waiting
going to web site
Hello world	Thread-16330	2

time: 946690438.841833
diff: 28.158167004585266
waiting
going to web site
Hello world	Thread-16454	2

time: 946690467.842833
diff: 27.157166957855225
waiting
going to web site
Hello world	Thread-16579	3

time: 946690495.836832
diff: 26.16316795349121
waiting
going to web site
Hello world	Thread-16698	5

time: 946690523.843832
diff: 24.15616798400879
waiting
going to web site
Hello world	Thread-16807	3

time: 946690548.832832
diff: 12.167168021202087
waiting
going to web site
Hello world	Thread-16864	5

time: 946690561.845833
diff: 33.15416705608368
waiting
going to web site
Hello world	Thread-17013	6

time: 946690595.832833
diff: 16.16716694831848
waiting
going to web site
Hello world	Thread-17078	6

time: 946690612.841249
diff: 13.158751010894775
waiting
going to web site
Hello world	Thread-17141	4

time: 946690626.841833
diff: 21.158167004585266
waiting
going to web site
Hello world	Thread-17234	2

time: 946690648.841833
diff: 30.158167004585266
waiting
going to web site
Hello world	Thread-17369	6

time: 946690679.841833
diff: 18.158167004585266
waiting
going to web site
Hello world	Thread-17459	2

time: 946690699.841833
diff: 20.158167004585266
waiting
going to web site
Hello world	Thread-17553	3

time: 946690721.841833
diff: 19.158167004585266
waiting
going to web site
Hello world	Thread-17641	2

time: 946690741.841833
diff: 22.158167004585266
waiting
going to web site
Hello world	Thread-17734	4

time: 946690764.832833
diff: 31.16716694831848
waiting
going to web site
Hello world	Thread-17881	5

time: 946690796.836832
diff: 35.16316795349121
waiting
going to web site
Hello world	Thread-18038	5

time: 946690832.832832
diff: 13.167168021202087
waiting
going to web site
Hello world	Thread-18087	4

time: 946690846.841833
diff: 12.158167004585266
waiting
going to web site
Hello world	Thread-18138	2

time: 946690859.841833
diff: 22.158167004585266
waiting
going to web site
Hello world	Thread-18238	2

time: 946690882.841833
diff: 22.158167004585266
waiting
going to web site
Hello world	Thread-18340	3

time: 946690905.841833
diff: 26.158167004585266
waiting
going to web site
Hello world	Thread-18456	2

time: 946690932.841833
diff: 28.158167004585266
waiting
going to web site
Hello world	Thread-18579	3

time: 946690961.841897
diff: 23.158102989196777
waiting
going to web site
Hello world	Thread-18684	4

time: 946690985.832832
diff: 17.167168021202087
waiting
going to web site
Hello world	Thread-18762	3

time: 946691003.841833
diff: 21.158167004585266
waiting
going to web site
Hello world	Thread-18861	2

time: 946691026.8511289
diff: 34.148871064186096
waiting
going to web site
Hello world	Thread-19017	2

time: 946691061.845833
diff: 20.15416705608368
waiting
going to web site
Hello world	Thread-19109	3

time: 946691082.832833
diff: 7.1671669483184814
waiting
going to web site
Hello world	Thread-19144	2

time: 946691090.832832
diff: 36.16716802120209
waiting
going to web site
Hello world	Thread-19307	3

time: 946691127.699561
diff: 21.3004390001297
waiting
going to web site
Hello world	Thread-19406	5

time: 946691149.699561
diff: 13.3004390001297
waiting
going to web site
Hello world	Thread-19471	3

time: 946691163.699561
diff: 34.3004390001297
waiting
going to web site
Hello world	Thread-19627	4

time: 946691198.699561
diff: 16.3004390001297
waiting
going to web site
Hello world	Thread-19702	5

time: 946691215.699561
diff: 14.3004390001297
waiting
going to web site
Hello world	Thread-19774	5

time: 946691230.7085611
diff: 24.291438937187195
waiting
going to web site
Hello world	Thread-19891	6

time: 946691255.6995599
diff: 9.300440073013306
waiting
going to web site
Hello world	Thread-19939	5

time: 946691265.699561
diff: 13.3004390001297
waiting
going to web site
Hello world	Thread-20000	5

time: 946691279.699561
diff: 31.3004390001297
waiting
going to web site
Hello world	Thread-20148	5

time: 946691311.699561
diff: 31.3004390001297
waiting
going to web site
Hello world	Thread-20296	4

time: 946691343.699561
diff: 20.3004390001297
waiting
going to web site
Hello world	Thread-20390	4

time: 946691364.713817
diff: 19.2861829996109
waiting
going to web site
Hello world	Thread-20507	6

time: 946691384.6995599
diff: 21.300440073013306
waiting
going to web site
Hello world	Thread-20613	5

time: 946691406.699561
diff: 13.3004390001297
waiting
going to web site
Hello world	Thread-20681	7

time: 946691420.699561
diff: 22.3004390001297
waiting
going to web site
Hello world	Thread-20791	6

time: 946691444.699561
diff: 15.3004390001297
waiting
going to web site
Hello world	Thread-20872	6

time: 946691460.699561
diff: 16.3004390001297
waiting
going to web site
Hello world	Thread-20947	5

time: 946691477.699561
diff: 18.3004390001297
waiting
going to web site
Hello world	Thread-21033	4

time: 946691496.699561
diff: 29.3004390001297
waiting
going to web site
Hello world	Thread-21182	4

time: 946691526.699561
diff: 19.3004390001297
waiting
going to web site
Hello world	Thread-21268	6

time: 946691546.699561
diff: 24.3004390001297
waiting
going to web site
Hello world	Thread-21380	3

time: 946691571.699561
diff: 8.3004390001297
waiting
going to web site
Hello world	Thread-21427	4

time: 946691580.699561
diff: 19.3004390001297
waiting
going to web site
Hello world	Thread-21517	4

time: 946691600.699561
diff: 35.3004390001297
waiting
going to web site
Hello world	Thread-21678	4

time: 946691636.7085611
diff: 5.291438937187195
waiting
going to web site
Hello world	Thread-21704	7

time: 946691642.6995599
diff: 34.300440073013306
waiting
going to web site
Hello world	Thread-21852	6

time: 946691677.699561
diff: 25.3004390001297
waiting
going to web site
Hello world	Thread-21972	5

time: 946691703.699561
diff: 22.3004390001297
waiting
going to web site
Hello world	Thread-22074	7

time: 946691726.699561
diff: 13.3004390001297
waiting
going to web site
Hello world	Thread-22137	3

time: 946691741.842833
diff: 40.157166957855225
waiting
going to web site
Hello world	Thread-22311	3

time: 946691782.836832
diff: 26.16316795349121
waiting
going to web site
Hello world	Thread-22435	6

time: 946691809.832832
diff: 11.167168021202087
waiting
going to web site
Hello world	Thread-22490	3

time: 946691821.832833
diff: 13.167166948318481
waiting
going to web site
Hello world	Thread-22548	2

time: 946691835.836832
diff: 24.16316795349121
waiting
going to web site
Hello world	Thread-22658	6

time: 946691860.832832
diff: 30.167168021202087
waiting
going to web site
Hello world	Thread-22796	3

time: 946691891.841833
diff: 20.158167004585266
waiting
going to web site
Hello world	Thread-22887	4

time: 946691912.841833
diff: 7.158167004585266
waiting
going to web site
Hello world	Thread-22928	3

time: 946691920.841833
diff: 28.158167004585266
waiting
going to web site
Hello world	Thread-23060	3

time: 946691949.841833
diff: 30.158167004585266
waiting
going to web site
Hello world	Thread-23204	3

time: 946691980.841833
diff: 18.158167004585266
waiting
going to web site
Hello world	Thread-23295	4

time: 946691999.841833
diff: 21.158167004585266
waiting
going to web site
Hello world	Thread-23395	3

time: 946692021.841833
diff: 25.158167004585266
waiting
going to web site
Hello world	Thread-23532	2

time: 946692048.859481
diff: 11.14051902294159
waiting
going to web site
Hello world	Thread-23593	3

time: 946692060.841833
diff: 12.158167004585266
waiting
going to web site
Hello world	Thread-23652	3

time: 946692073.841833
diff: 41.158167004585266
waiting
going to web site
Hello world	Thread-23868	3

time: 946692118.843833
diff: 16.156167030334473
waiting
going to web site
Hello world	Thread-23945	3

time: 946692135.841833
diff: 8.158167004585266
waiting
going to web site
Hello world	Thread-23988	3

time: 946692144.841833
diff: 29.158167004585266
waiting
going to web site
Hello world	Thread-24124	2

time: 946692174.8426639
diff: 14.157336115837097
waiting
going to web site
Hello world	Thread-24193	5

time: 946692189.841833
diff: 9.158167004585266
waiting
going to web site
Hello world	Thread-24233	2

time: 946692199.841833
diff: 14.158167004585266
waiting
going to web site
Hello world	Thread-24306	3

time: 946692214.841897
diff: 24.158102989196777
waiting
going to web site
Hello world	Thread-24411	7

time: 946692239.832832
diff: 15.167168021202087
waiting
going to web site
Hello world	Thread-24492	3

time: 946692255.841833
diff: 35.158167004585266
waiting
going to web site
Hello world	Thread-24651	3

time: 946692291.832833
diff: 22.16716694831848
waiting
going to web site
Hello world	Thread-24755	3

time: 946692314.832832
diff: 16.167168021202087
waiting
going to web site
Hello world	Thread-24831	3

time: 946692331.832833
diff: 39.16716694831848
waiting
going to web site
Hello world	Thread-25002	4

time: 946692371.832832
diff: 23.167168021202087
waiting
going to web site
Hello world	Thread-25113	3

time: 946692396.842833
diff: 21.157166957855225
waiting
going to web site
Hello world	Thread-25196	3

time: 946692418.832832
diff: 9.167168021202087
waiting
going to web site
Hello world	Thread-25243	2

time: 946692428.841833
diff: 35.158167004585266
waiting
going to web site
Hello world	Thread-25388	2

time: 946692464.841833
diff: 17.158167004585266
waiting
going to web site
Hello world	Thread-25469	3

time: 946692482.832833
diff: 29.16716694831848
waiting
going to web site
Hello world	Thread-25594	6

time: 946692512.832832
diff: 16.167168021202087
waiting
going to web site
Hello world	Thread-25662	3

time: 946692529.832833
diff: 17.16716694831848
waiting
going to web site
Hello world	Thread-25742	4

time: 946692547.832832
diff: 38.16716802120209
waiting
going to web site
Hello world	Thread-25909	2

time: 946692586.832833
diff: 14.167166948318481
waiting
going to web site
Hello world	Thread-25968	3

time: 946692601.832832
diff: 20.167168021202087
waiting
going to web site
Hello world	Thread-26070	3

time: 946692623.852068
diff: 20.147932052612305
waiting
going to web site
Hello world	Thread-26142	3

time: 946692644.841833
diff: 30.158167004585266
waiting
going to web site
Hello world	Thread-26266	3

time: 946692675.832833
diff: 22.16716694831848
waiting
going to web site
Hello world	Thread-26343	3

time: 946692698.832832
diff: 15.167168021202087
waiting
going to web site
Hello world	Thread-26387	2

time: 946692714.841833
diff: 26.158167004585266
waiting
going to web site
Hello world	Thread-26469	3

time: 946692741.832833
diff: 35.16716694831848
waiting
going to web site
Hello world	Thread-26557	3

time: 946692777.832832
diff: 16.167168021202087
waiting
going to web site
Hello world	Thread-26594	4

time: 946692794.832833
diff: 13.167166948318481
waiting
going to web site
Hello world	Thread-26627	2

