time: 946686600.0
diff: 0.0
going to web site
Hello world	Thread-61	3

time: 946686663.849684
diff: 56.15031599998474
waiting
going to web site
Hello world	Thread-106	2

time: 946686751.849684
diff: 88.15031599998474
waiting
going to web site
Hello world	Thread-170	2

time: 946686847.849684
diff: 52.15031599998474
waiting
going to web site
Hello world	Thread-198	2

time: 946686903.8684419
diff: 56.13155806064606
waiting
going to web site
Hello world	Thread-225	2

time: 946686963.849685
diff: 57.150315046310425
waiting
going to web site
Hello world	Thread-269	3

time: 946687028.858685
diff: 112.14131498336792
waiting
going to web site
Hello world	Thread-336	2

time: 946687156.8616841
diff: 44.1383159160614
waiting
going to web site
Hello world	Thread-354	5

time: 946687204.656908
diff: 116.34309196472168
waiting
going to web site
Hello world	Thread-403	5

time: 946687321.646908
diff: 119.35309195518494
waiting
going to web site
Hello world	Thread-471	5

time: 946687441.655909
diff: 59.344091057777405
waiting
going to web site
Hello world	Thread-509	3

time: 946687502.6559091
diff: 59.344090938568115
waiting
going to web site
Hello world	Thread-560	5

time: 946687569.656908
diff: 112.34309196472168
waiting
going to web site
Hello world	Thread-603	6

time: 946687682.646908
diff: 119.35309195518494
waiting
going to web site
Hello world	Thread-694	5

time: 946687833.777364
diff: 88.22263598442078
waiting
going to web site
Hello world	Thread-764	4

time: 946687929.777364
diff: 112.22263598442078
waiting
going to web site
Hello world	Thread-827	4

time: 946688049.7773641
diff: 113.22263586521149
waiting
going to web site
Hello world	Thread-894	6

time: 946688178.7773641
diff: 44.22263586521149
waiting
going to web site
Hello world	Thread-925	6

time: 946688238.7773641
diff: 44.22263586521149
waiting
going to web site
Hello world	Thread-958	5

