time: 946686600.0
diff: 0.0
going to web site
Hello world	Thread-159	6

time: 946686751.821879
diff: -30.821879029273987
going to web site
Hello world	Thread-165	6

time: 946686752.4025351
diff: 88.59746491909027
waiting
going to web site
Hello world	Thread-294	7

time: 946686844.5856571
diff: 56.41434288024902
waiting
going to web site
Hello world	Thread-377	3

time: 946686908.590656
diff: 52.409343957901
waiting
going to web site
Hello world	Thread-428	4

time: 946686962.588656
diff: 58.411344051361084
waiting
going to web site
Hello world	Thread-526	7

time: 946687052.600518
diff: 88.39948201179504
waiting
going to web site
Hello world	Thread-732	5

time: 946687262.891484
diff: -1.891484022140503
going to web site
Hello world	Thread-739	5

time: 946687263.4721401
diff: 118.52785992622375
waiting
going to web site
Hello world	Thread-906	5

time: 946687389.586657
diff: 52.41334295272827
waiting
going to web site
Hello world	Thread-982	6

time: 946687449.588657
diff: 112.41134297847748
waiting
going to web site
Hello world	Thread-1208	5

time: 946687682.914312
diff: -0.9143120050430298
going to web site
Hello world	Thread-1214	8

time: 946687683.51914
diff: 118.4808599948883
waiting
going to web site
Hello world	Thread-1378	5

time: 946687809.590656
diff: 52.409343957901
waiting
going to web site
Hello world	Thread-1398	3

time: 946687862.5836561
diff: 60.41634392738342
waiting
going to web site
Hello world	Thread-1491	4

time: 946687924.593657
diff: 118.40634298324585
waiting
going to web site
Hello world	Thread-1637	5

time: 946688044.582656
diff: 58.417343974113464
waiting
going to web site
Hello world	Thread-1692	2

time: 946688103.580656
diff: 59.41934394836426
waiting
going to web site
Hello world	Thread-1786	3

time: 946688178.590656
diff: 44.409343957901
waiting
going to web site
Hello world	Thread-1892	3

time: 946688286.590656
diff: 56.409343957901
waiting
going to web site
Hello world	Thread-1932	3

