1670348651.282225435 UTC seconds since epoch
              total        used        free      shared     buffers       cache   available
Mem:    33564262400  8315453440  8192421888   250097664  1828438016 15227949056 24528064512
Low:    33564262400 25371840512  8192421888
High:             0           0           0
Swap:    4294434816     6815744  4287619072
1670348652.290236521 UTC seconds since epoch
              total        used        free      shared     buffers       cache   available
Mem:    33564262400  8660832256  7838093312   250097664  1828438016 15236898816 24182718464
Low:    33564262400 25726169088  7838093312
High:             0           0           0
Swap:    4294434816     6815744  4287619072
1670348653.298366347 UTC seconds since epoch
              total        used        free      shared     buffers       cache   available
Mem:    33564262400  8859312128  7639400448   250097664  1828450304 15237099520 23984246784
Low:    33564262400 25924861952  7639400448
High:             0           0           0
Swap:    4294434816     6815744  4287619072
1670348654.306360132 UTC seconds since epoch
              total        used        free      shared     buffers       cache   available
Mem:    33564262400  8917057536  7581650944   250097664  1828450304 15237103616 23926517760
Low:    33564262400 25982611456  7581650944
High:             0           0           0
Swap:    4294434816     6815744  4287619072
1670348655.314372382 UTC seconds since epoch
              total        used        free      shared     buffers       cache   available
Mem:    33564262400  8999534592  7499173888   250097664  1828450304 15237103616 23844040704
Low:    33564262400 26065088512  7499173888
High:             0           0           0
Swap:    4294434816     6815744  4287619072
1670348656.322137024 UTC seconds since epoch
              total        used        free      shared     buffers       cache   available
Mem:    33564262400  9170194432  7327084544   250032128  1828450304 15238533120 23673446400
Low:    33564262400 26237177856  7327084544
High:             0           0           0
Swap:    4294434816     6815744  4287619072
1670348657.330436661 UTC seconds since epoch
              total        used        free      shared     buffers       cache   available
Mem:    33564262400  9337217024  7159435264   250097664  1828450304 15239159808 23506358272
Low:    33564262400 26404827136  7159435264
High:             0           0           0
Swap:    4294434816     6815744  4287619072
1670348658.338191012 UTC seconds since epoch
              total        used        free      shared     buffers       cache   available
Mem:    33564262400  9497784320  6998142976   250097664  1828458496 15239876608 23345790976
Low:    33564262400 26566119424  6998142976
High:             0           0           0
Swap:    4294434816     6815744  4287619072
1670348659.346610496 UTC seconds since epoch
              total        used        free      shared     buffers       cache   available
Mem:    33564262400  9674244096  6821388288   250339328  1828458496 15240171520 23169089536
Low:    33564262400 26742874112  6821388288
High:             0           0           0
Swap:    4294434816     6815744  4287619072
1670348660.354097198 UTC seconds since epoch
              total        used        free      shared     buffers       cache   available
Mem:    33564262400  9849520128  6645403648   250449920  1828458496 15240880128 22993702912
Low:    33564262400 26918858752  6645403648
High:             0           0           0
Swap:    4294434816     6815744  4287619072
1670348661.362345077 UTC seconds since epoch
              total        used        free      shared     buffers       cache   available
Mem:    33564262400 10022879232  6470529024   250449920  1828458496 15242395648 22820343808
Low:    33564262400 27093733376  6470529024
High:             0           0           0
Swap:    4294434816     6815744  4287619072
1670348662.370043552 UTC seconds since epoch
              total        used        free      shared     buffers       cache   available
Mem:    33564262400 10190565376  6306131968   247160832  1828458496 15239106560 22655946752
Low:    33564262400 27258130432  6306131968
High:             0           0           0
Swap:    4294434816     6815744  4287619072
1670348663.378333102 UTC seconds since epoch
              total        used        free      shared     buffers       cache   available
Mem:    33564262400 10256498688  6236663808   250449920  1828466688 15242633216 22586716160
Low:    33564262400 27327598592  6236663808
High:             0           0           0
Swap:    4294434816     6815744  4287619072
1670348664.386499114 UTC seconds since epoch
              total        used        free      shared     buffers       cache   available
Mem:    33564262400 10347581440  6145581056   250449920  1828466688 15242633216 22495641600
Low:    33564262400 27418681344  6145581056
High:             0           0           0
Swap:    4294434816     6815744  4287619072
1670348665.394317262 UTC seconds since epoch
              total        used        free      shared     buffers       cache   available
Mem:    33564262400  9544216576  6930796544   256311296  1828569088 15260680192 23292801024
Low:    33564262400 26633465856  6930796544
High:             0           0           0
Swap:    4294434816     6815744  4287619072
1670348666.402032932 UTC seconds since epoch
              total        used        free      shared     buffers       cache   available
Mem:    33564262400  9549774848  6853410816   320610304  1828601856 15332474880 23222935552
Low:    33564262400 26710851584  6853410816
High:             0           0           0
Swap:    4294434816     6815744  4287619072
1670348667.410329336 UTC seconds since epoch
              total        used        free      shared     buffers       cache   available
Mem:    33564262400  9607688192  6700466176   398790656  1828610048 15427497984 23086268416
Low:    33564262400 26863796224  6700466176
High:             0           0           0
Swap:    4294434816     6815744  4287619072
1670348668.418483473 UTC seconds since epoch
              total        used        free      shared     buffers       cache   available
Mem:    33564262400  9608974336  6665969664   421199872  1828610048 15460708352 23062540288
Low:    33564262400 26898292736  6665969664
High:             0           0           0
Swap:    4294434816     6815744  4287619072
1670348669.426170725 UTC seconds since epoch
              total        used        free      shared     buffers       cache   available
Mem:    33564262400  9608515584  6597246976   481685504  1828610048 15529889792 23002275840
Low:    33564262400 26967015424  6597246976
High:             0           0           0
Swap:    4294434816     6815744  4287619072
1670348670.434250308 UTC seconds since epoch
              total        used        free      shared     buffers       cache   available
Mem:    33564262400  9617866752  6556573696   505380864  1828638720 15561183232 22969823232
Low:    33564262400 27007688704  6556573696
High:             0           0           0
Swap:    4294434816     6815744  4287619072
1670348671.442597722 UTC seconds since epoch
              total        used        free      shared     buffers       cache   available
Mem:    33564262400  9613754368  6548070400   505544704  1828638720 15573798912 22973177856
Low:    33564262400 27016192000  6548070400
High:             0           0           0
Swap:    4294434816     6815744  4287619072
1670348672.450652401 UTC seconds since epoch
              total        used        free      shared     buffers       cache   available
Mem:    33564262400  9618296832  6488461312   550055936  1828638720 15628865536 22925221888
Low:    33564262400 27075801088  6488461312
High:             0           0           0
Swap:    4294434816     6815744  4287619072
1670348673.458555755 UTC seconds since epoch
              total        used        free      shared     buffers       cache   available
Mem:    33564262400  9618067456  6449754112   581312512  1828646912 15667793920 22893694976
Low:    33564262400 27114508288  6449754112
High:             0           0           0
Swap:    4294434816     6815744  4287619072
1670348674.466066945 UTC seconds since epoch
              total        used        free      shared     buffers       cache   available
Mem:    33564262400  9615716352  6432124928   591597568  1828646912 15687774208 22885752832
Low:    33564262400 27132137472  6432124928
High:             0           0           0
Swap:    4294434816     6815744  4287619072
1670348675.474533799 UTC seconds since epoch
              total        used        free      shared     buffers       cache   available
Mem:    33564262400  9623343104  6412828672   592252928  1828651008 15699439616 22877777920
Low:    33564262400 27151433728  6412828672
High:             0           0           0
Swap:    4294434816     6815744  4287619072
1670348676.482505000 UTC seconds since epoch
              total        used        free      shared     buffers       cache   available
Mem:    33564262400  9626509312  6400372736   592703488  1828786176 15708594176 22874443776
Low:    33564262400 27163889664  6400372736
High:             0           0           0
Swap:    4294434816     6815744  4287619072
1670348677.490476482 UTC seconds since epoch
              total        used        free      shared     buffers       cache   available
Mem:    33564262400  9620443136  6396600320   593059840  1828786176 15718432768 22880153600
Low:    33564262400 27167662080  6396600320
High:             0           0           0
Swap:    4294434816     6815744  4287619072
1670348678.498543365 UTC seconds since epoch
              total        used        free      shared     buffers       cache   available
Mem:    33564262400  9626021888  6373171200   602480640  1828786176 15736283136 22865108992
Low:    33564262400 27191091200  6373171200
High:             0           0           0
Swap:    4294434816     6815744  4287619072
1670348679.506873799 UTC seconds since epoch
              total        used        free      shared     buffers       cache   available
Mem:    33564262400  9629933568  6359752704   602853376  1828786176 15745789952 22860558336
Low:    33564262400 27204509696  6359752704
High:             0           0           0
Swap:    4294434816     6815744  4287619072
1670348680.514490836 UTC seconds since epoch
              total        used        free      shared     buffers       cache   available
Mem:    33564262400  9631768576  6348943360   603258880  1828794368 15754756096 22858641408
Low:    33564262400 27215319040  6348943360
High:             0           0           0
Swap:    4294434816     6815744  4287619072
1670348681.522068464 UTC seconds since epoch
              total        used        free      shared     buffers       cache   available
Mem:    33564262400  9630773248  6340169728   603508736  1828794368 15764525056 22859378688
Low:    33564262400 27224092672  6340169728
High:             0           0           0
Swap:    4294434816     6815744  4287619072
1670348682.530307399 UTC seconds since epoch
              total        used        free      shared     buffers       cache   available
Mem:    33564262400  9635254272  6325493760   603987968  1828794368 15774720000 22854356992
Low:    33564262400 27238768640  6325493760
High:             0           0           0
Swap:    4294434816     6815744  4287619072
1670348683.538271280 UTC seconds since epoch
              total        used        free      shared     buffers       cache   available
Mem:    33564262400  9627770880  6323793920   604336128  1828794368 15783903232 22861533184
Low:    33564262400 27240468480  6323793920
High:             0           0           0
Swap:    4294434816     6815744  4287619072
1670348684.547218661 UTC seconds since epoch
              total        used        free      shared     buffers       cache   available
Mem:    33564262400  9627348992  6315798528   604413952  1828794368 15792320512 22861885440
Low:    33564262400 27248463872  6315798528
High:             0           0           0
Swap:    4294434816     6815744  4287619072
1670348685.556195770 UTC seconds since epoch
              total        used        free      shared     buffers       cache   available
Mem:    33564262400  9626517504  6307811328   604479488  1828802560 15801131008 22862671872
Low:    33564262400 27256451072  6307811328
High:             0           0           0
Swap:    4294434816     6815744  4287619072
1670348686.562282457 UTC seconds since epoch
              total        used        free      shared     buffers       cache   available
Mem:    33564262400  9631154176  6292619264   604823552  1828802560 15811686400 22857613312
Low:    33564262400 27271643136  6292619264
High:             0           0           0
Swap:    4294434816     6815744  4287619072
1670348687.570371652 UTC seconds since epoch
              total        used        free      shared     buffers       cache   available
Mem:    33564262400  9632165888  6282735616   605212672  1828802560 15820558336 22856269824
Low:    33564262400 27281526784  6282735616
High:             0           0           0
Swap:    4294434816     6815744  4287619072
1670348688.579074610 UTC seconds since epoch
              total        used        free      shared     buffers       cache   available
Mem:    33564262400  9634672640  6272155648   605290496  1828802560 15828631552 22853677056
Low:    33564262400 27292106752  6272155648
High:             0           0           0
Swap:    4294434816     6815744  4287619072
1670348689.588519052 UTC seconds since epoch
              total        used        free      shared     buffers       cache   available
Mem:    33564262400  9640820736  6258483200   605327360  1828802560 15836155904 22847524864
Low:    33564262400 27305779200  6258483200
High:             0           0           0
Swap:    4294434816     6815744  4287619072
1670348690.594402617 UTC seconds since epoch
              total        used        free      shared     buffers       cache   available
Mem:    33564262400  9625796608  6263566336   605351936  1828810752 15846088704 22862512128
Low:    33564262400 27300696064  6263566336
High:             0           0           0
Swap:    4294434816     6815744  4287619072
1670348691.602533152 UTC seconds since epoch
              total        used        free      shared     buffers       cache   available
Mem:    33564262400  9625120768  6254125056   605564928  1828831232 15856185344 22862925824
Low:    33564262400 27310137344  6254125056
High:             0           0           0
Swap:    4294434816     6815744  4287619072
1670348692.611002910 UTC seconds since epoch
              total        used        free      shared     buffers       cache   available
Mem:    33564262400  9673609216  6194712576   608837632  1828831232 15867109376 22811217920
Low:    33564262400 27369549824  6194712576
High:             0           0           0
Swap:    4294434816     6815744  4287619072
1670348693.618213703 UTC seconds since epoch
              total        used        free      shared     buffers       cache   available
Mem:    33564262400  9680543744  6179041280   609042432  1828843520 15875833856 22804074496
Low:    33564262400 27385221120  6179041280
High:             0           0           0
Swap:    4294434816     6815744  4287619072
1670348694.626385200 UTC seconds since epoch
              total        used        free      shared     buffers       cache   available
Mem:    33564262400  9682522112  6170038272   609153024  1828843520 15882858496 22801862656
Low:    33564262400 27394224128  6170038272
High:             0           0           0
Swap:    4294434816     6815744  4287619072
1670348695.635698483 UTC seconds since epoch
              total        used        free      shared     buffers       cache   available
Mem:    33564262400  9671118848  6170677248   609349632  1828855808 15893610496 22813188096
Low:    33564262400 27393585152  6170677248
High:             0           0           0
Swap:    4294434816     6815744  4287619072
1670348696.642328990 UTC seconds since epoch
              total        used        free      shared     buffers       cache   available
Mem:    33564262400  9674788864  6158553088   609579008  1828855808 15902064640 22809251840
Low:    33564262400 27405709312  6158553088
High:             0           0           0
Swap:    4294434816     6815744  4287619072
1670348697.650512508 UTC seconds since epoch
              total        used        free      shared     buffers       cache   available
Mem:    33564262400  9682051072  6146682880   606654464  1828855808 15906672640 22804660224
Low:    33564262400 27417579520  6146682880
High:             0           0           0
Swap:    4294434816     6815744  4287619072
1670348698.659233349 UTC seconds since epoch
              total        used        free      shared     buffers       cache   available
Mem:    33564262400  9690238976  6128107520   606859264  1828855808 15917060096 22796521472
Low:    33564262400 27436154880  6128107520
High:             0           0           0
Swap:    4294434816     6815744  4287619072
1670348699.666984787 UTC seconds since epoch
              total        used        free      shared     buffers       cache   available
Mem:    33564262400  9690488832  6118817792   607072256  1828855808 15926099968 22796062720
Low:    33564262400 27445444608  6118817792
High:             0           0           0
Swap:    4294434816     6815744  4287619072
1670348700.675482759 UTC seconds since epoch
              total        used        free      shared     buffers       cache   available
Mem:    33564262400  9691602944  6109011968   607268864  1828884480 15934763008 22794797056
Low:    33564262400 27455250432  6109011968
High:             0           0           0
Swap:    4294434816     6815744  4287619072
1670348701.683179370 UTC seconds since epoch
              total        used        free      shared     buffers       cache   available
Mem:    33564262400  9730625536  5605261312  1066389504  1828900864 16399474688 22296657920
Low:    33564262400 27959001088  5605261312
High:             0           0           0
Swap:    4294434816     6815744  4287619072
1670348702.690766444 UTC seconds since epoch
              total        used        free      shared     buffers       cache   available
Mem:    33564262400  9735434240  5485199360  1175928832  1828900864 16514727936 22182211584
Low:    33564262400 28079063040  5485199360
High:             0           0           0
Swap:    4294434816     6815744  4287619072
1670348703.699892179 UTC seconds since epoch
              total        used        free      shared     buffers       cache   available
Mem:    33564262400  9736183808  5480079360  1176510464  1828900864 16519098368 22180884480
Low:    33564262400 28084183040  5480079360
High:             0           0           0
Swap:    4294434816     6815744  4287619072
1670348704.706196474 UTC seconds since epoch
              total        used        free      shared     buffers       cache   available
Mem:    33564262400  9741811712  5470535680  1176666112  1828900864 16523014144 22175084544
Low:    33564262400 28093726720  5470535680
High:             0           0           0
Swap:    4294434816     6815744  4287619072
1670348705.714111547 UTC seconds since epoch
              total        used        free      shared     buffers       cache   available
Mem:    33564262400  9743282176  5466472448  1175687168  1828900864 16525606912 22174633984
Low:    33564262400 28097789952  5466472448
High:             0           0           0
Swap:    4294434816     6815744  4287619072
1670348706.722138944 UTC seconds since epoch
              total        used        free      shared     buffers       cache   available
Mem:    33564262400  9739120640  5469052928  1172574208  1828900864 16527187968 22181597184
Low:    33564262400 28095209472  5469052928
High:             0           0           0
Swap:    4294434816     6815744  4287619072
1670348707.730304421 UTC seconds since epoch
              total        used        free      shared     buffers       cache   available
Mem:    33564262400  9719951360  5485154304  1170018304  1828900864 16530255872 22203654144
Low:    33564262400 28079108096  5485154304
High:             0           0           0
Swap:    4294434816     6815744  4287619072
1670348708.738810753 UTC seconds since epoch
              total        used        free      shared     buffers       cache   available
Mem:    33564262400  9720930304  5480075264  1168302080  1828900864 16534355968 22203830272
Low:    33564262400 28084187136  5480075264
High:             0           0           0
Swap:    4294434816     6815744  4287619072
1670348709.746118781 UTC seconds since epoch
              total        used        free      shared     buffers       cache   available
Mem:    33564262400  9724506112  5471817728  1168896000  1828900864 16539037696 22199963648
Low:    33564262400 28092444672  5471817728
High:             0           0           0
Swap:    4294434816     6815744  4287619072
1670348710.754680211 UTC seconds since epoch
              total        used        free      shared     buffers       cache   available
Mem:    33564262400  9722241024  5469753344  1167122432  1828913152 16543354880 22204309504
Low:    33564262400 28094509056  5469753344
High:             0           0           0
Swap:    4294434816     6815744  4287619072
1670348711.762577031 UTC seconds since epoch
              total        used        free      shared     buffers       cache   available
Mem:    33564262400  9718136832  5463666688  1167941632  1828913152 16553545728 22207565824
Low:    33564262400 28100595712  5463666688
High:             0           0           0
Swap:    4294434816     6815744  4287619072
1670348712.770441870 UTC seconds since epoch
              total        used        free      shared     buffers       cache   available
Mem:    33564262400  9721720832  5454897152  1166979072  1828913152 16558731264 22204952576
Low:    33564262400 28109365248  5454897152
High:             0           0           0
Swap:    4294434816     6815744  4287619072
1670348713.778433616 UTC seconds since epoch
              total        used        free      shared     buffers       cache   available
Mem:    33564262400  9721749504  5448187904  1167081472  1828913152 16565411840 22204837888
Low:    33564262400 28116074496  5448187904
High:             0           0           0
Swap:    4294434816     6815744  4287619072
1670348714.785989389 UTC seconds since epoch
              total        used        free      shared     buffers       cache   available
Mem:    33564262400  9722093568  5440704512  1167785984  1828913152 16572551168 22203711488
Low:    33564262400 28123557888  5440704512
High:             0           0           0
Swap:    4294434816     6815744  4287619072
1670348715.794677802 UTC seconds since epoch
              total        used        free      shared     buffers       cache   available
Mem:    33564262400  9724272640  5429825536  1167482880  1828917248 16581246976 22201311232
Low:    33564262400 28134436864  5429825536
High:             0           0           0
Swap:    4294434816     6815744  4287619072
1670348716.803553395 UTC seconds since epoch
              total        used        free      shared     buffers       cache   available
Mem:    33564262400  9735356416  5411586048  1167253504  1828917248 16588402688 22191063040
Low:    33564262400 28152676352  5411586048
High:             0           0           0
Swap:    4294434816     6815744  4287619072
1670348717.810961426 UTC seconds since epoch
              total        used        free      shared     buffers       cache   available
Mem:    33564262400  9723404288  5414965248  1167507456  1828917248 16596975616 22202757120
Low:    33564262400 28149297152  5414965248
High:             0           0           0
Swap:    4294434816     6815744  4287619072
1670348718.819559109 UTC seconds since epoch
              total        used        free      shared     buffers       cache   available
Mem:    33564262400  9726545920  5404905472  1167622144  1828917248 16603893760 22199488512
Low:    33564262400 28159356928  5404905472
High:             0           0           0
Swap:    4294434816     6815744  4287619072
1670348719.829012289 UTC seconds since epoch
              total        used        free      shared     buffers       cache   available
Mem:    33564262400  9735229440  5387415552  1167728640  1828917248 16612700160 22190686208
Low:    33564262400 28176846848  5387415552
High:             0           0           0
Swap:    4294434816     6815744  4287619072
1670348720.836942266 UTC seconds since epoch
              total        used        free      shared     buffers       cache   available
Mem:    33564262400  9734098944  5378940928  1167659008  1828941824 16622280704 22191894528
Low:    33564262400 28185321472  5378940928
High:             0           0           0
Swap:    4294434816     6815744  4287619072
1670348721.844813911 UTC seconds since epoch
              total        used        free      shared     buffers       cache   available
Mem:    33564262400  9730195456  5373779968  1167691776  1828941824 16631345152 22195769344
Low:    33564262400 28190482432  5373779968
High:             0           0           0
Swap:    4294434816     6815744  4287619072
1670348722.850647980 UTC seconds since epoch
              total        used        free      shared     buffers       cache   available
Mem:    33564262400  9702207488  5392936960  1167724544  1828974592 16640143360 22223724544
Low:    33564262400 28171325440  5392936960
High:             0           0           0
Swap:    4294434816     6815744  4287619072
1670348723.858561675 UTC seconds since epoch
              total        used        free      shared     buffers       cache   available
Mem:    33564262400  9708363776  5380812800  1167765504  1828974592 16646111232 22217510912
Low:    33564262400 28183449600  5380812800
High:             0           0           0
Swap:    4294434816     6815744  4287619072
1670348724.866673773 UTC seconds since epoch
              total        used        free      shared     buffers       cache   available
Mem:    33564262400  9710944256  5372039168  1167810560  1828990976 16652288000 22214918144
Low:    33564262400 28192223232  5372039168
High:             0           0           0
Swap:    4294434816     6815744  4287619072
1670348725.874250730 UTC seconds since epoch
              total        used        free      shared     buffers       cache   available
Mem:    33564262400  9711222784  5365334016  1167831040  1828990976 16658714624 22214615040
Low:    33564262400 28198928384  5365334016
High:             0           0           0
Swap:    4294434816     6815744  4287619072
1670348726.882385838 UTC seconds since epoch
              total        used        free      shared     buffers       cache   available
Mem:    33564262400  9720102912  5350121472  1167876096  1828990976 16665047040 22205669376
Low:    33564262400 28214140928  5350121472
High:             0           0           0
Swap:    4294434816     6815744  4287619072
1670348727.890479790 UTC seconds since epoch
              total        used        free      shared     buffers       cache   available
Mem:    33564262400  9718743040  5345271808  1167892480  1828990976 16671256576 22207033344
Low:    33564262400 28218990592  5345271808
High:             0           0           0
Swap:    4294434816     6815744  4287619072
1670348728.899217806 UTC seconds since epoch
              total        used        free      shared     buffers       cache   available
Mem:    33564262400  9724735488  5330714624  1167900672  1828990976 16679821312 22201024512
Low:    33564262400 28233547776  5330714624
High:             0           0           0
Swap:    4294434816     6815744  4287619072
1670348729.906989623 UTC seconds since epoch
              total        used        free      shared     buffers       cache   available
Mem:    33564262400  9724850176  5324791808  1167945728  1829003264 16685617152 22200877056
Low:    33564262400 28239470592  5324791808
High:             0           0           0
Swap:    4294434816     6815744  4287619072
1670348730.914430296 UTC seconds since epoch
              total        used        free      shared     buffers       cache   available
Mem:    33564262400  9728749568  5314990080  1167970304  1829003264 16691519488 22196940800
Low:    33564262400 28249272320  5314990080
High:             0           0           0
Swap:    4294434816     6815744  4287619072
1670348731.923189382 UTC seconds since epoch
              total        used        free      shared     buffers       cache   available
Mem:    33564262400  9728892928  5308280832  1167986688  1829003264 16698085376 22196772864
Low:    33564262400 28255981568  5308280832
High:             0           0           0
Swap:    4294434816     6815744  4287619072
1670348732.930341309 UTC seconds since epoch
              total        used        free      shared     buffers       cache   available
Mem:    33564262400  9737256960  5291634688  1167998976  1829007360 16706363392 22188412928
Low:    33564262400 28272627712  5291634688
High:             0           0           0
Swap:    4294434816     6815744  4287619072
1670348733.938531418 UTC seconds since epoch
              total        used        free      shared     buffers       cache   available
Mem:    33564262400  9736970240  5285851136  1168007168  1829040128 16712400896 22188679168
Low:    33564262400 28278411264  5285851136
High:             0           0           0
Swap:    4294434816     6815744  4287619072
1670348734.947591259 UTC seconds since epoch
              total        used        free      shared     buffers       cache   available
Mem:    33564262400  9735618560  5281206272  1168048128  1829040128 16718397440 22190006272
Low:    33564262400 28283056128  5281206272
High:             0           0           0
Swap:    4294434816     6815744  4287619072
1670348735.955042466 UTC seconds since epoch
              total        used        free      shared     buffers       cache   available
Mem:    33564262400  9735524352  5275541504  1168048128  1829040128 16724156416 22190100480
Low:    33564262400 28288720896  5275541504
High:             0           0           0
Swap:    4294434816     6815744  4287619072
1670348736.962637250 UTC seconds since epoch
              total        used        free      shared     buffers       cache   available
Mem:    33564262400  9734217728  5269139456  1168449536  1829040128 16731865088 22190977024
Low:    33564262400 28295122944  5269139456
High:             0           0           0
Swap:    4294434816     6815744  4287619072
1670348737.970084116 UTC seconds since epoch
              total        used        free      shared     buffers       cache   available
Mem:    33564262400  9734811648  5262532608  1168375808  1829052416 16737865728 22190477312
Low:    33564262400 28301729792  5262532608
High:             0           0           0
Swap:    4294434816     6815744  4287619072
1670348738.978449648 UTC seconds since epoch
              total        used        free      shared     buffers       cache   available
Mem:    33564262400  9730838528  5260025856  1168539648  1829068800 16744329216 22194282496
Low:    33564262400 28304236544  5260025856
High:             0           0           0
Swap:    4294434816     6815744  4287619072
1670348739.986255359 UTC seconds since epoch
              total        used        free      shared     buffers       cache   available
Mem:    33564262400  9733492736  5251538944  1168547840  1829068800 16750161920 22191616000
Low:    33564262400 28312723456  5251538944
High:             0           0           0
Swap:    4294434816     6815744  4287619072
1670348740.995338356 UTC seconds since epoch
              total        used        free      shared     buffers       cache   available
Mem:    33564262400  9735036928  5206122496  1207209984  1829068800 16794034176 22151426048
Low:    33564262400 28358139904  5206122496
High:             0           0           0
Swap:    4294434816     6815744  4287619072
1670348742.004565404 UTC seconds since epoch
              total        used        free      shared     buffers       cache   available
Mem:    33564262400  9738518528  5191155712  1207300096  1829068800 16805519360 22148055040
Low:    33564262400 28373106688  5191155712
High:             0           0           0
Swap:    4294434816     6815744  4287619072
1670348743.013342820 UTC seconds since epoch
              total        used        free      shared     buffers       cache   available
Mem:    33564262400  9741844480  5181878272  1207316480  1829068800 16811470848 22144503808
Low:    33564262400 28382384128  5181878272
High:             0           0           0
Swap:    4294434816     6815744  4287619072
1670348744.023432435 UTC seconds since epoch
              total        used        free      shared     buffers       cache   available
Mem:    33564262400  9720205312  5198032896  1207316480  1829076992 16816947200 22166142976
Low:    33564262400 28366229504  5198032896
High:             0           0           0
Swap:    4294434816     6815744  4287619072
1670348745.031109386 UTC seconds since epoch
              total        used        free      shared     buffers       cache   available
Mem:    33564262400  9722998784  5189267456  1207328768  1829076992 16822919168 22163337216
Low:    33564262400 28374994944  5189267456
High:             0           0           0
Swap:    4294434816     6815744  4287619072
1670348746.040071136 UTC seconds since epoch
              total        used        free      shared     buffers       cache   available
Mem:    33564262400  9727901696  5175902208  1207140352  1829076992 16831381504 22158622720
Low:    33564262400 28388360192  5175902208
High:             0           0           0
Swap:    4294434816     6815744  4287619072
