2022-12-06 17:41:18 1670348478.537187 [tornettools] [INFO] Logging system initialized! Logging events to stdout and to '/tordata/tornettools/experiment0-0.0001/tornettools.generate.2022-12-06.17.41.18.log'
2022-12-06 17:41:18 1670348478.537497 [tornettools] [INFO] Seeded standard and numpy PRNGs with seed=726102588
2022-12-06 17:41:18 1670348478.537573 [tornettools] [INFO] The argument namespace is: Namespace(atlas_path=None, command='generate', do_trace=False, do_version=False, events_csv='BW,CIRC', exit_user_scale=1.0, formatter_class=<class '__main__.CustomHelpFormatter'>, func=<function generate at 0x7f63f6179f80>, geoip_path=None, load_scale=1.0, network_info_path='/tordata/tornettools/networkinfo_staging.gml', network_scale=0.0001, nprocesses=12, onion_service_user_scale=0.0, prefix='/tordata/tornettools/experiment0-0.0001', process_scale=0.01, quiet=0, relay_info_path='/tordata/tornettools/relayinfo_staging_2020-11-01--2020-11-30.json', seed=726102588, server_scale=0.1, tmodel_git_path='/tordata/tornettools/tmodel-ccs2018.github.io', torexe='/usr/local/bin/tor', torgencertexe='/usr/local/bin/tor-gencert', torperf_num_exit=100, torperf_num_onion_service=0, user_info_path='/tordata/tornettools/userinfo_staging_2020-11-01--2020-11-30.json')
2022-12-06 17:41:18 1670348478.537847 [tornettools] [INFO] The platform is: Linux-6.0.6-76060006-generic-x86_64-with-Ubuntu-20.04-focal
2022-12-06 17:41:18 1670348478.537903 [tornettools] [INFO] System info: uname_result(system='Linux', node='99368b091436', release='6.0.6-76060006-generic', version='#202210290932~1669062050~22.04~d94609a SMP PREEMPT_DYNAMIC Mon N', machine='x86_64', processor='x86_64')
2022-12-06 17:41:18 1670348478.611189 [tornettools] [INFO] Generating network using tor and tor-gencert at /usr/local/bin/tor and /usr/local/bin/tor-gencert
2022-12-06 17:41:18 1670348478.611335 [tornettools] [INFO] Copying atlas topology file (use the '-a/--atlas' option to disable)
2022-12-06 17:41:18 1670348478.625309 [tornettools] [INFO] Reading staged network info /tordata/tornettools/networkinfo_staging.gml
2022-12-06 17:41:18 1670348478.843582 [tornettools] [INFO] Finished reading staged network info
2022-12-06 17:41:18 1670348478.843690 [tornettools] [INFO] Sampling Tor relays now
2022-12-06 17:41:19 1670348479.235365 [tornettools] [INFO] A full Tor network has 6746 relays with total capacity of 659.832268408 Gbit/s
2022-12-06 17:41:19 1670348479.248765 [tornettools] [INFO] Bandwidth-weights (relevant ones) of a typical consensus:
2022-12-06 17:41:19 1670348479.248891 [tornettools] [INFO] Casename: Case 3a (E scarce), with: Wgg=6329.476372413661, Wgd=0, Wee=10000, Wed=10000, Wmg=3670.5236275863385, Wme=0, Wmd=0
2022-12-06 17:41:19 1670348479.248947 [tornettools] [INFO] 1 relays: relative position weights:
2022-12-06 17:41:19 1670348479.248988 [tornettools] [INFO] g: chosen=0.3271295865576072, target=0.5410286058223707, diff=-0.21389901926476346
2022-12-06 17:41:19 1670348479.249026 [tornettools] [INFO] e: chosen=0.1113560704703833, target=0.046070165112052155, diff=0.06528590535833115
2022-12-06 17:41:19 1670348479.249063 [tornettools] [INFO] ge: chosen=0.5420518664823775, target=0.2690442794174245, diff=0.273007587064953
2022-12-06 17:41:19 1670348479.249095 [tornettools] [INFO] m: chosen=0.01946247648963204, target=0.1438569496481492, diff=-0.12439447315851718
2022-12-06 17:41:19 1670348479.249130 [tornettools] [INFO] The max weight divergence between positions is 0.273007587064953
2022-12-06 17:41:19 1670348479.249178 [tornettools] [INFO] Renormalizing weights for scaled network using total weight=0.00044088115179859264
2022-12-06 17:41:19 1670348479.249251 [tornettools] [INFO] Bandwidth-weights (relevant ones) of our scaled down consensus of 4 relays:
2022-12-06 17:41:19 1670348479.249291 [tornettools] [INFO] Casename: Case 2b2 (Wgg=weightscale, Wee=weightscale), with: Wgg=10000, Wgd=114.44932043099652, Wee=10000, Wed=4095.129573180184, Wmg=0, Wme=0, Wmd=5790.42110638882
2022-12-06 17:41:19 1670348479.249550 [tornettools] [INFO] Chose 4 of 6746 relays using scale factor 0.0001
2022-12-06 17:41:19 1670348479.252073 [tornettools] [INFO] Generating Tor key material now, this may take awhile...
2022-12-06 17:41:19 1670348479.578849 [tornettools] [INFO] Generated fingerprints and keys for 7 Tor nodes (3 authorities and 4 relays)
2022-12-06 17:41:20 1670348480.297567 [tornettools] [INFO] Generating Clients
2022-12-06 17:41:20 1670348480.298023 [tornettools] [INFO] Privcount measurements scaled to 111 Tor users, 79 active and 27 inactive
2022-12-06 17:41:20 1670348480.298082 [tornettools] [INFO] Privcount measurements scaled to 288 exit circuits, 149 active and 133 inactive
2022-12-06 17:41:20 1670348480.303572 [tornettools] [INFO] We will use 75 TGen client processes to emulate 75.05 Tor exit users and create 150 exit circuits every 10 minutes in aggregate
2022-12-06 17:41:20 1670348480.303685 [tornettools] [INFO] We will use 0 TGen client processes to emulate 0.0 Tor onion-service users and create 0 onion-service circuits every 10 minutes in aggregate
2022-12-06 17:41:20 1670348480.305076 [tornettools] [INFO] We will use 100 exit perf nodes to benchmark Tor exit performance
2022-12-06 17:41:20 1670348480.305130 [tornettools] [INFO] We will use 0 onion-service perf nodes to benchmark Tor onion-service performance
2022-12-06 17:41:20 1670348480.305182 [tornettools] [INFO] Generating Servers
2022-12-06 17:41:20 1670348480.311538 [tornettools] [DEBUG] System call: /usr/local/bin/tor --version (runtime: 0.01)
2022-12-06 17:41:20 1670348480.465280 [tornettools] [DEBUG] GETCONF __owningcontrollerprocess (runtime: 0.0001)
2022-12-06 17:41:20 1670348480.466562 [tornettools] [DEBUG] RESETCONF __OwningControllerProcess (runtime: 0.0010)
2022-12-06 17:41:20 1670348480.466788 [tornettools] [DEBUG] GETINFO version (runtime: 0.0001)
2022-12-06 17:41:20 1670348480.467251 [tornettools] [INFO] Error while receiving a control message (SocketClosed): received exception "read of closed file"
2022-12-06 17:41:20 1670348480.469566 [tornettools] [INFO] We will use 8 TGen exit servers and 0 TGen onion-service servers to serve 75 TGen exit clients and 0 TGen onion-service clients
2022-12-06 17:41:20 1670348480.469785 [tornettools] [INFO] Generating Tor configuration files
2022-12-06 17:41:20 1670348480.487465 [tornettools] [INFO] Generating TGen configuration files
2022-12-06 17:41:20 1670348480.523077 [tornettools] [INFO] Constructing Shadow config YAML file
