2022-12-12 16:46:16 1670863576.520205 [tornettools] [INFO] Logging system initialized! Logging events to stdout and to '/tordata/tornettools/experiment0-0.0001/tornettools.generate.2022-12-12.16.46.16.log'
2022-12-12 16:46:16 1670863576.520312 [tornettools] [INFO] Seeded standard and numpy PRNGs with seed=1845152325
2022-12-12 16:46:16 1670863576.520371 [tornettools] [INFO] The argument namespace is: Namespace(atlas_path=None, command='generate', do_trace=False, do_version=False, events_csv='BW,CIRC', exit_user_scale=1.0, formatter_class=<class '__main__.CustomHelpFormatter'>, func=<function generate at 0x7f54af620f80>, geoip_path=None, load_scale=1.0, network_info_path='/tordata/tornettools/networkinfo_staging.gml', network_scale=0.0001, nprocesses=12, onion_service_user_scale=0.0, prefix='/tordata/tornettools/experiment0-0.0001', process_scale=0.01, quiet=0, relay_info_path='/tordata/tornettools/relayinfo_staging_2020-11-01--2020-11-30.json', seed=1845152325, server_scale=0.1, tmodel_git_path='/tordata/tornettools/tmodel-ccs2018.github.io', torexe='/usr/local/bin/tor', torgencertexe='/usr/local/bin/tor-gencert', torperf_num_exit=100, torperf_num_onion_service=0, user_info_path='/tordata/tornettools/userinfo_staging_2020-11-01--2020-11-30.json')
2022-12-12 16:46:16 1670863576.520624 [tornettools] [INFO] The platform is: Linux-6.0.6-76060006-generic-x86_64-with-Ubuntu-20.04-focal
2022-12-12 16:46:16 1670863576.520675 [tornettools] [INFO] System info: uname_result(system='Linux', node='cbf578f17162', release='6.0.6-76060006-generic', version='#202210290932~1669062050~22.04~d94609a SMP PREEMPT_DYNAMIC Mon N', machine='x86_64', processor='x86_64')
2022-12-12 16:46:16 1670863576.623571 [tornettools] [INFO] Generating network using tor and tor-gencert at /usr/local/bin/tor and /usr/local/bin/tor-gencert
2022-12-12 16:46:16 1670863576.623703 [tornettools] [INFO] Copying atlas topology file (use the '-a/--atlas' option to disable)
2022-12-12 16:46:16 1670863576.641303 [tornettools] [INFO] Reading staged network info /tordata/tornettools/networkinfo_staging.gml
2022-12-12 16:46:16 1670863576.857997 [tornettools] [INFO] Finished reading staged network info
2022-12-12 16:46:16 1670863576.858093 [tornettools] [INFO] Sampling Tor relays now
2022-12-12 16:46:17 1670863577.253294 [tornettools] [INFO] A full Tor network has 6746 relays with total capacity of 664.405126528 Gbit/s
2022-12-12 16:46:17 1670863577.261452 [tornettools] [INFO] Bandwidth-weights (relevant ones) of a typical consensus:
2022-12-12 16:46:17 1670863577.261526 [tornettools] [INFO] Casename: Case 3a (E scarce), with: Wgg=6263.488040967752, Wgd=0, Wee=10000, Wed=10000, Wmg=3736.5119590322483, Wme=0, Wmd=0
2022-12-12 16:46:17 1670863577.261567 [tornettools] [INFO] 1 relays: relative position weights:
2022-12-12 16:46:17 1670863577.261601 [tornettools] [INFO] g: chosen=0.31827275233542945, target=0.5446683465193627, diff=-0.22639559418393324
2022-12-12 16:46:17 1670863577.261631 [tornettools] [INFO] e: chosen=0.13396382398561485, target=0.04364736042443497, diff=0.09031646356117988
2022-12-12 16:46:17 1670863577.261661 [tornettools] [INFO] ge: chosen=0.5303853805554706, target=0.2740479046320258, diff=0.2563374759234448
2022-12-12 16:46:17 1670863577.261689 [tornettools] [INFO] m: chosen=0.017378043123485044, target=0.13763638842417883, diff=-0.12025834530069379
2022-12-12 16:46:17 1670863577.261717 [tornettools] [INFO] The max weight divergence between positions is 0.2563374759234448
2022-12-12 16:46:17 1670863577.261747 [tornettools] [INFO] Renormalizing weights for scaled network using total weight=0.0004505788809243653
2022-12-12 16:46:17 1670863577.261799 [tornettools] [INFO] Bandwidth-weights (relevant ones) of our scaled down consensus of 4 relays:
2022-12-12 16:46:17 1670863577.261831 [tornettools] [INFO] Casename: Case 2b2 (Wgg=weightscale, Wee=weightscale), with: Wgg=10000, Wgd=283.955432220454, Wee=10000, Wed=3758.955594494696, Wmg=0, Wme=0, Wmd=5957.08897328485
2022-12-12 16:46:17 1670863577.261985 [tornettools] [INFO] Chose 4 of 6746 relays using scale factor 0.0001
2022-12-12 16:46:17 1670863577.264063 [tornettools] [INFO] Generating Tor key material now, this may take awhile...
2022-12-12 16:46:17 1670863577.682593 [tornettools] [INFO] Generated fingerprints and keys for 7 Tor nodes (3 authorities and 4 relays)
2022-12-12 16:46:18 1670863578.626375 [tornettools] [INFO] Generating Clients
2022-12-12 16:46:18 1670863578.626955 [tornettools] [INFO] Privcount measurements scaled to 111 Tor users, 79 active and 27 inactive
2022-12-12 16:46:18 1670863578.627010 [tornettools] [INFO] Privcount measurements scaled to 288 exit circuits, 149 active and 133 inactive
2022-12-12 16:46:18 1670863578.631325 [tornettools] [INFO] We will use 75 TGen client processes to emulate 75.05 Tor exit users and create 150 exit circuits every 10 minutes in aggregate
2022-12-12 16:46:18 1670863578.631384 [tornettools] [INFO] We will use 0 TGen client processes to emulate 0.0 Tor onion-service users and create 0 onion-service circuits every 10 minutes in aggregate
2022-12-12 16:46:18 1670863578.632437 [tornettools] [INFO] We will use 100 exit perf nodes to benchmark Tor exit performance
2022-12-12 16:46:18 1670863578.632483 [tornettools] [INFO] We will use 0 onion-service perf nodes to benchmark Tor onion-service performance
2022-12-12 16:46:18 1670863578.632529 [tornettools] [INFO] Generating Servers
2022-12-12 16:46:18 1670863578.638180 [tornettools] [DEBUG] System call: /usr/local/bin/tor --version (runtime: 0.01)
2022-12-12 16:46:18 1670863578.793294 [tornettools] [DEBUG] GETCONF __owningcontrollerprocess (runtime: 0.0001)
2022-12-12 16:46:18 1670863578.794522 [tornettools] [DEBUG] RESETCONF __OwningControllerProcess (runtime: 0.0010)
2022-12-12 16:46:18 1670863578.794736 [tornettools] [DEBUG] GETINFO version (runtime: 0.0001)
2022-12-12 16:46:18 1670863578.795124 [tornettools] [INFO] Error while receiving a control message (SocketClosed): received exception "read of closed file"
2022-12-12 16:46:18 1670863578.795194 [tornettools] [INFO] Error while receiving a control message (SocketClosed): received exception "peek of closed file"
2022-12-12 16:46:18 1670863578.797400 [tornettools] [INFO] We will use 8 TGen exit servers and 0 TGen onion-service servers to serve 75 TGen exit clients and 0 TGen onion-service clients
2022-12-12 16:46:18 1670863578.797606 [tornettools] [INFO] Generating Tor configuration files
2022-12-12 16:46:18 1670863578.814459 [tornettools] [INFO] Generating TGen configuration files
2022-12-12 16:46:18 1670863578.848375 [tornettools] [INFO] Constructing Shadow config YAML file
