1670866418.523551862 UTC seconds since epoch
              total        used        free      shared     buffers       cache   available
Mem:    33564262400 14741159936  8036282368   570138624   556703744 10230116352 17782444032
Low:    33564262400 25527980032  8036282368
High:             0           0           0
Swap:    4294434816   290193408  4004241408
1670866419.534034813 UTC seconds since epoch
              total        used        free      shared     buffers       cache   available
Mem:    33564262400 15091937280  7679799296   570179584   557010944 10235514880 17431588864
Low:    33564262400 25884463104  7679799296
High:             0           0           0
Swap:    4294434816   290193408  4004241408
1670866420.542038788 UTC seconds since epoch
              total        used        free      shared     buffers       cache   available
Mem:    33564262400 15307403264  7464333312   570179584   557010944 10235514880 17216135168
Low:    33564262400 26099929088  7464333312
High:             0           0           0
Swap:    4294434816   290193408  4004241408
1670866421.550024336 UTC seconds since epoch
              total        used        free      shared     buffers       cache   available
Mem:    33564262400 15349637120  7422099456   570179584   557010944 10235514880 17173901312
Low:    33564262400 26142162944  7422099456
High:             0           0           0
Swap:    4294434816   290193408  4004241408
1670866422.558006583 UTC seconds since epoch
              total        used        free      shared     buffers       cache   available
Mem:    33564262400 15441158144  7330557952   570179584   557031424 10235514880 17082376192
Low:    33564262400 26233704448  7330557952
High:             0           0           0
Swap:    4294434816   290193408  4004241408
1670866423.566019539 UTC seconds since epoch
              total        used        free      shared     buffers       cache   available
Mem:    33564262400 15621894144  7149682688   570179584   557031424 10235654144 16901636096
Low:    33564262400 26414579712  7149682688
High:             0           0           0
Swap:    4294434816   290193408  4004241408
1670866424.574011864 UTC seconds since epoch
              total        used        free      shared     buffers       cache   available
Mem:    33564262400 15802257408  6969311232   570179584   557047808 10235645952 16721256448
Low:    33564262400 26594951168  6969311232
High:             0           0           0
Swap:    4294434816   290193408  4004241408
1670866425.582015782 UTC seconds since epoch
              total        used        free      shared     buffers       cache   available
Mem:    33564262400 15983394816  6788173824   570179584   557047808 10235645952 16540143616
Low:    33564262400 26776088576  6788173824
High:             0           0           0
Swap:    4294434816   290193408  4004241408
1670866426.590017923 UTC seconds since epoch
              total        used        free      shared     buffers       cache   available
Mem:    33564262400 16161161216  6610407424   570179584   557047808 10235645952 16362377216
Low:    33564262400 26953854976  6610407424
High:             0           0           0
Swap:    4294434816   290193408  4004241408
1670866427.598025229 UTC seconds since epoch
              total        used        free      shared     buffers       cache   available
Mem:    33564262400 16337666048  6433902592   570179584   557047808 10235645952 16185872384
Low:    33564262400 27130359808  6433902592
High:             0           0           0
Swap:    4294434816   290193408  4004241408
1670866428.606007223 UTC seconds since epoch
              total        used        free      shared     buffers       cache   available
Mem:    33564262400 16518238208  6253314048   570179584   557047808 10235662336 16005300224
Low:    33564262400 27310948352  6253314048
High:             0           0           0
Swap:    4294434816   290193408  4004241408
1670866429.614647253 UTC seconds since epoch
              total        used        free      shared     buffers       cache   available
Mem:    33564262400 16628776960  6142767104   570179584   557056000 10235662336 15894753280
Low:    33564262400 27421495296  6142767104
High:             0           0           0
Swap:    4294434816   290193408  4004241408
1670866430.622595238 UTC seconds since epoch
              total        used        free      shared     buffers       cache   available
Mem:    33564262400 16734294016  6037245952   570179584   557056000 10235666432 15789236224
Low:    33564262400 27527016448  6037245952
High:             0           0           0
Swap:    4294434816   290193408  4004241408
1670866431.630595339 UTC seconds since epoch
              total        used        free      shared     buffers       cache   available
Mem:    33564262400 16643719168  6127820800   570179584   557056000 10235666432 15879819264
Low:    33564262400 27436441600  6127820800
High:             0           0           0
Swap:    4294434816   290193408  4004241408
1670866432.639604718 UTC seconds since epoch
              total        used        free      shared     buffers       cache   available
Mem:    33564262400 15997964288  6756511744   578269184   557871104 10251915264 16517382144
Low:    33564262400 26807750656  6756511744
High:             0           0           0
Swap:    4294434816   290193408  4004241408
1670866433.648090347 UTC seconds since epoch
              total        used        free      shared     buffers       cache   available
Mem:    33564262400 15998795776  6630883328   685506560   557920256 10376663040 16409378816
Low:    33564262400 26933379072  6630883328
High:             0           0           0
Swap:    4294434816   290193408  4004241408
1670866434.654352629 UTC seconds since epoch
              total        used        free      shared     buffers       cache   available
Mem:    33564262400 16002224128  6462390272   836423680   557948928 10541699072 16254955520
Low:    33564262400 27101872128  6462390272
High:             0           0           0
Swap:    4294434816   290193408  4004241408
1670866435.662691011 UTC seconds since epoch
              total        used        free      shared     buffers       cache   available
Mem:    33564262400 16002502656  6433501184   857513984   557948928 10570309632 16233639936
Low:    33564262400 27130761216  6433501184
High:             0           0           0
Swap:    4294434816   290193408  4004241408
1670866436.670034018 UTC seconds since epoch
              total        used        free      shared     buffers       cache   available
Mem:    33564262400 16005480448  6423183360   858009600   557948928 10577649664 16230223872
Low:    33564262400 27141079040  6423183360
High:             0           0           0
Swap:    4294434816   290193408  4004241408
1670866437.678051101 UTC seconds since epoch
              total        used        free      shared     buffers       cache   available
Mem:    33564262400 16007385088  6414438400   858595328   557948928 10584489984 16227737600
Low:    33564262400 27149824000  6414438400
High:             0           0           0
Swap:    4294434816   290193408  4004241408
1670866438.686305180 UTC seconds since epoch
              total        used        free      shared     buffers       cache   available
Mem:    33564262400 16008364032  6406451200   858681344   557957120 10591490048 16226639872
Low:    33564262400 27157811200  6406451200
High:             0           0           0
Swap:    4294434816   290193408  4004241408
1670866439.694115151 UTC seconds since epoch
              total        used        free      shared     buffers       cache   available
Mem:    33564262400 16003809280  6392565760   870182912   558002176 10609885184 16219713536
Low:    33564262400 27171696640  6392565760
High:             0           0           0
Swap:    4294434816   290193408  4004241408
1670866440.702080116 UTC seconds since epoch
              total        used        free      shared     buffers       cache   available
Mem:    33564262400 16004403200  6385610752   870223872   558002176 10616246272 16219086848
Low:    33564262400 27178651648  6385610752
High:             0           0           0
Swap:    4294434816   290193408  4004241408
1670866441.710140647 UTC seconds since epoch
              total        used        free      shared     buffers       cache   available
Mem:    33564262400 16001527808  6382747648   870313984   558002176 10621984768 16221868032
Low:    33564262400 27181514752  6382747648
High:             0           0           0
Swap:    4294434816   290193408  4004241408
1670866442.718051106 UTC seconds since epoch
              total        used        free      shared     buffers       cache   available
Mem:    33564262400 16001867776  6376849408   870371328   558002176 10627543040 16221470720
Low:    33564262400 27187412992  6376849408
High:             0           0           0
Swap:    4294434816   290193408  4004241408
1670866443.726944279 UTC seconds since epoch
              total        used        free      shared     buffers       cache   available
Mem:    33564262400 16002793472  6370414592   870420480   558010368 10633043968 16220504064
Low:    33564262400 27193847808  6370414592
High:             0           0           0
Swap:    4294434816   290193408  4004241408
1670866444.732519959 UTC seconds since epoch
              total        used        free      shared     buffers       cache   available
Mem:    33564262400 16003280896  6364491776   870518784   558010368 10638479360 16219914240
Low:    33564262400 27199770624  6364491776
High:             0           0           0
Swap:    4294434816   290193408  4004241408
1670866445.738309054 UTC seconds since epoch
              total        used        free      shared     buffers       cache   available
Mem:    33564262400 16005021696  6321946624   906186752   558010368 10679283712 16182198272
Low:    33564262400 27242315776  6321946624
High:             0           0           0
Swap:    4294434816   290193408  4004241408
1670866446.746638854 UTC seconds since epoch
              total        used        free      shared     buffers       cache   available
Mem:    33564262400 16004796416  6313738240   906723328   558010368 10687717376 16181796864
Low:    33564262400 27250524160  6313738240
High:             0           0           0
Swap:    4294434816   290193408  4004241408
