2023-02-03 15:21:04 1675437664.416079 [tornettools] [INFO] Logging system initialized! Logging events to stdout and to '/tordata/tornettools/experiment0-0.0001/tornettools.generate.2023-02-03.15.21.04.log'
2023-02-03 15:21:04 1675437664.416185 [tornettools] [INFO] Seeded standard and numpy PRNGs with seed=1030516587
2023-02-03 15:21:04 1675437664.416247 [tornettools] [INFO] The argument namespace is: Namespace(atlas_path=None, command='generate', do_trace=False, do_version=False, events_csv='BW,CIRC', exit_user_scale=1.0, formatter_class=<class '__main__.CustomHelpFormatter'>, func=<function generate at 0x7fe764f49f80>, geoip_path=None, load_scale=1.0, network_info_path='/tordata/tornettools/networkinfo_staging.gml', network_scale=0.0001, nprocesses=12, onion_service_user_scale=0.0, prefix='/tordata/tornettools/experiment0-0.0001', process_scale=0.01, quiet=0, relay_info_path='/tordata/tornettools/relayinfo_staging_2020-11-01--2020-11-30.json', seed=1030516587, server_scale=0.1, tmodel_git_path='/tordata/tornettools/tmodel-ccs2018.github.io', torexe='/usr/local/bin/tor', torgencertexe='/usr/local/bin/tor-gencert', torperf_num_exit=100, torperf_num_onion_service=0, user_info_path='/tordata/tornettools/userinfo_staging_2020-11-01--2020-11-30.json')
2023-02-03 15:21:04 1675437664.416470 [tornettools] [INFO] The platform is: Linux-6.0.12-76060006-generic-x86_64-with-Ubuntu-20.04-focal
2023-02-03 15:21:04 1675437664.416520 [tornettools] [INFO] System info: uname_result(system='Linux', node='6fa67f4a60d5', release='6.0.12-76060006-generic', version='#202212290932~1674139725~22.04~ca93ccf SMP PREEMPT_DYNAMIC Thu J', machine='x86_64', processor='x86_64')
2023-02-03 15:21:04 1675437664.491539 [tornettools] [INFO] Generating network using tor and tor-gencert at /usr/local/bin/tor and /usr/local/bin/tor-gencert
2023-02-03 15:21:04 1675437664.491678 [tornettools] [INFO] Copying atlas topology file (use the '-a/--atlas' option to disable)
2023-02-03 15:21:04 1675437664.504724 [tornettools] [INFO] Reading staged network info /tordata/tornettools/networkinfo_staging.gml
2023-02-03 15:21:04 1675437664.729140 [tornettools] [INFO] Finished reading staged network info
2023-02-03 15:21:04 1675437664.729251 [tornettools] [INFO] Sampling Tor relays now
2023-02-03 15:21:05 1675437665.136663 [tornettools] [INFO] A full Tor network has 6746 relays with total capacity of 667.2136804400001 Gbit/s
2023-02-03 15:21:05 1675437665.144737 [tornettools] [INFO] Bandwidth-weights (relevant ones) of a typical consensus:
2023-02-03 15:21:05 1675437665.144792 [tornettools] [INFO] Casename: Case 3a (E scarce), with: Wgg=6288.5584824276775, Wgd=0, Wee=10000, Wed=10000, Wmg=3711.441517572322, Wme=0, Wmd=0
2023-02-03 15:21:05 1675437665.144834 [tornettools] [INFO] 1 relays: relative position weights:
2023-02-03 15:21:05 1675437665.144866 [tornettools] [INFO] g: chosen=0.32632983396006693, target=0.5428372031367686, diff=-0.21650736917670171
2023-02-03 15:21:05 1675437665.144897 [tornettools] [INFO] e: chosen=0.11571453021939569, target=0.044995972882193695, diff=0.070718557337202
2023-02-03 15:21:05 1675437665.144926 [tornettools] [INFO] ge: chosen=0.5390658480651154, target=0.2722713274451964, diff=0.266794520619919
2023-02-03 15:21:05 1675437665.144956 [tornettools] [INFO] m: chosen=0.018889787755422015, target=0.13989549653583994, diff=-0.12100570878041791
2023-02-03 15:21:05 1675437665.144983 [tornettools] [INFO] The max weight divergence between positions is 0.266794520619919
2023-02-03 15:21:05 1675437665.145014 [tornettools] [INFO] Renormalizing weights for scaled network using total weight=0.00045232229218559046
2023-02-03 15:21:05 1675437665.145066 [tornettools] [INFO] Bandwidth-weights (relevant ones) of our scaled down consensus of 4 relays:
2023-02-03 15:21:05 1675437665.145101 [tornettools] [INFO] Casename: Case 2b2 (Wgg=weightscale, Wee=weightscale), with: Wgg=10000, Wgd=129.9191814581518, Wee=10000, Wed=4036.961419370993, Wmg=0, Wme=0, Wmd=5833.119399170855
2023-02-03 15:21:05 1675437665.145253 [tornettools] [INFO] Chose 4 of 6746 relays using scale factor 0.0001
2023-02-03 15:21:05 1675437665.147687 [tornettools] [INFO] Generating Tor key material now, this may take awhile...
2023-02-03 15:21:05 1675437665.364160 [tornettools] [INFO] Generated fingerprints and keys for 7 Tor nodes (3 authorities and 4 relays)
2023-02-03 15:21:05 1675437665.960383 [tornettools] [INFO] Generating Clients
2023-02-03 15:21:05 1675437665.960767 [tornettools] [INFO] Privcount measurements scaled to 111 Tor users, 79 active and 27 inactive
2023-02-03 15:21:05 1675437665.960825 [tornettools] [INFO] Privcount measurements scaled to 288 exit circuits, 149 active and 133 inactive
2023-02-03 15:21:05 1675437665.964987 [tornettools] [INFO] We will use 75 TGen client processes to emulate 75.05 Tor exit users and create 150 exit circuits every 10 minutes in aggregate
2023-02-03 15:21:05 1675437665.965052 [tornettools] [INFO] We will use 0 TGen client processes to emulate 0.0 Tor onion-service users and create 0 onion-service circuits every 10 minutes in aggregate
2023-02-03 15:21:05 1675437665.966108 [tornettools] [INFO] We will use 100 exit perf nodes to benchmark Tor exit performance
2023-02-03 15:21:05 1675437665.966164 [tornettools] [INFO] We will use 0 onion-service perf nodes to benchmark Tor onion-service performance
2023-02-03 15:21:05 1675437665.966212 [tornettools] [INFO] Generating Servers
2023-02-03 15:21:05 1675437665.972013 [tornettools] [DEBUG] System call: /usr/local/bin/tor --version (runtime: 0.01)
2023-02-03 15:21:06 1675437666.149145 [tornettools] [DEBUG] GETCONF __owningcontrollerprocess (runtime: 0.0001)
2023-02-03 15:21:06 1675437666.150373 [tornettools] [DEBUG] RESETCONF __OwningControllerProcess (runtime: 0.0010)
2023-02-03 15:21:06 1675437666.150606 [tornettools] [DEBUG] GETINFO version (runtime: 0.0001)
2023-02-03 15:21:06 1675437666.151008 [tornettools] [INFO] Error while receiving a control message (SocketClosed): received exception "read of closed file"
2023-02-03 15:21:06 1675437666.153022 [tornettools] [INFO] We will use 8 TGen exit servers and 0 TGen onion-service servers to serve 75 TGen exit clients and 0 TGen onion-service clients
2023-02-03 15:21:06 1675437666.153210 [tornettools] [INFO] Generating Tor configuration files
2023-02-03 15:21:06 1675437666.172104 [tornettools] [INFO] Generating TGen configuration files
2023-02-03 15:21:06 1675437666.209976 [tornettools] [INFO] Constructing Shadow config YAML file
