2022-12-12 17:30:59 1670866259.954880 [tornettools] [INFO] Logging system initialized! Logging events to stdout and to '/tordata/tornettools/experiment0-0.0001/tornettools.generate.2022-12-12.17.30.59.log'
2022-12-12 17:30:59 1670866259.954989 [tornettools] [INFO] Seeded standard and numpy PRNGs with seed=201249541
2022-12-12 17:30:59 1670866259.955066 [tornettools] [INFO] The argument namespace is: Namespace(atlas_path=None, command='generate', do_trace=False, do_version=False, events_csv='BW,CIRC', exit_user_scale=1.0, formatter_class=<class '__main__.CustomHelpFormatter'>, func=<function generate at 0x7f8e6df3df80>, geoip_path=None, load_scale=1.0, network_info_path='/tordata/tornettools/networkinfo_staging.gml', network_scale=0.0001, nprocesses=12, onion_service_user_scale=0.0, prefix='/tordata/tornettools/experiment0-0.0001', process_scale=0.01, quiet=0, relay_info_path='/tordata/tornettools/relayinfo_staging_2020-11-01--2020-11-30.json', seed=201249541, server_scale=0.1, tmodel_git_path='/tordata/tornettools/tmodel-ccs2018.github.io', torexe='/usr/local/bin/tor', torgencertexe='/usr/local/bin/tor-gencert', torperf_num_exit=100, torperf_num_onion_service=0, user_info_path='/tordata/tornettools/userinfo_staging_2020-11-01--2020-11-30.json')
2022-12-12 17:30:59 1670866259.955340 [tornettools] [INFO] The platform is: Linux-6.0.6-76060006-generic-x86_64-with-Ubuntu-20.04-focal
2022-12-12 17:30:59 1670866259.955394 [tornettools] [INFO] System info: uname_result(system='Linux', node='d398342f540a', release='6.0.6-76060006-generic', version='#202210290932~1669062050~22.04~d94609a SMP PREEMPT_DYNAMIC Mon N', machine='x86_64', processor='x86_64')
2022-12-12 17:31:00 1670866260.058782 [tornettools] [INFO] Generating network using tor and tor-gencert at /usr/local/bin/tor and /usr/local/bin/tor-gencert
2022-12-12 17:31:00 1670866260.058923 [tornettools] [INFO] Copying atlas topology file (use the '-a/--atlas' option to disable)
2022-12-12 17:31:00 1670866260.076666 [tornettools] [INFO] Reading staged network info /tordata/tornettools/networkinfo_staging.gml
2022-12-12 17:31:00 1670866260.293824 [tornettools] [INFO] Finished reading staged network info
2022-12-12 17:31:00 1670866260.293923 [tornettools] [INFO] Sampling Tor relays now
2022-12-12 17:31:00 1670866260.685462 [tornettools] [INFO] A full Tor network has 6746 relays with total capacity of 662.3085831039999 Gbit/s
2022-12-12 17:31:00 1670866260.693362 [tornettools] [INFO] Bandwidth-weights (relevant ones) of a typical consensus:
2022-12-12 17:31:00 1670866260.693423 [tornettools] [INFO] Casename: Case 3a (E scarce), with: Wgg=6283.988643244949, Wgd=0, Wee=10000, Wed=10000, Wmg=3716.0113567550507, Wme=0, Wmd=0
2022-12-12 17:31:00 1670866260.693464 [tornettools] [INFO] 1 relays: relative position weights:
2022-12-12 17:31:00 1670866260.693496 [tornettools] [INFO] g: chosen=0.32104846664237846, target=0.5463458356455256, diff=-0.22529736900314717
2022-12-12 17:31:00 1670866260.693526 [tornettools] [INFO] e: chosen=0.11940376983797585, target=0.04618757827613388, diff=0.07321619156184198
2022-12-12 17:31:00 1670866260.693553 [tornettools] [INFO] ge: chosen=0.5411334128013522, target=0.26716621642773736, diff=0.27396719637361483
2022-12-12 17:31:00 1670866260.693581 [tornettools] [INFO] m: chosen=0.01841435071829353, target=0.14030036965060527, diff=-0.12188601893231174
2022-12-12 17:31:00 1670866260.693607 [tornettools] [INFO] The max weight divergence between positions is 0.27396719637361483
2022-12-12 17:31:00 1670866260.693636 [tornettools] [INFO] Renormalizing weights for scaled network using total weight=0.00044890037577908137
2022-12-12 17:31:00 1670866260.693687 [tornettools] [INFO] Bandwidth-weights (relevant ones) of our scaled down consensus of 4 relays:
2022-12-12 17:31:00 1670866260.693719 [tornettools] [INFO] Casename: Case 2b2 (Wgg=weightscale, Wee=weightscale), with: Wgg=10000, Wgd=227.02103400635133, Wee=10000, Wed=3953.3608244200245, Wmg=0, Wme=0, Wmd=5819.618141573625
2022-12-12 17:31:00 1670866260.693876 [tornettools] [INFO] Chose 4 of 6746 relays using scale factor 0.0001
2022-12-12 17:31:00 1670866260.696105 [tornettools] [INFO] Generating Tor key material now, this may take awhile...
2022-12-12 17:31:00 1670866260.913545 [tornettools] [INFO] Generated fingerprints and keys for 7 Tor nodes (3 authorities and 4 relays)
2022-12-12 17:31:02 1670866262.026596 [tornettools] [INFO] Generating Clients
2022-12-12 17:31:02 1670866262.034909 [tornettools] [INFO] Privcount measurements scaled to 111 Tor users, 79 active and 27 inactive
2022-12-12 17:31:02 1670866262.034959 [tornettools] [INFO] Privcount measurements scaled to 288 exit circuits, 149 active and 133 inactive
2022-12-12 17:31:02 1670866262.039175 [tornettools] [INFO] We will use 75 TGen client processes to emulate 75.05 Tor exit users and create 150 exit circuits every 10 minutes in aggregate
2022-12-12 17:31:02 1670866262.039227 [tornettools] [INFO] We will use 0 TGen client processes to emulate 0.0 Tor onion-service users and create 0 onion-service circuits every 10 minutes in aggregate
2022-12-12 17:31:02 1670866262.040254 [tornettools] [INFO] We will use 100 exit perf nodes to benchmark Tor exit performance
2022-12-12 17:31:02 1670866262.040300 [tornettools] [INFO] We will use 0 onion-service perf nodes to benchmark Tor onion-service performance
2022-12-12 17:31:02 1670866262.040337 [tornettools] [INFO] Generating Servers
2022-12-12 17:31:02 1670866262.046161 [tornettools] [DEBUG] System call: /usr/local/bin/tor --version (runtime: 0.01)
2022-12-12 17:31:02 1670866262.217074 [tornettools] [DEBUG] GETCONF __owningcontrollerprocess (runtime: 0.0001)
2022-12-12 17:31:02 1670866262.218274 [tornettools] [DEBUG] RESETCONF __OwningControllerProcess (runtime: 0.0010)
2022-12-12 17:31:02 1670866262.218469 [tornettools] [DEBUG] GETINFO version (runtime: 0.0001)
2022-12-12 17:31:02 1670866262.218837 [tornettools] [INFO] Error while receiving a control message (SocketClosed): received exception "read of closed file"
2022-12-12 17:31:02 1670866262.220968 [tornettools] [INFO] We will use 8 TGen exit servers and 0 TGen onion-service servers to serve 75 TGen exit clients and 0 TGen onion-service clients
2022-12-12 17:31:02 1670866262.221161 [tornettools] [INFO] Generating Tor configuration files
2022-12-12 17:31:02 1670866262.238148 [tornettools] [INFO] Generating TGen configuration files
2022-12-12 17:31:02 1670866262.272096 [tornettools] [INFO] Constructing Shadow config YAML file
