2022-11-29 21:50:39 1669758639.390694 [tornettools] [INFO] Logging system initialized! Logging events to stdout and to '/tordata/tornettools/experiment0-0.0001/tornettools.generate.2022-11-29.21.50.39.log'
2022-11-29 21:50:39 1669758639.390800 [tornettools] [INFO] Seeded standard and numpy PRNGs with seed=309808492
2022-11-29 21:50:39 1669758639.390861 [tornettools] [INFO] The argument namespace is: Namespace(atlas_path=None, command='generate', do_trace=False, do_version=False, events_csv='BW,CIRC', exit_user_scale=1.0, formatter_class=<class '__main__.CustomHelpFormatter'>, func=<function generate at 0x7feb1ce2df80>, geoip_path=None, load_scale=1.0, network_info_path='/tordata/tornettools/networkinfo_staging.gml', network_scale=0.0001, nprocesses=12, onion_service_user_scale=0.0, prefix='/tordata/tornettools/experiment0-0.0001', process_scale=0.01, quiet=0, relay_info_path='/tordata/tornettools/relayinfo_staging_2020-11-01--2020-11-30.json', seed=309808492, server_scale=0.1, tmodel_git_path='/tordata/tornettools/tmodel-ccs2018.github.io', torexe='/usr/local/bin/tor', torgencertexe='/usr/local/bin/tor-gencert', torperf_num_exit=100, torperf_num_onion_service=0, user_info_path='/tordata/tornettools/userinfo_staging_2020-11-01--2020-11-30.json')
2022-11-29 21:50:39 1669758639.391086 [tornettools] [INFO] The platform is: Linux-6.0.6-76060006-generic-x86_64-with-Ubuntu-20.04-focal
2022-11-29 21:50:39 1669758639.391133 [tornettools] [INFO] System info: uname_result(system='Linux', node='60647f0ece03', release='6.0.6-76060006-generic', version='#202210290932~1667401208~22.04~d2df702 SMP PREEMPT_DYNAMIC Wed N', machine='x86_64', processor='x86_64')
2022-11-29 21:50:39 1669758639.460938 [tornettools] [INFO] Generating network using tor and tor-gencert at /usr/local/bin/tor and /usr/local/bin/tor-gencert
2022-11-29 21:50:39 1669758639.461073 [tornettools] [INFO] Copying atlas topology file (use the '-a/--atlas' option to disable)
2022-11-29 21:50:39 1669758639.474169 [tornettools] [INFO] Reading staged network info /tordata/tornettools/networkinfo_staging.gml
2022-11-29 21:50:39 1669758639.692989 [tornettools] [INFO] Finished reading staged network info
2022-11-29 21:50:39 1669758639.693085 [tornettools] [INFO] Sampling Tor relays now
2022-11-29 21:50:40 1669758640.080507 [tornettools] [INFO] A full Tor network has 6746 relays with total capacity of 662.36470276 Gbit/s
2022-11-29 21:50:40 1669758640.088531 [tornettools] [INFO] Bandwidth-weights (relevant ones) of a typical consensus:
2022-11-29 21:50:40 1669758640.088590 [tornettools] [INFO] Casename: Case 3a (E scarce), with: Wgg=6307.893920759669, Wgd=0, Wee=10000, Wed=10000, Wmg=3692.106079240332, Wme=0, Wmd=0
2022-11-29 21:50:40 1669758640.088632 [tornettools] [INFO] 1 relays: relative position weights:
2022-11-29 21:50:40 1669758640.088665 [tornettools] [INFO] g: chosen=0.31371246989261015, target=0.5448956732294639, diff=-0.23118320333685372
2022-11-29 21:50:40 1669758640.088696 [tornettools] [INFO] e: chosen=0.1382163299320718, target=0.0445504131341046, diff=0.09366591679796721
2022-11-29 21:50:40 1669758640.088736 [tornettools] [INFO] ge: chosen=0.5303603847114553, target=0.2680207659434194, diff=0.2623396187680359
2022-11-29 21:50:40 1669758640.088765 [tornettools] [INFO] m: chosen=0.017710815463862845, target=0.14253314769301245, diff=-0.12482233222914961
2022-11-29 21:50:40 1669758640.088793 [tornettools] [INFO] The max weight divergence between positions is 0.2623396187680359
2022-11-29 21:50:40 1669758640.088823 [tornettools] [INFO] Renormalizing weights for scaled network using total weight=0.0004446055857385657
2022-11-29 21:50:40 1669758640.088875 [tornettools] [INFO] Bandwidth-weights (relevant ones) of our scaled down consensus of 4 relays:
2022-11-29 21:50:40 1669758640.088907 [tornettools] [INFO] Casename: Case 2b2 (Wgg=weightscale, Wee=weightscale), with: Wgg=10000, Wgd=369.9534129306812, Wee=10000, Wed=3678.951313594354, Wmg=0, Wme=0, Wmd=5951.095273474964
2022-11-29 21:50:40 1669758640.089063 [tornettools] [INFO] Chose 4 of 6746 relays using scale factor 0.0001
2022-11-29 21:50:40 1669758640.091301 [tornettools] [INFO] Generating Tor key material now, this may take awhile...
2022-11-29 21:50:40 1669758640.408737 [tornettools] [INFO] Generated fingerprints and keys for 7 Tor nodes (3 authorities and 4 relays)
2022-11-29 21:50:41 1669758641.346033 [tornettools] [INFO] Generating Clients
2022-11-29 21:50:41 1669758641.346447 [tornettools] [INFO] Privcount measurements scaled to 111 Tor users, 79 active and 27 inactive
2022-11-29 21:50:41 1669758641.346511 [tornettools] [INFO] Privcount measurements scaled to 288 exit circuits, 149 active and 133 inactive
2022-11-29 21:50:41 1669758641.350996 [tornettools] [INFO] We will use 75 TGen client processes to emulate 75.05 Tor exit users and create 150 exit circuits every 10 minutes in aggregate
2022-11-29 21:50:41 1669758641.351053 [tornettools] [INFO] We will use 0 TGen client processes to emulate 0.0 Tor onion-service users and create 0 onion-service circuits every 10 minutes in aggregate
2022-11-29 21:50:41 1669758641.352122 [tornettools] [INFO] We will use 100 exit perf nodes to benchmark Tor exit performance
2022-11-29 21:50:41 1669758641.352173 [tornettools] [INFO] We will use 0 onion-service perf nodes to benchmark Tor onion-service performance
2022-11-29 21:50:41 1669758641.352211 [tornettools] [INFO] Generating Servers
2022-11-29 21:50:41 1669758641.357943 [tornettools] [DEBUG] System call: /usr/local/bin/tor --version (runtime: 0.01)
2022-11-29 21:50:41 1669758641.523092 [tornettools] [DEBUG] GETCONF __owningcontrollerprocess (runtime: 0.0001)
2022-11-29 21:50:41 1669758641.524308 [tornettools] [DEBUG] RESETCONF __OwningControllerProcess (runtime: 0.0010)
2022-11-29 21:50:41 1669758641.524526 [tornettools] [DEBUG] GETINFO version (runtime: 0.0001)
2022-11-29 21:50:41 1669758641.524971 [tornettools] [INFO] Error while receiving a control message (SocketClosed): received exception "read of closed file"
2022-11-29 21:50:41 1669758641.533486 [tornettools] [INFO] We will use 8 TGen exit servers and 0 TGen onion-service servers to serve 75 TGen exit clients and 0 TGen onion-service clients
2022-11-29 21:50:41 1669758641.533692 [tornettools] [INFO] Generating Tor configuration files
2022-11-29 21:50:41 1669758641.550493 [tornettools] [INFO] Generating TGen configuration files
2022-11-29 21:50:41 1669758641.584280 [tornettools] [INFO] Constructing Shadow config YAML file
