2022-11-30 20:33:30 1669840410.130278 [tornettools] [INFO] Logging system initialized! Logging events to stdout and to '/tordata/tornettools/experiment0-0.0001/tornettools.generate.2022-11-30.20.33.30.log'
2022-11-30 20:33:30 1669840410.130381 [tornettools] [INFO] Seeded standard and numpy PRNGs with seed=952180788
2022-11-30 20:33:30 1669840410.130439 [tornettools] [INFO] The argument namespace is: Namespace(atlas_path=None, command='generate', do_trace=False, do_version=False, events_csv='BW,CIRC', exit_user_scale=1.0, formatter_class=<class '__main__.CustomHelpFormatter'>, func=<function generate at 0x7f7929338f80>, geoip_path=None, load_scale=1.0, network_info_path='/tordata/tornettools/networkinfo_staging.gml', network_scale=0.0001, nprocesses=12, onion_service_user_scale=0.0, prefix='/tordata/tornettools/experiment0-0.0001', process_scale=0.01, quiet=0, relay_info_path='/tordata/tornettools/relayinfo_staging_2020-11-01--2020-11-30.json', seed=952180788, server_scale=0.1, tmodel_git_path='/tordata/tornettools/tmodel-ccs2018.github.io', torexe='/usr/local/bin/tor', torgencertexe='/usr/local/bin/tor-gencert', torperf_num_exit=100, torperf_num_onion_service=0, user_info_path='/tordata/tornettools/userinfo_staging_2020-11-01--2020-11-30.json')
2022-11-30 20:33:30 1669840410.130671 [tornettools] [INFO] The platform is: Linux-6.0.6-76060006-generic-x86_64-with-Ubuntu-20.04-focal
2022-11-30 20:33:30 1669840410.130730 [tornettools] [INFO] System info: uname_result(system='Linux', node='f0df288cfd9a', release='6.0.6-76060006-generic', version='#202210290932~1669062050~22.04~d94609a SMP PREEMPT_DYNAMIC Mon N', machine='x86_64', processor='x86_64')
2022-11-30 20:33:30 1669840410.204000 [tornettools] [INFO] Generating network using tor and tor-gencert at /usr/local/bin/tor and /usr/local/bin/tor-gencert
2022-11-30 20:33:30 1669840410.204346 [tornettools] [INFO] Copying atlas topology file (use the '-a/--atlas' option to disable)
2022-11-30 20:33:30 1669840410.217413 [tornettools] [INFO] Reading staged network info /tordata/tornettools/networkinfo_staging.gml
2022-11-30 20:33:30 1669840410.439362 [tornettools] [INFO] Finished reading staged network info
2022-11-30 20:33:30 1669840410.439461 [tornettools] [INFO] Sampling Tor relays now
2022-11-30 20:33:30 1669840410.834113 [tornettools] [INFO] A full Tor network has 6746 relays with total capacity of 667.249242232 Gbit/s
2022-11-30 20:33:30 1669840410.842157 [tornettools] [INFO] Bandwidth-weights (relevant ones) of a typical consensus:
2022-11-30 20:33:30 1669840410.842211 [tornettools] [INFO] Casename: Case 3a (E scarce), with: Wgg=6287.061081125317, Wgd=0, Wee=10000, Wed=10000, Wmg=3712.9389188746823, Wme=0, Wmd=0
2022-11-30 20:33:30 1669840410.842252 [tornettools] [INFO] 1 relays: relative position weights:
2022-11-30 20:33:30 1669840410.842283 [tornettools] [INFO] g: chosen=0.33141632455952436, target=0.5493762686036854, diff=-0.21795994404416102
2022-11-30 20:33:30 1669840410.842311 [tornettools] [INFO] e: chosen=0.10578341496830826, target=0.04193931973410861, diff=0.06384409523419965
2022-11-30 20:33:30 1669840410.842339 [tornettools] [INFO] ge: chosen=0.5434229384526398, target=0.26726824881947514, diff=0.27615468963316464
2022-11-30 20:33:30 1669840410.842366 [tornettools] [INFO] m: chosen=0.01937732201952764, target=0.1414161628427304, diff=-0.12203884082320277
2022-11-30 20:33:30 1669840410.842391 [tornettools] [INFO] The max weight divergence between positions is 0.27615468963316464
2022-11-30 20:33:30 1669840410.842421 [tornettools] [INFO] Renormalizing weights for scaled network using total weight=0.0004400717981647549
2022-11-30 20:33:30 1669840410.842471 [tornettools] [INFO] Bandwidth-weights (relevant ones) of our scaled down consensus of 4 relays:
2022-11-30 20:33:30 1669840410.842511 [tornettools] [INFO] Casename: Case 2b2 (Wgg=weightscale, Wee=weightscale), with: Wgg=10000, Wgd=35.27655235289512, Wee=10000, Wed=4187.344741334589, Wmg=0, Wme=0, Wmd=5777.3787063125155
2022-11-30 20:33:30 1669840410.842667 [tornettools] [INFO] Chose 4 of 6746 relays using scale factor 0.0001
2022-11-30 20:33:30 1669840410.844804 [tornettools] [INFO] Generating Tor key material now, this may take awhile...
2022-11-30 20:33:31 1669840411.163617 [tornettools] [INFO] Generated fingerprints and keys for 7 Tor nodes (3 authorities and 4 relays)
2022-11-30 20:33:32 1669840412.031122 [tornettools] [INFO] Generating Clients
2022-11-30 20:33:32 1669840412.031456 [tornettools] [INFO] Privcount measurements scaled to 111 Tor users, 79 active and 27 inactive
2022-11-30 20:33:32 1669840412.031501 [tornettools] [INFO] Privcount measurements scaled to 288 exit circuits, 149 active and 133 inactive
2022-11-30 20:33:32 1669840412.035720 [tornettools] [INFO] We will use 75 TGen client processes to emulate 75.05 Tor exit users and create 150 exit circuits every 10 minutes in aggregate
2022-11-30 20:33:32 1669840412.035771 [tornettools] [INFO] We will use 0 TGen client processes to emulate 0.0 Tor onion-service users and create 0 onion-service circuits every 10 minutes in aggregate
2022-11-30 20:33:32 1669840412.036797 [tornettools] [INFO] We will use 100 exit perf nodes to benchmark Tor exit performance
2022-11-30 20:33:32 1669840412.036842 [tornettools] [INFO] We will use 0 onion-service perf nodes to benchmark Tor onion-service performance
2022-11-30 20:33:32 1669840412.036877 [tornettools] [INFO] Generating Servers
2022-11-30 20:33:32 1669840412.042365 [tornettools] [DEBUG] System call: /usr/local/bin/tor --version (runtime: 0.00)
2022-11-30 20:33:32 1669840412.189173 [tornettools] [DEBUG] GETCONF __owningcontrollerprocess (runtime: 0.0001)
2022-11-30 20:33:32 1669840412.190383 [tornettools] [DEBUG] RESETCONF __OwningControllerProcess (runtime: 0.0010)
2022-11-30 20:33:32 1669840412.190795 [tornettools] [DEBUG] GETINFO version (runtime: 0.0001)
2022-11-30 20:33:32 1669840412.191156 [tornettools] [INFO] Error while receiving a control message (SocketClosed): received exception "read of closed file"
2022-11-30 20:33:32 1669840412.199692 [tornettools] [INFO] We will use 8 TGen exit servers and 0 TGen onion-service servers to serve 75 TGen exit clients and 0 TGen onion-service clients
2022-11-30 20:33:32 1669840412.199898 [tornettools] [INFO] Generating Tor configuration files
2022-11-30 20:33:32 1669840412.216279 [tornettools] [INFO] Generating TGen configuration files
2022-11-30 20:33:32 1669840412.249725 [tornettools] [INFO] Constructing Shadow config YAML file
