time: 946686600.0
diff: 123.0
waiting
going to web site
Hello world	Thread-720	4

time: 946686723.5350641
diff: 0.46493589878082275
waiting
going to web site
Hello world	Thread-728	5

time: 946686724.5350641
diff: -0.5350641012191772
going to web site
Hello world	Thread-734	4

time: 946686725.062128
diff: -1.062127947807312
going to web site
Hello world	Thread-736	4

time: 946686725.5971919
diff: -1.5971919298171997
going to web site
Hello world	Thread-740	2

time: 946686726.132482
diff: -1.1324820518493652
going to web site
Hello world	Thread-747	4

time: 946686726.6585461
diff: -1.6585460901260376
going to web site
Hello world	Thread-748	4

time: 946686727.1866101
diff: -2.1866101026535034
going to web site
Hello world	Thread-754	3

time: 946686727.7186741
diff: -2.718674063682556
going to web site
Hello world	Thread-756	4

time: 946686728.2447381
diff: -3.2447381019592285
going to web site
Hello world	Thread-760	3

time: 946686728.7768021
diff: -3.7768020629882812
going to web site
Hello world	Thread-763	2

time: 946686729.3028661
diff: -3.3028661012649536
going to web site
Hello world	Thread-764	3

time: 946686729.82893
diff: -3.8289300203323364
going to web site
Hello world	Thread-766	2

time: 946686730.3599939
diff: -3.3599939346313477
going to web site
Hello world	Thread-768	3

time: 946686730.8910581
diff: -3.891058087348938
going to web site
Hello world	Thread-769	2

time: 946686731.426122
diff: -3.426121950149536
going to web site
Hello world	Thread-771	2

time: 946686731.952186
diff: -3.9521859884262085
going to web site
Hello world	Thread-772	3

time: 946686732.48025
diff: -4.480250000953674
going to web site
Hello world	Thread-774	2

time: 946686733.006314
diff: -5.006314039230347
going to web site
Hello world	Thread-776	3

time: 946686733.5353781
diff: -4.535378098487854
going to web site
Hello world	Thread-778	2

time: 946686734.061442
diff: -5.061442017555237
going to web site
Hello world	Thread-781	4

time: 946686734.591506
diff: -4.591506004333496
going to web site
Hello world	Thread-784	2

time: 946686735.11857
diff: -5.11856997013092
going to web site
Hello world	Thread-787	2

time: 946686735.6536341
diff: -4.653634071350098
going to web site
Hello world	Thread-789	3

time: 946686736.179698
diff: -4.1796979904174805
going to web site
Hello world	Thread-793	5

time: 946686736.714762
diff: -4.714761972427368
going to web site
Hello world	Thread-795	2

time: 946686737.240826
diff: -5.2408260107040405
going to web site
Hello world	Thread-800	3

time: 946686737.77489
diff: -5.774889945983887
going to web site
Hello world	Thread-802	5

time: 946686738.300954
diff: -1.300953984260559
going to web site
Hello world	Thread-148	2

time: 946686738.827018
diff: -0.8270180225372314
going to web site
Hello world	Thread-809	4

time: 946686739.362329
diff: -1.3623290061950684
going to web site
Hello world	Thread-814	3

time: 946686739.893393
diff: -1.8933930397033691
going to web site
Hello world	Thread-818	4

time: 946686740.423457
diff: -2.4234570264816284
going to web site
Hello world	Thread-821	4

time: 946686740.9495211
diff: -1.9495210647583008
going to web site
Hello world	Thread-824	6

time: 946686741.480585
diff: -1.480584979057312
going to web site
Hello world	Thread-830	3

time: 946686742.006649
diff: -1.0066490173339844
going to web site
Hello world	Thread-834	5

time: 946686742.541713
diff: -1.541712999343872
going to web site
Hello world	Thread-837	2

time: 946686743.076777
diff: -1.0767769813537598
going to web site
Hello world	Thread-839	4

time: 946686743.6028409
diff: -1.6028409004211426
going to web site
Hello world	Thread-842	3

time: 946686744.1409049
diff: -0.14090490341186523
going to web site
Hello world	Thread-846	4

time: 946686744.666969
diff: -0.6669689416885376
going to web site
Hello world	Thread-849	2

time: 946686745.210033
diff: -1.2100330591201782
going to web site
Hello world	Thread-851	4

time: 946686745.7450969
diff: -0.7450969219207764
going to web site
Hello world	Thread-853	2

time: 946686746.2850649
diff: -0.2850649356842041
going to web site
Hello world	Thread-854	2

time: 946686746.852942
diff: 1.1470580101013184
waiting
going to web site
Hello world	Thread-859	5

time: 946686748.544065
diff: 0.455935001373291
waiting
going to web site
Hello world	Thread-865	4

time: 946686749.540065
diff: 14.459934949874878
waiting
going to web site
Hello world	Thread-909	5

time: 946686764.5270649
diff: 1.4729350805282593
waiting
going to web site
Hello world	Thread-204	4

time: 946686766.533949
diff: 18.46605098247528
waiting
going to web site
Hello world	Thread-262	3

time: 946686785.5345991
diff: 23.46540093421936
waiting
going to web site
Hello world	Thread-329	3

time: 946686809.534064
diff: 10.465935945510864
waiting
going to web site
Hello world	Thread-360	3

time: 946686820.526064
diff: 11.473935961723328
waiting
going to web site
Hello world	Thread-400	6

time: 946686832.5350641
diff: 22.464935898780823
waiting
going to web site
Hello world	Thread-478	7

time: 946686855.5350641
diff: 19.464935898780823
waiting
going to web site
Hello world	Thread-539	6

time: 946686875.535101
diff: 11.464898943901062
waiting
going to web site
Hello world	Thread-587	4

time: 946686887.5350641
diff: 14.464935898780823
waiting
going to web site
Hello world	Thread-648	4

time: 946686902.555508
diff: 33.44449198246002
waiting
going to web site
Hello world	Thread-785	5

time: 946686936.5350641
diff: 11.464935898780823
waiting
going to web site
Hello world	Thread-837	7

time: 946686948.5350641
diff: 40.46493589878082
waiting
going to web site
Hello world	Thread-1026	5

time: 946686989.5350641
diff: 17.464935898780823
waiting
going to web site
Hello world	Thread-1114	5

time: 946687007.531064
diff: 28.4689359664917
waiting
going to web site
Hello world	Thread-1247	6

time: 946687036.5350641
diff: 15.464935898780823
waiting
going to web site
Hello world	Thread-1320	3

time: 946687052.526064
diff: 19.473935961723328
waiting
going to web site
Hello world	Thread-1410	6

time: 946687072.532417
diff: 18.467582941055298
waiting
going to web site
Hello world	Thread-1494	4

time: 946687091.5350641
diff: 29.464935898780823
waiting
going to web site
Hello world	Thread-1624	6

time: 946687121.526064
diff: 41.47393596172333
waiting
going to web site
Hello world	Thread-1804	3

time: 946687163.526064
diff: 16.473935961723328
waiting
going to web site
Hello world	Thread-1864	5

time: 946687180.526064
diff: 15.473935961723328
waiting
going to web site
Hello world	Thread-1934	6

time: 946687196.5350641
diff: 18.464935898780823
waiting
going to web site
Hello world	Thread-2015	7

time: 946687215.5350641
diff: 36.46493589878082
waiting
going to web site
Hello world	Thread-2173	7

time: 946687252.532064
diff: 17.467936038970947
waiting
going to web site
Hello world	Thread-2258	5

time: 946687270.544065
diff: 27.45593500137329
waiting
going to web site
Hello world	Thread-2386	3

time: 946687298.5350649
diff: 10.464935064315796
waiting
going to web site
Hello world	Thread-2432	4

time: 946687309.550065
diff: 27.44993495941162
waiting
going to web site
Hello world	Thread-2557	6

time: 946687337.5350641
diff: 19.464935898780823
waiting
going to web site
Hello world	Thread-2643	5

time: 946687357.5350641
diff: 14.464935898780823
waiting
going to web site
Hello world	Thread-2710	7

time: 946687372.5270649
diff: 13.47293508052826
waiting
going to web site
Hello world	Thread-2770	3

time: 946687386.526065
diff: 34.47393500804901
waiting
going to web site
Hello world	Thread-2925	5

time: 946687421.526065
diff: 23.47393500804901
waiting
going to web site
Hello world	Thread-3022	6

time: 946687445.544065
diff: 19.45593500137329
waiting
going to web site
Hello world	Thread-3117	7

time: 946687465.5450649
diff: 27.45493507385254
waiting
going to web site
Hello world	Thread-3240	3

time: 946687493.544065
diff: 17.45593500137329
waiting
going to web site
Hello world	Thread-3310	5

time: 946687511.544065
diff: 18.45593500137329
waiting
going to web site
Hello world	Thread-3399	6

time: 946687530.541065
diff: 26.458935022354126
waiting
going to web site
Hello world	Thread-3517	5

time: 946687557.544065
diff: 22.45593500137329
waiting
going to web site
Hello world	Thread-3614	6

time: 946687580.544273
diff: 28.455726981163025
waiting
going to web site
Hello world	Thread-3740	6

time: 946687609.5350641
diff: 27.464935898780823
waiting
going to web site
Hello world	Thread-3866	3

time: 946687637.526064
diff: 16.473935961723328
waiting
going to web site
Hello world	Thread-3935	5

time: 946687654.5350641
diff: 25.464935898780823
waiting
going to web site
Hello world	Thread-4049	5

time: 946687680.5350641
diff: 24.464935898780823
waiting
going to web site
Hello world	Thread-4161	4

time: 946687705.5350641
diff: 24.464935898780823
waiting
going to web site
Hello world	Thread-4276	5

time: 946687730.526064
diff: 17.473935961723328
waiting
going to web site
Hello world	Thread-4351	6

time: 946687748.5350641
diff: 13.464935898780823
waiting
going to web site
Hello world	Thread-4412	5

time: 946687762.5350641
diff: 27.464935898780823
waiting
going to web site
Hello world	Thread-4535	6

time: 946687790.529519
diff: 15.470481038093567
waiting
going to web site
Hello world	Thread-4610	7

time: 946687806.526065
diff: 18.47393500804901
waiting
going to web site
Hello world	Thread-4700	5

time: 946687825.5442489
diff: 13.455751061439514
waiting
going to web site
Hello world	Thread-4759	3

time: 946687839.544065
diff: 37.45593500137329
waiting
going to web site
Hello world	Thread-4930	7

time: 946687877.5350649
diff: 15.464935064315796
waiting
going to web site
Hello world	Thread-5000	6

time: 946687893.526065
diff: 27.47393500804901
waiting
going to web site
Hello world	Thread-5135	5

time: 946687921.544065
diff: 25.45593500137329
waiting
going to web site
Hello world	Thread-5259	5

time: 946687947.5350649
diff: 24.464935064315796
waiting
going to web site
Hello world	Thread-5377	7

time: 946687972.544065
diff: 13.455935001373291
waiting
going to web site
Hello world	Thread-5447	4

time: 946687986.544065
diff: 25.45593500137329
waiting
going to web site
Hello world	Thread-5561	7

time: 946688012.5380651
diff: 9.461934924125671
waiting
going to web site
Hello world	Thread-5606	5

time: 946688022.5350641
diff: 11.464935898780823
waiting
going to web site
Hello world	Thread-5662	7

time: 946688034.5350641
diff: 33.46493589878082
waiting
going to web site
Hello world	Thread-5812	7

time: 946688068.5350641
diff: 20.464935898780823
waiting
going to web site
Hello world	Thread-5910	4

time: 946688089.5350641
diff: 25.464935898780823
waiting
going to web site
Hello world	Thread-6017	3

time: 946688115.534853
diff: 29.465147018432617
waiting
going to web site
Hello world	Thread-6142	6

time: 946688145.5350649
diff: 12.464935064315796
waiting
going to web site
Hello world	Thread-6202	4

time: 946688158.5350649
diff: 24.464935064315796
waiting
going to web site
Hello world	Thread-6307	5

time: 946688183.5300651
diff: 28.469934940338135
waiting
going to web site
Hello world	Thread-6435	6

time: 946688212.5350641
diff: 23.464935898780823
waiting
going to web site
Hello world	Thread-6538	4

time: 946688236.5350641
diff: 32.46493589878082
waiting
going to web site
Hello world	Thread-6684	5

time: 946688269.5350641
diff: 12.464935898780823
waiting
going to web site
Hello world	Thread-6742	6

time: 946688282.5345191
diff: 24.46548092365265
waiting
going to web site
Hello world	Thread-6851	3

time: 946688307.5350641
diff: 36.46493589878082
waiting
going to web site
Hello world	Thread-7013	7

time: 946688344.526064
diff: 2.4739359617233276
waiting
going to web site
Hello world	Thread-7029	5

time: 946688347.5350641
diff: 23.464935898780823
waiting
going to web site
Hello world	Thread-7134	6

time: 946688371.5350641
diff: 27.464935898780823
waiting
going to web site
Hello world	Thread-7259	7

time: 946688399.5350641
diff: 12.464935898780823
waiting
going to web site
Hello world	Thread-7318	7

time: 946688412.5350641
diff: 24.464935898780823
waiting
going to web site
Hello world	Thread-7429	7

time: 946688437.5350641
diff: 9.464935898780823
waiting
going to web site
Hello world	Thread-7474	5

time: 946688447.5350641
diff: 29.464935898780823
waiting
going to web site
Hello world	Thread-7611	4

time: 946688477.526064
diff: 14.473935961723328
waiting
going to web site
Hello world	Thread-7669	7

time: 946688492.5350641
diff: 23.464935898780823
waiting
going to web site
Hello world	Thread-7781	6

time: 946688516.526064
diff: 18.473935961723328
waiting
going to web site
Hello world	Thread-7857	6

time: 946688535.5330639
diff: 24.466936111450195
waiting
going to web site
Hello world	Thread-7977	3

time: 946688560.841833
diff: 36.158167004585266
waiting
going to web site
Hello world	Thread-8134	4

time: 946688597.832833
diff: 18.16716694831848
waiting
going to web site
Hello world	Thread-8221	4

time: 946688616.832832
diff: 27.167168021202087
waiting
going to web site
Hello world	Thread-8337	2

time: 946688644.832833
diff: 38.16716694831848
waiting
going to web site
Hello world	Thread-8502	4

time: 946688683.832832
diff: 15.167168021202087
waiting
going to web site
Hello world	Thread-8566	4

time: 946688699.841833
diff: 29.158167004585266
waiting
going to web site
Hello world	Thread-8690	4

time: 946688729.848833
diff: 10.151167035102844
waiting
going to web site
Hello world	Thread-8733	2

time: 946688740.841833
diff: 24.158167004585266
waiting
going to web site
Hello world	Thread-8827	4

time: 946688765.841833
diff: 24.158167004585266
waiting
going to web site
Hello world	Thread-8922	2

time: 946688790.841833
diff: 23.158167004585266
waiting
going to web site
Hello world	Thread-9028	4

time: 946688814.832833
diff: 35.16716694831848
waiting
going to web site
Hello world	Thread-9180	4

time: 946688850.832832
diff: 27.167168021202087
waiting
going to web site
Hello world	Thread-9296	5

time: 946688878.841833
diff: 23.158167004585266
waiting
going to web site
Hello world	Thread-9398	4

time: 946688902.858416
diff: 20.141584038734436
waiting
going to web site
Hello world	Thread-9492	3

time: 946688923.832833
diff: 12.167166948318481
waiting
going to web site
Hello world	Thread-9551	2

time: 946688936.836832
diff: 15.163167953491211
waiting
going to web site
Hello world	Thread-9618	6

time: 946688953.836832
diff: 25.16316795349121
waiting
going to web site
Hello world	Thread-9740	3

time: 946688979.832832
diff: 15.167168021202087
waiting
going to web site
Hello world	Thread-9816	3

time: 946688995.841833
diff: 17.158167004585266
waiting
going to web site
Hello world	Thread-9901	3

time: 946689013.841833
diff: 41.158167004585266
waiting
going to web site
Hello world	Thread-10087	4

time: 946689055.841833
diff: 1.1581670045852661
waiting
going to web site
Hello world	Thread-10095	2

time: 946689057.832833
diff: 22.16716694831848
waiting
going to web site
Hello world	Thread-10213	4

time: 946689080.8398321
diff: 7.160167932510376
waiting
going to web site
Hello world	Thread-10252	3

time: 946689088.832832
diff: 32.16716802120209
waiting
going to web site
Hello world	Thread-10402	3

time: 946689122.841833
diff: 18.158167004585266
waiting
going to web site
Hello world	Thread-10494	4

time: 946689141.832833
diff: 15.167166948318481
waiting
going to web site
Hello world	Thread-10565	2

time: 946689157.832832
diff: 31.167168021202087
waiting
going to web site
Hello world	Thread-10726	6

time: 946689189.539065
diff: 21.46093499660492
waiting
going to web site
Hello world	Thread-10824	7

time: 946689211.526064
diff: 26.473935961723328
waiting
going to web site
Hello world	Thread-10954	5

time: 946689238.526064
diff: 12.473935961723328
waiting
going to web site
Hello world	Thread-11016	7

time: 946689251.526064
diff: 24.473935961723328
waiting
going to web site
Hello world	Thread-11132	7

time: 946689276.5350641
diff: 13.464935898780823
waiting
going to web site
Hello world	Thread-11204	6

time: 946689290.526064
diff: 21.473935961723328
waiting
going to web site
Hello world	Thread-11311	5

time: 946689312.5350641
diff: 18.464935898780823
waiting
going to web site
Hello world	Thread-11395	6

time: 946689331.5350641
diff: 21.464935898780823
waiting
going to web site
Hello world	Thread-11500	5

time: 946689353.5350641
diff: 25.464935898780823
waiting
going to web site
Hello world	Thread-11620	5

time: 946689379.5350641
diff: 27.464935898780823
waiting
going to web site
Hello world	Thread-11751	7

time: 946689407.5350641
diff: 20.464935898780823
waiting
going to web site
Hello world	Thread-11846	7

time: 946689428.5350641
diff: 17.464935898780823
waiting
going to web site
Hello world	Thread-11916	7

time: 946689446.526064
diff: 6.473935961723328
waiting
going to web site
Hello world	Thread-11957	7

time: 946689453.5350641
diff: 16.464935898780823
waiting
going to web site
Hello world	Thread-12032	7

time: 946689470.5350641
diff: 37.46493589878082
waiting
going to web site
Hello world	Thread-12204	6

time: 946689508.5350641
diff: 25.464935898780823
waiting
going to web site
Hello world	Thread-12323	7

time: 946689534.530064
diff: 20.46993601322174
waiting
going to web site
Hello world	Thread-12429	5

time: 946689555.544065
diff: 29.45593500137329
waiting
going to web site
Hello world	Thread-12562	7

time: 946689585.5380651
diff: 26.46193492412567
waiting
going to web site
Hello world	Thread-12674	6

time: 946689612.526064
diff: 14.473935961723328
waiting
going to web site
Hello world	Thread-12745	7

time: 946689627.5294169
diff: 18.470583081245422
waiting
going to web site
Hello world	Thread-12832	6

time: 946689646.5350649
diff: 14.464935064315796
waiting
going to web site
Hello world	Thread-12905	7

time: 946689661.5350649
diff: 12.464935064315796
waiting
going to web site
Hello world	Thread-12970	6

time: 946689674.544832
diff: 37.45516800880432
waiting
going to web site
Hello world	Thread-13143	6

time: 946689712.54482
diff: 7.455180048942566
waiting
going to web site
Hello world	Thread-13185	5

time: 946689720.526065
diff: 35.47393500804901
waiting
going to web site
Hello world	Thread-13346	6

time: 946689756.541065
diff: 17.458935022354126
waiting
going to web site
Hello world	Thread-13423	3

time: 946689774.526065
diff: 19.47393500804901
waiting
going to web site
Hello world	Thread-13517	7

time: 946689794.540065
diff: 7.459934949874878
waiting
going to web site
Hello world	Thread-13550	5

time: 946689802.5345191
diff: 26.46548092365265
waiting
going to web site
Hello world	Thread-13673	7

time: 946689829.5350641
diff: 30.464935898780823
waiting
going to web site
Hello world	Thread-13824	7

time: 946689860.5350641
diff: 13.464935898780823
waiting
going to web site
Hello world	Thread-13887	5

time: 946689874.5350641
diff: 27.464935898780823
waiting
going to web site
Hello world	Thread-14017	4

time: 946689902.526064
diff: 25.473935961723328
waiting
going to web site
Hello world	Thread-14127	5

time: 946689928.5350641
diff: 14.464935898780823
waiting
going to web site
Hello world	Thread-14192	5

time: 946689943.5350641
diff: 22.464935898780823
waiting
going to web site
Hello world	Thread-14292	6

time: 946689966.526064
diff: 29.473935961723328
waiting
going to web site
Hello world	Thread-14426	4

time: 946689996.5350641
diff: 27.464935898780823
waiting
going to web site
Hello world	Thread-14546	8

time: 946690024.5350641
diff: 26.464935898780823
waiting
going to web site
Hello world	Thread-14658	6

time: 946690051.5350649
diff: 21.464935064315796
waiting
going to web site
Hello world	Thread-14754	3

time: 946690073.5350649
diff: 22.464935064315796
waiting
going to web site
Hello world	Thread-14855	6

time: 946690096.544561
diff: 16.45543897151947
waiting
going to web site
Hello world	Thread-14926	3

time: 946690113.526064
diff: 21.473935961723328
waiting
going to web site
Hello world	Thread-15018	5

time: 946690135.5350641
diff: 24.464935898780823
waiting
going to web site
Hello world	Thread-15125	7

time: 946690160.534064
diff: 25.465935945510864
waiting
going to web site
Hello world	Thread-15229	5

time: 946690186.5350641
diff: 30.464935898780823
waiting
going to web site
Hello world	Thread-15361	7

time: 946690217.5350641
diff: 13.464935898780823
waiting
going to web site
Hello world	Thread-15433	3

time: 946690231.5350641
diff: 28.464935898780823
waiting
going to web site
Hello world	Thread-15553	6

time: 946690260.5350641
diff: 23.464935898780823
waiting
going to web site
Hello world	Thread-15655	6

time: 946690284.5350641
diff: 11.464935898780823
waiting
going to web site
Hello world	Thread-15716	4

time: 946690296.5350641
diff: 18.464935898780823
waiting
going to web site
Hello world	Thread-15796	5

time: 946690315.534417
diff: 31.465582966804504
waiting
going to web site
Hello world	Thread-15927	7

time: 946690347.5350641
diff: 17.464935898780823
waiting
going to web site
Hello world	Thread-16009	7

time: 946690365.5350641
diff: 32.46493589878082
waiting
going to web site
Hello world	Thread-16152	3

time: 946690398.832832
diff: 16.167168021202087
waiting
going to web site
Hello world	Thread-16225	2

time: 946690415.841833
diff: 19.158167004585266
waiting
going to web site
Hello world	Thread-16315	4

time: 946690435.841833
diff: 29.158167004585266
waiting
going to web site
Hello world	Thread-16443	3

time: 946690465.841833
diff: 16.158167004585266
waiting
going to web site
Hello world	Thread-16519	2

time: 946690482.841833
diff: 24.158167004585266
waiting
going to web site
Hello world	Thread-16630	4

time: 946690507.841833
diff: 28.158167004585266
waiting
going to web site
Hello world	Thread-16753	2

time: 946690536.832833
diff: 23.16716694831848
waiting
going to web site
Hello world	Thread-16861	2

time: 946690560.836832
diff: 6.163167953491211
waiting
going to web site
Hello world	Thread-16892	4

time: 946690567.832832
diff: 32.16716802120209
waiting
going to web site
Hello world	Thread-17035	2

time: 946690600.832833
diff: 11.167166948318481
waiting
going to web site
Hello world	Thread-17077	3

time: 946690612.841249
diff: 19.158751010894775
waiting
going to web site
Hello world	Thread-17166	4

time: 946690632.832833
diff: 38.16716694831848
waiting
going to web site
Hello world	Thread-17332	3

time: 946690671.832832
diff: 17.167168021202087
waiting
going to web site
Hello world	Thread-17413	2

time: 946690689.841833
diff: 35.158167004585266
waiting
going to web site
Hello world	Thread-17569	2

time: 946690725.8427011
diff: 23.157298922538757
waiting
going to web site
Hello world	Thread-17674	2

time: 946690749.832832
diff: 10.167168021202087
waiting
going to web site
Hello world	Thread-17723	2

time: 946690760.841833
diff: 16.158167004585266
waiting
going to web site
Hello world	Thread-17797	2

time: 946690777.841833
diff: 41.158167004585266
waiting
going to web site
Hello world	Thread-17978	2

time: 946690819.841833
diff: 12.158167004585266
waiting
going to web site
Hello world	Thread-18039	3

time: 946690832.841833
diff: 34.158167004585266
waiting
going to web site
Hello world	Thread-18183	2

time: 946690868.860833
diff: 17.139166951179504
waiting
going to web site
Hello world	Thread-18256	4

time: 946690886.832832
diff: 16.167168021202087
waiting
going to web site
Hello world	Thread-18328	5

time: 946690903.832833
diff: 18.16716694831848
waiting
going to web site
Hello world	Thread-18407	2

time: 946690922.832832
diff: 30.167168021202087
waiting
going to web site
Hello world	Thread-18543	2

time: 946690953.842331
diff: 31.157668948173523
waiting
going to web site
Hello world	Thread-18683	3

time: 946690985.832832
diff: 13.167168021202087
waiting
going to web site
Hello world	Thread-18745	2

time: 946690999.910777
diff: 14.089223027229309
waiting
going to web site
Hello world	Thread-18811	2

time: 946691014.910777
diff: 24.08922302722931
waiting
going to web site
Hello world	Thread-18922	2

time: 946691040.910777
diff: 31.08922302722931
waiting
going to web site
Hello world	Thread-19062	2

time: 946691072.910777
diff: 18.08922302722931
waiting
going to web site
Hello world	Thread-19151	2

time: 946691091.9106059
diff: 27.089394092559814
waiting
going to web site
Hello world	Thread-19274	2

time: 946691119.901777
diff: 19.098222970962524
waiting
going to web site
Hello world	Thread-19366	2

time: 946691139.910776
diff: 17.089223980903625
waiting
going to web site
Hello world	Thread-19449	2

time: 946691157.904776
diff: 15.095224022865295
waiting
going to web site
Hello world	Thread-19525	2

time: 946691174.902777
diff: 14.097223043441772
waiting
going to web site
Hello world	Thread-19585	2

time: 946691189.910777
diff: 26.08922302722931
waiting
going to web site
Hello world	Thread-19709	2

time: 946691216.911777
diff: 28.088222980499268
waiting
going to web site
Hello world	Thread-19845	2

time: 946691246.9027761
diff: 17.0972238779068
waiting
going to web site
Hello world	Thread-19943	2

time: 946691265.901776
diff: 22.09822404384613
waiting
going to web site
Hello world	Thread-20047	2

time: 946691288.910777
diff: 28.08922302722931
waiting
going to web site
Hello world	Thread-20180	2

time: 946691317.91384
diff: 7.086159944534302
waiting
going to web site
Hello world	Thread-20254	2

time: 946691332.901776
diff: 15.09822404384613
waiting
going to web site
Hello world	Thread-20324	2

time: 946691348.910777
diff: 8.089223027229309
waiting
going to web site
Hello world	Thread-20365	2

time: 946691357.910777
diff: 30.08922302722931
waiting
going to web site
Hello world	Thread-20535	2

time: 946691389.903777
diff: 4.096222996711731
waiting
going to web site
Hello world	Thread-20558	2

time: 946691394.901776
diff: 31.09822404384613
waiting
going to web site
Hello world	Thread-20724	2

time: 946691429.903777
diff: 15.096222996711731
waiting
going to web site
Hello world	Thread-20799	2

time: 946691445.901776
diff: 25.09822404384613
waiting
going to web site
Hello world	Thread-20919	2

time: 946691471.910777
diff: 17.08922302722931
waiting
going to web site
Hello world	Thread-21008	2

time: 946691489.910777
diff: 27.08922302722931
waiting
going to web site
Hello world	Thread-21135	2

time: 946691517.915777
diff: 2.0842230319976807
waiting
going to web site
Hello world	Thread-21150	2

time: 946691520.913777
diff: 30.086223006248474
waiting
going to web site
Hello world	Thread-21298	2

time: 946691551.910777
diff: 26.08922302722931
waiting
going to web site
Hello world	Thread-21424	2

time: 946691579.910777
diff: 9.089223027229309
waiting
going to web site
Hello world	Thread-21467	2

time: 946691589.910777
diff: 33.08922302722931
waiting
going to web site
Hello world	Thread-21623	3

time: 946691623.841833
diff: 23.158167004585266
waiting
going to web site
Hello world	Thread-21728	3

time: 946691647.841833
diff: 19.158167004585266
waiting
going to web site
Hello world	Thread-21804	5

time: 946691667.832833
diff: 34.16716694831848
waiting
going to web site
Hello world	Thread-21967	4

time: 946691702.832832
diff: 23.167168021202087
waiting
going to web site
Hello world	Thread-22078	6

time: 946691726.832833
diff: 16.16716694831848
waiting
going to web site
Hello world	Thread-22147	3

time: 946691743.832832
diff: 23.167168021202087
waiting
going to web site
Hello world	Thread-22257	4

time: 946691767.832833
diff: 10.167166948318481
waiting
going to web site
Hello world	Thread-22298	2

time: 946691778.835833
diff: 41.164167046546936
waiting
going to web site
Hello world	Thread-22486	7

time: 946691820.832833
diff: 7.1671669483184814
waiting
going to web site
Hello world	Thread-22521	4

time: 946691828.841833
diff: 16.158167004585266
waiting
going to web site
Hello world	Thread-22589	3

time: 946691845.841833
diff: 24.158167004585266
waiting
going to web site
Hello world	Thread-22704	5

time: 946691871.841833
diff: 21.158167004585266
waiting
going to web site
Hello world	Thread-22808	4

time: 946691893.841833
diff: 27.158167004585266
waiting
going to web site
Hello world	Thread-22940	3

time: 946691922.841833
diff: 16.158167004585266
waiting
going to web site
Hello world	Thread-23007	3

time: 946691939.841833
diff: 16.158167004585266
waiting
going to web site
Hello world	Thread-23106	2

time: 946691957.841833
diff: 35.158167004585266
waiting
going to web site
Hello world	Thread-23272	4

time: 946691993.841833
diff: 15.158167004585266
waiting
going to web site
Hello world	Thread-23338	4

time: 946692009.841833
diff: 27.158167004585266
waiting
going to web site
Hello world	Thread-23475	6

time: 946692037.841833
diff: 7.158167004585266
waiting
going to web site
Hello world	Thread-23513	3

time: 946692045.841833
diff: 18.158167004585266
waiting
going to web site
Hello world	Thread-23610	2

time: 946692064.841833
diff: 30.158167004585266
waiting
going to web site
Hello world	Thread-23763	2

time: 946692096.851833
diff: 14.14816701412201
waiting
going to web site
Hello world	Thread-23831	3

time: 946692112.841833
diff: 12.158167004585266
waiting
going to web site
Hello world	Thread-23900	3

time: 946692125.841833
diff: 15.158167004585266
waiting
going to web site
Hello world	Thread-23971	4

time: 946692141.851833
diff: 21.14816701412201
waiting
going to web site
Hello world	Thread-24075	5

time: 946692163.841833
diff: 15.158167004585266
waiting
going to web site
Hello world	Thread-24140	3

time: 946692179.841833
diff: 27.158167004585266
waiting
going to web site
Hello world	Thread-24269	5

time: 946692207.841833
diff: 28.158167004585266
waiting
going to web site
Hello world	Thread-24405	2

time: 946692236.841833
diff: 18.158167004585266
waiting
going to web site
Hello world	Thread-24491	2

time: 946692255.841833
diff: 30.158167004585266
waiting
going to web site
Hello world	Thread-24634	3

time: 946692286.832833
diff: 27.16716694831848
waiting
going to web site
Hello world	Thread-24756	2

time: 946692314.832832
diff: 10.167168021202087
waiting
going to web site
Hello world	Thread-24805	5

time: 946692325.841833
diff: 33.158167004585266
waiting
going to web site
Hello world	Thread-24953	4

time: 946692359.832833
diff: 22.16716694831848
waiting
going to web site
Hello world	Thread-25049	4

time: 946692382.832832
diff: 22.167168021202087
waiting
going to web site
Hello world	Thread-25146	2

time: 946692405.832833
diff: 33.16716694831848
waiting
going to web site
Hello world	Thread-25290	2

time: 946692439.832832
diff: 19.167168021202087
waiting
going to web site
Hello world	Thread-25370	2

time: 946692459.859833
diff: 17.140166997909546
waiting
going to web site
Hello world	Thread-25454	3

time: 946692477.832832
diff: 29.167168021202087
waiting
going to web site
Hello world	Thread-25567	4

time: 946692507.841833
diff: 15.158167004585266
waiting
going to web site
Hello world	Thread-25638	3

time: 946692523.841833
diff: 17.158167004585266
waiting
going to web site
Hello world	Thread-25711	3

time: 946692541.832833
diff: 20.16716694831848
waiting
going to web site
Hello world	Thread-25805	2

time: 946692562.836832
diff: 25.16316795349121
waiting
going to web site
Hello world	Thread-25915	4

time: 946692588.832832
diff: 28.167168021202087
waiting
going to web site
Hello world	Thread-26039	2

time: 946692617.841833
diff: 25.158167004585266
waiting
going to web site
Hello world	Thread-26140	2

time: 946692643.851665
diff: 23.148334980010986
waiting
going to web site
Hello world	Thread-26228	3

time: 946692667.832832
diff: 25.167168021202087
waiting
going to web site
Hello world	Thread-26327	3

time: 946692693.851832
diff: 8.148167967796326
waiting
going to web site
Hello world	Thread-26350	3

time: 946692702.832832
diff: 25.167168021202087
waiting
going to web site
Hello world	Thread-26425	3

