time: 946686600.0
diff: 0.0
going to web site
Hello world	Thread-41	3

time: 946686631.669364
diff: 28.330636024475098
waiting
going to web site
Hello world	Thread-57	7

time: 946686663.658365
diff: 56.34163498878479
waiting
going to web site
Hello world	Thread-103	3

time: 946686735.696273
diff: 45.30372703075409
waiting
going to web site
Hello world	Thread-125	4

time: 946686782.658364
diff: 58.341635942459106
waiting
going to web site
Hello world	Thread-162	2

time: 946686842.651365
diff: 118.34863495826721
waiting
going to web site
Hello world	Thread-234	5

time: 946686968.659364
diff: 52.340636014938354
waiting
going to web site
Hello world	Thread-259	4

time: 946687022.688364
diff: 58.311635971069336
waiting
going to web site
Hello world	Thread-274	8

time: 946687081.658364
diff: 119.3416359424591
waiting
going to web site
Hello world	Thread-355	4

time: 946687204.656908
diff: 57.34309196472168
waiting
going to web site
Hello world	Thread-378	7

time: 946687262.6529081
diff: 59.34709191322327
waiting
going to web site
Hello world	Thread-407	7

time: 946687322.646908
diff: 119.35309195518494
waiting
going to web site
Hello world	Thread-479	2

time: 946687442.6559091
diff: 119.34409093856812
waiting
going to web site
Hello world	Thread-555	4

time: 946687565.667908
diff: 116.33209204673767
waiting
going to web site
Hello world	Thread-620	2

time: 946687685.658908
diff: 56.341091990470886
waiting
going to web site
Hello world	Thread-637	4

time: 946687742.646908
diff: 120.35309195518494
waiting
going to web site
Hello world	Thread-708	3

time: 946687863.661365
diff: 59.338634967803955
waiting
going to web site
Hello world	Thread-757	5

time: 946687926.658365
diff: 116.34163498878479
waiting
going to web site
Hello world	Thread-822	6

time: 946688046.658365
diff: 116.34163498878479
waiting
going to web site
Hello world	Thread-890	4

time: 946688170.659364
diff: 112.34063601493835
waiting
going to web site
Hello world	Thread-944	7

time: 946688286.658364
diff: 56.341635942459106
waiting
going to web site
Hello world	Thread-967	2

