time: 946686600.0
diff: 0.0
going to web site
Hello world	Thread-20	6

time: 946686603.649364
diff: 116.35063600540161
waiting
going to web site
Hello world	Thread-91	3

time: 946686723.658364
diff: 116.3416359424591
waiting
going to web site
Hello world	Thread-147	4

time: 946686840.6587939
diff: 120.34120607376099
waiting
going to web site
Hello world	Thread-229	4

time: 946686964.659364
diff: 116.34063601493835
waiting
going to web site
Hello world	Thread-291	3

time: 946687084.668364
diff: 116.33163595199585
waiting
going to web site
Hello world	Thread-337	7

time: 946687201.656908
diff: 119.34309196472168
waiting
going to web site
Hello world	Thread-420	3

time: 946687324.667908
diff: 56.33209204673767
waiting
going to web site
Hello world	Thread-453	6

time: 946687384.655909
diff: 116.3440910577774
waiting
going to web site
Hello world	Thread-505	5

time: 946687501.6559091
diff: 120.34409093856812
waiting
going to web site
Hello world	Thread-581	2

time: 946687623.667908
diff: 118.33209204673767
waiting
going to web site
Hello world	Thread-648	7

time: 946687745.655909
diff: 116.3440910577774
waiting
going to web site
Hello world	Thread-702	3

time: 946687862.674908
diff: 59.32509195804596
waiting
going to web site
Hello world	Thread-736	4

time: 946687922.646908
diff: 59.35309195518494
waiting
going to web site
Hello world	Thread-772	4

time: 946687982.655909
diff: 59.344091057777405
waiting
going to web site
Hello world	Thread-807	3

time: 946688043.6589091
diff: 59.34109091758728
waiting
going to web site
Hello world	Thread-854	7

time: 946688110.656908
diff: 52.34309196472168
waiting
going to web site
Hello world	Thread-870	5

time: 946688163.646908
diff: 119.35309195518494
waiting
going to web site
Hello world	Thread-954	3

