time: 946686600.0
diff: 0.0
going to web site
Hello world	Thread-4	10

time: 946686600.646908
diff: 59.35309195518494
waiting
going to web site
Hello world	Thread-45	6

time: 946686660.6569091
diff: 59.343090891838074
waiting
going to web site
Hello world	Thread-98	2

time: 946686727.667796
diff: 52.33220398426056
waiting
going to web site
Hello world	Thread-133	2

time: 946686783.656908
diff: 56.34309196472168
waiting
going to web site
Hello world	Thread-143	8

time: 946686840.646908
diff: 119.35309195518494
waiting
going to web site
Hello world	Thread-204	7

time: 946686960.646908
diff: 120.35309195518494
waiting
going to web site
Hello world	Thread-285	3

time: 946687082.666908
diff: 118.33309197425842
waiting
going to web site
Hello world	Thread-338	6

time: 946687201.656908
diff: 119.34309196472168
waiting
going to web site
Hello world	Thread-421	2

time: 946687324.667908
diff: 56.33209204673767
waiting
going to web site
Hello world	Thread-454	5

time: 946687384.655909
diff: 116.3440910577774
waiting
going to web site
Hello world	Thread-506	4

time: 946687501.6559091
diff: 120.34409093856812
waiting
going to web site
Hello world	Thread-582	7

time: 946687625.656908
diff: 116.34309196472168
waiting
going to web site
Hello world	Thread-634	7

time: 946687742.646908
diff: 119.35309195518494
waiting
going to web site
Hello world	Thread-722	6

time: 946687869.659364
diff: 52.340636014938354
waiting
going to web site
Hello world	Thread-761	7

time: 946687929.658365
diff: 52.34163498878479
waiting
going to web site
Hello world	Thread-788	4

time: 946687985.658365
diff: 56.34163498878479
waiting
going to web site
Hello world	Thread-819	3

time: 946688045.658365
diff: 117.34163498878479
waiting
going to web site
Hello world	Thread-893	7

time: 946688178.659364
diff: 104.34063601493835
waiting
going to web site
Hello world	Thread-946	5

