time: 946686600.0
diff: 0.0
going to web site
Hello world	Thread-8	6

time: 946686601.580656
diff: 118.41934394836426
waiting
going to web site
Hello world	Thread-119	6

time: 946686727.594573
diff: 112.40542697906494
waiting
going to web site
Hello world	Thread-310	3

time: 946686847.596656
diff: 52.40334403514862
waiting
going to web site
Hello world	Thread-360	2

time: 946686903.592657
diff: 56.40734302997589
waiting
going to web site
Hello world	Thread-436	2

time: 946686963.5896561
diff: 57.41034388542175
waiting
going to web site
Hello world	Thread-484	2

time: 946687021.59157
diff: 119.40842998027802
waiting
going to web site
Hello world	Thread-643	7

time: 946687172.590656
diff: 88.409343957901
waiting
going to web site
Hello world	Thread-724	4

time: 946687262.594434
diff: 118.40556597709656
waiting
going to web site
Hello world	Thread-916	7

time: 946687412.590656
diff: 88.409343957901
waiting
going to web site
Hello world	Thread-1017	7

time: 946687502.580656
diff: 58.41934394836426
waiting
going to web site
Hello world	Thread-1100	6

time: 946687568.5896571
diff: 53.41034293174744
waiting
going to web site
Hello world	Thread-1192	7

time: 946687653.590656
diff: 88.409343957901
waiting
going to web site
Hello world	Thread-1270	4

time: 946687743.5916561
diff: 58.40834391117096
waiting
going to web site
Hello world	Thread-1337	5

time: 946687803.616968
diff: 118.38303196430206
waiting
going to web site
Hello world	Thread-1508	7

time: 946687929.590656
diff: 52.409343957901
waiting
going to web site
Hello world	Thread-1531	7

time: 946687982.588656
diff: 59.411344051361084
waiting
going to web site
Hello world	Thread-1645	3

time: 946688045.5896571
diff: 117.41034293174744
waiting
going to web site
Hello world	Thread-1780	3

time: 946688170.590656
diff: 52.409343957901
waiting
going to web site
Hello world	Thread-1832	7

time: 946688226.580656
diff: 56.41934394836426
waiting
going to web site
Hello world	Thread-1907	6

time: 946688314.590656
diff: 28.409343957901
waiting
going to web site
Hello world	Thread-1931	4

