time: 946686600.0
diff: 0.0
going to web site
Hello world	Thread-239	6

time: 946686840.830265
diff: -120.83026504516602
going to web site
Hello world	Thread-245	6

time: 946686841.4109211
diff: -1.4109210968017578
going to web site
Hello world	Thread-262	5

time: 946686842.001541
diff: 57.99845898151398
waiting
going to web site
Hello world	Thread-357	5

time: 946686903.592657
diff: 117.40734302997589
waiting
going to web site
Hello world	Thread-604	5

time: 946687142.8841159
diff: -61.88411593437195
going to web site
Hello world	Thread-612	6

time: 946687143.4647721
diff: 57.53522789478302
waiting
going to web site
Hello world	Thread-793	4

time: 946687321.8873639
diff: -0.8873639106750488
going to web site
Hello world	Thread-798	10

time: 946687322.486624
diff: 118.51337599754333
waiting
going to web site
Hello world	Thread-977	5

time: 946687448.590656
diff: 113.409343957901
waiting
going to web site
Hello world	Thread-1077	6

time: 946687562.580656
diff: 59.41934394836426
waiting
going to web site
Hello world	Thread-1259	6

time: 946687742.929484
diff: -0.9294840097427368
going to web site
Hello world	Thread-1265	9

time: 946687743.51914
diff: 58.480859994888306
waiting
going to web site
Hello world	Thread-1468	7

time: 946687922.945148
diff: -0.9451479911804199
going to web site
Hello world	Thread-1474	9

time: 946687923.525804
diff: 58.47419595718384
waiting
going to web site
Hello world	Thread-1591	7

time: 946687997.590656
diff: 105.409343957901
waiting
going to web site
Hello world	Thread-1690	4

time: 946688103.580656
diff: 59.41934394836426
waiting
going to web site
Hello world	Thread-1784	5

time: 946688178.590656
diff: 104.409343957901
waiting
going to web site
Hello world	Thread-1862	4

