time: 946686600.0
diff: 0.0
going to web site
Hello world	Thread-1	13

time: 946686600.646908
diff: 59.35309195518494
waiting
going to web site
Hello world	Thread-44	7

time: 946686660.6569091
diff: 119.34309089183807
waiting
going to web site
Hello world	Thread-128	7

time: 946686783.656908
diff: 116.34309196472168
waiting
going to web site
Hello world	Thread-171	9

time: 946686900.646908
diff: 60.35309195518494
waiting
going to web site
Hello world	Thread-210	10

time: 946686961.646908
diff: 59.35309195518494
waiting
going to web site
Hello world	Thread-267	2

time: 946687024.676908
diff: 56.323091983795166
waiting
going to web site
Hello world	Thread-272	10

time: 946687081.646908
diff: 119.35309195518494
waiting
going to web site
Hello world	Thread-352	7

time: 946687204.656908
diff: 116.34309196472168
waiting
going to web site
Hello world	Thread-401	7

time: 946687321.646908
diff: 59.35309195518494
waiting
going to web site
Hello world	Thread-452	7

time: 946687384.655909
diff: 117.3440910577774
waiting
going to web site
Hello world	Thread-511	5

time: 946687502.6559091
diff: 119.34409093856812
waiting
going to web site
Hello world	Thread-584	5

time: 946687625.656908
diff: 116.34309196472168
waiting
going to web site
Hello world	Thread-635	6

time: 946687742.646908
diff: 119.35309195518494
waiting
going to web site
Hello world	Thread-701	4

time: 946687862.674908
diff: 59.32509195804596
waiting
going to web site
Hello world	Thread-735	5

time: 946687922.646908
diff: 119.35309195518494
waiting
going to web site
Hello world	Thread-799	5

time: 946688042.646908
diff: 60.35309195518494
waiting
going to web site
Hello world	Thread-852	3

time: 946688106.656908
diff: 116.34309196472168
waiting
going to web site
Hello world	Thread-902	5

time: 946688223.646908
diff: 59.35309195518494
waiting
going to web site
Hello world	Thread-956	7

