time: 946686600.0
diff: 0.0
going to web site
Hello world	Thread-109	2

time: 946686723.9416679
diff: -3.941667914390564
going to web site
Hello world	Thread-117	2

time: 946686724.69472
diff: 115.30527997016907
waiting
going to web site
Hello world	Thread-400	7

time: 946686960.8120991
diff: -60.81209909915924
going to web site
Hello world	Thread-406	7

time: 946686961.392755
diff: -1.3927550315856934
going to web site
Hello world	Thread-421	4

time: 946686961.9804112
diff: 119.01958882808685
waiting
going to web site
Hello world	Thread-567	5

time: 946687096.590656
diff: 44.409343957901
waiting
going to web site
Hello world	Thread-598	5

time: 946687142.596192
diff: 58.40380799770355
waiting
going to web site
Hello world	Thread-702	2

time: 946687232.5916561
diff: 88.40834391117096
waiting
going to web site
Hello world	Thread-824	7

time: 946687324.580656
diff: 56.41934394836426
waiting
going to web site
Hello world	Thread-967	2

time: 946687444.590656
diff: 56.409343957901
waiting
going to web site
Hello world	Thread-1018	6

time: 946687502.580656
diff: 119.41934394836426
waiting
going to web site
Hello world	Thread-1197	2

time: 946687653.600656
diff: 28.399343967437744
waiting
going to web site
Hello world	Thread-1204	3

time: 946687682.582656
diff: 119.41734397411346
waiting
going to web site
Hello world	Thread-1377	6

time: 946687809.590656
diff: 52.409343957901
waiting
going to web site
Hello world	Thread-1397	4

time: 946687862.5836561
diff: 119.41634392738342
waiting
going to web site
Hello world	Thread-1580	6

time: 946687989.590656
diff: 52.409343957901
waiting
going to web site
Hello world	Thread-1614	5

time: 946688042.587656
diff: 120.41234397888184
waiting
going to web site
Hello world	Thread-1779	4

time: 946688170.590656
diff: 112.409343957901
waiting
going to web site
Hello world	Thread-1859	7

