time: 946686600.0
diff: 0.0
going to web site
Hello world	Thread-10	4

time: 946686601.580656
diff: 58.41934394836426
waiting
going to web site
Hello world	Thread-42	2

time: 946686660.5896561
diff: 119.41034388542175
waiting
going to web site
Hello world	Thread-183	2

time: 946686781.590656
diff: 59.409343957901
waiting
going to web site
Hello world	Thread-295	6

time: 946686844.5856571
diff: 116.41434288024902
waiting
going to web site
Hello world	Thread-416	4

time: 946686961.590817
diff: 119.40918302536011
waiting
going to web site
Hello world	Thread-564	2

time: 946687088.6096561
diff: 52.39034390449524
waiting
going to web site
Hello world	Thread-596	7

time: 946687142.596192
diff: 118.40380799770355
waiting
going to web site
Hello world	Thread-867	3

time: 946687381.91177
diff: -0.9117699861526489
going to web site
Hello world	Thread-873	9

time: 946687382.5095981
diff: 119.49040186405182
waiting
going to web site
Hello world	Thread-1057	7

time: 946687517.590656
diff: 44.409343957901
waiting
going to web site
Hello world	Thread-1085	3

time: 946687563.580656
diff: 118.41934394836426
waiting
going to web site
Hello world	Thread-1247	5

time: 946687713.600398
diff: 88.39960205554962
waiting
going to web site
Hello world	Thread-1391	4

time: 946687833.590656
diff: 28.409343957901
waiting
going to web site
Hello world	Thread-1455	6

time: 946687893.590656
diff: 88.409343957901
waiting
going to web site
Hello world	Thread-1686	2

time: 946688102.950213
diff: -59.95021295547485
going to web site
Hello world	Thread-1687	7

time: 946688103.535869
diff: -0.5358690023422241
going to web site
Hello world	Thread-1693	2

time: 946688104.125525
diff: 58.87447500228882
waiting
going to web site
Hello world	Thread-1869	4

time: 946688283.977484
diff: -60.97748398780823
going to web site
Hello world	Thread-1876	4

time: 946688284.566298
diff: -1.566298007965088
going to web site
Hello world	Thread-1880	2

time: 946688285.1529541
diff: 57.8470458984375
waiting
going to web site
Hello world	Thread-1974	4

