time: 946686600.0
diff: 0.0
going to web site
Hello world	Thread-10	2

time: 946686601.912548
diff: 118.08745205402374
waiting
going to web site
Hello world	Thread-19	3

time: 946686720.904549
diff: 120.0954509973526
waiting
going to web site
Hello world	Thread-35	2

time: 946686841.9137571
diff: 119.08624291419983
waiting
going to web site
Hello world	Thread-48	2

time: 946686961.904548
diff: 59.09545195102692
waiting
going to web site
Hello world	Thread-56	2

time: 946687021.9137571
diff: 59.08624291419983
waiting
going to web site
Hello world	Thread-63	2

time: 946687081.904548
diff: 119.09545195102692
waiting
going to web site
Hello world	Thread-73	4

time: 946687201.7261381
diff: 59.2738618850708
waiting
going to web site
Hello world	Thread-80	4

time: 946687261.7066641
diff: 60.293335914611816
waiting
going to web site
Hello world	Thread-89	3

time: 946687322.715665
diff: 119.28433501720428
waiting
going to web site
Hello world	Thread-100	4

time: 946687442.714665
diff: 59.28533494472504
waiting
going to web site
Hello world	Thread-109	3

time: 946687502.7066641
diff: 59.293335914611816
waiting
going to web site
Hello world	Thread-116	2

time: 946687562.7166641
diff: 119.28333592414856
waiting
going to web site
Hello world	Thread-129	2

time: 946687682.7146641
diff: 119.28533589839935
waiting
going to web site
Hello world	Thread-139	3

time: 946687802.6459761
diff: 60.354023933410645
waiting
going to web site
Hello world	Thread-148	3

time: 946687863.649976
diff: 119.35002398490906
waiting
going to web site
Hello world	Thread-160	5

time: 946687983.6459762
diff: 59.354023814201355
waiting
going to web site
Hello world	Thread-167	6

time: 946688043.6459762
diff: 119.35402381420135
waiting
going to web site
Hello world	Thread-183	6

time: 946688163.6459762
diff: 119.35402381420135
waiting
going to web site
Hello world	Thread-196	6

