time: 946686600.0
diff: 0.0
going to web site
Hello world	Thread-34	4

time: 946686631.590656
diff: 89.409343957901
waiting
going to web site
Hello world	Thread-81	2

time: 946686721.580656
diff: 119.41934394836426
waiting
going to web site
Hello world	Thread-298	3

time: 946686844.5856571
diff: 116.41434288024902
waiting
going to web site
Hello world	Thread-413	2

time: 946686961.600817
diff: 59.39918303489685
waiting
going to web site
Hello world	Thread-584	7

time: 946687141.8332781
diff: -0.8332780599594116
going to web site
Hello world	Thread-590	7

time: 946687142.4219341
diff: 118.57806587219238
waiting
going to web site
Hello world	Thread-766	4

time: 946687268.590656
diff: 113.409343957901
waiting
going to web site
Hello world	Thread-882	7

time: 946687383.586657
diff: 118.41334295272827
waiting
going to web site
Hello world	Thread-1037	5

time: 946687505.590656
diff: 116.409343957901
waiting
going to web site
Hello world	Thread-1131	5

time: 946687622.580656
diff: 119.41934394836426
waiting
going to web site
Hello world	Thread-1300	7

time: 946687749.590656
diff: 52.409343957901
waiting
going to web site
Hello world	Thread-1318	7

time: 946687802.5896561
diff: 59.41034388542175
waiting
going to web site
Hello world	Thread-1444	2

time: 946687869.590656
diff: 113.409343957901
waiting
going to web site
Hello world	Thread-1562	6

time: 946687984.580656
diff: 58.41934394836426
waiting
going to web site
Hello world	Thread-1639	3

time: 946688044.582656
diff: 58.417343974113464
waiting
going to web site
Hello world	Thread-1694	7

time: 946688104.580656
diff: 118.41934394836426
waiting
going to web site
Hello world	Thread-1851	6

time: 946688254.590656
diff: 28.409343957901
waiting
going to web site
Hello world	Thread-1909	4

time: 946688314.590656
diff: 28.409343957901
waiting
going to web site
Hello world	Thread-1952	7

