time: 946686600.0
diff: 0.0
going to web site
Hello world	Thread-162	3

time: 946686751.821879
diff: -91.82187902927399
going to web site
Hello world	Thread-167	4

time: 946686752.4025351
diff: -32.40253508090973
going to web site
Hello world	Thread-171	2

time: 946686752.983191
diff: 87.01680898666382
waiting
going to web site
Hello world	Thread-402	5

time: 946686960.8414841
diff: -60.84148406982422
going to web site
Hello world	Thread-408	5

time: 946686961.42214
diff: -1.4221400022506714
going to web site
Hello world	Thread-422	3

time: 946686962.008796
diff: 118.9912040233612
waiting
going to web site
Hello world	Thread-561	5

time: 946687088.60051
diff: 52.399489998817444
waiting
going to web site
Hello world	Thread-731	2

time: 946687262.891484
diff: -1.891484022140503
going to web site
Hello world	Thread-738	6

time: 946687263.4721401
diff: 117.52785992622375
waiting
going to web site
Hello world	Thread-902	5

time: 946687388.590656
diff: 112.409343957901
waiting
going to web site
Hello world	Thread-1010	7

time: 946687501.580656
diff: 59.41934394836426
waiting
going to web site
Hello world	Thread-1088	6

time: 946687564.5896571
diff: 56.41034293174744
waiting
going to web site
Hello world	Thread-1128	2

time: 946687621.5896561
diff: 60.41034388542175
waiting
going to web site
Hello world	Thread-1327	4

time: 946687802.922312
diff: -60.92231202125549
going to web site
Hello world	Thread-1333	9

time: 946687803.514968
diff: -1.5149680376052856
going to web site
Hello world	Thread-1347	3

time: 946687804.107268
diff: 57.89273202419281
waiting
going to web site
Hello world	Thread-1452	3

time: 946687877.590656
diff: 44.409343957901
waiting
going to web site
Hello world	Thread-1513	2

time: 946687929.590656
diff: 52.409343957901
waiting
going to web site
Hello world	Thread-1535	3

time: 946687982.588656
diff: 119.41134405136108
waiting
going to web site
Hello world	Thread-1685	2

time: 946688102.589657
diff: 120.41034305095673
waiting
going to web site
Hello world	Thread-1847	4

time: 946688238.5996561
diff: 44.400343894958496
waiting
going to web site
Hello world	Thread-1877	3

