1680027361.768051106 UTC seconds since epoch
              total        used        free      shared     buffers       cache   available
Mem:    33552523264 10397843456  8358862848  1094942720   527208448 14268608512 19242414080
Low:    33552523264 25193660416  8358862848
High:             0           0           0
Swap:   21474299904  8418230272 13056069632
1680027362.784110350 UTC seconds since epoch
              total        used        free      shared     buffers       cache   available
Mem:    33552523264 10722000896  8029188096  1094909952   527220736 14274113536 18918260736
Low:    33552523264 25523335168  8029188096
High:             0           0           0
Swap:   21474299904  8418230272 13056069632
1680027363.792034246 UTC seconds since epoch
              total        used        free      shared     buffers       cache   available
Mem:    33552523264 10916544512  7834415104  1094942720   527224832 14274338816 18723713024
Low:    33552523264 25718108160  7834415104
High:             0           0           0
Swap:   21474299904  8418230272 13056069632
1680027364.799455586 UTC seconds since epoch
              total        used        free      shared     buffers       cache   available
Mem:    33552523264 11008524288  7742427136  1094942720   527228928 14274342912 18631733248
Low:    33552523264 25810096128  7742427136
High:             0           0           0
Swap:   21474299904  8418230272 13056069632
1680027365.807952195 UTC seconds since epoch
              total        used        free      shared     buffers       cache   available
Mem:    33552523264 11062099968  7688851456  1094942720   527228928 14274342912 18578157568
Low:    33552523264 25863671808  7688851456
High:             0           0           0
Swap:   21474299904  8418230272 13056069632
1680027366.819715949 UTC seconds since epoch
              total        used        free      shared     buffers       cache   available
Mem:    33552523264 11231825920  7519125504  1094942720   527228928 14274342912 18408431616
Low:    33552523264 26033397760  7519125504
High:             0           0           0
Swap:   21474299904  8418230272 13056069632
1680027367.829157884 UTC seconds since epoch
              total        used        free      shared     buffers       cache   available
Mem:    33552523264 11400577024  7350374400  1094942720   527237120 14274334720 18239680512
Low:    33552523264 26202148864  7350374400
High:             0           0           0
Swap:   21474299904  8418230272 13056069632
1680027368.839547708 UTC seconds since epoch
              total        used        free      shared     buffers       cache   available
Mem:    33552523264 11573616640  7177310208  1094942720   527253504 14274342912 18066640896
Low:    33552523264 26375213056  7177310208
High:             0           0           0
Swap:   21474299904  8418230272 13056069632
1680027369.852141027 UTC seconds since epoch
              total        used        free      shared     buffers       cache   available
Mem:    33552523264 11751903232  6999023616  1094942720   527253504 14274342912 17888354304
Low:    33552523264 26553499648  6999023616
High:             0           0           0
Swap:   21474299904  8418230272 13056069632
1680027370.861464804 UTC seconds since epoch
              total        used        free      shared     buffers       cache   available
Mem:    33552523264 11921629184  6829297664  1094942720   527253504 14274342912 17718628352
Low:    33552523264 26723225600  6829297664
High:             0           0           0
Swap:   21474299904  8418230272 13056069632
1680027371.871560408 UTC seconds since epoch
              total        used        free      shared     buffers       cache   available
Mem:    33552523264 12098134016  6652792832  1094942720   527253504 14274342912 17542123520
Low:    33552523264 26899730432  6652792832
High:             0           0           0
Swap:   21474299904  8418230272 13056069632
1680027372.883717074 UTC seconds since epoch
              total        used        free      shared     buffers       cache   available
Mem:    33552523264 12256243712  6494683136  1094942720   527253504 14274342912 17384013824
Low:    33552523264 27057840128  6494683136
High:             0           0           0
Swap:   21474299904  8418230272 13056069632
1680027373.895465420 UTC seconds since epoch
              total        used        free      shared     buffers       cache   available
Mem:    33552523264 12414423040  6336499712  1094942720   527261696 14274338816 17225834496
Low:    33552523264 27216023552  6336499712
High:             0           0           0
Swap:   21474299904  8418230272 13056069632
1680027374.907459722 UTC seconds since epoch
              total        used        free      shared     buffers       cache   available
Mem:    33552523264 12502876160  6248038400  1094942720   527261696 14274347008 17137381376
Low:    33552523264 27304484864  6248038400
High:             0           0           0
Swap:   21474299904  8418230272 13056069632
1680027375.915533399 UTC seconds since epoch
              total        used        free      shared     buffers       cache   available
Mem:    33552523264 12598730752  6152183808  1094942720   527261696 14274347008 17041526784
Low:    33552523264 27400339456  6152183808
High:             0           0           0
Swap:   21474299904  8418230272 13056069632
1680027376.923463043 UTC seconds since epoch
              total        used        free      shared     buffers       cache   available
Mem:    33552523264 12492775424  6258139136  1094942720   527261696 14274347008 17147482112
Low:    33552523264 27294384128  6258139136
High:             0           0           0
Swap:   21474299904  8418230272 13056069632
1680027377.935611369 UTC seconds since epoch
              total        used        free      shared     buffers       cache   available
Mem:    33552523264 11848253440  6891782144  1101524992   527364096 14285123584 17784791040
Low:    33552523264 26660741120  6891782144
High:             0           0           0
Swap:   21474299904  8418230272 13056069632
1680027378.943666773 UTC seconds since epoch
              total        used        free      shared     buffers       cache   available
Mem:    33552523264 11793764352  6854029312  1178472448   527413248 14377316352 17761738752
Low:    33552523264 26698493952  6854029312
High:             0           0           0
Swap:   21474299904  8418230272 13056069632
1680027379.954695614 UTC seconds since epoch
              total        used        free      shared     buffers       cache   available
Mem:    33552523264 11819089920  6775808000  1225043968   527413248 14430212096 17689559040
Low:    33552523264 26776715264  6775808000
High:             0           0           0
Swap:   21474299904  8418230272 13056069632
1680027380.964017237 UTC seconds since epoch
              total        used        free      shared     buffers       cache   available
Mem:    33552523264 11819229184  6742175744  1252777984   527413248 14463705088 17662595072
Low:    33552523264 26810347520  6742175744
High:             0           0           0
Swap:   21474299904  8418230272 13056069632
1680027381.974514296 UTC seconds since epoch
              total        used        free      shared     buffers       cache   available
Mem:    33552523264 11827339264  6684282880  1297166336   527413248 14513487872 17609793536
Low:    33552523264 26868240384  6684282880
High:             0           0           0
Swap:   21474299904  8418230272 13056069632
1680027382.984007622 UTC seconds since epoch
              total        used        free      shared     buffers       cache   available
Mem:    33552523264 11838951424  6666092544  1298280448   527413248 14520066048 17597063168
Low:    33552523264 26886430720  6666092544
High:             0           0           0
Swap:   21474299904  8418230272 13056069632
1680027383.991678055 UTC seconds since epoch
              total        used        free      shared     buffers       cache   available
Mem:    33552523264 11840901120  6596919296  1360982016   527421440 14587281408 17532715008
Low:    33552523264 26955603968  6596919296
High:             0           0           0
Swap:   21474299904  8418230272 13056069632
1680027385.004863370 UTC seconds since epoch
              total        used        free      shared     buffers       cache   available
Mem:    33552523264 11835019264  6550728704  1400905728   527421440 14639353856 17498955776
Low:    33552523264 27001794560  6550728704
High:             0           0           0
Swap:   21474299904  8418230272 13056069632
1680027386.019698893 UTC seconds since epoch
              total        used        free      shared     buffers       cache   available
Mem:    33552523264 11835568128  6534201344  1412423680   527421440 14655332352 17487208448
Low:    33552523264 27018321920  6534201344
High:             0           0           0
Swap:   21474299904  8418230272 13056069632
1680027387.028011682 UTC seconds since epoch
              total        used        free      shared     buffers       cache   available
Mem:    33552523264 11779284992  6584827904  1413046272   527421440 14660988928 17542864896
Low:    33552523264 26967695360  6584827904
High:             0           0           0
Swap:   21474299904  8418230272 13056069632
1680027388.035867120 UTC seconds since epoch
              total        used        free      shared     buffers       cache   available
Mem:    33552523264 11790053376  6556237824  1424883712   527421440 14678810624 17520242688
Low:    33552523264 26996285440  6556237824
High:             0           0           0
Swap:   21474299904  8418230272 13056069632
1680027389.044686019 UTC seconds since epoch
              total        used        free      shared     buffers       cache   available
Mem:    33552523264 11798528000  6542888960  1425047552   527429632 14683676672 17511620608
Low:    33552523264 27009634304  6542888960
High:             0           0           0
Swap:   21474299904  8418230272 13056069632
1680027390.051914091 UTC seconds since epoch
              total        used        free      shared     buffers       cache   available
Mem:    33552523264 11805671424  6530572288  1425420288   527429632 14688849920 17504096256
Low:    33552523264 27021950976  6530572288
High:             0           0           0
Swap:   21474299904  8418230272 13056069632
1680027391.059901349 UTC seconds since epoch
              total        used        free      shared     buffers       cache   available
Mem:    33552523264 11807170560  6523891712  1425715200   527429632 14694031360 17502302208
Low:    33552523264 27028631552  6523891712
High:             0           0           0
Swap:   21474299904  8418230272 13056069632
1680027392.067456235 UTC seconds since epoch
              total        used        free      shared     buffers       cache   available
Mem:    33552523264 11819548672  6505287680  1425805312   527429632 14700257280 17489817600
Low:    33552523264 27047235584  6505287680
High:             0           0           0
Swap:   21474299904  8418230272 13056069632
1680027393.079638446 UTC seconds since epoch
              total        used        free      shared     buffers       cache   available
Mem:    33552523264 11825229824  6494613504  1425993728   527433728 14705246208 17483964416
Low:    33552523264 27057909760  6494613504
High:             0           0           0
Swap:   21474299904  8418230272 13056069632
1680027394.097534456 UTC seconds since epoch
              total        used        free      shared     buffers       cache   available
Mem:    33552523264 11824963584  6489452544  1426317312   527441920 14710665216 17483915264
Low:    33552523264 27063070720  6489452544
High:             0           0           0
Swap:   21474299904  8418230272 13056069632
1680027395.106696220 UTC seconds since epoch
              total        used        free      shared     buffers       cache   available
Mem:    33552523264 11827290112  6482141184  1426370560   527441920 14715650048 17481539584
Low:    33552523264 27070382080  6482141184
High:             0           0           0
Swap:   21474299904  8418230272 13056069632
1680027396.115633181 UTC seconds since epoch
              total        used        free      shared     buffers       cache   available
Mem:    33552523264 11831320576  6472605696  1426386944   527454208 14721142784 17477492736
Low:    33552523264 27079917568  6472605696
High:             0           0           0
Swap:   21474299904  8418230272 13056069632
1680027397.123459152 UTC seconds since epoch
              total        used        free      shared     buffers       cache   available
Mem:    33552523264 11834032128  6464864256  1426436096   527478784 14726148096 17474732032
Low:    33552523264 27087659008  6464864256
High:             0           0           0
Swap:   21474299904  8418230272 13056069632
1680027398.132015337 UTC seconds since epoch
              total        used        free      shared     buffers       cache   available
Mem:    33552523264 11809636352  6483558400  1426784256   527511552 14731816960 17498775552
Low:    33552523264 27068964864  6483558400
High:             0           0           0
Swap:   21474299904  8418230272 13056069632
1680027399.144090641 UTC seconds since epoch
              total        used        free      shared     buffers       cache   available
Mem:    33552523264 11756646400  6532173824  1426866176   527511552 14736191488 17551683584
Low:    33552523264 27020349440  6532173824
High:             0           0           0
Swap:   21474299904  8418230272 13056069632
1680027400.155995371 UTC seconds since epoch
              total        used        free      shared     buffers       cache   available
Mem:    33552523264 11771039744  6512590848  1426890752   527511552 14741381120 17537245184
Low:    33552523264 27039932416  6512590848
High:             0           0           0
Swap:   21474299904  8418230272 13056069632
1680027401.163344572 UTC seconds since epoch
              total        used        free      shared     buffers       cache   available
Mem:    33552523264 11797790720  6482194432  1425539072   527523840 14745014272 17511784448
Low:    33552523264 27070328832  6482194432
High:             0           0           0
Swap:   21474299904  8418230272 13056069632
1680027402.175635922 UTC seconds since epoch
              total        used        free      shared     buffers       cache   available
Mem:    33552523264 11809206272  6464589824  1425690624   527540224 14751186944 17500303360
Low:    33552523264 27087933440  6464589824
High:             0           0           0
Swap:   21474299904  8418230272 13056069632
1680027403.183900865 UTC seconds since epoch
              total        used        free      shared     buffers       cache   available
Mem:    33552523264 11811418112  6457397248  1425731584   527572992 14756134912 17498038272
Low:    33552523264 27095126016  6457397248
High:             0           0           0
Swap:   21474299904  8418230272 13056069632
1680027404.193209505 UTC seconds since epoch
              total        used        free      shared     buffers       cache   available
Mem:    33552523264 11835490304  6392889344  1425776640   527728640 14796414976 17473929216
Low:    33552523264 27159633920  6392889344
High:             0           0           0
Swap:   21474299904  8418230272 13056069632
1680027405.199446523 UTC seconds since epoch
              total        used        free      shared     buffers       cache   available
Mem:    33552523264 11858026496  6364450816  1425866752   527785984 14802259968 17451302912
Low:    33552523264 27188072448  6364450816
High:             0           0           0
Swap:   21474299904  8418230272 13056069632
1680027406.209698840 UTC seconds since epoch
              total        used        free      shared     buffers       cache   available
Mem:    33552523264 11874553856  6360752128  1425924096   527798272 14789419008 17434710016
Low:    33552523264 27191771136  6360752128
High:             0           0           0
Swap:   21474299904  8418230272 13056069632
1680027407.219713867 UTC seconds since epoch
              total        used        free      shared     buffers       cache   available
Mem:    33552523264 11875540992  6355476480  1425969152   527798272 14793707520 17433690112
Low:    33552523264 27197046784  6355476480
High:             0           0           0
Swap:   21474299904  8418230272 13056069632
1680027408.228423308 UTC seconds since epoch
              total        used        free      shared     buffers       cache   available
Mem:    33552523264 11877228544  6348263424  1425989632   527798272 14799233024 17431977984
Low:    33552523264 27204259840  6348263424
High:             0           0           0
Swap:   21474299904  8418230272 13056069632
1680027409.236027467 UTC seconds since epoch
              total        used        free      shared     buffers       cache   available
Mem:    33552523264 11881664512  6337662976  1426259968   527806464 14805389312 17427210240
Low:    33552523264 27214860288  6337662976
High:             0           0           0
Swap:   21474299904  8418230272 13056069632
1680027410.245978136 UTC seconds since epoch
              total        used        free      shared     buffers       cache   available
Mem:    33552523264 11859034112  6234808320  1546072064   527806464 14930874368 17329487872
Low:    33552523264 27317714944  6234808320
High:             0           0           0
Swap:   21474299904  8418230272 13056069632
1680027411.263559312 UTC seconds since epoch
              total        used        free      shared     buffers       cache   available
Mem:    33552523264 11878207488  6054629376  1706471424   527814656 15091871744 17150214144
Low:    33552523264 27497893888  6054629376
High:             0           0           0
Swap:   21474299904  8418230272 13056069632
1680027412.271903976 UTC seconds since epoch
              total        used        free      shared     buffers       cache   available
Mem:    33552523264 11890499584  6037671936  1706704896   527814656 15096537088 17137983488
Low:    33552523264 27514851328  6037671936
High:             0           0           0
Swap:   21474299904  8418230272 13056069632
1680027413.283853938 UTC seconds since epoch
              total        used        free      shared     buffers       cache   available
Mem:    33552523264 11898986496  6024253440  1706795008   527814656 15101468672 17129402368
Low:    33552523264 27528269824  6024253440
High:             0           0           0
Swap:   21474299904  8418230272 13056069632
1680027414.291932877 UTC seconds since epoch
              total        used        free      shared     buffers       cache   available
Mem:    33552523264 11899781120  6016610304  1708281856   527814656 15108317184 17127133184
Low:    33552523264 27535912960  6016610304
High:             0           0           0
Swap:   21474299904  8418230272 13056069632
1680027415.304094971 UTC seconds since epoch
              total        used        free      shared     buffers       cache   available
Mem:    33552523264 11903209472  6008111104  1708060672   527814656 15113388032 17123905536
Low:    33552523264 27544412160  6008111104
High:             0           0           0
Swap:   21474299904  8418230272 13056069632
1680027416.312666592 UTC seconds since epoch
              total        used        free      shared     buffers       cache   available
Mem:    33552523264 11905667072  6000599040  1708081152   527822848 15118434304 17121443840
Low:    33552523264 27551924224  6000599040
High:             0           0           0
Swap:   21474299904  8418230272 13056069632
1680027417.320315860 UTC seconds since epoch
              total        used        free      shared     buffers       cache   available
Mem:    33552523264 11916468224  5985517568  1708118016   527822848 15122714624 17110614016
Low:    33552523264 27567005696  5985517568
High:             0           0           0
Swap:   21474299904  8418230272 13056069632
1680027418.335556160 UTC seconds since epoch
              total        used        free      shared     buffers       cache   available
Mem:    33552523264 11917848576  5978779648  1708351488   527822848 15128072192 17108996096
Low:    33552523264 27573743616  5978779648
High:             0           0           0
Swap:   21474299904  8418230272 13056069632
1680027419.343983856 UTC seconds since epoch
              total        used        free      shared     buffers       cache   available
Mem:    33552523264 11861884928  6030184448  1708433408   527822848 15132631040 17164865536
Low:    33552523264 27522338816  6030184448
High:             0           0           0
Swap:   21474299904  8418230272 13056069632
1680027420.352070940 UTC seconds since epoch
              total        used        free      shared     buffers       cache   available
Mem:    33552523264 11865657344  6021885952  1708474368   527822848 15137157120 17161064448
Low:    33552523264 27530637312  6021885952
High:             0           0           0
Swap:   21474299904  8418230272 13056069632
1680027421.359685596 UTC seconds since epoch
              total        used        free      shared     buffers       cache   available
Mem:    33552523264 11863449600  6019117056  1708539904   527831040 15142125568 17163202560
Low:    33552523264 27533406208  6019117056
High:             0           0           0
Swap:   21474299904  8418230272 13056069632
1680027422.367466119 UTC seconds since epoch
              total        used        free      shared     buffers       cache   available
Mem:    33552523264 11863891968  6013812736  1708548096   527835136 15146983424 17162752000
Low:    33552523264 27538710528  6013812736
High:             0           0           0
Swap:   21474299904  8418230272 13056069632
1680027423.380645977 UTC seconds since epoch
              total        used        free      shared     buffers       cache   available
Mem:    33552523264 11864600576  6008795136  1708597248   527835136 15151292416 17161990144
Low:    33552523264 27543728128  6008795136
High:             0           0           0
Swap:   21474299904  8418230272 13056069632
1680027424.387957206 UTC seconds since epoch
              total        used        free      shared     buffers       cache   available
Mem:    33552523264 11865919488  6003650560  1708613632   527835136 15155118080 17160359936
Low:    33552523264 27548872704  6003650560
High:             0           0           0
Swap:   21474299904  8418230272 13056069632
1680027425.400040939 UTC seconds since epoch
              total        used        free      shared     buffers       cache   available
Mem:    33552523264 11868434432  5997199360  1708625920   527835136 15159054336 17158135808
Low:    33552523264 27555323904  5997199360
High:             0           0           0
Swap:   21474299904  8418230272 13056069632
1680027426.411667368 UTC seconds since epoch
              total        used        free      shared     buffers       cache   available
Mem:    33552523264 11868930048  5992853504  1708666880   527855616 15162884096 17157595136
Low:    33552523264 27559669760  5992853504
High:             0           0           0
Swap:   21474299904  8418230272 13056069632
1680027427.423867133 UTC seconds since epoch
              total        used        free      shared     buffers       cache   available
Mem:    33552523264 11881426944  5975900160  1708670976   527855616 15167340544 17145098240
Low:    33552523264 27576623104  5975900160
High:             0           0           0
Swap:   21474299904  8418230272 13056069632
1680027428.431774038 UTC seconds since epoch
              total        used        free      shared     buffers       cache   available
Mem:    33552523264 11890802688  5964705792  1707323392   527855616 15169159168 17137070080
Low:    33552523264 27587817472  5964705792
High:             0           0           0
Swap:   21474299904  8418230272 13056069632
1680027429.440303834 UTC seconds since epoch
              total        used        free      shared     buffers       cache   available
Mem:    33552523264 11898060800  5952360448  1708744704   527855616 15174246400 17128394752
Low:    33552523264 27600162816  5952360448
High:             0           0           0
Swap:   21474299904  8418230272 13056069632
1680027430.451971332 UTC seconds since epoch
              total        used        free      shared     buffers       cache   available
Mem:    33552523264 11900243968  5946494976  1708736512   527855616 15177928704 17126215680
Low:    33552523264 27606028288  5946494976
High:             0           0           0
Swap:   21474299904  8418230272 13056069632
1680027431.461739976 UTC seconds since epoch
              total        used        free      shared     buffers       cache   available
Mem:    33552523264 11907293184  5935661056  1708744704   527888384 15181680640 17119158272
Low:    33552523264 27616862208  5935661056
High:             0           0           0
Swap:   21474299904  8418230272 13056069632
1680027432.471515114 UTC seconds since epoch
              total        used        free      shared     buffers       cache   available
Mem:    33552523264 11914039296  5924208640  1708744704   527888384 15186386944 17112412160
Low:    33552523264 27628314624  5924208640
High:             0           0           0
Swap:   21474299904  8418230272 13056069632
1680027433.481246503 UTC seconds since epoch
              total        used        free      shared     buffers       cache   available
Mem:    33552523264 11917352960  5917753344  1708785664   527888384 15189528576 17109057536
Low:    33552523264 27634769920  5917753344
High:             0           0           0
Swap:   21474299904  8418230272 13056069632
1680027434.487650117 UTC seconds since epoch
              total        used        free      shared     buffers       cache   available
Mem:    33552523264 11920875520  5910900736  1708785664   527888384 15192858624 17105539072
Low:    33552523264 27641622528  5910900736
High:             0           0           0
Swap:   21474299904  8418230272 13056069632
1680027435.495943906 UTC seconds since epoch
              total        used        free      shared     buffers       cache   available
Mem:    33552523264 11920666624  5907316736  1708797952   527888384 15196651520 17105735680
Low:    33552523264 27645206528  5907316736
High:             0           0           0
Swap:   21474299904  8418230272 13056069632
1680027436.503859006 UTC seconds since epoch
              total        used        free      shared     buffers       cache   available
Mem:    33552523264 11927711744  5896478720  1708806144   527896576 15200436224 17098682368
Low:    33552523264 27656044544  5896478720
High:             0           0           0
Swap:   21474299904  8418230272 13056069632
1680027437.516183861 UTC seconds since epoch
              total        used        free      shared     buffers       cache   available
Mem:    33552523264 11922292736  5854674944  1752477696   527908864 15247646720 17060130816
Low:    33552523264 27697848320  5854674944
High:             0           0           0
Swap:   21474299904  8418230272 13056069632
1680027438.526604162 UTC seconds since epoch
              total        used        free      shared     buffers       cache   available
Mem:    33552523264 11932057600  5843046400  1751121920   527921152 15249498112 17052004352
Low:    33552523264 27709476864  5843046400
High:             0           0           0
Swap:   21474299904  8418230272 13056069632
1680027439.535959232 UTC seconds since epoch
              total        used        free      shared     buffers       cache   available
Mem:    33552523264 11935694848  5832880128  1751126016   527921152 15256027136 17048367104
Low:    33552523264 27719643136  5832880128
High:             0           0           0
Swap:   21474299904  8418230272 13056069632
1680027440.545776313 UTC seconds since epoch
              total        used        free      shared     buffers       cache   available
Mem:    33552523264 11934134272  5830815744  1751203840   527929344 15259643904 17049849856
Low:    33552523264 27721707520  5830815744
High:             0           0           0
Swap:   21474299904  8418230272 13056069632
1680027441.551672768 UTC seconds since epoch
              total        used        free      shared     buffers       cache   available
Mem:    33552523264 11932856320  5828751360  1751224320   527933440 15262982144 17051119616
Low:    33552523264 27723771904  5828751360
High:             0           0           0
Swap:   21474299904  8418230272 13056069632
1680027442.559870428 UTC seconds since epoch
              total        used        free      shared     buffers       cache   available
Mem:    33552523264 11932368896  5790302208  1786060800   527933440 15301918720 17016463360
Low:    33552523264 27762221056  5790302208
High:             0           0           0
Swap:   21474299904  8418230272 13056069632
1680027443.568355096 UTC seconds since epoch
              total        used        free      shared     buffers       cache   available
Mem:    33552523264 11929456640  5770719232  1805471744   527933440 15324413952 17000271872
Low:    33552523264 27781804032  5770719232
High:             0           0           0
Swap:   21474299904  8418230272 13056069632
1680027444.580144161 UTC seconds since epoch
              total        used        free      shared     buffers       cache   available
Mem:    33552523264 11930279936  5756297216  1815785472   527933440 15338012672 16989130752
Low:    33552523264 27796226048  5756297216
High:             0           0           0
Swap:   21474299904  8418230272 13056069632
1680027445.587675483 UTC seconds since epoch
              total        used        free      shared     buffers       cache   available
Mem:    33552523264 11942604800  5740490752  1815789568   527941632 15341486080 16976805888
Low:    33552523264 27812032512  5740490752
High:             0           0           0
Swap:   21474299904  8418230272 13056069632
1680027446.596003710 UTC seconds since epoch
              total        used        free      shared     buffers       cache   available
Mem:    33552523264 11942776832  5736620032  1815797760   527941632 15345184768 16976023552
Low:    33552523264 27815903232  5736620032
High:             0           0           0
Swap:   21474299904  8418230272 13056069632
1680027447.604067367 UTC seconds since epoch
              total        used        free      shared     buffers       cache   available
Mem:    33552523264 11945230336  5729120256  1817870336   527941632 15350231040 16972099584
Low:    33552523264 27823403008  5729120256
High:             0           0           0
Swap:   21474299904  8418230272 13056069632
1680027448.615694825 UTC seconds since epoch
              total        used        free      shared     buffers       cache   available
Mem:    33552523264 11945082880  5713338368  1830825984   527941632 15366160384 16959291392
Low:    33552523264 27839184896  5713338368
High:             0           0           0
Swap:   21474299904  8418230272 13056069632
1680027449.623632906 UTC seconds since epoch
              total        used        free      shared     buffers       cache   available
Mem:    33552523264 11950931968  5688098816  1844076544   527941632 15385550848 16940392448
Low:    33552523264 27864424448  5688098816
High:             0           0           0
Swap:   21474299904  8418230272 13056069632
1680027450.632005746 UTC seconds since epoch
              total        used        free      shared     buffers       cache   available
Mem:    33552523264 11962986496  5673582592  1842896896   527949824 15388004352 16929304576
Low:    33552523264 27878940672  5673582592
High:             0           0           0
Swap:   21474299904  8418230272 13056069632
1680027451.639939496 UTC seconds since epoch
              total        used        free      shared     buffers       cache   available
Mem:    33552523264 11909390336  5722800128  1844019200   527953920 15392378880 16981786624
Low:    33552523264 27829723136  5722800128
High:             0           0           0
Swap:   21474299904  8418230272 13056069632
1680027452.647755303 UTC seconds since epoch
              total        used        free      shared     buffers       cache   available
Mem:    33552523264 11910639616  5717438464  1844318208   528171008 15396274176 16980242432
Low:    33552523264 27835084800  5717438464
High:             0           0           0
Swap:   21474299904  8418230272 13056069632
1680027453.656089559 UTC seconds since epoch
              total        used        free      shared     buffers       cache   available
Mem:    33552523264 11916677120  5709623296  1843228672   528171008 15398051840 16975294464
Low:    33552523264 27842899968  5709623296
High:             0           0           0
Swap:   21474299904  8418230272 13056069632
1680027454.663713582 UTC seconds since epoch
              total        used        free      shared     buffers       cache   available
Mem:    33552523264 11922898944  5700460544  1843261440   528171008 15400992768 16969039872
Low:    33552523264 27852062720  5700460544
High:             0           0           0
Swap:   21474299904  8418230272 13056069632
1680027455.671943583 UTC seconds since epoch
              total        used        free      shared     buffers       cache   available
Mem:    33552523264 11875475456  5744103424  1843261440   528183296 15404761088 17016451072
Low:    33552523264 27808419840  5744103424
High:             0           0           0
Swap:   21474299904  8418230272 13056069632
1680027456.680001851 UTC seconds since epoch
              total        used        free      shared     buffers       cache   available
Mem:    33552523264 11870011392  5732945920  1856585728   528183296 15421382656 17008287744
Low:    33552523264 27819577344  5732945920
High:             0           0           0
Swap:   21474299904  8418230272 13056069632
1680027457.687980109 UTC seconds since epoch
              total        used        free      shared     buffers       cache   available
Mem:    33552523264 11874246656  5725908992  1856655360   528183296 15424184320 17004290048
Low:    33552523264 27826614272  5725908992
High:             0           0           0
Swap:   21474299904  8418230272 13056069632
1680027458.699990558 UTC seconds since epoch
              total        used        free      shared     buffers       cache   available
Mem:    33552523264 11880062976  5717725184  1856753664   528183296 15426551808 16998383616
Low:    33552523264 27834798080  5717725184
High:             0           0           0
Swap:   21474299904  8418230272 13056069632
1680027459.709224594 UTC seconds since epoch
              total        used        free      shared     buffers       cache   available
Mem:    33552523264 11880300544  5713653760  1856823296   528183296 15430385664 16998076416
Low:    33552523264 27838869504  5713653760
High:             0           0           0
Swap:   21474299904  8418230272 13056069632
1680027460.719976040 UTC seconds since epoch
              total        used        free      shared     buffers       cache   available
Mem:    33552523264 11881365504  5708992512  1856831488   528207872 15433957376 16997003264
Low:    33552523264 27843530752  5708992512
High:             0           0           0
Swap:   21474299904  8418230272 13056069632
1680027461.728108252 UTC seconds since epoch
              total        used        free      shared     buffers       cache   available
Mem:    33552523264 11894341632  5693419520  1857179648   528207872 15436554240 16983674880
Low:    33552523264 27859103744  5693419520
High:             0           0           0
Swap:   21474299904  8418230272 13056069632
1680027462.739589678 UTC seconds since epoch
              total        used        free      shared     buffers       cache   available
Mem:    33552523264 11901775872  5683007488  1857318912   528207872 15439532032 16976089088
Low:    33552523264 27869515776  5683007488
High:             0           0           0
Swap:   21474299904  8418230272 13056069632
1680027463.747608576 UTC seconds since epoch
              total        used        free      shared     buffers       cache   available
Mem:    33552523264 11905490944  5675487232  1857351680   528207872 15443337216 16972353536
Low:    33552523264 27877036032  5675487232
High:             0           0           0
Swap:   21474299904  8418230272 13056069632
1680027464.755578047 UTC seconds since epoch
              total        used        free      shared     buffers       cache   available
Mem:    33552523264 11907784704  5669535744  1857396736   528207872 15446994944 16970018816
Low:    33552523264 27882987520  5669535744
High:             0           0           0
Swap:   21474299904  8417968128 13056331776
1680027465.771228542 UTC seconds since epoch
              total        used        free      shared     buffers       cache   available
Mem:    33552523264 11907907584  5666840576  1857695744   528216064 15449559040 16969588736
Low:    33552523264 27885682688  5666840576
High:             0           0           0
Swap:   21474299904  8417968128 13056331776
1680027466.779622285 UTC seconds since epoch
              total        used        free      shared     buffers       cache   available
Mem:    33552523264 11906256896  5663338496  1859112960   528216064 15454711808 16969531392
Low:    33552523264 27889184768  5663338496
High:             0           0           0
Swap:   21474299904  8417968128 13056331776
1680027467.788916576 UTC seconds since epoch
              total        used        free      shared     buffers       cache   available
Mem:    33552523264 11848118272  5715828736  1862078464   528228352 15460347904 17024999424
Low:    33552523264 27836694528  5715828736
High:             0           0           0
Swap:   21474299904  8417968128 13056331776
1680027468.799912552 UTC seconds since epoch
              total        used        free      shared     buffers       cache   available
Mem:    33552523264 11851440128  5709377536  1862258688   528228352 15463477248 17021497344
Low:    33552523264 27843145728  5709377536
High:             0           0           0
Swap:   21474299904  8417968128 13056331776
1680027469.811549293 UTC seconds since epoch
              total        used        free      shared     buffers       cache   available
Mem:    33552523264 11850989568  5707128832  1861066752   528228352 15466176512 17023143936
Low:    33552523264 27845394432  5707128832
High:             0           0           0
Swap:   21474299904  8417968128 13056331776
1680027470.820024921 UTC seconds since epoch
              total        used        free      shared     buffers       cache   available
Mem:    33552523264 11850985472  5704175616  1860870144   528240640 15469121536 17023029248
Low:    33552523264 27848347648  5704175616
High:             0           0           0
Swap:   21474299904  8417968128 13056331776
1680027471.829588715 UTC seconds since epoch
              total        used        free      shared     buffers       cache   available
Mem:    33552523264 11854655488  5697003520  1861218304   528240640 15472623616 17019326464
Low:    33552523264 27855519744  5697003520
High:             0           0           0
Swap:   21474299904  8417968128 13056331776
1680027472.844349323 UTC seconds since epoch
              total        used        free      shared     buffers       cache   available
Mem:    33552523264 11863252992  5684637696  1861877760   528240640 15476391936 17009766400
Low:    33552523264 27867885568  5684637696
High:             0           0           0
Swap:   21474299904  8417968128 13056331776
1680027473.853708703 UTC seconds since epoch
              total        used        free      shared     buffers       cache   available
Mem:    33552523264 11874463744  5669933056  1861832704   528240640 15479885824 16998899712
Low:    33552523264 27882590208  5669933056
High:             0           0           0
Swap:   21474299904  8417968128 13056331776
1680027474.863889793 UTC seconds since epoch
              total        used        free      shared     buffers       cache   available
Mem:    33552523264 11877761024  5663178752  1861832704   528240640 15483342848 16995594240
Low:    33552523264 27889344512  5663178752
High:             0           0           0
Swap:   21474299904  8417968128 13056331776
1680027475.872176378 UTC seconds since epoch
              total        used        free      shared     buffers       cache   available
Mem:    33552523264 11877982208  5658689536  1863221248   528248832 15487602688 16993693696
Low:    33552523264 27893833728  5658689536
High:             0           0           0
Swap:   21474299904  8417968128 13056331776
1680027476.880178219 UTC seconds since epoch
              total        used        free      shared     buffers       cache   available
Mem:    33552523264 11889082368  5645180928  1863344128   528248832 15490011136 16982470656
Low:    33552523264 27907342336  5645180928
High:             0           0           0
Swap:   21474299904  8417968128 13056331776
1680027477.891550777 UTC seconds since epoch
              total        used        free      shared     buffers       cache   available
Mem:    33552523264 11899965440  5631299584  1863495680   528248832 15493009408 16971735040
Low:    33552523264 27921223680  5631299584
High:             0           0           0
Swap:   21474299904  8417968128 13056331776
1680027478.901484715 UTC seconds since epoch
              total        used        free      shared     buffers       cache   available
Mem:    33552523264 11905933312  5622059008  1863503872   528248832 15496282112 16965455872
Low:    33552523264 27930464256  5622059008
High:             0           0           0
Swap:   21474299904  8417968128 13056331776
1680027479.907977312 UTC seconds since epoch
              total        used        free      shared     buffers       cache   available
Mem:    33552523264 11908337664  5616566272  1863503872   528248832 15499370496 16963354624
Low:    33552523264 27935956992  5616566272
High:             0           0           0
Swap:   21474299904  8417968128 13056331776
1680027480.916341937 UTC seconds since epoch
              total        used        free      shared     buffers       cache   available
Mem:    33552523264 11912577024  5609082880  1863528448   528261120 15502602240 16959086592
Low:    33552523264 27943440384  5609082880
High:             0           0           0
Swap:   21474299904  8417968128 13056331776
1680027481.924154200 UTC seconds since epoch
              total        used        free      shared     buffers       cache   available
Mem:    33552523264 11911852032  5602717696  1867743232   528281600 15509671936 16955559936
Low:    33552523264 27949805568  5602717696
High:             0           0           0
Swap:   21474299904  8417968128 13056331776
1680027482.931941500 UTC seconds since epoch
              total        used        free      shared     buffers       cache   available
Mem:    33552523264 11957305344  5551173632  1870090240   528289792 15515754496 16907202560
Low:    33552523264 28001349632  5551173632
High:             0           0           0
Swap:   21474299904  8417968128 13056331776
1680027483.939602603 UTC seconds since epoch
              total        used        free      shared     buffers       cache   available
Mem:    33552523264 11965538304  5540405248  1870483456   528289792 15518289920 16899178496
Low:    33552523264 28012118016  5540405248
High:             0           0           0
Swap:   21474299904  8417968128 13056331776
1680027484.948164312 UTC seconds since epoch
              total        used        free      shared     buffers       cache   available
Mem:    33552523264 11963809792  5538340864  1870483456   528289792 15522082816 16900902912
Low:    33552523264 28014182400  5538340864
High:             0           0           0
Swap:   21474299904  8417968128 13056331776
1680027485.960031203 UTC seconds since epoch
              total        used        free      shared     buffers       cache   available
Mem:    33552523264 11967025152  5534212096  1869119488   528318464 15522967552 16899047424
Low:    33552523264 28018311168  5534212096
High:             0           0           0
Swap:   21474299904  8417968128 13056331776
1680027486.971959622 UTC seconds since epoch
              total        used        free      shared     buffers       cache   available
Mem:    33552523264 11967758336  5525438464  1873936384   528318464 15531008000 16893501440
Low:    33552523264 28027084800  5525438464
High:             0           0           0
Swap:   21474299904  8417968128 13056331776
1680027487.984202843 UTC seconds since epoch
              total        used        free      shared     buffers       cache   available
Mem:    33552523264 11971248128  5518827520  1874173952   528318464 15534129152 16889769984
Low:    33552523264 28033695744  5518827520
High:             0           0           0
Swap:   21474299904  8417968128 13056331776
1680027488.994360245 UTC seconds since epoch
              total        used        free      shared     buffers       cache   available
Mem:    33552523264 11979718656  5507215360  1874182144   528318464 15537270784 16881299456
Low:    33552523264 28045307904  5507215360
High:             0           0           0
Swap:   21474299904  8417968128 13056331776
1680027490.004402769 UTC seconds since epoch
              total        used        free      shared     buffers       cache   available
Mem:    33552523264 11981922304  5501300736  1874182144   528318464 15540981760 16879087616
Low:    33552523264 28051222528  5501300736
High:             0           0           0
Swap:   21474299904  8417968128 13056331776
1680027491.016168328 UTC seconds since epoch
              total        used        free      shared     buffers       cache   available
Mem:    33552523264 11989975040  5492797440  1872834560   528326656 15541424128 16872390656
Low:    33552523264 28059725824  5492797440
High:             0           0           0
Swap:   21474299904  8417968128 13056331776
1680027492.023864781 UTC seconds since epoch
              total        used        free      shared     buffers       cache   available
Mem:    33552523264 11989352448  5488623616  1874231296   528326656 15546220544 16871616512
Low:    33552523264 28063899648  5488623616
High:             0           0           0
Swap:   21474299904  8417968128 13056331776
1680027493.031846688 UTC seconds since epoch
              total        used        free      shared     buffers       cache   available
Mem:    33552523264 11990818816  5484322816  1874227200   528326656 15549054976 16870154240
Low:    33552523264 28068200448  5484322816
High:             0           0           0
Swap:   21474299904  8417968128 13056331776
1680027494.041265255 UTC seconds since epoch
              total        used        free      shared     buffers       cache   available
Mem:    33552523264 11993690112  5478313984  1874227200   528326656 15552192512 16867274752
Low:    33552523264 28074209280  5478313984
High:             0           0           0
Swap:   21474299904  8417968128 13056331776
1680027495.047890223 UTC seconds since epoch
              total        used        free      shared     buffers       cache   available
Mem:    33552523264 12000755712  5467541504  1874227200   528326656 15555899392 16860217344
Low:    33552523264 28084981760  5467541504
High:             0           0           0
Swap:   21474299904  8417968128 13056331776
1680027496.057956612 UTC seconds since epoch
              total        used        free      shared     buffers       cache   available
Mem:    33552523264 12004810752  5461245952  1874251776   528334848 15558131712 16856125440
Low:    33552523264 28091277312  5461245952
High:             0           0           0
Swap:   21474299904  8417968128 13056331776
1680027497.068348602 UTC seconds since epoch
              total        used        free      shared     buffers       cache   available
Mem:    33552523264 12005486592  5457977344  1874276352   528334848 15560724480 16855437312
Low:    33552523264 28094545920  5457977344
High:             0           0           0
Swap:   21474299904  8417968128 13056331776
1680027498.075945722 UTC seconds since epoch
              total        used        free      shared     buffers       cache   available
Mem:    33552523264 12010041344  5450555392  1874280448   528449536 15563476992 16850878464
Low:    33552523264 28101967872  5450555392
High:             0           0           0
Swap:   21474299904  8417968128 13056331776
1680027499.087495353 UTC seconds since epoch
              total        used        free      shared     buffers       cache   available
Mem:    33552523264 12010606592  5447585792  1874288640   528449536 15565881344 16850300928
Low:    33552523264 28104937472  5447585792
High:             0           0           0
Swap:   21474299904  8417968128 13056331776
1680027500.095142465 UTC seconds since epoch
              total        used        free      shared     buffers       cache   available
Mem:    33552523264 12009406464  5445419008  1874288640   528449536 15569248256 16851505152
Low:    33552523264 28107104256  5445419008
High:             0           0           0
Swap:   21474299904  8417968128 13056331776
1680027501.104065950 UTC seconds since epoch
              total        used        free      shared     buffers       cache   available
Mem:    33552523264 12016541696  5436162048  1874313216   528465920 15571353600 16844345344
Low:    33552523264 28116361216  5436162048
High:             0           0           0
Swap:   21474299904  8417968128 13056331776
1680027502.115978999 UTC seconds since epoch
              total        used        free      shared     buffers       cache   available
Mem:    33552523264 12019073024  5432160256  1874313216   528465920 15572824064 16841814016
Low:    33552523264 28120363008  5432160256
High:             0           0           0
Swap:   21474299904  8417968128 13056331776
1680027503.123969945 UTC seconds since epoch
              total        used        free      shared     buffers       cache   available
Mem:    33552523264 12020490240  5428674560  1874440192   528465920 15574892544 16840269824
Low:    33552523264 28123848704  5428674560
High:             0           0           0
Swap:   21474299904  8417968128 13056331776
1680027504.132908809 UTC seconds since epoch
              total        used        free      shared     buffers       cache   available
Mem:    33552523264 12022927360  5414907904  1882906624   528465920 15586222080 16829353984
Low:    33552523264 28137615360  5414907904
High:             0           0           0
Swap:   21474299904  8417968128 13056331776
1680027505.143912669 UTC seconds since epoch
              total        used        free      shared     buffers       cache   available
Mem:    33552523264 12020256768  5414391808  1883103232   528465920 15589408768 16831836160
Low:    33552523264 28138131456  5414391808
High:             0           0           0
Swap:   21474299904  8417968128 13056331776
1680027506.152024677 UTC seconds since epoch
              total        used        free      shared     buffers       cache   available
Mem:    33552523264 12023169024  5408063488  1882906624   528474112 15592816640 16829120512
Low:    33552523264 28144459776  5408063488
High:             0           0           0
Swap:   21474299904  8417968128 13056331776
1680027507.160403663 UTC seconds since epoch
              total        used        free      shared     buffers       cache   available
Mem:    33552523264 12027285504  5401677824  1883009024   528474112 15595085824 16824905728
Low:    33552523264 28150845440  5401677824
High:             0           0           0
Swap:   21474299904  8417968128 13056331776
1680027508.171236236 UTC seconds since epoch
              total        used        free      shared     buffers       cache   available
Mem:    33552523264 12026593280  5399441408  1883009024   528474112 15598014464 16825593856
Low:    33552523264 28153081856  5399441408
High:             0           0           0
Swap:   21474299904  8417968128 13056331776
1680027509.184183768 UTC seconds since epoch
              total        used        free      shared     buffers       cache   available
Mem:    33552523264 12025491456  5397893120  1883017216   528580608 15600558080 16826691584
Low:    33552523264 28154630144  5397893120
High:             0           0           0
Swap:   21474299904  8417968128 13056331776
1680027510.191585990 UTC seconds since epoch
              total        used        free      shared     buffers       cache   available
Mem:    33552523264 12031303680  5389770752  1883029504   528584704 15602864128 16820862976
Low:    33552523264 28162752512  5389770752
High:             0           0           0
Swap:   21474299904  8417968128 13056331776
1680027511.202020233 UTC seconds since epoch
              total        used        free      shared     buffers       cache   available
Mem:    33552523264 12036100096  5381439488  1883029504   528588800 15606394880 16816070656
Low:    33552523264 28171083776  5381439488
High:             0           0           0
Swap:   21474299904  8417968128 13056331776
1680027512.211869811 UTC seconds since epoch
              total        used        free      shared     buffers       cache   available
Mem:    33552523264 12037664768  5377138688  1883045888   528596992 15609122816 16814182400
Low:    33552523264 28175384576  5377138688
High:             0           0           0
Swap:   21474299904  8417968128 13056331776
1680027513.220113181 UTC seconds since epoch
              total        used        free      shared     buffers       cache   available
Mem:    33552523264 12038279168  5374472192  1883074560   528609280 15611162624 16813846528
Low:    33552523264 28178051072  5374472192
High:             0           0           0
Swap:   21474299904  8417968128 13056331776
1680027514.232707072 UTC seconds since epoch
              total        used        free      shared     buffers       cache   available
Mem:    33552523264 11978035200  5431697408  1883078656   528609280 15614181376 16874086400
Low:    33552523264 28120825856  5431697408
High:             0           0           0
Swap:   21474299904  8417968128 13056331776
1680027515.241306082 UTC seconds since epoch
              total        used        free      shared     buffers       cache   available
Mem:    33552523264 11977162752  5428531200  1884499968   528609280 15618220032 16873533440
Low:    33552523264 28123992064  5428531200
High:             0           0           0
Swap:   21474299904  8417968128 13056331776
1680027516.251662994 UTC seconds since epoch
              total        used        free      shared     buffers       cache   available
Mem:    33552523264 11977637888  5426323456  1883107328   528609280 15619952640 16874455040
Low:    33552523264 28126199808  5426323456
High:             0           0           0
Swap:   21474299904  8417968128 13056331776
1680027517.261686731 UTC seconds since epoch
              total        used        free      shared     buffers       cache   available
Mem:    33552523264 11977756672  5423783936  1883107328   528625664 15622356992 16874332160
Low:    33552523264 28128739328  5423783936
High:             0           0           0
Swap:   21474299904  8417968128 13056331776
1680027518.276028203 UTC seconds since epoch
              total        used        free      shared     buffers       cache   available
Mem:    33552523264 11983888384  5414047744  1883680768   528625664 15625961472 16867328000
Low:    33552523264 28138475520  5414047744
High:             0           0           0
Swap:   21474299904  8417968128 13056331776
1680027519.283992468 UTC seconds since epoch
              total        used        free      shared     buffers       cache   available
Mem:    33552523264 11985170432  5409918976  1883746304   528625664 15628808192 16866279424
Low:    33552523264 28142604288  5409918976
High:             0           0           0
Swap:   21474299904  8417968128 13056331776
1680027520.292012056 UTC seconds since epoch
              total        used        free      shared     buffers       cache   available
Mem:    33552523264 11993919488  5398777856  1883762688   528625664 15631200256 16857518080
Low:    33552523264 28153745408  5398777856
High:             0           0           0
Swap:   21474299904  8417968128 13056331776
1680027521.299981846 UTC seconds since epoch
              total        used        free      shared     buffers       cache   available
Mem:    33552523264 11995172864  5394907136  1883766784   528629760 15633813504 16856260608
Low:    33552523264 28157616128  5394907136
High:             0           0           0
Swap:   21474299904  8417968128 13056331776
1680027522.311834223 UTC seconds since epoch
              total        used        free      shared     buffers       cache   available
Mem:    33552523264 11991891968  5393698816  1883766784   528637952 15638294528 16859533312
Low:    33552523264 28158824448  5393698816
High:             0           0           0
Swap:   21474299904  8417968128 13056331776
1680027523.319419490 UTC seconds since epoch
              total        used        free      shared     buffers       cache   available
Mem:    33552523264 11993698304  5389914112  1883959296   528637952 15640272896 16857538560
Low:    33552523264 28162609152  5389914112
High:             0           0           0
Swap:   21474299904  8417968128 13056331776
1680027524.328136590 UTC seconds since epoch
              total        used        free      shared     buffers       cache   available
Mem:    33552523264 11998425088  5382922240  1883959296   528637952 15642537984 16852815872
Low:    33552523264 28169601024  5382922240
High:             0           0           0
Swap:   21474299904  8417968128 13056331776
1680027525.335573221 UTC seconds since epoch
              total        used        free      shared     buffers       cache   available
Mem:    33552523264 11994542080  5385400320  1882763264   528637952 15643942912 16857890816
Low:    33552523264 28167122944  5385400320
High:             0           0           0
Swap:   21474299904  8417968128 13056331776
1680027526.343913701 UTC seconds since epoch
              total        used        free      shared     buffers       cache   available
Mem:    33552523264 11995070464  5381992448  1882566656   528637952 15646822400 16857563136
Low:    33552523264 28170530816  5381992448
High:             0           0           0
Swap:   21474299904  8417968128 13056331776
1680027527.354098160 UTC seconds since epoch
              total        used        free      shared     buffers       cache   available
Mem:    33552523264 11989495808  5384003584  1882566656   528658432 15650365440 16863137792
Low:    33552523264 28168519680  5384003584
High:             0           0           0
Swap:   21474299904  8417968128 13056331776
1680027528.367862286 UTC seconds since epoch
              total        used        free      shared     buffers       cache   available
Mem:    33552523264 11986313216  5385191424  1882570752   528674816 15652343808 16866316288
Low:    33552523264 28167331840  5385191424
High:             0           0           0
Swap:   21474299904  8417968128 13056331776
1680027529.375584672 UTC seconds since epoch
              total        used        free      shared     buffers       cache   available
Mem:    33552523264 11986952192  5380980736  1883967488   528674816 15655915520 16864276480
Low:    33552523264 28171542528  5380980736
High:             0           0           0
Swap:   21474299904  8417968128 13056331776
1680027530.383997610 UTC seconds since epoch
              total        used        free      shared     buffers       cache   available
Mem:    33552523264 11986743296  5377167360  1885163520   528674816 15659937792 16863293440
Low:    33552523264 28175355904  5377167360
High:             0           0           0
Swap:   21474299904  8417968128 13056331776
1680027531.391581565 UTC seconds since epoch
              total        used        free      shared     buffers       cache   available
Mem:    33552523264 11991351296  5372264448  1882574848   528674816 15660232704 16861261824
Low:    33552523264 28180258816  5372264448
High:             0           0           0
Swap:   21474299904  8417968128 13056331776
1680027532.400339745 UTC seconds since epoch
              total        used        free      shared     buffers       cache   available
Mem:    33552523264 11992338432  5367660544  1882574848   528711680 15663812608 16860282880
Low:    33552523264 28184862720  5367660544
High:             0           0           0
Swap:   21474299904  8417968128 13056331776
1680027533.407778385 UTC seconds since epoch
              total        used        free      shared     buffers       cache   available
Mem:    33552523264 12014792704  5341597696  1883803648   528711680 15667421184 16836603904
Low:    33552523264 28210925568  5341597696
High:             0           0           0
Swap:   21474299904  8417968128 13056331776
1680027534.420165213 UTC seconds since epoch
              total        used        free      shared     buffers       cache   available
Mem:    33552523264 12025954304  5327933440  1883967488   528711680 15669923840 16825278464
Low:    33552523264 28224589824  5327933440
High:             0           0           0
Swap:   21474299904  8417968128 13056331776
1680027535.432064097 UTC seconds since epoch
              total        used        free      shared     buffers       cache   available
Mem:    33552523264 12026744832  5324587008  1883967488   528740352 15672451072 16824483840
Low:    33552523264 28227936256  5324587008
High:             0           0           0
Swap:   21474299904  8417968128 13056331776
1680027536.439923312 UTC seconds since epoch
              total        used        free      shared     buffers       cache   available
Mem:    33552523264 12027461632  5321494528  1883967488   528740352 15674826752 16823771136
Low:    33552523264 28231028736  5321494528
High:             0           0           0
Swap:   21474299904  8417968128 13056331776
1680027537.448485671 UTC seconds since epoch
              total        used        free      shared     buffers       cache   available
Mem:    33552523264 12028805120  5316665344  1883967488   528740352 15678312448 16822427648
Low:    33552523264 28235857920  5316665344
High:             0           0           0
Swap:   21474299904  8417968128 13056331776
1680027538.457226151 UTC seconds since epoch
              total        used        free      shared     buffers       cache   available
Mem:    33552523264 11982917632  5361721344  1882574848   528740352 15679143936 16869687296
Low:    33552523264 28190801920  5361721344
High:             0           0           0
Swap:   21474299904  8417968128 13056331776
1680027539.471738811 UTC seconds since epoch
              total        used        free      shared     buffers       cache   available
Mem:    33552523264 11998343168  5343670272  1882578944   528740352 15681769472 16854261760
Low:    33552523264 28208852992  5343670272
High:             0           0           0
Swap:   21474299904  8417968128 13056331776
1680027540.481397334 UTC seconds since epoch
              total        used        free      shared     buffers       cache   available
Mem:    33552523264 12002664448  5336756224  1882578944   528748544 15684354048 16849944576
Low:    33552523264 28215767040  5336756224
High:             0           0           0
Swap:   21474299904  8417968128 13056331776
1680027541.491601329 UTC seconds since epoch
              total        used        free      shared     buffers       cache   available
Mem:    33552523264 12003373056  5331865600  1883967488   528748544 15688536064 16847859712
Low:    33552523264 28220657664  5331865600
High:             0           0           0
Swap:   21474299904  8417968128 13056331776
1680027542.499906788 UTC seconds since epoch
              total        used        free      shared     buffers       cache   available
Mem:    33552523264 12003020800  5321928704  1891131392   528748544 15698825216 16841048064
Low:    33552523264 28230594560  5321928704
High:             0           0           0
Swap:   21474299904  8417968128 13056331776
1680027543.511706717 UTC seconds since epoch
              total        used        free      shared     buffers       cache   available
Mem:    33552523264 12004155392  5315796992  1892524032   528760832 15703810048 16838516736
Low:    33552523264 28236726272  5315796992
High:             0           0           0
Swap:   21474299904  8417968128 13056331776
1680027544.521909420 UTC seconds since epoch
              total        used        free      shared     buffers       cache   available
Mem:    33552523264 12011495424  5306363904  1892524032   528760832 15705903104 16831176704
Low:    33552523264 28246159360  5306363904
High:             0           0           0
Swap:   21474299904  8417968128 13056331776
1680027545.532578019 UTC seconds since epoch
              total        used        free      shared     buffers       cache   available
Mem:    33552523264 12017102848  5298216960  1892536320   528777216 15708426240 16825556992
Low:    33552523264 28254306304  5298216960
High:             0           0           0
Swap:   21474299904  8417968128 13056331776
1680027546.542126210 UTC seconds since epoch
              total        used        free      shared     buffers       cache   available
Mem:    33552523264 12017815552  5295153152  1892556800   528777216 15710777344 16824823808
Low:    33552523264 28257370112  5295153152
High:             0           0           0
Swap:   21474299904  8417968128 13056331776
1680027547.551516756 UTC seconds since epoch
              total        used        free      shared     buffers       cache   available
Mem:    33552523264 12021977088  5288349696  1892556800   528777216 15713419264 16820666368
Low:    33552523264 28264173568  5288349696
High:             0           0           0
Swap:   21474299904  8417968128 13056331776
1680027548.559531712 UTC seconds since epoch
              total        used        free      shared     buffers       cache   available
Mem:    33552523264 12022808576  5283864576  1892753408   528777216 15717072896 16819630080
Low:    33552523264 28268658688  5283864576
High:             0           0           0
Swap:   21474299904  8417968128 13056331776
1680027549.571670466 UTC seconds since epoch
              total        used        free      shared     buffers       cache   available
Mem:    33552523264 12029038592  5275639808  1892556800   528777216 15719067648 16813604864
Low:    33552523264 28276883456  5275639808
High:             0           0           0
Swap:   21474299904  8417968128 13056331776
1680027550.581231171 UTC seconds since epoch
              total        used        free      shared     buffers       cache   available
Mem:    33552523264 12032532480  5269188608  1892556800   528785408 15722016768 16810098688
Low:    33552523264 28283334656  5269188608
High:             0           0           0
Swap:   21474299904  8417968128 13056331776
1680027551.591687735 UTC seconds since epoch
              total        used        free      shared     buffers       cache   available
Mem:    33552523264 12030902272  5268783104  1892556800   528793600 15724044288 16811741184
Low:    33552523264 28283740160  5268783104
High:             0           0           0
Swap:   21474299904  8417968128 13056331776
1680027552.600901869 UTC seconds since epoch
              total        used        free      shared     buffers       cache   available
Mem:    33552523264 12030603264  5266391040  1892601856   528814080 15726714880 16811991040
Low:    33552523264 28286132224  5266391040
High:             0           0           0
Swap:   21474299904  8417968128 13056331776
1680027553.611925001 UTC seconds since epoch
              total        used        free      shared     buffers       cache   available
Mem:    33552523264 12046045184  5247004672  1892683776   528814080 15730659328 16796463104
Low:    33552523264 28305518592  5247004672
High:             0           0           0
Swap:   21474299904  8417968128 13056331776
1680027554.623770107 UTC seconds since epoch
              total        used        free      shared     buffers       cache   available
Mem:    33552523264 12060794880  5229772800  1892651008   528814080 15733141504 16781754368
Low:    33552523264 28322750464  5229772800
High:             0           0           0
Swap:   21474299904  8417968128 13056331776
1680027555.632090333 UTC seconds since epoch
              total        used        free      shared     buffers       cache   available
Mem:    33552523264 12063117312  5225050112  1892950016   528814080 15735541760 16779120640
Low:    33552523264 28327473152  5225050112
High:             0           0           0
Swap:   21474299904  8417968128 13056331776
1680027556.644153531 UTC seconds since epoch
              total        used        free      shared     buffers       cache   available
Mem:    33552523264 12064108544  5221871616  1892986880   528814080 15737729024 16778100736
Low:    33552523264 28330651648  5221871616
High:             0           0           0
Swap:   21474299904  8417968128 13056331776
1680027557.651760369 UTC seconds since epoch
              total        used        free      shared     buffers       cache   available
Mem:    33552523264 12059906048  5223653376  1892954112   528822272 15740141568 16782336000
Low:    33552523264 28328869888  5223653376
High:             0           0           0
Swap:   21474299904  8417968128 13056331776
1680027558.662340024 UTC seconds since epoch
              total        used        free      shared     buffers       cache   available
Mem:    33552523264 12058898432  5221478400  1892954112   528822272 15743324160 16783343616
Low:    33552523264 28331044864  5221478400
High:             0           0           0
Swap:   21474299904  8417968128 13056331776
1680027559.672053869 UTC seconds since epoch
              total        used        free      shared     buffers       cache   available
Mem:    33552523264 12059901952  5216768000  1892954112   528822272 15747031040 16782344192
Low:    33552523264 28335755264  5216768000
High:             0           0           0
Swap:   21474299904  8417968128 13056331776
1680027560.679950901 UTC seconds since epoch
              total        used        free      shared     buffers       cache   available
Mem:    33552523264 12062175232  5212696576  1892954112   528822272 15748829184 16780070912
Low:    33552523264 28339826688  5212696576
High:             0           0           0
Swap:   21474299904  8417968128 13056331776
1680027561.687645616 UTC seconds since epoch
              total        used        free      shared     buffers       cache   available
Mem:    33552523264 12000067584  5267763200  1898135552   528826368 15755866112 16836988928
Low:    33552523264 28284760064  5267763200
High:             0           0           0
Swap:   21474299904  8417968128 13056331776
1680027562.699746738 UTC seconds since epoch
              total        used        free      shared     buffers       cache   available
Mem:    33552523264 12000305152  5264338944  1898078208   528850944 15759028224 16836816896
Low:    33552523264 28288184320  5264338944
High:             0           0           0
Swap:   21474299904  8417968128 13056331776
1680027563.707558834 UTC seconds since epoch
              total        used        free      shared     buffers       cache   available
Mem:    33552523264 11998642176  5260464128  1900961792   528850944 15764566016 16835596288
Low:    33552523264 28292059136  5260464128
High:             0           0           0
Swap:   21474299904  8417705984 13056593920
1680027564.715841273 UTC seconds since epoch
              total        used        free      shared     buffers       cache   available
Mem:    33552523264 11997745152  5258207232  1901088768   528850944 15767719936 16836354048
Low:    33552523264 28294316032  5258207232
High:             0           0           0
Swap:   21474299904  8417705984 13056593920
