2023-03-28 18:12:54 1680027174.340777 [tornettools] [INFO] Logging system initialized! Logging events to stdout and to '/tordata/tornettools/experiment0-0.0001/tornettools.generate.2023-03-28.18.12.54.log'
2023-03-28 18:12:54 1680027174.340918 [tornettools] [INFO] Seeded standard and numpy PRNGs with seed=1865457508
2023-03-28 18:12:54 1680027174.341008 [tornettools] [INFO] The argument namespace is: Namespace(atlas_path=None, command='generate', do_trace=False, do_version=False, events_csv='BW,CIRC', exit_user_scale=1.0, formatter_class=<class '__main__.CustomHelpFormatter'>, func=<function generate at 0x7f15d0b6df80>, geoip_path=None, load_scale=1.0, network_info_path='/tordata/tornettools/networkinfo_staging.gml', network_scale=0.0001, nprocesses=12, onion_service_user_scale=0.0, prefix='/tordata/tornettools/experiment0-0.0001', process_scale=0.01, quiet=0, relay_info_path='/tordata/tornettools/relayinfo_staging_2020-11-01--2020-11-30.json', seed=1865457508, server_scale=0.1, tmodel_git_path='/tordata/tornettools/tmodel-ccs2018.github.io', torexe='/usr/local/bin/tor', torgencertexe='/usr/local/bin/tor-gencert', torperf_num_exit=100, torperf_num_onion_service=0, user_info_path='/tordata/tornettools/userinfo_staging_2020-11-01--2020-11-30.json')
2023-03-28 18:12:54 1680027174.341451 [tornettools] [INFO] The platform is: Linux-6.2.6-76060206-generic-x86_64-with-Ubuntu-20.04-focal
2023-03-28 18:12:54 1680027174.341539 [tornettools] [INFO] System info: uname_result(system='Linux', node='89446d8f2c9b', release='6.2.6-76060206-generic', version='#202303130630~1679424972~22.04~4a8cde1 SMP PREEMPT_DYNAMIC Tue M', machine='x86_64', processor='x86_64')
2023-03-28 18:12:54 1680027174.433107 [tornettools] [INFO] Generating network using tor and tor-gencert at /usr/local/bin/tor and /usr/local/bin/tor-gencert
2023-03-28 18:12:54 1680027174.433281 [tornettools] [INFO] Copying atlas topology file (use the '-a/--atlas' option to disable)
2023-03-28 18:12:54 1680027174.448250 [tornettools] [INFO] Reading staged network info /tordata/tornettools/networkinfo_staging.gml
2023-03-28 18:12:54 1680027174.693254 [tornettools] [INFO] Finished reading staged network info
2023-03-28 18:12:54 1680027174.693372 [tornettools] [INFO] Sampling Tor relays now
2023-03-28 18:12:55 1680027175.187068 [tornettools] [INFO] A full Tor network has 6746 relays with total capacity of 661.355759984 Gbit/s
2023-03-28 18:12:55 1680027175.197154 [tornettools] [INFO] Bandwidth-weights (relevant ones) of a typical consensus:
2023-03-28 18:12:55 1680027175.197288 [tornettools] [INFO] Casename: Case 3a (E scarce), with: Wgg=6324.324464213265, Wgd=0, Wee=10000, Wed=10000, Wmg=3675.6755357867346, Wme=0, Wmd=0
2023-03-28 18:12:55 1680027175.197346 [tornettools] [INFO] 1 relays: relative position weights:
2023-03-28 18:12:55 1680027175.197384 [tornettools] [INFO] g: chosen=0.32691239566349334, target=0.543040076709947, diff=-0.2161276810464537
2023-03-28 18:12:55 1680027175.197417 [tornettools] [INFO] e: chosen=0.12025766502797393, target=0.045612023585204726, diff=0.0746456414427692
2023-03-28 18:12:55 1680027175.197450 [tornettools] [INFO] ge: chosen=0.5338900336404584, target=0.2675156479778032, diff=0.2663743856626552
2023-03-28 18:12:55 1680027175.197483 [tornettools] [INFO] m: chosen=0.018939905668074342, target=0.1438322517270462, diff=-0.12489234605897186
2023-03-28 18:12:55 1680027175.197513 [tornettools] [INFO] The max weight divergence between positions is 0.2663743856626552
2023-03-28 18:12:55 1680027175.197562 [tornettools] [INFO] Renormalizing weights for scaled network using total weight=0.00044571293760973954
2023-03-28 18:12:55 1680027175.197628 [tornettools] [INFO] Bandwidth-weights (relevant ones) of our scaled down consensus of 4 relays:
2023-03-28 18:12:55 1680027175.197666 [tornettools] [INFO] Casename: Case 2b2 (Wgg=weightscale, Wee=weightscale), with: Wgg=10000, Wgd=120.26704499533844, Wee=10000, Wed=3991.00291969212, Wmg=0, Wme=0, Wmd=5888.730035312541
2023-03-28 18:12:55 1680027175.197887 [tornettools] [INFO] Chose 4 of 6746 relays using scale factor 0.0001
2023-03-28 18:12:55 1680027175.200965 [tornettools] [INFO] Generating Tor key material now, this may take awhile...
2023-03-28 18:12:55 1680027175.531671 [tornettools] [INFO] Generated fingerprints and keys for 7 Tor nodes (3 authorities and 4 relays)
2023-03-28 18:12:56 1680027176.104959 [tornettools] [INFO] Generating Clients
2023-03-28 18:12:56 1680027176.105484 [tornettools] [INFO] Privcount measurements scaled to 111 Tor users, 79 active and 27 inactive
2023-03-28 18:12:56 1680027176.105618 [tornettools] [INFO] Privcount measurements scaled to 288 exit circuits, 149 active and 133 inactive
2023-03-28 18:12:56 1680027176.110820 [tornettools] [INFO] We will use 75 TGen client processes to emulate 75.05 Tor exit users and create 150 exit circuits every 10 minutes in aggregate
2023-03-28 18:12:56 1680027176.110963 [tornettools] [INFO] We will use 0 TGen client processes to emulate 0.0 Tor onion-service users and create 0 onion-service circuits every 10 minutes in aggregate
2023-03-28 18:12:56 1680027176.112288 [tornettools] [INFO] We will use 100 exit perf nodes to benchmark Tor exit performance
2023-03-28 18:12:56 1680027176.112498 [tornettools] [INFO] We will use 0 onion-service perf nodes to benchmark Tor onion-service performance
2023-03-28 18:12:56 1680027176.112683 [tornettools] [INFO] Generating Servers
2023-03-28 18:12:56 1680027176.119911 [tornettools] [DEBUG] System call: /usr/local/bin/tor --version (runtime: 0.01)
2023-03-28 18:12:56 1680027176.305598 [tornettools] [DEBUG] GETCONF __owningcontrollerprocess (runtime: 0.0002)
2023-03-28 18:12:56 1680027176.307007 [tornettools] [DEBUG] RESETCONF __OwningControllerProcess (runtime: 0.0012)
2023-03-28 18:12:56 1680027176.307222 [tornettools] [DEBUG] GETINFO version (runtime: 0.0001)
2023-03-28 18:12:56 1680027176.307660 [tornettools] [INFO] Error while receiving a control message (SocketClosed): received exception "read of closed file"
2023-03-28 18:12:56 1680027176.307723 [tornettools] [INFO] Error while receiving a control message (SocketClosed): received exception "peek of closed file"
2023-03-28 18:12:56 1680027176.307770 [tornettools] [INFO] Error while receiving a control message (SocketClosed): received exception "peek of closed file"
2023-03-28 18:12:56 1680027176.307814 [tornettools] [INFO] Error while receiving a control message (SocketClosed): received exception "peek of closed file"
2023-03-28 18:12:56 1680027176.307854 [tornettools] [INFO] Error while receiving a control message (SocketClosed): received exception "peek of closed file"
2023-03-28 18:12:56 1680027176.307897 [tornettools] [INFO] Error while receiving a control message (SocketClosed): received exception "peek of closed file"
2023-03-28 18:12:56 1680027176.307939 [tornettools] [INFO] Error while receiving a control message (SocketClosed): received exception "peek of closed file"
2023-03-28 18:12:56 1680027176.307981 [tornettools] [INFO] Error while receiving a control message (SocketClosed): received exception "peek of closed file"
2023-03-28 18:12:56 1680027176.308027 [tornettools] [INFO] Error while receiving a control message (SocketClosed): received exception "peek of closed file"
2023-03-28 18:12:56 1680027176.308069 [tornettools] [INFO] Error while receiving a control message (SocketClosed): received exception "peek of closed file"
2023-03-28 18:12:56 1680027176.308109 [tornettools] [INFO] Error while receiving a control message (SocketClosed): received exception "peek of closed file"
2023-03-28 18:12:56 1680027176.308148 [tornettools] [INFO] Error while receiving a control message (SocketClosed): received exception "peek of closed file"
2023-03-28 18:12:56 1680027176.308188 [tornettools] [INFO] Error while receiving a control message (SocketClosed): received exception "peek of closed file"
2023-03-28 18:12:56 1680027176.308231 [tornettools] [INFO] Error while receiving a control message (SocketClosed): received exception "peek of closed file"
2023-03-28 18:12:56 1680027176.308281 [tornettools] [INFO] Error while receiving a control message (SocketClosed): received exception "peek of closed file"
2023-03-28 18:12:56 1680027176.310729 [tornettools] [INFO] We will use 8 TGen exit servers and 0 TGen onion-service servers to serve 75 TGen exit clients and 0 TGen onion-service clients
2023-03-28 18:12:56 1680027176.310936 [tornettools] [INFO] Generating Tor configuration files
2023-03-28 18:12:56 1680027176.330540 [tornettools] [INFO] Generating TGen configuration files
2023-03-28 18:12:56 1680027176.369566 [tornettools] [INFO] Constructing Shadow config YAML file
