time: 946686600.0
diff: 0.0
going to web site
Hello world	Thread-21	5

time: 946686603.649364
diff: 116.35063600540161
waiting
going to web site
Hello world	Thread-92	2

time: 946686723.658364
diff: 56.341635942459106
waiting
going to web site
Hello world	Thread-109	8

time: 946686780.649364
diff: 60.35063600540161
waiting
going to web site
Hello world	Thread-160	4

time: 946686842.651365
diff: 118.34863495826721
waiting
going to web site
Hello world	Thread-232	7

time: 946686968.659364
diff: 112.34063601493835
waiting
going to web site
Hello world	Thread-294	6

time: 946687088.666998
diff: 52.33300197124481
waiting
going to web site
Hello world	Thread-332	5

time: 946687148.667364
diff: 112.33263599872589
waiting
going to web site
Hello world	Thread-377	2

time: 946687261.679364
diff: 119.32063603401184
waiting
going to web site
Hello world	Thread-459	7

time: 946687388.666365
diff: 53.33363497257233
waiting
going to web site
Hello world	Thread-484	3

time: 946687443.6673651
diff: 118.33263492584229
waiting
going to web site
Hello world	Thread-540	4

time: 946687562.658364
diff: 119.3416359424591
waiting
going to web site
Hello world	Thread-607	2

time: 946687682.658364
diff: 119.3416359424591
waiting
going to web site
Hello world	Thread-681	6

time: 946687809.659364
diff: 112.34063601493835
waiting
going to web site
Hello world	Thread-752	6

time: 946687925.667365
diff: 116.33263504505157
waiting
going to web site
Hello world	Thread-815	7

time: 946688045.658365
diff: 57.34163498878479
waiting
going to web site
Hello world	Thread-837	6

time: 946688103.658364
diff: 59.341635942459106
waiting
going to web site
Hello world	Thread-872	3

time: 946688163.658364
diff: 59.341635942459106
waiting
going to web site
Hello world	Thread-919	7

time: 946688230.659364
diff: 112.34063601493835
waiting
going to web site
Hello world	Thread-984	6

