time: 946686600.0
diff: 0.0
going to web site
Hello world	Thread-291	3

time: 946686844.030581
diff: -184.03058099746704
going to web site
Hello world	Thread-302	2

time: 946686845.783633
diff: -65.78363299369812
going to web site
Hello world	Thread-304	2

time: 946686846.5366851
diff: 53.46331489086151
waiting
going to web site
Hello world	Thread-381	2

time: 946686915.762053
diff: 104.2379469871521
waiting
going to web site
Hello world	Thread-519	2

time: 946687035.753052
diff: 44.24694800376892
waiting
going to web site
Hello world	Thread-552	2

time: 946687083.762053
diff: 117.2379469871521
waiting
going to web site
Hello world	Thread-810	4

time: 946687322.936244
diff: -61.93624401092529
going to web site
Hello world	Thread-816	8

time: 946687323.526998
diff: -2.5269980430603027
going to web site
Hello world	Thread-823	2

time: 946687324.107654
diff: 116.89234602451324
waiting
going to web site
Hello world	Thread-990	4

time: 946687456.590656
diff: 44.409343957901
waiting
going to web site
Hello world	Thread-1021	3

time: 946687502.580656
diff: 58.41934394836426
waiting
going to web site
Hello world	Thread-1101	5

time: 946687568.5896571
diff: 53.41034293174744
waiting
going to web site
Hello world	Thread-1278	4

time: 946687743.9908731
diff: -61.99087309837341
going to web site
Hello world	Thread-1282	5

time: 946687744.579529
diff: 57.42047095298767
waiting
going to web site
Hello world	Thread-1384	5

time: 946687817.590656
diff: 44.409343957901
waiting
going to web site
Hello world	Thread-1412	5

time: 946687863.590656
diff: 118.409343957901
waiting
going to web site
Hello world	Thread-1582	4

time: 946687989.590656
diff: 112.409343957901
waiting
going to web site
Hello world	Thread-1680	7

time: 946688102.580656
diff: 120.41934394836426
waiting
going to web site
Hello world	Thread-1846	5

time: 946688238.5996561
diff: 44.400343894958496
waiting
going to web site
Hello world	Thread-1864	2

