time: 946686600.0
diff: 0.0
going to web site
Hello world	Thread-60	4

time: 946686663.849684
diff: 56.15031599998474
waiting
going to web site
Hello world	Thread-105	3

time: 946686751.849684
diff: 28.15031599998474
waiting
going to web site
Hello world	Thread-141	2

time: 946686795.849684
diff: 104.15031599998474
waiting
going to web site
Hello world	Thread-197	3

time: 946686903.8684419
diff: 57.13155806064606
waiting
going to web site
Hello world	Thread-239	2

time: 946686976.863706
diff: 44.13629400730133
waiting
going to web site
Hello world	Thread-268	4

time: 946687028.849685
diff: 52.150315046310425
waiting
going to web site
Hello world	Thread-304	2

time: 946687096.858685
diff: 44.14131498336792
waiting
going to web site
Hello world	Thread-333	4

time: 946687148.849684
diff: 112.15031599998474
waiting
going to web site
Hello world	Thread-389	5

time: 946687264.668364
diff: 116.33163595199585
waiting
going to web site
Hello world	Thread-439	2

time: 946687381.6663641
diff: 120.33363592624664
waiting
going to web site
Hello world	Thread-515	5

time: 946687503.6673651
diff: 58.332634925842285
waiting
going to web site
Hello world	Thread-541	3

time: 946687562.658364
diff: 59.341635942459106
waiting
going to web site
Hello world	Thread-577	6

time: 946687623.658364
diff: 118.3416359424591
waiting
going to web site
Hello world	Thread-650	5

time: 946687745.667365
diff: 116.33263504505157
waiting
going to web site
Hello world	Thread-731	3

time: 946687877.8549241
diff: 104.14507591724396
waiting
going to web site
Hello world	Thread-796	2

time: 946687989.832924
diff: 113.16707599163055
waiting
going to web site
Hello world	Thread-862	3

time: 946688118.842924
diff: 104.1570760011673
waiting
going to web site
Hello world	Thread-929	3

time: 946688238.860924
diff: 44.13907599449158
waiting
going to web site
Hello world	Thread-959	4

