time: 946686600.0
diff: 0.0
going to web site
Hello world	Thread-10	2

time: 946686601.7310599
diff: 118.26894009113312
waiting
going to web site
Hello world	Thread-19	3

time: 946686720.724061
diff: 59.275938987731934
waiting
going to web site
Hello world	Thread-26	2

time: 946686780.72406
diff: 59.27593994140625
waiting
going to web site
Hello world	Thread-29	2

time: 946686840.72406
diff: 59.27593994140625
waiting
going to web site
Hello world	Thread-37	3

time: 946686900.7150601
diff: 59.284939885139465
waiting
going to web site
Hello world	Thread-43	2

time: 946686960.7150601
diff: 120.28493988513947
waiting
going to web site
Hello world	Thread-63	2

time: 946687081.72906
diff: 59.27093994617462
waiting
going to web site
Hello world	Thread-69	2

time: 946687141.7430611
diff: 59.25693893432617
waiting
going to web site
Hello world	Thread-72	5

time: 946687201.60872
diff: 59.39128005504608
waiting
going to web site
Hello world	Thread-80	4

time: 946687261.5902771
diff: 59.40972292423248
waiting
going to web site
Hello world	Thread-86	2

time: 946687321.5741642
diff: 119.42583584785461
waiting
going to web site
Hello world	Thread-95	3

time: 946687441.5741642
diff: 60.425835847854614
waiting
going to web site
Hello world	Thread-105	7

time: 946687502.5878361
diff: 59.412163853645325
waiting
going to web site
Hello world	Thread-112	6

time: 946687562.5878361
diff: 59.412163853645325
waiting
going to web site
Hello world	Thread-122	5

time: 946687622.5878361
diff: 119.41216385364532
waiting
going to web site
Hello world	Thread-132	6

time: 946687742.5878361
diff: 119.41216385364532
waiting
going to web site
Hello world	Thread-146	3

time: 946687862.72106
diff: 59.278939962387085
waiting
going to web site
Hello world	Thread-153	2

time: 946687922.7150601
diff: 120.28493988513947
waiting
going to web site
Hello world	Thread-173	2

time: 946688044.7240602
diff: 58.27593982219696
waiting
going to web site
Hello world	Thread-180	2

time: 946688103.7240602
diff: 59.27593982219696
waiting
going to web site
Hello world	Thread-188	2

time: 946688164.7240602
diff: 58.27593982219696
waiting
going to web site
Hello world	Thread-194	2

time: 946688223.7240602
diff: 59.27593982219696
waiting
going to web site
Hello world	Thread-201	2

time: 946688284.7240602
diff: 58.27593982219696
waiting
going to web site
Hello world	Thread-206	3

