time: 946686600.0
diff: 0.0
going to web site
Hello world	Thread-124	7

time: 946686727.8163711
diff: -7.8163710832595825
going to web site
Hello world	Thread-130	7

time: 946686728.4018271
diff: 111.59817290306091
waiting
going to web site
Hello world	Thread-319	6

time: 946686855.590656
diff: 45.409343957901
waiting
going to web site
Hello world	Thread-350	4

time: 946686902.606212
diff: 58.39378798007965
waiting
going to web site
Hello world	Thread-425	7

time: 946686962.588656
diff: 58.411344051361084
waiting
going to web site
Hello world	Thread-524	3

time: 946687036.601518
diff: 104.398481965065
waiting
going to web site
Hello world	Thread-713	3

time: 946687261.898726
diff: -0.8987259864807129
going to web site
Hello world	Thread-719	9

time: 946687262.482382
diff: 118.51761794090271
waiting
going to web site
Hello world	Thread-901	6

time: 946687388.590656
diff: 113.409343957901
waiting
going to web site
Hello world	Thread-1023	7

time: 946687503.580656
diff: 58.41934394836426
waiting
going to web site
Hello world	Thread-1112	6

time: 946687577.590656
diff: 104.409343957901
waiting
going to web site
Hello world	Thread-1202	5

time: 946687682.582656
diff: 119.41734397411346
waiting
going to web site
Hello world	Thread-1362	4

time: 946687805.590656
diff: 56.409343957901
waiting
going to web site
Hello world	Thread-1431	3

time: 946687865.580656
diff: 56.41934394836426
waiting
going to web site
Hello world	Thread-1619	7

time: 946688042.966458
diff: 0.03354203701019287
waiting
going to web site
Hello world	Thread-1679	2

time: 946688074.592656
diff: 88.40734398365021
waiting
going to web site
Hello world	Thread-1775	2

time: 946688166.580656
diff: 56.41934394836426
waiting
going to web site
Hello world	Thread-1920	8

time: 946688343.966536
diff: -0.9665360450744629
going to web site
Hello world	Thread-1928	6

