time: 946686600.0
diff: 0.0
going to web site
Hello world	Thread-142	7

time: 946686735.828145
diff: -75.82814502716064
going to web site
Hello world	Thread-148	7

time: 946686736.4088011
diff: 43.59119892120361
waiting
going to web site
Hello world	Thread-228	5

time: 946686811.590656
diff: 88.409343957901
waiting
going to web site
Hello world	Thread-369	5

time: 946686907.608657
diff: 112.39134299755096
waiting
going to web site
Hello world	Thread-509	5

time: 946687027.618708
diff: 113.38129198551178
waiting
going to web site
Hello world	Thread-620	5

time: 946687144.584656
diff: 56.41534399986267
waiting
going to web site
Hello world	Thread-794	2

time: 946687321.906606
diff: -0.9066059589385986
going to web site
Hello world	Thread-800	8

time: 946687322.514262
diff: 118.48573803901672
waiting
going to web site
Hello world	Thread-1001	5

time: 946687472.590656
diff: 88.409343957901
waiting
going to web site
Hello world	Thread-1072	4

time: 946687561.580656
diff: 59.41934394836426
waiting
going to web site
Hello world	Thread-1177	2

time: 946687628.5896561
diff: 113.41034388542175
waiting
going to web site
Hello world	Thread-1314	5

time: 946687773.590656
diff: 88.409343957901
waiting
going to web site
Hello world	Thread-1440	6

time: 946687869.580656
diff: 112.41934394836426
waiting
going to web site
Hello world	Thread-1593	5

time: 946687997.590656
diff: 104.409343957901
waiting
going to web site
Hello world	Thread-1681	6

time: 946688102.580656
diff: 119.41934394836426
waiting
going to web site
Hello world	Thread-1794	7

time: 946688222.5896561
diff: 59.41034388542175
waiting
going to web site
Hello world	Thread-1858	2

time: 946688282.5896561
diff: 60.41034388542175
waiting
going to web site
Hello world	Thread-1973	5

