time: 946686600.0
diff: 0.0
going to web site
Hello world	Thread-38	6

time: 946686631.669364
diff: 28.330636024475098
waiting
going to web site
Hello world	Thread-48	3

time: 946686660.667365
diff: 120.33263504505157
waiting
going to web site
Hello world	Thread-118	6

time: 946686781.686794
diff: 119.31320595741272
waiting
going to web site
Hello world	Thread-188	6

time: 946686902.6695601
diff: 58.33043992519379
waiting
going to web site
Hello world	Thread-227	6

time: 946686964.659364
diff: 116.34063601493835
waiting
going to web site
Hello world	Thread-298	2

time: 946687088.678364
diff: 52.32163596153259
waiting
going to web site
Hello world	Thread-321	3

time: 946687142.659364
diff: 118.34063601493835
waiting
going to web site
Hello world	Thread-387	7

time: 946687264.656908
diff: 117.34309196472168
waiting
going to web site
Hello world	Thread-440	7

time: 946687382.646908
diff: 59.35309195518494
waiting
going to web site
Hello world	Thread-481	6

time: 946687443.6559091
diff: 118.34409093856812
waiting
going to web site
Hello world	Thread-557	2

time: 946687565.667908
diff: 56.33209204673767
waiting
going to web site
Hello world	Thread-590	5

time: 946687629.656908
diff: 52.34309196472168
waiting
going to web site
Hello world	Thread-606	3

time: 946687682.646908
diff: 119.35309195518494
waiting
going to web site
Hello world	Thread-692	7

time: 946687833.666908
diff: 29.333091974258423
waiting
going to web site
Hello world	Thread-704	7

time: 946687863.652364
diff: 59.347635984420776
waiting
going to web site
Hello world	Thread-749	3

time: 946687924.667365
diff: 118.33263504505157
waiting
going to web site
Hello world	Thread-814	2

time: 946688044.667365
diff: 58.332635045051575
waiting
going to web site
Hello world	Thread-839	4

time: 946688103.658364
diff: 119.3416359424591
waiting
going to web site
Hello world	Thread-905	2

time: 946688223.658364
diff: 59.341635942459106
waiting
going to web site
Hello world	Thread-942	2

time: 946688284.668364
diff: 59.33163595199585
waiting
going to web site
Hello world	Thread-971	6

