time: 946686600.0
diff: 18.0
waiting
going to web site
Hello world	Thread-55	2

time: 946686618.8358321
diff: -0.8358321189880371
going to web site
Hello world	Thread-58	4

time: 946686619.6686641
diff: 1.3313359022140503
waiting
going to web site
Hello world	Thread-65	3

time: 946686621.837832
diff: -0.837831974029541
going to web site
Hello world	Thread-67	3

time: 946686622.684455
diff: 1.3155449628829956
waiting
going to web site
Hello world	Thread-76	2

time: 946686624.8398321
diff: -0.839832067489624
going to web site
Hello world	Thread-79	3

time: 946686625.673664
diff: -0.6736639738082886
going to web site
Hello world	Thread-83	3

time: 946686626.506496
diff: -1.5064959526062012
going to web site
Hello world	Thread-86	3

time: 946686627.339328
diff: -2.3393280506134033
going to web site
Hello world	Thread-88	3

time: 946686628.17216
diff: -3.172160029411316
going to web site
Hello world	Thread-91	3

time: 946686629.0099919
diff: -4.009991884231567
going to web site
Hello world	Thread-96	2

time: 946686629.861824
diff: -4.861824035644531
going to web site
Hello world	Thread-99	3

time: 946686630.694656
diff: -3.694656014442444
going to web site
Hello world	Thread-102	4

time: 946686631.5364879
diff: -1.5364879369735718
going to web site
Hello world	Thread-11	2

time: 946686632.37232
diff: -1.3723200559616089
going to web site
Hello world	Thread-109	3

time: 946686633.211152
diff: -1.2111519575119019
going to web site
Hello world	Thread-114	3

time: 946686634.047984
diff: -2.047984004020691
going to web site
Hello world	Thread-118	3

time: 946686634.880816
diff: -2.8808159828186035
going to web site
Hello world	Thread-121	3

time: 946686635.7206479
diff: -3.720647931098938
going to web site
Hello world	Thread-124	3

time: 946686636.5534799
diff: -4.553479909896851
going to web site
Hello world	Thread-126	3

time: 946686637.3863119
diff: -5.386311888694763
going to web site
Hello world	Thread-130	2

time: 946686638.219144
diff: -5.219143986701965
going to web site
Hello world	Thread-135	2

time: 946686639.051976
diff: -6.051975965499878
going to web site
Hello world	Thread-139	2

time: 946686639.884808
diff: -6.8848079442977905
going to web site
Hello world	Thread-142	3

time: 946686640.71864
diff: -5.718639969825745
going to web site
Hello world	Thread-146	3

time: 946686641.551472
diff: -2.5514719486236572
going to web site
Hello world	Thread-150	2

time: 946686642.384304
diff: 2.6156959533691406
waiting
going to web site
Hello world	Thread-17	2

time: 946686645.832832
diff: 32.16716802120209
waiting
going to web site
Hello world	Thread-49	2

time: 946686678.846833
diff: 2.1531670093536377
waiting
going to web site
Hello world	Thread-327	6

time: 946686681.832833
diff: -0.8328330516815186
going to web site
Hello world	Thread-334	6

time: 946686682.665665
diff: -0.6656650304794312
going to web site
Hello world	Thread-342	5

time: 946686683.498497
diff: 5.501502990722656
waiting
going to web site
Hello world	Thread-406	3

time: 946686689.843832
diff: 2.156167984008789
waiting
going to web site
Hello world	Thread-441	5

time: 946686692.8358321
diff: 2.164167881011963
waiting
going to web site
Hello world	Thread-69	2

time: 946686695.8418319
diff: 12.158168077468872
waiting
going to web site
Hello world	Thread-86	3

time: 946686708.849833
diff: 4.150166988372803
waiting
going to web site
Hello world	Thread-648	3

time: 946686713.843832
diff: 6.156167984008789
waiting
going to web site
Hello world	Thread-108	2

time: 946686720.832832
diff: 16.167168021202087
waiting
going to web site
Hello world	Thread-146	2

time: 946686737.841833
diff: 24.158167004585266
waiting
going to web site
Hello world	Thread-192	2

time: 946686762.841833
diff: 21.158167004585266
waiting
going to web site
Hello world	Thread-261	2

time: 946686784.841833
diff: 10.158167004585266
waiting
going to web site
Hello world	Thread-288	2

time: 946686795.851833
diff: 25.14816701412201
waiting
going to web site
Hello world	Thread-364	3

time: 946686821.861449
diff: 26.138550996780396
waiting
going to web site
Hello world	Thread-451	4

time: 946686848.832832
diff: 14.167168021202087
waiting
going to web site
Hello world	Thread-503	4

time: 946686863.841833
diff: 24.158167004585266
waiting
going to web site
Hello world	Thread-592	3

time: 946686888.8419869
diff: 39.158013105392456
waiting
going to web site
Hello world	Thread-741	3

time: 946686928.851833
diff: 20.14816701412201
waiting
going to web site
Hello world	Thread-846	2

time: 946686949.841833
diff: 12.158167004585266
waiting
going to web site
Hello world	Thread-905	2

time: 946686962.859833
diff: 16.140166997909546
waiting
going to web site
Hello world	Thread-985	4

time: 946686979.832832
diff: 32.16716802120209
waiting
going to web site
Hello world	Thread-1136	3

time: 946687012.841833
diff: 28.158167004585266
waiting
going to web site
Hello world	Thread-1270	4

time: 946687041.846833
diff: 24.153167009353638
waiting
going to web site
Hello world	Thread-1384	4

time: 946687066.832833
diff: 10.167166948318481
waiting
going to web site
Hello world	Thread-1431	6

time: 946687077.8398321
diff: 26.160167932510376
waiting
going to web site
Hello world	Thread-1555	2

time: 946687104.832832
diff: 22.167168021202087
waiting
going to web site
Hello world	Thread-1655	3

time: 946687127.841833
diff: 28.158167004585266
waiting
going to web site
Hello world	Thread-1772	3

time: 946687156.84848
diff: 29.151520013809204
waiting
going to web site
Hello world	Thread-1893	2

time: 946687186.842833
diff: 22.157166957855225
waiting
going to web site
Hello world	Thread-1995	4

time: 946687209.832832
diff: 18.167168021202087
waiting
going to web site
Hello world	Thread-2083	3

time: 946687228.841833
diff: 13.158167004585266
waiting
going to web site
Hello world	Thread-2132	2

time: 946687242.836833
diff: 17.163166999816895
waiting
going to web site
Hello world	Thread-2215	3

time: 946687260.8358321
diff: 14.164167881011963
waiting
going to web site
Hello world	Thread-2284	5

time: 946687275.8398321
diff: 28.160167932510376
waiting
going to web site
Hello world	Thread-2410	6

time: 946687304.8398321
diff: 21.160167932510376
waiting
going to web site
Hello world	Thread-2498	3

time: 946687326.832832
diff: 18.167168021202087
waiting
going to web site
Hello world	Thread-2589	2

time: 946687345.841833
diff: 25.158167004585266
waiting
going to web site
Hello world	Thread-2706	4

time: 946687371.841833
diff: 31.158167004585266
waiting
going to web site
Hello world	Thread-2846	6

time: 946687403.832833
diff: 13.167166948318481
waiting
going to web site
Hello world	Thread-2909	5

time: 946687417.832832
diff: 27.167168021202087
waiting
going to web site
Hello world	Thread-3025	2

time: 946687445.841833
diff: 27.158167004585266
waiting
going to web site
Hello world	Thread-3153	2

time: 946687473.841833
diff: 19.158167004585266
waiting
going to web site
Hello world	Thread-3242	2

time: 946687493.841833
diff: 34.158167004585266
waiting
going to web site
Hello world	Thread-3397	2

time: 946687529.845833
diff: 22.15416705608368
waiting
going to web site
Hello world	Thread-3497	2

time: 946687552.841833
diff: 17.158167004585266
waiting
going to web site
Hello world	Thread-3578	3

time: 946687571.841833
diff: 24.158167004585266
waiting
going to web site
Hello world	Thread-3681	4

time: 946687596.841833
diff: 12.158167004585266
waiting
going to web site
Hello world	Thread-3743	2

time: 946687609.841833
diff: 16.158167004585266
waiting
going to web site
Hello world	Thread-3820	4

time: 946687626.842833
diff: 21.157166957855225
waiting
going to web site
Hello world	Thread-3905	5

time: 946687648.832832
diff: 22.167168021202087
waiting
going to web site
Hello world	Thread-4012	2

time: 946687671.8513479
diff: 16.14865207672119
waiting
going to web site
Hello world	Thread-4092	2

time: 946687688.841833
diff: 22.158167004585266
waiting
going to web site
Hello world	Thread-4187	2

time: 946687711.841833
diff: 15.158167004585266
waiting
going to web site
Hello world	Thread-4269	2

time: 946687728.851833
diff: 31.14816701412201
waiting
going to web site
Hello world	Thread-4401	4

time: 946687760.841833
diff: 16.158167004585266
waiting
going to web site
Hello world	Thread-4484	3

time: 946687777.832833
diff: 22.16716694831848
waiting
going to web site
Hello world	Thread-4587	3

time: 946687800.832832
diff: 31.167168021202087
waiting
going to web site
Hello world	Thread-4732	5

time: 946687832.543065
diff: 20.456935048103333
waiting
going to web site
Hello world	Thread-4822	6

time: 946687853.543065
diff: 20.456935048103333
waiting
going to web site
Hello world	Thread-4914	5

time: 946687874.526065
diff: 12.473935008049011
waiting
going to web site
Hello world	Thread-4975	5

time: 946687887.5380651
diff: 33.46193492412567
waiting
going to web site
Hello world	Thread-5133	7

time: 946687921.5350641
diff: 11.464935898780823
waiting
going to web site
Hello world	Thread-5188	7

time: 946687933.5350641
diff: 12.464935898780823
waiting
going to web site
Hello world	Thread-5251	7

time: 946687946.5350649
diff: 35.464935064315796
waiting
going to web site
Hello world	Thread-5424	7

time: 946687982.539065
diff: 12.46093499660492
waiting
going to web site
Hello world	Thread-5487	7

time: 946687995.5350641
diff: 36.46493589878082
waiting
going to web site
Hello world	Thread-5650	7

time: 946688032.5350641
diff: 20.464935898780823
waiting
going to web site
Hello world	Thread-5746	6

time: 946688053.5350641
diff: 19.464935898780823
waiting
going to web site
Hello world	Thread-5829	7

time: 946688073.5350641
diff: 24.464935898780823
waiting
going to web site
Hello world	Thread-5940	5

time: 946688098.5350641
diff: 26.464935898780823
waiting
going to web site
Hello world	Thread-6062	7

time: 946688125.534965
diff: 22.46503496170044
waiting
going to web site
Hello world	Thread-6159	7

time: 946688148.526064
diff: 32.47393596172333
waiting
going to web site
Hello world	Thread-6298	5

time: 946688181.5350641
diff: 19.464935898780823
waiting
going to web site
Hello world	Thread-6384	6

time: 946688201.526064
diff: 18.473935961723328
waiting
going to web site
Hello world	Thread-6471	6

time: 946688220.5350641
diff: 17.464935898780823
waiting
going to web site
Hello world	Thread-6547	7

time: 946688238.5350641
diff: 21.464935898780823
waiting
going to web site
Hello world	Thread-6647	7

time: 946688260.5350641
diff: 28.464935898780823
waiting
going to web site
Hello world	Thread-6774	5

time: 946688289.530064
diff: 18.46993601322174
waiting
going to web site
Hello world	Thread-6857	4

time: 946688308.5350649
diff: 16.464935064315796
waiting
going to web site
Hello world	Thread-6937	5

time: 946688325.544065
diff: 11.455935001373291
waiting
going to web site
Hello world	Thread-6986	3

time: 946688337.526065
diff: 35.47393500804901
waiting
going to web site
Hello world	Thread-7146	5

time: 946688373.544417
diff: 6.455582976341248
waiting
going to web site
Hello world	Thread-7177	7

time: 946688380.5350641
diff: 25.464935898780823
waiting
going to web site
Hello world	Thread-7293	7

time: 946688406.5350641
diff: 11.464935898780823
waiting
going to web site
Hello world	Thread-7346	4

time: 946688418.534064
diff: 38.465935945510864
waiting
going to web site
Hello world	Thread-7517	5

time: 946688457.832832
diff: 26.167168021202087
waiting
going to web site
Hello world	Thread-7639	2

time: 946688484.832833
diff: 22.16716694831848
waiting
going to web site
Hello world	Thread-7740	4

time: 946688507.841833
diff: 21.158167004585266
waiting
going to web site
Hello world	Thread-7833	2

time: 946688529.841833
diff: 39.158167004585266
waiting
going to web site
Hello world	Thread-8018	4

time: 946688569.841833
diff: 10.158167004585266
waiting
going to web site
Hello world	Thread-8062	2

time: 946688580.841833
diff: 38.158167004585266
waiting
going to web site
Hello world	Thread-8236	5

time: 946688619.832833
diff: 13.167166948318481
waiting
going to web site
Hello world	Thread-8294	2

time: 946688633.832832
diff: 27.167168021202087
waiting
going to web site
Hello world	Thread-8414	3

time: 946688661.841833
diff: 19.158167004585266
waiting
going to web site
Hello world	Thread-8491	5

time: 946688681.832833
diff: 25.16716694831848
waiting
going to web site
Hello world	Thread-8597	4

time: 946688707.8358321
diff: 33.16416788101196
waiting
going to web site
Hello world	Thread-8735	5

time: 946688741.832832
diff: 25.167168021202087
waiting
going to web site
Hello world	Thread-8835	2

time: 946688767.841833
diff: 26.158167004585266
waiting
going to web site
Hello world	Thread-8942	2

time: 946688795.841833
diff: 4.158167004585266
waiting
going to web site
Hello world	Thread-8969	2

time: 946688800.832833
diff: 4.1671669483184814
waiting
going to web site
Hello world	Thread-2148	2

time: 946688805.832832
diff: 15.167168021202087
waiting
going to web site
Hello world	Thread-9053	3

time: 946688821.832833
diff: 13.167166948318481
waiting
going to web site
Hello world	Thread-9115	4

time: 946688835.832832
diff: 29.167168021202087
waiting
going to web site
Hello world	Thread-9240	2

time: 946688865.841833
diff: 22.158167004585266
waiting
going to web site
Hello world	Thread-9342	2

time: 946688888.842774
diff: 22.157225966453552
waiting
going to web site
Hello world	Thread-9433	4

time: 946688911.832832
diff: 26.167168021202087
waiting
going to web site
Hello world	Thread-9559	2

time: 946688938.841833
diff: 10.158167004585266
waiting
going to web site
Hello world	Thread-9599	2

time: 946688949.841833
diff: 14.158167004585266
waiting
going to web site
Hello world	Thread-9668	4

time: 946688964.832833
diff: 12.167166948318481
waiting
going to web site
Hello world	Thread-9734	4

time: 946688977.832832
diff: 22.167168021202087
waiting
going to web site
Hello world	Thread-9845	2

time: 946689001.845833
diff: 16.15416705608368
waiting
going to web site
Hello world	Thread-9927	3

time: 946689018.832833
diff: 36.16716694831848
waiting
going to web site
Hello world	Thread-10085	5

time: 946689055.832832
diff: 22.167168021202087
waiting
going to web site
Hello world	Thread-10208	2

time: 946689079.841833
diff: 20.158167004585266
waiting
going to web site
Hello world	Thread-10296	5

time: 946689100.841833
diff: 24.158167004585266
waiting
going to web site
Hello world	Thread-10421	3

time: 946689125.850896
diff: 23.14910399913788
waiting
going to web site
Hello world	Thread-10533	3

time: 946689149.832832
diff: 5.167168021202087
waiting
going to web site
Hello world	Thread-10558	3

time: 946689155.832833
diff: 20.16716694831848
waiting
going to web site
Hello world	Thread-10656	3

time: 946689176.832832
diff: 15.167168021202087
waiting
going to web site
Hello world	Thread-10740	4

time: 946689192.832833
diff: 32.16716694831848
waiting
going to web site
Hello world	Thread-10897	3

time: 946689225.832832
diff: 7.167168021202087
waiting
going to web site
Hello world	Thread-10949	2

time: 946689236.845833
diff: 23.15416705608368
waiting
going to web site
Hello world	Thread-11066	5

time: 946689260.832833
diff: 27.16716694831848
waiting
going to web site
Hello world	Thread-11195	3

time: 946689288.842832
diff: 31.15716803073883
waiting
going to web site
Hello world	Thread-11358	2

time: 946689321.841833
diff: 11.158167004585266
waiting
going to web site
Hello world	Thread-11414	3

time: 946689334.841833
diff: 19.158167004585266
waiting
going to web site
Hello world	Thread-11514	3

time: 946689355.841833
diff: 7.158167004585266
waiting
going to web site
Hello world	Thread-11547	3

time: 946689363.8378329
diff: 29.162167072296143
waiting
going to web site
Hello world	Thread-11690	2

time: 946689393.832833
diff: 25.16716694831848
waiting
going to web site
Hello world	Thread-11801	3

time: 946689419.832832
diff: 25.167168021202087
waiting
going to web site
Hello world	Thread-11992	3

time: 946689460.841833
diff: 6.158167004585266
waiting
going to web site
Hello world	Thread-12021	5

time: 946689467.832833
diff: 33.16716694831848
waiting
going to web site
Hello world	Thread-12177	6

time: 946689501.832832
diff: 24.167168021202087
waiting
going to web site
Hello world	Thread-12290	3

time: 946689526.845833
diff: 15.15416705608368
waiting
going to web site
Hello world	Thread-12368	4

time: 946689542.841833
diff: 10.158167004585266
waiting
going to web site
Hello world	Thread-12426	3

time: 946689554.841833
diff: 15.158167004585266
waiting
going to web site
Hello world	Thread-12492	2

time: 946689570.841833
diff: 27.158167004585266
waiting
going to web site
Hello world	Thread-12621	3

time: 946689598.841833
diff: 17.158167004585266
waiting
going to web site
Hello world	Thread-12697	6

time: 946689616.841833
diff: 16.158167004585266
waiting
going to web site
Hello world	Thread-12786	3

time: 946689634.841833
diff: 25.158167004585266
waiting
going to web site
Hello world	Thread-12902	4

time: 946689660.841833
diff: 13.158167004585266
waiting
going to web site
Hello world	Thread-12974	2

time: 946689674.841833
diff: 20.158167004585266
waiting
going to web site
Hello world	Thread-13068	4

time: 946689695.832833
diff: 20.16716694831848
waiting
going to web site
Hello world	Thread-13167	5

time: 946689716.832832
diff: 24.167168021202087
waiting
going to web site
Hello world	Thread-13274	3

time: 946689741.846833
diff: 28.153167009353638
waiting
going to web site
Hello world	Thread-13411	3

time: 946689770.841833
diff: 19.158167004585266
waiting
going to web site
Hello world	Thread-13506	3

time: 946689791.851833
diff: 14.14816701412201
waiting
going to web site
Hello world	Thread-13571	3

time: 946689806.841833
diff: 32.158167004585266
waiting
going to web site
Hello world	Thread-13726	4

time: 946689839.841833
diff: 11.158167004585266
waiting
going to web site
Hello world	Thread-13789	4

time: 946689851.832833
diff: 33.16716694831848
waiting
going to web site
Hello world	Thread-13942	4

time: 946689885.832832
diff: 29.167168021202087
waiting
going to web site
Hello world	Thread-14070	2

time: 946689915.841833
diff: 21.158167004585266
waiting
going to web site
Hello world	Thread-14170	3

time: 946689938.841833
diff: 31.158167004585266
waiting
going to web site
Hello world	Thread-14311	2

time: 946689970.832833
diff: 15.167166948318481
waiting
going to web site
Hello world	Thread-14382	4

time: 946689986.832832
diff: 16.167168021202087
waiting
going to web site
Hello world	Thread-14458	3

time: 946690003.841833
diff: 20.158167004585266
waiting
going to web site
Hello world	Thread-14557	2

time: 946690025.842833
diff: 24.157166957855225
waiting
going to web site
Hello world	Thread-14657	2

time: 946690050.832832
diff: 15.167168021202087
waiting
going to web site
Hello world	Thread-14729	2

time: 946690066.841833
diff: 25.158167004585266
waiting
going to web site
Hello world	Thread-14837	4

time: 946690092.841833
diff: 25.158167004585266
waiting
going to web site
Hello world	Thread-14951	4

time: 946690119.842833
diff: 18.157166957855225
waiting
going to web site
Hello world	Thread-15031	3

time: 946690138.8358321
diff: 25.164167881011963
waiting
going to web site
Hello world	Thread-15145	4

time: 946690164.832832
diff: 26.167168021202087
waiting
going to web site
Hello world	Thread-15252	4

time: 946690191.832833
diff: 26.16716694831848
waiting
going to web site
Hello world	Thread-15369	4

time: 946690218.8418319
diff: 9.158168077468872
waiting
going to web site
Hello world	Thread-15422	5

time: 946690228.841833
diff: 28.158167004585266
waiting
going to web site
Hello world	Thread-15544	4

time: 946690257.841833
diff: 18.158167004585266
waiting
going to web site
Hello world	Thread-15631	3

time: 946690276.841833
diff: 33.158167004585266
waiting
going to web site
Hello world	Thread-15775	4

time: 946690310.841833
diff: 25.158167004585266
waiting
going to web site
Hello world	Thread-15885	4

time: 946690336.832833
diff: 16.16716694831848
waiting
going to web site
Hello world	Thread-15959	4

time: 946690353.832832
diff: 17.167168021202087
waiting
going to web site
Hello world	Thread-16036	4

time: 946690371.8588331
diff: 31.141166925430298
waiting
going to web site
Hello world	Thread-16172	7

time: 946690403.832832
diff: 12.167168021202087
waiting
going to web site
Hello world	Thread-16229	2

time: 946690416.841833
diff: 32.158167004585266
waiting
going to web site
Hello world	Thread-16374	4

time: 946690449.841833
diff: 18.158167004585266
waiting
going to web site
Hello world	Thread-16460	3

time: 946690468.845833
diff: 12.15416705608368
waiting
going to web site
Hello world	Thread-16515	3

time: 946690481.841833
diff: 14.158167004585266
waiting
going to web site
Hello world	Thread-16586	2

time: 946690496.851833
diff: 25.14816701412201
waiting
going to web site
Hello world	Thread-16724	2

time: 946690529.845833
diff: 24.15416705608368
waiting
going to web site
Hello world	Thread-16828	5

time: 946690554.832833
diff: 19.16716694831848
waiting
going to web site
Hello world	Thread-16919	5

time: 946690574.832832
diff: 28.167168021202087
waiting
going to web site
Hello world	Thread-17043	3

time: 946690603.832833
diff: 26.16716694831848
waiting
going to web site
Hello world	Thread-17157	4

time: 946690630.832832
diff: 23.167168021202087
waiting
going to web site
Hello world	Thread-17259	2

time: 946690654.841833
diff: 25.158167004585266
waiting
going to web site
Hello world	Thread-17375	4

time: 946690680.841833
diff: 20.158167004585266
waiting
going to web site
Hello world	Thread-17467	4

time: 946690701.841833
diff: 24.158167004585266
waiting
going to web site
Hello world	Thread-17572	2

time: 946690726.841833
diff: 26.158167004585266
waiting
going to web site
Hello world	Thread-17690	6

time: 946690753.832833
diff: 24.16716694831848
waiting
going to web site
Hello world	Thread-17799	5

time: 946690778.832832
diff: 11.167168021202087
waiting
going to web site
Hello world	Thread-17863	3

time: 946690791.8478329
diff: 22.152167081832886
waiting
going to web site
Hello world	Thread-17956	2

time: 946690814.841833
diff: 21.158167004585266
waiting
going to web site
Hello world	Thread-18054	3

time: 946690836.851665
diff: 37.148334980010986
waiting
going to web site
Hello world	Thread-18202	4

time: 946690874.832832
diff: 12.167168021202087
waiting
going to web site
Hello world	Thread-18262	4

time: 946690887.841833
diff: 27.158167004585266
waiting
going to web site
Hello world	Thread-18380	6

time: 946690915.549065
diff: 23.450935006141663
waiting
going to web site
Hello world	Thread-18481	2

time: 946690939.5350649
diff: 16.464935064315796
waiting
going to web site
Hello world	Thread-18555	5

time: 946690956.526065
diff: 19.47393500804901
waiting
going to web site
Hello world	Thread-18636	4

time: 946690976.544065
diff: 31.45593500137329
waiting
going to web site
Hello world	Thread-18782	2

time: 946691008.5350649
diff: 11.464935064315796
waiting
going to web site
Hello world	Thread-18834	5

time: 946691020.544065
diff: 20.45593500137329
waiting
going to web site
Hello world	Thread-18924	6

time: 946691041.5350649
diff: 21.464935064315796
waiting
going to web site
Hello world	Thread-19023	5

time: 946691063.544065
diff: 24.45593500137329
waiting
going to web site
Hello world	Thread-19131	5

time: 946691088.5350649
diff: 7.464935064315796
waiting
going to web site
Hello world	Thread-19167	4

time: 946691096.540065
diff: 36.45993494987488
waiting
going to web site
Hello world	Thread-19332	4

time: 946691133.5350641
diff: 26.464935898780823
waiting
going to web site
Hello world	Thread-19459	5

time: 946691160.526064
diff: 8.473935961723328
waiting
going to web site
Hello world	Thread-19492	6

time: 946691169.5350641
diff: 26.464935898780823
waiting
going to web site
Hello world	Thread-19616	7

time: 946691196.5350641
diff: 20.464935898780823
waiting
going to web site
Hello world	Thread-19710	7

time: 946691217.5350641
diff: 16.464935898780823
waiting
going to web site
Hello world	Thread-19794	6

time: 946691234.5294169
diff: 15.470583081245422
waiting
going to web site
Hello world	Thread-19863	6

time: 946691250.544065
diff: 26.45593500137329
waiting
going to web site
Hello world	Thread-19987	6

time: 946691277.539065
diff: 7.460934996604919
waiting
going to web site
Hello world	Thread-20028	5

time: 946691285.5350641
diff: 23.464935898780823
waiting
going to web site
Hello world	Thread-20135	7

time: 946691309.5350641
diff: 28.464935898780823
waiting
going to web site
Hello world	Thread-20274	7

time: 946691338.526064
diff: 24.473935961723328
waiting
going to web site
Hello world	Thread-20384	7

time: 946691363.526064
diff: 9.473935961723328
waiting
going to web site
Hello world	Thread-20449	7

time: 946691373.530064
diff: 28.46993601322174
waiting
going to web site
Hello world	Thread-20591	5

time: 946691402.542065
diff: 11.457934975624084
waiting
going to web site
Hello world	Thread-20649	7

time: 946691414.526064
diff: 20.473935961723328
waiting
going to web site
Hello world	Thread-20747	4

time: 946691435.5350641
diff: 21.464935898780823
waiting
going to web site
Hello world	Thread-20855	4

time: 946691457.5350641
diff: 28.464935898780823
waiting
going to web site
Hello world	Thread-20994	8

time: 946691486.5350641
diff: 24.464935898780823
waiting
going to web site
Hello world	Thread-21104	6

time: 946691511.5350641
diff: 24.464935898780823
waiting
going to web site
Hello world	Thread-21224	4

time: 946691536.832832
diff: 17.167168021202087
waiting
going to web site
Hello world	Thread-21313	4

time: 946691554.841833
diff: 26.158167004585266
waiting
going to web site
Hello world	Thread-21432	2

time: 946691581.841833
diff: 30.158167004585266
waiting
going to web site
Hello world	Thread-21572	3

time: 946691612.832833
diff: 26.16716694831848
waiting
going to web site
Hello world	Thread-21693	3

time: 946691639.836832
diff: 6.163167953491211
waiting
going to web site
Hello world	Thread-21721	4

time: 946691646.832832
diff: 31.167168021202087
waiting
going to web site
Hello world	Thread-21867	3

time: 946691679.851684
diff: 22.148316025733948
waiting
going to web site
Hello world	Thread-21968	2

time: 946691702.841833
diff: 16.158167004585266
waiting
going to web site
Hello world	Thread-22045	3

time: 946691719.841833
diff: 24.158167004585266
waiting
going to web site
Hello world	Thread-22151	2

time: 946691744.841833
diff: 25.158167004585266
waiting
going to web site
Hello world	Thread-22269	3

time: 946691770.832833
diff: 13.167166948318481
waiting
going to web site
Hello world	Thread-22321	4

time: 946691784.832832
diff: 24.167168021202087
waiting
going to web site
Hello world	Thread-22445	3

time: 946691810.845833
diff: 32.15416705608368
waiting
going to web site
Hello world	Thread-22583	2

time: 946691843.845833
diff: 5.154167056083679
waiting
going to web site
Hello world	Thread-22607	2

time: 946691849.841833
diff: 23.158167004585266
waiting
going to web site
Hello world	Thread-22716	3

time: 946691873.841833
diff: 10.158167004585266
waiting
going to web site
Hello world	Thread-22765	2

time: 946691884.832833
diff: 32.16716694831848
waiting
going to web site
Hello world	Thread-22911	5

time: 946691917.832832
diff: 25.167168021202087
waiting
going to web site
Hello world	Thread-23034	2

time: 946691944.841833
diff: 7.158167004585266
waiting
going to web site
Hello world	Thread-23076	2

time: 946691952.834833
diff: 23.165166974067688
waiting
going to web site
Hello world	Thread-23186	4

time: 946691976.832832
diff: 10.167168021202087
waiting
going to web site
Hello world	Thread-23238	4

time: 946691987.841833
diff: 18.158167004585266
waiting
going to web site
Hello world	Thread-23327	2

time: 946692006.841833
diff: 18.158167004585266
waiting
going to web site
Hello world	Thread-23413	5

time: 946692025.832833
diff: 25.16716694831848
waiting
going to web site
Hello world	Thread-23548	3

time: 946692051.832832
diff: 20.167168021202087
waiting
going to web site
Hello world	Thread-23647	2

time: 946692072.832833
diff: 29.16716694831848
waiting
going to web site
Hello world	Thread-23786	4

time: 946692102.832832
diff: 14.167168021202087
waiting
going to web site
Hello world	Thread-23877	2

time: 946692120.859833
diff: 18.140166997909546
waiting
going to web site
Hello world	Thread-23957	7

time: 946692139.5350641
diff: 27.464935898780823
waiting
going to web site
Hello world	Thread-24086	6

time: 946692167.5350641
diff: 34.46493589878082
waiting
going to web site
Hello world	Thread-24245	4

time: 946692202.5350641
diff: 15.464935898780823
waiting
going to web site
Hello world	Thread-24321	7

time: 946692218.5350641
diff: 30.464935898780823
waiting
going to web site
Hello world	Thread-24465	6

time: 946692249.5350649
diff: 18.464935064315796
waiting
going to web site
Hello world	Thread-24550	6

time: 946692268.544065
diff: 27.45593500137329
waiting
going to web site
Hello world	Thread-24674	6

time: 946692296.5350649
diff: 33.464935064315796
waiting
going to web site
Hello world	Thread-24825	7

time: 946692330.5370649
diff: 16.462935090065002
waiting
going to web site
Hello world	Thread-24896	6

time: 946692347.5450649
diff: 7.454935073852539
waiting
going to web site
Hello world	Thread-24928	5

time: 946692355.5350649
diff: 27.464935064315796
waiting
going to web site
Hello world	Thread-25052	3

time: 946692383.526065
diff: 34.47393500804901
waiting
going to web site
Hello world	Thread-25195	5

time: 946692418.5350649
diff: 3.464935064315796
waiting
going to web site
Hello world	Thread-2150	2

time: 946692422.544065
diff: 1.455935001373291
waiting
going to web site
Hello world	Thread-25221	5

time: 946692424.544065
diff: 32.45593500137329
waiting
going to web site
Hello world	Thread-25362	3

time: 946692457.544065
diff: 16.45593500137329
waiting
going to web site
Hello world	Thread-25438	5

time: 946692474.5350649
diff: 38.464935064315796
waiting
going to web site
Hello world	Thread-25601	5

time: 946692513.544065
diff: 15.455935001373291
waiting
going to web site
Hello world	Thread-25660	5

time: 946692529.526065
diff: 24.47393500804901
waiting
going to web site
Hello world	Thread-25767	6

time: 946692554.526065
diff: 26.47393500804901
waiting
going to web site
Hello world	Thread-25887	4

time: 946692581.5300651
diff: 8.469934940338135
waiting
going to web site
Hello world	Thread-25924	6

time: 946692590.5350641
diff: 20.464935898780823
waiting
going to web site
Hello world	Thread-26007	5

