1670259489.273532239 UTC seconds since epoch
              total        used        free      shared     buffers       cache   available
Mem:    33564262400  4630249472  8867561472    78761984  3607224320 16459227136 28389707776
Low:    33564262400 24696700928  8867561472
High:             0           0           0
Swap:    4294434816     2097152  4292337664
1670259490.281422309 UTC seconds since epoch
              total        used        free      shared     buffers       cache   available
Mem:    33564262400  4978429952  8507928576    81907712  3607224320 16470679552 28038361088
Low:    33564262400 25056333824  8507928576
High:             0           0           0
Swap:    4294434816     2097152  4292337664
1670259491.288429279 UTC seconds since epoch
              total        used        free      shared     buffers       cache   available
Mem:    33564262400  5173948416  8312410112    81907712  3607224320 16470679552 27842850816
Low:    33564262400 25251852288  8312410112
High:             0           0           0
Swap:    4294434816     2097152  4292337664
1670259492.296550723 UTC seconds since epoch
              total        used        free      shared     buffers       cache   available
Mem:    33564262400  5228761088  8257597440    81907712  3607224320 16470679552 27788054528
Low:    33564262400 25306664960  8257597440
High:             0           0           0
Swap:    4294434816     2097152  4292337664
1670259493.304682043 UTC seconds since epoch
              total        used        free      shared     buffers       cache   available
Mem:    33564262400  5322342400  8167161856    78761984  3607232512 16467525632 27697618944
Low:    33564262400 25397100544  8167161856
High:             0           0           0
Swap:    4294434816     2097152  4292337664
1670259494.317953596 UTC seconds since epoch
              total        used        free      shared     buffers       cache   available
Mem:    33564262400  5501394944  7988097024    78761984  3607236608 16467533824 27518554112
Low:    33564262400 25576165376  7988097024
High:             0           0           0
Swap:    4294434816     2097152  4292337664
1670259495.326187694 UTC seconds since epoch
              total        used        free      shared     buffers       cache   available
Mem:    33564262400  5666648064  7822708736    78761984  3607236608 16467668992 27353296896
Low:    33564262400 25741553664  7822708736
High:             0           0           0
Swap:    4294434816     2097152  4292337664
1670259496.331254314 UTC seconds since epoch
              total        used        free      shared     buffers       cache   available
Mem:    33564262400  5831319552  7658037248    78761984  3607236608 16467668992 27188637696
Low:    33564262400 25906225152  7658037248
High:             0           0           0
Swap:    4294434816     2097152  4292337664
1670259497.338974439 UTC seconds since epoch
              total        used        free      shared     buffers       cache   available
Mem:    33564262400  5995401216  7493955584    78761984  3607236608 16467668992 27024560128
Low:    33564262400 26070306816  7493955584
High:             0           0           0
Swap:    4294434816     2097152  4292337664
1670259498.345970040 UTC seconds since epoch
              total        used        free      shared     buffers       cache   available
Mem:    33564262400  6174507008  7314849792    78761984  3607240704 16467664896 26845454336
Low:    33564262400 26249412608  7314849792
High:             0           0           0
Swap:    4294434816     2097152  4292337664
1670259499.359430093 UTC seconds since epoch
              total        used        free      shared     buffers       cache   available
Mem:    33564262400  6347665408  7141683200    78761984  3607244800 16467668992 26672287744
Low:    33564262400 26422579200  7141683200
High:             0           0           0
Swap:    4294434816     2097152  4292337664
1670259500.366618194 UTC seconds since epoch
              total        used        free      shared     buffers       cache   available
Mem:    33564262400  6541930496  6947414016    78761984  3607244800 16467673088 26478018560
Low:    33564262400 26616848384  6947414016
High:             0           0           0
Swap:    4294434816     2097152  4292337664
1670259501.374270521 UTC seconds since epoch
              total        used        free      shared     buffers       cache   available
Mem:    33564262400  6579965952  6909374464    78761984  3607244800 16467677184 26439991296
Low:    33564262400 26654887936  6909374464
High:             0           0           0
Swap:    4294434816     2097152  4292337664
1670259502.382260020 UTC seconds since epoch
              total        used        free      shared     buffers       cache   available
Mem:    33564262400  6692933632  6796406784    78761984  3607244800 16467677184 26327023616
Low:    33564262400 26767855616  6796406784
High:             0           0           0
Swap:    4294434816     2097152  4292337664
1670259503.390228199 UTC seconds since epoch
              total        used        free      shared     buffers       cache   available
Mem:    33564262400  5876879360  7596843008    85106688  3607498752 16483041280 27135533056
Low:    33564262400 25967419392  7596843008
High:             0           0           0
Swap:    4294434816     2097152  4292337664
1670259504.398068005 UTC seconds since epoch
              total        used        free      shared     buffers       cache   available
Mem:    33564262400  5882490880  7499792384   163110912  3607572480 16574406656 27052888064
Low:    33564262400 26064470016  7499792384
High:             0           0           0
Swap:    4294434816     2097152  4292337664
1670259505.406264074 UTC seconds since epoch
              total        used        free      shared     buffers       cache   available
Mem:    33564262400  5900935168  7411081216   224198656  3607572480 16644673536 26972692480
Low:    33564262400 26153181184  7411081216
High:             0           0           0
Swap:    4294434816     2097152  4292337664
1670259506.414261389 UTC seconds since epoch
              total        used        free      shared     buffers       cache   available
Mem:    33564262400  5908983808  7373529088   248107008  3607572480 16674177024 26941620224
Low:    33564262400 26190733312  7373529088
High:             0           0           0
Swap:    4294434816     2097152  4292337664
1670259507.422735483 UTC seconds since epoch
              total        used        free      shared     buffers       cache   available
Mem:    33564262400  5906657280  7284043776   334155776  3607572480 16765988864 26857607168
Low:    33564262400 26280218624  7284043776
High:             0           0           0
Swap:    4294434816     2097152  4292337664
1670259508.430286825 UTC seconds since epoch
              total        used        free      shared     buffers       cache   available
Mem:    33564262400  5906305024  7261970432   344612864  3607572480 16788414464 26847580160
Low:    33564262400 26302291968  7261970432
High:             0           0           0
Swap:    4294434816     2097152  4292337664
1670259509.438691996 UTC seconds since epoch
              total        used        free      shared     buffers       cache   available
Mem:    33564262400  5904531456  7218716672   383295488  3607580672 16833433600 26810494976
Low:    33564262400 26345545728  7218716672
High:             0           0           0
Swap:    4294434816     2097152  4292337664
1670259510.446323924 UTC seconds since epoch
              total        used        free      shared     buffers       cache   available
Mem:    33564262400  5904375808  7213330432   383774720  3607580672 16838975488 26810560512
Low:    33564262400 26350931968  7213330432
High:             0           0           0
Swap:    4294434816     2097152  4292337664
1670259511.454493952 UTC seconds since epoch
              total        used        free      shared     buffers       cache   available
Mem:    33564262400  5904437248  7207809024   384057344  3607580672 16844435456 26809929728
Low:    33564262400 26356453376  7207809024
High:             0           0           0
Swap:    4294434816     2097152  4292337664
1670259512.462129898 UTC seconds since epoch
              total        used        free      shared     buffers       cache   available
Mem:    33564262400  5901271040  7199567872   390393856  3607580672 16855842816 26807021568
Low:    33564262400 26364694528  7199567872
High:             0           0           0
Swap:    4294434816     2097152  4292337664
1670259513.470337481 UTC seconds since epoch
              total        used        free      shared     buffers       cache   available
Mem:    33564262400  5905747968  7189823488   390598656  3607580672 16861110272 26802352128
Low:    33564262400 26374438912  7189823488
High:             0           0           0
Swap:    4294434816     2097152  4292337664
1670259514.478276281 UTC seconds since epoch
              total        used        free      shared     buffers       cache   available
Mem:    33564262400  5904162816  7185469440   391122944  3607588864 16867041280 26803118080
Low:    33564262400 26378792960  7185469440
High:             0           0           0
Swap:    4294434816     2097152  4292337664
1670259515.486301150 UTC seconds since epoch
              total        used        free      shared     buffers       cache   available
Mem:    33564262400  5908594688  7175331840   391454720  3607588864 16872747008 26798350336
Low:    33564262400 26388930560  7175331840
High:             0           0           0
Swap:    4294434816     2097152  4292337664
1670259516.494380924 UTC seconds since epoch
              total        used        free      shared     buffers       cache   available
Mem:    33564262400  5911449600  7167008768   391598080  3607588864 16878215168 26795675648
Low:    33564262400 26397253632  7167008768
High:             0           0           0
Swap:    4294434816     2097152  4292337664
1670259517.503769244 UTC seconds since epoch
              total        used        free      shared     buffers       cache   available
Mem:    33564262400  5911916544  7161446400   391733248  3607588864 16883310592 26795057152
Low:    33564262400 26402816000  7161446400
High:             0           0           0
Swap:    4294434816     2097152  4292337664
1670259518.510430401 UTC seconds since epoch
              total        used        free      shared     buffers       cache   available
Mem:    33564262400  5909958656  7158300672   391897088  3607588864 16888414208 26796867584
Low:    33564262400 26405961728  7158300672
High:             0           0           0
Swap:    4294434816     2097152  4292337664
1670259519.518871465 UTC seconds since epoch
              total        used        free      shared     buffers       cache   available
Mem:    33564262400  5911932928  7150411776   391942144  3607597056 16894320640 26794844160
Low:    33564262400 26413850624  7150411776
High:             0           0           0
Swap:    4294434816     2097152  4292337664
1670259520.526286319 UTC seconds since epoch
              total        used        free      shared     buffers       cache   available
Mem:    33564262400  5921636352  7022620672   505647104  3607597056 17012408320 26671398912
Low:    33564262400 26541641728  7022620672
High:             0           0           0
Swap:    4294434816     2097152  4292337664
1670259521.534626448 UTC seconds since epoch
              total        used        free      shared     buffers       cache   available
Mem:    33564262400  5911871488  7029014528   503377920  3607597056 17015779328 26683772928
Low:    33564262400 26535247872  7029014528
High:             0           0           0
Swap:    4294434816     2097152  4292337664
1670259522.542935695 UTC seconds since epoch
              total        used        free      shared     buffers       cache   available
Mem:    33564262400  5913583616  7022194688   503304192  3607597056 17020887040 26681798656
Low:    33564262400 26542067712  7022194688
High:             0           0           0
Swap:    4294434816     2097152  4292337664
1670259523.550467503 UTC seconds since epoch
              total        used        free      shared     buffers       cache   available
Mem:    33564262400  5909233664  7021481984   503328768  3607597056 17025949696 26686156800
Low:    33564262400 26542780416  7021481984
High:             0           0           0
Swap:    4294434816     2097152  4292337664
1670259524.558474342 UTC seconds since epoch
              total        used        free      shared     buffers       cache   available
Mem:    33564262400  5910429696  7015387136   503402496  3607605248 17030840320 26684837888
Low:    33564262400 26548875264  7015387136
High:             0           0           0
Swap:    4294434816     2097152  4292337664
1670259525.567252026 UTC seconds since epoch
              total        used        free      shared     buffers       cache   available
Mem:    33564262400  5904453632  7016980480   503496704  3607605248 17035223040 26690764800
Low:    33564262400 26547281920  7016980480
High:             0           0           0
Swap:    4294434816     2097152  4292337664
1670259526.574258969 UTC seconds since epoch
              total        used        free      shared     buffers       cache   available
Mem:    33564262400  5910495232  7005925376   503533568  3607605248 17040236544 26684669952
Low:    33564262400 26558337024  7005925376
High:             0           0           0
Swap:    4294434816     2097152  4292337664
1670259527.582069124 UTC seconds since epoch
              total        used        free      shared     buffers       cache   available
Mem:    33564262400  5914259456  6997536768   503611392  3607605248 17044860928 26680832000
Low:    33564262400 26566725632  6997536768
High:             0           0           0
Swap:    4294434816     2097152  4292337664
1670259528.590452468 UTC seconds since epoch
              total        used        free      shared     buffers       cache   available
Mem:    33564262400  5916971008  6990307328   503676928  3607605248 17049378816 26678075392
Low:    33564262400 26573955072  6990307328
High:             0           0           0
Swap:    4294434816     2097152  4292337664
1670259529.598511600 UTC seconds since epoch
              total        used        free      shared     buffers       cache   available
Mem:    33564262400  5913473024  6980546560   503685120  3607867392 17062375424 26681491456
Low:    33564262400 26583715840  6980546560
High:             0           0           0
Swap:    4294434816     2097152  4292337664
1670259530.606272259 UTC seconds since epoch
              total        used        free      shared     buffers       cache   available
Mem:    33564262400  5915779072  6974480384   503730176  3607867392 17066135552 26679209984
Low:    33564262400 26589782016  6974480384
High:             0           0           0
Swap:    4294434816     2097152  4292337664
1670259531.614346353 UTC seconds since epoch
              total        used        free      shared     buffers       cache   available
Mem:    33564262400  5920186368  6965669888   503754752  3607867392 17070538752 26674765824
Low:    33564262400 26598592512  6965669888
High:             0           0           0
Swap:    4294434816     2097152  4292337664
1670259532.622299114 UTC seconds since epoch
              total        used        free      shared     buffers       cache   available
Mem:    33564262400  5921349632  6960177152   503791616  3607867392 17074868224 26673582080
Low:    33564262400 26604085248  6960177152
High:             0           0           0
Swap:    4294434816     2097152  4292337664
1670259533.630556940 UTC seconds since epoch
              total        used        free      shared     buffers       cache   available
Mem:    33564262400  5915672576  6961291264   503820288  3607887872 17079410688 26679230464
Low:    33564262400 26602971136  6961291264
High:             0           0           0
Swap:    4294434816     2097152  4292337664
1670259534.638275180 UTC seconds since epoch
              total        used        free      shared     buffers       cache   available
Mem:    33564262400  5913026560  6959427584   503889920  3607887872 17083920384 26681782272
Low:    33564262400 26604834816  6959427584
High:             0           0           0
Swap:    4294434816     2097152  4292337664
1670259535.646313983 UTC seconds since epoch
              total        used        free      shared     buffers       cache   available
Mem:    33564262400  5916889088  6913691648   537903104  3607887872 17125793792 26643529728
Low:    33564262400 26650570752  6913691648
High:             0           0           0
Swap:    4294434816     2097152  4292337664
1670259536.654085982 UTC seconds since epoch
              total        used        free      shared     buffers       cache   available
Mem:    33564262400  5924745216  6901923840   538128384  3607887872 17129705472 26635837440
Low:    33564262400 26662338560  6901923840
High:             0           0           0
Swap:    4294434816     2097152  4292337664
1670259537.662304215 UTC seconds since epoch
              total        used        free      shared     buffers       cache   available
Mem:    33564262400  5927550976  6894702592   538206208  3607887872 17134120960 26632953856
Low:    33564262400 26669559808  6894702592
High:             0           0           0
Swap:    4294434816     2097152  4292337664
