2022-12-05 16:55:31 1670259331.720834 [tornettools] [INFO] Logging system initialized! Logging events to stdout and to '/tordata/tornettools/experiment0-0.0001/tornettools.generate.2022-12-05.16.55.31.log'
2022-12-05 16:55:31 1670259331.720944 [tornettools] [INFO] Seeded standard and numpy PRNGs with seed=805523812
2022-12-05 16:55:31 1670259331.721006 [tornettools] [INFO] The argument namespace is: Namespace(atlas_path=None, command='generate', do_trace=False, do_version=False, events_csv='BW,CIRC', exit_user_scale=1.0, formatter_class=<class '__main__.CustomHelpFormatter'>, func=<function generate at 0x7f76d84cef80>, geoip_path=None, load_scale=1.0, network_info_path='/tordata/tornettools/networkinfo_staging.gml', network_scale=0.0001, nprocesses=12, onion_service_user_scale=0.0, prefix='/tordata/tornettools/experiment0-0.0001', process_scale=0.01, quiet=0, relay_info_path='/tordata/tornettools/relayinfo_staging_2020-11-01--2020-11-30.json', seed=805523812, server_scale=0.1, tmodel_git_path='/tordata/tornettools/tmodel-ccs2018.github.io', torexe='/usr/local/bin/tor', torgencertexe='/usr/local/bin/tor-gencert', torperf_num_exit=100, torperf_num_onion_service=0, user_info_path='/tordata/tornettools/userinfo_staging_2020-11-01--2020-11-30.json')
2022-12-05 16:55:31 1670259331.721238 [tornettools] [INFO] The platform is: Linux-6.0.6-76060006-generic-x86_64-with-Ubuntu-20.04-focal
2022-12-05 16:55:31 1670259331.721292 [tornettools] [INFO] System info: uname_result(system='Linux', node='e699692a20bf', release='6.0.6-76060006-generic', version='#202210290932~1669062050~22.04~d94609a SMP PREEMPT_DYNAMIC Mon N', machine='x86_64', processor='x86_64')
2022-12-05 16:55:31 1670259331.791092 [tornettools] [INFO] Generating network using tor and tor-gencert at /usr/local/bin/tor and /usr/local/bin/tor-gencert
2022-12-05 16:55:31 1670259331.791424 [tornettools] [INFO] Copying atlas topology file (use the '-a/--atlas' option to disable)
2022-12-05 16:55:31 1670259331.804465 [tornettools] [INFO] Reading staged network info /tordata/tornettools/networkinfo_staging.gml
2022-12-05 16:55:32 1670259332.019283 [tornettools] [INFO] Finished reading staged network info
2022-12-05 16:55:32 1670259332.019382 [tornettools] [INFO] Sampling Tor relays now
2022-12-05 16:55:32 1670259332.401050 [tornettools] [INFO] A full Tor network has 6746 relays with total capacity of 659.3226680319999 Gbit/s
2022-12-05 16:55:32 1670259332.409588 [tornettools] [INFO] Bandwidth-weights (relevant ones) of a typical consensus:
2022-12-05 16:55:32 1670259332.409712 [tornettools] [INFO] Casename: Case 3a (E scarce), with: Wgg=6232.666256012419, Wgd=0, Wee=10000, Wed=10000, Wmg=3767.3337439875813, Wme=0, Wmd=0
2022-12-05 16:55:32 1670259332.409768 [tornettools] [INFO] 1 relays: relative position weights:
2022-12-05 16:55:32 1670259332.409809 [tornettools] [INFO] g: chosen=0.32491170846726114, target=0.5560933458724867, diff=-0.23118163740522557
2022-12-05 16:55:32 1670259332.409846 [tornettools] [INFO] e: chosen=0.1294750281059411, target=0.04323288689477098, diff=0.08624214121117013
2022-12-05 16:55:32 1670259332.409881 [tornettools] [INFO] ge: chosen=0.5272609973543091, target=0.26357826670273243, diff=0.26368273065157666
2022-12-05 16:55:32 1670259332.409916 [tornettools] [INFO] m: chosen=0.01835226607248865, target=0.13709550053001146, diff=-0.11874323445752281
2022-12-05 16:55:32 1670259332.409950 [tornettools] [INFO] The max weight divergence between positions is 0.26368273065157666
2022-12-05 16:55:32 1670259332.409988 [tornettools] [INFO] Renormalizing weights for scaled network using total weight=0.00045207937000554956
2022-12-05 16:55:32 1670259332.410049 [tornettools] [INFO] Bandwidth-weights (relevant ones) of our scaled down consensus of 4 relays:
2022-12-05 16:55:32 1670259332.410089 [tornettools] [INFO] Casename: Case 2b2 (Wgg=weightscale, Wee=weightscale), with: Wgg=10000, Wgd=159.72402488198986, Wee=10000, Wed=3866.3642152617526, Wmg=0, Wme=0, Wmd=5973.911759856258
2022-12-05 16:55:32 1670259332.410319 [tornettools] [INFO] Chose 4 of 6746 relays using scale factor 0.0001
2022-12-05 16:55:32 1670259332.413080 [tornettools] [INFO] Generating Tor key material now, this may take awhile...
2022-12-05 16:55:32 1670259332.732230 [tornettools] [INFO] Generated fingerprints and keys for 7 Tor nodes (3 authorities and 4 relays)
2022-12-05 16:55:33 1670259333.741633 [tornettools] [INFO] Generating Clients
2022-12-05 16:55:33 1670259333.741983 [tornettools] [INFO] Privcount measurements scaled to 111 Tor users, 79 active and 27 inactive
2022-12-05 16:55:33 1670259333.742028 [tornettools] [INFO] Privcount measurements scaled to 288 exit circuits, 149 active and 133 inactive
2022-12-05 16:55:33 1670259333.746365 [tornettools] [INFO] We will use 75 TGen client processes to emulate 75.05 Tor exit users and create 150 exit circuits every 10 minutes in aggregate
2022-12-05 16:55:33 1670259333.746417 [tornettools] [INFO] We will use 0 TGen client processes to emulate 0.0 Tor onion-service users and create 0 onion-service circuits every 10 minutes in aggregate
2022-12-05 16:55:33 1670259333.747401 [tornettools] [INFO] We will use 100 exit perf nodes to benchmark Tor exit performance
2022-12-05 16:55:33 1670259333.747444 [tornettools] [INFO] We will use 0 onion-service perf nodes to benchmark Tor onion-service performance
2022-12-05 16:55:33 1670259333.747479 [tornettools] [INFO] Generating Servers
2022-12-05 16:55:33 1670259333.753750 [tornettools] [DEBUG] System call: /usr/local/bin/tor --version (runtime: 0.01)
2022-12-05 16:55:33 1670259333.909138 [tornettools] [DEBUG] GETCONF __owningcontrollerprocess (runtime: 0.0001)
2022-12-05 16:55:33 1670259333.910357 [tornettools] [DEBUG] RESETCONF __OwningControllerProcess (runtime: 0.0010)
2022-12-05 16:55:33 1670259333.910562 [tornettools] [DEBUG] GETINFO version (runtime: 0.0001)
2022-12-05 16:55:33 1670259333.910982 [tornettools] [INFO] Error while receiving a control message (SocketClosed): received exception "read of closed file"
2022-12-05 16:55:33 1670259333.919556 [tornettools] [INFO] We will use 8 TGen exit servers and 0 TGen onion-service servers to serve 75 TGen exit clients and 0 TGen onion-service clients
2022-12-05 16:55:33 1670259333.919801 [tornettools] [INFO] Generating Tor configuration files
2022-12-05 16:55:33 1670259333.936434 [tornettools] [INFO] Generating TGen configuration files
2022-12-05 16:55:33 1670259333.971841 [tornettools] [INFO] Constructing Shadow config YAML file
