time: 946686600.0
diff: 0.0
going to web site
Hello world	Thread-240	5

time: 946686840.840258
diff: -120.84025800228119
going to web site
Hello world	Thread-246	5

time: 946686841.4291451
diff: -61.429145097732544
going to web site
Hello world	Thread-263	4

time: 946686842.017702
diff: -2.0177019834518433
going to web site
Hello world	Thread-300	4

time: 946686845.6073581
diff: 54.39264190196991
waiting
going to web site
Hello world	Thread-368	6

time: 946686907.589657
diff: 52.410343050956726
waiting
going to web site
Hello world	Thread-462	3

time: 946686975.600656
diff: 105.39934396743774
waiting
going to web site
Hello world	Thread-547	4

time: 946687082.580656
diff: 118.41934394836426
waiting
going to web site
Hello world	Thread-700	4

time: 946687232.5916561
diff: 88.40834391117096
waiting
going to web site
Hello world	Thread-805	3

time: 946687322.6014581
diff: 58.39854192733765
waiting
going to web site
Hello world	Thread-921	2

time: 946687412.590656
diff: 28.409343957901
waiting
going to web site
Hello world	Thread-922	7

time: 946687441.580656
diff: 59.41934394836426
waiting
going to web site
Hello world	Thread-1034	2

time: 946687504.590656
diff: 57.409343957901
waiting
going to web site
Hello world	Thread-1079	4

time: 946687562.580656
diff: 59.41934394836426
waiting
going to web site
Hello world	Thread-1276	6

time: 946687743.970054
diff: -61.970054030418396
going to web site
Hello world	Thread-1280	7

time: 946687744.55071
diff: 57.44929003715515
waiting
going to web site
Hello world	Thread-1484	2

time: 946687924.095862
diff: -2.095862030982971
going to web site
Hello world	Thread-1493	2

time: 946687924.787094
diff: 117.21290600299835
waiting
going to web site
Hello world	Thread-1666	3

time: 946688057.705233
diff: 105.29476702213287
waiting
going to web site
Hello world	Thread-1879	3

time: 946688285.032044
diff: -62.0320440530777
going to web site
Hello world	Thread-1885	3

time: 946688285.6127
diff: -2.6126999855041504
going to web site
Hello world	Thread-1887	2

