time: 946686600.0
diff: 255.0
waiting
going to web site
Hello world	Thread-1330	4

time: 946686855.841833
diff: -0.8418329954147339
going to web site
Hello world	Thread-1335	5

time: 946686856.6896651
diff: 0.3103349208831787
waiting
going to web site
Hello world	Thread-1343	5

time: 946686857.832832
diff: 2.1671680212020874
waiting
going to web site
Hello world	Thread-1366	5

time: 946686860.856577
diff: 0.1434229612350464
waiting
going to web site
Hello world	Thread-497	3

time: 946686861.832832
diff: 1.1671680212020874
waiting
going to web site
Hello world	Thread-1388	3

time: 946686863.841833
diff: 1.1581670045852661
waiting
going to web site
Hello world	Thread-1395	3

time: 946686865.832833
diff: -0.8328330516815186
going to web site
Hello world	Thread-1398	4

time: 946686866.665665
diff: 4.334334969520569
waiting
going to web site
Hello world	Thread-1412	3

time: 946686871.832832
diff: 4.167168021202087
waiting
going to web site
Hello world	Thread-1423	3

time: 946686876.8588331
diff: -0.8588330745697021
going to web site
Hello world	Thread-1425	4

time: 946686877.691665
diff: -1.6916650533676147
going to web site
Hello world	Thread-1428	3

time: 946686878.525497
diff: 1.4745030403137207
waiting
going to web site
Hello world	Thread-566	2

time: 946686880.841833
diff: 3.158167004585266
waiting
going to web site
Hello world	Thread-1456	2

time: 946686884.841833
diff: 8.158167004585266
waiting
going to web site
Hello world	Thread-1474	3

time: 946686893.841833
diff: 2.158167004585266
waiting
going to web site
Hello world	Thread-624	4

time: 946686896.84848
diff: 15.151520013809204
waiting
going to web site
Hello world	Thread-692	4

time: 946686912.841833
diff: 6.158167004585266
waiting
going to web site
Hello world	Thread-1646	6

time: 946686919.84848
diff: 12.151520013809204
waiting
going to web site
Hello world	Thread-768	2

time: 946686932.845833
diff: 1.1541670560836792
waiting
going to web site
Hello world	Thread-1756	4

time: 946686934.841833
diff: 11.158167004585266
waiting
going to web site
Hello world	Thread-1817	5

time: 946686946.841833
diff: 9.158167004585266
waiting
going to web site
Hello world	Thread-883	3

time: 946686956.851833
diff: 19.14816701412201
waiting
going to web site
Hello world	Thread-977	4

time: 946686976.84848
diff: 7.151520013809204
waiting
going to web site
Hello world	Thread-1005	3

time: 946686984.841833
diff: 29.158167004585266
waiting
going to web site
Hello world	Thread-1149	3

time: 946687014.851833
diff: 9.14816701412201
waiting
going to web site
Hello world	Thread-1190	2

time: 946687024.841833
diff: 21.158167004585266
waiting
going to web site
Hello world	Thread-1299	4

time: 946687046.8588331
diff: 29.141166925430298
waiting
going to web site
Hello world	Thread-1428	4

time: 946687076.832832
diff: 18.167168021202087
waiting
going to web site
Hello world	Thread-1513	3

time: 946687095.841833
diff: 29.158167004585266
waiting
going to web site
Hello world	Thread-1650	4

time: 946687126.832833
diff: 31.16716694831848
waiting
going to web site
Hello world	Thread-1781	6

time: 946687158.832832
diff: 19.167168021202087
waiting
going to web site
Hello world	Thread-1857	3

time: 946687178.841833
diff: 18.158167004585266
waiting
going to web site
Hello world	Thread-1945	2

time: 946687197.860833
diff: 11.139166951179504
waiting
going to web site
Hello world	Thread-1994	5

time: 946687209.832832
diff: 38.16716802120209
waiting
going to web site
Hello world	Thread-2171	4

time: 946687251.849833
diff: 23.150166988372803
waiting
going to web site
Hello world	Thread-2285	6

time: 946687275.8398321
diff: 19.160167932510376
waiting
going to web site
Hello world	Thread-2373	4

time: 946687295.832832
diff: 18.167168021202087
waiting
going to web site
Hello world	Thread-2463	3

time: 946687315.8578329
diff: 19.14216709136963
waiting
going to web site
Hello world	Thread-2549	3

time: 946687335.848833
diff: 24.151167035102844
waiting
going to web site
Hello world	Thread-2657	3

time: 946687360.841833
diff: 23.158167004585266
waiting
going to web site
Hello world	Thread-2763	3

time: 946687384.832833
diff: 35.16716694831848
waiting
going to web site
Hello world	Thread-2922	4

time: 946687420.832832
diff: 14.167168021202087
waiting
going to web site
Hello world	Thread-2983	4

time: 946687435.832833
diff: 22.16716694831848
waiting
going to web site
Hello world	Thread-3090	3

time: 946687458.851481
diff: 17.148519039154053
waiting
going to web site
Hello world	Thread-3164	2

time: 946687476.841833
diff: 20.158167004585266
waiting
going to web site
Hello world	Thread-3256	3

time: 946687497.841833
diff: 4.158167004585266
waiting
going to web site
Hello world	Thread-3282	4

time: 946687502.832833
diff: 21.16716694831848
waiting
going to web site
Hello world	Thread-3377	2

time: 946687524.832832
diff: 40.16716802120209
waiting
going to web site
Hello world	Thread-3548	2

time: 946687565.841833
diff: 15.158167004585266
waiting
going to web site
Hello world	Thread-3623	2

time: 946687581.841833
diff: 27.158167004585266
waiting
going to web site
Hello world	Thread-3744	3

time: 946687609.841833
diff: 28.158167004585266
waiting
going to web site
Hello world	Thread-3873	3

time: 946687638.859833
diff: 20.140166997909546
waiting
going to web site
Hello world	Thread-3960	5

time: 946687659.832832
diff: 25.167168021202087
waiting
going to web site
Hello world	Thread-4075	3

time: 946687685.8588331
diff: 16.141166925430298
waiting
going to web site
Hello world	Thread-4153	2

time: 946687702.832832
diff: 18.167168021202087
waiting
going to web site
Hello world	Thread-4236	2

time: 946687721.845833
diff: 29.15416705608368
waiting
going to web site
Hello world	Thread-4368	3

time: 946687751.832833
diff: 20.16716694831848
waiting
going to web site
Hello world	Thread-4461	3

time: 946687772.836832
diff: 27.16316795349121
waiting
going to web site
Hello world	Thread-4591	4

time: 946687801.832832
diff: 23.167168021202087
waiting
going to web site
Hello world	Thread-4701	4

time: 946687825.841833
diff: 19.158167004585266
waiting
going to web site
Hello world	Thread-4790	4

time: 946687845.832833
diff: 14.167166948318481
waiting
going to web site
Hello world	Thread-4847	7

time: 946687860.832832
diff: 15.167168021202087
waiting
going to web site
Hello world	Thread-4945	5

time: 946687879.842544
diff: 18.157456040382385
waiting
going to web site
Hello world	Thread-5030	4

time: 946687898.841833
diff: 27.158167004585266
waiting
going to web site
Hello world	Thread-5165	3

time: 946687926.851665
diff: 17.148334980010986
waiting
going to web site
Hello world	Thread-5241	6

time: 946687944.832832
diff: 11.167168021202087
waiting
going to web site
Hello world	Thread-5309	3

time: 946687956.841833
diff: 28.158167004585266
waiting
going to web site
Hello world	Thread-5442	3

time: 946687985.845833
diff: 30.15416705608368
waiting
going to web site
Hello world	Thread-5587	3

time: 946688016.841833
diff: 24.158167004585266
waiting
going to web site
Hello world	Thread-5696	5

time: 946688041.832833
diff: 21.16716694831848
waiting
going to web site
Hello world	Thread-5789	6

time: 946688063.832832
diff: 30.167168021202087
waiting
going to web site
Hello world	Thread-5929	4

time: 946688094.841833
diff: 13.158167004585266
waiting
going to web site
Hello world	Thread-5991	3

time: 946688108.842833
diff: 11.157166957855225
waiting
going to web site
Hello world	Thread-6041	3

time: 946688121.841833
diff: 22.158167004585266
waiting
going to web site
Hello world	Thread-6141	2

time: 946688144.832833
diff: 10.167166948318481
waiting
going to web site
Hello world	Thread-6191	4

time: 946688155.832832
diff: 26.167168021202087
waiting
going to web site
Hello world	Thread-6306	2

time: 946688182.832833
diff: 31.16716694831848
waiting
going to web site
Hello world	Thread-6444	6

time: 946688214.832832
diff: 22.167168021202087
waiting
going to web site
Hello world	Thread-6552	2

time: 946688238.860918
diff: 11.139081954956055
waiting
going to web site
Hello world	Thread-6605	2

time: 946688250.832832
diff: 22.167168021202087
waiting
going to web site
Hello world	Thread-6701	3

time: 946688273.8424561
diff: 18.157543897628784
waiting
going to web site
Hello world	Thread-6791	3

time: 946688292.832832
diff: 27.167168021202087
waiting
going to web site
Hello world	Thread-6915	2

time: 946688320.841833
diff: 26.158167004585266
waiting
going to web site
Hello world	Thread-7030	3

time: 946688347.841833
diff: 27.158167004585266
waiting
going to web site
Hello world	Thread-7161	3

time: 946688375.841833
diff: 33.158167004585266
waiting
going to web site
Hello world	Thread-7308	3

time: 946688409.841833
diff: 11.158167004585266
waiting
going to web site
Hello world	Thread-7360	2

time: 946688421.845833
diff: 41.15416705608368
waiting
going to web site
Hello world	Thread-7549	3

time: 946688463.836833
diff: 12.163166999816895
waiting
going to web site
Hello world	Thread-7606	3

time: 946688476.832832
diff: 20.167168021202087
waiting
going to web site
Hello world	Thread-7699	2

time: 946688497.842833
diff: 15.157166957855225
waiting
going to web site
Hello world	Thread-7767	4

time: 946688513.836832
diff: 21.16316795349121
waiting
going to web site
Hello world	Thread-7861	2

time: 946688535.832832
diff: 11.167168021202087
waiting
going to web site
Hello world	Thread-7915	2

time: 946688547.841833
diff: 20.158167004585266
waiting
going to web site
Hello world	Thread-8013	3

time: 946688568.845833
diff: 27.15416705608368
waiting
going to web site
Hello world	Thread-8132	3

time: 946688596.842665
diff: 12.157335042953491
waiting
going to web site
Hello world	Thread-8189	3

time: 946688609.841833
diff: 18.158167004585266
waiting
going to web site
Hello world	Thread-8273	2

time: 946688628.841833
diff: 18.158167004585266
waiting
going to web site
Hello world	Thread-8349	2

time: 946688647.841833
diff: 28.158167004585266
waiting
going to web site
Hello world	Thread-8469	2

time: 946688676.842833
diff: 31.157166957855225
waiting
going to web site
Hello world	Thread-8603	4

time: 946688708.836832
diff: 31.16316795349121
waiting
going to web site
Hello world	Thread-8731	4

time: 946688740.832832
diff: 26.167168021202087
waiting
going to web site
Hello world	Thread-8836	3

time: 946688767.841833
diff: 25.158167004585266
waiting
going to web site
Hello world	Thread-8931	3

time: 946688793.833833
diff: 27.16616702079773
waiting
going to web site
Hello world	Thread-9051	5

time: 946688821.832833
diff: 18.16716694831848
waiting
going to web site
Hello world	Thread-9136	3

time: 946688840.832832
diff: 27.167168021202087
waiting
going to web site
Hello world	Thread-9255	2

time: 946688868.841833
diff: 18.158167004585266
waiting
going to web site
Hello world	Thread-9335	3

time: 946688887.841897
diff: 18.158102989196777
waiting
going to web site
Hello world	Thread-9417	4

time: 946688906.832832
diff: 34.16716802120209
waiting
going to web site
Hello world	Thread-9570	3

time: 946688941.841833
diff: 25.158167004585266
waiting
going to web site
Hello world	Thread-9704	5

time: 946688970.841833
diff: 21.158167004585266
waiting
going to web site
Hello world	Thread-9803	3

time: 946688992.841833
diff: 30.158167004585266
waiting
going to web site
Hello world	Thread-9946	2

time: 946689023.841833
diff: 13.158167004585266
waiting
going to web site
Hello world	Thread-10014	2

time: 946689037.841989
diff: 7.158010959625244
waiting
going to web site
Hello world	Thread-10043	3

time: 946689045.836832
diff: 18.16316795349121
waiting
going to web site
Hello world	Thread-10129	3

time: 946689064.832832
diff: 39.16716802120209
waiting
going to web site
Hello world	Thread-10318	2

time: 946689104.841833
diff: 20.158167004585266
waiting
going to web site
Hello world	Thread-10420	2

time: 946689125.850896
diff: 14.149103999137878
waiting
going to web site
Hello world	Thread-10488	5

time: 946689140.8378329
diff: 30.162167072296143
waiting
going to web site
Hello world	Thread-10637	3

time: 946689172.843833
diff: 2.1561670303344727
waiting
going to web site
Hello world	Thread-10651	3

time: 946689175.833833
diff: 15.16616702079773
waiting
going to web site
Hello world	Thread-10742	2

time: 946689192.842833
diff: 20.157166957855225
waiting
going to web site
Hello world	Thread-10839	2

time: 946689213.832832
diff: 14.167168021202087
waiting
going to web site
Hello world	Thread-10913	2

time: 946689228.832833
diff: 30.16716694831848
waiting
going to web site
Hello world	Thread-11063	4

time: 946689259.832832
diff: 29.167168021202087
waiting
going to web site
Hello world	Thread-11197	7

time: 946689289.542065
diff: 9.457934975624084
waiting
going to web site
Hello world	Thread-11249	5

time: 946689299.5350641
diff: 18.464935898780823
waiting
going to web site
Hello world	Thread-11337	7

time: 946689318.526064
diff: 31.473935961723328
waiting
going to web site
Hello world	Thread-11485	7

time: 946689350.5350641
diff: 20.464935898780823
waiting
going to web site
Hello world	Thread-11586	7

time: 946689371.526064
diff: 18.473935961723328
waiting
going to web site
Hello world	Thread-11674	7

time: 946689390.5350641
diff: 17.464935898780823
waiting
going to web site
Hello world	Thread-11757	7

time: 946689408.5350641
diff: 14.464935898780823
waiting
going to web site
Hello world	Thread-11817	6

time: 946689423.526064
diff: 16.473935961723328
waiting
going to web site
Hello world	Thread-11894	7

time: 946689440.535637
diff: 34.46436297893524
waiting
going to web site
Hello world	Thread-12062	7

time: 946689475.5350641
diff: 25.464935898780823
waiting
going to web site
Hello world	Thread-12176	7

time: 946689501.5350641
diff: 9.464935898780823
waiting
going to web site
Hello world	Thread-12221	7

time: 946689511.5350641
diff: 23.464935898780823
waiting
going to web site
Hello world	Thread-12328	6

time: 946689535.5296241
diff: 26.470375895500183
waiting
going to web site
Hello world	Thread-12459	5

time: 946689562.5350641
diff: 8.464935898780823
waiting
going to web site
Hello world	Thread-12493	7

time: 946689571.532417
diff: 27.467582941055298
waiting
going to web site
Hello world	Thread-12623	5

time: 946689599.5350641
diff: 26.464935898780823
waiting
going to web site
Hello world	Thread-12739	6

time: 946689626.526064
diff: 18.473935961723328
waiting
going to web site
Hello world	Thread-12826	7

time: 946689645.526064
diff: 32.47393596172333
waiting
going to web site
Hello world	Thread-12988	8

time: 946689678.5350641
diff: 26.464935898780823
waiting
going to web site
Hello world	Thread-13113	6

time: 946689705.5350641
diff: 24.464935898780823
waiting
going to web site
Hello world	Thread-13219	4

time: 946689730.5350641
diff: 22.464935898780823
waiting
going to web site
Hello world	Thread-13333	5

time: 946689753.5350641
diff: 9.464935898780823
waiting
going to web site
Hello world	Thread-13378	6

time: 946689763.5350641
diff: 16.464935898780823
waiting
going to web site
Hello world	Thread-13449	7

time: 946689780.5350641
diff: 14.464935898780823
waiting
going to web site
Hello world	Thread-13522	5

time: 946689795.5350641
diff: 34.46493589878082
waiting
going to web site
Hello world	Thread-13679	7

time: 946689830.5350641
diff: 10.464935898780823
waiting
going to web site
Hello world	Thread-13732	6

time: 946689841.5350641
diff: 34.46493589878082
waiting
going to web site
Hello world	Thread-13897	7

time: 946689876.534064
diff: 4.465935945510864
waiting
going to web site
Hello world	Thread-13923	5

time: 946689881.5350641
diff: 20.464935898780823
waiting
going to web site
Hello world	Thread-14020	2

time: 946689902.8358321
diff: 22.164167881011963
waiting
going to web site
Hello world	Thread-14116	6

time: 946689925.8398321
diff: 20.160167932510376
waiting
going to web site
Hello world	Thread-14211	6

time: 946689946.832832
diff: 27.167168021202087
waiting
going to web site
Hello world	Thread-14323	3

time: 946689974.832833
diff: 26.16716694831848
waiting
going to web site
Hello world	Thread-14445	4

time: 946690001.832832
diff: 22.167168021202087
waiting
going to web site
Hello world	Thread-14549	5

time: 946690024.841833
diff: 12.158167004585266
waiting
going to web site
Hello world	Thread-14601	2

time: 946690037.8588331
diff: 24.141166925430298
waiting
going to web site
Hello world	Thread-14711	4

time: 946690062.832832
diff: 25.167168021202087
waiting
going to web site
Hello world	Thread-14820	4

time: 946690088.841833
diff: 20.158167004585266
waiting
going to web site
Hello world	Thread-14914	2

time: 946690109.841833
diff: 26.158167004585266
waiting
going to web site
Hello world	Thread-15027	2

time: 946690136.859833
diff: 31.140166997909546
waiting
going to web site
Hello world	Thread-15159	4

time: 946690168.832832
diff: 19.167168021202087
waiting
going to web site
Hello world	Thread-15242	3

time: 946690188.841833
diff: 28.158167004585266
waiting
going to web site
Hello world	Thread-15365	2

time: 946690217.841833
diff: 7.158167004585266
waiting
going to web site
Hello world	Thread-15411	4

time: 946690226.841833
diff: 25.158167004585266
waiting
going to web site
Hello world	Thread-15519	4

time: 946690252.832833
diff: 15.167166948318481
waiting
going to web site
Hello world	Thread-15595	4

time: 946690268.832832
diff: 29.167168021202087
waiting
going to web site
Hello world	Thread-15725	3

time: 946690298.841833
diff: 34.158167004585266
waiting
going to web site
Hello world	Thread-15869	4

time: 946690333.832833
diff: 19.16716694831848
waiting
going to web site
Hello world	Thread-15958	3

time: 946690353.832832
diff: 14.167168021202087
waiting
going to web site
Hello world	Thread-16021	3

time: 946690368.832833
diff: 24.16716694831848
waiting
going to web site
Hello world	Thread-16132	4

time: 946690393.832832
diff: 20.167168021202087
waiting
going to web site
Hello world	Thread-16220	2

time: 946690414.832833
diff: 17.16716694831848
waiting
going to web site
Hello world	Thread-16300	5

time: 946690432.832832
diff: 26.167168021202087
waiting
going to web site
Hello world	Thread-16418	2

time: 946690459.832833
diff: 17.16716694831848
waiting
going to web site
Hello world	Thread-16495	5

time: 946690477.832832
diff: 39.16716802120209
waiting
going to web site
Hello world	Thread-16675	5

time: 946690517.5350649
diff: 19.464935064315796
waiting
going to web site
Hello world	Thread-16756	6

time: 946690537.544065
diff: 18.45593500137329
waiting
going to web site
Hello world	Thread-16835	7

time: 946690556.539065
diff: 27.46093499660492
waiting
going to web site
Hello world	Thread-16965	4

time: 946690584.526064
diff: 20.473935961723328
waiting
going to web site
Hello world	Thread-17048	7

time: 946690605.526064
diff: 23.473935961723328
waiting
going to web site
Hello world	Thread-17155	3

time: 946690629.526064
diff: 27.473935961723328
waiting
going to web site
Hello world	Thread-17272	6

time: 946690657.5350641
diff: 13.464935898780823
waiting
going to web site
Hello world	Thread-17331	4

time: 946690671.5350641
diff: 21.464935898780823
waiting
going to web site
Hello world	Thread-17432	7

time: 946690693.5350641
diff: 23.464935898780823
waiting
going to web site
Hello world	Thread-17533	6

time: 946690717.5290639
diff: 11.470936059951782
waiting
going to web site
Hello world	Thread-17583	4

time: 946690729.542065
diff: 21.457934975624084
waiting
going to web site
Hello world	Thread-17677	4

time: 946690751.5350641
diff: 31.464935898780823
waiting
going to web site
Hello world	Thread-17823	7

time: 946690783.526064
diff: 32.47393596172333
waiting
going to web site
Hello world	Thread-17963	4

time: 946690816.5350641
diff: 19.464935898780823
waiting
going to web site
Hello world	Thread-18049	7

time: 946690836.526064
diff: 24.473935961723328
waiting
going to web site
Hello world	Thread-18148	4

time: 946690861.5350641
diff: 14.464935898780823
waiting
going to web site
Hello world	Thread-18209	6

time: 946690876.5350641
diff: 22.464935898780823
waiting
going to web site
Hello world	Thread-18311	7

time: 946690899.5350641
diff: 28.464935898780823
waiting
going to web site
Hello world	Thread-18431	7

time: 946690928.5350641
diff: 13.464935898780823
waiting
going to web site
Hello world	Thread-18490	4

time: 946690942.526064
diff: 35.47393596172333
waiting
going to web site
Hello world	Thread-18645	5

time: 946690978.534448
diff: 23.46555197238922
waiting
going to web site
Hello world	Thread-18754	6

time: 946691002.534933
diff: 24.46506702899933
waiting
going to web site
Hello world	Thread-18862	7

time: 946691027.5350649
diff: 13.464935064315796
waiting
going to web site
Hello world	Thread-18925	5

time: 946691041.5350649
diff: 30.464935064315796
waiting
going to web site
Hello world	Thread-19057	6

time: 946691072.544065
diff: 21.45593500137329
waiting
going to web site
Hello world	Thread-19164	3

time: 946691094.5350649
diff: 12.464935064315796
waiting
going to web site
Hello world	Thread-19215	4

time: 946691107.535125
diff: 24.464874982833862
waiting
going to web site
Hello world	Thread-19326	7

time: 946691132.5350641
diff: 25.464935898780823
waiting
going to web site
Hello world	Thread-19450	7

time: 946691158.5350641
diff: 23.464935898780823
waiting
going to web site
Hello world	Thread-19551	6

time: 946691182.5350641
diff: 31.464935898780823
waiting
going to web site
Hello world	Thread-19695	5

time: 946691214.5350641
diff: 18.464935898780823
waiting
going to web site
Hello world	Thread-19788	7

time: 946691233.5350641
diff: 13.464935898780823
waiting
going to web site
Hello world	Thread-19846	5

time: 946691247.5350641
diff: 35.46493589878082
waiting
going to web site
Hello world	Thread-20016	5

time: 946691283.5350641
diff: 13.464935898780823
waiting
going to web site
Hello world	Thread-20082	4

time: 946691297.5350641
diff: 19.464935898780823
waiting
going to web site
Hello world	Thread-20176	6

time: 946691317.5350641
diff: 7.464935898780823
waiting
going to web site
Hello world	Thread-20214	6

time: 946691325.5350641
diff: 25.464935898780823
waiting
going to web site
Hello world	Thread-20333	6

time: 946691351.526064
diff: 30.473935961723328
waiting
going to web site
Hello world	Thread-20494	7

time: 946691382.5350641
diff: 21.464935898780823
waiting
going to web site
Hello world	Thread-20601	7

time: 946691404.5350641
diff: 26.464935898780823
waiting
going to web site
Hello world	Thread-20728	7

time: 946691431.5350641
diff: 17.464935898780823
waiting
going to web site
Hello world	Thread-20816	5

time: 946691449.526064
diff: 12.473935961723328
waiting
going to web site
Hello world	Thread-20881	6

time: 946691462.5350641
diff: 12.464935898780823
waiting
going to web site
Hello world	Thread-20933	6

time: 946691475.5350641
diff: 26.464935898780823
waiting
going to web site
Hello world	Thread-21066	6

time: 946691502.536033
diff: 20.463966965675354
waiting
going to web site
Hello world	Thread-21163	6

time: 946691523.5350641
diff: 11.464935898780823
waiting
going to web site
Hello world	Thread-21218	5

time: 946691535.5350641
diff: 35.46493589878082
waiting
going to web site
Hello world	Thread-21378	6

time: 946691571.5350641
diff: 21.464935898780823
waiting
going to web site
Hello world	Thread-21481	7

time: 946691593.5350641
diff: 10.464935898780823
waiting
going to web site
Hello world	Thread-21534	4

time: 946691604.5350641
diff: 25.464935898780823
waiting
going to web site
Hello world	Thread-21653	5

time: 946691630.5350641
diff: 17.464935898780823
waiting
going to web site
Hello world	Thread-21729	6

time: 946691648.5350641
diff: 24.464935898780823
waiting
going to web site
Hello world	Thread-21832	6

time: 946691673.5350641
diff: 19.464935898780823
waiting
going to web site
Hello world	Thread-21928	3

time: 946691693.5350641
diff: 19.464935898780823
waiting
going to web site
Hello world	Thread-22020	4

time: 946691713.5350641
diff: 26.464935898780823
waiting
going to web site
Hello world	Thread-22130	5

time: 946691740.832832
diff: 36.16716802120209
waiting
going to web site
Hello world	Thread-22295	2

time: 946691777.832833
diff: 11.167166948318481
waiting
going to web site
Hello world	Thread-22346	4

time: 946691789.841833
diff: 30.158167004585266
waiting
going to web site
Hello world	Thread-22483	4

time: 946691820.832833
diff: 28.16716694831848
waiting
going to web site
Hello world	Thread-22605	5

time: 946691849.832832
diff: 16.167168021202087
waiting
going to web site
Hello world	Thread-22680	3

time: 946691866.832833
diff: 15.167166948318481
waiting
going to web site
Hello world	Thread-22758	3

time: 946691882.832832
diff: 22.167168021202087
waiting
going to web site
Hello world	Thread-22856	2

time: 946691905.842665
diff: 23.15733504295349
waiting
going to web site
Hello world	Thread-22963	2

time: 946691929.832833
diff: 12.167166948318481
waiting
going to web site
Hello world	Thread-23022	4

time: 946691942.836832
diff: 19.16316795349121
waiting
going to web site
Hello world	Thread-23122	4

time: 946691962.841833
diff: 27.158167004585266
waiting
going to web site
Hello world	Thread-23254	4

time: 946691990.841833
diff: 18.158167004585266
waiting
going to web site
Hello world	Thread-23340	2

time: 946692009.841833
diff: 27.158167004585266
waiting
going to web site
Hello world	Thread-23473	4

time: 946692037.841833
diff: 28.158167004585266
waiting
going to web site
Hello world	Thread-23616	2

time: 946692066.841833
diff: 17.158167004585266
waiting
going to web site
Hello world	Thread-23701	3

time: 946692084.841833
diff: 24.158167004585266
waiting
going to web site
Hello world	Thread-23813	3

time: 946692109.841833
diff: 6.158167004585266
waiting
going to web site
Hello world	Thread-23863	2

time: 946692117.841833
diff: 33.158167004585266
waiting
going to web site
Hello world	Thread-24020	3

time: 946692151.851665
diff: 22.148334980010986
waiting
going to web site
Hello world	Thread-24122	3

time: 946692174.8426639
diff: 6.157336115837097
waiting
going to web site
Hello world	Thread-24155	3

time: 946692182.851833
diff: 31.14816701412201
waiting
going to web site
Hello world	Thread-24304	2

time: 946692214.841897
diff: 11.158102989196777
waiting
going to web site
Hello world	Thread-24362	5

time: 946692226.832832
diff: 7.167168021202087
waiting
going to web site
Hello world	Thread-24391	3

time: 946692234.841833
diff: 32.158167004585266
waiting
going to web site
Hello world	Thread-24547	3

time: 946692267.851545
diff: 10.148455023765564
waiting
going to web site
Hello world	Thread-24600	3

time: 946692278.841833
diff: 25.158167004585266
waiting
going to web site
Hello world	Thread-24719	3

time: 946692305.841833
diff: 27.158167004585266
waiting
going to web site
Hello world	Thread-24846	3

time: 946692334.841833
diff: 21.158167004585266
waiting
going to web site
Hello world	Thread-24967	3

time: 946692363.841833
diff: 8.158167004585266
waiting
going to web site
Hello world	Thread-25013	4

time: 946692373.841833
diff: 25.158167004585266
waiting
going to web site
Hello world	Thread-25122	2

time: 946692399.832833
diff: 32.16716694831848
waiting
going to web site
Hello world	Thread-25257	4

time: 946692432.832832
diff: 22.167168021202087
waiting
going to web site
Hello world	Thread-25357	3

time: 946692456.841833
diff: 15.158167004585266
waiting
going to web site
Hello world	Thread-25434	4

time: 946692473.841833
diff: 21.158167004585266
waiting
going to web site
Hello world	Thread-25523	3

time: 946692495.841833
diff: 37.158167004585266
waiting
going to web site
Hello world	Thread-25677	4

time: 946692533.841833
diff: 20.158167004585266
waiting
going to web site
Hello world	Thread-25769	4

time: 946692554.832833
diff: 25.16716694831848
waiting
going to web site
Hello world	Thread-25886	2

time: 946692580.832832
diff: 5.167168021202087
waiting
going to web site
Hello world	Thread-25910	3

time: 946692586.832833
diff: 26.16716694831848
waiting
going to web site
Hello world	Thread-26018	3

time: 946692613.832832
diff: 24.167168021202087
waiting
going to web site
Hello world	Thread-26126	2

time: 946692638.841833
diff: 23.158167004585266
waiting
going to web site
Hello world	Thread-26217	3

time: 946692662.832833
diff: 24.16716694831848
waiting
going to web site
Hello world	Thread-26301	2

time: 946692687.832832
diff: 20.167168021202087
waiting
going to web site
Hello world	Thread-26369	5

time: 946692708.832833
diff: 27.16716694831848
waiting
going to web site
Hello world	Thread-26455	4

time: 946692736.836832
diff: 28.16316795349121
waiting
going to web site
Hello world	Thread-26526	2

time: 946692765.836832
diff: 18.16316795349121
waiting
going to web site
Hello world	Thread-26571	3

time: 946692784.832832
diff: 19.167168021202087
waiting
going to web site
Hello world	Thread-26615	2

time: 946692804.832833
diff: 26.16716694831848
waiting
going to web site
Hello world	Thread-26669	3

time: 946692831.842832
diff: 17.15716803073883
waiting
going to web site
Hello world	Thread-26694	2

