time: 946686600.0
diff: 0.0
going to web site
Hello world	Thread-75	6

time: 946686720.87677
diff: 0.12322998046875
waiting
going to web site
Hello world	Thread-83	5

time: 946686721.6603651
diff: 119.3396348953247
waiting
going to web site
Hello world	Thread-155	3

time: 946686841.658795
diff: 59.34120500087738
waiting
going to web site
Hello world	Thread-191	3

time: 946686902.6695601
diff: 58.33043992519379
waiting
going to web site
Hello world	Thread-236	3

time: 946686968.669364
diff: 52.3306360244751
waiting
going to web site
Hello world	Thread-264	5

time: 946687024.667364
diff: 56.33263599872589
waiting
going to web site
Hello world	Thread-284	4

time: 946687082.657364
diff: 59.34263598918915
waiting
going to web site
Hello world	Thread-317	7

time: 946687142.649364
diff: 59.35063600540161
waiting
going to web site
Hello world	Thread-351	2

time: 946687203.667365
diff: 118.33263504505157
waiting
going to web site
Hello world	Thread-415	2

time: 946687323.841925
diff: 58.15807497501373
waiting
going to web site
Hello world	Thread-458	2

time: 946687385.841925
diff: 56.15807497501373
waiting
going to web site
Hello world	Thread-499	3

time: 946687449.8419251
diff: 112.15807485580444
waiting
going to web site
Hello world	Thread-564	4

time: 946687577.842924
diff: 105.1570760011673
waiting
going to web site
Hello world	Thread-614	2

time: 946687684.841925
diff: 58.15807497501373
waiting
going to web site
Hello world	Thread-647	2

time: 946687744.841924
diff: 118.15807604789734
waiting
going to web site
Hello world	Thread-714	2

time: 946687864.841925
diff: 118.15807497501373
waiting
going to web site
Hello world	Thread-775	6

time: 946687983.6589091
diff: 119.34109091758728
waiting
going to web site
Hello world	Thread-849	6

time: 946688106.656908
diff: 57.34309196472168
waiting
going to web site
Hello world	Thread-874	7

time: 946688164.646908
diff: 59.35309195518494
waiting
going to web site
Hello world	Thread-906	7

time: 946688224.646908
diff: 119.35309195518494
waiting
going to web site
Hello world	Thread-972	3

