time: 946686600.0
diff: 0.0
going to web site
Hello world	Thread-26	6

time: 946686607.656908
diff: 112.34309196472168
waiting
going to web site
Hello world	Thread-64	10

time: 946686720.646908
diff: 59.35309195518494
waiting
going to web site
Hello world	Thread-131	4

time: 946686783.656908
diff: 117.34309196472168
waiting
going to web site
Hello world	Thread-179	9

time: 946686901.659836
diff: 59.34016394615173
waiting
going to web site
Hello world	Thread-219	7

time: 946686962.656908
diff: 58.34309196472168
waiting
going to web site
Hello world	Thread-247	10

time: 946687021.646908
diff: 59.35309195518494
waiting
going to web site
Hello world	Thread-288	6

time: 946687084.656908
diff: 56.34309196472168
waiting
going to web site
Hello world	Thread-311	7

time: 946687141.646908
diff: 59.35309195518494
waiting
going to web site
Hello world	Thread-363	2

time: 946687208.677364
diff: 52.322636008262634
waiting
going to web site
Hello world	Thread-397	3

time: 946687268.659364
diff: 53.340636014938354
waiting
going to web site
Hello world	Thread-414	3

time: 946687323.6593649
diff: 118.34063506126404
waiting
going to web site
Hello world	Thread-492	7

time: 946687445.6593652
diff: 116.34063482284546
waiting
going to web site
Hello world	Thread-545	5

time: 946687563.658364
diff: 118.3416359424591
waiting
going to web site
Hello world	Thread-615	7

time: 946687685.649364
diff: 116.35063600540161
waiting
going to web site
Hello world	Thread-675	6

time: 946687805.656908
diff: 117.34309196472168
waiting
going to web site
Hello world	Thread-739	7

time: 946687923.646908
diff: 59.35309195518494
waiting
going to web site
Hello world	Thread-776	5

time: 946687983.6589091
diff: 59.34109091758728
waiting
going to web site
Hello world	Thread-811	5

time: 946688044.655909
diff: 58.344091057777405
waiting
going to web site
Hello world	Thread-859	2

time: 946688110.677908
diff: 112.32209205627441
waiting
going to web site
Hello world	Thread-915	5

time: 946688226.656908
diff: 56.34309196472168
waiting
going to web site
Hello world	Thread-935	3

time: 946688283.646908
diff: 59.35309195518494
waiting
going to web site
Hello world	Thread-990	5

