time: 946686600.0
diff: 68.0
waiting
going to web site
Hello world	Thread-246	2

time: 946686668.843832
diff: 16.15616798400879
waiting
going to web site
Hello world	Thread-360	3

time: 946686685.842832
diff: -0.8428319692611694
going to web site
Hello world	Thread-365	5

time: 946686686.6886641
diff: -1.6886640787124634
going to web site
Hello world	Thread-373	8

time: 946686687.525496
diff: -2.525496006011963
going to web site
Hello world	Thread-386	3

time: 946686688.372033
diff: -3.3720329999923706
going to web site
Hello world	Thread-395	3

time: 946686689.204865
diff: -3.204864978790283
going to web site
Hello world	Thread-58	2

time: 946686690.0466969
diff: -2.046696901321411
going to web site
Hello world	Thread-420	4

time: 946686690.890529
diff: -0.8905290365219116
going to web site
Hello world	Thread-427	5

time: 946686691.7273611
diff: 15.2726389169693
waiting
going to web site
Hello world	Thread-82	2

time: 946686707.846201
diff: 18.153799057006836
waiting
going to web site
Hello world	Thread-122	2

time: 946686726.846888
diff: 18.153112053871155
waiting
going to web site
Hello world	Thread-159	3

time: 946686745.841833
diff: 20.158167004585266
waiting
going to web site
Hello world	Thread-206	2

time: 946686766.833833
diff: 22.16616702079773
waiting
going to web site
Hello world	Thread-271	2

time: 946686789.833833
diff: 9.16616702079773
waiting
going to web site
Hello world	Thread-297	3

time: 946686799.8494799
diff: 9.150520086288452
waiting
going to web site
Hello world	Thread-330	2

time: 946686809.859829
diff: 19.14017105102539
waiting
going to web site
Hello world	Thread-392	2

time: 946686829.841833
diff: 25.158167004585266
waiting
going to web site
Hello world	Thread-483	2

time: 946686855.860833
diff: 18.139166951179504
waiting
going to web site
Hello world	Thread-537	4

time: 946686874.832832
diff: 30.167168021202087
waiting
going to web site
Hello world	Thread-662	4

time: 946686905.841833
diff: 20.158167004585266
waiting
going to web site
Hello world	Thread-737	3

time: 946686926.8398329
diff: 21.16016709804535
waiting
going to web site
Hello world	Thread-842	2

time: 946686948.844833
diff: 25.15516698360443
waiting
going to web site
Hello world	Thread-966	6

time: 946686974.832832
diff: 28.167168021202087
waiting
going to web site
Hello world	Thread-1098	2

time: 946687003.841833
diff: 12.158167004585266
waiting
going to web site
Hello world	Thread-1162	3

time: 946687016.841833
diff: 32.158167004585266
waiting
going to web site
Hello world	Thread-1315	4

time: 946687049.834833
diff: 29.165166974067688
waiting
going to web site
Hello world	Thread-1442	3

time: 946687079.836832
diff: 20.16316795349121
waiting
going to web site
Hello world	Thread-1541	3

time: 946687100.832832
diff: 9.167168021202087
waiting
going to web site
Hello world	Thread-1578	6

time: 946687110.848833
diff: 23.151167035102844
waiting
going to web site
Hello world	Thread-1684	2

time: 946687134.852481
diff: 31.14751899242401
waiting
going to web site
Hello world	Thread-1815	4

time: 946687166.832832
diff: 19.167168021202087
waiting
going to web site
Hello world	Thread-1892	4

time: 946687186.832833
diff: 21.16716694831848
waiting
going to web site
Hello world	Thread-1989	4

time: 946687208.832832
diff: 36.16716802120209
waiting
going to web site
Hello world	Thread-2145	3

time: 946687245.832833
diff: 12.167166948318481
waiting
going to web site
Hello world	Thread-2206	5

time: 946687258.8338319
diff: 21.166168093681335
waiting
going to web site
Hello world	Thread-2325	4

time: 946687283.841833
diff: 6.158167004585266
waiting
going to web site
Hello world	Thread-2351	3

time: 946687290.832833
diff: 23.16716694831848
waiting
going to web site
Hello world	Thread-2457	2

time: 946687314.859832
diff: 23.140167951583862
waiting
going to web site
Hello world	Thread-2563	4

time: 946687338.832832
diff: 28.167168021202087
waiting
going to web site
Hello world	Thread-2687	3

time: 946687367.832833
diff: 17.16716694831848
waiting
going to web site
Hello world	Thread-2767	5

time: 946687385.832832
diff: 29.167168021202087
waiting
going to web site
Hello world	Thread-2901	4

time: 946687415.8398329
diff: 19.16016709804535
waiting
going to web site
Hello world	Thread-2982	5

time: 946687435.832833
diff: 27.16716694831848
waiting
going to web site
Hello world	Thread-3110	3

time: 946687463.832832
diff: 17.167168021202087
waiting
going to web site
Hello world	Thread-3185	3

time: 946687481.841833
diff: 35.158167004585266
waiting
going to web site
Hello world	Thread-3341	2

time: 946687517.832833
diff: 5.1671669483184814
waiting
going to web site
Hello world	Thread-3370	5

time: 946687523.832832
diff: 30.167168021202087
waiting
going to web site
Hello world	Thread-3503	5

time: 946687554.832833
diff: 28.16716694831848
waiting
going to web site
Hello world	Thread-3633	5

time: 946687583.832832
diff: 21.167168021202087
waiting
going to web site
Hello world	Thread-3738	3

time: 946687608.850986
diff: 13.149013996124268
waiting
going to web site
Hello world	Thread-3809	4

time: 946687622.836832
diff: 23.16316795349121
waiting
going to web site
Hello world	Thread-3899	3

time: 946687646.832832
diff: 29.167168021202087
waiting
going to web site
Hello world	Thread-4042	2

time: 946687677.860833
diff: 8.139166951179504
waiting
going to web site
Hello world	Thread-4081	3

time: 946687686.836832
diff: 23.16316795349121
waiting
going to web site
Hello world	Thread-4178	6

time: 946687710.832832
diff: 27.167168021202087
waiting
going to web site
Hello world	Thread-4309	3

time: 946687738.841833
diff: 15.158167004585266
waiting
going to web site
Hello world	Thread-4380	2

time: 946687754.836833
diff: 20.163166999816895
waiting
going to web site
Hello world	Thread-4476	3

time: 946687775.832832
diff: 19.167168021202087
waiting
going to web site
Hello world	Thread-4565	4

time: 946687795.841833
diff: 16.158167004585266
waiting
going to web site
Hello world	Thread-4643	3

time: 946687812.841833
diff: 34.158167004585266
waiting
going to web site
Hello world	Thread-4802	3

time: 946687847.841833
diff: 8.158167004585266
waiting
going to web site
Hello world	Thread-4839	3

time: 946687856.841833
diff: 31.158167004585266
waiting
going to web site
Hello world	Thread-4983	2

time: 946687888.841833
diff: 21.158167004585266
waiting
going to web site
Hello world	Thread-5089	3

time: 946687911.841833
diff: 21.158167004585266
waiting
going to web site
Hello world	Thread-5191	3

time: 946687933.841833
diff: 10.158167004585266
waiting
going to web site
Hello world	Thread-5244	2

time: 946687944.841833
diff: 24.158167004585266
waiting
going to web site
Hello world	Thread-5361	4

time: 946687969.832833
diff: 23.16716694831848
waiting
going to web site
Hello world	Thread-5479	2

time: 946687993.832832
diff: 13.167168021202087
waiting
going to web site
Hello world	Thread-5539	2

time: 946688007.841833
diff: 25.158167004585266
waiting
going to web site
Hello world	Thread-5677	4

time: 946688036.848833
diff: 21.151167035102844
waiting
going to web site
Hello world	Thread-5771	2

time: 946688058.8408331
diff: 31.159166932106018
waiting
going to web site
Hello world	Thread-5914	4

time: 946688090.832832
diff: 13.167168021202087
waiting
going to web site
Hello world	Thread-5969	2

time: 946688104.841833
diff: 23.158167004585266
waiting
going to web site
Hello world	Thread-6080	2

time: 946688128.841833
diff: 31.158167004585266
waiting
going to web site
Hello world	Thread-6210	4

time: 946688160.841833
diff: 24.158167004585266
waiting
going to web site
Hello world	Thread-6319	5

time: 946688185.834833
diff: 20.165166974067688
waiting
going to web site
Hello world	Thread-6413	4

time: 946688206.832832
diff: 27.167168021202087
waiting
going to web site
Hello world	Thread-6534	3

time: 946688234.845833
diff: 17.15416705608368
waiting
going to web site
Hello world	Thread-6613	2

time: 946688252.841833
diff: 28.158167004585266
waiting
going to web site
Hello world	Thread-6740	4

time: 946688281.832833
diff: 17.16716694831848
waiting
going to web site
Hello world	Thread-6816	5

time: 946688299.8338319
diff: 17.166168093681335
waiting
going to web site
Hello world	Thread-6903	2

time: 946688317.841833
diff: 21.158167004585266
waiting
going to web site
Hello world	Thread-6997	2

time: 946688339.832833
diff: 13.167166948318481
waiting
going to web site
Hello world	Thread-7057	2

time: 946688353.836832
diff: 16.16316795349121
waiting
going to web site
Hello world	Thread-7130	4

time: 946688370.836832
diff: 22.16316795349121
waiting
going to web site
Hello world	Thread-7234	4

time: 946688393.832832
diff: 28.167168021202087
waiting
going to web site
Hello world	Thread-7366	2

time: 946688422.841833
diff: 9.158167004585266
waiting
going to web site
Hello world	Thread-7411	2

time: 946688432.841833
diff: 26.158167004585266
waiting
going to web site
Hello world	Thread-7530	3

time: 946688459.841833
diff: 26.158167004585266
waiting
going to web site
Hello world	Thread-7657	3

time: 946688487.860833
diff: 21.139166951179504
waiting
going to web site
Hello world	Thread-7747	5

time: 946688509.836832
diff: 29.16316795349121
waiting
going to web site
Hello world	Thread-7883	4

time: 946688539.832832
diff: 32.16716802120209
waiting
going to web site
Hello world	Thread-8028	4

time: 946688572.841833
diff: 13.158167004585266
waiting
going to web site
Hello world	Thread-8087	3

time: 946688586.843833
diff: 30.156167030334473
waiting
going to web site
Hello world	Thread-8228	2

time: 946688617.841833
diff: 33.158167004585266
waiting
going to web site
Hello world	Thread-8365	4

time: 946688651.836833
diff: 14.163166999816895
waiting
going to web site
Hello world	Thread-8437	4

time: 946688666.832832
diff: 25.167168021202087
waiting
going to web site
Hello world	Thread-8545	2

time: 946688692.841833
diff: 30.158167004585266
waiting
going to web site
Hello world	Thread-8667	2

time: 946688723.841833
diff: 17.158167004585266
waiting
going to web site
Hello world	Thread-8738	2

time: 946688741.841833
diff: 27.158167004585266
waiting
going to web site
Hello world	Thread-8849	2

time: 946688770.841833
diff: 26.158167004585266
waiting
going to web site
Hello world	Thread-8953	3

time: 946688797.849833
diff: 13.150166988372803
waiting
going to web site
Hello world	Thread-9017	2

time: 946688811.832832
diff: 29.167168021202087
waiting
going to web site
Hello world	Thread-9141	3

time: 946688841.841833
diff: 23.158167004585266
waiting
going to web site
Hello world	Thread-9241	4

time: 946688865.841833
diff: 18.158167004585266
waiting
going to web site
Hello world	Thread-9318	2

time: 946688884.848833
diff: 21.151167035102844
waiting
going to web site
Hello world	Thread-9418	2

time: 946688906.841833
diff: 12.158167004585266
waiting
going to web site
Hello world	Thread-9472	3

time: 946688919.832833
diff: 26.16716694831848
waiting
going to web site
Hello world	Thread-9585	4

time: 946688946.832832
diff: 9.167168021202087
waiting
going to web site
Hello world	Thread-9634	2

time: 946688956.841833
diff: 37.158167004585266
waiting
going to web site
Hello world	Thread-9810	2

time: 946688994.832833
diff: 7.1671669483184814
waiting
going to web site
Hello world	Thread-9851	4

time: 946689002.832832
diff: 28.167168021202087
waiting
going to web site
Hello world	Thread-9985	2

time: 946689031.841833
diff: 15.158167004585266
waiting
going to web site
Hello world	Thread-10052	2

time: 946689047.841833
diff: 19.158167004585266
waiting
going to web site
Hello world	Thread-10148	2

time: 946689067.841833
diff: 8.158167004585266
waiting
going to web site
Hello world	Thread-10191	2

time: 946689076.841833
diff: 37.158167004585266
waiting
going to web site
Hello world	Thread-10363	5

time: 946689114.699561
diff: 14.3004390001297
waiting
going to web site
Hello world	Thread-10436	6

time: 946689129.699561
diff: 20.3004390001297
waiting
going to web site
Hello world	Thread-10536	6

time: 946689150.699561
diff: 26.3004390001297
waiting
going to web site
Hello world	Thread-10660	6

time: 946689177.699561
diff: 25.3004390001297
waiting
going to web site
Hello world	Thread-10793	5

time: 946689203.699561
diff: 20.3004390001297
waiting
going to web site
Hello world	Thread-10891	5

time: 946689224.699561
diff: 19.3004390001297
waiting
going to web site
Hello world	Thread-10981	6

time: 946689244.699561
diff: 17.3004390001297
waiting
going to web site
Hello world	Thread-11075	6

time: 946689262.699561
diff: 16.3004390001297
waiting
going to web site
Hello world	Thread-11151	5

time: 946689279.699561
diff: 8.3004390001297
waiting
going to web site
Hello world	Thread-11193	5

time: 946689288.699561
diff: 41.3004390001297
waiting
going to web site
Hello world	Thread-11391	5

time: 946689330.7085611
diff: 11.291438937187195
waiting
going to web site
Hello world	Thread-11449	5

time: 946689342.6995599
diff: 25.300440073013306
waiting
going to web site
Hello world	Thread-11569	6

time: 946689368.699561
diff: 19.3004390001297
waiting
going to web site
Hello world	Thread-11668	5

time: 946689388.699561
diff: 23.3004390001297
waiting
going to web site
Hello world	Thread-11769	2

time: 946689412.699561
diff: 14.3004390001297
waiting
going to web site
Hello world	Thread-11840	7

time: 946689427.699561
diff: 17.3004390001297
waiting
going to web site
Hello world	Thread-11910	6

time: 946689445.699561
diff: 29.3004390001297
waiting
going to web site
Hello world	Thread-12063	6

time: 946689475.699561
diff: 35.3004390001297
waiting
going to web site
Hello world	Thread-12223	5

time: 946689511.699561
diff: 10.3004390001297
waiting
going to web site
Hello world	Thread-12269	4

time: 946689522.699561
diff: 35.3004390001297
waiting
going to web site
Hello world	Thread-12443	5

time: 946689558.699561
diff: 26.3004390001297
waiting
going to web site
Hello world	Thread-12563	6

time: 946689585.699561
diff: 1.3004390001296997
waiting
going to web site
Hello world	Thread-12574	6

time: 946689587.699561
diff: 24.3004390001297
waiting
going to web site
Hello world	Thread-12676	4

time: 946689612.699561
diff: 13.3004390001297
waiting
going to web site
Hello world	Thread-12741	5

time: 946689626.699561
diff: 22.3004390001297
waiting
going to web site
Hello world	Thread-12852	6

time: 946689649.699561
diff: 23.3004390001297
waiting
going to web site
Hello world	Thread-12965	6

time: 946689673.699561
diff: 20.3004390001297
waiting
going to web site
Hello world	Thread-13065	4

time: 946689694.699561
diff: 20.3004390001297
waiting
going to web site
Hello world	Thread-13158	7

time: 946689715.544065
diff: 10.455935001373291
waiting
going to web site
Hello world	Thread-13202	5

time: 946689726.542065
diff: 31.457934975624084
waiting
going to web site
Hello world	Thread-13356	5

time: 946689758.5350641
diff: 27.464935898780823
waiting
going to web site
Hello world	Thread-13476	6

time: 946689786.526064
diff: 14.473935961723328
waiting
going to web site
Hello world	Thread-13546	6

time: 946689801.526064
diff: 24.473935961723328
waiting
going to web site
Hello world	Thread-13664	4

time: 946689826.5350641
diff: 21.464935898780823
waiting
going to web site
Hello world	Thread-13769	8

time: 946689848.532064
diff: 15.467936038970947
waiting
going to web site
Hello world	Thread-13843	5

time: 946689864.541065
diff: 32.458935022354126
waiting
going to web site
Hello world	Thread-13991	7

time: 946689897.542065
diff: 17.457934975624084
waiting
going to web site
Hello world	Thread-14067	4

time: 946689915.5350641
diff: 27.464935898780823
waiting
going to web site
Hello world	Thread-14190	7

time: 946689943.5350641
diff: 32.46493589878082
waiting
going to web site
Hello world	Thread-14328	7

time: 946689976.5350641
diff: 25.464935898780823
waiting
going to web site
Hello world	Thread-14448	6

time: 946690002.5350641
diff: 15.464935898780823
waiting
going to web site
Hello world	Thread-14521	7

time: 946690018.5345191
diff: 25.46548092365265
waiting
going to web site
Hello world	Thread-14628	7

time: 946690044.526064
diff: 20.473935961723328
waiting
going to web site
Hello world	Thread-14722	5

time: 946690065.5350641
diff: 18.464935898780823
waiting
going to web site
Hello world	Thread-14799	7

time: 946690084.540064
diff: 11.459936022758484
waiting
going to web site
Hello world	Thread-14854	5

time: 946690096.544561
diff: 29.45543897151947
waiting
going to web site
Hello world	Thread-14981	7

time: 946690126.5345191
diff: 20.46548092365265
waiting
going to web site
Hello world	Thread-15065	7

time: 946690147.5350641
diff: 38.46493589878082
waiting
going to web site
Hello world	Thread-15230	7

time: 946690186.5350641
diff: 23.464935898780823
waiting
going to web site
Hello world	Thread-15337	4

time: 946690210.526064
diff: 17.473935961723328
waiting
going to web site
Hello world	Thread-15419	7

time: 946690228.5345191
diff: 11.465480923652649
waiting
going to web site
Hello world	Thread-15469	5

time: 946690240.5345191
diff: 25.46548092365265
waiting
going to web site
Hello world	Thread-15581	7

time: 946690266.534064
diff: 24.465935945510864
waiting
going to web site
Hello world	Thread-15693	5

time: 946690291.534064
diff: 27.465935945510864
waiting
going to web site
Hello world	Thread-15816	3

time: 946690319.6995599
diff: 19.300440073013306
waiting
going to web site
Hello world	Thread-15899	6

time: 946690339.699561
diff: 29.3004390001297
waiting
going to web site
Hello world	Thread-16024	6

time: 946690369.699561
diff: 16.3004390001297
waiting
going to web site
Hello world	Thread-16100	4

time: 946690386.699561
diff: 18.3004390001297
waiting
going to web site
Hello world	Thread-16184	7

time: 946690405.699561
diff: 27.3004390001297
waiting
going to web site
Hello world	Thread-16306	4

time: 946690433.699561
diff: 21.3004390001297
waiting
going to web site
Hello world	Thread-16399	6

time: 946690455.699561
diff: 29.3004390001297
waiting
going to web site
Hello world	Thread-16532	5

time: 946690485.699561
diff: 10.3004390001297
waiting
going to web site
Hello world	Thread-16584	5

time: 946690496.699561
diff: 25.3004390001297
waiting
going to web site
Hello world	Thread-16692	4

time: 946690522.699561
diff: 15.3004390001297
waiting
going to web site
Hello world	Thread-16761	7

time: 946690538.699561
diff: 14.3004390001297
waiting
going to web site
Hello world	Thread-16821	5

time: 946690553.699561
diff: 36.3004390001297
waiting
going to web site
Hello world	Thread-16989	5

time: 946690590.699561
diff: 28.3004390001297
waiting
going to web site
Hello world	Thread-17107	7

time: 946690619.699561
diff: 23.3004390001297
waiting
going to web site
Hello world	Thread-17216	2

time: 946690643.699561
diff: 22.3004390001297
waiting
going to web site
Hello world	Thread-17311	6

time: 946690666.699561
diff: 30.3004390001297
waiting
going to web site
Hello world	Thread-17446	4

time: 946690697.699561
diff: 13.3004390001297
waiting
going to web site
Hello world	Thread-17509	4

time: 946690711.699561
diff: 20.3004390001297
waiting
going to web site
Hello world	Thread-17599	5

time: 946690732.7085611
diff: 24.291438937187195
waiting
going to web site
Hello world	Thread-17709	3

time: 946690757.6995599
diff: 12.300440073013306
waiting
going to web site
Hello world	Thread-17768	5

time: 946690770.699561
diff: 38.3004390001297
waiting
going to web site
Hello world	Thread-17934	7

time: 946690809.699561
diff: 18.3004390001297
waiting
going to web site
Hello world	Thread-18019	6

time: 946690828.699561
diff: 17.3004390001297
waiting
going to web site
Hello world	Thread-18085	5

time: 946690846.699561
diff: 29.3004390001297
waiting
going to web site
Hello world	Thread-18210	5

time: 946690876.699561
diff: 13.3004390001297
waiting
going to web site
Hello world	Thread-18280	4

time: 946690890.699561
diff: 37.3004390001297
waiting
going to web site
Hello world	Thread-18435	2

time: 946690928.841833
diff: 20.158167004585266
waiting
going to web site
Hello world	Thread-18533	2

time: 946690950.841833
diff: 10.158167004585266
waiting
going to web site
Hello world	Thread-18585	2

time: 946690962.845897
diff: 31.15410304069519
waiting
going to web site
Hello world	Thread-18723	2

time: 946690994.851664
diff: 15.148336052894592
waiting
going to web site
Hello world	Thread-18799	2

time: 946691011.841833
diff: 17.158167004585266
waiting
going to web site
Hello world	Thread-18875	3

time: 946691029.832833
diff: 33.16716694831848
waiting
going to web site
Hello world	Thread-19025	4

time: 946691063.832832
diff: 15.167168021202087
waiting
going to web site
Hello world	Thread-19097	2

time: 946691079.851361
diff: 25.14863896369934
waiting
going to web site
Hello world	Thread-19211	3

time: 946691105.832832
diff: 19.167168021202087
waiting
going to web site
Hello world	Thread-19300	2

time: 946691125.832833
diff: 18.16716694831848
waiting
going to web site
Hello world	Thread-19380	5

time: 946691144.832832
diff: 8.167168021202087
waiting
going to web site
Hello world	Thread-19428	4

time: 946691153.8514969
diff: 26.148503065109253
waiting
going to web site
Hello world	Thread-19547	2

time: 946691180.841833
diff: 27.158167004585266
waiting
going to web site
Hello world	Thread-19672	3

time: 946691208.841833
diff: 12.158167004585266
waiting
going to web site
Hello world	Thread-19737	3

time: 946691221.841833
diff: 40.158167004585266
waiting
going to web site
Hello world	Thread-19926	5

time: 946691262.841833
diff: 15.158167004585266
waiting
going to web site
Hello world	Thread-19998	2

time: 946691278.841833
diff: 6.158167004585266
waiting
going to web site
Hello world	Thread-20034	2

time: 946691286.851833
diff: 19.14816701412201
waiting
going to web site
Hello world	Thread-20129	2

time: 946691307.841833
diff: 18.158167004585266
waiting
going to web site
Hello world	Thread-20224	4

time: 946691326.841833
diff: 27.158167004585266
waiting
going to web site
Hello world	Thread-20353	4

time: 946691354.832833
diff: 9.167166948318481
waiting
going to web site
Hello world	Thread-20398	3

time: 946691365.832832
diff: 29.167168021202087
waiting
going to web site
Hello world	Thread-20567	3

time: 946691396.841833
diff: 23.158167004585266
waiting
going to web site
Hello world	Thread-20697	3

time: 946691423.842833
diff: 14.157166957855225
waiting
going to web site
Hello world	Thread-20762	3

time: 946691438.832832
diff: 9.167168021202087
waiting
going to web site
Hello world	Thread-20829	3

time: 946691451.851481
diff: 23.148519039154053
waiting
going to web site
Hello world	Thread-20944	3

time: 946691476.841833
diff: 25.158167004585266
waiting
going to web site
Hello world	Thread-21070	4

time: 946691502.841833
diff: 17.158167004585266
waiting
going to web site
Hello world	Thread-21149	3

time: 946691520.841833
diff: 21.158167004585266
waiting
going to web site
Hello world	Thread-21255	3

time: 946691542.802193
diff: 23.19780695438385
waiting
going to web site
Hello world	Thread-21360	3

time: 946691566.797192
diff: 28.202808022499084
waiting
going to web site
Hello world	Thread-21497	4

time: 946691595.802193
diff: 14.19780695438385
waiting
going to web site
Hello world	Thread-21559	5

time: 946691610.797192
diff: 33.202808022499084
waiting
going to web site
Hello world	Thread-21717	4

time: 946691644.806193
diff: 32.19380700588226
waiting
going to web site
Hello world	Thread-21853	5

time: 946691677.805193
diff: 18.194807052612305
waiting
going to web site
Hello world	Thread-21939	3

time: 946691696.7971929
diff: 3.202807068824768
waiting
going to web site
Hello world	Thread-21960	5

time: 946691700.811193
diff: 36.188807010650635
waiting
going to web site
Hello world	Thread-22116	7

time: 946691737.7971929
diff: 28.202807068824768
waiting
going to web site
Hello world	Thread-22253	4

time: 946691766.7971929
diff: 3.202807068824768
waiting
going to web site
Hello world	Thread-22266	6

time: 946691770.7971929
diff: 25.202807068824768
waiting
going to web site
Hello world	Thread-22380	4

time: 946691796.802193
diff: 29.19780695438385
waiting
going to web site
Hello world	Thread-22513	4

time: 946691826.8031449
diff: 11.196855068206787
waiting
going to web site
Hello world	Thread-22562	5

time: 946691838.806193
diff: 21.193807005882263
waiting
going to web site
Hello world	Thread-22656	7

time: 946691860.7971929
diff: 31.202807068824768
waiting
going to web site
Hello world	Thread-22798	6

time: 946691892.802193
diff: 21.19780695438385
waiting
going to web site
Hello world	Thread-22897	6

time: 946691914.797192
diff: 14.202808022499084
waiting
going to web site
Hello world	Thread-22962	6

time: 946691929.7971929
diff: 15.202807068824768
waiting
going to web site
Hello world	Thread-23036	5

time: 946691945.7971929
diff: 25.202807068824768
waiting
going to web site
Hello world	Thread-23166	3

time: 946691971.802193
diff: 30.19780695438385
waiting
going to web site
Hello world	Thread-23309	4

time: 946692002.797192
diff: 14.202808022499084
waiting
going to web site
Hello world	Thread-23379	2

time: 946692017.823193
diff: 22.176807045936584
waiting
going to web site
Hello world	Thread-23489	6

time: 946692040.7971929
diff: 5.202807068824768
waiting
going to web site
Hello world	Thread-23515	7

time: 946692046.7971929
diff: 17.202807068824768
waiting
going to web site
Hello world	Thread-23607	5

time: 946692064.7971929
diff: 16.202807068824768
waiting
going to web site
Hello world	Thread-23684	5

time: 946692081.802193
diff: 18.19780695438385
waiting
going to web site
Hello world	Thread-23777	3

time: 946692100.802192
diff: 34.197808027267456
waiting
going to web site
Hello world	Thread-23942	5

time: 946692135.8031449
diff: 17.196855068206787
waiting
going to web site
Hello world	Thread-24028	5

time: 946692153.544065
diff: 30.45593500137329
waiting
going to web site
Hello world	Thread-24166	6

time: 946692184.5350649
diff: 19.464935064315796
waiting
going to web site
Hello world	Thread-24253	4

time: 946692204.5350649
diff: 30.464935064315796
waiting
going to web site
Hello world	Thread-24395	6

time: 946692235.544065
diff: 22.45593500137329
waiting
going to web site
Hello world	Thread-24504	6

time: 946692258.5448971
diff: 26.455102920532227
waiting
going to web site
Hello world	Thread-24632	3

time: 946692285.526064
diff: 21.473935961723328
waiting
going to web site
Hello world	Thread-24727	2

time: 946692307.526064
diff: 10.473935961723328
waiting
going to web site
Hello world	Thread-24772	7

time: 946692318.5350641
diff: 28.464935898780823
waiting
going to web site
Hello world	Thread-24895	7

time: 946692347.5350649
diff: 28.464935064315796
waiting
going to web site
Hello world	Thread-25026	4

time: 946692376.526065
diff: 32.47393500804901
waiting
going to web site
Hello world	Thread-25157	4

time: 946692409.544065
diff: 2.455935001373291
waiting
going to web site
Hello world	Thread-25173	3

time: 946692412.526065
diff: 42.47393500804901
waiting
going to web site
Hello world	Thread-25348	7

time: 946692455.5300651
diff: 8.469934940338135
waiting
going to web site
Hello world	Thread-25385	6

time: 946692464.5350641
diff: 26.464935898780823
waiting
going to web site
Hello world	Thread-25503	5

time: 946692491.5350641
diff: 16.464935898780823
waiting
going to web site
Hello world	Thread-25569	7

time: 946692508.5350641
diff: 25.464935898780823
waiting
going to web site
Hello world	Thread-25680	5

time: 946692534.5350649
diff: 30.464935064315796
waiting
going to web site
Hello world	Thread-25814	6

time: 946692565.5424811
diff: 25.457518935203552
waiting
going to web site
Hello world	Thread-25930	7

time: 946692591.536064
diff: 15.46393597126007
waiting
going to web site
Hello world	Thread-25994	5

time: 946692607.5350641
diff: 35.46493589878082
waiting
going to web site
Hello world	Thread-26138	4

time: 946692643.526064
diff: 4.473935961723328
waiting
going to web site
Hello world	Thread-26162	6

time: 946692648.5350641
diff: 18.464935898780823
waiting
going to web site
Hello world	Thread-26224	7

