time: 946686600.0
diff: 54.0
waiting
going to web site
Hello world	Thread-199	3

time: 946686654.530064
diff: -0.5300639867782593
going to web site
Hello world	Thread-202	2

time: 946686655.056128
diff: -0.05612802505493164
going to web site
Hello world	Thread-205	2

time: 946686655.587192
diff: 0.4128079414367676
waiting
going to web site
Hello world	Thread-208	3

time: 946686656.5330639
diff: 2.4669361114501953
waiting
going to web site
Hello world	Thread-217	4

time: 946686659.526065
diff: 0.47393500804901123
waiting
going to web site
Hello world	Thread-221	4

time: 946686660.539065
diff: 6.460934996604919
waiting
going to web site
Hello world	Thread-239	4

time: 946686667.526064
diff: -0.5260640382766724
going to web site
Hello world	Thread-242	3

time: 946686668.052128
diff: 2.947872042655945
waiting
going to web site
Hello world	Thread-257	4

time: 946686671.533065
diff: 1.4669350385665894
waiting
going to web site
Hello world	Thread-261	3

time: 946686673.544065
diff: -0.544064998626709
going to web site
Hello world	Thread-46	2

time: 946686674.070129
diff: -0.07012903690338135
going to web site
Hello world	Thread-265	4

time: 946686674.5961931
diff: 4.403806924819946
waiting
going to web site
Hello world	Thread-305	7

time: 946686679.531064
diff: -0.5310640335083008
going to web site
Hello world	Thread-312	4

time: 946686680.057128
diff: -1.0571279525756836
going to web site
Hello world	Thread-319	6

time: 946686680.5831921
diff: 1.4168078899383545
waiting
going to web site
Hello world	Thread-336	7

time: 946686682.540064
diff: 0.4599360227584839
waiting
going to web site
Hello world	Thread-345	6

time: 946686683.544065
diff: -0.544064998626709
going to web site
Hello world	Thread-52	2

time: 946686684.0761291
diff: 1.9238709211349487
waiting
going to web site
Hello world	Thread-366	6

time: 946686686.5414641
diff: 0.45853590965270996
waiting
going to web site
Hello world	Thread-378	6

time: 946686687.538064
diff: 1.4619359970092773
waiting
going to web site
Hello world	Thread-403	8

time: 946686689.5330639
diff: -0.5330638885498047
going to web site
Hello world	Thread-409	4

time: 946686690.066128
diff: -1.0661280155181885
going to web site
Hello world	Thread-417	6

time: 946686690.6078479
diff: 7.3921520709991455
waiting
going to web site
Hello world	Thread-502	3

time: 946686698.526065
diff: 0.47393500804901123
waiting
going to web site
Hello world	Thread-510	4

time: 946686699.5350649
diff: -0.5350649356842041
going to web site
Hello world	Thread-516	2

time: 946686700.067129
diff: 0.9328709840774536
waiting
going to web site
Hello world	Thread-525	6

time: 946686701.540065
diff: -0.5400650501251221
going to web site
Hello world	Thread-532	2

time: 946686702.069129
diff: -1.0691289901733398
going to web site
Hello world	Thread-535	6

time: 946686702.6027371
diff: 2.397262930870056
waiting
going to web site
Hello world	Thread-552	6

time: 946686705.5350641
diff: -0.5350641012191772
going to web site
Hello world	Thread-557	2

time: 946686706.072128
diff: 8.927871942520142
waiting
going to web site
Hello world	Thread-97	2

time: 946686715.535705
diff: 10.464295029640198
waiting
going to web site
Hello world	Thread-744	7

time: 946686726.5441201
diff: 0.45587992668151855
waiting
going to web site
Hello world	Thread-124	4

time: 946686727.5350641
diff: 13.464935898780823
waiting
going to web site
Hello world	Thread-825	5

time: 946686741.526064
diff: 9.473935961723328
waiting
going to web site
Hello world	Thread-173	5

time: 946686751.5270641
diff: 10.472935914993286
waiting
going to web site
Hello world	Thread-191	3

time: 946686762.5350641
diff: 9.464935898780823
waiting
going to web site
Hello world	Thread-224	5

time: 946686772.5350641
diff: 21.464935898780823
waiting
going to web site
Hello world	Thread-281	3

time: 946686794.536065
diff: 16.463935017585754
waiting
going to web site
Hello world	Thread-333	4

time: 946686811.5350649
diff: 27.464935064315796
waiting
going to web site
Hello world	Thread-423	2

time: 946686839.536881
diff: 14.46311902999878
waiting
going to web site
Hello world	Thread-476	4

time: 946686854.544065
diff: 23.45593500137329
waiting
going to web site
Hello world	Thread-553	5

time: 946686878.5351449
diff: 27.464855074882507
waiting
going to web site
Hello world	Thread-664	3

time: 946686906.526065
diff: 21.47393500804901
waiting
going to web site
Hello world	Thread-740	4

time: 946686928.526065
diff: 25.47393500804901
waiting
going to web site
Hello world	Thread-868	9

time: 946686954.543065
diff: 30.456935048103333
waiting
going to web site
Hello world	Thread-1007	4

time: 946686985.536065
diff: 14.463935017585754
waiting
going to web site
Hello world	Thread-1082	5

time: 946687000.541065
diff: 18.458935022354126
waiting
going to web site
Hello world	Thread-1172	5

time: 946687019.543065
diff: 37.45693504810333
waiting
going to web site
Hello world	Thread-1338	6

time: 946687057.537813
diff: 23.46218705177307
waiting
going to web site
Hello world	Thread-1446	6

time: 946687081.526065
diff: 18.47393500804901
waiting
going to web site
Hello world	Thread-1539	5

time: 946687100.544065
diff: 17.45593500137329
waiting
going to web site
Hello world	Thread-1611	6

time: 946687118.543065
diff: 26.456935048103333
waiting
going to web site
Hello world	Thread-1725	5

time: 946687145.533327
diff: 30.466673016548157
waiting
going to web site
Hello world	Thread-1848	6

time: 946687176.526065
diff: 16.47393500804901
waiting
going to web site
Hello world	Thread-1925	3

time: 946687193.526065
diff: 22.47393500804901
waiting
going to web site
Hello world	Thread-2021	5

time: 946687216.526065
diff: 26.47393500804901
waiting
going to web site
Hello world	Thread-2133	5

time: 946687243.5350649
diff: 16.464935064315796
waiting
going to web site
Hello world	Thread-2216	2

time: 946687260.844865
diff: 12.155135035514832
waiting
going to web site
Hello world	Thread-2281	3

time: 946687274.842833
diff: 19.157166957855225
waiting
going to web site
Hello world	Thread-2370	3

time: 946687294.832832
diff: 13.167168021202087
waiting
going to web site
Hello world	Thread-2429	4

time: 946687308.848833
diff: 38.151167035102844
waiting
going to web site
Hello world	Thread-2596	3

time: 946687347.841833
diff: 18.158167004585266
waiting
going to web site
Hello world	Thread-2680	2

time: 946687366.841833
diff: 15.158167004585266
waiting
going to web site
Hello world	Thread-2757	2

time: 946687382.842833
diff: 27.157166957855225
waiting
going to web site
Hello world	Thread-2880	5

time: 946687411.838832
diff: 37.16116797924042
waiting
going to web site
Hello world	Thread-3042	5

time: 946687449.8388469
diff: 7.161153078079224
waiting
going to web site
Hello world	Thread-3082	6

time: 946687457.832833
diff: 30.16716694831848
waiting
going to web site
Hello world	Thread-3218	4

time: 946687488.832832
diff: 26.167168021202087
waiting
going to web site
Hello world	Thread-3334	5

time: 946687515.850833
diff: 23.14916694164276
waiting
going to web site
Hello world	Thread-3438	5

time: 946687539.832832
diff: 15.167168021202087
waiting
going to web site
Hello world	Thread-3510	4

time: 946687555.841833
diff: 34.158167004585266
waiting
going to web site
Hello world	Thread-3659	4

time: 946687590.8500401
diff: 11.149959921836853
waiting
going to web site
Hello world	Thread-3708	5

time: 946687602.836832
diff: 25.16316795349121
waiting
going to web site
Hello world	Thread-3828	3

time: 946687628.832832
diff: 20.167168021202087
waiting
going to web site
Hello world	Thread-3914	5

time: 946687649.841833
diff: 19.158167004585266
waiting
going to web site
Hello world	Thread-4018	2

time: 946687672.860833
diff: 14.139166951179504
waiting
going to web site
Hello world	Thread-4084	6

time: 946687687.832832
diff: 26.167168021202087
waiting
going to web site
Hello world	Thread-4204	2

time: 946687714.85448
diff: 14.145519971847534
waiting
going to web site
Hello world	Thread-4272	4

time: 946687729.836832
diff: 25.16316795349121
waiting
going to web site
Hello world	Thread-4383	6

time: 946687755.832832
diff: 15.167168021202087
waiting
going to web site
Hello world	Thread-4455	4

time: 946687771.841833
diff: 17.158167004585266
waiting
going to web site
Hello world	Thread-4534	2

time: 946687789.851833
diff: 26.14816701412201
waiting
going to web site
Hello world	Thread-4658	3

time: 946687816.841833
diff: 29.158167004585266
waiting
going to web site
Hello world	Thread-4796	3

time: 946687846.841833
diff: 17.158167004585266
waiting
going to web site
Hello world	Thread-4871	3

time: 946687864.841833
diff: 31.158167004585266
waiting
going to web site
Hello world	Thread-5019	5

time: 946687896.832833
diff: 12.167166948318481
waiting
going to web site
Hello world	Thread-5077	2

time: 946687909.832832
diff: 28.167168021202087
waiting
going to web site
Hello world	Thread-5223	2

time: 946687939.841833
diff: 17.158167004585266
waiting
going to web site
Hello world	Thread-5312	2

time: 946687957.841833
diff: 7.158167004585266
waiting
going to web site
Hello world	Thread-5343	4

time: 946687965.841833
diff: 25.158167004585266
waiting
going to web site
Hello world	Thread-5468	3

time: 946687991.841833
diff: 21.158167004585266
waiting
going to web site
Hello world	Thread-5571	2

time: 946688013.841833
diff: 16.158167004585266
waiting
going to web site
Hello world	Thread-5639	2

time: 946688030.841833
diff: 39.158167004585266
waiting
going to web site
Hello world	Thread-5821	2

time: 946688070.832833
diff: 6.1671669483184814
waiting
going to web site
Hello world	Thread-5854	5

time: 946688077.832832
diff: 28.167168021202087
waiting
going to web site
Hello world	Thread-5983	3

time: 946688106.851833
diff: 27.14816701412201
waiting
going to web site
Hello world	Thread-6100	3

time: 946688134.841833
diff: 31.158167004585266
waiting
going to web site
Hello world	Thread-6240	5

time: 946688166.841833
diff: 21.158167004585266
waiting
going to web site
Hello world	Thread-6330	2

time: 946688188.8588331
diff: 23.141166925430298
waiting
going to web site
Hello world	Thread-6436	4

time: 946688212.832832
diff: 14.167168021202087
waiting
going to web site
Hello world	Thread-6508	2

time: 946688227.841833
diff: 28.158167004585266
waiting
going to web site
Hello world	Thread-6628	5

time: 946688256.845833
diff: 25.15416705608368
waiting
going to web site
Hello world	Thread-6745	4

time: 946688282.841833
diff: 28.158167004585266
waiting
going to web site
Hello world	Thread-6869	3

time: 946688311.841833
diff: 4.158167004585266
waiting
going to web site
Hello world	Thread-6900	2

time: 946688316.841833
diff: 27.158167004585266
waiting
going to web site
Hello world	Thread-7020	2

time: 946688345.841833
diff: 12.158167004585266
waiting
going to web site
Hello world	Thread-7081	3

time: 946688358.832833
diff: 11.167166948318481
waiting
going to web site
Hello world	Thread-7129	3

time: 946688370.836832
diff: 34.16316795349121
waiting
going to web site
Hello world	Thread-7291	3

time: 946688405.841833
diff: 13.158167004585266
waiting
going to web site
Hello world	Thread-7354	2

time: 946688419.841833
diff: 19.158167004585266
waiting
going to web site
Hello world	Thread-7445	3

time: 946688439.841833
diff: 20.158167004585266
waiting
going to web site
Hello world	Thread-7536	2

time: 946688460.842833
diff: 28.157166957855225
waiting
going to web site
Hello world	Thread-7661	3

time: 946688489.832832
diff: 27.167168021202087
waiting
going to web site
Hello world	Thread-7790	2

time: 946688517.841833
diff: 33.158167004585266
waiting
going to web site
Hello world	Thread-7929	3

time: 946688551.832833
diff: 16.16716694831848
waiting
going to web site
Hello world	Thread-8011	5

time: 946688568.836832
diff: 27.16316795349121
waiting
going to web site
Hello world	Thread-8130	4

time: 946688596.832832
diff: 29.167168021202087
waiting
going to web site
Hello world	Thread-8262	5

time: 946688626.841833
diff: 25.158167004585266
waiting
going to web site
Hello world	Thread-8372	3

time: 946688652.851833
diff: 21.14816701412201
waiting
going to web site
Hello world	Thread-8466	2

time: 946688674.842833
diff: 17.157166957855225
waiting
going to web site
Hello world	Thread-8544	4

time: 946688692.832832
diff: 25.167168021202087
waiting
going to web site
Hello world	Thread-8641	2

time: 946688718.841833
diff: 16.158167004585266
waiting
going to web site
Hello world	Thread-8716	2

time: 946688735.841833
diff: 29.158167004585266
waiting
going to web site
Hello world	Thread-8826	2

time: 946688765.841833
diff: 35.158167004585266
waiting
going to web site
Hello world	Thread-8974	4

time: 946688801.845833
diff: 27.15416705608368
waiting
going to web site
Hello world	Thread-9085	3

time: 946688829.841833
diff: 18.158167004585266
waiting
going to web site
Hello world	Thread-9171	3

time: 946688848.841833
diff: 2.158167004585266
waiting
going to web site
Hello world	Thread-9187	3

time: 946688851.841833
diff: 32.158167004585266
waiting
going to web site
Hello world	Thread-9319	4

time: 946688884.848833
diff: 16.151167035102844
waiting
going to web site
Hello world	Thread-9396	2

time: 946688901.841833
diff: 23.158167004585266
waiting
going to web site
Hello world	Thread-9500	2

time: 946688925.841833
diff: 20.158167004585266
waiting
going to web site
Hello world	Thread-9586	3

time: 946688946.841833
diff: 27.158167004585266
waiting
going to web site
Hello world	Thread-9722	2

time: 946688974.841833
diff: 20.158167004585266
waiting
going to web site
Hello world	Thread-9817	2

time: 946688995.841833
diff: 13.158167004585266
waiting
going to web site
Hello world	Thread-9888	2

time: 946689009.841833
diff: 6.158167004585266
waiting
going to web site
Hello world	Thread-9920	2

time: 946689016.841833
diff: 18.158167004585266
waiting
going to web site
Hello world	Thread-10005	2

time: 946689035.841833
diff: 25.158167004585266
waiting
going to web site
Hello world	Thread-10114	2

time: 946689061.832833
diff: 31.16716694831848
waiting
going to web site
Hello world	Thread-10266	5

time: 946689093.5350641
diff: 18.464935898780823
waiting
going to web site
Hello world	Thread-10351	7

time: 946689112.530064
diff: 27.46993601322174
waiting
going to web site
Hello world	Thread-10487	7

time: 946689140.531065
diff: 23.468935012817383
waiting
going to web site
Hello world	Thread-10601	6

time: 946689164.5448331
diff: 8.455166935920715
waiting
going to web site
Hello world	Thread-10639	6

time: 946689173.540064
diff: 21.459936022758484
waiting
going to web site
Hello world	Thread-10750	6

time: 946689195.544065
diff: 29.45593500137329
waiting
going to web site
Hello world	Thread-10895	5

time: 946689225.5350649
diff: 9.464935064315796
waiting
going to web site
Hello world	Thread-10940	7

time: 946689235.526065
diff: 19.47393500804901
waiting
going to web site
Hello world	Thread-11040	7

time: 946689255.539065
diff: 25.46093499660492
waiting
going to web site
Hello world	Thread-11159	7

time: 946689281.5350641
diff: 15.464935898780823
waiting
going to web site
Hello world	Thread-11239	7

time: 946689297.5294169
diff: 32.47058308124542
waiting
going to web site
Hello world	Thread-11390	6

time: 946689330.5350649
diff: 19.464935064315796
waiting
going to web site
Hello world	Thread-11486	5

time: 946689350.544065
diff: 20.45593500137329
waiting
going to web site
Hello world	Thread-11589	3

time: 946689371.5350649
diff: 18.464935064315796
waiting
going to web site
Hello world	Thread-11675	5

time: 946689390.544065
diff: 4.455935001373291
waiting
going to web site
Hello world	Thread-11697	6

time: 946689395.544065
diff: 32.45593500137329
waiting
going to web site
Hello world	Thread-11847	6

time: 946689428.544065
diff: 32.45593500137329
waiting
going to web site
Hello world	Thread-11995	6

time: 946689461.536065
diff: 24.463935017585754
waiting
going to web site
Hello world	Thread-12117	4

time: 946689486.544065
diff: 26.45593500137329
waiting
going to web site
Hello world	Thread-12230	5

time: 946689513.526065
diff: 20.47393500804901
waiting
going to web site
Hello world	Thread-12324	5

time: 946689534.539065
diff: 20.46093499660492
waiting
going to web site
Hello world	Thread-12427	7

time: 946689555.5350641
diff: 12.464935898780823
waiting
going to web site
Hello world	Thread-12484	4

time: 946689568.5350641
diff: 17.464935898780823
waiting
going to web site
Hello world	Thread-12568	6

time: 946689586.526064
diff: 20.473935961723328
waiting
going to web site
Hello world	Thread-12652	6

time: 946689607.5350641
diff: 25.464935898780823
waiting
going to web site
Hello world	Thread-12776	7

time: 946689633.5350641
diff: 13.464935898780823
waiting
going to web site
Hello world	Thread-12838	7

time: 946689647.5350641
diff: 31.464935898780823
waiting
going to web site
Hello world	Thread-12994	7

time: 946689679.5350641
diff: 8.464935898780823
waiting
going to web site
Hello world	Thread-13040	7

time: 946689688.5350641
diff: 22.464935898780823
waiting
going to web site
Hello world	Thread-13139	4

time: 946689711.7325839
diff: 19.2674161195755
waiting
going to web site
Hello world	Thread-13223	6

time: 946689731.732585
diff: 22.267415046691895
waiting
going to web site
Hello world	Thread-13338	5

time: 946689754.732585
diff: 24.267415046691895
waiting
going to web site
Hello world	Thread-13446	4

time: 946689779.720585
diff: 27.279415011405945
waiting
going to web site
Hello world	Thread-13573	6

time: 946689807.729777
diff: 25.270223021507263
waiting
going to web site
Hello world	Thread-13694	5

time: 946689833.732325
diff: 14.267675042152405
waiting
going to web site
Hello world	Thread-13772	6

time: 946689848.738325
diff: 30.261675000190735
waiting
going to web site
Hello world	Thread-13914	4

time: 946689879.730302
diff: 18.26969802379608
waiting
going to web site
Hello world	Thread-13996	6

time: 946689898.729585
diff: 16.27041494846344
waiting
going to web site
Hello world	Thread-14069	3

time: 946689915.7205839
diff: 39.27941608428955
waiting
going to web site
Hello world	Thread-14245	6

time: 946689955.729585
diff: 29.27041494846344
waiting
going to web site
Hello world	Thread-14376	4

time: 946689985.732325
diff: 22.267675042152405
waiting
going to web site
Hello world	Thread-14480	5

time: 946690008.729585
diff: 19.27041494846344
waiting
going to web site
Hello world	Thread-14566	5

time: 946690028.729584
diff: 8.270416021347046
waiting
going to web site
Hello world	Thread-14599	5

time: 946690037.729585
diff: 19.27041494846344
waiting
going to web site
Hello world	Thread-14683	7

time: 946690057.729584
diff: 22.270416021347046
waiting
going to web site
Hello world	Thread-14777	4

time: 946690080.732325
diff: 33.267675042152405
waiting
going to web site
Hello world	Thread-14929	5

time: 946690114.729585
diff: 22.27041494846344
waiting
going to web site
Hello world	Thread-15029	2

time: 946690137.7205839
diff: 20.27941608428955
waiting
going to web site
Hello world	Thread-15117	4

time: 946690158.720585
diff: 25.279415011405945
waiting
going to web site
Hello world	Thread-15220	4

time: 946690184.720585
diff: 19.279415011405945
waiting
going to web site
Hello world	Thread-15310	7

time: 946690204.729585
diff: 18.27041494846344
waiting
going to web site
Hello world	Thread-15391	4

time: 946690223.7205839
diff: 20.27941608428955
waiting
going to web site
Hello world	Thread-15487	2

time: 946690244.7245849
diff: 29.275415062904358
waiting
going to web site
Hello world	Thread-15623	4

time: 946690274.720585
diff: 17.279415011405945
waiting
going to web site
Hello world	Thread-15699	3

time: 946690292.730145
diff: 25.26985502243042
waiting
going to web site
Hello world	Thread-15814	2

time: 946690318.850788
diff: 30.14921200275421
waiting
going to web site
Hello world	Thread-15942	3

time: 946690349.8398329
diff: 23.16016709804535
waiting
going to web site
Hello world	Thread-16046	2

time: 946690373.841833
diff: 13.158167004585266
waiting
going to web site
Hello world	Thread-16106	4

time: 946690387.836833
diff: 29.163166999816895
waiting
going to web site
Hello world	Thread-16233	3

time: 946690417.832832
diff: 13.167168021202087
waiting
going to web site
Hello world	Thread-16296	2

time: 946690431.859481
diff: 32.14051902294159
waiting
going to web site
Hello world	Thread-16439	2

time: 946690464.84238
diff: 17.157619953155518
waiting
going to web site
Hello world	Thread-16518	4

time: 946690482.832832
diff: 24.167168021202087
waiting
going to web site
Hello world	Thread-16628	3

time: 946690507.841833
diff: 18.158167004585266
waiting
going to web site
Hello world	Thread-16714	2

time: 946690526.8420761
diff: 18.157923936843872
waiting
going to web site
Hello world	Thread-16798	4

time: 946690545.841833
diff: 17.158167004585266
waiting
going to web site
Hello world	Thread-16875	4

time: 946690563.832833
diff: 28.16716694831848
waiting
going to web site
Hello world	Thread-16996	4

time: 946690592.832832
diff: 33.16716802120209
waiting
going to web site
Hello world	Thread-17142	3

time: 946690626.841833
diff: 18.158167004585266
waiting
going to web site
Hello world	Thread-17222	2

time: 946690645.841833
diff: 33.158167004585266
waiting
going to web site
Hello world	Thread-17370	3

time: 946690679.841833
diff: 5.158167004585266
waiting
going to web site
Hello world	Thread-17397	4

time: 946690685.832833
diff: 32.16716694831848
waiting
going to web site
Hello world	Thread-17538	4

time: 946690718.832832
diff: 24.167168021202087
waiting
going to web site
Hello world	Thread-17655	2

time: 946690744.851457
diff: 11.148543000221252
waiting
going to web site
Hello world	Thread-17706	4

time: 946690756.832833
diff: 29.16716694831848
waiting
going to web site
Hello world	Thread-17836	4

time: 946690786.832832
diff: 23.167168021202087
waiting
going to web site
Hello world	Thread-17942	4

time: 946690810.832833
diff: 18.16716694831848
waiting
going to web site
Hello world	Thread-18025	6

time: 946690829.832832
diff: 32.16716802120209
waiting
going to web site
Hello world	Thread-18155	2

time: 946690862.841833
diff: 13.158167004585266
waiting
going to web site
Hello world	Thread-18212	2

time: 946690876.841833
diff: 33.158167004585266
waiting
going to web site
Hello world	Thread-18363	3

time: 946690910.851608
diff: 5.148391962051392
waiting
going to web site
Hello world	Thread-18387	3

time: 946690916.8478321
diff: 22.152167916297913
waiting
going to web site
Hello world	Thread-18480	3

time: 946690939.526064
diff: 36.47393596172333
waiting
going to web site
Hello world	Thread-18635	5

time: 946690976.5350641
diff: 11.464935898780823
waiting
going to web site
Hello world	Thread-18692	7

time: 946690988.5350649
diff: 23.464935064315796
waiting
going to web site
Hello world	Thread-18800	5

time: 946691012.5350649
diff: 20.464935064315796
waiting
going to web site
Hello world	Thread-18890	7

time: 946691033.5350649
diff: 25.464935064315796
waiting
going to web site
Hello world	Thread-19008	3

time: 946691059.526065
diff: 29.47393500804901
waiting
going to web site
Hello world	Thread-19137	5

time: 946691089.539065
diff: 10.46093499660492
waiting
going to web site
Hello world	Thread-19185	6

time: 946691100.5294169
diff: 14.470583081245422
waiting
going to web site
Hello world	Thread-19254	3

time: 946691115.544065
diff: 19.45593500137329
waiting
going to web site
Hello world	Thread-19341	5

time: 946691135.536065
diff: 25.463935017585754
waiting
going to web site
Hello world	Thread-19465	4

time: 946691161.5350649
diff: 26.464935064315796
waiting
going to web site
Hello world	Thread-19576	5

time: 946691188.544065
diff: 14.455935001373291
waiting
going to web site
Hello world	Thread-19648	6

time: 946691203.5350649
diff: 28.464935064315796
waiting
going to web site
Hello world	Thread-19784	5

time: 946691232.544065
diff: 20.45593500137329
waiting
going to web site
Hello world	Thread-19881	6

time: 946691253.544065
diff: 13.455935001373291
waiting
going to web site
Hello world	Thread-19949	5

time: 946691267.542065
diff: 26.457934975624084
waiting
going to web site
Hello world	Thread-20070	6

time: 946691294.5350641
diff: 17.464935898780823
waiting
going to web site
Hello world	Thread-20153	4

time: 946691312.5330639
diff: 8.466936111450195
waiting
going to web site
Hello world	Thread-20194	6

time: 946691321.540065
diff: 25.459934949874878
waiting
going to web site
Hello world	Thread-20314	6

time: 946691347.5350641
diff: 29.464935898780823
waiting
going to web site
Hello world	Thread-20467	6

time: 946691377.526064
diff: 13.473935961723328
waiting
going to web site
Hello world	Thread-20542	2

time: 946691391.526064
diff: 23.473935961723328
waiting
going to web site
Hello world	Thread-20655	7

time: 946691415.540064
diff: 21.459936022758484
waiting
going to web site
Hello world	Thread-20756	6

time: 946691437.5350649
diff: 17.464935064315796
waiting
going to web site
Hello world	Thread-20843	6

time: 946691455.544065
diff: 25.45593500137329
waiting
going to web site
Hello world	Thread-20968	5

time: 946691481.543065
diff: 12.456935048103333
waiting
going to web site
Hello world	Thread-21026	4

time: 946691494.533065
diff: 21.46693503856659
waiting
going to web site
Hello world	Thread-21125	6

time: 946691516.544065
diff: 40.45593500137329
waiting
going to web site
Hello world	Thread-21324	3

time: 946691557.841833
diff: 18.158167004585266
waiting
going to web site
Hello world	Thread-21405	4

time: 946691576.832833
diff: 12.167166948318481
waiting
going to web site
Hello world	Thread-21464	5

time: 946691589.832832
diff: 28.167168021202087
waiting
going to web site
Hello world	Thread-21599	2

time: 946691618.845833
diff: 34.15416705608368
waiting
going to web site
Hello world	Thread-21758	3

time: 946691654.836833
diff: 21.163166999816895
waiting
going to web site
Hello world	Thread-21849	3

time: 946691676.832832
diff: 8.167168021202087
waiting
going to web site
Hello world	Thread-21889	2

time: 946691685.841833
diff: 25.158167004585266
waiting
going to web site
Hello world	Thread-22014	3

time: 946691711.841833
diff: 28.158167004585266
waiting
going to web site
Hello world	Thread-22133	2

time: 946691740.841833
diff: 14.158167004585266
waiting
going to web site
Hello world	Thread-22201	3

time: 946691755.841833
diff: 18.158167004585266
waiting
going to web site
Hello world	Thread-22285	2

time: 946691774.851249
diff: 29.14875102043152
waiting
going to web site
Hello world	Thread-22417	3

time: 946691805.841833
diff: 11.158167004585266
waiting
going to web site
Hello world	Thread-22471	2

time: 946691817.845833
diff: 32.15416705608368
waiting
going to web site
Hello world	Thread-22614	5

time: 946691850.841833
diff: 17.158167004585266
waiting
going to web site
Hello world	Thread-22689	3

time: 946691868.832833
diff: 24.16716694831848
waiting
going to web site
Hello world	Thread-22804	5

time: 946691893.832832
diff: 21.167168021202087
waiting
going to web site
Hello world	Thread-22902	5

time: 946691915.832833
diff: 7.1671669483184814
waiting
going to web site
Hello world	Thread-22942	5

time: 946691923.832832
diff: 29.167168021202087
waiting
going to web site
Hello world	Thread-23087	3

time: 946691954.841833
diff: 15.158167004585266
waiting
going to web site
Hello world	Thread-23161	4

time: 946691970.8588331
diff: 15.141166925430298
waiting
going to web site
Hello world	Thread-23233	3

time: 946691986.832832
diff: 28.167168021202087
waiting
going to web site
Hello world	Thread-23371	4

time: 946692015.832833
diff: 22.16716694831848
waiting
going to web site
Hello world	Thread-23479	4

time: 946692038.832832
diff: 8.167168021202087
waiting
going to web site
Hello world	Thread-23526	2

time: 946692047.841833
diff: 25.158167004585266
waiting
going to web site
Hello world	Thread-23651	2

time: 946692073.841833
diff: 11.158167004585266
waiting
going to web site
Hello world	Thread-23704	2

time: 946692085.841833
diff: 25.158167004585266
waiting
going to web site
Hello world	Thread-23844	2

time: 946692114.841833
diff: 18.158167004585266
waiting
going to web site
Hello world	Thread-23932	3

time: 946692133.836833
diff: 19.163166999816895
waiting
going to web site
Hello world	Thread-24029	4

time: 946692153.832832
diff: 37.16716802120209
waiting
going to web site
Hello world	Thread-24203	6

time: 946692191.832833
diff: 24.16716694831848
waiting
going to web site
Hello world	Thread-24315	3

time: 946692216.832832
diff: 22.167168021202087
waiting
going to web site
Hello world	Thread-24415	6

time: 946692239.841833
diff: 19.158167004585266
waiting
going to web site
Hello world	Thread-24518	4

time: 946692260.841833
diff: 27.158167004585266
waiting
going to web site
Hello world	Thread-24646	2

time: 946692289.842665
diff: 16.15733504295349
waiting
going to web site
Hello world	Thread-24726	5

time: 946692306.841833
diff: 25.158167004585266
waiting
going to web site
Hello world	Thread-24834	3

time: 946692332.832833
diff: 22.16716694831848
waiting
going to web site
Hello world	Thread-24930	3

time: 946692355.832832
diff: 31.167168021202087
waiting
going to web site
Hello world	Thread-25061	2

time: 946692387.832833
diff: 7.1671669483184814
waiting
going to web site
Hello world	Thread-25103	7

time: 946692395.832832
diff: 32.16716802120209
waiting
going to web site
Hello world	Thread-25244	4

time: 946692429.845833
diff: 14.15416705608368
waiting
going to web site
Hello world	Thread-25315	2

time: 946692445.854833
diff: 19.145166993141174
waiting
going to web site
Hello world	Thread-25393	4

time: 946692465.832832
diff: 24.167168021202087
waiting
going to web site
Hello world	Thread-25502	2

time: 946692490.832833
diff: 25.16716694831848
waiting
going to web site
Hello world	Thread-25614	3

time: 946692516.832832
diff: 28.167168021202087
waiting
going to web site
Hello world	Thread-25730	4

time: 946692545.841833
diff: 24.158167004585266
waiting
going to web site
Hello world	Thread-25838	6

time: 946692570.836833
diff: 29.163166999816895
waiting
going to web site
Hello world	Thread-25960	5

time: 946692600.836832
diff: 18.16316795349121
waiting
going to web site
Hello world	Thread-26049	5

time: 946692619.832832
diff: 15.167168021202087
waiting
going to web site
Hello world	Thread-26116	2

time: 946692636.841833
diff: 23.158167004585266
waiting
going to web site
Hello world	Thread-26209	2

