time: 946686600.0
diff: 123.0
waiting
going to web site
Hello world	Thread-722	2

time: 946686723.832832
diff: -0.8328319787979126
going to web site
Hello world	Thread-726	4

time: 946686724.665664
diff: -0.6656639575958252
going to web site
Hello world	Thread-735	2

time: 946686725.510496
diff: 0.48950397968292236
waiting
going to web site
Hello world	Thread-745	3

time: 946686726.837832
diff: -0.837831974029541
going to web site
Hello world	Thread-751	5

time: 946686727.673664
diff: -1.6736639738082886
going to web site
Hello world	Thread-757	2

time: 946686728.5201739
diff: -1.5201739072799683
going to web site
Hello world	Thread-762	3

time: 946686729.366006
diff: -2.366006016731262
going to web site
Hello world	Thread-765	2

time: 946686730.2018379
diff: -2.20183789730072
going to web site
Hello world	Thread-767	2

time: 946686731.03467
diff: -2.0346699953079224
going to web site
Hello world	Thread-770	3

time: 946686731.867502
diff: 6.132498025894165
waiting
going to web site
Hello world	Thread-805	2

time: 946686738.836833
diff: -0.8368330001831055
going to web site
Hello world	Thread-810	5

time: 946686739.669665
diff: 1.330335021018982
waiting
going to web site
Hello world	Thread-827	4

time: 946686741.852833
diff: -0.8528330326080322
going to web site
Hello world	Thread-832	4

time: 946686742.685665
diff: 3.314334988594055
waiting
going to web site
Hello world	Thread-162	3

time: 946686746.871946
diff: 16.128054022789
waiting
going to web site
Hello world	Thread-195	2

time: 946686763.867481
diff: 18.132519006729126
waiting
going to web site
Hello world	Thread-255	4

time: 946686782.843833
diff: 25.156167030334473
waiting
going to web site
Hello world	Thread-326	2

time: 946686808.860833
diff: 16.139166951179504
waiting
going to web site
Hello world	Thread-382	2

time: 946686825.836833
diff: 18.163166999816895
waiting
going to web site
Hello world	Thread-438	2

time: 946686844.8418319
diff: 14.158168077468872
waiting
going to web site
Hello world	Thread-491	2

time: 946686859.8378329
diff: 5.162167072296143
waiting
going to web site
Hello world	Thread-511	2

time: 946686865.832833
diff: 31.16716694831848
waiting
going to web site
Hello world	Thread-629	4

time: 946686897.840832
diff: 7.159168004989624
waiting
going to web site
Hello world	Thread-661	2

time: 946686905.841833
diff: 28.158167004585266
waiting
going to web site
Hello world	Thread-779	3

time: 946686934.841833
diff: 19.158167004585266
waiting
going to web site
Hello world	Thread-878	2

time: 946686955.8635919
diff: 27.13640809059143
waiting
going to web site
Hello world	Thread-999	4

time: 946686983.841833
diff: 33.158167004585266
waiting
going to web site
Hello world	Thread-1165	4

time: 946687017.845833
diff: 12.15416705608368
waiting
going to web site
Hello world	Thread-1222	2

time: 946687030.859481
diff: 31.14051902294159
waiting
going to web site
Hello world	Thread-1368	3

time: 946687062.841833
diff: 19.158167004585266
waiting
going to web site
Hello world	Thread-1455	6

time: 946687082.841833
diff: 24.158167004585266
waiting
going to web site
Hello world	Thread-1568	2

time: 946687107.832833
diff: 14.167166948318481
waiting
going to web site
Hello world	Thread-1633	2

time: 946687122.851481
diff: 35.14851903915405
waiting
going to web site
Hello world	Thread-1785	3

time: 946687158.841833
diff: 14.158167004585266
waiting
going to web site
Hello world	Thread-1843	3

time: 946687173.841833
diff: 16.158167004585266
waiting
going to web site
Hello world	Thread-1914	3

time: 946687190.842833
diff: 32.157166957855225
waiting
going to web site
Hello world	Thread-2057	6

time: 946687223.832832
diff: 29.167168021202087
waiting
going to web site
Hello world	Thread-2183	4

time: 946687253.844833
diff: 11.155166983604431
waiting
going to web site
Hello world	Thread-2236	3

time: 946687265.832832
diff: 24.167168021202087
waiting
going to web site
Hello world	Thread-2350	2

time: 946687290.832833
diff: 23.16716694831848
waiting
going to web site
Hello world	Thread-2456	4

time: 946687314.832832
diff: 27.167168021202087
waiting
going to web site
Hello world	Thread-2576	2

time: 946687342.841833
diff: 15.158167004585266
waiting
going to web site
Hello world	Thread-2651	2

time: 946687358.841833
diff: 20.158167004585266
waiting
going to web site
Hello world	Thread-2745	4

time: 946687379.8398329
diff: 6.160167098045349
waiting
going to web site
Hello world	Thread-2772	2

time: 946687386.832833
diff: 22.16716694831848
waiting
going to web site
Hello world	Thread-2869	4

time: 946687409.832832
diff: 29.167168021202087
waiting
going to web site
Hello world	Thread-3000	2

time: 946687439.841833
diff: 22.158167004585266
waiting
going to web site
Hello world	Thread-3104	3

time: 946687462.841833
diff: 24.158167004585266
waiting
going to web site
Hello world	Thread-3214	2

time: 946687487.832833
diff: 32.16716694831848
waiting
going to web site
Hello world	Thread-3354	5

time: 946687520.8398321
diff: 18.160167932510376
waiting
going to web site
Hello world	Thread-3439	4

time: 946687539.832832
diff: 32.16716802120209
waiting
going to web site
Hello world	Thread-3591	4

time: 946687573.845833
diff: 6.154167056083679
waiting
going to web site
Hello world	Thread-3617	2

time: 946687580.842041
diff: 31.157958984375
waiting
going to web site
Hello world	Thread-3758	2

time: 946687612.832832
diff: 17.167168021202087
waiting
going to web site
Hello world	Thread-3834	3

time: 946687630.832833
diff: 25.16716694831848
waiting
going to web site
Hello world	Thread-3945	2

time: 946687656.832832
diff: 32.16716802120209
waiting
going to web site
Hello world	Thread-4098	3

time: 946687689.841833
diff: 13.158167004585266
waiting
going to web site
Hello world	Thread-4158	2

time: 946687703.832833
diff: 17.16716694831848
waiting
going to web site
Hello world	Thread-4235	3

time: 946687721.836832
diff: 23.16316795349121
waiting
going to web site
Hello world	Thread-4341	2

time: 946687745.836832
diff: 25.16316795349121
waiting
going to web site
Hello world	Thread-4452	6

time: 946687771.832832
diff: 19.167168021202087
waiting
going to web site
Hello world	Thread-4544	3

time: 946687791.841833
diff: 15.158167004585266
waiting
going to web site
Hello world	Thread-4620	2

time: 946687807.841833
diff: 14.158167004585266
waiting
going to web site
Hello world	Thread-4686	2

time: 946687822.832833
diff: 25.16716694831848
waiting
going to web site
Hello world	Thread-4805	5

time: 946687848.832832
diff: 20.167168021202087
waiting
going to web site
Hello world	Thread-4897	4

time: 946687869.832833
diff: 30.16716694831848
waiting
going to web site
Hello world	Thread-5041	5

time: 946687900.832832
diff: 21.167168021202087
waiting
going to web site
Hello world	Thread-5146	4

time: 946687923.849833
diff: 26.150166988372803
waiting
going to web site
Hello world	Thread-5276	6

time: 946687950.832832
diff: 26.167168021202087
waiting
going to web site
Hello world	Thread-5408	2

time: 946687977.841833
diff: 17.158167004585266
waiting
going to web site
Hello world	Thread-5490	2

time: 946687995.841833
diff: 14.158167004585266
waiting
going to web site
Hello world	Thread-5558	2

time: 946688011.841833
diff: 23.158167004585266
waiting
going to web site
Hello world	Thread-5670	5

time: 946688035.836833
diff: 6.1631669998168945
waiting
going to web site
Hello world	Thread-5697	3

time: 946688042.8338319
diff: 23.166168093681335
waiting
going to web site
Hello world	Thread-5806	2

time: 946688066.841833
diff: 28.158167004585266
waiting
going to web site
Hello world	Thread-5932	2

time: 946688095.832833
diff: 15.167166948318481
waiting
going to web site
Hello world	Thread-6005	5

time: 946688111.832832
diff: 27.167168021202087
waiting
going to web site
Hello world	Thread-6124	2

time: 946688139.84748
diff: 24.152519941329956
waiting
going to web site
Hello world	Thread-6227	3

time: 946688164.8398329
diff: 19.16016709804535
waiting
going to web site
Hello world	Thread-6313	2

time: 946688184.841833
diff: 21.158167004585266
waiting
going to web site
Hello world	Thread-6415	2

time: 946688206.841833
diff: 35.158167004585266
waiting
going to web site
Hello world	Thread-6566	2

time: 946688242.832833
diff: 16.16716694831848
waiting
going to web site
Hello world	Thread-6645	4

time: 946688259.832832
diff: 31.167168021202087
waiting
going to web site
Hello world	Thread-6784	5

time: 946688291.832833
diff: 16.16716694831848
waiting
going to web site
Hello world	Thread-6859	2

time: 946688308.832832
diff: 28.167168021202087
waiting
going to web site
Hello world	Thread-6988	2

time: 946688337.832833
diff: 23.16716694831848
waiting
going to web site
Hello world	Thread-7092	4

time: 946688361.832832
diff: 25.167168021202087
waiting
going to web site
Hello world	Thread-7211	3

time: 946688387.841833
diff: 3.158167004585266
waiting
going to web site
Hello world	Thread-7227	3

time: 946688391.841833
diff: 33.158167004585266
waiting
going to web site
Hello world	Thread-7380	2

time: 946688425.841833
diff: 12.158167004585266
waiting
going to web site
Hello world	Thread-7440	2

time: 946688438.841833
diff: 19.158167004585266
waiting
going to web site
Hello world	Thread-7526	2

time: 946688458.842128
diff: 26.157871961593628
waiting
going to web site
Hello world	Thread-7649	3

time: 946688486.836832
diff: 4.163167953491211
waiting
going to web site
Hello world	Thread-7666	3

time: 946688491.832832
diff: 27.167168021202087
waiting
going to web site
Hello world	Thread-7802	2

time: 946688519.841833
diff: 21.158167004585266
waiting
going to web site
Hello world	Thread-7892	2

time: 946688541.841833
diff: 22.158167004585266
waiting
going to web site
Hello world	Thread-7994	5

time: 946688564.7971929
diff: 35.20280706882477
waiting
going to web site
Hello world	Thread-8147	3

time: 946688600.802193
diff: 19.19780695438385
waiting
going to web site
Hello world	Thread-8239	3

time: 946688620.797192
diff: 23.202808022499084
waiting
going to web site
Hello world	Thread-8336	3

time: 946688644.7971929
diff: 27.202807068824768
waiting
going to web site
Hello world	Thread-8456	5

time: 946688672.802193
diff: 27.19780695438385
waiting
going to web site
Hello world	Thread-8569	4

time: 946688700.797192
diff: 26.202808022499084
waiting
going to web site
Hello world	Thread-8680	5

time: 946688727.7971929
diff: 25.202807068824768
waiting
going to web site
Hello world	Thread-8786	6

time: 946688753.802193
diff: 25.19780695438385
waiting
going to web site
Hello world	Thread-8880	6

time: 946688779.797192
diff: 15.202808022499084
waiting
going to web site
Hello world	Thread-8941	5

time: 946688795.802193
diff: 21.19780695438385
waiting
going to web site
Hello world	Thread-9037	3

time: 946688817.797192
diff: 36.202808022499084
waiting
going to web site
Hello world	Thread-9199	3

time: 946688854.802193
diff: 22.19780695438385
waiting
going to web site
Hello world	Thread-9291	3

time: 946688877.8031449
diff: 21.196855068206787
waiting
going to web site
Hello world	Thread-9387	3

time: 946688899.802193
diff: 13.19780695438385
waiting
going to web site
Hello world	Thread-9445	5

time: 946688913.802192
diff: 17.197808027267456
waiting
going to web site
Hello world	Thread-9526	3

time: 946688931.8031449
diff: 17.196855068206787
waiting
going to web site
Hello world	Thread-9595	6

time: 946688949.7971929
diff: 26.202807068824768
waiting
going to web site
Hello world	Thread-9728	4

time: 946688976.7971929
diff: 27.202807068824768
waiting
going to web site
Hello world	Thread-9860	6

time: 946689004.7971929
diff: 16.202807068824768
waiting
going to web site
Hello world	Thread-9934	5

time: 946689021.802193
diff: 27.19780695438385
waiting
going to web site
Hello world	Thread-10062	4

time: 946689049.802192
diff: 24.197808027267456
waiting
going to web site
Hello world	Thread-10182	3

time: 946689074.812193
diff: 8.187806963920593
waiting
going to web site
Hello world	Thread-10227	4

time: 946689083.802192
diff: 15.197808027267456
waiting
going to web site
Hello world	Thread-10288	5

time: 946689099.7971929
diff: 18.202807068824768
waiting
going to web site
Hello world	Thread-10383	3

time: 946689118.7971929
diff: 16.202807068824768
waiting
going to web site
Hello world	Thread-10467	3

time: 946689135.802193
diff: 37.19780695438385
waiting
going to web site
Hello world	Thread-10642	3

time: 946689173.797192
diff: 9.202808022499084
waiting
going to web site
Hello world	Thread-10694	4

time: 946689183.8031449
diff: 32.19685506820679
waiting
going to web site
Hello world	Thread-10855	5

time: 946689216.811193
diff: 26.188807010650635
waiting
going to web site
Hello world	Thread-10976	5

time: 946689243.7971929
diff: 7.202807068824768
waiting
going to web site
Hello world	Thread-11036	5

time: 946689254.8031449
diff: 27.196855068206787
waiting
going to web site
Hello world	Thread-11165	4

time: 946689282.7971929
diff: 17.202807068824768
waiting
going to web site
Hello world	Thread-11256	3

time: 946689300.7971929
diff: 9.202807068824768
waiting
going to web site
Hello world	Thread-11306	5

time: 946689311.811193
diff: 18.188807010650635
waiting
going to web site
Hello world	Thread-11393	4

time: 946689330.811193
diff: 27.188807010650635
waiting
going to web site
Hello world	Thread-11523	4

time: 946689358.8031449
diff: 20.196855068206787
waiting
going to web site
Hello world	Thread-11621	4

time: 946689379.802193
diff: 17.19780695438385
waiting
going to web site
Hello world	Thread-11708	5

time: 946689397.812192
diff: 36.1878080368042
waiting
going to web site
Hello world	Thread-11879	5

time: 946689434.802193
diff: 11.19780695438385
waiting
going to web site
Hello world	Thread-11917	4

time: 946689446.812192
diff: 8.1878080368042
waiting
going to web site
Hello world	Thread-11967	4

time: 946689455.802193
diff: 20.19780695438385
waiting
going to web site
Hello world	Thread-12071	3

time: 946689476.802192
diff: 30.197808027267456
waiting
going to web site
Hello world	Thread-12202	3

time: 946689507.802193
diff: 31.19780695438385
waiting
going to web site
Hello world	Thread-12352	5

time: 946689539.802192
diff: 24.197808027267456
waiting
going to web site
Hello world	Thread-12472	5

time: 946689564.806193
diff: 24.193807005882263
waiting
going to web site
Hello world	Thread-12585	4

time: 946689589.802193
diff: 26.19780695438385
waiting
going to web site
Hello world	Thread-12694	7

time: 946689616.802192
diff: 12.197808027267456
waiting
going to web site
Hello world	Thread-12757	5

time: 946689629.802193
diff: 13.19780695438385
waiting
going to web site
Hello world	Thread-12822	3

time: 946689643.802192
diff: 24.197808027267456
waiting
going to web site
Hello world	Thread-12941	3

time: 946689668.802193
diff: 12.19780695438385
waiting
going to web site
Hello world	Thread-13004	7

time: 946689681.797192
diff: 36.202808022499084
waiting
going to web site
Hello world	Thread-13175	5

time: 946689718.7991929
diff: 9.200807094573975
waiting
going to web site
Hello world	Thread-13210	5

time: 946689728.8131449
diff: 32.18685507774353
waiting
going to web site
Hello world	Thread-13372	6

time: 946689761.7971929
diff: 5.202807068824768
waiting
going to web site
Hello world	Thread-13395	3

time: 946689767.806193
diff: 23.193807005882263
waiting
going to web site
Hello world	Thread-13507	2

time: 946689791.903777
diff: 23.09622299671173
waiting
going to web site
Hello world	Thread-13618	3

time: 946689815.9027761
diff: 22.0972238779068
waiting
going to web site
Hello world	Thread-13728	2

time: 946689839.9027761
diff: 13.0972238779068
waiting
going to web site
Hello world	Thread-13800	4

time: 946689853.9027761
diff: 22.0972238779068
waiting
going to web site
Hello world	Thread-13907	2

time: 946689877.912673
diff: 22.087327003479004
waiting
going to web site
Hello world	Thread-14010	2

time: 946689900.910777
diff: 26.08922302722931
waiting
going to web site
Hello world	Thread-14126	2

time: 946689927.910777
diff: 26.08922302722931
waiting
going to web site
Hello world	Thread-14244	2

time: 946689954.905777
diff: 13.094223022460938
waiting
going to web site
Hello world	Thread-14303	2

time: 946689968.911657
diff: 25.088343024253845
waiting
going to web site
Hello world	Thread-14425	2

time: 946689995.910777
diff: 28.08922302722931
waiting
going to web site
Hello world	Thread-14552	2

time: 946690024.913777
diff: 32.086223006248474
waiting
going to web site
Hello world	Thread-14688	2

time: 946690057.910777
diff: 14.089223027229309
waiting
going to web site
Hello world	Thread-14755	2

time: 946690073.910777
diff: 30.08922302722931
waiting
going to web site
Hello world	Thread-14897	2

time: 946690105.910777
diff: 6.089223027229309
waiting
going to web site
Hello world	Thread-14923	2

time: 946690112.901777
diff: 28.098222970962524
waiting
going to web site
Hello world	Thread-15046	2

time: 946690141.903776
diff: 23.096223950386047
waiting
going to web site
Hello world	Thread-15150	2

time: 946690165.903776
diff: 21.096223950386047
waiting
going to web site
Hello world	Thread-15237	2

time: 946690187.904776
diff: 17.095224022865295
waiting
going to web site
Hello world	Thread-15320	2

time: 946690205.910777
diff: 28.08922302722931
waiting
going to web site
Hello world	Thread-15446	2

time: 946690234.910777
diff: 22.08922302722931
waiting
going to web site
Hello world	Thread-15545	2

time: 946690257.913777
diff: 23.086223006248474
waiting
going to web site
Hello world	Thread-15646	2

time: 946690281.902777
diff: 20.097223043441772
waiting
going to web site
Hello world	Thread-15740	2

time: 946690302.901777
diff: 19.098222970962524
waiting
going to web site
Hello world	Thread-15831	2

time: 946690322.9027761
diff: 17.0972238779068
waiting
going to web site
Hello world	Thread-15909	2

time: 946690340.9027761
diff: 23.0972238779068
waiting
going to web site
Hello world	Thread-16019	2

time: 946690367.901776
diff: 26.09822404384613
waiting
going to web site
Hello world	Thread-16138	5

time: 946690394.836833
diff: 25.163166999816895
waiting
going to web site
Hello world	Thread-16247	5

time: 946690420.8408331
diff: 22.159166932106018
waiting
going to web site
Hello world	Thread-16352	3

time: 946690443.832832
diff: 32.16716802120209
waiting
going to web site
Hello world	Thread-16494	5

time: 946690476.841833
diff: 22.158167004585266
waiting
going to web site
Hello world	Thread-16599	4

time: 946690499.842833
diff: 12.157166957855225
waiting
going to web site
Hello world	Thread-16650	4

time: 946690512.832832
diff: 15.167168021202087
waiting
going to web site
Hello world	Thread-16721	2

time: 946690528.841833
diff: 27.158167004585266
waiting
going to web site
Hello world	Thread-16838	3

time: 946690556.845833
diff: 17.15416705608368
waiting
going to web site
Hello world	Thread-16920	4

time: 946690574.841833
diff: 20.158167004585266
waiting
going to web site
Hello world	Thread-17011	5

time: 946690595.832833
diff: 20.16716694831848
waiting
going to web site
Hello world	Thread-17100	3

time: 946690616.832832
diff: 31.167168021202087
waiting
going to web site
Hello world	Thread-17238	2

time: 946690649.841833
diff: 17.158167004585266
waiting
going to web site
Hello world	Thread-17318	4

time: 946690667.841833
diff: 32.158167004585266
waiting
going to web site
Hello world	Thread-17465	3

time: 946690700.841833
diff: 25.158167004585266
waiting
going to web site
Hello world	Thread-17573	3

time: 946690726.841833
diff: 29.158167004585266
waiting
going to web site
Hello world	Thread-17704	6

time: 946690756.832833
diff: 15.167166948318481
waiting
going to web site
Hello world	Thread-17779	7

time: 946690772.832832
diff: 15.167168021202087
waiting
going to web site
Hello world	Thread-17848	3

time: 946690788.841833
diff: 20.158167004585266
waiting
going to web site
Hello world	Thread-17939	4

time: 946690809.845833
diff: 21.15416705608368
waiting
going to web site
Hello world	Thread-18035	3

time: 946690831.836833
diff: 35.163166999816895
waiting
going to web site
Hello world	Thread-18178	4

time: 946690867.832832
diff: 17.167168021202087
waiting
going to web site
Hello world	Thread-18252	5

time: 946690885.841833
diff: 14.158167004585266
waiting
going to web site
Hello world	Thread-18320	3

time: 946690900.845833
diff: 24.15416705608368
waiting
going to web site
Hello world	Thread-18417	3

time: 946690925.841833
diff: 21.158167004585266
waiting
going to web site
Hello world	Thread-18519	4

time: 946690947.832833
diff: 31.16716694831848
waiting
going to web site
Hello world	Thread-18651	4

time: 946690979.832832
diff: 17.167168021202087
waiting
going to web site
Hello world	Thread-18740	3

time: 946690998.8478329
diff: 30.152167081832886
waiting
going to web site
Hello world	Thread-18874	4

time: 946691029.832833
diff: 19.16716694831848
waiting
going to web site
Hello world	Thread-18963	2

time: 946691049.832832
diff: 27.167168021202087
waiting
going to web site
Hello world	Thread-19091	4

time: 946691078.841833
diff: 8.158167004585266
waiting
going to web site
Hello world	Thread-19129	3

time: 946691087.832833
diff: 29.16716694831848
waiting
going to web site
Hello world	Thread-19269	2

time: 946691118.832832
diff: 9.167168021202087
waiting
going to web site
Hello world	Thread-19310	5

time: 946691128.832833
diff: 26.16716694831848
waiting
going to web site
Hello world	Thread-19438	3

time: 946691155.832832
diff: 30.167168021202087
waiting
going to web site
Hello world	Thread-19569	2

time: 946691186.845833
diff: 4.154167056083679
waiting
going to web site
Hello world	Thread-19593	4

time: 946691191.841833
diff: 23.158167004585266
waiting
going to web site
Hello world	Thread-19704	2

time: 946691215.841833
diff: 32.158167004585266
waiting
going to web site
Hello world	Thread-19895	3

time: 946691255.841833
diff: 7.158167004585266
waiting
going to web site
Hello world	Thread-19932	3

time: 946691263.841833
diff: 24.158167004585266
waiting
going to web site
Hello world	Thread-20046	4

time: 946691288.841833
diff: 19.158167004585266
waiting
going to web site
Hello world	Thread-20134	3

time: 946691308.8558329
diff: 19.144167065620422
waiting
going to web site
Hello world	Thread-20241	2

time: 946691329.850833
diff: 8.149166941642761
waiting
going to web site
Hello world	Thread-20278	4

time: 946691338.832832
diff: 28.167168021202087
waiting
going to web site
Hello world	Thread-20416	4

time: 946691368.841833
diff: 21.158167004585266
waiting
going to web site
Hello world	Thread-20540	3

time: 946691390.84224
diff: 19.15776002407074
waiting
going to web site
Hello world	Thread-20635	4

time: 946691411.841833
diff: 8.158167004585266
waiting
going to web site
Hello world	Thread-20698	2

time: 946691423.842833
diff: 21.157166957855225
waiting
going to web site
Hello world	Thread-20797	3

time: 946691445.832832
diff: 36.16716802120209
waiting
going to web site
Hello world	Thread-20978	5

time: 946691482.841833
diff: 14.158167004585266
waiting
going to web site
Hello world	Thread-21042	3

time: 946691497.841833
diff: 7.158167004585266
waiting
going to web site
Hello world	Thread-21083	3

time: 946691505.841833
diff: 26.158167004585266
waiting
going to web site
Hello world	Thread-21204	4

time: 946691532.841833
diff: 16.158167004585266
waiting
going to web site
Hello world	Thread-21286	3

time: 946691549.832833
diff: 25.16716694831848
waiting
going to web site
Hello world	Thread-21406	3

time: 946691576.851832
diff: 14.148167967796326
waiting
going to web site
Hello world	Thread-21473	5

time: 946691591.832832
diff: 36.16716802120209
waiting
going to web site
Hello world	Thread-21657	2

time: 946691631.858037
diff: 28.141963005065918
waiting
going to web site
Hello world	Thread-21787	2

time: 946691660.860037
diff: 6.1399630308151245
waiting
going to web site
Hello world	Thread-21810	4

time: 946691668.849037
diff: 38.15096294879913
waiting
going to web site
Hello world	Thread-21992	2

time: 946691707.863036
diff: 17.136963963508606
waiting
going to web site
Hello world	Thread-22072	2

time: 946691725.850935
diff: 25.149065017700195
waiting
going to web site
Hello world	Thread-22192	2

time: 946691752.858037
diff: 9.141963005065918
waiting
going to web site
Hello world	Thread-22237	3

time: 946691763.850037
diff: 26.14996302127838
waiting
going to web site
Hello world	Thread-22368	2

time: 946691793.859948
diff: 20.14005196094513
waiting
going to web site
Hello world	Thread-22457	4

time: 946691814.849036
diff: 20.15096402168274
waiting
going to web site
Hello world	Thread-22554	2

time: 946691836.8630371
diff: 13.136962890625
waiting
going to web site
Hello world	Thread-22612	3

time: 946691850.850935
diff: 28.149065017700195
waiting
going to web site
Hello world	Thread-22747	2

time: 946691879.859037
diff: 13.140962958335876
waiting
going to web site
Hello world	Thread-22806	2

time: 946691893.850935
diff: 33.149065017700195
waiting
going to web site
Hello world	Thread-22957	2

time: 946691927.850037
diff: 23.14996302127838
waiting
going to web site
Hello world	Thread-23071	2

time: 946691951.859037
diff: 18.140962958335876
waiting
going to web site
Hello world	Thread-23156	7

time: 946691970.849036
diff: 13.15096402168274
waiting
going to web site
Hello world	Thread-23227	3

time: 946691984.860037
diff: 23.139963030815125
waiting
going to web site
Hello world	Thread-23336	2

time: 946692008.858037
diff: 24.141963005065918
waiting
going to web site
Hello world	Thread-23458	2

time: 946692033.8630371
diff: 14.136962890625
waiting
going to web site
Hello world	Thread-23531	3

time: 946692048.849036
diff: 20.15096402168274
waiting
going to web site
Hello world	Thread-23633	2

time: 946692069.8650371
diff: 19.134962916374207
waiting
going to web site
Hello world	Thread-23728	4

time: 946692089.849036
diff: 22.15096402168274
waiting
going to web site
Hello world	Thread-23839	2

time: 946692113.869037
diff: 6.13096296787262
waiting
going to web site
Hello world	Thread-23875	4

time: 946692120.849036
diff: 17.15096402168274
waiting
going to web site
Hello world	Thread-23956	2

time: 946692138.859037
diff: 28.140962958335876
waiting
going to web site
Hello world	Thread-24088	3

time: 946692167.850935
diff: 13.149065017700195
waiting
going to web site
Hello world	Thread-24158	2

time: 946692182.869037
diff: 22.13096296787262
waiting
going to web site
Hello world	Thread-24260	3

time: 946692205.849036
diff: 25.15096402168274
waiting
going to web site
Hello world	Thread-24384	3

time: 946692231.832833
diff: 31.16716694831848
waiting
going to web site
Hello world	Thread-24529	5

time: 946692263.832832
diff: 29.167168021202087
waiting
going to web site
Hello world	Thread-24662	3

time: 946692293.841833
diff: 19.158167004585266
waiting
going to web site
Hello world	Thread-24765	2

time: 946692316.841833
diff: 11.158167004585266
waiting
going to web site
Hello world	Thread-24817	3

time: 946692328.841833
diff: 25.158167004585266
waiting
going to web site
Hello world	Thread-24926	2

time: 946692354.841833
diff: 33.158167004585266
waiting
going to web site
Hello world	Thread-25073	2

time: 946692389.834833
diff: 18.165166974067688
waiting
going to web site
Hello world	Thread-25153	3

time: 946692408.832832
diff: 25.167168021202087
waiting
going to web site
Hello world	Thread-25269	5

time: 946692434.841833
diff: 21.158167004585266
waiting
going to web site
Hello world	Thread-25359	5

time: 946692456.841833
diff: 15.158167004585266
waiting
going to web site
Hello world	Thread-25436	3

time: 946692473.841833
diff: 24.158167004585266
waiting
going to web site
Hello world	Thread-25531	6

time: 946692498.832833
diff: 33.16716694831848
waiting
going to web site
Hello world	Thread-25673	3

time: 946692532.832832
diff: 10.167168021202087
waiting
going to web site
Hello world	Thread-25721	5

time: 946692543.841833
diff: 28.158167004585266
waiting
going to web site
Hello world	Thread-25847	4

time: 946692572.845833
diff: 27.15416705608368
waiting
going to web site
Hello world	Thread-25962	4

time: 946692600.845833
diff: 26.15416705608368
waiting
going to web site
Hello world	Thread-26083	3

time: 946692627.841833
diff: 8.158167004585266
waiting
going to web site
Hello world	Thread-26121	4

time: 946692637.841833
diff: 32.158167004585266
waiting
going to web site
Hello world	Thread-26241	3

time: 946692670.832833
diff: 23.16716694831848
waiting
going to web site
Hello world	Thread-26330	5

time: 946692694.832832
diff: 13.167168021202087
waiting
going to web site
Hello world	Thread-26370	4

time: 946692708.832833
diff: 22.16716694831848
waiting
going to web site
Hello world	Thread-26435	4

