time: 946686600.0
diff: 0.0
going to web site
Hello world	Thread-196	6

time: 946686783.8223871
diff: -123.82238709926605
going to web site
Hello world	Thread-202	6

time: 946686784.403043
diff: -64.4030430316925
going to web site
Hello world	Thread-208	5

time: 946686784.9836991
diff: 55.01630091667175
waiting
going to web site
Hello world	Thread-404	3

time: 946686960.851333
diff: -0.8513330221176147
going to web site
Hello world	Thread-410	3

time: 946686961.4319891
diff: 118.56801092624664
waiting
going to web site
Hello world	Thread-550	4

time: 946687083.5896571
diff: 117.41034293174744
waiting
going to web site
Hello world	Thread-688	4

time: 946687208.590656
diff: 52.409343957901
waiting
going to web site
Hello world	Thread-721	7

time: 946687262.60402
diff: 58.39598000049591
waiting
going to web site
Hello world	Thread-842	2

time: 946687328.590656
diff: 112.409343957901
waiting
going to web site
Hello world	Thread-925	4

time: 946687441.580656
diff: 119.41934394836426
waiting
going to web site
Hello world	Thread-1089	5

time: 946687564.5896571
diff: 56.41034293174744
waiting
going to web site
Hello world	Thread-1173	6

time: 946687628.5896561
diff: 113.41034388542175
waiting
going to web site
Hello world	Thread-1311	2

time: 946687757.590656
diff: 104.409343957901
waiting
going to web site
Hello world	Thread-1428	6

time: 946687865.580656
diff: 116.41934394836426
waiting
going to web site
Hello world	Thread-1595	3

time: 946687997.590656
diff: 104.409343957901
waiting
going to web site
Hello world	Thread-1682	5

time: 946688102.580656
diff: 119.41934394836426
waiting
going to web site
Hello world	Thread-1796	5

time: 946688222.580656
diff: 59.41934394836426
waiting
going to web site
Hello world	Thread-1857	3

