time: 946686600.0
diff: 0.0
going to web site
Hello world	Thread-2	6

time: 946686600.580656
diff: 119.41934394836426
waiting
going to web site
Hello world	Thread-101	6

time: 946686723.5905731
diff: 56.40942692756653
waiting
going to web site
Hello world	Thread-172	7

time: 946686780.580656
diff: 119.41934394836426
waiting
going to web site
Hello world	Thread-355	7

time: 946686903.592657
diff: 116.40734302997589
waiting
going to web site
Hello world	Thread-495	7

time: 946687023.590656
diff: 56.409343957901
waiting
going to web site
Hello world	Thread-535	4

time: 946687080.580656
diff: 120.41934394836426
waiting
going to web site
Hello world	Thread-699	5

time: 946687232.5916561
diff: 88.40834391117096
waiting
going to web site
Hello world	Thread-804	4

time: 946687322.6014581
diff: 118.39854192733765
waiting
going to web site
Hello world	Thread-988	6

time: 946687456.590656
diff: 44.409343957901
waiting
going to web site
Hello world	Thread-1019	5

time: 946687502.580656
diff: 118.41934394836426
waiting
going to web site
Hello world	Thread-1162	2

time: 946687624.5896561
diff: 116.41034388542175
waiting
going to web site
Hello world	Thread-1251	2

time: 946687741.5806562
diff: 60.41934382915497
waiting
going to web site
Hello world	Thread-1385	4

time: 946687817.590656
diff: 44.409343957901
waiting
going to web site
Hello world	Thread-1430	4

time: 946687865.580656
diff: 116.41934394836426
waiting
going to web site
Hello world	Thread-1596	2

time: 946687997.590656
diff: 104.409343957901
waiting
going to web site
Hello world	Thread-1683	4

time: 946688102.580656
diff: 119.41934394836426
waiting
going to web site
Hello world	Thread-1795	6

time: 946688222.5896561
diff: 119.41034388542175
waiting
going to web site
Hello world	Thread-1912	2

