time: 946686600.0
diff: 0.0
going to web site
Hello world	Thread-8	4

time: 946686601.71506
diff: 59.284940004348755
waiting
going to web site
Hello world	Thread-14	2

time: 946686661.715061
diff: 59.28493905067444
waiting
going to web site
Hello world	Thread-23	2

time: 946686721.724061
diff: 119.27593898773193
waiting
going to web site
Hello world	Thread-33	4

time: 946686841.71506
diff: 119.28494000434875
waiting
going to web site
Hello world	Thread-48	2

time: 946686961.724061
diff: 59.275938987731934
waiting
going to web site
Hello world	Thread-55	3

time: 946687021.72406
diff: 119.27593994140625
waiting
going to web site
Hello world	Thread-67	4

time: 946687141.72677
diff: 59.27322995662689
waiting
going to web site
Hello world	Thread-76	2

time: 946687202.724061
diff: 119.27593898773193
waiting
going to web site
Hello world	Thread-89	3

time: 946687322.7150601
diff: 119.28493988513947
waiting
going to web site
Hello world	Thread-101	3

time: 946687442.7150601
diff: 119.28493988513947
waiting
going to web site
Hello world	Thread-114	4

time: 946687562.7150601
diff: 59.284939885139465
waiting
going to web site
Hello world	Thread-123	4

time: 946687622.7150601
diff: 119.28493988513947
waiting
going to web site
Hello world	Thread-134	4

time: 946687742.7150601
diff: 120.28493988513947
waiting
going to web site
Hello world	Thread-149	2

time: 946687863.7170601
diff: 59.28293991088867
waiting
going to web site
Hello world	Thread-156	4

time: 946687923.7150601
diff: 59.284939885139465
waiting
going to web site
Hello world	Thread-162	3

time: 946687983.7150601
diff: 59.284939885139465
waiting
going to web site
Hello world	Thread-170	3

time: 946688043.7150601
diff: 59.284939885139465
waiting
going to web site
Hello world	Thread-178	4

time: 946688103.7150601
diff: 59.284939885139465
waiting
going to web site
Hello world	Thread-185	4

time: 946688163.7150601
diff: 119.28493988513947
waiting
going to web site
Hello world	Thread-199	3

time: 946688283.7150601
diff: 60.284939885139465
waiting
going to web site
Hello world	Thread-207	3

