time: 946686600.0
diff: 199.0
waiting
going to web site
Hello world	Thread-298	2

time: 946686800.02686
diff: -0.02685999870300293
going to web site
Hello world	Thread-1050	2

time: 946686801.0537201
diff: 2.9462798833847046
waiting
going to web site
Hello world	Thread-1069	3

time: 946686805.02686
diff: -1.026859998703003
going to web site
Hello world	Thread-1079	3

time: 946686806.05472
diff: -2.0547200441360474
going to web site
Hello world	Thread-1087	2

time: 946686807.08258
diff: -3.0825799703598022
going to web site
Hello world	Thread-1096	2

time: 946686808.1184399
diff: -3.1184399127960205
going to web site
Hello world	Thread-1105	2

time: 946686809.1538471
diff: -3.153847098350525
going to web site
Hello world	Thread-1114	3

time: 946686810.181707
diff: -1.1817070245742798
going to web site
Hello world	Thread-1123	2

time: 946686811.210567
diff: -2.210566997528076
going to web site
Hello world	Thread-1128	2

time: 946686812.237427
diff: -3.237426996231079
going to web site
Hello world	Thread-1132	3

time: 946686813.281706
diff: -3.2817059755325317
going to web site
Hello world	Thread-1138	3

time: 946686814.308566
diff: -4.308565974235535
going to web site
Hello world	Thread-1146	2

time: 946686815.340426
diff: -5.340425968170166
going to web site
Hello world	Thread-1150	4

time: 946686816.3842859
diff: -5.384285926818848
going to web site
Hello world	Thread-1156	4

time: 946686817.425417
diff: -4.425416946411133
going to web site
Hello world	Thread-1163	5

time: 946686818.452277
diff: -4.452276945114136
going to web site
Hello world	Thread-354	3

time: 946686819.492981
diff: -2.49298095703125
going to web site
Hello world	Thread-1176	3

time: 946686820.5350649
diff: -3.535064935684204
going to web site
Hello world	Thread-1181	5

time: 946686821.576718
diff: -2.576717972755432
going to web site
Hello world	Thread-1189	3

time: 946686822.606578
diff: -3.60657799243927
going to web site
Hello world	Thread-1194	8

time: 946686823.6394379
diff: -4.639437913894653
going to web site
Hello world	Thread-1202	5

time: 946686824.666298
diff: -4.666298031806946
going to web site
Hello world	Thread-1208	6

time: 946686825.693158
diff: -4.693158030509949
going to web site
Hello world	Thread-1216	4

time: 946686826.729018
diff: -4.729017972946167
going to web site
Hello world	Thread-1220	6

time: 946686827.755878
diff: -5.75587797164917
going to web site
Hello world	Thread-1225	2

time: 946686828.7907381
diff: -3.790738105773926
going to web site
Hello world	Thread-1232	2

time: 946686829.817598
diff: -4.817597985267639
going to web site
Hello world	Thread-1236	3

time: 946686830.8514581
diff: -5.8514580726623535
going to web site
Hello world	Thread-1240	3

time: 946686831.885463
diff: -5.885462999343872
going to web site
Hello world	Thread-1248	2

time: 946686832.9203229
diff: -2.920322895050049
going to web site
Hello world	Thread-1253	2

time: 946686833.9561831
diff: 4.043816924095154
waiting
going to web site
Hello world	Thread-1275	2

time: 946686839.03286
diff: -0.03286004066467285
going to web site
Hello world	Thread-1281	4

time: 946686840.0939001
diff: -1.0939000844955444
going to web site
Hello world	Thread-1289	3

time: 946686841.12476
diff: -2.1247600317001343
going to web site
Hello world	Thread-1293	2

time: 946686842.1516199
diff: -1.1516199111938477
going to web site
Hello world	Thread-1298	2

time: 946686843.18448
diff: -2.1844799518585205
going to web site
Hello world	Thread-437	2

time: 946686844.2193401
diff: -2.2193400859832764
going to web site
Hello world	Thread-1306	2

time: 946686845.2462001
diff: -3.2462000846862793
going to web site
Hello world	Thread-1309	3

time: 946686846.27306
diff: -3.2730599641799927
going to web site
Hello world	Thread-1312	2

time: 946686847.29992
diff: -4.299919962882996
going to web site
Hello world	Thread-1316	3

time: 946686848.33978
diff: -4.33977997303009
going to web site
Hello world	Thread-1321	2

time: 946686849.36664
diff: -5.366639971733093
going to web site
Hello world	Thread-1322	2

time: 946686850.3975
diff: -2.3975000381469727
going to web site
Hello world	Thread-1324	2

time: 946686851.43136
diff: 1.5686399936676025
waiting
going to web site
Hello world	Thread-472	2

time: 946686854.02686
diff: 23.973140001296997
waiting
going to web site
Hello world	Thread-1430	2

time: 946686879.038927
diff: -1.0389269590377808
going to web site
Hello world	Thread-1434	3

time: 946686880.065787
diff: -2.0657869577407837
going to web site
Hello world	Thread-1440	3

time: 946686881.109647
diff: -3.109647035598755
going to web site
Hello world	Thread-1446	3

time: 946686882.148507
diff: -3.148506999015808
going to web site
Hello world	Thread-1449	3

time: 946686883.175367
diff: -3.175366997718811
going to web site
Hello world	Thread-1452	2

time: 946686884.2102269
diff: 0.7897731065750122
waiting
going to web site
Hello world	Thread-582	2

time: 946686886.035861
diff: 2.964138984680176
waiting
going to web site
Hello world	Thread-596	2

time: 946686890.02686
diff: 11.973140001296997
waiting
going to web site
Hello world	Thread-1524	3

time: 946686903.059394
diff: 4.940605998039246
waiting
going to web site
Hello world	Thread-1562	3

time: 946686909.02686
diff: 7.973140001296997
waiting
going to web site
Hello world	Thread-711	2

time: 946686918.036337
diff: 1.9636629819869995
waiting
going to web site
Hello world	Thread-723	2

time: 946686921.046861
diff: 32.95313894748688
waiting
going to web site
Hello world	Thread-874	3

time: 946686955.037846
diff: 2.9621540307998657
waiting
going to web site
Hello world	Thread-892	2

time: 946686959.0438471
diff: 34.95615291595459
waiting
going to web site
Hello world	Thread-1060	3

time: 946686995.02686
diff: 15.973140001296997
waiting
going to web site
Hello world	Thread-1133	2

time: 946687012.038861
diff: 26.96113896369934
waiting
going to web site
Hello world	Thread-1265	5

time: 946687040.02686
diff: 18.973140001296997
waiting
going to web site
Hello world	Thread-1352	2

time: 946687060.038861
diff: 27.96113896369934
waiting
going to web site
Hello world	Thread-1487	2

time: 946687089.060357
diff: 16.939643025398254
waiting
going to web site
Hello world	Thread-1563	2

time: 946687107.038847
diff: 31.961153030395508
waiting
going to web site
Hello world	Thread-1705	4

time: 946687140.035861
diff: 8.964138984680176
waiting
going to web site
Hello world	Thread-1747	2

time: 946687150.02986
diff: 28.970139980316162
waiting
going to web site
Hello world	Thread-1863	2

time: 946687180.02686
diff: 33.973140001297
waiting
going to web site
Hello world	Thread-2013	2

time: 946687215.035861
diff: 20.964138984680176
waiting
going to web site
Hello world	Thread-2108	2

time: 946687237.02686
diff: 6.973140001296997
waiting
going to web site
Hello world	Thread-2142	2

time: 946687245.0428469
diff: 26.95715308189392
waiting
going to web site
Hello world	Thread-2269	2

time: 946687273.035861
diff: 34.964138984680176
waiting
going to web site
Hello world	Thread-2430	2

time: 946687309.02686
diff: 24.973140001296997
waiting
going to web site
Hello world	Thread-2543	2

time: 946687335.0428611
diff: 19.957138895988464
waiting
going to web site
Hello world	Thread-2635	3

time: 946687356.03586
diff: 14.964140057563782
waiting
going to web site
Hello world	Thread-2708	2

time: 946687372.038847
diff: 20.961153030395508
waiting
going to web site
Hello world	Thread-2810	2

time: 946687394.035861
diff: 10.964138984680176
waiting
going to web site
Hello world	Thread-2854	3

time: 946687405.723408
diff: 26.276592016220093
waiting
going to web site
Hello world	Thread-2971	5

time: 946687432.718409
diff: 11.281591057777405
waiting
going to web site
Hello world	Thread-3017	5

time: 946687444.727409
diff: 19.2725909948349
waiting
going to web site
Hello world	Thread-3112	5

time: 946687464.718408
diff: 32.28159201145172
waiting
going to web site
Hello world	Thread-3253	5

time: 946687497.7314091
diff: 24.268590927124023
waiting
going to web site
Hello world	Thread-3364	5

time: 946687522.718408
diff: 26.28159201145172
waiting
going to web site
Hello world	Thread-3480	5

time: 946687549.7318851
diff: 24.268114924430847
waiting
going to web site
Hello world	Thread-3593	6

time: 946687574.718408
diff: 22.28159201145172
waiting
going to web site
Hello world	Thread-3688	3

time: 946687597.7312369
diff: 20.268763065338135
waiting
going to web site
Hello world	Thread-3784	5

time: 946687618.718409
diff: 22.281591057777405
waiting
going to web site
Hello world	Thread-3879	5

time: 946687641.727409
diff: 28.2725909948349
waiting
going to web site
Hello world	Thread-4005	6

time: 946687670.718408
diff: 21.28159201145172
waiting
going to web site
Hello world	Thread-4112	2

time: 946687692.7312369
diff: 19.268763065338135
waiting
going to web site
Hello world	Thread-4189	6

time: 946687712.718409
diff: 30.281591057777405
waiting
going to web site
Hello world	Thread-4332	4

time: 946687743.7312369
diff: 25.268763065338135
waiting
going to web site
Hello world	Thread-4442	4

time: 946687769.7312369
diff: 14.268763065338135
waiting
going to web site
Hello world	Thread-4517	4

time: 946687784.718409
diff: 15.281591057777405
waiting
going to web site
Hello world	Thread-4583	6

time: 946687800.7314091
diff: 25.268590927124023
waiting
going to web site
Hello world	Thread-4705	5

time: 946687826.727408
diff: 20.272591948509216
waiting
going to web site
Hello world	Thread-4798	6

time: 946687847.718408
diff: 20.28159201145172
waiting
going to web site
Hello world	Thread-4894	3

time: 946687868.7312369
diff: 18.268763065338135
waiting
going to web site
Hello world	Thread-4978	3

time: 946687887.7312369
diff: 6.268763065338135
waiting
going to web site
Hello world	Thread-5006	6

time: 946687894.734409
diff: 31.265591025352478
waiting
going to web site
Hello world	Thread-5161	6

time: 946687926.728241
diff: 29.271759033203125
waiting
going to web site
Hello world	Thread-5305	6

time: 946687956.7314091
diff: 19.268590927124023
waiting
going to web site
Hello world	Thread-5400	5

time: 946687976.723408
diff: 18.276592016220093
waiting
going to web site
Hello world	Thread-5488	5

time: 946687995.736409
diff: 25.263591051101685
waiting
going to web site
Hello world	Thread-5601	6

time: 946688021.806193
diff: 22.193807005882263
waiting
going to web site
Hello world	Thread-5702	3

time: 946688044.802193
diff: 22.19780695438385
waiting
going to web site
Hello world	Thread-5807	6

time: 946688067.797192
diff: 9.202808022499084
waiting
going to web site
Hello world	Thread-5853	6

time: 946688077.7971929
diff: 15.202807068824768
waiting
going to web site
Hello world	Thread-5924	4

time: 946688093.802193
diff: 29.19780695438385
waiting
going to web site
Hello world	Thread-6052	5

time: 946688123.797192
diff: 24.202808022499084
waiting
going to web site
Hello world	Thread-6163	3

time: 946688148.8031449
diff: 24.196855068206787
waiting
going to web site
Hello world	Thread-6262	4

time: 946688173.8031449
diff: 16.196855068206787
waiting
going to web site
Hello world	Thread-6335	7

time: 946688190.7971929
diff: 31.202807068824768
waiting
going to web site
Hello world	Thread-6484	5

time: 946688222.802193
diff: 8.19780695438385
waiting
going to web site
Hello world	Thread-6522	2

time: 946688231.797192
diff: 39.202808022499084
waiting
going to web site
Hello world	Thread-6693	3

time: 946688271.802193
diff: 13.19780695438385
waiting
going to web site
Hello world	Thread-6760	4

time: 946688285.797192
diff: 35.202808022499084
waiting
going to web site
Hello world	Thread-6919	5

time: 946688321.7971929
diff: 24.202807068824768
waiting
going to web site
Hello world	Thread-7022	6

time: 946688346.7971929
diff: 19.202807068824768
waiting
going to web site
Hello world	Thread-7112	4

time: 946688366.7971929
diff: 36.20280706882477
waiting
going to web site
Hello world	Thread-7282	2

time: 946688403.7971929
diff: 2.202807068824768
waiting
going to web site
Hello world	Thread-7294	6

time: 946688406.802193
diff: 32.19780695438385
waiting
going to web site
Hello world	Thread-7441	7

time: 946688439.797192
diff: 5.2028080224990845
waiting
going to web site
Hello world	Thread-7467	3

time: 946688445.7971929
diff: 33.20280706882477
waiting
going to web site
Hello world	Thread-7622	6

time: 946688479.7971929
diff: 1.202807068824768
waiting
going to web site
Hello world	Thread-7629	5

time: 946688481.7971929
diff: 32.20280706882477
waiting
going to web site
Hello world	Thread-7772	5

time: 946688514.7971929
diff: 26.202807068824768
waiting
going to web site
Hello world	Thread-7890	5

time: 946688541.7971929
diff: 3.202807068824768
waiting
going to web site
Hello world	Thread-7906	3

time: 946688545.7971929
diff: 24.202807068824768
waiting
going to web site
Hello world	Thread-8022	3

time: 946688570.802193
diff: 30.19780695438385
waiting
going to web site
Hello world	Thread-8152	4

time: 946688601.8031449
diff: 25.196855068206787
waiting
going to web site
Hello world	Thread-8280	3

time: 946688630.846713
diff: 20.153287053108215
waiting
going to web site
Hello world	Thread-8367	2

time: 946688651.836713
diff: 29.163287043571472
waiting
going to web site
Hello world	Thread-8492	4

time: 946688681.836713
diff: 23.163287043571472
waiting
going to web site
Hello world	Thread-8592	3

time: 946688705.836713
diff: 27.163287043571472
waiting
going to web site
Hello world	Thread-8705	3

time: 946688733.836713
diff: 22.163287043571472
waiting
going to web site
Hello world	Thread-8799	2

time: 946688756.836713
diff: 22.163287043571472
waiting
going to web site
Hello world	Thread-8883	3

time: 946688779.847713
diff: 23.152287006378174
waiting
going to web site
Hello world	Thread-8990	2

time: 946688804.839713
diff: 20.160287022590637
waiting
going to web site
Hello world	Thread-9066	3

time: 946688825.836713
diff: 25.163287043571472
waiting
going to web site
Hello world	Thread-9188	2

time: 946688851.845713
diff: 28.154286980628967
waiting
going to web site
Hello world	Thread-9304	2

time: 946688880.8367119
diff: 18.163288116455078
waiting
going to web site
Hello world	Thread-9388	2

time: 946688899.836713
diff: 34.16328704357147
waiting
going to web site
Hello world	Thread-9542	6

time: 946688934.836713
diff: 20.163287043571472
waiting
going to web site
Hello world	Thread-9631	3

time: 946688955.836713
diff: 14.163287043571472
waiting
going to web site
Hello world	Thread-9700	7

time: 946688970.836713
diff: 11.163287043571472
waiting
going to web site
Hello world	Thread-9750	4

time: 946688982.836713
diff: 23.163287043571472
waiting
going to web site
Hello world	Thread-9874	2

time: 946689006.836713
diff: 30.163287043571472
waiting
going to web site
Hello world	Thread-10013	3

time: 946689037.836713
diff: 21.163287043571472
waiting
going to web site
Hello world	Thread-10107	2

time: 946689059.836713
diff: 14.163287043571472
waiting
going to web site
Hello world	Thread-10188	2

time: 946689075.845713
diff: 31.154286980628967
waiting
going to web site
Hello world	Thread-10332	2

time: 946689107.8387121
diff: 14.161287903785706
waiting
going to web site
Hello world	Thread-10401	4

time: 946689122.8367119
diff: 10.163288116455078
waiting
going to web site
Hello world	Thread-10459	2

time: 946689133.842713
diff: 20.157287001609802
waiting
going to web site
Hello world	Thread-10553	4

time: 946689154.836713
diff: 20.163287043571472
waiting
going to web site
Hello world	Thread-10652	2

time: 946689175.844713
diff: 11.155287027359009
waiting
going to web site
Hello world	Thread-10716	3

time: 946689187.8487129
diff: 32.15128707885742
waiting
going to web site
Hello world	Thread-10875	2

time: 946689220.836713
diff: 28.163287043571472
waiting
going to web site
Hello world	Thread-11009	4

time: 946689249.832833
diff: 16.16716694831848
waiting
going to web site
Hello world	Thread-11092	4

time: 946689266.832832
diff: 17.167168021202087
waiting
going to web site
Hello world	Thread-11176	4

time: 946689284.832833
diff: 24.16716694831848
waiting
going to web site
Hello world	Thread-11297	3

time: 946689309.836832
diff: 14.163167953491211
waiting
going to web site
Hello world	Thread-11367	5

time: 946689324.832832
diff: 20.167168021202087
waiting
going to web site
Hello world	Thread-11479	2

time: 946689348.841833
diff: 22.158167004585266
waiting
going to web site
Hello world	Thread-11606	3

time: 946689374.841833
diff: 6.158167004585266
waiting
going to web site
Hello world	Thread-11630	6

time: 946689381.832833
diff: 31.16716694831848
waiting
going to web site
Hello world	Thread-11774	5

time: 946689413.848833
diff: 28.151167035102844
waiting
going to web site
Hello world	Thread-11904	3

time: 946689442.841833
diff: 22.158167004585266
waiting
going to web site
Hello world	Thread-12013	5

time: 946689465.841833
diff: 9.158167004585266
waiting
going to web site
Hello world	Thread-12067	2

time: 946689475.841833
diff: 22.158167004585266
waiting
going to web site
Hello world	Thread-12167	4

time: 946689498.832833
diff: 16.16716694831848
waiting
going to web site
Hello world	Thread-12239	5

time: 946689515.832832
diff: 22.167168021202087
waiting
going to web site
Hello world	Thread-12349	3

time: 946689538.841833
diff: 23.158167004585266
waiting
going to web site
Hello world	Thread-12462	2

time: 946689562.841833
diff: 17.158167004585266
waiting
going to web site
Hello world	Thread-12538	3

time: 946689580.851833
diff: 38.14816701412201
waiting
going to web site
Hello world	Thread-12715	5

time: 946689619.841981
diff: 21.158018946647644
waiting
going to web site
Hello world	Thread-12816	3

time: 946689641.832832
diff: 20.167168021202087
waiting
going to web site
Hello world	Thread-12913	5

time: 946689662.832833
diff: 26.16716694831848
waiting
going to web site
Hello world	Thread-13046	6

time: 946689689.832832
diff: 13.167168021202087
waiting
going to web site
Hello world	Thread-13107	3

time: 946689703.832833
diff: 17.16716694831848
waiting
going to web site
Hello world	Thread-13191	5

time: 946689721.832832
diff: 13.167168021202087
waiting
going to web site
Hello world	Thread-13248	3

time: 946689735.8588331
diff: 28.141166925430298
waiting
going to web site
Hello world	Thread-13384	4

time: 946689764.832832
diff: 17.167168021202087
waiting
going to web site
Hello world	Thread-13459	4

time: 946689782.841833
diff: 26.158167004585266
waiting
going to web site
Hello world	Thread-13590	2

time: 946689810.841833
diff: 23.158167004585266
waiting
going to web site
Hello world	Thread-13706	4

time: 946689835.841833
diff: 5.158167004585266
waiting
going to web site
Hello world	Thread-13736	5

time: 946689841.841833
diff: 18.158167004585266
waiting
going to web site
Hello world	Thread-13825	6

time: 946689860.732585
diff: 36.267415046691895
waiting
going to web site
Hello world	Thread-13992	5

time: 946689897.729585
diff: 16.27041494846344
waiting
going to web site
Hello world	Thread-14063	5

time: 946689914.7205839
diff: 25.27941608428955
waiting
going to web site
Hello world	Thread-14177	6

time: 946689940.720585
diff: 25.279415011405945
waiting
going to web site
Hello world	Thread-14294	4

time: 946689966.732325
diff: 6.267675042152405
waiting
going to web site
Hello world	Thread-14320	3

time: 946689973.7275851
diff: 33.27241492271423
waiting
going to web site
Hello world	Thread-14477	4

time: 946690007.7205839
diff: 25.27941608428955
waiting
going to web site
Hello world	Thread-14586	3

time: 946690033.730585
diff: 24.269415020942688
waiting
going to web site
Hello world	Thread-14691	5

time: 946690058.732325
diff: 27.267675042152405
waiting
going to web site
Hello world	Thread-14810	2

time: 946690086.720585
diff: 31.279415011405945
waiting
going to web site
Hello world	Thread-14942	5

time: 946690118.729585
diff: 15.27041494846344
waiting
going to web site
Hello world	Thread-15015	4

time: 946690134.7205839
diff: 16.27941608428955
waiting
going to web site
Hello world	Thread-15085	6

time: 946690151.720585
diff: 15.279415011405945
waiting
going to web site
Hello world	Thread-15154	6

time: 946690167.732585
diff: 33.267415046691895
waiting
going to web site
Hello world	Thread-15295	6

time: 946690201.729585
diff: 21.27041494846344
waiting
going to web site
Hello world	Thread-15392	5

time: 946690223.7205839
diff: 15.27941608428955
waiting
going to web site
Hello world	Thread-15464	6

time: 946690239.720585
diff: 23.279415011405945
waiting
going to web site
Hello world	Thread-15568	6

time: 946690263.729585
diff: 28.27041494846344
waiting
going to web site
Hello world	Thread-15698	4

time: 946690292.7205839
diff: 18.27941608428955
waiting
going to web site
Hello world	Thread-15777	6

time: 946690311.7375851
diff: 30.262414932250977
waiting
going to web site
Hello world	Thread-15914	3

time: 946690342.7205839
diff: 20.27941608428955
waiting
going to web site
Hello world	Thread-15999	4

time: 946690363.732325
diff: 14.267675042152405
waiting
going to web site
Hello world	Thread-16067	4

time: 946690378.732325
diff: 22.267675042152405
waiting
going to web site
Hello world	Thread-16162	6

time: 946690401.729585
diff: 14.27041494846344
waiting
going to web site
Hello world	Thread-16226	5

time: 946690416.7205839
diff: 37.27941608428955
waiting
going to web site
Hello world	Thread-16393	5

time: 946690454.7245849
diff: 16.275415062904358
waiting
going to web site
Hello world	Thread-16476	5

time: 946690472.841833
diff: 19.158167004585266
waiting
going to web site
Hello world	Thread-16563	5

time: 946690492.832833
diff: 35.16716694831848
waiting
going to web site
Hello world	Thread-16720	4

time: 946690528.832832
diff: 24.167168021202087
waiting
going to web site
Hello world	Thread-16824	3

time: 946690553.841833
diff: 23.158167004585266
waiting
going to web site
Hello world	Thread-16934	4

time: 946690577.841833
diff: 19.158167004585266
waiting
going to web site
Hello world	Thread-17026	3

time: 946690597.841833
diff: 21.158167004585266
waiting
going to web site
Hello world	Thread-17111	4

time: 946690619.836833
diff: 18.163166999816895
waiting
going to web site
Hello world	Thread-17199	3

time: 946690638.832832
diff: 23.167168021202087
waiting
going to web site
Hello world	Thread-17297	3

time: 946690662.842184
diff: 14.157816052436829
waiting
going to web site
Hello world	Thread-17356	3

time: 946690677.841833
diff: 11.158167004585266
waiting
going to web site
Hello world	Thread-17418	2

time: 946690690.841833
diff: 39.158167004585266
waiting
going to web site
Hello world	Thread-17590	3

time: 946690730.845833
diff: 17.15416705608368
waiting
going to web site
Hello world	Thread-17673	5

time: 946690748.841833
diff: 31.158167004585266
waiting
going to web site
Hello world	Thread-17811	4

time: 946690780.841833
diff: 21.158167004585266
waiting
going to web site
Hello world	Thread-17904	3

time: 946690802.832833
diff: 12.167166948318481
waiting
going to web site
Hello world	Thread-17959	4

time: 946690815.832832
diff: 20.167168021202087
waiting
going to web site
Hello world	Thread-18058	2

time: 946690837.851665
diff: 34.148334980010986
waiting
going to web site
Hello world	Thread-18201	3

time: 946690872.832832
diff: 15.167168021202087
waiting
going to web site
Hello world	Thread-18268	4

time: 946690888.832833
diff: 27.16716694831848
waiting
going to web site
Hello world	Thread-18385	4

time: 946690916.837832
diff: 24.16216802597046
waiting
going to web site
Hello world	Thread-18489	3

time: 946690941.8418959
diff: 25.158104062080383
waiting
going to web site
Hello world	Thread-18602	5

time: 946690967.832833
diff: 16.16716694831848
waiting
going to web site
Hello world	Thread-18678	4

time: 946690984.832832
diff: 20.167168021202087
waiting
going to web site
Hello world	Thread-18774	3

time: 946691005.841833
diff: 35.158167004585266
waiting
going to web site
Hello world	Thread-18928	3

time: 946691041.841833
diff: 11.158167004585266
waiting
going to web site
Hello world	Thread-18987	2

time: 946691054.869833
diff: 20.13016700744629
waiting
going to web site
Hello world	Thread-19074	3

time: 946691075.851833
diff: 28.14816701412201
waiting
going to web site
Hello world	Thread-19210	3

time: 946691104.841833
diff: 17.158167004585266
waiting
going to web site
Hello world	Thread-19288	3

time: 946691122.832833
diff: 23.16716694831848
waiting
going to web site
Hello world	Thread-19391	2

time: 946691146.840832
diff: 25.159168004989624
waiting
going to web site
Hello world	Thread-19520	3

time: 946691173.851833
diff: 17.14816701412201
waiting
going to web site
Hello world	Thread-19595	2

time: 946691191.841833
diff: 26.158167004585266
waiting
going to web site
Hello world	Thread-19719	2

time: 946691218.841833
diff: 10.158167004585266
waiting
going to web site
Hello world	Thread-19770	3

time: 946691229.832833
diff: 18.16716694831848
waiting
going to web site
Hello world	Thread-19860	2

time: 946691249.851481
diff: 14.148519039154053
waiting
going to web site
Hello world	Thread-19935	4

time: 946691264.841833
diff: 36.158167004585266
waiting
going to web site
Hello world	Thread-20095	2

time: 946691301.832833
diff: 19.16716694831848
waiting
going to web site
Hello world	Thread-20196	3

time: 946691321.832832
diff: 25.167168021202087
waiting
going to web site
Hello world	Thread-20317	2

time: 946691347.850833
diff: 19.14916694164276
waiting
going to web site
Hello world	Thread-20406	5

time: 946691367.832832
diff: 11.167168021202087
waiting
going to web site
Hello world	Thread-20480	2

time: 946691379.842833
diff: 19.157166957855225
waiting
going to web site
Hello world	Thread-20585	5

time: 946691399.832832
diff: 23.167168021202087
waiting
going to web site
Hello world	Thread-20696	4

time: 946691423.832833
diff: 10.167166948318481
waiting
going to web site
Hello world	Thread-20745	3

time: 946691434.832832
diff: 17.167168021202087
waiting
going to web site
Hello world	Thread-20834	2

time: 946691452.841833
diff: 30.158167004585266
waiting
going to web site
Hello world	Thread-20981	4

time: 946691483.832833
diff: 20.16716694831848
waiting
going to web site
Hello world	Thread-21076	5

time: 946691504.832832
diff: 31.167168021202087
waiting
going to web site
Hello world	Thread-21226	2

time: 946691536.841833
diff: 13.158167004585266
waiting
going to web site
Hello world	Thread-21292	2

time: 946691550.841833
diff: 17.158167004585266
waiting
going to web site
Hello world	Thread-21368	5

time: 946691568.832833
diff: 21.16716694831848
waiting
going to web site
Hello world	Thread-21470	3

time: 946691590.832832
diff: 19.167168021202087
waiting
going to web site
Hello world	Thread-21561	2

time: 946691610.841833
diff: 21.158167004585266
waiting
going to web site
Hello world	Thread-21661	2

time: 946691632.841833
diff: 13.158167004585266
waiting
going to web site
Hello world	Thread-21722	2

time: 946691646.841833
diff: 29.158167004585266
waiting
going to web site
Hello world	Thread-21850	2

time: 946691676.841833
diff: 28.158167004585266
waiting
going to web site
Hello world	Thread-21983	3

time: 946691705.832833
diff: 29.16716694831848
waiting
going to web site
Hello world	Thread-22109	3

time: 946691735.832832
diff: 13.167168021202087
waiting
going to web site
Hello world	Thread-22178	2

time: 946691749.841897
diff: 38.15810298919678
waiting
going to web site
Hello world	Thread-22338	4

time: 946691788.832832
diff: 19.167168021202087
waiting
going to web site
Hello world	Thread-22437	3

time: 946691809.841833
diff: 5.158167004585266
waiting
going to web site
Hello world	Thread-22460	2

time: 946691815.832833
diff: 30.16716694831848
waiting
going to web site
Hello world	Thread-22592	2

time: 946691846.832832
diff: 26.167168021202087
waiting
going to web site
Hello world	Thread-22718	4

time: 946691873.841833
diff: 16.158167004585266
waiting
going to web site
Hello world	Thread-22792	3

time: 946691890.832833
diff: 11.167166948318481
waiting
going to web site
Hello world	Thread-22845	3

time: 946691902.832832
diff: 37.16716802120209
waiting
going to web site
Hello world	Thread-23011	5

time: 946691940.841833
diff: 12.158167004585266
waiting
going to web site
Hello world	Thread-23088	2

time: 946691954.841833
diff: 24.158167004585266
waiting
going to web site
Hello world	Thread-23199	2

time: 946691979.841833
diff: 27.158167004585266
waiting
going to web site
Hello world	Thread-23331	3

time: 946692007.841833
diff: 7.158167004585266
waiting
going to web site
Hello world	Thread-23370	3

time: 946692015.832833
diff: 24.16716694831848
waiting
going to web site
Hello world	Thread-23491	4

time: 946692040.832832
diff: 16.167168021202087
waiting
going to web site
Hello world	Thread-23580	3

time: 946692057.841833
diff: 39.158167004585266
waiting
going to web site
Hello world	Thread-23766	3

time: 946692097.841833
diff: 6.158167004585266
waiting
going to web site
Hello world	Thread-23792	4

time: 946692104.832833
diff: 11.167166948318481
waiting
going to web site
Hello world	Thread-23854	2

time: 946692116.832832
diff: 30.167168021202087
waiting
going to web site
Hello world	Thread-24001	3

time: 946692147.841833
diff: 22.158167004585266
waiting
going to web site
Hello world	Thread-24103	3

time: 946692170.841833
diff: 16.158167004585266
waiting
going to web site
Hello world	Thread-24183	2

time: 946692187.841833
diff: 13.158167004585266
waiting
going to web site
Hello world	Thread-24243	4

time: 946692201.841833
diff: 6.158167004585266
waiting
going to web site
Hello world	Thread-24277	2

time: 946692208.841833
diff: 35.158167004585266
waiting
going to web site
Hello world	Thread-24447	2

time: 946692245.841833
diff: 16.158167004585266
waiting
going to web site
Hello world	Thread-24525	2

time: 946692262.832833
diff: 25.16716694831848
waiting
going to web site
Hello world	Thread-24641	6

time: 946692288.832832
diff: 21.167168021202087
waiting
going to web site
Hello world	Thread-24736	5

time: 946692310.832833
diff: 28.16716694831848
waiting
going to web site
Hello world	Thread-24866	5

time: 946692339.832832
diff: 29.167168021202087
waiting
going to web site
Hello world	Thread-24998	4

time: 946692370.841833
diff: 20.158167004585266
waiting
going to web site
Hello world	Thread-25085	5

time: 946692391.851833
diff: 17.14816701412201
waiting
going to web site
Hello world	Thread-25159	2

time: 946692409.841833
diff: 32.158167004585266
waiting
going to web site
Hello world	Thread-25298	4

time: 946692442.841833
diff: 19.158167004585266
waiting
going to web site
Hello world	Thread-25384	2

time: 946692462.832833
diff: 23.16716694831848
waiting
going to web site
Hello world	Thread-25482	5

time: 946692486.832832
diff: 24.167168021202087
waiting
going to web site
Hello world	Thread-25595	5

time: 946692512.841833
diff: 22.158167004585266
waiting
going to web site
Hello world	Thread-25687	4

time: 946692535.841833
diff: 17.158167004585266
waiting
going to web site
Hello world	Thread-25766	2

time: 946692553.841833
diff: 25.158167004585266
waiting
going to web site
Hello world	Thread-25880	4

time: 946692579.841897
diff: 27.158102989196777
waiting
going to web site
Hello world	Thread-25996	4

time: 946692607.832832
diff: 10.167168021202087
waiting
going to web site
Hello world	Thread-26050	2

time: 946692619.841833
diff: 21.158167004585266
waiting
going to web site
Hello world	Thread-26134	3

time: 946692641.841833
diff: 35.158167004585266
waiting
going to web site
Hello world	Thread-26271	3

time: 946692677.841833
diff: 13.158167004585266
waiting
going to web site
Hello world	Thread-26316	2

time: 946692691.841833
diff: 35.158167004585266
waiting
going to web site
Hello world	Thread-26423	2

time: 946692727.841833
diff: 17.158167004585266
waiting
going to web site
Hello world	Thread-26477	2

time: 946692745.841833
diff: 23.158167004585266
waiting
going to web site
Hello world	Thread-26540	2

time: 946692769.832833
diff: 13.167166948318481
waiting
going to web site
Hello world	Thread-26568	3

