time: 946686600.0
diff: 89.0
waiting
going to web site
Hello world	Thread-401	10

time: 946686689.5330639
diff: 5.466936111450195
waiting
going to web site
Hello world	Thread-475	5

time: 946686695.54388
diff: 0.45612001419067383
waiting
going to web site
Hello world	Thread-485	6

time: 946686696.543065
diff: 1.4569350481033325
waiting
going to web site
Hello world	Thread-503	4

time: 946686698.526065
diff: -0.5260649919509888
going to web site
Hello world	Thread-508	5

time: 946686699.052129
diff: -0.05212903022766113
going to web site
Hello world	Thread-512	3

time: 946686699.5781931
diff: 0.4218069314956665
waiting
going to web site
Hello world	Thread-518	6

time: 946686700.526064
diff: -0.5260640382766724
going to web site
Hello world	Thread-522	3

time: 946686701.056128
diff: 4.943871974945068
waiting
going to web site
Hello world	Thread-561	7

time: 946686706.5350641
diff: 0.46493589878082275
waiting
going to web site
Hello world	Thread-572	10

time: 946686707.5490639
diff: -0.5490639209747314
going to web site
Hello world	Thread-582	3

time: 946686708.080128
diff: -0.08012795448303223
going to web site
Hello world	Thread-591	8

time: 946686708.616192
diff: -0.6161919832229614
going to web site
Hello world	Thread-596	7

time: 946686709.1452559
diff: -0.1452559232711792
going to web site
Hello world	Thread-606	7

time: 946686709.6793201
diff: 0.3206799030303955
waiting
going to web site
Hello world	Thread-88	2

time: 946686710.534064
diff: 13.465935945510864
waiting
going to web site
Hello world	Thread-727	4

time: 946686724.5350641
diff: 1.4649358987808228
waiting
going to web site
Hello world	Thread-743	8

time: 946686726.5350641
diff: 3.4649358987808228
waiting
going to web site
Hello world	Thread-128	6

time: 946686730.5370649
diff: 13.462935090065002
waiting
going to web site
Hello world	Thread-157	3

time: 946686744.54929
diff: 25.45071005821228
waiting
going to web site
Hello world	Thread-219	2

time: 946686770.526065
diff: 8.473935008049011
waiting
going to web site
Hello world	Thread-243	6

time: 946686779.5437781
diff: 27.45622193813324
waiting
going to web site
Hello world	Thread-325	3

time: 946686807.5350641
diff: 15.464935898780823
waiting
going to web site
Hello world	Thread-367	8

time: 946686823.535417
diff: 12.464583039283752
waiting
going to web site
Hello world	Thread-414	6

time: 946686836.539065
diff: 10.46093499660492
waiting
going to web site
Hello world	Thread-443	7

time: 946686847.534518
diff: 27.465481996536255
waiting
going to web site
Hello world	Thread-540	7

time: 946686875.535101
diff: 11.464898943901062
waiting
going to web site
Hello world	Thread-588	5

time: 946686887.5350641
diff: 23.464935898780823
waiting
going to web site
Hello world	Thread-680	9

time: 946686911.551988
diff: 40.44801199436188
waiting
going to web site
Hello world	Thread-858	7

time: 946686952.534565
diff: 19.465435028076172
waiting
going to web site
Hello world	Thread-955	7

time: 946686972.5350649
diff: 21.464935064315796
waiting
going to web site
Hello world	Thread-1056	6

time: 946686994.543869
diff: 25.456130981445312
waiting
going to web site
Hello world	Thread-1176	2

time: 946687020.526064
diff: 17.473935961723328
waiting
going to web site
Hello world	Thread-1254	6

time: 946687038.5356239
diff: 24.464376091957092
waiting
going to web site
Hello world	Thread-1372	7

time: 946687063.541065
diff: 25.458935022354126
waiting
going to web site
Hello world	Thread-1488	3

time: 946687089.5380651
diff: 38.46193492412567
waiting
going to web site
Hello world	Thread-1658	5

time: 946687128.526064
diff: 7.473935961723328
waiting
going to web site
Hello world	Thread-1692	7

time: 946687136.5350641
diff: 20.464935898780823
waiting
going to web site
Hello world	Thread-1774	7

time: 946687157.5350641
diff: 25.464935898780823
waiting
going to web site
Hello world	Thread-1879	2

time: 946687183.526064
diff: 29.473935961723328
waiting
going to web site
Hello world	Thread-2005	5

time: 946687213.5330639
diff: 21.466936111450195
waiting
going to web site
Hello world	Thread-2102	5

time: 946687235.544065
diff: 25.45593500137329
waiting
going to web site
Hello world	Thread-2217	4

time: 946687261.535256
diff: 15.464743971824646
waiting
going to web site
Hello world	Thread-2293	4

time: 946687277.5350641
diff: 13.464935898780823
waiting
going to web site
Hello world	Thread-2353	4

time: 946687291.838832
diff: 32.16116797924042
waiting
going to web site
Hello world	Thread-2493	3

time: 946687324.836832
diff: 10.163167953491211
waiting
going to web site
Hello world	Thread-2546	6

time: 946687335.8398321
diff: 24.160167932510376
waiting
going to web site
Hello world	Thread-2654	6

time: 946687360.832832
diff: 10.167168021202087
waiting
going to web site
Hello world	Thread-2704	3

time: 946687371.841833
diff: 26.158167004585266
waiting
going to web site
Hello world	Thread-2823	3

time: 946687398.841833
diff: 25.158167004585266
waiting
going to web site
Hello world	Thread-2937	3

time: 946687424.841833
diff: 31.158167004585266
waiting
going to web site
Hello world	Thread-3085	4

time: 946687457.861833
diff: 22.138167023658752
waiting
going to web site
Hello world	Thread-3179	3

time: 946687480.84848
diff: 16.151520013809204
waiting
going to web site
Hello world	Thread-3255	2

time: 946687497.841833
diff: 37.158167004585266
waiting
going to web site
Hello world	Thread-3426	2

time: 946687535.841833
diff: 20.158167004585266
waiting
going to web site
Hello world	Thread-3513	3

time: 946687556.832833
diff: 23.16716694831848
waiting
going to web site
Hello world	Thread-3616	4

time: 946687580.832832
diff: 15.167168021202087
waiting
going to web site
Hello world	Thread-3680	2

time: 946687596.841833
diff: 34.158167004585266
waiting
going to web site
Hello world	Thread-3838	3

time: 946687631.841867
diff: 12.158133029937744
waiting
going to web site
Hello world	Thread-3891	2

time: 946687644.841833
diff: 22.158167004585266
waiting
going to web site
Hello world	Thread-3991	2

time: 946687667.841833
diff: 26.158167004585266
waiting
going to web site
Hello world	Thread-4118	2

time: 946687694.841833
diff: 11.158167004585266
waiting
going to web site
Hello world	Thread-4166	2

time: 946687706.832833
diff: 18.16716694831848
waiting
going to web site
Hello world	Thread-4249	5

time: 946687725.832832
diff: 19.167168021202087
waiting
going to web site
Hello world	Thread-4347	2

time: 946687746.845833
diff: 24.15416705608368
waiting
going to web site
Hello world	Thread-4456	3

time: 946687771.841833
diff: 20.158167004585266
waiting
going to web site
Hello world	Thread-4551	3

time: 946687792.841833
diff: 8.158167004585266
waiting
going to web site
Hello world	Thread-4593	2

time: 946687801.841833
diff: 39.158167004585266
waiting
going to web site
Hello world	Thread-4777	3

time: 946687842.841833
diff: 16.158167004585266
waiting
going to web site
Hello world	Thread-4846	2

time: 946687859.841833
diff: 26.158167004585266
waiting
going to web site
Hello world	Thread-4973	2

time: 946687886.851833
diff: 22.14816701412201
waiting
going to web site
Hello world	Thread-5075	5

time: 946687909.5350649
diff: 31.464935064315796
waiting
going to web site
Hello world	Thread-5227	7

time: 946687941.526065
diff: 9.473935008049011
waiting
going to web site
Hello world	Thread-5282	5

time: 946687951.544065
diff: 20.45593500137329
waiting
going to web site
Hello world	Thread-5378	6

time: 946687972.544065
diff: 13.455935001373291
waiting
going to web site
Hello world	Thread-5446	3

time: 946687986.544065
diff: 25.45593500137329
waiting
going to web site
Hello world	Thread-5560	6

time: 946688012.5380651
diff: 20.46193492412567
waiting
going to web site
Hello world	Thread-5658	5

time: 946688033.5350009
diff: 26.464999079704285
waiting
going to web site
Hello world	Thread-5776	3

time: 946688060.5350649
diff: 22.464935064315796
waiting
going to web site
Hello world	Thread-5883	5

time: 946688083.5350649
diff: 19.464935064315796
waiting
going to web site
Hello world	Thread-5961	6

time: 946688103.544065
diff: 16.45593500137329
waiting
going to web site
Hello world	Thread-6036	5

time: 946688120.539065
diff: 29.46093499660492
waiting
going to web site
Hello world	Thread-6171	7

time: 946688150.5294169
diff: 22.470583081245422
waiting
going to web site
Hello world	Thread-6261	5

time: 946688173.544065
diff: 20.45593500137329
waiting
going to web site
Hello world	Thread-6353	5

time: 946688194.5350649
diff: 23.464935064315796
waiting
going to web site
Hello world	Thread-6462	7

time: 946688218.526065
diff: 39.47393500804901
waiting
going to web site
Hello world	Thread-6638	4

time: 946688258.5350649
diff: 17.464935064315796
waiting
going to web site
Hello world	Thread-6712	6

time: 946688276.544417
diff: 31.455582976341248
waiting
going to web site
Hello world	Thread-6855	6

time: 946688308.526064
diff: 17.473935961723328
waiting
going to web site
Hello world	Thread-6941	4

time: 946688326.526064
diff: 20.473935961723328
waiting
going to web site
Hello world	Thread-7027	7

time: 946688347.5350641
diff: 5.464935898780823
waiting
going to web site
Hello world	Thread-7054	5

time: 946688353.530064
diff: 29.46993601322174
waiting
going to web site
Hello world	Thread-7191	3

time: 946688383.5350649
diff: 3.464935064315796
waiting
going to web site
Hello world	Thread-7209	6

time: 946688387.544613
diff: 24.455386996269226
waiting
going to web site
Hello world	Thread-7317	6

time: 946688412.5350641
diff: 35.46493589878082
waiting
going to web site
Hello world	Thread-7479	7

time: 946688448.535776
diff: 7.4642239809036255
waiting
going to web site
Hello world	Thread-7509	6

time: 946688456.5350641
diff: 20.464935898780823
waiting
going to web site
Hello world	Thread-7609	2

time: 946688477.526064
diff: 22.473935961723328
waiting
going to web site
Hello world	Thread-7712	6

time: 946688500.5350641
diff: 34.46493589878082
waiting
going to web site
Hello world	Thread-7862	3

time: 946688535.832832
diff: 23.167168021202087
waiting
going to web site
Hello world	Thread-7971	3

time: 946688559.841833
diff: 17.158167004585266
waiting
going to web site
Hello world	Thread-8053	3

time: 946688577.841833
diff: 35.158167004585266
waiting
going to web site
Hello world	Thread-8208	4

time: 946688613.841833
diff: 34.158167004585266
waiting
going to web site
Hello world	Thread-8360	3

time: 946688649.841833
diff: 20.158167004585266
waiting
going to web site
Hello world	Thread-8452	2

time: 946688670.841833
diff: 25.158167004585266
waiting
going to web site
Hello world	Thread-8557	3

time: 946688696.841833
diff: 9.158167004585266
waiting
going to web site
Hello world	Thread-8594	2

time: 946688706.832833
diff: 36.16716694831848
waiting
going to web site
Hello world	Thread-8742	4

time: 946688743.832832
diff: 8.167168021202087
waiting
going to web site
Hello world	Thread-8784	3

time: 946688752.845833
diff: 29.15416705608368
waiting
going to web site
Hello world	Thread-8900	4

time: 946688782.841833
diff: 20.158167004585266
waiting
going to web site
Hello world	Thread-8984	4

time: 946688803.832833
diff: 28.16716694831848
waiting
going to web site
Hello world	Thread-9101	3

time: 946688832.832832
diff: 31.167168021202087
waiting
going to web site
Hello world	Thread-9237	5

time: 946688864.832833
diff: 20.16716694831848
waiting
going to web site
Hello world	Thread-9325	4

time: 946688885.832832
diff: 10.167168021202087
waiting
going to web site
Hello world	Thread-9381	2

time: 946688896.841833
diff: 24.158167004585266
waiting
going to web site
Hello world	Thread-9482	4

time: 946688921.841833
diff: 19.158167004585266
waiting
going to web site
Hello world	Thread-9569	4

time: 946688941.841833
diff: 26.158167004585266
waiting
going to web site
Hello world	Thread-9711	4

time: 946688971.841833
diff: 13.158167004585266
waiting
going to web site
Hello world	Thread-9785	2

time: 946688988.841833
diff: 24.158167004585266
waiting
going to web site
Hello world	Thread-9899	5

time: 946689013.841833
diff: 11.158167004585266
waiting
going to web site
Hello world	Thread-9957	4

time: 946689025.836833
diff: 11.163166999816895
waiting
going to web site
Hello world	Thread-10012	4

time: 946689037.832832
diff: 20.167168021202087
waiting
going to web site
Hello world	Thread-10100	2

time: 946689058.8424569
diff: 13.157543063163757
waiting
going to web site
Hello world	Thread-10170	2

time: 946689072.841833
diff: 36.158167004585266
waiting
going to web site
Hello world	Thread-10341	2

time: 946689109.843833
diff: 24.156167030334473
waiting
going to web site
Hello world	Thread-10462	2

time: 946689134.841833
diff: 16.158167004585266
waiting
going to web site
Hello world	Thread-10542	4

time: 946689151.544129
diff: 17.455870985984802
waiting
going to web site
Hello world	Thread-10623	5

time: 946689169.5350641
diff: 26.464935898780823
waiting
going to web site
Hello world	Thread-10754	6

time: 946689196.5350641
diff: 14.464935898780823
waiting
going to web site
Hello world	Thread-10826	5

time: 946689211.526064
diff: 22.473935961723328
waiting
going to web site
Hello world	Thread-10934	6

time: 946689234.5294169
diff: 26.470583081245422
waiting
going to web site
Hello world	Thread-11071	3

time: 946689261.526065
diff: 11.473935008049011
waiting
going to web site
Hello world	Thread-11121	3

time: 946689273.536065
diff: 18.463935017585754
waiting
going to web site
Hello world	Thread-11215	6

time: 946689292.5350649
diff: 18.464935064315796
waiting
going to web site
Hello world	Thread-11305	6

time: 946689311.539065
diff: 32.46093499660492
waiting
going to web site
Hello world	Thread-11458	6

time: 946689344.5350641
diff: 20.464935898780823
waiting
going to web site
Hello world	Thread-11551	5

time: 946689365.5350641
diff: 30.464935898780823
waiting
going to web site
Hello world	Thread-11702	6

time: 946689396.5350641
diff: 10.464935898780823
waiting
going to web site
Hello world	Thread-11750	6

time: 946689407.5350641
diff: 17.464935898780823
waiting
going to web site
Hello world	Thread-11829	7

time: 946689425.530064
diff: 22.46993601322174
waiting
going to web site
Hello world	Thread-11928	6

time: 946689448.5350649
diff: 15.464935064315796
waiting
going to web site
Hello world	Thread-12006	5

time: 946689464.5448331
diff: 26.455166935920715
waiting
going to web site
Hello world	Thread-12140	7

time: 946689491.5294169
diff: 28.470583081245422
waiting
going to web site
Hello world	Thread-12258	7

time: 946689520.526065
diff: 29.47393500804901
waiting
going to web site
Hello world	Thread-12401	7

time: 946689550.526065
diff: 17.47393500804901
waiting
going to web site
Hello world	Thread-12485	3

time: 946689568.544065
diff: 31.45593500137329
waiting
going to web site
Hello world	Thread-12629	4

time: 946689600.5450649
diff: 4.454935073852539
waiting
going to web site
Hello world	Thread-12648	5

time: 946689605.544065
diff: 14.455935001373291
waiting
going to web site
Hello world	Thread-12719	3

time: 946689620.5350649
diff: 27.464935064315796
waiting
going to web site
Hello world	Thread-12846	6

time: 946689648.539065
diff: 26.46093499660492
waiting
going to web site
Hello world	Thread-12975	5

time: 946689675.534064
diff: 16.465935945510864
waiting
going to web site
Hello world	Thread-13056	6

time: 946689692.5350641
diff: 26.464935898780823
waiting
going to web site
Hello world	Thread-13180	7

time: 946689719.5350641
diff: 19.464935898780823
waiting
going to web site
Hello world	Thread-13261	7

time: 946689739.534652
diff: 16.4653480052948
waiting
going to web site
Hello world	Thread-13347	5

time: 946689756.727409
diff: 7.2725909948349
waiting
going to web site
Hello world	Thread-13383	5

time: 946689764.718408
diff: 38.28159201145172
waiting
going to web site
Hello world	Thread-13554	6

time: 946689803.727409
diff: 10.2725909948349
waiting
going to web site
Hello world	Thread-13608	7

time: 946689814.718408
diff: 19.28159201145172
waiting
going to web site
Hello world	Thread-13698	6

time: 946689834.7314091
diff: 29.268590927124023
waiting
going to web site
Hello world	Thread-13844	4

time: 946689864.718408
diff: 20.28159201145172
waiting
going to web site
Hello world	Thread-13941	6

time: 946689885.7314091
diff: 24.268590927124023
waiting
going to web site
Hello world	Thread-14056	5

time: 946689910.723408
diff: 17.276592016220093
waiting
going to web site
Hello world	Thread-14128	4

time: 946689928.7314091
diff: 32.26859092712402
waiting
going to web site
Hello world	Thread-14272	7

time: 946689961.718408
diff: 28.28159201145172
waiting
going to web site
Hello world	Thread-14401	4

time: 946689990.727409
diff: 23.2725909948349
waiting
going to web site
Hello world	Thread-14502	4

time: 946690014.718408
diff: 24.28159201145172
waiting
going to web site
Hello world	Thread-14609	6

time: 946690039.727409
diff: 19.2725909948349
waiting
going to web site
Hello world	Thread-14696	6

time: 946690059.718408
diff: 25.28159201145172
waiting
going to web site
Hello world	Thread-14804	7

time: 946690085.727409
diff: 16.2725909948349
waiting
going to web site
Hello world	Thread-14883	4

time: 946690102.718408
diff: 27.28159201145172
waiting
going to web site
Hello world	Thread-15000	5

time: 946690130.7312369
diff: 21.268763065338135
waiting
going to web site
Hello world	Thread-15092	5

time: 946690152.7314091
diff: 23.268590927124023
waiting
going to web site
Hello world	Thread-15190	7

time: 946690176.718408
diff: 23.28159201145172
waiting
going to web site
Hello world	Thread-15289	7

time: 946690200.718409
diff: 20.281591057777405
waiting
going to web site
Hello world	Thread-15380	5

time: 946690221.727409
diff: 20.2725909948349
waiting
going to web site
Hello world	Thread-15480	6

time: 946690242.718408
diff: 23.28159201145172
waiting
going to web site
Hello world	Thread-15585	3

time: 946690266.7315011
diff: 21.26849889755249
waiting
going to web site
Hello world	Thread-15678	7

time: 946690288.718408
diff: 25.28159201145172
waiting
going to web site
Hello world	Thread-15791	6

time: 946690314.7279559
diff: 23.27204406261444
waiting
going to web site
Hello world	Thread-15893	6

time: 946690338.7314091
diff: 20.268590927124023
waiting
going to web site
Hello world	Thread-15979	4

time: 946690359.6995599
diff: 26.300440073013306
waiting
going to web site
Hello world	Thread-16099	3

time: 946690386.699561
diff: 25.3004390001297
waiting
going to web site
Hello world	Thread-16213	3

time: 946690412.699561
diff: 10.3004390001297
waiting
going to web site
Hello world	Thread-16260	3

time: 946690423.699561
diff: 27.3004390001297
waiting
going to web site
Hello world	Thread-16379	4

time: 946690451.699561
diff: 18.3004390001297
waiting
going to web site
Hello world	Thread-16466	3

time: 946690470.699561
diff: 19.3004390001297
waiting
going to web site
Hello world	Thread-16552	6

time: 946690490.699561
diff: 24.3004390001297
waiting
going to web site
Hello world	Thread-16665	5

time: 946690515.699561
diff: 25.3004390001297
waiting
going to web site
Hello world	Thread-16776	4

time: 946690541.699561
diff: 18.3004390001297
waiting
going to web site
Hello world	Thread-16859	3

time: 946690560.699561
diff: 17.3004390001297
waiting
going to web site
Hello world	Thread-16938	5

time: 946690578.699561
diff: 27.3004390001297
waiting
going to web site
Hello world	Thread-17055	5

time: 946690606.699561
diff: 28.3004390001297
waiting
going to web site
Hello world	Thread-17182	4

time: 946690635.699561
diff: 27.3004390001297
waiting
going to web site
Hello world	Thread-17298	5

time: 946690663.699561
diff: 22.3004390001297
waiting
going to web site
Hello world	Thread-17400	5

time: 946690686.699561
diff: 21.3004390001297
waiting
going to web site
Hello world	Thread-17494	5

time: 946690708.699561
diff: 21.3004390001297
waiting
going to web site
Hello world	Thread-17587	6

time: 946690730.699561
diff: 26.3004390001297
waiting
going to web site
Hello world	Thread-17710	2

time: 946690757.7085611
diff: 21.291438937187195
waiting
going to web site
Hello world	Thread-17805	4

time: 946690779.6995599
diff: 19.300440073013306
waiting
going to web site
Hello world	Thread-17890	7

time: 946690799.699561
diff: 32.3004390001297
waiting
going to web site
Hello world	Thread-18037	6

time: 946690832.699561
diff: 18.3004390001297
waiting
going to web site
Hello world	Thread-18104	6

time: 946690851.699561
diff: 15.3004390001297
waiting
going to web site
Hello world	Thread-18177	5

time: 946690867.699561
diff: 21.3004390001297
waiting
going to web site
Hello world	Thread-18271	7

time: 946690889.699561
diff: 24.3004390001297
waiting
going to web site
Hello world	Thread-18373	6

time: 946690914.699561
diff: 31.3004390001297
waiting
going to web site
Hello world	Thread-18510	6

time: 946690946.699561
diff: 13.3004390001297
waiting
going to web site
Hello world	Thread-18572	2

time: 946690960.841833
diff: 21.158167004585266
waiting
going to web site
Hello world	Thread-18673	3

time: 946690983.841833
diff: 16.158167004585266
waiting
going to web site
Hello world	Thread-18746	2

time: 946691000.832833
diff: 25.16716694831848
waiting
going to web site
Hello world	Thread-18858	5

time: 946691026.832832
diff: 20.167168021202087
waiting
going to web site
Hello world	Thread-18958	4

time: 946691047.841833
diff: 29.158167004585266
waiting
going to web site
Hello world	Thread-19090	2

time: 946691078.841833
diff: 21.158167004585266
waiting
going to web site
Hello world	Thread-19195	3

time: 946691101.851833
diff: 26.14816701412201
waiting
going to web site
Hello world	Thread-19312	3

time: 946691128.842833
diff: 8.157166957855225
waiting
going to web site
Hello world	Thread-19355	4

time: 946691137.832832
diff: 14.167168021202087
waiting
going to web site
Hello world	Thread-19425	2

time: 946691152.836833
diff: 21.163166999816895
waiting
going to web site
Hello world	Thread-19523	4

time: 946691174.832832
diff: 28.167168021202087
waiting
going to web site
Hello world	Thread-19651	3

time: 946691203.841833
diff: 26.158167004585266
waiting
going to web site
Hello world	Thread-19777	3

time: 946691230.852481
diff: 15.147518992424011
waiting
going to web site
Hello world	Thread-19843	4

time: 946691246.832832
diff: 32.16716802120209
waiting
going to web site
Hello world	Thread-20004	2

time: 946691279.841833
diff: 5.158167004585266
waiting
going to web site
Hello world	Thread-20031	2

time: 946691285.841833
diff: 22.158167004585266
waiting
going to web site
Hello world	Thread-20133	2

time: 946691308.8558329
diff: 17.144167065620422
waiting
going to web site
Hello world	Thread-20223	2

time: 946691326.841833
diff: 22.158167004585266
waiting
going to web site
Hello world	Thread-20327	3

time: 946691349.836833
diff: 14.163166999816895
waiting
going to web site
Hello world	Thread-20396	2

time: 946691365.832832
diff: 15.167168021202087
waiting
going to web site
Hello world	Thread-20498	3

time: 946691382.841833
diff: 32.158167004585266
waiting
going to web site
Hello world	Thread-20658	3

time: 946691415.841833
diff: 24.158167004585266
waiting
going to web site
Hello world	Thread-20774	3

time: 946691440.8588331
diff: 10.141166925430298
waiting
going to web site
Hello world	Thread-20828	4

time: 946691451.832832
diff: 22.167168021202087
waiting
going to web site
Hello world	Thread-20932	2

time: 946691474.841833
diff: 10.158167004585266
waiting
going to web site
Hello world	Thread-20992	2

time: 946691485.841833
diff: 24.158167004585266
waiting
going to web site
Hello world	Thread-21102	2

time: 946691510.841833
diff: 19.158167004585266
waiting
going to web site
Hello world	Thread-21197	3

time: 946691530.841833
diff: 23.158167004585266
waiting
going to web site
Hello world	Thread-21314	3

time: 946691554.841833
diff: 30.158167004585266
waiting
going to web site
Hello world	Thread-21447	3

time: 946691585.841833
diff: 25.158167004585266
waiting
going to web site
Hello world	Thread-21565	5

time: 946691611.841833
diff: 28.158167004585266
waiting
going to web site
Hello world	Thread-21699	2

time: 946691640.841833
diff: 15.158167004585266
waiting
going to web site
Hello world	Thread-21769	4

time: 946691656.841833
diff: 33.158167004585266
waiting
going to web site
Hello world	Thread-21916	3

time: 946691690.841833
diff: 17.158167004585266
waiting
going to web site
Hello world	Thread-21999	2

time: 946691708.8421639
diff: 17.157836079597473
waiting
going to web site
Hello world	Thread-22075	3

time: 946691726.832833
diff: 22.16716694831848
waiting
going to web site
Hello world	Thread-22176	4

time: 946691749.832832
diff: 21.167168021202087
waiting
going to web site
Hello world	Thread-22274	2

time: 946691771.846833
diff: 16.153167009353638
waiting
going to web site
Hello world	Thread-22340	3

time: 946691788.841833
diff: 32.158167004585266
waiting
going to web site
Hello world	Thread-22489	4

time: 946691821.832833
diff: 21.16716694831848
waiting
going to web site
Hello world	Thread-22582	4

time: 946691843.836832
diff: 20.16316795349121
waiting
going to web site
Hello world	Thread-22673	4

time: 946691864.832832
diff: 24.167168021202087
waiting
going to web site
Hello world	Thread-22787	4

time: 946691889.832833
diff: 23.16716694831848
waiting
going to web site
Hello world	Thread-22893	4

time: 946691913.832832
diff: 9.167168021202087
waiting
going to web site
Hello world	Thread-22944	4

time: 946691923.841833
diff: 33.158167004585266
waiting
going to web site
Hello world	Thread-23105	4

time: 946691957.841833
diff: 10.158167004585266
waiting
going to web site
Hello world	Thread-23149	3

time: 946691968.841833
diff: 36.158167004585266
waiting
going to web site
Hello world	Thread-23324	2

time: 946692005.841897
diff: 16.158102989196777
waiting
going to web site
Hello world	Thread-23398	5

time: 946692022.832832
diff: 3.1671680212020874
waiting
going to web site
Hello world	Thread-23421	4

time: 946692026.841833
diff: 23.158167004585266
waiting
going to web site
Hello world	Thread-23540	6

time: 946692050.832833
diff: 19.16716694831848
waiting
going to web site
Hello world	Thread-23638	4

time: 946692070.832832
diff: 10.167168021202087
waiting
going to web site
Hello world	Thread-23686	3

time: 946692081.841833
diff: 17.158167004585266
waiting
going to web site
Hello world	Thread-23771	5

time: 946692099.832833
diff: 16.16716694831848
waiting
going to web site
Hello world	Thread-23855	4

time: 946692116.832832
diff: 30.167168021202087
waiting
going to web site
Hello world	Thread-24000	4

time: 946692147.841833
diff: 22.158167004585266
waiting
going to web site
Hello world	Thread-24102	4

time: 946692170.841833
diff: 34.158167004585266
waiting
going to web site
Hello world	Thread-24261	2

time: 946692205.859481
diff: 19.14051902294159
waiting
going to web site
Hello world	Thread-24360	6

time: 946692225.846833
diff: 27.153167009353638
waiting
going to web site
Hello world	Thread-24482	3

time: 946692253.84748
diff: 27.152519941329956
waiting
going to web site
Hello world	Thread-24613	3

time: 946692281.832832
diff: 17.167168021202087
waiting
going to web site
Hello world	Thread-24693	3

time: 946692299.841833
diff: 18.158167004585266
waiting
going to web site
Hello world	Thread-24780	4

time: 946692319.841833
diff: 26.158167004585266
waiting
going to web site
Hello world	Thread-24894	2

time: 946692346.841833
diff: 20.158167004585266
waiting
going to web site
Hello world	Thread-24980	2

time: 946692367.841833
diff: 26.158167004585266
waiting
going to web site
Hello world	Thread-25107	4

time: 946692395.841833
diff: 27.158167004585266
waiting
going to web site
Hello world	Thread-25218	3

time: 946692423.832833
diff: 11.167166948318481
waiting
going to web site
Hello world	Thread-25272	4

time: 946692435.832832
diff: 31.167168021202087
waiting
going to web site
Hello world	Thread-25402	3

time: 946692467.832833
diff: 13.167166948318481
waiting
going to web site
Hello world	Thread-25463	5

time: 946692481.836832
diff: 21.16316795349121
waiting
going to web site
Hello world	Thread-25553	5

time: 946692503.832832
diff: 30.167168021202087
waiting
going to web site
Hello world	Thread-25683	2

time: 946692534.841833
diff: 17.158167004585266
waiting
going to web site
Hello world	Thread-25760	3

time: 946692552.841833
diff: 29.158167004585266
waiting
going to web site
Hello world	Thread-25891	2

time: 946692582.841833
diff: 17.158167004585266
waiting
going to web site
Hello world	Thread-25961	3

time: 946692600.845833
diff: 26.15416705608368
waiting
going to web site
Hello world	Thread-26082	2

time: 946692627.841833
diff: 25.158167004585266
waiting
going to web site
Hello world	Thread-26185	3

time: 946692653.841833
diff: 20.158167004585266
waiting
going to web site
Hello world	Thread-26259	3

time: 946692674.841833
diff: 23.158167004585266
waiting
going to web site
Hello world	Thread-26344	2

