time: 946686600.0
diff: 0.0
going to web site
Hello world	Thread-36	2

time: 946686615.659364
diff: 104.34063601493835
waiting
going to web site
Hello world	Thread-95	5

time: 946686727.658364
diff: 52.341635942459106
waiting
going to web site
Hello world	Thread-112	5

time: 946686780.649364
diff: 119.35063600540161
waiting
going to web site
Hello world	Thread-193	7

time: 946686903.668365
diff: 56.33163499832153
waiting
going to web site
Hello world	Thread-211	9

time: 946686961.658365
diff: 58.34163498878479
waiting
going to web site
Hello world	Thread-245	3

time: 946687020.658365
diff: 120.34163498878479
waiting
going to web site
Hello world	Thread-330	7

time: 946687148.667364
diff: 52.33263599872589
waiting
going to web site
Hello world	Thread-344	5

time: 946687202.676751
diff: 118.3232489824295
waiting
going to web site
Hello world	Thread-427	2

time: 946687328.668364
diff: 52.33163595199585
waiting
going to web site
Hello world	Thread-444	2

time: 946687382.6667511
diff: 58.33324885368347
waiting
going to web site
Hello world	Thread-488	5

time: 946687444.658365
diff: 116.34163498878479
waiting
going to web site
Hello world	Thread-532	6

time: 946687561.6493641
diff: 120.35063588619232
waiting
going to web site
Hello world	Thread-624	4

time: 946687689.668364
diff: 52.33163595199585
waiting
going to web site
Hello world	Thread-643	3

time: 946687743.6667501
diff: 58.33324992656708
waiting
going to web site
Hello world	Thread-696	3

time: 946687833.7863641
diff: 28.21363592147827
waiting
going to web site
Hello world	Thread-729	5

time: 946687877.7773641
diff: 44.22263586521149
waiting
going to web site
Hello world	Thread-766	2

time: 946687929.7863641
diff: 112.21363592147827
waiting
going to web site
Hello world	Thread-829	2

time: 946688049.7863641
diff: 53.21363592147827
waiting
going to web site
Hello world	Thread-861	4

time: 946688118.7863641
diff: 104.21363592147827
waiting
going to web site
Hello world	Thread-926	5

time: 946688238.7863641
diff: 104.21363592147827
waiting
going to web site
Hello world	Thread-991	4

