time: 946686600.0
diff: 213.0
waiting
going to web site
Hello world	Thread-339	4

time: 946686813.5290639
diff: 20.470936059951782
waiting
going to web site
Hello world	Thread-406	3

time: 946686834.5350649
diff: 18.464935064315796
waiting
going to web site
Hello world	Thread-470	4

time: 946686853.5350649
diff: 5.464935064315796
waiting
going to web site
Hello world	Thread-1357	3

time: 946686859.543065
diff: -0.5430649518966675
going to web site
Hello world	Thread-1361	4

time: 946686860.072129
diff: -1.0721290111541748
going to web site
Hello world	Thread-1365	3

time: 946686860.6031929
diff: 23.396807074546814
waiting
going to web site
Hello world	Thread-575	5

time: 946686884.544381
diff: 9.455618977546692
waiting
going to web site
Hello world	Thread-613	6

time: 946686894.534064
diff: 15.465935945510864
waiting
going to web site
Hello world	Thread-1575	6

time: 946686910.540113
diff: 1.4598870277404785
waiting
going to web site
Hello world	Thread-688	7

time: 946686912.544065
diff: 19.45593500137329
waiting
going to web site
Hello world	Thread-766	5

time: 946686932.538715
diff: 14.46128499507904
waiting
going to web site
Hello world	Thread-832	6

time: 946686947.540065
diff: 21.459934949874878
waiting
going to web site
Hello world	Thread-933	9

time: 946686969.5350641
diff: 12.464935898780823
waiting
going to web site
Hello world	Thread-1922	2

time: 946686982.5350641
diff: 0.46493589878082275
waiting
going to web site
Hello world	Thread-1923	3

time: 946686983.5350641
diff: 0.46493589878082275
waiting
going to web site
Hello world	Thread-1925	2

time: 946686984.5350641
diff: 0.46493589878082275
waiting
going to web site
Hello world	Thread-1926	4

time: 946686985.526064
diff: 0.47393596172332764
waiting
going to web site
Hello world	Thread-1011	5

time: 946686986.531064
diff: 11.4689359664917
waiting
going to web site
Hello world	Thread-1952	4

time: 946686998.526064
diff: 0.47393596172332764
waiting
going to web site
Hello world	Thread-1075	6

time: 946686999.5350641
diff: 3.4649358987808228
waiting
going to web site
Hello world	Thread-1960	3

time: 946687003.5350641
diff: 19.464935898780823
waiting
going to web site
Hello world	Thread-2007	2

time: 946687023.5350641
diff: 6.464935898780823
waiting
going to web site
Hello world	Thread-1219	6

time: 946687030.534064
diff: 7.465935945510864
waiting
going to web site
Hello world	Thread-2035	5

time: 946687038.5356239
diff: 4.464376091957092
waiting
going to web site
Hello world	Thread-2045	3

time: 946687043.542065
diff: 19.457934975624084
waiting
going to web site
Hello world	Thread-1370	8

time: 946687063.532064
diff: 14.467936038970947
waiting
going to web site
Hello world	Thread-2066	2

time: 946687078.5350649
diff: 11.464935064315796
waiting
going to web site
Hello world	Thread-2068	2

time: 946687090.5350649
diff: -0.5350649356842041
going to web site
Hello world	Thread-2069	2

time: 946687091.064129
diff: -0.06412899494171143
going to web site
Hello world	Thread-2070	2

time: 946687091.598193
diff: 0.40180695056915283
waiting
going to web site
Hello world	Thread-1497	6

time: 946687092.5350641
diff: 0.46493589878082275
waiting
going to web site
Hello world	Thread-2071	2

time: 946687093.5350641
diff: 0.46493589878082275
waiting
going to web site
Hello world	Thread-2072	2

time: 946687094.5350641
diff: 16.464935898780823
waiting
going to web site
Hello world	Thread-1583	4

time: 946687111.5351549
diff: 13.464845061302185
waiting
going to web site
Hello world	Thread-2073	2

time: 946687125.540065
diff: 10.459934949874878
waiting
going to web site
Hello world	Thread-1691	6

time: 946687136.5350641
diff: 19.464935898780823
waiting
going to web site
Hello world	Thread-1767	7

time: 946687156.532064
diff: 10.467936038970947
waiting
going to web site
Hello world	Thread-2074	2

time: 946687167.539065
diff: -0.5390650033950806
going to web site
Hello world	Thread-2075	2

time: 946687168.0651289
diff: -1.0651289224624634
going to web site
Hello world	Thread-2076	2

time: 946687168.598193
diff: 12.401806950569153
waiting
going to web site
Hello world	Thread-1870	7

time: 946687181.5350641
diff: 21.464935898780823
waiting
going to web site
Hello world	Thread-1966	3

time: 946687203.526064
diff: 11.473935961723328
waiting
going to web site
Hello world	Thread-2079	2

time: 946687215.5350641
diff: -0.5350641012191772
going to web site
Hello world	Thread-2080	2

time: 946687216.0611279
diff: 10.93887209892273
waiting
going to web site
Hello world	Thread-2074	6

time: 946687227.540065
diff: 21.459934949874878
waiting
going to web site
Hello world	Thread-2157	8

time: 946687249.5350641
diff: 9.464935898780823
waiting
going to web site
Hello world	Thread-2096	2

time: 946687259.5350641
diff: 0.46493589878082275
waiting
going to web site
Hello world	Thread-2099	2

time: 946687260.5350009
diff: 0.46499907970428467
waiting
going to web site
Hello world	Thread-2102	2

time: 946687261.535256
diff: -0.535256028175354
going to web site
Hello world	Thread-2104	2

time: 946687262.06132
diff: -1.0613199472427368
going to web site
Hello world	Thread-2106	2

time: 946687262.5873841
diff: -1.5873841047286987
going to web site
Hello world	Thread-2108	2

time: 946687263.120821
diff: -2.120820999145508
going to web site
Hello world	Thread-2110	2

time: 946687263.658885
diff: 0.34111499786376953
waiting
going to web site
Hello world	Thread-2113	2

time: 946687264.5350641
diff: -0.5350641012191772
going to web site
Hello world	Thread-2115	2

time: 946687265.0611279
diff: 3.9388720989227295
waiting
going to web site
Hello world	Thread-2254	4

time: 946687269.526065
diff: 31.47393500804901
waiting
going to web site
Hello world	Thread-2397	5

time: 946687301.526065
diff: 17.47393500804901
waiting
going to web site
Hello world	Thread-2479	4

time: 946687319.526065
diff: 13.473935008049011
waiting
going to web site
Hello world	Thread-2119	2

time: 946687333.5350649
diff: 1.464935064315796
waiting
going to web site
Hello world	Thread-2121	3

time: 946687335.542065
diff: -0.5420650243759155
going to web site
Hello world	Thread-2122	2

time: 946687336.0681291
diff: 12.931870937347412
waiting
going to web site
Hello world	Thread-2599	7

time: 946687349.5294169
diff: 15.470583081245422
waiting
going to web site
Hello world	Thread-2673	4

time: 946687365.5350649
diff: 6.464935064315796
waiting
going to web site
Hello world	Thread-2125	2

time: 946687372.5270649
diff: 16.47293508052826
waiting
going to web site
Hello world	Thread-2781	7

time: 946687389.5350649
diff: 20.464935064315796
waiting
going to web site
Hello world	Thread-2875	4

time: 946687410.536065
diff: 12.463935017585754
waiting
going to web site
Hello world	Thread-2934	3

time: 946687423.841833
diff: 29.158167004585266
waiting
going to web site
Hello world	Thread-3064	6

time: 946687453.832833
diff: 6.1671669483184814
waiting
going to web site
Hello world	Thread-3098	3

time: 946687460.832832
diff: 25.167168021202087
waiting
going to web site
Hello world	Thread-3211	2

time: 946687486.841833
diff: 24.158167004585266
waiting
going to web site
Hello world	Thread-3320	2

time: 946687512.851833
diff: 35.14816701412201
waiting
going to web site
Hello world	Thread-3477	3

time: 946687548.832833
diff: 21.16716694831848
waiting
going to web site
Hello world	Thread-3572	6

time: 946687570.840832
diff: 29.159168004989624
waiting
going to web site
Hello world	Thread-3704	3

time: 946687600.841865
diff: 17.158135056495667
waiting
going to web site
Hello world	Thread-3786	3

time: 946687618.832833
diff: 17.16716694831848
waiting
going to web site
Hello world	Thread-3862	5

time: 946687636.832832
diff: 30.167168021202087
waiting
going to web site
Hello world	Thread-3989	4

time: 946687667.841833
diff: 17.158167004585266
waiting
going to web site
Hello world	Thread-4076	2

time: 946687685.8588331
diff: 25.141166925430298
waiting
going to web site
Hello world	Thread-4183	6

time: 946687711.832832
diff: 30.167168021202087
waiting
going to web site
Hello world	Thread-4326	5

time: 946687742.845833
diff: 17.15416705608368
waiting
going to web site
Hello world	Thread-4403	5

time: 946687760.841833
diff: 20.158167004585266
waiting
going to web site
Hello world	Thread-4512	3

time: 946687782.841833
diff: 23.158167004585266
waiting
going to web site
Hello world	Thread-4613	4

time: 946687806.832833
diff: 7.1671669483184814
waiting
going to web site
Hello world	Thread-4648	5

time: 946687814.832832
diff: 27.167168021202087
waiting
going to web site
Hello world	Thread-4780	4

time: 946687843.841833
diff: 10.158167004585266
waiting
going to web site
Hello world	Thread-4830	3

time: 946687854.841833
diff: 31.158167004585266
waiting
going to web site
Hello world	Thread-4972	3

time: 946687886.841833
diff: 17.158167004585266
waiting
going to web site
Hello world	Thread-5061	4

time: 946687904.841833
diff: 18.158167004585266
waiting
going to web site
Hello world	Thread-5154	3

time: 946687924.841833
diff: 17.158167004585266
waiting
going to web site
Hello world	Thread-5237	2

time: 946687942.841833
diff: 27.158167004585266
waiting
going to web site
Hello world	Thread-5368	6

time: 946687970.84548
diff: 16.15452003479004
waiting
going to web site
Hello world	Thread-5452	2

time: 946687987.841833
diff: 34.158167004585266
waiting
going to web site
Hello world	Thread-5608	4

time: 946688022.841833
diff: 27.158167004585266
waiting
going to web site
Hello world	Thread-5728	7

time: 946688050.544065
diff: 24.45593500137329
waiting
going to web site
Hello world	Thread-5842	7

time: 946688075.5350649
diff: 0.4649350643157959
waiting
going to web site
Hello world	Thread-5848	6

time: 946688076.544065
diff: 20.45593500137329
waiting
going to web site
Hello world	Thread-5937	4

time: 946688097.544065
diff: 22.45593500137329
waiting
going to web site
Hello world	Thread-6035	6

time: 946688120.539065
diff: 14.46093499660492
waiting
going to web site
Hello world	Thread-6102	5

time: 946688135.5350641
diff: 30.464935898780823
waiting
going to web site
Hello world	Thread-6235	7

time: 946688166.5350641
diff: 17.464935898780823
waiting
going to web site
Hello world	Thread-6311	7

time: 946688184.5350641
diff: 27.464935898780823
waiting
going to web site
Hello world	Thread-6434	5

time: 946688212.5350641
diff: 26.464935898780823
waiting
going to web site
Hello world	Thread-6553	6

time: 946688239.5350641
diff: 24.464935898780823
waiting
going to web site
Hello world	Thread-6668	7

time: 946688264.5350641
diff: 27.464935898780823
waiting
going to web site
Hello world	Thread-6789	6

time: 946688292.526064
diff: 11.473935961723328
waiting
going to web site
Hello world	Thread-6837	6

time: 946688304.5350641
diff: 25.464935898780823
waiting
going to web site
Hello world	Thread-6955	6

time: 946688330.5350641
diff: 34.46493589878082
waiting
going to web site
Hello world	Thread-7105	5

time: 946688365.526064
diff: 25.473935961723328
waiting
going to web site
Hello world	Thread-7226	6

time: 946688391.5350641
diff: 24.464935898780823
waiting
going to web site
Hello world	Thread-7336	7

time: 946688416.5350641
diff: 9.464935898780823
waiting
going to web site
Hello world	Thread-7384	5

time: 946688426.5350641
diff: 35.46493589878082
waiting
going to web site
Hello world	Thread-7543	5

time: 946688462.5350641
diff: 14.464935898780823
waiting
going to web site
Hello world	Thread-7612	3

time: 946688477.526064
diff: 14.473935961723328
waiting
going to web site
Hello world	Thread-7668	6

time: 946688492.5350641
diff: 15.464935898780823
waiting
going to web site
Hello world	Thread-7743	3

time: 946688508.526064
diff: 25.473935961723328
waiting
going to web site
Hello world	Thread-7851	6

time: 946688534.526064
diff: 27.473935961723328
waiting
going to web site
Hello world	Thread-7984	6

time: 946688562.5350641
diff: 13.464935898780823
waiting
going to web site
Hello world	Thread-8047	4

time: 946688576.526064
diff: 17.473935961723328
waiting
going to web site
Hello world	Thread-8126	4

time: 946688594.5350641
diff: 15.464935898780823
waiting
going to web site
Hello world	Thread-8191	6

time: 946688610.5350641
diff: 36.46493589878082
waiting
going to web site
Hello world	Thread-8345	7

time: 946688647.5350641
diff: 21.464935898780823
waiting
going to web site
Hello world	Thread-8446	3

time: 946688669.832832
diff: 26.167168021202087
waiting
going to web site
Hello world	Thread-8556	2

time: 946688696.841833
diff: 32.158167004585266
waiting
going to web site
Hello world	Thread-8691	3

time: 946688729.848833
diff: 28.151167035102844
waiting
going to web site
Hello world	Thread-8802	2

time: 946688758.832833
diff: 21.16716694831848
waiting
going to web site
Hello world	Thread-8886	4

time: 946688780.832832
diff: 24.167168021202087
waiting
going to web site
Hello world	Thread-8992	2

time: 946688805.8422489
diff: 24.157751083374023
waiting
going to web site
Hello world	Thread-9089	2

time: 946688830.8558329
diff: 15.144167065620422
waiting
going to web site
Hello world	Thread-9163	2

time: 946688846.841833
diff: 13.158167004585266
waiting
going to web site
Hello world	Thread-9219	5

time: 946688860.832833
diff: 29.16716694831848
waiting
going to web site
Hello world	Thread-9349	4

time: 946688890.832832
diff: 28.167168021202087
waiting
going to web site
Hello world	Thread-9471	4

time: 946688919.832833
diff: 25.16716694831848
waiting
going to web site
Hello world	Thread-9581	4

time: 946688945.832832
diff: 30.167168021202087
waiting
going to web site
Hello world	Thread-9730	2

time: 946688976.841833
diff: 23.158167004585266
waiting
going to web site
Hello world	Thread-9846	4

time: 946689001.845833
diff: -0.8458329439163208
going to web site
Hello world	Thread-9847	6

time: 946689002.6786649
diff: 29.321335077285767
waiting
going to web site
Hello world	Thread-9991	2

time: 946689032.841833
diff: 28.158167004585266
waiting
going to web site
Hello world	Thread-10115	3

time: 946689061.832833
diff: 19.16716694831848
waiting
going to web site
Hello world	Thread-10218	5

time: 946689081.832832
diff: 14.167168021202087
waiting
going to web site
Hello world	Thread-10275	2

time: 946689096.832833
diff: 26.16716694831848
waiting
going to web site
Hello world	Thread-10406	5

time: 946689123.832832
diff: 25.167168021202087
waiting
going to web site
Hello world	Thread-10534	2

time: 946689149.841833
diff: 12.158167004585266
waiting
going to web site
Hello world	Thread-10591	2

time: 946689162.841833
diff: 13.158167004585266
waiting
going to web site
Hello world	Thread-10657	2

time: 946689176.841833
diff: 18.158167004585266
waiting
going to web site
Hello world	Thread-10753	3

time: 946689195.841833
diff: 23.158167004585266
waiting
going to web site
Hello world	Thread-10871	4

time: 946689219.841833
diff: 25.158167004585266
waiting
going to web site
Hello world	Thread-10991	2

time: 946689245.841833
diff: 12.158167004585266
waiting
going to web site
Hello world	Thread-11056	4

time: 946689258.836833
diff: 19.163166999816895
waiting
going to web site
Hello world	Thread-11144	7

time: 946689278.5350641
diff: 35.46493589878082
waiting
going to web site
Hello world	Thread-11320	4

time: 946689314.526064
diff: 14.473935961723328
waiting
going to web site
Hello world	Thread-11384	7

time: 946689329.5294169
diff: 28.470583081245422
waiting
going to web site
Hello world	Thread-11522	5

time: 946689358.544065
diff: 8.455935001373291
waiting
going to web site
Hello world	Thread-11561	7

time: 946689367.542065
diff: 16.457934975624084
waiting
going to web site
Hello world	Thread-11643	7

time: 946689384.5350641
diff: 26.464935898780823
waiting
going to web site
Hello world	Thread-11767	2

time: 946689411.526064
diff: 8.473935961723328
waiting
going to web site
Hello world	Thread-11803	6

time: 946689420.5350641
diff: 40.46493589878082
waiting
going to web site
Hello world	Thread-11994	7

time: 946689461.526064
diff: 15.473935961723328
waiting
going to web site
Hello world	Thread-12073	4

time: 946689477.5350641
diff: 31.464935898780823
waiting
going to web site
Hello world	Thread-12210	7

time: 946689509.5350641
diff: 8.464935898780823
waiting
going to web site
Hello world	Thread-12252	3

time: 946689518.526064
diff: 18.473935961723328
waiting
going to web site
Hello world	Thread-12340	6

time: 946689537.5350641
diff: 15.464935898780823
waiting
going to web site
Hello world	Thread-12415	6

time: 946689553.5270641
diff: 25.472935914993286
waiting
going to web site
Hello world	Thread-12529	7

time: 946689579.5350641
diff: 30.464935898780823
waiting
going to web site
Hello world	Thread-12670	6

time: 946689610.534064
diff: 23.465935945510864
waiting
going to web site
Hello world	Thread-12783	6

time: 946689634.535535
diff: 24.464465022087097
waiting
going to web site
Hello world	Thread-12896	4

time: 946689659.5350649
diff: 32.464935064315796
waiting
going to web site
Hello world	Thread-13057	5

time: 946689692.544065
diff: 11.455935001373291
waiting
going to web site
Hello world	Thread-13110	4

time: 946689704.544065
diff: 23.45593500137329
waiting
going to web site
Hello world	Thread-13209	6

time: 946689728.544065
diff: 17.45593500137329
waiting
going to web site
Hello world	Thread-13297	6

time: 946689746.5350649
diff: 3.464935064315796
waiting
going to web site
Hello world	Thread-13318	7

time: 946689750.526065
diff: 29.47393500804901
waiting
going to web site
Hello world	Thread-13450	6

time: 946689780.544065
diff: 25.45593500137329
waiting
going to web site
Hello world	Thread-13568	6

time: 946689806.544065
diff: 25.45593500137329
waiting
going to web site
Hello world	Thread-13688	4

time: 946689832.526065
diff: 17.47393500804901
waiting
going to web site
Hello world	Thread-13783	6

time: 946689850.544065
diff: 14.455935001373291
waiting
going to web site
Hello world	Thread-13848	6

time: 946689865.544365
diff: 14.455634951591492
waiting
going to web site
Hello world	Thread-13919	6

time: 946689880.838832
diff: 22.161167979240417
waiting
going to web site
Hello world	Thread-14023	4

time: 946689903.832832
diff: 32.16716802120209
waiting
going to web site
Hello world	Thread-14161	3

time: 946689936.8588331
diff: 10.141166925430298
waiting
going to web site
Hello world	Thread-14216	4

time: 946689947.832832
diff: 33.16716802120209
waiting
going to web site
Hello world	Thread-14354	5

time: 946689981.832833
diff: 17.16716694831848
waiting
going to web site
Hello world	Thread-14441	3

time: 946689999.836832
diff: 31.16316795349121
waiting
going to web site
Hello world	Thread-14575	6

time: 946690031.832832
diff: 20.167168021202087
waiting
going to web site
Hello world	Thread-14664	2

time: 946690052.841833
diff: 14.158167004585266
waiting
going to web site
Hello world	Thread-14733	3

time: 946690067.841833
diff: 28.158167004585266
waiting
going to web site
Hello world	Thread-14857	2

time: 946690096.841833
diff: 27.158167004585266
waiting
going to web site
Hello world	Thread-14975	3

time: 946690124.845833
diff: 26.15416705608368
waiting
going to web site
Hello world	Thread-15087	3

time: 946690151.832833
diff: 23.16716694831848
waiting
going to web site
Hello world	Thread-15185	3

time: 946690175.832832
diff: 10.167168021202087
waiting
going to web site
Hello world	Thread-15232	2

time: 946690186.841833
diff: 29.158167004585266
waiting
going to web site
Hello world	Thread-15359	2

time: 946690216.832833
diff: 24.16716694831848
waiting
going to web site
Hello world	Thread-15475	5

time: 946690241.832832
diff: 23.167168021202087
waiting
going to web site
Hello world	Thread-15580	2

time: 946690265.849833
diff: 15.150166988372803
waiting
going to web site
Hello world	Thread-15645	3

time: 946690281.841833
diff: 33.158167004585266
waiting
going to web site
Hello world	Thread-15799	2

time: 946690315.8588331
diff: 25.141166925430298
waiting
going to web site
Hello world	Thread-15912	3

time: 946690341.832832
diff: 20.167168021202087
waiting
going to web site
Hello world	Thread-15995	2

time: 946690362.841833
diff: 8.158167004585266
waiting
going to web site
Hello world	Thread-16033	2

time: 946690371.8588331
diff: 35.1411669254303
waiting
going to web site
Hello world	Thread-16194	5

time: 946690407.832832
diff: 12.167168021202087
waiting
going to web site
Hello world	Thread-16246	2

time: 946690420.8408331
diff: 25.159166932106018
waiting
going to web site
Hello world	Thread-16365	4

time: 946690446.832832
diff: 19.167168021202087
waiting
going to web site
Hello world	Thread-16447	2

time: 946690466.841833
diff: 21.158167004585266
waiting
going to web site
Hello world	Thread-16544	2

time: 946690488.526065
diff: 29.47393500804901
waiting
going to web site
Hello world	Thread-16678	4

time: 946690518.5350649
diff: 17.464935064315796
waiting
going to web site
Hello world	Thread-16752	5

time: 946690536.526065
diff: 33.47393500804901
waiting
going to web site
Hello world	Thread-16901	7

time: 946690570.5350649
diff: 19.464935064315796
waiting
going to web site
Hello world	Thread-16988	6

time: 946690590.526065
diff: 19.47393500804901
waiting
going to web site
Hello world	Thread-17068	4

time: 946690610.5350649
diff: 20.464935064315796
waiting
going to web site
Hello world	Thread-17161	5

time: 946690631.5350649
diff: 25.464935064315796
waiting
going to web site
Hello world	Thread-17274	4

time: 946690657.544689
diff: 22.455310940742493
waiting
going to web site
Hello world	Thread-17371	7

time: 946690680.5350641
diff: 8.464935898780823
waiting
going to web site
Hello world	Thread-17408	6

time: 946690689.5350641
diff: 23.464935898780823
waiting
going to web site
Hello world	Thread-17515	5

time: 946690713.5350641
diff: 29.464935898780823
waiting
going to web site
Hello world	Thread-17645	7

time: 946690743.5350641
diff: 22.464935898780823
waiting
going to web site
Hello world	Thread-17743	7

time: 946690766.5350641
diff: 28.464935898780823
waiting
going to web site
Hello world	Thread-17877	3

time: 946690795.5350641
diff: 21.464935898780823
waiting
going to web site
Hello world	Thread-17965	5

time: 946690817.5350641
diff: 18.464935898780823
waiting
going to web site
Hello world	Thread-18051	5

time: 946690836.526064
diff: 25.473935961723328
waiting
going to web site
Hello world	Thread-18151	7

time: 946690862.5350641
diff: 21.464935898780823
waiting
going to web site
Hello world	Thread-18242	7

time: 946690884.540064
diff: 20.459936022758484
waiting
going to web site
Hello world	Thread-18338	6

time: 946690905.544065
diff: 28.45593500137329
waiting
going to web site
Hello world	Thread-18462	2

time: 946690934.526065
diff: 21.47393500804901
waiting
going to web site
Hello world	Thread-18554	4

time: 946690956.526065
diff: 15.473935008049011
waiting
going to web site
Hello world	Thread-18621	6

time: 946690972.531065
diff: 32.46893501281738
waiting
going to web site
Hello world	Thread-18772	6

time: 946691005.544065
diff: 26.45593500137329
waiting
going to web site
Hello world	Thread-18887	4

time: 946691032.544065
diff: 30.45593500137329
waiting
going to web site
Hello world	Thread-19024	6

time: 946691063.544065
diff: 3.455935001373291
waiting
going to web site
Hello world	Thread-19043	3

time: 946691067.526065
diff: 21.47393500804901
waiting
going to web site
Hello world	Thread-19135	7

time: 946691089.539065
diff: 27.46093499660492
waiting
going to web site
Hello world	Thread-19262	7

time: 946691117.532064
diff: 33.46793603897095
waiting
going to web site
Hello world	Thread-19417	6

time: 946691151.544065
diff: 20.45593500137329
waiting
going to web site
Hello world	Thread-19510	7

time: 946691172.541065
diff: 20.458935022354126
waiting
going to web site
Hello world	Thread-19601	6

time: 946691193.544065
diff: 16.45593500137329
waiting
going to web site
Hello world	Thread-19679	3

time: 946691210.526065
diff: 28.47393500804901
waiting
going to web site
Hello world	Thread-19818	7

time: 946691239.5350649
diff: 17.464935064315796
waiting
going to web site
Hello world	Thread-19903	6

time: 946691257.540065
diff: 10.459934949874878
waiting
going to web site
Hello world	Thread-19952	6

time: 946691268.5350641
diff: 19.464935898780823
waiting
going to web site
Hello world	Thread-20041	7

time: 946691288.5350641
diff: 23.464935898780823
waiting
going to web site
Hello world	Thread-20155	5

time: 946691312.5330639
diff: 25.466936111450195
waiting
going to web site
Hello world	Thread-20276	6

time: 946691338.5350649
diff: 26.464935064315796
waiting
going to web site
Hello world	Thread-20394	6

time: 946691365.536065
diff: 22.463935017585754
waiting
going to web site
Hello world	Thread-20526	7

time: 946691388.526065
diff: 8.473935008049011
waiting
going to web site
Hello world	Thread-20572	4

time: 946691397.5350649
diff: 23.464935064315796
waiting
going to web site
Hello world	Thread-20689	4

time: 946691421.545064
diff: 22.454936027526855
waiting
going to web site
Hello world	Thread-20790	7

time: 946691444.5350649
diff: 20.464935064315796
waiting
going to web site
Hello world	Thread-20894	6

time: 946691465.5350649
diff: 8.464935064315796
waiting
going to web site
Hello world	Thread-20927	6

time: 946691474.5350649
diff: 23.464935064315796
waiting
going to web site
Hello world	Thread-21045	4

time: 946691498.543065
diff: 19.456935048103333
waiting
going to web site
Hello world	Thread-21136	7

time: 946691518.533065
diff: 28.46693503856659
waiting
going to web site
Hello world	Thread-21274	5

time: 946691547.544065
diff: 27.45593500137329
waiting
going to web site
Hello world	Thread-21398	7

time: 946691575.542065
diff: 6.4579349756240845
waiting
going to web site
Hello world	Thread-21433	4

time: 946691582.535833
diff: 12.46416699886322
waiting
going to web site
Hello world	Thread-21493	6

time: 946691595.5350641
diff: 38.46493589878082
waiting
going to web site
Hello world	Thread-21668	7

time: 946691634.5350641
diff: 19.464935898780823
waiting
going to web site
Hello world	Thread-21756	6

time: 946691654.5330639
diff: 9.466936111450195
waiting
going to web site
Hello world	Thread-21799	3

time: 946691664.536065
diff: 34.463935017585754
waiting
going to web site
Hello world	Thread-21951	5

time: 946691699.832833
diff: 25.16716694831848
waiting
going to web site
Hello world	Thread-22071	5

time: 946691725.832832
diff: 16.167168021202087
waiting
going to web site
Hello world	Thread-22140	4

time: 946691742.832833
diff: 30.16716694831848
waiting
going to web site
Hello world	Thread-22281	3

time: 946691773.838832
diff: 34.16116797924042
waiting
going to web site
Hello world	Thread-22431	5

time: 946691808.832832
diff: 17.167168021202087
waiting
going to web site
Hello world	Thread-22514	3

time: 946691826.841833
diff: 9.158167004585266
waiting
going to web site
Hello world	Thread-22553	4

time: 946691836.845833
diff: 29.15416705608368
waiting
going to web site
Hello world	Thread-22681	5

time: 946691866.832833
diff: 26.16716694831848
waiting
going to web site
Hello world	Thread-22805	6

time: 946691893.832832
diff: 14.167168021202087
waiting
going to web site
Hello world	Thread-22868	2

time: 946691908.832833
diff: 22.16716694831848
waiting
going to web site
Hello world	Thread-22970	4

time: 946691931.832832
diff: 21.167168021202087
waiting
going to web site
Hello world	Thread-23089	4

time: 946691954.841833
diff: 11.158167004585266
waiting
going to web site
Hello world	Thread-23139	3

time: 946691966.851665
diff: 29.148334980010986
waiting
going to web site
Hello world	Thread-23280	3

time: 946691996.836832
diff: 30.16316795349121
waiting
going to web site
Hello world	Thread-23426	5

time: 946692027.832832
diff: 15.167168021202087
waiting
going to web site
Hello world	Thread-23502	4

time: 946692043.832833
diff: 16.16716694831848
waiting
going to web site
Hello world	Thread-23590	4

time: 946692060.832832
diff: 21.167168021202087
waiting
going to web site
Hello world	Thread-23689	4

time: 946692082.841833
diff: 23.158167004585266
waiting
going to web site
Hello world	Thread-23799	5

time: 946692106.841833
diff: 12.158167004585266
waiting
going to web site
Hello world	Thread-23870	3

time: 946692119.832833
diff: 27.16716694831848
waiting
going to web site
Hello world	Thread-23998	6

time: 946692147.832832
diff: 23.167168021202087
waiting
going to web site
Hello world	Thread-24114	3

time: 946692172.861137
diff: 12.13886296749115
waiting
going to web site
Hello world	Thread-24172	5

time: 946692185.832832
diff: 22.167168021202087
waiting
going to web site
Hello world	Thread-24278	3

time: 946692208.841833
diff: 9.158167004585266
waiting
going to web site
Hello world	Thread-24324	3

time: 946692218.841833
diff: 12.158167004585266
waiting
going to web site
Hello world	Thread-24383	2

time: 946692231.832833
diff: 28.16716694831848
waiting
going to web site
Hello world	Thread-24515	5

time: 946692260.832832
diff: 21.167168021202087
waiting
going to web site
Hello world	Thread-24617	5

time: 946692282.841833
diff: 26.158167004585266
waiting
going to web site
Hello world	Thread-24734	3

time: 946692309.841833
diff: 25.158167004585266
waiting
going to web site
Hello world	Thread-24852	4

time: 946692335.859833
diff: 32.140166997909546
waiting
going to web site
Hello world	Thread-24985	4

time: 946692368.832832
diff: 27.167168021202087
waiting
going to web site
Hello world	Thread-25110	5

time: 946692396.832833
diff: 13.167166948318481
waiting
going to web site
Hello world	Thread-25163	4

time: 946692410.832832
diff: 24.167168021202087
waiting
going to web site
Hello world	Thread-25274	3

time: 946692435.841833
diff: 24.158167004585266
waiting
going to web site
Hello world	Thread-25376	3

time: 946692460.845833
diff: 30.15416705608368
waiting
going to web site
Hello world	Thread-25506	2

time: 946692491.841833
diff: 20.158167004585266
waiting
going to web site
Hello world	Thread-25596	2

time: 946692512.841833
diff: 28.158167004585266
waiting
going to web site
Hello world	Thread-25713	4

time: 946692541.832833
diff: 11.167166948318481
waiting
going to web site
Hello world	Thread-25765	3

time: 946692553.832832
diff: 25.167168021202087
waiting
going to web site
Hello world	Thread-25881	3

time: 946692579.841897
diff: 25.158102989196777
waiting
going to web site
Hello world	Thread-25990	2

time: 946692605.832832
diff: 15.167168021202087
waiting
going to web site
Hello world	Thread-26058	2

time: 946692621.859833
diff: 15.140166997909546
waiting
going to web site
Hello world	Thread-26119	5

time: 946692637.832832
diff: 33.16716802120209
waiting
going to web site
Hello world	Thread-26245	3

time: 946692671.832833
diff: 29.16716694831848
waiting
going to web site
Hello world	Thread-26347	2

time: 946692701.832832
diff: 14.167168021202087
waiting
going to web site
Hello world	Thread-26395	3

time: 946692716.841833
diff: 30.158167004585266
waiting
going to web site
Hello world	Thread-26485	3

time: 946692747.832833
diff: 18.16716694831848
waiting
going to web site
Hello world	Thread-26528	3

time: 946692766.836832
diff: 16.16316795349121
waiting
going to web site
Hello world	Thread-26569	2

time: 946692783.842832
diff: 17.15716803073883
waiting
going to web site
Hello world	Thread-26610	2

