time: 946686600.0
diff: 0.0
going to web site
Hello world	Thread-19	7

time: 946686607.590656
diff: 112.409343957901
waiting
going to web site
Hello world	Thread-57	7

time: 946686720.582559
diff: 119.41744101047516
waiting
going to web site
Hello world	Thread-284	7

time: 946686843.606656
diff: 57.393344044685364
waiting
going to web site
Hello world	Thread-354	2

time: 946686902.615467
diff: 118.38453304767609
waiting
going to web site
Hello world	Thread-520	7

time: 946687036.5916561
diff: 104.40834391117096
waiting
going to web site
Hello world	Thread-582	3

time: 946687141.595999
diff: 119.40400099754333
waiting
going to web site
Hello world	Thread-763	7

time: 946687268.590656
diff: 112.409343957901
waiting
going to web site
Hello world	Thread-857	7

time: 946687381.580656
diff: 120.41934394836426
waiting
going to web site
Hello world	Thread-1036	6

time: 946687505.590656
diff: 56.409343957901
waiting
going to web site
Hello world	Thread-1078	5

time: 946687562.580656
diff: 59.41934394836426
waiting
going to web site
Hello world	Thread-1263	3

time: 946687742.9415181
diff: -0.9415180683135986
going to web site
Hello world	Thread-1268	7

time: 946687743.5383459
diff: 118.46165406703949
waiting
going to web site
Hello world	Thread-1458	3

time: 946687893.590656
diff: 28.409343957901
waiting
going to web site
Hello world	Thread-1500	2

time: 946687925.580656
diff: 56.41934394836426
waiting
going to web site
Hello world	Thread-1572	2

time: 946687985.590656
diff: 117.409343957901
waiting
going to web site
Hello world	Thread-1709	4

time: 946688106.580656
diff: 56.41934394836426
waiting
going to web site
Hello world	Thread-1867	6

time: 946688283.958418
diff: -0.9584180116653442
going to web site
Hello world	Thread-1874	6

