time: 946686600.0
diff: 0.0
going to web site
Hello world	Thread-7	5

time: 946686601.71506
diff: 119.28494000434875
waiting
going to web site
Hello world	Thread-22	3

time: 946686721.715061
diff: 59.28493905067444
waiting
going to web site
Hello world	Thread-27	2

time: 946686781.715061
diff: 119.28493905067444
waiting
going to web site
Hello world	Thread-41	3

time: 946686901.733061
diff: 119.26693904399872
waiting
going to web site
Hello world	Thread-56	2

time: 946687021.7280611
diff: 59.27193892002106
waiting
going to web site
Hello world	Thread-62	3

time: 946687081.72006
diff: 119.27994000911713
waiting
going to web site
Hello world	Thread-74	3

time: 946687201.742061
diff: 120.25793898105621
waiting
going to web site
Hello world	Thread-88	4

time: 946687322.7150601
diff: 119.28493988513947
waiting
going to web site
Hello world	Thread-100	4

time: 946687442.7150601
diff: 59.284939885139465
waiting
going to web site
Hello world	Thread-108	4

time: 946687502.7150601
diff: 59.284939885139465
waiting
going to web site
Hello world	Thread-115	3

time: 946687562.7240602
diff: 59.27593982219696
waiting
going to web site
Hello world	Thread-124	3

time: 946687622.7240602
diff: 119.27593982219696
waiting
going to web site
Hello world	Thread-135	3

time: 946687742.7240602
diff: 119.27593982219696
waiting
going to web site
Hello world	Thread-147	2

time: 946687862.7400602
diff: 60.259939789772034
waiting
going to web site
Hello world	Thread-158	2

time: 946687923.7240602
diff: 59.27593982219696
waiting
going to web site
Hello world	Thread-163	2

time: 946687983.7240602
diff: 59.27593982219696
waiting
going to web site
Hello world	Thread-172	3

time: 946688044.7240602
diff: 118.27593982219696
waiting
going to web site
Hello world	Thread-186	3

time: 946688163.7240602
diff: 119.27593982219696
waiting
going to web site
Hello world	Thread-200	2

time: 946688283.7240602
diff: 59.27593982219696
waiting
going to web site
Hello world	Thread-205	2

