time: 946686600.0
diff: 51.0
waiting
going to web site
Hello world	Thread-183	3

time: 946686651.6995599
diff: 0.30044007301330566
waiting
going to web site
Hello world	Thread-188	4

time: 946686652.699561
diff: -0.6995609998703003
going to web site
Hello world	Thread-193	3

time: 946686653.402121
diff: -0.4021209478378296
going to web site
Hello world	Thread-196	4

time: 946686654.126161
diff: -0.12616097927093506
going to web site
Hello world	Thread-201	2

time: 946686654.8257209
diff: -0.8257209062576294
going to web site
Hello world	Thread-203	4

time: 946686655.533281
diff: -1.5332809686660767
going to web site
Hello world	Thread-207	2

time: 946686656.2408409
diff: -0.24084091186523438
going to web site
Hello world	Thread-211	3

time: 946686656.9404011
diff: 0.05959892272949219
waiting
going to web site
Hello world	Thread-213	2

time: 946686657.6995599
diff: 0.30044007301330566
waiting
going to web site
Hello world	Thread-215	2

time: 946686658.699561
diff: 0.3004390001296997
waiting
going to web site
Hello world	Thread-218	2

time: 946686659.699561
diff: 0.3004390001296997
waiting
going to web site
Hello world	Thread-222	3

time: 946686660.699561
diff: 2.3004390001296997
waiting
going to web site
Hello world	Thread-228	2

time: 946686663.699561
diff: 0.3004390001296997
waiting
going to web site
Hello world	Thread-232	2

time: 946686664.7085611
diff: 2.291438937187195
waiting
going to web site
Hello world	Thread-241	2

time: 946686667.6995599
diff: -0.6995599269866943
going to web site
Hello world	Thread-244	2

time: 946686668.40612
diff: 3.5938800573349
waiting
going to web site
Hello world	Thread-42	2

time: 946686672.699561
diff: 0.3004390001296997
waiting
going to web site
Hello world	Thread-262	2

time: 946686673.699561
diff: -0.6995609998703003
going to web site
Hello world	Thread-264	2

time: 946686674.399121
diff: -0.3991210460662842
going to web site
Hello world	Thread-268	2

time: 946686675.098681
diff: -0.09868097305297852
going to web site
Hello world	Thread-274	4

time: 946686675.798241
diff: -0.7982410192489624
going to web site
Hello world	Thread-277	6

time: 946686676.497801
diff: -0.49780094623565674
going to web site
Hello world	Thread-283	5

time: 946686677.197361
diff: -1.1973609924316406
going to web site
Hello world	Thread-290	3

time: 946686677.8969209
diff: 0.10307908058166504
waiting
going to web site
Hello world	Thread-296	5

time: 946686678.699561
diff: 0.3004390001296997
waiting
going to web site
Hello world	Thread-307	4

time: 946686679.714561
diff: 0.28543901443481445
waiting
going to web site
Hello world	Thread-317	5

time: 946686680.7085611
diff: 1.2914389371871948
waiting
going to web site
Hello world	Thread-337	4

time: 946686682.70656
diff: 8.293439984321594
waiting
going to web site
Hello world	Thread-60	3

time: 946686691.70756
diff: 9.292440056800842
waiting
going to web site
Hello world	Thread-528	4

time: 946686701.699561
diff: 9.3004390001297
waiting
going to web site
Hello world	Thread-90	4

time: 946686711.699561
diff: 18.3004390001297
waiting
going to web site
Hello world	Thread-131	5

time: 946686730.699561
diff: 20.3004390001297
waiting
going to web site
Hello world	Thread-174	4

time: 946686751.7085611
diff: 17.291438937187195
waiting
going to web site
Hello world	Thread-217	3

time: 946686769.6995599
diff: 13.300440073013306
waiting
going to web site
Hello world	Thread-259	2

time: 946686783.7085611
diff: 8.291438937187195
waiting
going to web site
Hello world	Thread-276	4

time: 946686792.6995599
diff: 30.300440073013306
waiting
going to web site
Hello world	Thread-368	6

time: 946686823.709561
diff: 12.290439009666443
waiting
going to web site
Hello world	Thread-415	4

time: 946686836.699561
diff: 27.3004390001297
waiting
going to web site
Hello world	Thread-507	5

time: 946686864.699561
diff: 6.3004390001297
waiting
going to web site
Hello world	Thread-527	3

time: 946686871.702561
diff: 43.297438979148865
waiting
going to web site
Hello world	Thread-706	4

time: 946686915.6995599
diff: 25.300440073013306
waiting
going to web site
Hello world	Thread-810	4

time: 946686941.699561
diff: 13.3004390001297
waiting
going to web site
Hello world	Thread-876	4

time: 946686955.700561
diff: 22.299438953399658
waiting
going to web site
Hello world	Thread-981	2

time: 946686978.6995599
diff: 26.300440073013306
waiting
going to web site
Hello world	Thread-1105	5

time: 946687005.7155609
diff: 20.284439086914062
waiting
going to web site
Hello world	Thread-1199	4

time: 946687026.699561
diff: 27.3004390001297
waiting
going to web site
Hello world	Thread-1329	5

time: 946687054.699561
diff: 30.3004390001297
waiting
going to web site
Hello world	Thread-1476	6

time: 946687086.699561
diff: 9.3004390001297
waiting
going to web site
Hello world	Thread-1516	5

time: 946687096.714561
diff: 19.285439014434814
waiting
going to web site
Hello world	Thread-1601	5

time: 946687116.699561
diff: 25.3004390001297
waiting
going to web site
Hello world	Thread-1715	7

time: 946687142.7085611
diff: 24.291438937187195
waiting
going to web site
Hello world	Thread-1819	6

time: 946687167.6995599
diff: 22.300440073013306
waiting
going to web site
Hello world	Thread-1911	7

time: 946687190.699561
diff: 37.3004390001297
waiting
going to web site
Hello world	Thread-2080	5

time: 946687228.699561
diff: 13.3004390001297
waiting
going to web site
Hello world	Thread-2131	3

time: 946687242.699561
diff: 11.3004390001297
waiting
going to web site
Hello world	Thread-2187	6

time: 946687254.841833
diff: 29.158167004585266
waiting
going to web site
Hello world	Thread-2328	3

time: 946687284.841833
diff: 21.158167004585266
waiting
going to web site
Hello world	Thread-2422	5

time: 946687306.832833
diff: 5.1671669483184814
waiting
going to web site
Hello world	Thread-2448	2

time: 946687312.832832
diff: 22.167168021202087
waiting
going to web site
Hello world	Thread-2548	4

time: 946687335.848833
diff: 29.151167035102844
waiting
going to web site
Hello world	Thread-2676	2

time: 946687365.841833
diff: 24.158167004585266
waiting
going to web site
Hello world	Thread-2792	3

time: 946687390.841833
diff: 15.158167004585266
waiting
going to web site
Hello world	Thread-2857	2

time: 946687406.841833
diff: 37.158167004585266
waiting
going to web site
Hello world	Thread-3033	3

time: 946687447.860833
diff: 7.139166951179504
waiting
going to web site
Hello world	Thread-3072	4

time: 946687455.836832
diff: 42.16316795349121
waiting
going to web site
Hello world	Thread-3260	5

time: 946687498.832832
diff: 20.167168021202087
waiting
going to web site
Hello world	Thread-3355	3

time: 946687520.848833
diff: 16.151167035102844
waiting
going to web site
Hello world	Thread-3433	3

time: 946687537.848833
diff: 25.151167035102844
waiting
going to web site
Hello world	Thread-3541	4

time: 946687563.841833
diff: 20.158167004585266
waiting
going to web site
Hello world	Thread-3639	3

time: 946687584.832833
diff: 24.16716694831848
waiting
going to web site
Hello world	Thread-3742	5

time: 946687609.832832
diff: 22.167168021202087
waiting
going to web site
Hello world	Thread-3845	5

time: 946687632.836833
diff: 19.163166999816895
waiting
going to web site
Hello world	Thread-3926	4

time: 946687652.832832
diff: 15.167168021202087
waiting
going to web site
Hello world	Thread-4003	2

time: 946687669.845833
diff: 14.15416705608368
waiting
going to web site
Hello world	Thread-4072	6

time: 946687684.841833
diff: 21.158167004585266
waiting
going to web site
Hello world	Thread-4165	3

time: 946687706.832833
diff: 26.16716694831848
waiting
going to web site
Hello world	Thread-4290	6

time: 946687733.832832
diff: 13.167168021202087
waiting
going to web site
Hello world	Thread-4350	2

time: 946687747.841833
diff: 23.158167004585266
waiting
going to web site
Hello world	Thread-4454	5

time: 946687771.841833
diff: 23.158167004585266
waiting
going to web site
Hello world	Thread-4564	5

time: 946687795.841833
diff: 31.158167004585266
waiting
going to web site
Hello world	Thread-4719	2

time: 946687828.851833
diff: 17.14816701412201
waiting
going to web site
Hello world	Thread-4795	2

time: 946687846.841833
diff: 25.158167004585266
waiting
going to web site
Hello world	Thread-4910	2

time: 946687872.526065
diff: 17.47393500804901
waiting
going to web site
Hello world	Thread-4990	4

time: 946687890.5350649
diff: 23.464935064315796
waiting
going to web site
Hello world	Thread-5103	6

time: 946687914.526065
diff: 12.473935008049011
waiting
going to web site
Hello world	Thread-5166	5

time: 946687927.542065
diff: 29.457934975624084
waiting
going to web site
Hello world	Thread-5310	4

time: 946687957.5350641
diff: 16.464935898780823
waiting
going to web site
Hello world	Thread-5387	7

time: 946687974.5350641
diff: 6.464935898780823
waiting
going to web site
Hello world	Thread-5422	3

time: 946687981.5350641
diff: 27.464935898780823
waiting
going to web site
Hello world	Thread-5545	7

time: 946688009.526064
diff: 23.473935961723328
waiting
going to web site
Hello world	Thread-5657	6

time: 946688033.5350009
diff: 31.464999079704285
waiting
going to web site
Hello world	Thread-5796	7

time: 946688065.542065
diff: 23.457934975624084
waiting
going to web site
Hello world	Thread-5911	5

time: 946688089.5350641
diff: 22.464935898780823
waiting
going to web site
Hello world	Thread-6010	5

time: 946688112.5350641
diff: 30.464935898780823
waiting
going to web site
Hello world	Thread-6134	5

time: 946688143.5350641
diff: 21.464935898780823
waiting
going to web site
Hello world	Thread-6229	6

time: 946688165.5330639
diff: 14.466936111450195
waiting
going to web site
Hello world	Thread-6292	7

time: 946688180.536065
diff: 26.463935017585754
waiting
going to web site
Hello world	Thread-6416	3

time: 946688207.5350649
diff: 30.464935064315796
waiting
going to web site
Hello world	Thread-6549	6

time: 946688238.544502
diff: 20.455497980117798
waiting
going to web site
Hello world	Thread-6642	7

time: 946688259.5350641
diff: 20.464935898780823
waiting
going to web site
Hello world	Thread-6733	6

time: 946688280.526064
diff: 30.473935961723328
waiting
going to web site
Hello world	Thread-6868	7

time: 946688311.5350641
diff: 8.464935898780823
waiting
going to web site
Hello world	Thread-6913	5

time: 946688320.5350641
diff: 14.464935898780823
waiting
going to web site
Hello world	Thread-6980	5

time: 946688335.5350641
diff: 25.464935898780823
waiting
going to web site
Hello world	Thread-7091	5

time: 946688361.536009
diff: 10.463991045951843
waiting
going to web site
Hello world	Thread-7139	7

time: 946688372.526065
diff: 25.47393500804901
waiting
going to web site
Hello world	Thread-7257	2

time: 946688398.5350649
diff: 17.464935064315796
waiting
going to web site
Hello world	Thread-7339	3

time: 946688416.544065
diff: 23.45593500137329
waiting
going to web site
Hello world	Thread-7447	7

time: 946688440.539065
diff: 18.46093499660492
waiting
going to web site
Hello world	Thread-7527	6

time: 946688459.5350641
diff: 28.464935898780823
waiting
going to web site
Hello world	Thread-7658	4

time: 946688488.6995599
diff: 27.300440073013306
waiting
going to web site
Hello world	Thread-7783	5

time: 946688516.706561
diff: 31.293439030647278
waiting
going to web site
Hello world	Thread-7916	3

time: 946688548.699561
diff: 27.3004390001297
waiting
going to web site
Hello world	Thread-8048	3

time: 946688576.699561
diff: 31.3004390001297
waiting
going to web site
Hello world	Thread-8181	4

time: 946688608.699561
diff: 12.3004390001297
waiting
going to web site
Hello world	Thread-8241	4

time: 946688621.699561
diff: 37.3004390001297
waiting
going to web site
Hello world	Thread-8403	5

time: 946688659.699561
diff: 18.3004390001297
waiting
going to web site
Hello world	Thread-8477	4

time: 946688678.699561
diff: 16.3004390001297
waiting
going to web site
Hello world	Thread-8551	3

time: 946688695.699561
diff: 25.3004390001297
waiting
going to web site
Hello world	Thread-8655	5

time: 946688721.699561
diff: 16.3004390001297
waiting
going to web site
Hello world	Thread-8725	3

time: 946688738.699561
diff: 35.3004390001297
waiting
going to web site
Hello world	Thread-8864	3

time: 946688774.699561
diff: 18.3004390001297
waiting
going to web site
Hello world	Thread-8930	4

time: 946688793.699561
diff: 30.3004390001297
waiting
going to web site
Hello world	Thread-9060	2

time: 946688824.699561
diff: 12.3004390001297
waiting
going to web site
Hello world	Thread-9126	3

time: 946688837.699561
diff: 22.3004390001297
waiting
going to web site
Hello world	Thread-9218	7

time: 946688860.699561
diff: 12.3004390001297
waiting
going to web site
Hello world	Thread-9269	4

time: 946688873.699561
diff: 29.3004390001297
waiting
going to web site
Hello world	Thread-9402	2

time: 946688903.699561
diff: 22.3004390001297
waiting
going to web site
Hello world	Thread-9501	4

time: 946688926.706561
diff: 25.293439030647278
waiting
going to web site
Hello world	Thread-9615	4

time: 946688952.699561
diff: 13.3004390001297
waiting
going to web site
Hello world	Thread-9678	4

time: 946688966.699561
diff: 20.3004390001297
waiting
going to web site
Hello world	Thread-9779	5

time: 946688987.699561
diff: 26.3004390001297
waiting
going to web site
Hello world	Thread-9905	5

time: 946689014.699561
diff: 14.3004390001297
waiting
going to web site
Hello world	Thread-9972	6

time: 946689029.7085611
diff: 5.291438937187195
waiting
going to web site
Hello world	Thread-10003	4

time: 946689035.6995599
diff: 30.300440073013306
waiting
going to web site
Hello world	Thread-10137	7

time: 946689066.699561
diff: 32.3004390001297
waiting
going to web site
Hello world	Thread-10290	3

time: 946689099.832833
diff: 20.16716694831848
waiting
going to web site
Hello world	Thread-10390	3

time: 946689120.832832
diff: 12.167168021202087
waiting
going to web site
Hello world	Thread-10457	3

time: 946689133.832833
diff: 22.16716694831848
waiting
going to web site
Hello world	Thread-10562	3

time: 946689156.836832
diff: 21.16316795349121
waiting
going to web site
Hello world	Thread-10666	5

time: 946689178.8358321
diff: 15.164167881011963
waiting
going to web site
Hello world	Thread-10746	3

time: 946689194.832832
diff: 33.16716802120209
waiting
going to web site
Hello world	Thread-10911	4

time: 946689228.832833
diff: 10.167166948318481
waiting
going to web site
Hello world	Thread-10961	4

time: 946689239.832832
diff: 17.167168021202087
waiting
going to web site
Hello world	Thread-11053	2

time: 946689257.845833
diff: 16.15416705608368
waiting
going to web site
Hello world	Thread-11126	2

time: 946689274.841833
diff: 22.158167004585266
waiting
going to web site
Hello world	Thread-11241	4

time: 946689297.845833
diff: 28.15416705608368
waiting
going to web site
Hello world	Thread-11375	2

time: 946689326.841833
diff: 25.158167004585266
waiting
going to web site
Hello world	Thread-11498	3

time: 946689352.841833
diff: 14.158167004585266
waiting
going to web site
Hello world	Thread-11565	2

time: 946689367.841833
diff: 23.158167004585266
waiting
going to web site
Hello world	Thread-11682	4

time: 946689391.832833
diff: 6.1671669483184814
waiting
going to web site
Hello world	Thread-11714	5

time: 946689398.832832
diff: 33.16716802120209
waiting
going to web site
Hello world	Thread-11869	4

time: 946689432.832833
diff: 23.16716694831848
waiting
going to web site
Hello world	Thread-11972	4

time: 946689456.8358321
diff: 33.16416788101196
waiting
going to web site
Hello world	Thread-12137	4

time: 946689490.841833
diff: 13.158167004585266
waiting
going to web site
Hello world	Thread-12194	4

time: 946689504.832833
diff: 27.16716694831848
waiting
going to web site
Hello world	Thread-12317	4

time: 946689532.832832
diff: 27.167168021202087
waiting
going to web site
Hello world	Thread-12452	4

time: 946689560.842197
diff: 13.157803058624268
waiting
going to web site
Hello world	Thread-12513	2

time: 946689574.841833
diff: 14.158167004585266
waiting
going to web site
Hello world	Thread-12586	2

time: 946689589.832833
diff: 15.167166948318481
waiting
going to web site
Hello world	Thread-12650	3

time: 946689605.832832
diff: 34.16716802120209
waiting
going to web site
Hello world	Thread-12811	4

time: 946689640.841833
diff: 16.158167004585266
waiting
going to web site
Hello world	Thread-12888	2

time: 946689657.841833
diff: 15.158167004585266
waiting
going to web site
Hello world	Thread-12982	2

time: 946689676.851833
diff: 22.14816701412201
waiting
going to web site
Hello world	Thread-13091	3

time: 946689699.850833
diff: 15.149166941642761
waiting
going to web site
Hello world	Thread-13160	6

time: 946689715.832832
diff: 18.167168021202087
waiting
going to web site
Hello world	Thread-13244	4

time: 946689734.841833
diff: 32.158167004585266
waiting
going to web site
Hello world	Thread-13397	2

time: 946689767.844833
diff: 18.15516698360443
waiting
going to web site
Hello world	Thread-13479	3

time: 946689786.832832
diff: 17.167168021202087
waiting
going to web site
Hello world	Thread-13562	3

time: 946689804.841833
diff: 25.158167004585266
waiting
going to web site
Hello world	Thread-13683	3

time: 946689830.841833
diff: 14.158167004585266
waiting
going to web site
Hello world	Thread-13755	3

time: 946689845.841833
diff: 29.158167004585266
waiting
going to web site
Hello world	Thread-13896	3

time: 946689875.851665
diff: 16.148334980010986
waiting
going to web site
Hello world	Thread-13973	4

time: 946689892.832832
diff: 27.167168021202087
waiting
going to web site
Hello world	Thread-14091	3

time: 946689920.836833
diff: 31.163166999816895
waiting
going to web site
Hello world	Thread-14235	3

time: 946689952.832832
diff: 35.16716802120209
waiting
going to web site
Hello world	Thread-14400	2

time: 946689989.850865
diff: 15.149134993553162
waiting
going to web site
Hello world	Thread-14467	6

time: 946690005.832832
diff: 14.167168021202087
waiting
going to web site
Hello world	Thread-14530	3

time: 946690020.832833
diff: 19.16716694831848
waiting
going to web site
Hello world	Thread-14616	6

time: 946690040.832832
diff: 16.167168021202087
waiting
going to web site
Hello world	Thread-14693	3

time: 946690058.841833
diff: 32.158167004585266
waiting
going to web site
Hello world	Thread-14833	3

time: 946690091.86048
diff: 18.139520049095154
waiting
going to web site
Hello world	Thread-14918	4

time: 946690110.832833
diff: 23.16716694831848
waiting
going to web site
Hello world	Thread-15016	3

time: 946690134.832832
diff: 25.167168021202087
waiting
going to web site
Hello world	Thread-15130	5

time: 946690160.859833
diff: 28.140166997909546
waiting
going to web site
Hello world	Thread-15244	5

time: 946690189.832832
diff: 9.167168021202087
waiting
going to web site
Hello world	Thread-15286	4

time: 946690199.841833
diff: 26.158167004585266
waiting
going to web site
Hello world	Thread-15418	3

time: 946690227.841833
diff: 14.158167004585266
waiting
going to web site
Hello world	Thread-15482	5

time: 946690242.841833
diff: 23.158167004585266
waiting
going to web site
Hello world	Thread-15591	3

time: 946690267.841833
diff: 18.158167004585266
waiting
going to web site
Hello world	Thread-15671	3

time: 946690286.841833
diff: 26.158167004585266
waiting
going to web site
Hello world	Thread-15788	5

time: 946690313.526065
diff: 22.47393500804901
waiting
going to web site
Hello world	Thread-15884	6

time: 946690336.526065
diff: 24.47393500804901
waiting
going to web site
Hello world	Thread-15988	3

time: 946690361.544065
diff: 36.45593500137329
waiting
going to web site
Hello world	Thread-16149	6

time: 946690398.544065
diff: 19.45593500137329
waiting
going to web site
Hello world	Thread-16236	6

time: 946690418.5350649
diff: 13.464935064315796
waiting
going to web site
Hello world	Thread-16298	7

time: 946690432.542065
diff: 20.457934975624084
waiting
going to web site
Hello world	Thread-16386	4

time: 946690453.5350641
diff: 28.464935898780823
waiting
going to web site
Hello world	Thread-16517	5

time: 946690482.5350641
diff: 17.464935898780823
waiting
going to web site
Hello world	Thread-16602	7

time: 946690500.5350641
diff: 30.464935898780823
waiting
going to web site
Hello world	Thread-16729	7

time: 946690531.5350641
diff: 8.464935898780823
waiting
going to web site
Hello world	Thread-16773	3

time: 946690540.526064
diff: 18.473935961723328
waiting
going to web site
Hello world	Thread-16852	5

time: 946690559.5350641
diff: 28.464935898780823
waiting
going to web site
Hello world	Thread-16980	7

time: 946690588.5350641
diff: 35.46493589878082
waiting
going to web site
Hello world	Thread-17134	4

time: 946690624.5350641
diff: 19.464935898780823
waiting
going to web site
Hello world	Thread-17217	5

time: 946690644.530064
diff: 25.46993601322174
waiting
going to web site
Hello world	Thread-17329	3

time: 946690670.544065
diff: 21.45593500137329
waiting
going to web site
Hello world	Thread-17426	6

time: 946690692.5448971
diff: 16.455102920532227
waiting
going to web site
Hello world	Thread-17498	6

time: 946690709.5350641
diff: 35.46493589878082
waiting
going to web site
Hello world	Thread-17656	5

time: 946690745.5350641
diff: 14.464935898780823
waiting
going to web site
Hello world	Thread-17721	5

time: 946690760.5350641
diff: 19.464935898780823
waiting
going to web site
Hello world	Thread-17808	6

time: 946690780.5350641
diff: 33.46493589878082
waiting
going to web site
Hello world	Thread-17955	4

time: 946690814.5350641
diff: 6.464935898780823
waiting
going to web site
Hello world	Thread-17982	5

time: 946690821.526064
diff: 39.47393596172333
waiting
going to web site
Hello world	Thread-18146	6

time: 946690861.5350641
diff: 17.464935898780823
waiting
going to web site
Hello world	Thread-18221	7

time: 946690879.5358961
diff: 30.464103937149048
waiting
going to web site
Hello world	Thread-18360	6

time: 946690910.526064
diff: 14.473935961723328
waiting
going to web site
Hello world	Thread-18414	5

time: 946690925.5350641
diff: 24.464935898780823
waiting
going to web site
Hello world	Thread-18530	5

time: 946690950.5350641
diff: 13.464935898780823
waiting
going to web site
Hello world	Thread-18590	6

time: 946690964.5350641
diff: 29.464935898780823
waiting
going to web site
Hello world	Thread-18722	3

time: 946690994.526064
diff: 26.473935961723328
waiting
going to web site
Hello world	Thread-18838	3

time: 946691021.5350641
diff: 22.464935898780823
waiting
going to web site
Hello world	Thread-18939	7

time: 946691044.540064
diff: 12.459936022758484
waiting
going to web site
Hello world	Thread-18999	7

time: 946691057.541065
diff: 32.458935022354126
waiting
going to web site
Hello world	Thread-19143	5

time: 946691090.5350649
diff: 15.464935064315796
waiting
going to web site
Hello world	Thread-19213	3

time: 946691106.526065
diff: 9.473935008049011
waiting
going to web site
Hello world	Thread-19256	5

time: 946691116.5350649
diff: 14.464935064315796
waiting
going to web site
Hello world	Thread-19320	6

time: 946691131.540065
diff: 27.459934949874878
waiting
going to web site
Hello world	Thread-19456	4

time: 946691159.5350641
diff: 39.46493589878082
waiting
going to web site
Hello world	Thread-19630	7

time: 946691199.5350641
diff: 15.464935898780823
waiting
going to web site
Hello world	Thread-19699	7

time: 946691215.5350641
diff: 17.464935898780823
waiting
going to web site
Hello world	Thread-19789	6

time: 946691233.5350641
diff: 18.464935898780823
waiting
going to web site
Hello world	Thread-19874	6

time: 946691252.5294169
diff: 11.470583081245422
waiting
going to web site
Hello world	Thread-19933	7

time: 946691264.540065
diff: 24.459934949874878
waiting
going to web site
Hello world	Thread-20048	6

time: 946691289.5350641
diff: 25.464935898780823
waiting
going to web site
Hello world	Thread-20169	3

time: 946691315.5350641
diff: 11.464935898780823
waiting
going to web site
Hello world	Thread-20226	6

time: 946691327.526064
diff: 18.473935961723328
waiting
going to web site
Hello world	Thread-20308	6

time: 946691346.5350641
diff: 22.464935898780823
waiting
going to web site
Hello world	Thread-20419	7

time: 946691369.5350641
diff: 25.464935898780823
waiting
going to web site
Hello world	Thread-20559	7

time: 946691395.5350641
diff: 21.464935898780823
waiting
going to web site
Hello world	Thread-20667	4

time: 946691417.5350641
diff: 21.464935898780823
waiting
going to web site
Hello world	Thread-20764	7

time: 946691439.5350641
diff: 16.464935898780823
waiting
going to web site
Hello world	Thread-20847	6

time: 946691456.526064
diff: 18.473935961723328
waiting
going to web site
Hello world	Thread-20934	7

time: 946691475.5350641
diff: 28.464935898780823
waiting
going to web site
Hello world	Thread-21075	6

time: 946691504.5350641
diff: 20.464935898780823
waiting
going to web site
Hello world	Thread-21176	4

time: 946691525.834832
diff: 26.165168046951294
waiting
going to web site
Hello world	Thread-21304	3

time: 946691552.832833
diff: 31.16716694831848
waiting
going to web site
Hello world	Thread-21442	5

time: 946691584.832832
diff: 15.167168021202087
waiting
going to web site
Hello world	Thread-21524	2

time: 946691601.841833
diff: 30.158167004585266
waiting
going to web site
Hello world	Thread-21662	3

time: 946691632.841833
diff: 15.158167004585266
waiting
going to web site
Hello world	Thread-21733	3

time: 946691648.841833
diff: 28.158167004585266
waiting
going to web site
Hello world	Thread-21858	6

time: 946691678.835833
diff: -0.835832953453064
going to web site
Hello world	Thread-21863	8

time: 946691679.6686649
diff: 23.331335067749023
waiting
going to web site
Hello world	Thread-21981	2

time: 946691704.842833
diff: 28.157166957855225
waiting
going to web site
Hello world	Thread-22107	3

time: 946691733.832832
diff: 31.167168021202087
waiting
going to web site
Hello world	Thread-22248	4

time: 946691765.841833
diff: 12.158167004585266
waiting
going to web site
Hello world	Thread-22299	3

time: 946691778.835833
diff: 32.164167046546936
waiting
going to web site
Hello world	Thread-22450	7

time: 946691811.832833
diff: 12.167166948318481
waiting
going to web site
Hello world	Thread-22501	4

time: 946691824.832832
diff: 26.167168021202087
waiting
going to web site
Hello world	Thread-22620	4

time: 946691851.841833
diff: 17.158167004585266
waiting
going to web site
Hello world	Thread-22699	4

time: 946691870.841833
diff: 22.158167004585266
waiting
going to web site
Hello world	Thread-22811	3

time: 946691894.841833
diff: 18.158167004585266
waiting
going to web site
Hello world	Thread-22901	2

time: 946691914.841833
diff: 11.158167004585266
waiting
going to web site
Hello world	Thread-22953	4

time: 946691926.832833
diff: 26.16716694831848
waiting
going to web site
Hello world	Thread-23078	7

time: 946691953.832832
diff: 16.167168021202087
waiting
going to web site
Hello world	Thread-23159	6

time: 946691970.8588331
diff: 29.141166925430298
waiting
going to web site
Hello world	Thread-23298	7

time: 946692000.832832
diff: 15.167168021202087
waiting
going to web site
Hello world	Thread-23376	3

time: 946692016.832833
diff: 20.16716694831848
waiting
going to web site
Hello world	Thread-23470	7

time: 946692037.832832
diff: 14.167168021202087
waiting
going to web site
Hello world	Thread-23560	2

time: 946692053.842833
diff: 10.157166957855225
waiting
going to web site
Hello world	Thread-23608	4

time: 946692064.832832
diff: 16.167168021202087
waiting
going to web site
Hello world	Thread-23685	4

time: 946692081.841833
diff: 31.158167004585266
waiting
going to web site
Hello world	Thread-23836	6

time: 946692113.832833
diff: 15.167166948318481
waiting
going to web site
Hello world	Thread-23916	4

time: 946692129.5350641
diff: 33.46493589878082
waiting
going to web site
Hello world	Thread-24070	6

time: 946692163.5350641
diff: 17.464935898780823
waiting
going to web site
Hello world	Thread-24147	7

time: 946692181.5350641
diff: 34.46493589878082
waiting
going to web site
Hello world	Thread-24314	4

time: 946692216.5350641
diff: 29.464935898780823
waiting
going to web site
Hello world	Thread-24449	7

time: 946692246.534065
diff: 8.465934991836548
waiting
going to web site
Hello world	Thread-24488	6

time: 946692255.5350641
diff: 20.464935898780823
waiting
going to web site
Hello world	Thread-24585	5

time: 946692276.526064
diff: 29.473935961723328
waiting
going to web site
Hello world	Thread-24721	6

time: 946692306.5350641
diff: 26.464935898780823
waiting
going to web site
Hello world	Thread-24836	6

time: 946692333.5350641
diff: 26.464935898780823
waiting
going to web site
Hello world	Thread-24956	4

time: 946692360.5350641
diff: 29.464935898780823
waiting
going to web site
Hello world	Thread-25075	7

time: 946692390.5350641
diff: 11.464935898780823
waiting
going to web site
Hello world	Thread-25132	5

time: 946692402.526064
diff: 31.473935961723328
waiting
going to web site
Hello world	Thread-25264	7

time: 946692434.5350641
diff: 11.464935898780823
waiting
going to web site
Hello world	Thread-25316	5

time: 946692446.535193
diff: 23.46480703353882
waiting
going to web site
Hello world	Thread-25415	4

time: 946692470.526065
diff: 16.47393500804901
waiting
going to web site
Hello world	Thread-25487	3

time: 946692487.544065
diff: 36.45593500137329
waiting
going to web site
Hello world	Thread-25640	4

time: 946692524.5350649
diff: 23.464935064315796
waiting
going to web site
Hello world	Thread-25745	6

time: 946692548.5350649
diff: 11.464935064315796
waiting
going to web site
Hello world	Thread-25794	3

time: 946692560.536065
diff: 37.463935017585754
waiting
going to web site
Hello world	Thread-25952	3

time: 946692598.544065
diff: 19.45593500137329
waiting
going to web site
Hello world	Thread-26044	4

time: 946692618.544065
diff: 18.45593500137329
waiting
going to web site
Hello world	Thread-26117	7

time: 946692637.5350649
diff: 8.464935064315796
waiting
going to web site
Hello world	Thread-26154	3

