time: 946686600.0
diff: 0.0
going to web site
Hello world	Thread-24	2

time: 946686603.688908
diff: 116.31109201908112
waiting
going to web site
Hello world	Thread-97	3

time: 946686727.667796
diff: 113.33220398426056
waiting
going to web site
Hello world	Thread-152	6

time: 946686841.658795
diff: 119.34120500087738
waiting
going to web site
Hello world	Thread-214	6

time: 946686961.667952
diff: 59.33204805850983
waiting
going to web site
Hello world	Thread-266	3

time: 946687024.676908
diff: 116.32309198379517
waiting
going to web site
Hello world	Thread-309	9

time: 946687141.646908
diff: 59.35309195518494
waiting
going to web site
Hello world	Thread-367	4

time: 946687216.667364
diff: 104.33263599872589
waiting
going to web site
Hello world	Thread-405	3

time: 946687321.658364
diff: 60.341635942459106
waiting
going to web site
Hello world	Thread-448	5

time: 946687383.667365
diff: 58.332635045051575
waiting
going to web site
Hello world	Thread-485	2

time: 946687443.6673651
diff: 58.332634925842285
waiting
going to web site
Hello world	Thread-527	5

time: 946687505.6673651
diff: 56.332634925842285
waiting
going to web site
Hello world	Thread-543	7

time: 946687563.658364
diff: 58.341635942459106
waiting
going to web site
Hello world	Thread-579	4

time: 946687623.658364
diff: 118.3416359424591
waiting
going to web site
Hello world	Thread-652	3

time: 946687745.667365
diff: 56.332635045051575
waiting
going to web site
Hello world	Thread-666	2

time: 946687802.674496
diff: 60.32550394535065
waiting
going to web site
Hello world	Thread-707	4

time: 946687863.661365
diff: 59.338634967803955
waiting
going to web site
Hello world	Thread-747	5

time: 946687924.655909
diff: 58.344091057777405
waiting
going to web site
Hello world	Thread-778	3

time: 946687983.6589091
diff: 119.34109091758728
waiting
going to web site
Hello world	Thread-851	4

time: 946688106.656908
diff: 116.34309196472168
waiting
going to web site
Hello world	Thread-901	6

time: 946688223.646908
diff: 59.35309195518494
waiting
going to web site
Hello world	Thread-955	2

