time: 946686600.0
diff: 0.0
going to web site
Hello world	Thread-42	2

time: 946686631.669364
diff: 89.3306360244751
waiting
going to web site
Hello world	Thread-85	3

time: 946686721.6603651
diff: 119.3396348953247
waiting
going to web site
Hello world	Thread-159	5

time: 946686842.651365
diff: 118.34863495826721
waiting
going to web site
Hello world	Thread-230	3

time: 946686964.659364
diff: 116.34063601493835
waiting
going to web site
Hello world	Thread-292	2

time: 946687084.668364
diff: 56.33163595199585
waiting
going to web site
Hello world	Thread-324	7

time: 946687144.657364
diff: 116.34263598918915
waiting
going to web site
Hello world	Thread-393	7

time: 946687268.659364
diff: 113.34063601493835
waiting
going to web site
Hello world	Thread-449	4

time: 946687383.667365
diff: 58.332635045051575
waiting
going to web site
Hello world	Thread-493	6

time: 946687445.6593652
diff: 56.34063482284546
waiting
going to web site
Hello world	Thread-517	3

time: 946687503.6673651
diff: 58.332634925842285
waiting
going to web site
Hello world	Thread-548	2

time: 946687563.658364
diff: 58.341635942459106
waiting
going to web site
Hello world	Thread-572	5

time: 946687622.658364
diff: 59.341635942459106
waiting
going to web site
Hello world	Thread-630	4

time: 946687697.659364
diff: 105.34063601493835
waiting
going to web site
Hello world	Thread-670	4

time: 946687803.658365
diff: 59.34163498878479
waiting
going to web site
Hello world	Thread-711	5

time: 946687864.6593649
diff: 118.34063506126404
waiting
going to web site
Hello world	Thread-781	5

time: 946687984.658365
diff: 58.34163498878479
waiting
going to web site
Hello world	Thread-823	5

time: 946688046.658365
diff: 56.34163498878479
waiting
going to web site
Hello world	Thread-855	6

time: 946688110.668364
diff: 112.33163595199585
waiting
going to web site
Hello world	Thread-909	3

time: 946688224.658364
diff: 119.3416359424591
waiting
going to web site
Hello world	Thread-973	2

