time: 946686600.0
diff: 0.0
going to web site
Hello world	Thread-31	7

time: 946686631.590656
diff: 88.409343957901
waiting
going to web site
Hello world	Thread-77	6

time: 946686721.580656
diff: 58.41934394836426
waiting
going to web site
Hello world	Thread-219	2

time: 946686787.590656
diff: 112.409343957901
waiting
going to web site
Hello world	Thread-337	6

time: 946686900.580656
diff: 59.41934394836426
waiting
going to web site
Hello world	Thread-460	5

time: 946686975.590656
diff: 104.409343957901
waiting
going to web site
Hello world	Thread-536	3

time: 946687080.580656
diff: 120.41934394836426
waiting
going to web site
Hello world	Thread-696	2

time: 946687216.600656
diff: 104.39934396743774
waiting
going to web site
Hello world	Thread-802	6

time: 946687322.6014581
diff: 58.39854192733765
waiting
going to web site
Hello world	Thread-919	4

time: 946687412.590656
diff: 28.409343957901
waiting
going to web site
Hello world	Thread-963	6

time: 946687444.580656
diff: 56.41934394836426
waiting
going to web site
Hello world	Thread-1045	3

time: 946687508.590656
diff: 52.409343957901
waiting
going to web site
Hello world	Thread-1071	5

time: 946687561.580656
diff: 59.41934394836426
waiting
going to web site
Hello world	Thread-1176	3

time: 946687628.5896561
diff: 53.41034388542175
waiting
going to web site
Hello world	Thread-1342	6

time: 946687803.9527081
diff: -1.952708125114441
going to web site
Hello world	Thread-1350	6

time: 946687804.533364
diff: 117.4666359424591
waiting
going to web site
Hello world	Thread-1523	3

time: 946687937.590656
diff: 104.409343957901
waiting
going to web site
Hello world	Thread-1617	2

time: 946688042.587656
diff: 119.41234397888184
waiting
going to web site
Hello world	Thread-1733	7

time: 946688162.580656
diff: 119.41934394836426
waiting
going to web site
Hello world	Thread-1856	4

