time: 946686600.0
diff: 0.0
going to web site
Hello world	Thread-24	2

time: 946686607.590656
diff: 112.409343957901
waiting
going to web site
Hello world	Thread-60	2

time: 946686720.591647
diff: 119.40835297107697
waiting
going to web site
Hello world	Thread-285	6

time: 946686843.606656
diff: 56.393344044685364
waiting
going to web site
Hello world	Thread-356	6

time: 946686903.592657
diff: 56.40734302997589
waiting
going to web site
Hello world	Thread-458	7

time: 946686975.590656
diff: 105.409343957901
waiting
going to web site
Hello world	Thread-542	5

time: 946687081.580656
diff: 119.41934394836426
waiting
going to web site
Hello world	Thread-690	2

time: 946687208.590656
diff: 52.409343957901
waiting
going to web site
Hello world	Thread-748	3

time: 946687264.584656
diff: 56.41534399986267
waiting
going to web site
Hello world	Thread-933	2

time: 946687441.900656
diff: -0.90065598487854
going to web site
Hello world	Thread-939	8

time: 946687442.502708
diff: 58.497292041778564
waiting
going to web site
Hello world	Thread-1053	5

time: 946687516.590656
diff: 105.409343957901
waiting
going to web site
Hello world	Thread-1168	5

time: 946687625.580656
diff: 56.41934394836426
waiting
going to web site
Hello world	Thread-1290	4

time: 946687745.590656
diff: 56.409343957901
waiting
going to web site
Hello world	Thread-1322	3

time: 946687802.5896561
diff: 119.41034388542175
waiting
going to web site
Hello world	Thread-1521	5

time: 946687937.590656
diff: 104.409343957901
waiting
going to web site
Hello world	Thread-1658	2

time: 946688049.6962321
diff: 112.3037679195404
waiting
going to web site
Hello world	Thread-1767	3

time: 946688165.6962321
diff: 56.303767919540405
waiting
going to web site
Hello world	Thread-1798	3

time: 946688222.691232
diff: 120.30876803398132
waiting
going to web site
Hello world	Thread-1987	2

