time: 946686600.0
diff: 0.0
going to web site
Hello world	Thread-200	2

time: 946686783.840484
diff: -122.84048402309418
going to web site
Hello world	Thread-206	2

time: 946686784.42114
diff: -63.42113995552063
going to web site
Hello world	Thread-211	2

time: 946686785.001796
diff: -4.001796007156372
going to web site
Hello world	Thread-213	2

time: 946686785.5824519
diff: 55.417548060417175
waiting
going to web site
Hello world	Thread-327	2

time: 946686856.598657
diff: 104.40134298801422
waiting
going to web site
Hello world	Thread-440	4

time: 946686964.585656
diff: 56.41434395313263
waiting
going to web site
Hello world	Thread-516	4

time: 946687028.590656
diff: 112.409343957901
waiting
going to web site
Hello world	Thread-622	3

time: 946687144.584656
diff: 57.41534399986267
waiting
going to web site
Hello world	Thread-677	2

time: 946687203.582657
diff: 118.41734302043915
waiting
going to web site
Hello world	Thread-822	2

time: 946687323.70551
diff: 118.29448997974396
waiting
going to web site
Hello world	Thread-958	3

time: 946687443.704112
diff: 58.29588794708252
waiting
going to web site
Hello world	Thread-1153	7

time: 946687623.949484
diff: -61.94948399066925
going to web site
Hello world	Thread-1157	7

time: 946687624.53314
diff: -2.533139944076538
going to web site
Hello world	Thread-1163	4

time: 946687625.113796
diff: 57.88620400428772
waiting
going to web site
Hello world	Thread-1219	6

time: 946687683.592657
diff: 119.40734302997589
waiting
going to web site
Hello world	Thread-1371	2

time: 946687806.5896571
diff: 116.41034293174744
waiting
going to web site
Hello world	Thread-1504	4

time: 946687926.5846571
diff: 116.41534292697906
waiting
going to web site
Hello world	Thread-1662	4

time: 946688050.582656
diff: 52.417343974113464
waiting
going to web site
Hello world	Thread-1711	2

time: 946688106.580656
diff: 56.41934394836426
waiting
going to web site
Hello world	Thread-1870	3

time: 946688284.002458
diff: -0.0024579763412475586
going to web site
Hello world	Thread-1884	4

