time: 946686600.0
diff: 159.0
waiting
going to web site
Hello world	Thread-894	2

time: 946686759.6995599
diff: -0.6995599269866943
going to web site
Hello world	Thread-895	2

time: 946686760.40912
diff: -0.40911996364593506
going to web site
Hello world	Thread-897	2

time: 946686761.11768
diff: -1.1176799535751343
going to web site
Hello world	Thread-899	2

time: 946686761.8172401
diff: -1.8172401189804077
going to web site
Hello world	Thread-900	5

time: 946686762.5168
diff: 0.48319995403289795
waiting
going to web site
Hello world	Thread-905	4

time: 946686763.6995599
diff: 0.30044007301330566
waiting
going to web site
Hello world	Thread-910	4

time: 946686764.699561
diff: 4.3004390001297
waiting
going to web site
Hello world	Thread-218	2

time: 946686769.7085611
diff: -0.7085610628128052
going to web site
Hello world	Thread-922	2

time: 946686770.417121
diff: -1.4171210527420044
going to web site
Hello world	Thread-927	2

time: 946686771.121681
diff: -2.121680974960327
going to web site
Hello world	Thread-930	2

time: 946686771.8212409
diff: 7.1787590980529785
waiting
going to web site
Hello world	Thread-971	4

time: 946686779.740043
diff: 3.259956955909729
waiting
going to web site
Hello world	Thread-991	3

time: 946686783.6995599
diff: 0.30044007301330566
waiting
going to web site
Hello world	Thread-260	3

time: 946686784.699561
diff: 5.3004390001297
waiting
going to web site
Hello world	Thread-1018	2

time: 946686790.7085611
diff: 12.291438937187195
waiting
going to web site
Hello world	Thread-315	3

time: 946686803.6995599
diff: 26.300440073013306
waiting
going to web site
Hello world	Thread-393	4

time: 946686830.708683
diff: 7.291316986083984
waiting
going to web site
Hello world	Thread-421	3

time: 946686838.6995599
diff: 25.300440073013306
waiting
going to web site
Hello world	Thread-506	4

time: 946686864.699561
diff: 14.3004390001297
waiting
going to web site
Hello world	Thread-560	6

time: 946686879.700561
diff: 15.299438953399658
waiting
going to web site
Hello world	Thread-619	5

time: 946686895.6995599
diff: 22.300440073013306
waiting
going to web site
Hello world	Thread-712	5

time: 946686918.7055609
diff: 12.29443907737732
waiting
going to web site
Hello world	Thread-759	5

time: 946686931.715642
diff: 24.284358024597168
waiting
going to web site
Hello world	Thread-881	5

time: 946686956.699561
diff: 11.3004390001297
waiting
going to web site
Hello world	Thread-929	4

time: 946686968.699561
diff: 28.3004390001297
waiting
going to web site
Hello world	Thread-1069	5

time: 946686997.699561
diff: 26.3004390001297
waiting
going to web site
Hello world	Thread-1188	4

time: 946687024.699561
diff: 33.3004390001297
waiting
going to web site
Hello world	Thread-1344	6

time: 946687058.699561
diff: 10.3004390001297
waiting
going to web site
Hello world	Thread-1399	4

time: 946687069.70956
diff: 28.29043996334076
waiting
going to web site
Hello world	Thread-1528	6

time: 946687098.6995599
diff: 22.300440073013306
waiting
going to web site
Hello world	Thread-1626	4

time: 946687121.7085611
diff: 24.291438937187195
waiting
going to web site
Hello world	Thread-1730	3

time: 946687146.6995599
diff: 29.300440073013306
waiting
going to web site
Hello world	Thread-1850	4

time: 946687176.699561
diff: 18.3004390001297
waiting
going to web site
Hello world	Thread-1932	3

time: 946687195.699561
diff: 19.3004390001297
waiting
going to web site
Hello world	Thread-2017	6

time: 946687215.7135609
diff: 32.286439061164856
waiting
going to web site
Hello world	Thread-2155	3

time: 946687248.699561
diff: 14.3004390001297
waiting
going to web site
Hello world	Thread-2225	5

time: 946687263.704561
diff: 21.29543900489807
waiting
going to web site
Hello world	Thread-2332	4

time: 946687285.699561
diff: 38.3004390001297
waiting
going to web site
Hello world	Thread-2491	5

time: 946687324.699561
diff: 21.3004390001297
waiting
going to web site
Hello world	Thread-2590	3

time: 946687346.699561
diff: 11.3004390001297
waiting
going to web site
Hello world	Thread-2649	4

time: 946687358.699561
diff: 17.3004390001297
waiting
going to web site
Hello world	Thread-2725	6

time: 946687376.544065
diff: 14.455935001373291
waiting
going to web site
Hello world	Thread-2794	5

time: 946687391.5350649
diff: 20.464935064315796
waiting
going to web site
Hello world	Thread-2885	5

time: 946687412.541065
diff: 23.458935022354126
waiting
going to web site
Hello world	Thread-2986	4

time: 946687436.5350649
diff: 31.464935064315796
waiting
going to web site
Hello world	Thread-3131	4

time: 946687468.5350649
diff: 24.464935064315796
waiting
going to web site
Hello world	Thread-3241	4

time: 946687493.544065
diff: 11.455935001373291
waiting
going to web site
Hello world	Thread-3289	2

time: 946687505.5350649
diff: 35.464935064315796
waiting
going to web site
Hello world	Thread-3443	3

time: 946687541.526065
diff: 11.473935008049011
waiting
going to web site
Hello world	Thread-3499	4

time: 946687553.542065
diff: 27.457934975624084
waiting
going to web site
Hello world	Thread-3619	6

time: 946687581.5350641
diff: 28.464935898780823
waiting
going to web site
Hello world	Thread-3748	7

time: 946687610.526064
diff: 27.473935961723328
waiting
going to web site
Hello world	Thread-3869	7

time: 946687638.534064
diff: 20.465935945510864
waiting
going to web site
Hello world	Thread-3958	7

time: 946687659.5350641
diff: 15.464935898780823
waiting
going to web site
Hello world	Thread-4025	6

time: 946687675.5350641
diff: 24.464935898780823
waiting
going to web site
Hello world	Thread-4145	4

time: 946687700.526064
diff: 29.473935961723328
waiting
going to web site
Hello world	Thread-4278	6

time: 946687730.526064
diff: 21.473935961723328
waiting
going to web site
Hello world	Thread-4370	7

time: 946687752.5350641
diff: 17.464935898780823
waiting
going to web site
Hello world	Thread-4445	6

time: 946687770.5350641
diff: 12.464935898780823
waiting
going to web site
Hello world	Thread-4513	4

time: 946687783.5350641
diff: 20.464935898780823
waiting
going to web site
Hello world	Thread-4602	3

time: 946687804.526064
diff: 15.473935961723328
waiting
going to web site
Hello world	Thread-4671	7

time: 946687820.535101
diff: 21.464898943901062
waiting
going to web site
Hello world	Thread-4773	6

time: 946687842.5350641
diff: 15.464935898780823
waiting
going to web site
Hello world	Thread-4841	5

time: 946687858.5350641
diff: 30.464935898780823
waiting
going to web site
Hello world	Thread-4984	6

time: 946687889.5350641
diff: 19.464935898780823
waiting
going to web site
Hello world	Thread-5073	7

time: 946687909.526064
diff: 35.47393596172333
waiting
going to web site
Hello world	Thread-5246	7

time: 946687945.5350641
diff: 22.464935898780823
waiting
going to web site
Hello world	Thread-5354	7

time: 946687968.5350641
diff: 23.464935898780823
waiting
going to web site
Hello world	Thread-5471	5

time: 946687992.8338319
diff: 16.166168093681335
waiting
going to web site
Hello world	Thread-5588	2

time: 946688016.852041
diff: 4.147958993911743
waiting
going to web site
Hello world	Thread-5602	4

time: 946688021.832832
diff: 19.167168021202087
waiting
going to web site
Hello world	Thread-5695	3

time: 946688041.832833
diff: 17.16716694831848
waiting
going to web site
Hello world	Thread-5773	4

time: 946688059.836832
diff: 21.16316795349121
waiting
going to web site
Hello world	Thread-5872	5

time: 946688081.832832
diff: 24.167168021202087
waiting
going to web site
Hello world	Thread-5982	2

time: 946688106.851833
diff: 27.14816701412201
waiting
going to web site
Hello world	Thread-6098	2

time: 946688134.841833
diff: 25.158167004585266
waiting
going to web site
Hello world	Thread-6211	3

time: 946688160.841833
diff: 19.158167004585266
waiting
going to web site
Hello world	Thread-6296	2

time: 946688180.842833
diff: 23.157166957855225
waiting
going to web site
Hello world	Thread-6402	6

time: 946688204.832832
diff: 28.167168021202087
waiting
going to web site
Hello world	Thread-6529	2

time: 946688233.841833
diff: 21.158167004585266
waiting
going to web site
Hello world	Thread-6624	3

time: 946688255.832833
diff: 24.16716694831848
waiting
going to web site
Hello world	Thread-6735	4

time: 946688280.832832
diff: 33.16716802120209
waiting
going to web site
Hello world	Thread-6890	4

time: 946688314.841833
diff: 21.158167004585266
waiting
going to web site
Hello world	Thread-6985	2

time: 946688336.841833
diff: 16.158167004585266
waiting
going to web site
Hello world	Thread-7090	2

time: 946688360.851257
diff: 16.14874303340912
waiting
going to web site
Hello world	Thread-7168	2

time: 946688377.841833
diff: 16.158167004585266
waiting
going to web site
Hello world	Thread-7271	3

time: 946688401.846833
diff: 7.153167009353638
waiting
going to web site
Hello world	Thread-7305	2

time: 946688409.841833
diff: 23.158167004585266
waiting
going to web site
Hello world	Thread-7416	2

time: 946688433.845833
diff: 13.15416705608368
waiting
going to web site
Hello world	Thread-7477	2

time: 946688447.841833
diff: 23.158167004585266
waiting
going to web site
Hello world	Thread-7589	4

time: 946688471.841833
diff: 35.158167004585266
waiting
going to web site
Hello world	Thread-7742	2

time: 946688507.851833
diff: 1.1481670141220093
waiting
going to web site
Hello world	Thread-7749	2

time: 946688509.845833
diff: 25.15416705608368
waiting
going to web site
Hello world	Thread-7880	3

time: 946688538.859833
diff: 25.140166997909546
waiting
going to web site
Hello world	Thread-7995	4

time: 946688564.836832
diff: 20.16316795349121
waiting
going to web site
Hello world	Thread-8081	6

time: 946688585.832832
diff: 28.167168021202087
waiting
going to web site
Hello world	Thread-8211	6

time: 946688614.529519
diff: 25.470481038093567
waiting
going to web site
Hello world	Thread-8321	4

time: 946688640.5447129
diff: 23.455287098884583
waiting
going to web site
Hello world	Thread-8427	4

time: 946688664.5350649
diff: 40.464935064315796
waiting
going to web site
Hello world	Thread-8589	6

time: 946688705.5350649
diff: 7.464935064315796
waiting
going to web site
Hello world	Thread-8622	4

time: 946688713.544065
diff: 32.45593500137329
waiting
going to web site
Hello world	Thread-8756	4

time: 946688746.5350649
diff: 20.464935064315796
waiting
going to web site
Hello world	Thread-8834	4

time: 946688767.544065
diff: 29.45593500137329
waiting
going to web site
Hello world	Thread-8951	7

time: 946688797.5350649
diff: 11.464935064315796
waiting
going to web site
Hello world	Thread-9004	5

time: 946688809.533065
diff: 36.46693503856659
waiting
going to web site
Hello world	Thread-9160	5

time: 946688846.544065
diff: 14.455935001373291
waiting
going to web site
Hello world	Thread-9227	3

time: 946688861.5350649
diff: 32.464935064315796
waiting
going to web site
Hello world	Thread-9370	6

time: 946688894.5350649
diff: 23.464935064315796
waiting
going to web site
Hello world	Thread-9467	2

time: 946688918.5350649
diff: 14.464935064315796
waiting
going to web site
Hello world	Thread-9535	5

time: 946688933.544065
diff: 13.455935001373291
waiting
going to web site
Hello world	Thread-9588	4

time: 946688947.526065
diff: 27.47393500804901
waiting
going to web site
Hello world	Thread-9724	4

time: 946688975.5350649
diff: 31.464935064315796
waiting
going to web site
Hello world	Thread-9876	6

time: 946689007.5350649
diff: 12.464935064315796
waiting
going to web site
Hello world	Thread-9930	4

time: 946689020.544065
diff: 21.45593500137329
waiting
going to web site
Hello world	Thread-10030	4

time: 946689042.526065
diff: 32.47393500804901
waiting
going to web site
Hello world	Thread-10184	6

time: 946689075.544065
diff: 7.455935001373291
waiting
going to web site
Hello world	Thread-10226	5

time: 946689083.526065
diff: 12.473935008049011
waiting
going to web site
Hello world	Thread-10274	3

time: 946689096.526065
diff: 15.473935008049011
waiting
going to web site
Hello world	Thread-10352	4

time: 946689112.539129
diff: 18.46087098121643
waiting
going to web site
Hello world	Thread-10445	4

time: 946689131.5350641
diff: 19.464935898780823
waiting
going to web site
Hello world	Thread-10541	5

time: 946689151.534481
diff: 29.465518951416016
waiting
going to web site
Hello world	Thread-10681	5

time: 946689181.5356239
diff: 19.464376091957092
waiting
going to web site
Hello world	Thread-10783	5

time: 946689201.544065
diff: 28.45593500137329
waiting
going to web site
Hello world	Thread-10918	3

time: 946689230.802193
diff: 16.19780695438385
waiting
going to web site
Hello world	Thread-10999	5

time: 946689247.797192
diff: 35.202808022499084
waiting
going to web site
Hello world	Thread-11169	6

time: 946689283.802193
diff: 14.19780695438385
waiting
going to web site
Hello world	Thread-11247	3

time: 946689298.802192
diff: 16.197808027267456
waiting
going to web site
Hello world	Thread-11325	5

time: 946689315.8031449
diff: 22.196855068206787
waiting
going to web site
Hello world	Thread-11436	5

time: 946689338.7971929
diff: 15.202807068824768
waiting
going to web site
Hello world	Thread-11508	5

time: 946689354.811193
diff: 17.188807010650635
waiting
going to web site
Hello world	Thread-11593	5

time: 946689372.8031449
diff: 19.196855068206787
waiting
going to web site
Hello world	Thread-11687	3

time: 946689392.806193
diff: 35.19380700588226
waiting
going to web site
Hello world	Thread-11849	4

time: 946689428.8031449
diff: 24.196855068206787
waiting
going to web site
Hello world	Thread-11958	6

time: 946689453.802193
diff: 7.19780695438385
waiting
going to web site
Hello world	Thread-11997	4

time: 946689461.8031449
diff: 12.196855068206787
waiting
going to web site
Hello world	Thread-12058	5

time: 946689474.8001931
diff: 21.199806928634644
waiting
going to web site
Hello world	Thread-12160	2

time: 946689496.7991921
diff: 28.200807929039
waiting
going to web site
Hello world	Thread-12281	5

time: 946689525.802192
diff: 21.197808027267456
waiting
going to web site
Hello world	Thread-12389	4

time: 946689547.7971929
diff: 35.20280706882477
waiting
going to web site
Hello world	Thread-12553	4

time: 946689583.8031449
diff: 13.196855068206787
waiting
going to web site
Hello world	Thread-12617	3

time: 946689597.8001931
diff: 39.199806928634644
waiting
going to web site
Hello world	Thread-12797	4

time: 946689637.802192
diff: 12.197808027267456
waiting
going to web site
Hello world	Thread-12857	6

time: 946689650.7971929
diff: 18.202807068824768
waiting
going to web site
Hello world	Thread-12943	6

time: 946689669.7971929
diff: 19.202807068824768
waiting
going to web site
Hello world	Thread-13045	7

time: 946689689.7971929
diff: 18.202807068824768
waiting
going to web site
Hello world	Thread-13122	3

time: 946689708.7971929
diff: 29.202807068824768
waiting
going to web site
Hello world	Thread-13258	4

time: 946689738.7971929
diff: 11.202807068824768
waiting
going to web site
Hello world	Thread-13319	6

time: 946689750.802193
diff: 17.19780695438385
waiting
going to web site
Hello world	Thread-13399	6

time: 946689768.797192
diff: 17.202808022499084
waiting
going to web site
Hello world	Thread-13478	4

time: 946689786.802193
diff: 16.19780695438385
waiting
going to web site
Hello world	Thread-13555	5

time: 946689803.797192
diff: 26.202808022499084
waiting
going to web site
Hello world	Thread-13680	6

time: 946689830.544065
diff: 24.45593500137329
waiting
going to web site
Hello world	Thread-13804	7

time: 946689855.540065
diff: 16.459934949874878
waiting
going to web site
Hello world	Thread-13881	6

time: 946689872.526064
diff: 31.473935961723328
waiting
going to web site
Hello world	Thread-14026	6

time: 946689904.5350641
diff: 16.464935898780823
waiting
going to web site
Hello world	Thread-14092	7

time: 946689921.5294169
diff: 21.470583081245422
waiting
going to web site
Hello world	Thread-14193	4

time: 946689943.544065
diff: 26.45593500137329
waiting
going to web site
Hello world	Thread-14309	3

time: 946689970.526065
diff: 16.47393500804901
waiting
going to web site
Hello world	Thread-14386	7

time: 946689987.544065
diff: 28.45593500137329
waiting
going to web site
Hello world	Thread-14508	7

time: 946690016.526065
diff: 23.47393500804901
waiting
going to web site
Hello world	Thread-14614	7

time: 946690040.5350649
diff: 42.464935064315796
waiting
going to web site
Hello world	Thread-14793	7

time: 946690083.526065
diff: 22.47393500804901
waiting
going to web site
Hello world	Thread-14900	5

time: 946690106.5350649
diff: 13.464935064315796
waiting
going to web site
Hello world	Thread-14952	6

time: 946690120.5350649
diff: 10.464935064315796
waiting
going to web site
Hello world	Thread-15004	4

time: 946690131.526065
diff: 27.47393500804901
waiting
going to web site
Hello world	Thread-15121	5

time: 946690159.544065
diff: 25.45593500137329
waiting
going to web site
Hello world	Thread-15224	4

time: 946690185.544065
diff: 17.45593500137329
waiting
going to web site
Hello world	Thread-15305	6

time: 946690203.544065
diff: 29.45593500137329
waiting
going to web site
Hello world	Thread-15439	4

time: 946690233.544065
diff: 22.45593500137329
waiting
going to web site
Hello world	Thread-15537	3

time: 946690256.544065
diff: 19.45593500137329
waiting
going to web site
Hello world	Thread-15629	5

time: 946690276.544065
diff: 22.45593500137329
waiting
going to web site
Hello world	Thread-15727	4

time: 946690299.534065
diff: 20.465934991836548
waiting
going to web site
Hello world	Thread-15818	7

time: 946690320.5350641
diff: 30.464935898780823
waiting
going to web site
Hello world	Thread-15949	5

time: 946690351.5345191
diff: 10.465480923652649
waiting
going to web site
Hello world	Thread-15990	7

time: 946690362.5350641
diff: 19.464935898780823
waiting
going to web site
Hello world	Thread-16077	6

time: 946690382.5350641
diff: 35.46493589878082
waiting
going to web site
Hello world	Thread-16235	7

time: 946690418.526064
diff: 22.473935961723328
waiting
going to web site
Hello world	Thread-16338	4

time: 946690441.8398321
diff: 18.160167932510376
waiting
going to web site
Hello world	Thread-16421	4

time: 946690460.832832
diff: 19.167168021202087
waiting
going to web site
Hello world	Thread-16510	2

time: 946690480.832833
diff: 31.16716694831848
waiting
going to web site
Hello world	Thread-16651	5

time: 946690512.832832
diff: 14.167168021202087
waiting
going to web site
Hello world	Thread-16717	3

time: 946690527.838833
diff: 33.1611670255661
waiting
going to web site
Hello world	Thread-16863	6

time: 946690561.845833
diff: 11.15416705608368
waiting
going to web site
Hello world	Thread-16916	2

time: 946690573.841833
diff: 15.158167004585266
waiting
going to web site
Hello world	Thread-16987	2

time: 946690589.841833
diff: 22.158167004585266
waiting
going to web site
Hello world	Thread-17079	5

time: 946690612.841249
diff: 24.158751010894775
waiting
going to web site
Hello world	Thread-17193	5

time: 946690637.832833
diff: 24.16716694831848
waiting
going to web site
Hello world	Thread-17294	5

time: 946690662.832832
diff: 24.167168021202087
waiting
going to web site
Hello world	Thread-17405	2

time: 946690687.832833
diff: 26.16716694831848
waiting
going to web site
Hello world	Thread-17522	4

time: 946690714.832832
diff: 25.167168021202087
waiting
going to web site
Hello world	Thread-17639	3

time: 946690740.841833
diff: 25.158167004585266
waiting
going to web site
Hello world	Thread-17750	5

time: 946690767.841833
diff: 12.158167004585266
waiting
going to web site
Hello world	Thread-17812	3

time: 946690780.841833
diff: 28.158167004585266
waiting
going to web site
Hello world	Thread-17944	3

time: 946690810.845833
diff: 16.15416705608368
waiting
going to web site
Hello world	Thread-18022	2

time: 946690828.841833
diff: 23.158167004585266
waiting
going to web site
Hello world	Thread-18111	2

time: 946690852.845833
diff: 33.15416705608368
waiting
going to web site
Hello world	Thread-18258	3

time: 946690886.841833
diff: 10.158167004585266
waiting
going to web site
Hello world	Thread-18308	2

time: 946690897.841833
diff: 22.158167004585266
waiting
going to web site
Hello world	Thread-18398	2

time: 946690920.841833
diff: 23.158167004585266
waiting
going to web site
Hello world	Thread-18501	5

time: 946690944.841833
diff: 32.158167004585266
waiting
going to web site
Hello world	Thread-18649	3

time: 946690978.850864
diff: 17.149135947227478
waiting
going to web site
Hello world	Thread-18727	5

time: 946690996.832832
diff: 15.167168021202087
waiting
going to web site
Hello world	Thread-18802	2

time: 946691012.841833
diff: 28.158167004585266
waiting
going to web site
Hello world	Thread-18923	7

time: 946691041.5350649
diff: 26.464935064315796
waiting
going to web site
Hello world	Thread-19046	6

time: 946691068.5350649
diff: 20.464935064315796
waiting
going to web site
Hello world	Thread-19136	6

time: 946691089.539065
diff: 25.46093499660492
waiting
going to web site
Hello world	Thread-19253	4

time: 946691115.5350641
diff: 11.464935898780823
waiting
going to web site
Hello world	Thread-19306	4

time: 946691127.530064
diff: 22.46993601322174
waiting
going to web site
Hello world	Thread-19411	6

time: 946691150.544065
diff: 35.45593500137329
waiting
going to web site
Hello world	Thread-19565	6

time: 946691186.539065
diff: 8.46093499660492
waiting
going to web site
Hello world	Thread-19610	7

time: 946691195.5350641
diff: 25.464935898780823
waiting
going to web site
Hello world	Thread-19732	6

time: 946691221.5350641
diff: 11.464935898780823
waiting
going to web site
Hello world	Thread-19790	5

time: 946691233.5350641
diff: 29.464935898780823
waiting
going to web site
Hello world	Thread-19927	7

time: 946691263.5350641
diff: 24.464935898780823
waiting
going to web site
Hello world	Thread-20042	8

time: 946691288.5350641
diff: 10.464935898780823
waiting
going to web site
Hello world	Thread-20090	3

time: 946691299.526064
diff: 36.47393596172333
waiting
going to web site
Hello world	Thread-20268	5

time: 946691336.5350641
diff: 15.464935898780823
waiting
going to web site
Hello world	Thread-20340	7

time: 946691352.5350641
diff: 9.464935898780823
waiting
going to web site
Hello world	Thread-20377	4

time: 946691362.526064
diff: 27.473935961723328
waiting
going to web site
Hello world	Thread-20536	7

time: 946691390.5350641
diff: 19.464935898780823
waiting
going to web site
Hello world	Thread-20627	7

time: 946691410.534581
diff: 7.465419054031372
waiting
going to web site
Hello world	Thread-20673	3

time: 946691418.526065
diff: 15.473935008049011
waiting
going to web site
Hello world	Thread-20744	4

time: 946691434.5350649
diff: 37.464935064315796
waiting
going to web site
Hello world	Thread-20921	4

time: 946691472.544065
diff: 28.45593500137329
waiting
going to web site
Hello world	Thread-21062	5

time: 946691501.539065
diff: 7.460934996604919
waiting
going to web site
Hello world	Thread-21095	4

time: 946691509.5350641
diff: 28.464935898780823
waiting
going to web site
Hello world	Thread-21235	6

time: 946691538.5350641
diff: 14.464935898780823
waiting
going to web site
Hello world	Thread-21306	5

time: 946691553.526064
diff: 23.473935961723328
waiting
going to web site
Hello world	Thread-21408	6

time: 946691577.5350641
diff: 17.464935898780823
waiting
going to web site
Hello world	Thread-21494	7

time: 946691595.5350641
diff: 28.464935898780823
waiting
going to web site
Hello world	Thread-21625	6

time: 946691624.5350641
diff: 19.464935898780823
waiting
going to web site
Hello world	Thread-21715	7

time: 946691644.5350641
diff: 31.464935898780823
waiting
going to web site
Hello world	Thread-21847	6

time: 946691676.5350641
diff: 13.464935898780823
waiting
going to web site
Hello world	Thread-21913	6

time: 946691690.5350641
diff: 31.464935898780823
waiting
going to web site
Hello world	Thread-22057	6

time: 946691722.526064
diff: 30.473935961723328
waiting
going to web site
Hello world	Thread-22193	3

time: 946691753.5350641
diff: 7.464935898780823
waiting
going to web site
Hello world	Thread-22224	5

time: 946691761.526064
diff: 16.473935961723328
waiting
going to web site
Hello world	Thread-22297	4

time: 946691778.529065
diff: 33.470934987068176
waiting
going to web site
Hello world	Thread-22452	4

time: 946691812.534064
diff: 17.465935945510864
waiting
going to web site
Hello world	Thread-22526	4

time: 946691830.526064
diff: 17.473935961723328
waiting
going to web site
Hello world	Thread-22597	7

time: 946691848.5350641
diff: 27.464935898780823
waiting
going to web site
Hello world	Thread-22726	7

time: 946691876.5350641
diff: 18.464935898780823
waiting
going to web site
Hello world	Thread-22813	8

time: 946691895.5350641
diff: 24.464935898780823
waiting
going to web site
Hello world	Thread-22923	6

time: 946691920.5350641
diff: 22.464935898780823
waiting
going to web site
Hello world	Thread-23025	6

time: 946691943.5350641
diff: 25.464935898780823
waiting
going to web site
Hello world	Thread-23152	6

time: 946691969.5350641
diff: 21.464935898780823
waiting
going to web site
Hello world	Thread-23258	6

time: 946691991.5350641
diff: 17.464935898780823
waiting
going to web site
Hello world	Thread-23337	5

time: 946692009.5350641
diff: 14.464935898780823
waiting
going to web site
Hello world	Thread-23406	7

time: 946692024.5350641
diff: 22.464935898780823
waiting
going to web site
Hello world	Thread-23522	7

time: 946692047.5350641
diff: 31.464935898780823
waiting
going to web site
Hello world	Thread-23673	5

time: 946692079.5350641
diff: 14.464935898780823
waiting
going to web site
Hello world	Thread-23746	6

time: 946692094.526064
diff: 17.473935961723328
waiting
going to web site
Hello world	Thread-23828	7

time: 946692112.5350641
diff: 14.464935898780823
waiting
going to web site
Hello world	Thread-23907	4

time: 946692127.5350641
diff: 22.464935898780823
waiting
going to web site
Hello world	Thread-24013	4

time: 946692150.535897
diff: 18.46410298347473
waiting
going to web site
Hello world	Thread-24093	5

time: 946692169.535209
diff: 12.464791059494019
waiting
going to web site
Hello world	Thread-24153	7

time: 946692182.526065
diff: 22.47393500804901
waiting
going to web site
Hello world	Thread-24257	6

time: 946692205.543065
diff: 20.456935048103333
waiting
going to web site
Hello world	Thread-24361	7

time: 946692226.5350649
diff: 36.464935064315796
waiting
going to web site
Hello world	Thread-24531	3

time: 946692263.841833
diff: 18.158167004585266
waiting
going to web site
Hello world	Thread-24618	4

time: 946692282.841833
diff: 27.158167004585266
waiting
going to web site
Hello world	Thread-24737	4

time: 946692310.832833
diff: 28.16716694831848
waiting
going to web site
Hello world	Thread-24865	4

time: 946692339.832832
diff: 21.167168021202087
waiting
going to web site
Hello world	Thread-24962	3

time: 946692361.841833
diff: 11.158167004585266
waiting
going to web site
Hello world	Thread-25017	5

time: 946692373.841833
diff: 20.158167004585266
waiting
going to web site
Hello world	Thread-25102	2

time: 946692394.841833
diff: 31.158167004585266
waiting
going to web site
Hello world	Thread-25234	2

time: 946692426.845833
diff: 28.15416705608368
waiting
going to web site
Hello world	Thread-25353	2

time: 946692455.836833
diff: 17.163166999816895
waiting
going to web site
Hello world	Thread-25433	5

time: 946692473.832832
diff: 24.167168021202087
waiting
going to web site
Hello world	Thread-25533	4

time: 946692498.842833
diff: 23.157166957855225
waiting
going to web site
Hello world	Thread-25633	4

time: 946692522.832832
diff: 17.167168021202087
waiting
going to web site
Hello world	Thread-25709	2

time: 946692540.841833
diff: 26.158167004585266
waiting
going to web site
Hello world	Thread-25840	4

time: 946692570.846833
diff: 18.153167009353638
waiting
going to web site
Hello world	Thread-25928	3

time: 946692590.841833
diff: 14.158167004585266
waiting
going to web site
Hello world	Thread-25993	2

time: 946692606.842833
diff: 26.157166957855225
waiting
going to web site
Hello world	Thread-26103	3

time: 946692633.8398321
diff: 25.160167932510376
waiting
going to web site
Hello world	Thread-26204	3

time: 946692659.832832
diff: 35.16716802120209
waiting
going to web site
Hello world	Thread-26337	5

time: 946692695.832833
diff: 19.16716694831848
waiting
going to web site
Hello world	Thread-26389	3

time: 946692715.832832
diff: 17.167168021202087
waiting
going to web site
Hello world	Thread-26444	2

time: 946692733.833833
diff: 16.16616702079773
waiting
going to web site
Hello world	Thread-26493	2

