time: 946686600.0
diff: 181.0
waiting
going to web site
Hello world	Thread-984	4

time: 946686781.856647
diff: 2.14335298538208
waiting
going to web site
Hello world	Thread-998	3

time: 946686784.832832
diff: 1.1671680212020874
waiting
going to web site
Hello world	Thread-1006	3

time: 946686786.841833
diff: 1.1581670045852661
waiting
going to web site
Hello world	Thread-270	2

time: 946686788.851833
diff: 0.14816701412200928
waiting
going to web site
Hello world	Thread-1015	2

time: 946686789.833833
diff: 16.16616702079773
waiting
going to web site
Hello world	Thread-322	3

time: 946686806.8588331
diff: 10.141166925430298
waiting
going to web site
Hello world	Thread-350	2

time: 946686817.832832
diff: 1.1671680212020874
waiting
going to web site
Hello world	Thread-1173	3

time: 946686819.846833
diff: 0.1531670093536377
waiting
going to web site
Hello world	Thread-1179	3

time: 946686820.851481
diff: -0.8514809608459473
going to web site
Hello world	Thread-1184	2

time: 946686821.689313
diff: 2.310686945915222
waiting
going to web site
Hello world	Thread-1204	3

time: 946686824.840832
diff: 0.15916800498962402
waiting
going to web site
Hello world	Thread-1211	5

time: 946686825.836833
diff: 0.16316699981689453
waiting
going to web site
Hello world	Thread-1219	2

time: 946686826.838832
diff: 0.16116797924041748
waiting
going to web site
Hello world	Thread-1222	4

time: 946686827.838832
diff: -0.8388320207595825
going to web site
Hello world	Thread-1226	5

time: 946686828.671664
diff: 12.328336000442505
waiting
going to web site
Hello world	Thread-430	2

time: 946686841.841833
diff: 24.158167004585266
waiting
going to web site
Hello world	Thread-513	2

time: 946686866.841833
diff: 11.158167004585266
waiting
going to web site
Hello world	Thread-557	3

time: 946686878.841913
diff: 16.158087015151978
waiting
going to web site
Hello world	Thread-621	3

time: 946686895.836833
diff: 17.163166999816895
waiting
going to web site
Hello world	Thread-697	3

time: 946686913.832832
diff: 17.167168021202087
waiting
going to web site
Hello world	Thread-762	3

time: 946686931.846833
diff: 10.153167009353638
waiting
going to web site
Hello world	Thread-822	3

time: 946686943.841833
diff: 28.158167004585266
waiting
going to web site
Hello world	Thread-962	3

time: 946686973.841833
diff: 18.158167004585266
waiting
going to web site
Hello world	Thread-1044	4

time: 946686992.8398329
diff: 35.16016709804535
waiting
going to web site
Hello world	Thread-1213	2

time: 946687028.845833
diff: 17.15416705608368
waiting
going to web site
Hello world	Thread-1298	5

time: 946687046.8588331
diff: 21.141166925430298
waiting
going to web site
Hello world	Thread-1394	2

time: 946687068.836832
diff: 23.16316795349121
waiting
going to web site
Hello world	Thread-1501	3

time: 946687092.832832
diff: 27.167168021202087
waiting
going to web site
Hello world	Thread-1622	2

time: 946687120.832833
diff: 26.16716694831848
waiting
going to web site
Hello world	Thread-1736	3

time: 946687147.832832
diff: 16.167168021202087
waiting
going to web site
Hello world	Thread-1808	4

time: 946687164.84848
diff: 34.151520013809204
waiting
going to web site
Hello world	Thread-1954	4

time: 946687199.841833
diff: 20.158167004585266
waiting
going to web site
Hello world	Thread-2043	3

time: 946687220.832833
diff: 11.167166948318481
waiting
going to web site
Hello world	Thread-2095	2

time: 946687232.832832
diff: 33.16716802120209
waiting
going to web site
Hello world	Thread-2244	4

time: 946687266.832833
diff: 16.16716694831848
waiting
going to web site
Hello world	Thread-2322	5

time: 946687283.832832
diff: 27.167168021202087
waiting
going to web site
Hello world	Thread-2445	4

time: 946687311.84848
diff: 18.151520013809204
waiting
going to web site
Hello world	Thread-2527	3

time: 946687331.845833
diff: 19.15416705608368
waiting
going to web site
Hello world	Thread-2619	2

time: 946687352.841833
diff: 25.158167004585266
waiting
going to web site
Hello world	Thread-2738	5

time: 946687378.841833
diff: 22.158167004585266
waiting
going to web site
Hello world	Thread-2842	3

time: 946687402.841833
diff: 8.158167004585266
waiting
going to web site
Hello world	Thread-2881	4

time: 946687411.8478329
diff: 15.152167081832886
waiting
going to web site
Hello world	Thread-2951	3

time: 946687427.845833
diff: 25.15416705608368
waiting
going to web site
Hello world	Thread-3062	5

time: 946687453.832833
diff: 25.16716694831848
waiting
going to web site
Hello world	Thread-3174	3

time: 946687479.832832
diff: 33.16716802120209
waiting
going to web site
Hello world	Thread-3322	4

time: 946687513.832833
diff: 18.16716694831848
waiting
going to web site
Hello world	Thread-3411	5

time: 946687532.832832
diff: 26.167168021202087
waiting
going to web site
Hello world	Thread-3528	4

time: 946687559.841833
diff: 14.158167004585266
waiting
going to web site
Hello world	Thread-3595	4

time: 946687574.8588331
diff: 31.141166925430298
waiting
going to web site
Hello world	Thread-3727	5

time: 946687606.832832
diff: 19.167168021202087
waiting
going to web site
Hello world	Thread-3822	3

time: 946687626.842833
diff: 30.157166957855225
waiting
going to web site
Hello world	Thread-3947	6

time: 946687657.836832
diff: 26.16316795349121
waiting
going to web site
Hello world	Thread-4067	7

time: 946687684.832832
diff: 13.167168021202087
waiting
going to web site
Hello world	Thread-4137	5

time: 946687698.841833
diff: 33.158167004585266
waiting
going to web site
Hello world	Thread-4285	4

time: 946687732.841833
diff: 9.158167004585266
waiting
going to web site
Hello world	Thread-4328	3

time: 946687742.845833
diff: 25.15416705608368
waiting
going to web site
Hello world	Thread-4437	4

time: 946687768.841833
diff: 12.158167004585266
waiting
going to web site
Hello world	Thread-4506	3

time: 946687781.841833
diff: 24.158167004585266
waiting
going to web site
Hello world	Thread-4614	3

time: 946687806.832833
diff: 12.167166948318481
waiting
going to web site
Hello world	Thread-4667	5

time: 946687819.832832
diff: 28.167168021202087
waiting
going to web site
Hello world	Thread-4812	2

time: 946687849.8420249
diff: 18.15797507762909
waiting
going to web site
Hello world	Thread-4895	2

time: 946687868.841833
diff: 24.158167004585266
waiting
going to web site
Hello world	Thread-5002	4

time: 946687893.832833
diff: 15.167166948318481
waiting
going to web site
Hello world	Thread-5083	2

time: 946687910.842832
diff: 33.15716803073883
waiting
going to web site
Hello world	Thread-5242	4

time: 946687944.841833
diff: 6.158167004585266
waiting
going to web site
Hello world	Thread-5291	2

time: 946687952.842833
diff: 34.157166957855225
waiting
going to web site
Hello world	Thread-5451	5

time: 946687987.832832
diff: 16.167168021202087
waiting
going to web site
Hello world	Thread-5523	2

time: 946688004.841833
diff: 29.158167004585266
waiting
going to web site
Hello world	Thread-5673	2

time: 946688035.846833
diff: 5.153167009353638
waiting
going to web site
Hello world	Thread-5694	4

time: 946688041.832833
diff: 26.16716694831848
waiting
going to web site
Hello world	Thread-5815	4

time: 946688068.832832
diff: 21.167168021202087
waiting
going to web site
Hello world	Thread-5915	2

time: 946688090.841833
diff: 19.158167004585266
waiting
going to web site
Hello world	Thread-6001	3

time: 946688110.841833
diff: 24.158167004585266
waiting
going to web site
Hello world	Thread-6106	2

time: 946688135.841833
diff: 10.158167004585266
waiting
going to web site
Hello world	Thread-6151	2

time: 946688146.841833
diff: 32.158167004585266
waiting
going to web site
Hello world	Thread-6290	2

time: 946688179.832833
diff: 22.16716694831848
waiting
going to web site
Hello world	Thread-6396	5

time: 946688203.832832
diff: 14.167168021202087
waiting
going to web site
Hello world	Thread-6465	4

time: 946688218.832833
diff: 29.16716694831848
waiting
going to web site
Hello world	Thread-6599	4

time: 946688248.836832
diff: 28.16316795349121
waiting
going to web site
Hello world	Thread-6719	4

time: 946688277.832832
diff: 25.167168021202087
waiting
going to web site
Hello world	Thread-6835	3

time: 946688303.845833
diff: 26.15416705608368
waiting
going to web site
Hello world	Thread-6957	2

time: 946688330.841833
diff: 13.158167004585266
waiting
going to web site
Hello world	Thread-7032	2

time: 946688347.841833
diff: 36.158167004585266
waiting
going to web site
Hello world	Thread-7199	3

time: 946688384.8434801
diff: 9.156519889831543
waiting
going to web site
Hello world	Thread-7239	2

time: 946688394.832832
diff: 17.167168021202087
waiting
going to web site
Hello world	Thread-7321	2

time: 946688412.841833
diff: 16.158167004585266
waiting
going to web site
Hello world	Thread-7400	2

time: 946688429.842833
diff: 23.157166957855225
waiting
going to web site
Hello world	Thread-7502	3

time: 946688453.832832
diff: 17.167168021202087
waiting
going to web site
Hello world	Thread-7590	3

time: 946688471.841833
diff: 29.158167004585266
waiting
going to web site
Hello world	Thread-7720	3

time: 946688501.842833
diff: 14.157166957855225
waiting
going to web site
Hello world	Thread-7784	4

time: 946688516.832832
diff: 15.167168021202087
waiting
going to web site
Hello world	Thread-7843	2

time: 946688532.832833
diff: 25.16716694831848
waiting
going to web site
Hello world	Thread-7964	3

time: 946688558.836832
diff: 25.16316795349121
waiting
going to web site
Hello world	Thread-8080	2

time: 946688584.836832
diff: 18.16316795349121
waiting
going to web site
Hello world	Thread-8162	2

time: 946688603.842832
diff: 32.15716803073883
waiting
going to web site
Hello world	Thread-8310	6

time: 946688637.699561
diff: 26.3004390001297
waiting
going to web site
Hello world	Thread-8429	2

time: 946688664.699561
diff: 25.3004390001297
waiting
going to web site
Hello world	Thread-8533	6

time: 946688690.699561
diff: 29.3004390001297
waiting
going to web site
Hello world	Thread-8648	6

time: 946688720.699561
diff: 23.3004390001297
waiting
going to web site
Hello world	Thread-8745	4

time: 946688744.699561
diff: 24.3004390001297
waiting
going to web site
Hello world	Thread-8844	6

time: 946688769.699561
diff: 26.3004390001297
waiting
going to web site
Hello world	Thread-8945	7

time: 946688796.699561
diff: 24.3004390001297
waiting
going to web site
Hello world	Thread-9050	6

time: 946688821.699561
diff: 6.3004390001297
waiting
going to web site
Hello world	Thread-9078	4

time: 946688828.699561
diff: 27.3004390001297
waiting
going to web site
Hello world	Thread-9202	4

time: 946688856.699561
diff: 35.3004390001297
waiting
going to web site
Hello world	Thread-9362	3

time: 946688892.699561
diff: 20.3004390001297
waiting
going to web site
Hello world	Thread-9444	6

time: 946688913.713817
diff: 19.2861829996109
waiting
going to web site
Hello world	Thread-9537	4

time: 946688933.6995599
diff: 26.300440073013306
waiting
going to web site
Hello world	Thread-9649	5

time: 946688960.699561
diff: 5.3004390001297
waiting
going to web site
Hello world	Thread-9679	3

time: 946688966.699561
diff: 26.3004390001297
waiting
going to web site
Hello world	Thread-9807	3

time: 946688993.699561
diff: 22.3004390001297
waiting
going to web site
Hello world	Thread-9917	6

time: 946689016.699561
diff: 26.3004390001297
waiting
going to web site
Hello world	Thread-10037	5

time: 946689043.699561
diff: 18.3004390001297
waiting
going to web site
Hello world	Thread-10118	6

time: 946689062.699561
diff: 18.3004390001297
waiting
going to web site
Hello world	Thread-10216	7

time: 946689081.7085611
diff: 30.291438937187195
waiting
going to web site
Hello world	Thread-10354	3

time: 946689112.6995599
diff: 15.300440073013306
waiting
going to web site
Hello world	Thread-10432	3

time: 946689128.699561
diff: 6.3004390001297
waiting
going to web site
Hello world	Thread-10465	4

time: 946689135.699561
diff: 25.3004390001297
waiting
going to web site
Hello world	Thread-10585	4

time: 946689161.714561
diff: 17.285439014434814
waiting
going to web site
Hello world	Thread-10671	5

time: 946689179.699561
diff: 34.3004390001297
waiting
going to web site
Hello world	Thread-10842	5

time: 946689214.699561
diff: 18.3004390001297
waiting
going to web site
Hello world	Thread-10931	4

time: 946689233.699561
diff: 11.3004390001297
waiting
going to web site
Hello world	Thread-10995	3

time: 946689246.841833
diff: 33.158167004585266
waiting
going to web site
Hello world	Thread-11157	3

time: 946689280.836857
diff: 21.163143038749695
waiting
going to web site
Hello world	Thread-11264	2

time: 946689302.832833
diff: 14.167166948318481
waiting
going to web site
Hello world	Thread-11340	3

time: 946689318.851481
diff: 15.148519039154053
waiting
going to web site
Hello world	Thread-11415	2

time: 946689334.841833
diff: 18.158167004585266
waiting
going to web site
Hello world	Thread-11503	2

time: 946689353.841833
diff: 12.158167004585266
waiting
going to web site
Hello world	Thread-11560	2

time: 946689366.841833
diff: 30.158167004585266
waiting
going to web site
Hello world	Thread-11711	2

time: 946689397.841833
diff: 22.158167004585266
waiting
going to web site
Hello world	Thread-11808	3

time: 946689420.841833
diff: 23.158167004585266
waiting
going to web site
Hello world	Thread-11907	2

time: 946689444.832833
diff: 28.16716694831848
waiting
going to web site
Hello world	Thread-12055	2

time: 946689473.832832
diff: 10.167168021202087
waiting
going to web site
Hello world	Thread-12107	2

time: 946689484.841833
diff: 16.158167004585266
waiting
going to web site
Hello world	Thread-12180	3

time: 946689501.841833
diff: 18.158167004585266
waiting
going to web site
Hello world	Thread-12262	3

time: 946689520.832833
diff: 25.16716694831848
waiting
going to web site
Hello world	Thread-12386	4

time: 946689546.832832
diff: 19.167168021202087
waiting
going to web site
Hello world	Thread-12479	5

time: 946689566.8378329
diff: 35.16216707229614
waiting
going to web site
Hello world	Thread-12637	3

time: 946689602.832833
diff: 23.16716694831848
waiting
going to web site
Hello world	Thread-12743	4

time: 946689626.832832
diff: 24.167168021202087
waiting
going to web site
Hello world	Thread-12865	3

time: 946689651.841833
diff: 27.158167004585266
waiting
going to web site
Hello world	Thread-12998	4

time: 946689679.841833
diff: 10.158167004585266
waiting
going to web site
Hello world	Thread-13051	3

time: 946689690.832833
diff: 18.16716694831848
waiting
going to web site
Hello world	Thread-13127	4

time: 946689709.832832
diff: 8.167168021202087
waiting
going to web site
Hello world	Thread-13177	2

time: 946689718.841833
diff: 33.158167004585266
waiting
going to web site
Hello world	Thread-13331	2

time: 946689752.841833
diff: 9.158167004585266
waiting
going to web site
Hello world	Thread-13376	2

time: 946689762.832833
diff: 30.16716694831848
waiting
going to web site
Hello world	Thread-13513	4

time: 946689793.832832
diff: 22.167168021202087
waiting
going to web site
Hello world	Thread-13629	3

time: 946689817.841833
diff: 18.158167004585266
waiting
going to web site
Hello world	Thread-13713	2

time: 946689836.841833
diff: 4.158167004585266
waiting
going to web site
Hello world	Thread-13733	2

time: 946689841.841833
diff: 25.158167004585266
waiting
going to web site
Hello world	Thread-13870	4

time: 946689868.869507
diff: 28.13049304485321
waiting
going to web site
Hello world	Thread-13993	4

time: 946689897.841833
diff: 26.158167004585266
waiting
going to web site
Hello world	Thread-14117	4

time: 946689925.848833
diff: 14.151167035102844
waiting
going to web site
Hello world	Thread-14179	4

time: 946689940.832833
diff: 15.167166948318481
waiting
going to web site
Hello world	Thread-14253	5

time: 946689956.832832
diff: 35.16716802120209
waiting
going to web site
Hello world	Thread-14408	2

time: 946689992.841833
diff: 11.158167004585266
waiting
going to web site
Hello world	Thread-14464	3

time: 946690004.860665
diff: 30.13933503627777
waiting
going to web site
Hello world	Thread-14593	3

time: 946690035.8588331
diff: 36.1411669254303
waiting
going to web site
Hello world	Thread-14748	6

time: 946690072.832832
diff: 22.167168021202087
waiting
going to web site
Hello world	Thread-14852	4

time: 946690095.841833
diff: 21.158167004585266
waiting
going to web site
Hello world	Thread-14939	3

time: 946690117.832833
diff: 14.167166948318481
waiting
going to web site
Hello world	Thread-15008	4

time: 946690132.834832
diff: 29.165168046951294
waiting
going to web site
Hello world	Thread-15141	3

time: 946690163.841833
diff: 10.158167004585266
waiting
going to web site
Hello world	Thread-15183	2

time: 946690174.841833
diff: 25.158167004585266
waiting
going to web site
Hello world	Thread-15290	6

time: 946690200.832833
diff: 20.16716694831848
waiting
going to web site
Hello world	Thread-15381	4

time: 946690221.832832
diff: 26.167168021202087
waiting
going to web site
Hello world	Thread-15502	5

time: 946690248.841833
diff: 20.158167004585266
waiting
going to web site
Hello world	Thread-15617	2

time: 946690272.859833
diff: 24.140166997909546
waiting
going to web site
Hello world	Thread-15721	3

time: 946690297.832832
diff: 18.167168021202087
waiting
going to web site
Hello world	Thread-15810	2

time: 946690317.841833
diff: 28.158167004585266
waiting
going to web site
Hello world	Thread-15926	3

time: 946690346.841833
diff: 16.158167004585266
waiting
going to web site
Hello world	Thread-16006	3

time: 946690364.849833
diff: 29.150166988372803
waiting
going to web site
Hello world	Thread-16136	4

time: 946690394.836833
diff: 14.163166999816895
waiting
going to web site
Hello world	Thread-16203	2

time: 946690409.832832
diff: 18.167168021202087
waiting
going to web site
Hello world	Thread-16280	2

time: 946690428.841833
diff: 32.158167004585266
waiting
going to web site
Hello world	Thread-16428	3

time: 946690461.841833
diff: 23.158167004585266
waiting
going to web site
Hello world	Thread-16540	3

time: 946690486.841833
diff: 22.158167004585266
waiting
going to web site
Hello world	Thread-16641	2

time: 946690509.841833
diff: 27.158167004585266
waiting
going to web site
Hello world	Thread-16760	2

time: 946690537.841833
diff: 13.158167004585266
waiting
going to web site
Hello world	Thread-16812	2

time: 946690551.832833
diff: 18.16716694831848
waiting
going to web site
Hello world	Thread-16903	5

time: 946690570.832832
diff: 32.16716802120209
waiting
going to web site
Hello world	Thread-17042	2

time: 946690603.832833
diff: 17.16716694831848
waiting
going to web site
Hello world	Thread-17121	5

time: 946690621.832832
diff: 19.167168021202087
waiting
going to web site
Hello world	Thread-17209	2

time: 946690641.842348
diff: 5.157652020454407
waiting
going to web site
Hello world	Thread-17228	2

time: 946690647.832833
diff: 32.16716694831848
waiting
going to web site
Hello world	Thread-17372	6

time: 946690680.832832
diff: 24.167168021202087
waiting
going to web site
Hello world	Thread-17481	2

time: 946690705.832833
diff: 21.16716694831848
waiting
going to web site
Hello world	Thread-17576	3

time: 946690727.836832
diff: 30.16316795349121
waiting
going to web site
Hello world	Thread-17714	2

time: 946690758.832832
diff: 28.167168021202087
waiting
going to web site
Hello world	Thread-17842	2

time: 946690787.841833
diff: 22.158167004585266
waiting
going to web site
Hello world	Thread-17940	6

time: 946690810.832833
diff: 15.167166948318481
waiting
going to web site
Hello world	Thread-18007	5

time: 946690826.832832
diff: 26.167168021202087
waiting
going to web site
Hello world	Thread-18115	2

time: 946690853.841833
diff: 15.158167004585266
waiting
going to web site
Hello world	Thread-18189	2

time: 946690869.841833
diff: 25.158167004585266
waiting
going to web site
Hello world	Thread-18300	2

time: 946690895.841833
diff: 27.158167004585266
waiting
going to web site
Hello world	Thread-18410	2

time: 946690923.8515481
diff: 18.148451924324036
waiting
going to web site
Hello world	Thread-18491	2

time: 946690942.832832
diff: 27.167168021202087
waiting
going to web site
Hello world	Thread-18614	2

time: 946690970.836833
diff: 19.163166999816895
waiting
going to web site
Hello world	Thread-18703	5

time: 946690990.832832
diff: 31.167168021202087
waiting
going to web site
Hello world	Thread-18842	3

time: 946691022.832833
diff: 8.167166948318481
waiting
going to web site
Hello world	Thread-18884	3

time: 946691031.832832
diff: 34.16716802120209
waiting
going to web site
Hello world	Thread-19042	3

time: 946691066.841833
diff: 17.158167004585266
waiting
going to web site
Hello world	Thread-19118	3

time: 946691084.841833
diff: 20.158167004585266
waiting
going to web site
Hello world	Thread-19212	2

time: 946691105.841833
diff: 31.158167004585266
waiting
going to web site
Hello world	Thread-19360	2

time: 946691138.842833
diff: 11.157166957855225
waiting
going to web site
Hello world	Thread-19412	4

time: 946691150.832832
diff: 22.167168021202087
waiting
going to web site
Hello world	Thread-19517	5

time: 946691173.832833
diff: 30.16716694831848
waiting
going to web site
Hello world	Thread-19658	3

time: 946691204.836832
diff: 20.16316795349121
waiting
going to web site
Hello world	Thread-19752	3

time: 946691225.832832
diff: 15.167168021202087
waiting
going to web site
Hello world	Thread-19827	2

time: 946691241.841833
diff: 6.158167004585266
waiting
going to web site
Hello world	Thread-20418	6

time: 946691369.648665
diff: -83.64866495132446
going to web site
Hello world	Thread-20426	4

time: 946691370.496497
diff: -61.49649703502655
going to web site
Hello world	Thread-20434	2

time: 946691371.331329
diff: -45.331328988075256
going to web site
Hello world	Thread-20440	2

time: 946691372.168161
diff: -16.168161034584045
going to web site
Hello world	Thread-20448	2

time: 946691373.000993
diff: -3.000993013381958
going to web site
Hello world	Thread-20466	2

time: 946691376.851825
diff: 11.14817500114441
waiting
going to web site
Hello world	Thread-20527	2

time: 946691388.832833
diff: 22.16716694831848
waiting
going to web site
Hello world	Thread-20633	5

time: 946691411.832832
diff: 15.167168021202087
waiting
going to web site
Hello world	Thread-20714	2

time: 946691427.841833
diff: 8.158167004585266
waiting
going to web site
Hello world	Thread-20754	2

time: 946691436.841833
diff: 21.158167004585266
waiting
going to web site
Hello world	Thread-20863	2

time: 946691458.841833
diff: 24.158167004585266
waiting
going to web site
Hello world	Thread-20979	3

time: 946691483.832833
diff: 30.16716694831848
waiting
going to web site
Hello world	Thread-21115	4

time: 946691514.832832
diff: 14.167168021202087
waiting
going to web site
Hello world	Thread-21196	2

time: 946691529.841833
diff: 14.158167004585266
waiting
going to web site
Hello world	Thread-21265	2

time: 946691544.841833
diff: 25.158167004585266
waiting
going to web site
Hello world	Thread-21375	2

time: 946691570.832833
diff: 16.16716694831848
waiting
going to web site
Hello world	Thread-21456	2

time: 946691587.832832
diff: 33.16716802120209
waiting
going to web site
Hello world	Thread-21612	2

time: 946691621.841833
diff: 19.158167004585266
waiting
going to web site
Hello world	Thread-21702	3

time: 946691641.832833
diff: 30.16716694831848
waiting
going to web site
Hello world	Thread-21830	3

time: 946691672.832832
diff: 29.167168021202087
waiting
going to web site
Hello world	Thread-21969	3

time: 946691702.841833
diff: 9.158167004585266
waiting
going to web site
Hello world	Thread-22018	3

time: 946691712.832833
diff: 27.16716694831848
waiting
going to web site
Hello world	Thread-22131	4

time: 946691740.832832
diff: 26.167168021202087
waiting
going to web site
Hello world	Thread-22256	3

time: 946691767.832833
diff: 21.16716694831848
waiting
going to web site
Hello world	Thread-22345	3

time: 946691789.841833
diff: 8.158167004585266
waiting
going to web site
Hello world	Thread-22386	2

time: 946691798.8418959
diff: 20.158104062080383
waiting
going to web site
Hello world	Thread-22478	2

time: 946691819.832833
diff: 35.16716694831848
waiting
going to web site
Hello world	Thread-22633	4

time: 946691855.832832
diff: 22.167168021202087
waiting
going to web site
Hello world	Thread-22740	3

time: 946691878.841833
diff: 5.158167004585266
waiting
going to web site
Hello world	Thread-22768	3

time: 946691884.832833
diff: 26.16716694831848
waiting
going to web site
Hello world	Thread-22881	4

time: 946691911.832832
diff: 20.167168021202087
waiting
going to web site
Hello world	Thread-22976	2

time: 946691932.832833
diff: 25.16716694831848
waiting
going to web site
Hello world	Thread-23107	4

time: 946691958.832832
diff: 27.167168021202087
waiting
going to web site
Hello world	Thread-23232	5

time: 946691986.5350649
diff: 16.464935064315796
waiting
going to web site
Hello world	Thread-23313	6

time: 946692003.544065
diff: 20.45593500137329
waiting
going to web site
Hello world	Thread-23407	6

time: 946692024.544065
diff: 14.455935001373291
waiting
going to web site
Hello world	Thread-23483	6

time: 946692039.544065
diff: 28.45593500137329
waiting
going to web site
Hello world	Thread-23624	7

time: 946692068.535097
diff: 15.464902997016907
waiting
going to web site
Hello world	Thread-23698	6

time: 946692084.5350641
diff: 26.464935898780823
waiting
going to web site
Hello world	Thread-23822	7

time: 946692111.5350641
diff: 14.464935898780823
waiting
going to web site
Hello world	Thread-23902	6

time: 946692126.526064
diff: 24.473935961723328
waiting
going to web site
Hello world	Thread-24016	7

time: 946692151.526064
diff: 17.473935961723328
waiting
going to web site
Hello world	Thread-24094	6

time: 946692169.535209
diff: 11.464791059494019
waiting
going to web site
Hello world	Thread-24148	5

time: 946692181.544065
diff: 11.455935001373291
waiting
going to web site
Hello world	Thread-24207	2

time: 946692193.526065
diff: 35.47393500804901
waiting
going to web site
Hello world	Thread-24377	4

time: 946692229.544065
diff: 17.45593500137329
waiting
going to web site
Hello world	Thread-24456	5

time: 946692247.542065
diff: 28.457934975624084
waiting
going to web site
Hello world	Thread-24587	7

time: 946692276.526064
diff: 27.473935961723328
waiting
going to web site
Hello world	Thread-24713	7

time: 946692304.526064
diff: 29.473935961723328
waiting
going to web site
Hello world	Thread-24842	7

time: 946692334.5350641
diff: 18.464935898780823
waiting
going to web site
Hello world	Thread-24919	4

time: 946692353.526064
diff: 15.473935961723328
waiting
going to web site
Hello world	Thread-24988	6

time: 946692369.5350641
diff: 32.46493589878082
waiting
going to web site
Hello world	Thread-25133	6

time: 946692402.526064
diff: 14.473935961723328
waiting
going to web site
Hello world	Thread-25188	7

time: 946692417.526064
diff: 39.47393596172333
waiting
going to web site
Hello world	Thread-25360	4

time: 946692457.5350641
diff: 17.464935898780823
waiting
going to web site
Hello world	Thread-25443	5

time: 946692475.526064
diff: 25.473935961723328
waiting
going to web site
Hello world	Thread-25542	6

time: 946692501.5350641
diff: 14.464935898780823
waiting
going to web site
Hello world	Thread-25613	4

time: 946692516.526064
diff: 23.473935961723328
waiting
going to web site
Hello world	Thread-25705	6

time: 946692540.5350641
diff: 19.464935898780823
waiting
going to web site
Hello world	Thread-25793	4

time: 946692560.526064
diff: 29.473935961723328
waiting
going to web site
Hello world	Thread-25927	4

time: 946692590.832832
diff: 23.167168021202087
waiting
going to web site
Hello world	Thread-26024	2

time: 946692614.8458959
diff: 17.154104113578796
waiting
going to web site
Hello world	Thread-26097	2

time: 946692632.841833
diff: 32.158167004585266
waiting
going to web site
Hello world	Thread-26221	2

time: 946692665.832833
diff: 17.16716694831848
waiting
going to web site
Hello world	Thread-26290	4

time: 946692683.832832
diff: 18.167168021202087
waiting
going to web site
Hello world	Thread-26351	2

time: 946692702.841833
diff: 35.158167004585266
waiting
going to web site
Hello world	Thread-26461	2

time: 946692738.852351
diff: 8.147649049758911
waiting
going to web site
Hello world	Thread-26484	2

time: 946692747.832833
diff: 25.16716694831848
waiting
going to web site
Hello world	Thread-26548	3

