time: 946686600.0
diff: 66.0
waiting
going to web site
Hello world	Thread-35	2

time: 946686666.838832
diff: 3.1611679792404175
waiting
going to web site
Hello world	Thread-252	2

time: 946686670.832832
diff: -0.8328319787979126
going to web site
Hello world	Thread-256	2

time: 946686671.665664
diff: 2.334336042404175
waiting
going to web site
Hello world	Thread-266	3

time: 946686674.835833
diff: -0.835832953453064
going to web site
Hello world	Thread-270	6

time: 946686675.6686649
diff: -0.6686649322509766
going to web site
Hello world	Thread-276	6

time: 946686676.5014969
diff: -0.5014969110488892
going to web site
Hello world	Thread-284	4

time: 946686677.3403289
diff: -1.3403289318084717
going to web site
Hello world	Thread-291	4

time: 946686678.1811609
diff: -1.1811609268188477
going to web site
Hello world	Thread-299	6

time: 946686679.0139929
diff: 0.9860070943832397
waiting
going to web site
Hello world	Thread-321	4

time: 946686680.8478329
diff: 0.15216708183288574
waiting
going to web site
Hello world	Thread-328	4

time: 946686681.842833
diff: 0.1571669578552246
waiting
going to web site
Hello world	Thread-338	4

time: 946686682.832832
diff: 0.1671680212020874
waiting
going to web site
Hello world	Thread-347	4

time: 946686683.841833
diff: -0.8418329954147339
going to web site
Hello world	Thread-350	5

time: 946686684.6830059
diff: -1.683005928993225
going to web site
Hello world	Thread-356	4

time: 946686685.5158379
diff: -2.5158379077911377
going to web site
Hello world	Thread-362	4

time: 946686686.34967
diff: -0.34967005252838135
going to web site
Hello world	Thread-370	3

time: 946686687.190502
diff: -1.1905020475387573
going to web site
Hello world	Thread-382	5

time: 946686688.0311719
diff: -2.0311719179153442
going to web site
Hello world	Thread-393	3

time: 946686688.868004
diff: -2.8680039644241333
going to web site
Hello world	Thread-400	4

time: 946686689.705836
diff: -1.7058360576629639
going to web site
Hello world	Thread-413	8

time: 946686690.553668
diff: -0.5536680221557617
going to web site
Hello world	Thread-425	3

time: 946686691.3935001
diff: 0.6064999103546143
waiting
going to web site
Hello world	Thread-63	3

time: 946686692.8358321
diff: 0.1641678810119629
waiting
going to web site
Hello world	Thread-456	5

time: 946686693.8394749
diff: 11.16052508354187
waiting
going to web site
Hello world	Thread-556	2

time: 946686705.841833
diff: 3.158167004585266
waiting
going to web site
Hello world	Thread-605	5

time: 946686709.853312
diff: 4.146687984466553
waiting
going to web site
Hello world	Thread-655	4

time: 946686714.832832
diff: -0.8328319787979126
going to web site
Hello world	Thread-663	4

time: 946686715.6826639
diff: 2.317336082458496
waiting
going to web site
Hello world	Thread-106	2

time: 946686718.852774
diff: 2.1472259759902954
waiting
going to web site
Hello world	Thread-112	2

time: 946686721.835833
diff: 26.164167046546936
waiting
going to web site
Hello world	Thread-168	2

time: 946686748.841833
diff: 21.158167004585266
waiting
going to web site
Hello world	Thread-924	3

time: 946686770.832833
diff: 0.16716694831848145
waiting
going to web site
Hello world	Thread-223	2

time: 946686771.838832
diff: 7.1611679792404175
waiting
going to web site
Hello world	Thread-246	4

time: 946686779.853906
diff: 13.146093964576721
waiting
going to web site
Hello world	Thread-279	3

time: 946686793.832832
diff: 17.167168021202087
waiting
going to web site
Hello world	Thread-334	2

time: 946686811.851481
diff: 16.148519039154053
waiting
going to web site
Hello world	Thread-388	3

time: 946686828.8398329
diff: 31.16016709804535
waiting
going to web site
Hello world	Thread-495	3

time: 946686860.856577
diff: 22.143422961235046
waiting
going to web site
Hello world	Thread-571	6

time: 946686883.832832
diff: 18.167168021202087
waiting
going to web site
Hello world	Thread-649	2

time: 946686902.870149
diff: 38.12985098361969
waiting
going to web site
Hello world	Thread-812	2

time: 946686941.8338319
diff: 26.166168093681335
waiting
going to web site
Hello world	Thread-931	2

time: 946686968.845833
diff: 14.15416705608368
waiting
going to web site
Hello world	Thread-1000	2

time: 946686983.860833
diff: 20.139166951179504
waiting
going to web site
Hello world	Thread-1101	4

time: 946687004.832832
diff: 17.167168021202087
waiting
going to web site
Hello world	Thread-1182	4

time: 946687022.842406
diff: 24.157593965530396
waiting
going to web site
Hello world	Thread-1303	6

time: 946687047.832832
diff: 37.16716802120209
waiting
going to web site
Hello world	Thread-1480	2

time: 946687086.841833
diff: 13.158167004585266
waiting
going to web site
Hello world	Thread-1542	2

time: 946687100.841833
diff: 11.158167004585266
waiting
going to web site
Hello world	Thread-1586	3

time: 946687112.832833
diff: 27.16716694831848
waiting
going to web site
Hello world	Thread-1709	3

time: 946687140.8398321
diff: 38.160167932510376
waiting
going to web site
Hello world	Thread-1861	5

time: 946687179.8398321
diff: 24.160167932510376
waiting
going to web site
Hello world	Thread-1971	4

time: 946687204.832832
diff: 22.167168021202087
waiting
going to web site
Hello world	Thread-2078	3

time: 946687227.841833
diff: 11.158167004585266
waiting
going to web site
Hello world	Thread-2115	2

time: 946687239.832833
diff: 18.16716694831848
waiting
going to web site
Hello world	Thread-2207	4

time: 946687258.8338319
diff: 14.166168093681335
waiting
going to web site
Hello world	Thread-2280	4

time: 946687274.842833
diff: 25.157166957855225
waiting
going to web site
Hello world	Thread-2394	4

time: 946687300.832832
diff: 19.167168021202087
waiting
going to web site
Hello world	Thread-2484	3

time: 946687320.849833
diff: 26.150166988372803
waiting
going to web site
Hello world	Thread-2594	4

time: 946687347.832832
diff: 12.167168021202087
waiting
going to web site
Hello world	Thread-2655	2

time: 946687360.841833
diff: 26.158167004585266
waiting
going to web site
Hello world	Thread-2776	2

time: 946687387.832833
diff: 20.16716694831848
waiting
going to web site
Hello world	Thread-2864	3

time: 946687408.832832
diff: 31.167168021202087
waiting
going to web site
Hello world	Thread-3002	4

time: 946687440.841833
diff: 24.158167004585266
waiting
going to web site
Hello world	Thread-3124	3

time: 946687466.842833
diff: 23.157166957855225
waiting
going to web site
Hello world	Thread-3228	4

time: 946687490.8398321
diff: 16.160167932510376
waiting
going to web site
Hello world	Thread-3298	5

time: 946687507.832832
diff: 26.167168021202087
waiting
going to web site
Hello world	Thread-3425	3

time: 946687535.841833
diff: 30.158167004585266
waiting
going to web site
Hello world	Thread-3554	5

time: 946687566.841833
diff: 15.158167004585266
waiting
going to web site
Hello world	Thread-3630	2

time: 946687582.850933
diff: 24.149067044258118
waiting
going to web site
Hello world	Thread-3735	3

time: 946687607.841833
diff: 23.158167004585266
waiting
going to web site
Hello world	Thread-3837	4

time: 946687631.841867
diff: 22.158133029937744
waiting
going to web site
Hello world	Thread-3939	3

time: 946687654.841897
diff: 21.158102989196777
waiting
going to web site
Hello world	Thread-4036	3

time: 946687676.836832
diff: 19.16316795349121
waiting
going to web site
Hello world	Thread-4126	3

time: 946687696.832832
diff: 18.167168021202087
waiting
going to web site
Hello world	Thread-4209	2

time: 946687715.841833
diff: 8.158167004585266
waiting
going to web site
Hello world	Thread-4247	3

time: 946687724.841833
diff: 28.158167004585266
waiting
going to web site
Hello world	Thread-4377	3

time: 946687753.832833
diff: 15.167166948318481
waiting
going to web site
Hello world	Thread-4443	3

time: 946687769.832832
diff: 20.167168021202087
waiting
going to web site
Hello world	Thread-4540	2

time: 946687790.864833
diff: 25.135167002677917
waiting
going to web site
Hello world	Thread-4657	4

time: 946687816.841833
diff: 31.158167004585266
waiting
going to web site
Hello world	Thread-4811	3

time: 946687849.8420249
diff: 10.15797507762909
waiting
going to web site
Hello world	Thread-4850	4

time: 946687860.841833
diff: 39.158167004585266
waiting
going to web site
Hello world	Thread-5047	3

time: 946687901.841833
diff: 16.158167004585266
waiting
going to web site
Hello world	Thread-5127	5

time: 946687919.841865
diff: 10.158135056495667
waiting
going to web site
Hello world	Thread-5183	3

time: 946687930.841833
diff: 20.158167004585266
waiting
going to web site
Hello world	Thread-5290	3

time: 946687952.842833
diff: 24.157166957855225
waiting
going to web site
Hello world	Thread-5407	4

time: 946687977.832832
diff: 18.167168021202087
waiting
going to web site
Hello world	Thread-5493	4

time: 946687996.834833
diff: 23.165166974067688
waiting
going to web site
Hello world	Thread-5598	3

time: 946688020.832832
diff: 25.167168021202087
waiting
going to web site
Hello world	Thread-5713	2

time: 946688046.845833
diff: 20.15416705608368
waiting
going to web site
Hello world	Thread-5809	4

time: 946688067.841833
diff: 13.158167004585266
waiting
going to web site
Hello world	Thread-5874	4

time: 946688081.841833
diff: 21.158167004585266
waiting
going to web site
Hello world	Thread-5964	4

time: 946688103.841833
diff: 41.158167004585266
waiting
going to web site
Hello world	Thread-6144	4

time: 946688145.841833
diff: 7.158167004585266
waiting
going to web site
Hello world	Thread-6184	5

time: 946688153.841833
diff: 41.158167004585266
waiting
going to web site
Hello world	Thread-6362	5

time: 946688195.841833
diff: 27.158167004585266
waiting
going to web site
Hello world	Thread-6491	3

time: 946688223.841833
diff: 13.158167004585266
waiting
going to web site
Hello world	Thread-6543	5

time: 946688237.841833
diff: 33.158167004585266
waiting
going to web site
Hello world	Thread-6696	5

time: 946688272.842833
diff: 4.157166957855225
waiting
going to web site
Hello world	Thread-6718	5

time: 946688277.832832
diff: 32.16716802120209
waiting
going to web site
Hello world	Thread-6867	3

time: 946688310.832833
diff: 18.16716694831848
waiting
going to web site
Hello world	Thread-6952	4

time: 946688329.832832
diff: 17.167168021202087
waiting
going to web site
Hello world	Thread-7031	4

time: 946688347.841833
diff: 14.158167004585266
waiting
going to web site
Hello world	Thread-7097	2

time: 946688362.841833
diff: 10.158167004585266
waiting
going to web site
Hello world	Thread-7147	3

time: 946688373.841833
diff: 31.158167004585266
waiting
going to web site
Hello world	Thread-7297	3

time: 946688406.841833
diff: 8.158167004585266
waiting
going to web site
Hello world	Thread-7335	2

time: 946688415.832833
diff: 24.16716694831848
waiting
going to web site
Hello world	Thread-7450	5

time: 946688440.836832
diff: 26.16316795349121
waiting
going to web site
Hello world	Thread-7563	4

time: 946688467.832832
diff: 26.167168021202087
waiting
going to web site
Hello world	Thread-7684	3

time: 946688494.8378329
diff: 32.16216707229614
waiting
going to web site
Hello world	Thread-7828	3

time: 946688527.841833
diff: 16.158167004585266
waiting
going to web site
Hello world	Thread-7903	2

time: 946688544.841833
diff: 33.158167004585266
waiting
going to web site
Hello world	Thread-8055	3

time: 946688578.832833
diff: 24.16716694831848
waiting
going to web site
Hello world	Thread-8161	3

time: 946688603.832832
diff: 23.167168021202087
waiting
going to web site
Hello world	Thread-8266	4

time: 946688627.841833
diff: 18.158167004585266
waiting
going to web site
Hello world	Thread-8343	3

time: 946688646.841833
diff: 25.158167004585266
waiting
going to web site
Hello world	Thread-8457	4

time: 946688672.841833
diff: 28.158167004585266
waiting
going to web site
Hello world	Thread-8573	2

time: 946688701.841833
diff: 23.158167004585266
waiting
going to web site
Hello world	Thread-8675	2

time: 946688725.836833
diff: 22.163166999816895
waiting
going to web site
Hello world	Thread-8765	4

time: 946688748.832832
diff: 32.16716802120209
waiting
going to web site
Hello world	Thread-8894	3

time: 946688781.841833
diff: 21.158167004585266
waiting
going to web site
Hello world	Thread-8986	5

time: 946688803.832833
diff: 30.16716694831848
waiting
going to web site
Hello world	Thread-9111	4

time: 946688834.836832
diff: 9.163167953491211
waiting
going to web site
Hello world	Thread-9149	3

time: 946688844.832832
diff: 15.167168021202087
waiting
going to web site
Hello world	Thread-9223	2

time: 946688860.842833
diff: 25.157166957855225
waiting
going to web site
Hello world	Thread-9330	3

time: 946688886.838832
diff: 26.161167979240417
waiting
going to web site
Hello world	Thread-9446	4

time: 946688913.832832
diff: 16.167168021202087
waiting
going to web site
Hello world	Thread-9521	2

time: 946688930.851833
diff: 19.14816701412201
waiting
going to web site
Hello world	Thread-9604	3

time: 946688950.841833
diff: 17.158167004585266
waiting
going to web site
Hello world	Thread-9708	3

time: 946688971.841833
diff: 27.158167004585266
waiting
going to web site
Hello world	Thread-9834	3

time: 946688999.841833
diff: 1.1581670045852661
waiting
going to web site
Hello world	Thread-9853	2

time: 946689002.860725
diff: 14.139274954795837
waiting
going to web site
Hello world	Thread-9923	4

time: 946689017.836832
diff: 20.16316795349121
waiting
going to web site
Hello world	Thread-10015	3

time: 946689038.832832
diff: 29.167168021202087
waiting
going to web site
Hello world	Thread-10152	3

time: 946689068.841833
diff: 18.158167004585266
waiting
going to web site
Hello world	Thread-10248	2

time: 946689087.832833
diff: 30.16716694831848
waiting
going to web site
Hello world	Thread-10384	2

time: 946689118.8338319
diff: 20.166168093681335
waiting
going to web site
Hello world	Thread-10482	5

time: 946689139.836713
diff: 16.163287043571472
waiting
going to web site
Hello world	Thread-10561	4

time: 946689156.836713
diff: 20.163287043571472
waiting
going to web site
Hello world	Thread-10662	3

time: 946689177.836713
diff: 23.163287043571472
waiting
going to web site
Hello world	Thread-10786	3

time: 946689201.839713
diff: 18.160287022590637
waiting
going to web site
Hello world	Thread-10876	3

time: 946689220.836713
diff: 14.163287043571472
waiting
going to web site
Hello world	Thread-10948	3

time: 946689236.836713
diff: 21.163287043571472
waiting
going to web site
Hello world	Thread-11057	3

time: 946689258.855713
diff: 18.14428699016571
waiting
going to web site
Hello world	Thread-11141	3

time: 946689277.8367119
diff: 31.163288116455078
waiting
going to web site
Hello world	Thread-11295	4

time: 946689309.836713
diff: 11.163287043571472
waiting
going to web site
Hello world	Thread-11363	2

time: 946689322.845713
diff: 31.154286980628967
waiting
going to web site
Hello world	Thread-11509	2

time: 946689354.845712
diff: 13.154288053512573
waiting
going to web site
Hello world	Thread-11570	4

time: 946689368.836713
diff: 11.163287043571472
waiting
going to web site
Hello world	Thread-11625	5

time: 946689380.846074
diff: 26.153926014900208
waiting
going to web site
Hello world	Thread-11754	3

time: 946689407.839713
diff: 32.16028702259064
waiting
going to web site
Hello world	Thread-11899	2

time: 946689440.845713
diff: 10.154286980628967
waiting
going to web site
Hello world	Thread-11955	2

time: 946689452.845712
diff: 35.15428805351257
waiting
going to web site
Hello world	Thread-12124	6

time: 946689488.836713
diff: 22.163287043571472
waiting
going to web site
Hello world	Thread-12225	3

time: 946689511.839713
diff: 25.160287022590637
waiting
going to web site
Hello world	Thread-12344	3

time: 946689537.839713
diff: 26.160287022590637
waiting
going to web site
Hello world	Thread-12478	2

time: 946689565.846713
diff: 14.153287053108215
waiting
going to web site
Hello world	Thread-12536	4

time: 946689580.836713
diff: 2.163287043571472
waiting
going to web site
Hello world	Thread-12554	2

time: 946689583.836713
diff: 19.163287043571472
waiting
going to web site
Hello world	Thread-12640	5

time: 946689603.836713
diff: 41.16328704357147
waiting
going to web site
Hello world	Thread-12831	3

time: 946689645.8387129
diff: 2.1612870693206787
waiting
going to web site
Hello world	Thread-12855	4

time: 946689649.845713
diff: 32.15428698062897
waiting
going to web site
Hello world	Thread-13019	4

time: 946689683.8367119
diff: 11.163288116455078
waiting
going to web site
Hello world	Thread-13069	3

time: 946689695.8407129
diff: 20.159287095069885
waiting
going to web site
Hello world	Thread-13168	3

time: 946689716.836713
diff: 24.163287043571472
waiting
going to web site
Hello world	Thread-13272	5

time: 946689741.839713
diff: 14.160287022590637
waiting
going to web site
Hello world	Thread-13349	3

time: 946689756.8387129
diff: 29.16128706932068
waiting
going to web site
Hello world	Thread-13480	2

time: 946689786.843713
diff: 10.15628695487976
waiting
going to web site
Hello world	Thread-13536	3

time: 946689798.843712
diff: 39.15628802776337
waiting
going to web site
Hello world	Thread-13719	6

time: 946689838.836713
diff: 18.163287043571472
waiting
going to web site
Hello world	Thread-13813	6

time: 946689857.836713
diff: 27.163287043571472
waiting
going to web site
Hello world	Thread-13944	3

time: 946689885.836713
diff: 19.163287043571472
waiting
going to web site
Hello world	Thread-14033	4

time: 946689905.839713
diff: 25.160287022590637
waiting
going to web site
Hello world	Thread-14146	2

time: 946689931.836713
diff: 24.163287043571472
waiting
going to web site
Hello world	Thread-14255	3

time: 946689956.836713
diff: 19.163287043571472
waiting
going to web site
Hello world	Thread-14330	4

time: 946689976.836713
diff: 29.163287043571472
waiting
going to web site
Hello world	Thread-14475	3

time: 946690006.839713
diff: 17.160287022590637
waiting
going to web site
Hello world	Thread-14548	6

time: 946690024.839713
diff: 20.160287022590637
waiting
going to web site
Hello world	Thread-14636	4

time: 946690045.836713
diff: 16.163287043571472
waiting
going to web site
Hello world	Thread-14712	2

time: 946690062.836713
diff: 21.163287043571472
waiting
going to web site
Hello world	Thread-14834	4

time: 946690091.855713
diff: 17.14428699016571
waiting
going to web site
Hello world	Thread-14913	4

time: 946690109.8367119
diff: 30.163288116455078
waiting
going to web site
Hello world	Thread-15040	3

time: 946690140.836713
diff: 14.163287043571472
waiting
going to web site
Hello world	Thread-15104	3

time: 946690155.836713
diff: 34.16328704357147
waiting
going to web site
Hello world	Thread-15250	3

time: 946690190.836713
diff: 10.163287043571472
waiting
going to web site
Hello world	Thread-15296	5

time: 946690201.836713
diff: 32.16328704357147
waiting
going to web site
Hello world	Thread-15444	4

time: 946690234.836713
diff: 22.163287043571472
waiting
going to web site
Hello world	Thread-15542	5

time: 946690257.839713
diff: 12.160287022590637
waiting
going to web site
Hello world	Thread-15613	3

time: 946690271.836713
diff: 28.163287043571472
waiting
going to web site
Hello world	Thread-15730	2

time: 946690300.836713
diff: 18.163287043571472
waiting
going to web site
Hello world	Thread-15817	2

time: 946690319.845867
diff: 28.154132962226868
waiting
going to web site
Hello world	Thread-15935	4

time: 946690348.7205839
diff: 24.27941608428955
waiting
going to web site
Hello world	Thread-16043	6

time: 946690373.732585
diff: 15.267415046691895
waiting
going to web site
Hello world	Thread-16113	3

time: 946690389.732585
diff: 23.267415046691895
waiting
going to web site
Hello world	Thread-16216	5

time: 946690413.733585
diff: 32.26641499996185
waiting
going to web site
Hello world	Thread-16364	6

time: 946690446.7205839
diff: 21.27941608428955
waiting
going to web site
Hello world	Thread-16456	6

time: 946690468.733585
diff: 6.266414999961853
waiting
going to web site
Hello world	Thread-16489	2

time: 946690475.7325839
diff: 33.2674161195755
waiting
going to web site
Hello world	Thread-16638	5

time: 946690509.729585
diff: 17.27041494846344
waiting
going to web site
Hello world	Thread-16716	4

time: 946690527.7265849
diff: 15.273415088653564
waiting
going to web site
Hello world	Thread-16785	5

time: 946690543.729585
diff: 30.27041494846344
waiting
going to web site
Hello world	Thread-16918	6

time: 946690574.7205839
diff: 19.27941608428955
waiting
going to web site
Hello world	Thread-17006	5

time: 946690594.7305009
diff: 23.26949906349182
waiting
going to web site
Hello world	Thread-17104	4

time: 946690618.720585
diff: 28.279415011405945
waiting
going to web site
Hello world	Thread-17227	3

time: 946690647.720585
diff: 33.279415011405945
waiting
going to web site
Hello world	Thread-17380	4

time: 946690681.741585
diff: 17.25841498374939
waiting
going to web site
Hello world	Thread-17456	5

time: 946690699.7205839
diff: 14.27941608428955
waiting
going to web site
Hello world	Thread-17521	5

time: 946690714.741585
diff: 25.25841498374939
waiting
going to web site
Hello world	Thread-17637	4

time: 946690740.7205839
diff: 24.27941608428955
waiting
going to web site
Hello world	Thread-17739	5

time: 946690765.741585
diff: 27.25841498374939
waiting
going to web site
Hello world	Thread-17872	3

time: 946690793.7205839
diff: 12.27941608428955
waiting
going to web site
Hello world	Thread-17922	4

time: 946690806.732325
diff: 20.267675042152405
waiting
going to web site
Hello world	Thread-18013	5

time: 946690827.732325
diff: 22.267675042152405
waiting
going to web site
Hello world	Thread-18102	2

time: 946690850.720585
diff: 32.279415011405945
waiting
going to web site
Hello world	Thread-18240	3

time: 946690883.720585
diff: 30.279415011405945
waiting
going to web site
Hello world	Thread-18374	5

time: 946690914.733585
diff: 2.266414999961853
waiting
going to web site
Hello world	Thread-18389	4

time: 946690917.724584
diff: 22.275416016578674
waiting
going to web site
Hello world	Thread-18483	4

time: 946690940.734112
diff: 35.26588797569275
waiting
going to web site
Hello world	Thread-18637	3

time: 946690976.832832
diff: 15.167168021202087
waiting
going to web site
Hello world	Thread-18714	4

time: 946690992.832833
diff: 31.16716694831848
waiting
going to web site
Hello world	Thread-18846	5

time: 946691024.832832
diff: 15.167168021202087
waiting
going to web site
Hello world	Thread-18920	4

time: 946691040.832833
diff: 12.167166948318481
waiting
going to web site
Hello world	Thread-18979	4

time: 946691053.832832
diff: 38.16716802120209
waiting
going to web site
Hello world	Thread-19157	2

time: 946691092.8517771
diff: 18.14822292327881
waiting
going to web site
Hello world	Thread-19235	3

time: 946691111.836832
diff: 14.163167953491211
waiting
going to web site
Hello world	Thread-19302	3

time: 946691126.832832
diff: 17.167168021202087
waiting
going to web site
Hello world	Thread-19383	2

time: 946691144.841833
diff: 27.158167004585266
waiting
going to web site
Hello world	Thread-19518	2

time: 946691173.851833
diff: 18.14816701412201
waiting
going to web site
Hello world	Thread-19598	2

time: 946691192.845833
diff: 19.15416705608368
waiting
going to web site
Hello world	Thread-19689	2

time: 946691212.841833
diff: 19.158167004585266
waiting
going to web site
Hello world	Thread-19786	3

time: 946691232.841833
diff: 20.158167004585266
waiting
going to web site
Hello world	Thread-19888	2

time: 946691254.841833
diff: 10.158167004585266
waiting
going to web site
Hello world	Thread-19941	3

time: 946691265.836833
diff: 23.163166999816895
waiting
going to web site
Hello world	Thread-20050	4

time: 946691289.832832
diff: 26.167168021202087
waiting
going to web site
Hello world	Thread-20174	2

time: 946691316.844833
diff: 19.15516698360443
waiting
going to web site
Hello world	Thread-20270	3

time: 946691336.832832
diff: 7.167168021202087
waiting
going to web site
Hello world	Thread-20302	2

time: 946691344.841833
diff: 34.158167004585266
waiting
going to web site
Hello world	Thread-20481	3

time: 946691379.842833
diff: 12.157166957855225
waiting
going to web site
Hello world	Thread-20546	4

time: 946691392.832832
diff: 20.167168021202087
waiting
going to web site
Hello world	Thread-20683	2

time: 946691420.841833
diff: 19.158167004585266
waiting
going to web site
Hello world	Thread-20775	2

time: 946691440.8588331
diff: 17.141166925430298
waiting
going to web site
Hello world	Thread-20861	3

time: 946691458.832832
diff: 27.167168021202087
waiting
going to web site
Hello world	Thread-20996	2

time: 946691486.841833
diff: 18.158167004585266
waiting
going to web site
Hello world	Thread-21082	2

time: 946691505.841833
diff: 9.158167004585266
waiting
going to web site
Hello world	Thread-21127	2

time: 946691516.841833
diff: 29.158167004585266
waiting
going to web site
Hello world	Thread-21271	3

time: 946691546.841833
diff: 41.158167004585266
waiting
going to web site
Hello world	Thread-21457	5

time: 946691588.5300651
diff: 11.469934940338135
waiting
going to web site
Hello world	Thread-21514	7

time: 946691600.5297251
diff: 31.470274925231934
waiting
going to web site
Hello world	Thread-21659	6

time: 946691632.5350641
diff: 26.464935898780823
waiting
going to web site
Hello world	Thread-21779	5

time: 946691659.526064
diff: 11.473935961723328
waiting
going to web site
Hello world	Thread-21823	4

time: 946691671.5350641
diff: 8.464935898780823
waiting
going to web site
Hello world	Thread-21870	4

time: 946691680.526064
diff: 35.47393596172333
waiting
going to web site
Hello world	Thread-22027	6

time: 946691716.5350641
diff: 23.464935898780823
waiting
going to web site
Hello world	Thread-22128	7

time: 946691740.5350641
diff: 22.464935898780823
waiting
going to web site
Hello world	Thread-22234	6

time: 946691763.534832
diff: 20.465167999267578
waiting
going to web site
Hello world	Thread-22318	6

time: 946691784.5350641
diff: 18.464935898780823
waiting
going to web site
Hello world	Thread-22405	6

time: 946691803.5350641
diff: 18.464935898780823
waiting
going to web site
Hello world	Thread-22492	5

time: 946691822.5350641
diff: 24.464935898780823
waiting
going to web site
Hello world	Thread-22594	3

time: 946691847.5350641
diff: 24.464935898780823
waiting
going to web site
Hello world	Thread-22709	6

time: 946691872.5350649
diff: 15.464935064315796
waiting
going to web site
Hello world	Thread-22782	5

time: 946691888.526065
diff: 32.47393500804901
waiting
going to web site
Hello world	Thread-22929	7

time: 946691921.5350649
diff: 14.464935064315796
waiting
going to web site
Hello world	Thread-22995	6

time: 946691936.544065
diff: 26.45593500137329
waiting
going to web site
Hello world	Thread-23126	5

time: 946691963.526065
diff: 8.473935008049011
waiting
going to web site
Hello world	Thread-23169	6

time: 946691972.544065
diff: 26.45593500137329
waiting
going to web site
Hello world	Thread-23292	6

time: 946691999.544065
diff: 14.455935001373291
waiting
going to web site
Hello world	Thread-23363	7

time: 946692014.526065
diff: 24.47393500804901
waiting
going to web site
Hello world	Thread-23484	5

time: 946692039.544065
diff: 12.455935001373291
waiting
going to web site
Hello world	Thread-23551	5

time: 946692052.5350649
diff: 23.464935064315796
waiting
going to web site
Hello world	Thread-23664	5

time: 946692076.5394169
diff: 12.460583090782166
waiting
going to web site
Hello world	Thread-23725	7

time: 946692089.544065
diff: 12.455935001373291
waiting
going to web site
Hello world	Thread-23784	6

time: 946692102.544065
diff: 37.45593500137329
waiting
going to web site
Hello world	Thread-23963	7

time: 946692140.526065
diff: 16.47393500804901
waiting
going to web site
Hello world	Thread-24040	6

time: 946692157.539897
diff: 30.460103034973145
waiting
going to web site
Hello world	Thread-24187	6

time: 946692188.544101
diff: 29.455899000167847
waiting
going to web site
Hello world	Thread-24322	6

time: 946692218.544065
diff: 23.45593500137329
waiting
going to web site
Hello world	Thread-24427	5

time: 946692242.5350649
diff: 16.464935064315796
waiting
going to web site
Hello world	Thread-24508	7

time: 946692259.540065
diff: 18.459934949874878
waiting
going to web site
Hello world	Thread-24595	7

time: 946692278.5350641
diff: 29.464935898780823
waiting
going to web site
Hello world	Thread-24728	3

time: 946692308.5350641
diff: 20.464935898780823
waiting
going to web site
Hello world	Thread-24820	5

time: 946692329.526064
diff: 39.47393596172333
waiting
going to web site
Hello world	Thread-24989	7

time: 946692369.5350641
diff: 20.464935898780823
waiting
going to web site
Hello world	Thread-25074	6

time: 946692390.5350641
diff: 3.4649358987808228
waiting
going to web site
Hello world	Thread-25097	6

time: 946692394.5350641
diff: 27.464935898780823
waiting
going to web site
Hello world	Thread-25212	5

time: 946692422.5350641
diff: 25.464935898780823
waiting
going to web site
Hello world	Thread-25325	5

time: 946692448.5350641
diff: 27.464935898780823
waiting
going to web site
Hello world	Thread-25446	6

time: 946692476.5345191
diff: 23.46548092365265
waiting
going to web site
Hello world	Thread-25539	4

time: 946692500.526064
diff: 12.473935961723328
waiting
going to web site
Hello world	Thread-25599	6

time: 946692513.5350641
diff: 28.464935898780823
waiting
going to web site
Hello world	Thread-25716	3

time: 946692542.5350641
diff: 18.464935898780823
waiting
going to web site
Hello world	Thread-25796	6

time: 946692561.5350641
diff: 28.464935898780823
waiting
going to web site
Hello world	Thread-25925	7

time: 946692590.5350641
diff: 24.464935898780823
waiting
going to web site
Hello world	Thread-26025	6

time: 946692615.530064
diff: 20.46993601322174
waiting
going to web site
Hello world	Thread-26113	5

time: 946692636.544065
diff: 12.455935001373291
waiting
going to web site
Hello world	Thread-26167	3

