time: 946686600.0
diff: 0.0
going to web site
Hello world	Thread-32	6

time: 946686631.590656
diff: 29.409343957901
waiting
going to web site
Hello world	Thread-44	4

time: 946686661.580656
diff: 119.41934394836426
waiting
going to web site
Hello world	Thread-182	3

time: 946686781.590656
diff: 119.409343957901
waiting
going to web site
Hello world	Thread-351	6

time: 946686902.59616
diff: 58.40383994579315
waiting
going to web site
Hello world	Thread-441	3

time: 946686964.585656
diff: 116.41434395313263
waiting
going to web site
Hello world	Thread-554	6

time: 946687084.580656
diff: 56.41934394836426
waiting
going to web site
Hello world	Thread-730	3

time: 946687262.891484
diff: -60.8914840221405
going to web site
Hello world	Thread-737	7

time: 946687263.4721401
diff: -1.4721400737762451
going to web site
Hello world	Thread-743	2

time: 946687264.052796
diff: 57.9472039937973
waiting
going to web site
Hello world	Thread-835	3

time: 946687325.5941241
diff: 116.40587592124939
waiting
going to web site
Hello world	Thread-968	7

time: 946687445.588657
diff: 116.41134297847748
waiting
going to web site
Hello world	Thread-1108	4

time: 946687569.590656
diff: 52.409343957901
waiting
going to web site
Hello world	Thread-1179	6

time: 946687629.590656
diff: 53.409343957901
waiting
going to web site
Hello world	Thread-1223	4

time: 946687684.587656
diff: 58.412343978881836
waiting
going to web site
Hello world	Thread-1295	4

time: 946687746.5896561
diff: 116.41034388542175
waiting
going to web site
Hello world	Thread-1437	3

time: 946687866.589968
diff: 56.41003203392029
waiting
going to web site
Hello world	Thread-1505	3

time: 946687926.5846571
diff: 116.41534292697906
waiting
going to web site
Hello world	Thread-1663	3

time: 946688050.582656
diff: 52.417343974113464
waiting
going to web site
Hello world	Thread-1715	7

time: 946688110.580656
diff: 113.41934394836426
waiting
going to web site
Hello world	Thread-1828	5

time: 946688225.585656
diff: 118.41434395313263
waiting
going to web site
Hello world	Thread-1967	2

