time: 946686600.0
diff: 0.0
going to web site
Hello world	Thread-33	5

time: 946686615.659364
diff: 104.34063601493835
waiting
going to web site
Hello world	Thread-94	6

time: 946686727.658364
diff: 52.341635942459106
waiting
going to web site
Hello world	Thread-111	6

time: 946686780.649364
diff: 59.35063600540161
waiting
going to web site
Hello world	Thread-169	3

time: 946686847.658365
diff: 112.34163498878479
waiting
going to web site
Hello world	Thread-206	5

time: 946686960.6677951
diff: 120.33220493793488
waiting
going to web site
Hello world	Thread-290	4

time: 946687084.668364
diff: 116.33163595199585
waiting
going to web site
Hello world	Thread-345	4

time: 946687202.676751
diff: 118.3232489824295
waiting
going to web site
Hello world	Thread-428	7

time: 946687336.6633639
diff: 104.33663606643677
waiting
going to web site
Hello world	Thread-473	2

time: 946687441.676365
diff: 119.32363498210907
waiting
going to web site
Hello world	Thread-531	7

time: 946687561.6493641
diff: 60.35063588619232
waiting
going to web site
Hello world	Thread-596	5

time: 946687637.667364
diff: 44.33263599872589
waiting
going to web site
Hello world	Thread-612	3

time: 946687683.658364
diff: 118.3416359424591
waiting
going to web site
Hello world	Thread-679	2

time: 946687805.668364
diff: 56.33163595199585
waiting
going to web site
Hello world	Thread-700	5

time: 946687862.665225
diff: 59.3347749710083
waiting
going to web site
Hello world	Thread-753	5

time: 946687925.667365
diff: 116.33263504505157
waiting
going to web site
Hello world	Thread-816	6

time: 946688045.658365
diff: 116.34163498878479
waiting
going to web site
Hello world	Thread-867	2

time: 946688162.667365
diff: 60.332635045051575
waiting
going to web site
Hello world	Thread-917	3

time: 946688226.668364
diff: 116.33163595199585
waiting
going to web site
Hello world	Thread-964	5

