time: 946686600.0
diff: 341.0
waiting
going to web site
Hello world	Thread-1797	4

time: 946686942.0388601
diff: -1.0388600826263428
going to web site
Hello world	Thread-1804	3

time: 946686943.0657201
diff: -2.0657200813293457
going to web site
Hello world	Thread-1806	3

time: 946686944.09258
diff: -3.092579960823059
going to web site
Hello world	Thread-1810	3

time: 946686945.11944
diff: -4.119439959526062
going to web site
Hello world	Thread-1814	4

time: 946686946.1463001
diff: -4.1463000774383545
going to web site
Hello world	Thread-1819	3

time: 946686947.17316
diff: -4.173159956932068
going to web site
Hello world	Thread-1825	3

time: 946686948.20402
diff: -5.204020023345947
going to web site
Hello world	Thread-1828	3

time: 946686949.23088
diff: -6.23088002204895
going to web site
Hello world	Thread-1830	3

time: 946686950.272876
diff: -7.272876024246216
going to web site
Hello world	Thread-1834	3

time: 946686951.299736
diff: -5.299736022949219
going to web site
Hello world	Thread-1839	3

time: 946686952.336596
diff: -4.3365960121154785
going to web site
Hello world	Thread-1843	3

time: 946686953.363456
diff: -4.3634560108184814
going to web site
Hello world	Thread-867	2

time: 946686954.402316
diff: -4.402315974235535
going to web site
Hello world	Thread-1848	3

time: 946686955.439176
diff: -4.439175963401794
going to web site
Hello world	Thread-1852	3

time: 946686956.466036
diff: -5.466035962104797
going to web site
Hello world	Thread-1854	2

time: 946686957.492896
diff: 11.5071040391922
waiting
going to web site
Hello world	Thread-939	3

time: 946686970.038861
diff: 19.96113896369934
waiting
going to web site
Hello world	Thread-1935	2

time: 946686991.02986
diff: 3.970139980316162
waiting
going to web site
Hello world	Thread-1065	2

time: 946686996.041847
diff: 9.958153009414673
waiting
going to web site
Hello world	Thread-1112	2

time: 946687007.038861
diff: 1.9611389636993408
waiting
going to web site
Hello world	Thread-1976	3

time: 946687010.02686
diff: 1.973140001296997
waiting
going to web site
Hello world	Thread-1981	2

time: 946687013.038847
diff: -1.0388469696044922
going to web site
Hello world	Thread-1984	2

time: 946687014.069707
diff: -2.0697070360183716
going to web site
Hello world	Thread-1985	2

time: 946687015.096567
diff: -1.0965670347213745
going to web site
Hello world	Thread-1989	2

time: 946687016.1234269
diff: 8.876573085784912
waiting
going to web site
Hello world	Thread-1196	2

time: 946687026.051756
diff: 21.948243975639343
waiting
going to web site
Hello world	Thread-1312	2

time: 946687049.02986
diff: 10.970139980316162
waiting
going to web site
Hello world	Thread-1363	2

time: 946687062.02686
diff: 17.973140001296997
waiting
going to web site
Hello world	Thread-1445	2

time: 946687081.035861
diff: 15.964138984680176
waiting
going to web site
Hello world	Thread-1525	2

time: 946687098.02986
diff: 15.970139980316162
waiting
going to web site
Hello world	Thread-1594	2

time: 946687115.02686
diff: 29.973140001296997
waiting
going to web site
Hello world	Thread-1729	2

time: 946687146.0268611
diff: 11.973138928413391
waiting
going to web site
Hello world	Thread-1792	2

time: 946687160.02986
diff: 24.970139980316162
waiting
going to web site
Hello world	Thread-1888	2

time: 946687186.02686
diff: 37.973140001297
waiting
going to web site
Hello world	Thread-2067	2

time: 946687225.035861
diff: 21.964138984680176
waiting
going to web site
Hello world	Thread-2150	2

time: 946687248.02686
diff: 16.973140001296997
waiting
going to web site
Hello world	Thread-2241	2

time: 946687266.038861
diff: 15.96113896369934
waiting
going to web site
Hello world	Thread-2319	3

time: 946687283.02686
diff: 21.973140001296997
waiting
going to web site
Hello world	Thread-2421	2

time: 946687306.040846
diff: 34.95915400981903
waiting
going to web site
Hello world	Thread-2573	2

time: 946687342.035861
diff: 30.964138984680176
waiting
going to web site
Hello world	Thread-2717	2

time: 946687374.02686
diff: 5.973140001296997
waiting
going to web site
Hello world	Thread-2751	2

time: 946687381.036535
diff: 16.963464975357056
waiting
going to web site
Hello world	Thread-2824	2

time: 946687399.02686
diff: 22.973140001296997
waiting
going to web site
Hello world	Thread-2929	2

time: 946687423.0268611
diff: 25.97313892841339
waiting
going to web site
Hello world	Thread-3044	3

time: 946687450.02686
diff: 29.973140001296997
waiting
going to web site
Hello world	Thread-3180	2

time: 946687481.035861
diff: 18.964138984680176
waiting
going to web site
Hello world	Thread-3273	2

time: 946687501.02686
diff: 20.973140001296997
waiting
going to web site
Hello world	Thread-3367	2

time: 946687523.035861
diff: 13.964138984680176
waiting
going to web site
Hello world	Thread-3434	2

time: 946687538.02686
diff: 28.973140001296997
waiting
going to web site
Hello world	Thread-3556	4

time: 946687567.544065
diff: 21.45593500137329
waiting
going to web site
Hello world	Thread-3654	4

time: 946687589.526065
diff: 7.473935008049011
waiting
going to web site
Hello world	Thread-3686	5

time: 946687597.539065
diff: 19.46093499660492
waiting
going to web site
Hello world	Thread-3780	6

time: 946687617.5350641
diff: 38.46493589878082
waiting
going to web site
Hello world	Thread-3944	3

time: 946687656.526064
diff: 11.473935961723328
waiting
going to web site
Hello world	Thread-3993	7

time: 946687668.5350641
diff: 23.464935898780823
waiting
going to web site
Hello world	Thread-4109	6

time: 946687692.5290639
diff: 35.47093605995178
waiting
going to web site
Hello world	Thread-4265	6

time: 946687728.526065
diff: 15.473935008049011
waiting
going to web site
Hello world	Thread-4335	2

time: 946687744.526065
diff: 22.47393500804901
waiting
going to web site
Hello world	Thread-4433	5

time: 946687767.544065
diff: 29.45593500137329
waiting
going to web site
Hello world	Thread-4573	7

time: 946687797.5391281
diff: 26.460871934890747
waiting
going to web site
Hello world	Thread-4693	7

time: 946687824.526064
diff: 18.473935961723328
waiting
going to web site
Hello world	Thread-4778	7

time: 946687843.5350641
diff: 24.464935898780823
waiting
going to web site
Hello world	Thread-4891	7

time: 946687868.5350641
diff: 25.464935898780823
waiting
going to web site
Hello world	Thread-5005	7

time: 946687894.532064
diff: 29.467936038970947
waiting
going to web site
Hello world	Thread-5151	7

time: 946687924.5350649
diff: 14.464935064315796
waiting
going to web site
Hello world	Thread-5218	7

time: 946687939.540065
diff: 7.459934949874878
waiting
going to web site
Hello world	Thread-5257	6

time: 946687947.526064
diff: 27.473935961723328
waiting
going to web site
Hello world	Thread-5393	5

time: 946687975.5294169
diff: 26.470583081245422
waiting
going to web site
Hello world	Thread-5510	6

time: 946688002.5350649
diff: 14.464935064315796
waiting
going to web site
Hello world	Thread-5590	3

time: 946688017.5350649
diff: 22.464935064315796
waiting
going to web site
Hello world	Thread-5687	6

time: 946688040.540065
diff: 18.459934949874878
waiting
going to web site
Hello world	Thread-5772	5

time: 946688059.530064
diff: 27.46993601322174
waiting
going to web site
Hello world	Thread-5900	6

time: 946688087.545033
diff: 16.45496702194214
waiting
going to web site
Hello world	Thread-5967	6

time: 946688104.544065
diff: 17.45593500137329
waiting
going to web site
Hello world	Thread-6046	6

time: 946688122.5350649
diff: 25.464935064315796
waiting
going to web site
Hello world	Thread-6160	5

time: 946688148.536065
diff: 31.463935017585754
waiting
going to web site
Hello world	Thread-6295	4

time: 946688180.832833
diff: 13.167166948318481
waiting
going to web site
Hello world	Thread-6356	2

time: 946688194.840832
diff: 27.159168004989624
waiting
going to web site
Hello world	Thread-6485	4

time: 946688222.832833
diff: 11.167166948318481
waiting
going to web site
Hello world	Thread-6533	4

time: 946688234.836832
diff: 12.163167953491211
waiting
going to web site
Hello world	Thread-6592	5

time: 946688247.832832
diff: 28.167168021202087
waiting
going to web site
Hello world	Thread-6714	4

time: 946688276.841833
diff: 24.158167004585266
waiting
going to web site
Hello world	Thread-6826	3

time: 946688301.841833
diff: 28.158167004585266
waiting
going to web site
Hello world	Thread-6960	5

time: 946688330.841833
diff: 17.158167004585266
waiting
going to web site
Hello world	Thread-7034	4

time: 946688348.832833
diff: 17.16716694831848
waiting
going to web site
Hello world	Thread-7113	3

time: 946688366.832832
diff: 25.167168021202087
waiting
going to web site
Hello world	Thread-7233	3

time: 946688392.841833
diff: 26.158167004585266
waiting
going to web site
Hello world	Thread-7356	2

time: 946688420.841833
diff: 28.158167004585266
waiting
going to web site
Hello world	Thread-7487	3

time: 946688449.841833
diff: 16.158167004585266
waiting
going to web site
Hello world	Thread-7560	3

time: 946688466.832833
diff: 33.16716694831848
waiting
going to web site
Hello world	Thread-7715	5

time: 946688500.832832
diff: 16.167168021202087
waiting
going to web site
Hello world	Thread-7791	3

time: 946688517.841833
diff: 25.158167004585266
waiting
going to web site
Hello world	Thread-7901	3

time: 946688543.841833
diff: 18.158167004585266
waiting
going to web site
Hello world	Thread-7988	2

time: 946688562.841833
diff: 29.158167004585266
waiting
going to web site
Hello world	Thread-8123	3

time: 946688593.846833
diff: 12.153167009353638
waiting
going to web site
Hello world	Thread-8176	3

time: 946688606.832833
diff: 24.16716694831848
waiting
going to web site
Hello world	Thread-8285	3

time: 946688631.832832
diff: 4.167168021202087
waiting
going to web site
Hello world	Thread-8312	2

time: 946688637.841833
diff: 24.158167004585266
waiting
going to web site
Hello world	Thread-8417	2

time: 946688662.832833
diff: 20.16716694831848
waiting
going to web site
Hello world	Thread-8501	3

time: 946688683.832832
diff: 28.167168021202087
waiting
going to web site
Hello world	Thread-8618	4

time: 946688712.841833
diff: 15.158167004585266
waiting
going to web site
Hello world	Thread-8687	2

time: 946688728.841833
diff: 24.158167004585266
waiting
going to web site
Hello world	Thread-8792	2

time: 946688754.841833
diff: 26.158167004585266
waiting
going to web site
Hello world	Thread-8891	5

time: 946688781.544065
diff: 20.45593500137329
waiting
going to web site
Hello world	Thread-8978	5

time: 946688802.5350649
diff: 31.464935064315796
waiting
going to web site
Hello world	Thread-9109	6

time: 946688834.539065
diff: 26.46093499660492
waiting
going to web site
Hello world	Thread-9224	6

time: 946688861.526064
diff: 19.473935961723328
waiting
going to web site
Hello world	Thread-9305	3

time: 946688881.532064
diff: 26.467936038970947
waiting
going to web site
Hello world	Thread-9422	4

time: 946688908.54458
diff: 22.45542001724243
waiting
going to web site
Hello world	Thread-9525	4

time: 946688931.544065
diff: 29.45593500137329
waiting
going to web site
Hello world	Thread-9655	3

time: 946688961.539065
diff: 22.46093499660492
waiting
going to web site
Hello world	Thread-9758	6

time: 946688984.526064
diff: 17.473935961723328
waiting
going to web site
Hello world	Thread-9848	7

time: 946689002.5350641
diff: 18.464935898780823
waiting
going to web site
Hello world	Thread-9933	7

time: 946689021.5350641
diff: 38.46493589878082
waiting
going to web site
Hello world	Thread-10109	7

time: 946689060.5350641
diff: 16.464935898780823
waiting
going to web site
Hello world	Thread-10195	5

time: 946689077.526064
diff: 39.47393596172333
waiting
going to web site
Hello world	Thread-10377	5

time: 946689117.5350641
diff: 10.464935898780823
waiting
going to web site
Hello world	Thread-10430	7

time: 946689128.526064
diff: 16.473935961723328
waiting
going to web site
Hello world	Thread-10513	6

time: 946689145.5350641
diff: 15.464935898780823
waiting
going to web site
Hello world	Thread-10581	7

time: 946689161.5330639
diff: 23.466936111450195
waiting
going to web site
Hello world	Thread-10704	5

time: 946689185.544065
diff: 25.45593500137329
waiting
going to web site
Hello world	Thread-10828	4

time: 946689211.535797
diff: 11.464203000068665
waiting
going to web site
Hello world	Thread-10889	3

time: 946689223.5380651
diff: 26.46193492412567
waiting
going to web site
Hello world	Thread-11012	5

time: 946689250.535764
diff: 30.46423602104187
waiting
going to web site
Hello world	Thread-11161	6

time: 946689281.544065
diff: 13.455935001373291
waiting
going to web site
Hello world	Thread-11229	5

time: 946689295.544065
diff: 6.455935001373291
waiting
going to web site
Hello world	Thread-11263	4

time: 946689302.526065
diff: 15.473935008049011
waiting
going to web site
Hello world	Thread-11338	5

time: 946689318.5350649
diff: 32.464935064315796
waiting
going to web site
Hello world	Thread-11490	5

time: 946689351.5350649
diff: 18.464935064315796
waiting
going to web site
Hello world	Thread-11579	7

time: 946689370.5350649
diff: 30.464935064315796
waiting
going to web site
Hello world	Thread-11737	2

time: 946689402.846457
diff: 13.15354299545288
waiting
going to web site
Hello world	Thread-11787	7

time: 946689416.832832
diff: 31.167168021202087
waiting
going to web site
Hello world	Thread-11938	2

time: 946689449.841833
diff: 8.158167004585266
waiting
going to web site
Hello world	Thread-11982	5

time: 946689458.832833
diff: 32.16716694831848
waiting
going to web site
Hello world	Thread-12142	4

time: 946689491.836832
diff: 10.163167953491211
waiting
going to web site
Hello world	Thread-12184	3

time: 946689502.832832
diff: 24.167168021202087
waiting
going to web site
Hello world	Thread-12295	4

time: 946689527.832833
diff: 17.16716694831848
waiting
going to web site
Hello world	Thread-12380	7

time: 946689545.832832
diff: 10.167168021202087
waiting
going to web site
Hello world	Thread-12437	3

time: 946689556.841833
diff: 26.158167004585266
waiting
going to web site
Hello world	Thread-12572	3

time: 946689586.851833
diff: 27.14816701412201
waiting
going to web site
Hello world	Thread-12683	5

time: 946689614.832833
diff: 14.167166948318481
waiting
going to web site
Hello world	Thread-12759	4

time: 946689629.832832
diff: 27.167168021202087
waiting
going to web site
Hello world	Thread-12890	3

time: 946689657.841833
diff: 13.158167004585266
waiting
going to web site
Hello world	Thread-12955	4

time: 946689671.841833
diff: 12.158167004585266
waiting
going to web site
Hello world	Thread-13031	3

time: 946689685.841833
diff: 23.158167004585266
waiting
going to web site
Hello world	Thread-13130	3

time: 946689709.841833
diff: 38.158167004585266
waiting
going to web site
Hello world	Thread-13310	4

time: 946689748.841833
diff: 19.158167004585266
waiting
going to web site
Hello world	Thread-13401	5

time: 946689768.832833
diff: 19.16716694831848
waiting
going to web site
Hello world	Thread-13486	7

time: 946689788.832832
diff: 24.167168021202087
waiting
going to web site
Hello world	Thread-13606	4

time: 946689813.841833
diff: 36.158167004585266
waiting
going to web site
Hello world	Thread-13787	3

time: 946689850.841833
diff: 12.158167004585266
waiting
going to web site
Hello world	Thread-13841	3

time: 946689863.8587129
diff: 16.141287088394165
waiting
going to web site
Hello world	Thread-13920	4

time: 946689880.8478329
diff: 10.152167081832886
waiting
going to web site
Hello world	Thread-13968	5

time: 946689891.832833
diff: 29.16716694831848
waiting
going to web site
Hello world	Thread-14094	5

time: 946689921.836832
diff: 8.163167953491211
waiting
going to web site
Hello world	Thread-14138	5

time: 946689930.832832
diff: 28.167168021202087
waiting
going to web site
Hello world	Thread-14269	4

time: 946689959.841833
diff: 21.158167004585266
waiting
going to web site
Hello world	Thread-14353	6

time: 946689981.832833
diff: 10.167166948318481
waiting
going to web site
Hello world	Thread-14407	3

time: 946689992.832832
diff: 27.167168021202087
waiting
going to web site
Hello world	Thread-14531	2

time: 946690020.832833
diff: 30.16716694831848
waiting
going to web site
Hello world	Thread-14661	3

time: 946690051.832832
diff: 16.167168021202087
waiting
going to web site
Hello world	Thread-14736	2

time: 946690068.836833
diff: 21.163166999816895
waiting
going to web site
Hello world	Thread-14827	3

time: 946690090.832832
diff: 27.167168021202087
waiting
going to web site
Hello world	Thread-14959	3

time: 946690121.841833
diff: 7.158167004585266
waiting
going to web site
Hello world	Thread-14996	2

time: 946690129.8423929
diff: 28.157607078552246
waiting
going to web site
Hello world	Thread-15118	2

time: 946690158.832833
diff: 29.16716694831848
waiting
going to web site
Hello world	Thread-15240	4

time: 946690188.832832
diff: 18.167168021202087
waiting
going to web site
Hello world	Thread-15328	3

time: 946690207.841833
diff: 31.158167004585266
waiting
going to web site
Hello world	Thread-15467	3

time: 946690239.832833
diff: 22.16716694831848
waiting
going to web site
Hello world	Thread-15565	4

time: 946690262.836832
diff: 32.16316795349121
waiting
going to web site
Hello world	Thread-15711	6

time: 946690295.832832
diff: 7.167168021202087
waiting
going to web site
Hello world	Thread-15744	3

time: 946690303.832833
diff: 27.16716694831848
waiting
going to web site
Hello world	Thread-15861	5

time: 946690331.832832
diff: 17.167168021202087
waiting
going to web site
Hello world	Thread-15943	2

time: 946690349.8398329
diff: 21.16016709804535
waiting
going to web site
Hello world	Thread-16034	3

time: 946690371.8588331
diff: 22.141166925430298
waiting
going to web site
Hello world	Thread-16135	2

time: 946690394.836833
diff: 23.163166999816895
waiting
going to web site
Hello world	Thread-16239	2

time: 946690418.851481
diff: 26.148519039154053
waiting
going to web site
Hello world	Thread-16361	2

time: 946690445.841833
diff: 17.158167004585266
waiting
going to web site
Hello world	Thread-16432	2

time: 946690463.832833
diff: 25.16716694831848
waiting
going to web site
Hello world	Thread-16548	4

time: 946690489.841833
diff: 20.158167004585266
waiting
going to web site
Hello world	Thread-16645	2

time: 946690510.841833
diff: 19.158167004585266
waiting
going to web site
Hello world	Thread-16727	2

time: 946690530.841833
diff: 29.158167004585266
waiting
going to web site
Hello world	Thread-16878	2

time: 946690563.861833
diff: 18.138167023658752
waiting
going to web site
Hello world	Thread-16958	3

time: 946690582.832833
diff: 22.16716694831848
waiting
going to web site
Hello world	Thread-17053	2

time: 946690605.832832
diff: 21.167168021202087
waiting
going to web site
Hello world	Thread-17145	7

time: 946690627.526065
diff: 24.47393500804901
waiting
going to web site
Hello world	Thread-17249	7

time: 946690652.5350649
diff: 16.464935064315796
waiting
going to web site
Hello world	Thread-17324	5

time: 946690669.526065
diff: 36.47393500804901
waiting
going to web site
Hello world	Thread-17483	5

time: 946690706.526065
diff: 20.47393500804901
waiting
going to web site
Hello world	Thread-17575	4

time: 946690727.5350649
diff: 11.464935064315796
waiting
going to web site
Hello world	Thread-17632	6

time: 946690739.526065
diff: 33.47393500804901
waiting
going to web site
Hello world	Thread-17785	4

time: 946690773.5350649
diff: 8.464935064315796
waiting
going to web site
Hello world	Thread-17820	4

time: 946690782.526065
diff: 28.47393500804901
waiting
going to web site
Hello world	Thread-17945	2

time: 946690811.526065
diff: 11.473935008049011
waiting
going to web site
Hello world	Thread-17990	6

time: 946690823.544065
diff: 19.45593500137329
waiting
going to web site
Hello world	Thread-18077	3

time: 946690843.544065
diff: 39.45593500137329
waiting
going to web site
Hello world	Thread-18239	4

time: 946690883.533065
diff: 26.46693503856659
waiting
going to web site
Hello world	Thread-18362	5

time: 946690910.5451919
diff: 25.454808115959167
waiting
going to web site
Hello world	Thread-18468	4

time: 946690936.526065
diff: 17.47393500804901
waiting
going to web site
Hello world	Thread-18547	5

time: 946690954.544065
diff: 28.45593500137329
waiting
going to web site
Hello world	Thread-18668	7

time: 946690983.5350649
diff: 13.464935064315796
waiting
going to web site
Hello world	Thread-18733	5

time: 946690997.544065
diff: 28.45593500137329
waiting
going to web site
Hello world	Thread-18857	6

time: 946691026.544065
diff: 8.455935001373291
waiting
going to web site
Hello world	Thread-18899	4

time: 946691035.5380651
diff: 27.46193492412567
waiting
going to web site
Hello world	Thread-19022	7

time: 946691063.5350641
diff: 28.464935898780823
waiting
going to web site
Hello world	Thread-19152	7

time: 946691092.526064
diff: 25.473935961723328
waiting
going to web site
Hello world	Thread-19267	4

time: 946691118.526064
diff: 15.473935961723328
waiting
going to web site
Hello world	Thread-19336	5

time: 946691134.5350641
diff: 26.464935898780823
waiting
going to web site
Hello world	Thread-19464	7

time: 946691161.5350649
diff: 29.464935064315796
waiting
going to web site
Hello world	Thread-19592	6

time: 946691191.544065
diff: 8.455935001373291
waiting
going to web site
Hello world	Thread-19637	4

time: 946691200.544065
diff: 21.45593500137329
waiting
going to web site
Hello world	Thread-19739	5

time: 946691222.540065
diff: 33.45993494987488
waiting
going to web site
Hello world	Thread-19899	4

time: 946691256.832832
diff: 21.167168021202087
waiting
going to web site
Hello world	Thread-19996	4

time: 946691278.841833
diff: 19.158167004585266
waiting
going to web site
Hello world	Thread-20089	3

time: 946691298.841833
diff: 17.158167004585266
waiting
going to web site
Hello world	Thread-20175	3

time: 946691316.844833
diff: 29.15516698360443
waiting
going to web site
Hello world	Thread-20311	4

time: 946691346.832832
diff: 20.167168021202087
waiting
going to web site
Hello world	Thread-20415	5

time: 946691368.841833
diff: 11.158167004585266
waiting
going to web site
Hello world	Thread-20504	3

time: 946691383.845833
diff: 12.15416705608368
waiting
going to web site
Hello world	Thread-20568	4

time: 946691396.841833
diff: 29.158167004585266
waiting
going to web site
Hello world	Thread-20708	3

time: 946691426.842833
diff: 22.157166957855225
waiting
going to web site
Hello world	Thread-20823	4

time: 946691450.832832
diff: 25.167168021202087
waiting
going to web site
Hello world	Thread-20950	3

time: 946691477.841833
diff: 14.158167004585266
waiting
going to web site
Hello world	Thread-21023	3

time: 946691493.861249
diff: 31.13875102996826
waiting
going to web site
Hello world	Thread-21178	2

time: 946691525.843833
diff: 12.156167030334473
waiting
going to web site
Hello world	Thread-21253	2

time: 946691541.851457
diff: 10.148543000221252
waiting
going to web site
Hello world	Thread-21303	2

time: 946691552.832833
diff: 25.16716694831848
waiting
going to web site
Hello world	Thread-21415	6

time: 946691578.832832
diff: 22.167168021202087
waiting
going to web site
Hello world	Thread-21525	3

time: 946691601.841833
diff: 11.158167004585266
waiting
going to web site
Hello world	Thread-21583	4

time: 946691614.841833
diff: 15.158167004585266
waiting
going to web site
Hello world	Thread-21654	3

time: 946691630.841833
diff: 28.158167004585266
waiting
going to web site
Hello world	Thread-21782	3

time: 946691659.851665
diff: 20.148334980010986
waiting
going to web site
Hello world	Thread-21874	2

time: 946691680.832832
diff: 24.167168021202087
waiting
going to web site
Hello world	Thread-21982	4

time: 946691705.832833
diff: 10.167166948318481
waiting
going to web site
Hello world	Thread-22029	5

time: 946691716.832832
diff: 20.167168021202087
waiting
going to web site
Hello world	Thread-22120	4

time: 946691737.8424569
diff: 22.157543063163757
waiting
going to web site
Hello world	Thread-22221	2

time: 946691760.841833
diff: 23.158167004585266
waiting
going to web site
Hello world	Thread-22323	3

time: 946691784.841833
diff: 26.158167004585266
waiting
going to web site
Hello world	Thread-22447	6

time: 946691811.832833
diff: 18.16716694831848
waiting
going to web site
Hello world	Thread-22528	2

time: 946691830.832832
diff: 40.16716802120209
waiting
going to web site
Hello world	Thread-22706	4

time: 946691871.841833
diff: 12.158167004585266
waiting
going to web site
Hello world	Thread-22769	6

time: 946691884.832833
diff: 24.16716694831848
waiting
going to web site
Hello world	Thread-22871	3

time: 946691909.832832
diff: 31.167168021202087
waiting
going to web site
Hello world	Thread-23019	5

time: 946691941.841833
diff: 9.158167004585266
waiting
going to web site
Hello world	Thread-23070	4

time: 946691951.842833
diff: 21.157166957855225
waiting
going to web site
Hello world	Thread-23175	5

time: 946691973.832832
diff: 25.167168021202087
waiting
going to web site
Hello world	Thread-23301	5

time: 946692000.841833
diff: 18.158167004585266
waiting
going to web site
Hello world	Thread-23386	3

time: 946692019.832833
diff: 20.16716694831848
waiting
going to web site
Hello world	Thread-23496	2

time: 946692041.842832
diff: 11.15716803073883
waiting
going to web site
Hello world	Thread-23557	5

time: 946692053.832833
diff: 31.16716694831848
waiting
going to web site
Hello world	Thread-23703	6

time: 946692085.832832
diff: 29.167168021202087
waiting
going to web site
Hello world	Thread-23849	5

time: 946692115.841833
diff: 9.158167004585266
waiting
going to web site
Hello world	Thread-23901	5

time: 946692125.841833
diff: 25.158167004585266
waiting
going to web site
Hello world	Thread-24019	4

time: 946692151.851665
diff: 14.148334980010986
waiting
going to web site
Hello world	Thread-24085	2

time: 946692166.832832
diff: 25.167168021202087
waiting
going to web site
Hello world	Thread-24206	3

time: 946692192.832833
diff: 27.16716694831848
waiting
going to web site
Hello world	Thread-24335	4

time: 946692220.832832
diff: 19.167168021202087
waiting
going to web site
Hello world	Thread-24418	6

time: 946692240.832833
diff: 27.16716694831848
waiting
going to web site
Hello world	Thread-24553	4

time: 946692268.832832
diff: 6.167168021202087
waiting
going to web site
Hello world	Thread-24581	3

time: 946692275.841833
diff: 33.158167004585266
waiting
going to web site
Hello world	Thread-24733	4

time: 946692309.841833
diff: 9.158167004585266
waiting
going to web site
Hello world	Thread-24789	2

time: 946692320.841897
diff: 13.158102989196777
waiting
going to web site
Hello world	Thread-24845	4

time: 946692334.832832
diff: 13.167168021202087
waiting
going to web site
Hello world	Thread-24903	4

time: 946692348.832833
diff: 19.16716694831848
waiting
going to web site
Hello world	Thread-24991	4

time: 946692369.832832
diff: 21.167168021202087
waiting
going to web site
Hello world	Thread-25089	3

time: 946692392.841833
diff: 26.158167004585266
waiting
going to web site
Hello world	Thread-25201	4

time: 946692419.841833
diff: 21.158167004585266
waiting
going to web site
Hello world	Thread-25293	2

time: 946692441.841833
diff: 31.158167004585266
waiting
going to web site
Hello world	Thread-25435	2

time: 946692473.841833
diff: 24.158167004585266
waiting
going to web site
Hello world	Thread-25535	5

time: 946692498.842833
diff: 31.157166957855225
waiting
going to web site
Hello world	Thread-25664	3

time: 946692530.832832
diff: 14.167168021202087
waiting
going to web site
Hello world	Thread-25731	3

time: 946692545.841833
diff: 26.158167004585266
waiting
going to web site
Hello world	Thread-25854	2

time: 946692573.860833
diff: 9.139166951179504
waiting
going to web site
Hello world	Thread-25895	3

time: 946692583.832832
diff: 29.167168021202087
waiting
going to web site
Hello world	Thread-26020	2

time: 946692613.841833
diff: 26.158167004585266
waiting
going to web site
Hello world	Thread-26130	2

time: 946692640.832833
diff: 28.16716694831848
waiting
going to web site
Hello world	Thread-26237	4

time: 946692669.832832
diff: 11.167168021202087
waiting
going to web site
Hello world	Thread-26279	2

time: 946692681.841833
diff: 35.158167004585266
waiting
going to web site
Hello world	Thread-26402	2

time: 946692717.845833
diff: 15.15416705608368
waiting
going to web site
Hello world	Thread-26443	3

time: 946692733.833833
diff: 19.16616702079773
waiting
going to web site
Hello world	Thread-26500	2

time: 946692753.832833
diff: 19.16716694831848
waiting
going to web site
Hello world	Thread-26547	2

time: 946692773.832832
diff: 28.167168021202087
waiting
going to web site
Hello world	Thread-26611	2

time: 946692802.832833
diff: 23.16716694831848
waiting
going to web site
Hello world	Thread-26658	3

time: 946692826.832832
diff: 21.167168021202087
waiting
going to web site
Hello world	Thread-26688	2

time: 946692848.832833
diff: 24.16716694831848
waiting
going to web site
Hello world	Thread-26729	2

time: 946692873.832832
diff: 36.16716802120209
waiting
going to web site
Hello world	Thread-26770	2

time: 946692910.832833
diff: 5.1671669483184814
waiting
going to web site
Hello world	Thread-26772	3

time: 946692916.832832
diff: 14.167168021202087
waiting
going to web site
Hello world	Thread-26786	2

