time: 946686600.0
diff: 0.0
going to web site
Hello world	Thread-74	7

time: 946686720.8497571
diff: -59.84975707530975
going to web site
Hello world	Thread-78	9

time: 946686721.506121
diff: 59.493878960609436
waiting
going to web site
Hello world	Thread-126	3

time: 946686782.658364
diff: 118.3416359424591
waiting
going to web site
Hello world	Thread-199	5

time: 946686904.658365
diff: 56.34163498878479
waiting
going to web site
Hello world	Thread-235	4

time: 946686968.659364
diff: 52.340636014938354
waiting
going to web site
Hello world	Thread-261	2

time: 946687022.688364
diff: 58.311635971069336
waiting
going to web site
Hello world	Thread-275	7

time: 946687081.658364
diff: 60.341635942459106
waiting
going to web site
Hello world	Thread-319	5

time: 946687142.649364
diff: 119.35063600540161
waiting
going to web site
Hello world	Thread-386	2

time: 946687263.667365
diff: 58.332635045051575
waiting
going to web site
Hello world	Thread-408	6

time: 946687322.655909
diff: 119.3440910577774
waiting
going to web site
Hello world	Thread-476	5

time: 946687442.6559091
diff: 119.34409093856812
waiting
going to web site
Hello world	Thread-553	6

time: 946687565.667908
diff: 56.33209204673767
waiting
going to web site
Hello world	Thread-588	7

time: 946687629.656908
diff: 113.34309196472168
waiting
going to web site
Hello world	Thread-640	7

time: 946687743.646908
diff: 119.35309195518494
waiting
going to web site
Hello world	Thread-706	5

time: 946687863.661365
diff: 59.338634967803955
waiting
going to web site
Hello world	Thread-745	7

time: 946687924.655909
diff: 118.3440910577774
waiting
going to web site
Hello world	Thread-809	7

time: 946688044.655909
diff: 118.3440910577774
waiting
going to web site
Hello world	Thread-884	4

time: 946688166.658908
diff: 116.34109199047089
waiting
going to web site
Hello world	Thread-932	6

