time: 946686600.0
diff: 0.0
going to web site
Hello world	Thread-6	2

time: 946686600.73706
diff: 59.26294004917145
waiting
going to web site
Hello world	Thread-13	2

time: 946686660.724061
diff: 119.27593898773193
waiting
going to web site
Hello world	Thread-25	3

time: 946686780.71506
diff: 60.284940004348755
waiting
going to web site
Hello world	Thread-35	2

time: 946686841.7280611
diff: 119.27193892002106
waiting
going to web site
Hello world	Thread-46	4

time: 946686961.7150601
diff: 59.284939885139465
waiting
going to web site
Hello world	Thread-54	4

time: 946687021.7190601
diff: 59.28093993663788
waiting
going to web site
Hello world	Thread-64	2

time: 946687082.72406
diff: 118.27593994140625
waiting
going to web site
Hello world	Thread-75	2

time: 946687201.742061
diff: 59.25793898105621
waiting
going to web site
Hello world	Thread-83	3

time: 946687262.7150601
diff: 119.28493988513947
waiting
going to web site
Hello world	Thread-94	2

time: 946687382.7150601
diff: 119.28493988513947
waiting
going to web site
Hello world	Thread-109	3

time: 946687502.7150601
diff: 59.284939885139465
waiting
going to web site
Hello world	Thread-117	2

time: 946687563.7240602
diff: 58.27593982219696
waiting
going to web site
Hello world	Thread-126	2

time: 946687623.7240602
diff: 118.27593982219696
waiting
going to web site
Hello world	Thread-137	2

time: 946687743.7240602
diff: 118.27593982219696
waiting
going to web site
Hello world	Thread-143	6

time: 946687862.5936081
diff: 60.406391859054565
waiting
going to web site
Hello world	Thread-154	6

time: 946687923.5816082
diff: 59.418391823768616
waiting
going to web site
Hello world	Thread-160	5

time: 946687983.5816082
diff: 59.418391823768616
waiting
going to web site
Hello world	Thread-167	6

time: 946688043.5816082
diff: 119.41839182376862
waiting
going to web site
Hello world	Thread-183	6

time: 946688163.5816082
diff: 59.418391823768616
waiting
going to web site
Hello world	Thread-191	5

time: 946688223.5786082
diff: 59.42139184474945
waiting
going to web site
Hello world	Thread-196	6

