time: 946686600.0
diff: 362.0
waiting
going to web site
Hello world	Thread-1864	4

time: 946686962.802192
diff: -0.802191972732544
going to web site
Hello world	Thread-1867	5

time: 946686963.6013839
diff: -0.6013839244842529
going to web site
Hello world	Thread-1871	3

time: 946686964.403576
diff: -1.4035760164260864
going to web site
Hello world	Thread-1873	3

time: 946686965.200768
diff: -2.200767993927002
going to web site
Hello world	Thread-1875	3

time: 946686965.99796
diff: -0.9979599714279175
going to web site
Hello world	Thread-1878	3

time: 946686966.8101931
diff: -0.8101930618286133
going to web site
Hello world	Thread-1881	4

time: 946686967.620385
diff: -0.6203850507736206
going to web site
Hello world	Thread-927	2

time: 946686968.428816
diff: -0.42881596088409424
going to web site
Hello world	Thread-1887	4

time: 946686969.226008
diff: 0.7739919424057007
waiting
going to web site
Hello world	Thread-1892	2

time: 946686970.8126969
diff: 0.1873030662536621
waiting
going to web site
Hello world	Thread-1898	4

time: 946686971.809137
diff: -0.8091369867324829
going to web site
Hello world	Thread-1903	2

time: 946686972.6103289
diff: -0.6103289127349854
going to web site
Hello world	Thread-1906	2

time: 946686973.407521
diff: 11.59247899055481
waiting
going to web site
Hello world	Thread-1927	3

time: 946686985.8031449
diff: -0.8031449317932129
going to web site
Hello world	Thread-1929	3

time: 946686986.600337
diff: 5.399662971496582
waiting
going to web site
Hello world	Thread-1042	5

time: 946686992.8011919
diff: 25.198808073997498
waiting
going to web site
Hello world	Thread-1168	5

time: 946687018.7971929
diff: 5.202807068824768
waiting
going to web site
Hello world	Thread-2011	4

time: 946687024.7971929
diff: 10.202807068824768
waiting
going to web site
Hello world	Thread-1245	3

time: 946687035.809193
diff: 17.190806984901428
waiting
going to web site
Hello world	Thread-1322	5

time: 946687053.797192
diff: 19.202808022499084
waiting
going to web site
Hello world	Thread-1416	5

time: 946687073.7991929
diff: 18.200807094573975
waiting
going to web site
Hello world	Thread-1500	4

time: 946687092.802193
diff: 3.19780695438385
waiting
going to web site
Hello world	Thread-1517	3

time: 946687096.797192
diff: 28.202808022499084
waiting
going to web site
Hello world	Thread-1644	5

time: 946687125.7971929
diff: 21.202807068824768
waiting
going to web site
Hello world	Thread-1737	4

time: 946687147.813193
diff: 20.18680703639984
waiting
going to web site
Hello world	Thread-1826	5

time: 946687168.7991929
diff: 11.200807094573975
waiting
going to web site
Hello world	Thread-1867	2

time: 946687180.802193
diff: 24.19780695438385
waiting
going to web site
Hello world	Thread-1975	3

time: 946687205.802192
diff: 35.197808027267456
waiting
going to web site
Hello world	Thread-2124	6

time: 946687241.8001931
diff: 16.199806928634644
waiting
going to web site
Hello world	Thread-2205	6

time: 946687258.797192
diff: 20.202808022499084
waiting
going to web site
Hello world	Thread-2299	3

time: 946687279.7971929
diff: 34.20280706882477
waiting
going to web site
Hello world	Thread-2455	5

time: 946687314.8001931
diff: 11.199806928634644
waiting
going to web site
Hello world	Thread-2497	6

time: 946687326.797192
diff: 35.202808022499084
waiting
going to web site
Hello world	Thread-2663	6

time: 946687362.7971929
diff: 25.202807068824768
waiting
going to web site
Hello world	Thread-2779	3

time: 946687388.7971929
diff: 12.202807068824768
waiting
going to web site
Hello world	Thread-2837	5

time: 946687401.7971929
diff: 12.202807068824768
waiting
going to web site
Hello world	Thread-2895	6

time: 946687414.7991929
diff: 28.200807094573975
waiting
going to web site
Hello world	Thread-3012	4

time: 946687443.802193
diff: 26.19780695438385
waiting
going to web site
Hello world	Thread-3139	4

time: 946687470.802192
diff: 23.197808027267456
waiting
going to web site
Hello world	Thread-3243	4

time: 946687494.7971929
diff: 24.202807068824768
waiting
going to web site
Hello world	Thread-3350	3

time: 946687519.8031449
diff: 32.19685506820679
waiting
going to web site
Hello world	Thread-3492	7

time: 946687552.7971929
diff: 18.202807068824768
waiting
going to web site
Hello world	Thread-3579	2

time: 946687571.841833
diff: 11.158167004585266
waiting
going to web site
Hello world	Thread-3634	2

time: 946687583.841833
diff: 22.158167004585266
waiting
going to web site
Hello world	Thread-3729	3

time: 946687606.841833
diff: 12.158167004585266
waiting
going to web site
Hello world	Thread-3792	2

time: 946687619.841833
diff: 20.158167004585266
waiting
going to web site
Hello world	Thread-3877	2

time: 946687640.832833
diff: 24.16716694831848
waiting
going to web site
Hello world	Thread-3982	3

time: 946687665.832832
diff: 23.167168021202087
waiting
going to web site
Hello world	Thread-4102	2

time: 946687690.841833
diff: 22.158167004585266
waiting
going to web site
Hello world	Thread-4199	3

time: 946687713.841833
diff: 29.158167004585266
waiting
going to web site
Hello world	Thread-4334	2

time: 946687743.841833
diff: 24.158167004585266
waiting
going to web site
Hello world	Thread-4438	3

time: 946687768.841833
diff: 22.158167004585266
waiting
going to web site
Hello world	Thread-4545	4

time: 946687791.841833
diff: 31.158167004585266
waiting
going to web site
Hello world	Thread-4691	3

time: 946687823.841833
diff: 17.158167004585266
waiting
going to web site
Hello world	Thread-4770	2

time: 946687841.841833
diff: 21.158167004585266
waiting
going to web site
Hello world	Thread-4866	2

time: 946687863.841833
diff: 33.158167004585266
waiting
going to web site
Hello world	Thread-5026	3

time: 946687897.841833
diff: 20.158167004585266
waiting
going to web site
Hello world	Thread-5126	3

time: 946687919.841865
diff: 24.158135056495667
waiting
going to web site
Hello world	Thread-5243	3

time: 946687944.841833
diff: 6.158167004585266
waiting
going to web site
Hello world	Thread-5301	2

time: 946687954.841833
diff: 13.158167004585266
waiting
going to web site
Hello world	Thread-5355	2

time: 946687968.841833
diff: 22.158167004585266
waiting
going to web site
Hello world	Thread-5467	2

time: 946687991.841833
diff: 22.158167004585266
waiting
going to web site
Hello world	Thread-5579	5

time: 946688015.841833
diff: 15.158167004585266
waiting
going to web site
Hello world	Thread-5647	2

time: 946688031.841833
diff: 21.158167004585266
waiting
going to web site
Hello world	Thread-5749	3

time: 946688053.841833
diff: 25.158167004585266
waiting
going to web site
Hello world	Thread-5865	2

time: 946688079.841833
diff: 19.158167004585266
waiting
going to web site
Hello world	Thread-5946	2

time: 946688099.841833
diff: 33.158167004585266
waiting
going to web site
Hello world	Thread-6094	2

time: 946688133.841833
diff: 12.158167004585266
waiting
going to web site
Hello world	Thread-6183	4

time: 946688153.841833
diff: 14.158167004585266
waiting
going to web site
Hello world	Thread-6248	2

time: 946688168.841833
diff: 30.158167004585266
waiting
going to web site
Hello world	Thread-6377	4

time: 946688199.843356
diff: 15.156643986701965
waiting
going to web site
Hello world	Thread-6452	3

time: 946688215.8367119
diff: 17.163288116455078
waiting
going to web site
Hello world	Thread-6528	4

time: 946688233.836713
diff: 19.163287043571472
waiting
going to web site
Hello world	Thread-6615	3

time: 946688253.836713
diff: 25.163287043571472
waiting
going to web site
Hello world	Thread-6730	4

time: 946688279.836713
diff: 10.163287043571472
waiting
going to web site
Hello world	Thread-6783	2

time: 946688290.836713
diff: 34.16328704357147
waiting
going to web site
Hello world	Thread-6938	4

time: 946688325.839713
diff: 18.160287022590637
waiting
going to web site
Hello world	Thread-7015	2

time: 946688344.836713
diff: 21.163287043571472
waiting
going to web site
Hello world	Thread-7114	2

time: 946688366.839713
diff: 15.160287022590637
waiting
going to web site
Hello world	Thread-7187	4

time: 946688382.836713
diff: 30.163287043571472
waiting
going to web site
Hello world	Thread-7326	2

time: 946688413.836713
diff: 22.163287043571472
waiting
going to web site
Hello world	Thread-7427	2

time: 946688436.836713
diff: 20.163287043571472
waiting
going to web site
Hello world	Thread-7518	4

time: 946688457.836713
diff: 40.16328704357147
waiting
going to web site
Hello world	Thread-7709	2

time: 946688499.843713
diff: 27.15628695487976
waiting
going to web site
Hello world	Thread-7826	4

time: 946688527.840712
diff: 11.159288048744202
waiting
going to web site
Hello world	Thread-7885	3

time: 946688539.836713
diff: 35.16328704357147
waiting
going to web site
Hello world	Thread-8043	5

time: 946688575.836713
diff: 16.163287043571472
waiting
going to web site
Hello world	Thread-8116	5

time: 946688592.836713
diff: 13.163287043571472
waiting
going to web site
Hello world	Thread-8177	2

time: 946688606.836713
diff: 23.163287043571472
waiting
going to web site
Hello world	Thread-8278	4

time: 946688630.836713
diff: 16.163287043571472
waiting
going to web site
Hello world	Thread-8348	3

time: 946688647.839713
diff: 6.160287022590637
waiting
going to web site
Hello world	Thread-8381	5

time: 946688654.836713
diff: 34.16328704357147
waiting
going to web site
Hello world	Thread-8530	4

time: 946688689.836713
diff: 27.163287043571472
waiting
going to web site
Hello world	Thread-8638	2

time: 946688717.836713
diff: 14.163287043571472
waiting
going to web site
Hello world	Thread-8700	3

time: 946688732.836713
diff: 15.163287043571472
waiting
going to web site
Hello world	Thread-8766	2

time: 946688748.836713
diff: 15.163287043571472
waiting
going to web site
Hello world	Thread-8823	2

time: 946688764.836713
diff: 31.163287043571472
waiting
going to web site
Hello world	Thread-8947	5

time: 946688796.836713
diff: 27.163287043571472
waiting
going to web site
Hello world	Thread-9061	3

time: 946688824.699561
diff: 28.3004390001297
waiting
going to web site
Hello world	Thread-9196	4

time: 946688853.699561
diff: 18.3004390001297
waiting
going to web site
Hello world	Thread-9265	5

time: 946688872.699561
diff: 30.3004390001297
waiting
going to web site
Hello world	Thread-9403	3

time: 946688903.699561
diff: 24.3004390001297
waiting
going to web site
Hello world	Thread-9509	6

time: 946688928.699561
diff: 22.3004390001297
waiting
going to web site
Hello world	Thread-9607	4

time: 946688951.699561
diff: 26.3004390001297
waiting
going to web site
Hello world	Thread-9737	2

time: 946688978.699561
diff: 23.3004390001297
waiting
going to web site
Hello world	Thread-9850	5

time: 946689002.699561
diff: 22.3004390001297
waiting
going to web site
Hello world	Thread-9954	7

time: 946689025.699561
diff: 28.3004390001297
waiting
going to web site
Hello world	Thread-10081	4

time: 946689054.699561
diff: 21.3004390001297
waiting
going to web site
Hello world	Thread-10190	6

time: 946689076.699561
diff: 26.3004390001297
waiting
going to web site
Hello world	Thread-10309	6

time: 946689103.699561
diff: 19.3004390001297
waiting
going to web site
Hello world	Thread-10405	6

time: 946689123.699561
diff: 26.3004390001297
waiting
going to web site
Hello world	Thread-10537	5

time: 946689150.699561
diff: 10.3004390001297
waiting
going to web site
Hello world	Thread-10586	3

time: 946689161.714561
diff: 23.285439014434814
waiting
going to web site
Hello world	Thread-10705	4

time: 946689185.699561
diff: 24.3004390001297
waiting
going to web site
Hello world	Thread-10819	6

time: 946689210.699561
diff: 29.3004390001297
waiting
going to web site
Hello world	Thread-10965	3

time: 946689240.699561
diff: 14.3004390001297
waiting
going to web site
Hello world	Thread-11041	6

time: 946689255.699561
diff: 21.3004390001297
waiting
going to web site
Hello world	Thread-11138	7

time: 946689277.714592
diff: 11.285408020019531
waiting
going to web site
Hello world	Thread-11201	4

time: 946689289.699561
diff: 27.3004390001297
waiting
going to web site
Hello world	Thread-11334	4

time: 946689317.699561
diff: 14.3004390001297
waiting
going to web site
Hello world	Thread-11403	3

time: 946689332.699561
diff: 10.3004390001297
waiting
going to web site
Hello world	Thread-11454	5

time: 946689343.699561
diff: 31.3004390001297
waiting
going to web site
Hello world	Thread-11609	4

time: 946689375.699561
diff: 16.3004390001297
waiting
going to web site
Hello world	Thread-11686	5

time: 946689392.7085611
diff: 29.291438937187195
waiting
going to web site
Hello world	Thread-11814	4

time: 946689422.6995599
diff: 10.300440073013306
waiting
going to web site
Hello world	Thread-11875	4

time: 946689433.845833
diff: 38.15416705608368
waiting
going to web site
Hello world	Thread-12046	5

time: 946689472.841833
diff: 9.158167004585266
waiting
going to web site
Hello world	Thread-12099	5

time: 946689482.832833
diff: 17.16716694831848
waiting
going to web site
Hello world	Thread-12173	3

time: 946689500.842832
diff: 18.15716803073883
waiting
going to web site
Hello world	Thread-12255	2

time: 946689519.841833
diff: 26.158167004585266
waiting
going to web site
Hello world	Thread-12388	3

time: 946689546.841833
diff: 16.158167004585266
waiting
going to web site
Hello world	Thread-12474	3

time: 946689564.841833
diff: 14.158167004585266
waiting
going to web site
Hello world	Thread-12534	3

time: 946689579.841833
diff: 34.158167004585266
waiting
going to web site
Hello world	Thread-12685	6

time: 946689614.832833
diff: 24.16716694831848
waiting
going to web site
Hello world	Thread-12805	5

time: 946689639.832832
diff: 8.167168021202087
waiting
going to web site
Hello world	Thread-12853	5

time: 946689649.841833
diff: 20.158167004585266
waiting
going to web site
Hello world	Thread-12949	3

time: 946689670.832833
diff: 13.167166948318481
waiting
going to web site
Hello world	Thread-13023	7

time: 946689684.832832
diff: 30.167168021202087
waiting
going to web site
Hello world	Thread-13162	3

time: 946689715.841833
diff: 26.158167004585266
waiting
going to web site
Hello world	Thread-13284	3

time: 946689743.842833
diff: 17.157166957855225
waiting
going to web site
Hello world	Thread-13374	4

time: 946689761.832832
diff: 29.167168021202087
waiting
going to web site
Hello world	Thread-13503	6

time: 946689791.832833
diff: 30.16716694831848
waiting
going to web site
Hello world	Thread-13650	4

time: 946689822.832832
diff: 22.167168021202087
waiting
going to web site
Hello world	Thread-13754	4

time: 946689845.841833
diff: 21.158167004585266
waiting
going to web site
Hello world	Thread-13869	2

time: 946689868.869507
diff: 6.1304930448532104
waiting
going to web site
Hello world	Thread-13895	2

time: 946689875.851665
diff: 18.148334980010986
waiting
going to web site
Hello world	Thread-13979	3

time: 946689894.832832
diff: 25.167168021202087
waiting
going to web site
Hello world	Thread-14090	2

time: 946689920.836833
diff: 21.163166999816895
waiting
going to web site
Hello world	Thread-14185	6

time: 946689942.832832
diff: 13.167168021202087
waiting
going to web site
Hello world	Thread-14260	2

time: 946689957.841833
diff: 19.158167004585266
waiting
going to web site
Hello world	Thread-14335	3

time: 946689977.8588331
diff: 27.141166925430298
waiting
going to web site
Hello world	Thread-14466	5

time: 946690005.832832
diff: 11.167168021202087
waiting
going to web site
Hello world	Thread-14524	4

time: 946690018.841833
diff: 13.158167004585266
waiting
going to web site
Hello world	Thread-14582	3

time: 946690032.850833
diff: 33.14916694164276
waiting
going to web site
Hello world	Thread-14727	5

time: 946690066.5350641
diff: 28.464935898780823
waiting
going to web site
Hello world	Thread-14848	6

time: 946690095.535192
diff: 13.464807987213135
waiting
going to web site
Hello world	Thread-14912	5

time: 946690109.5350641
diff: 20.464935898780823
waiting
going to web site
Hello world	Thread-14998	7

time: 946690130.534518
diff: 19.465481996536255
waiting
going to web site
Hello world	Thread-15079	6

time: 946690150.5350641
diff: 31.464935898780823
waiting
going to web site
Hello world	Thread-15212	7

time: 946690182.5350641
diff: 20.464935898780823
waiting
going to web site
Hello world	Thread-15304	7

time: 946690203.5350641
diff: 30.464935898780823
waiting
going to web site
Hello world	Thread-15442	6

time: 946690234.5350641
diff: 16.464935898780823
waiting
going to web site
Hello world	Thread-15512	7

time: 946690251.5294169
diff: 34.47058308124542
waiting
going to web site
Hello world	Thread-15667	6

time: 946690286.5448331
diff: 18.455166935920715
waiting
going to web site
Hello world	Thread-15751	4

time: 946690305.532325
diff: 16.46767497062683
waiting
going to web site
Hello world	Thread-15827	5

time: 946690322.5350641
diff: 30.464935898780823
waiting
going to web site
Hello world	Thread-15957	5

time: 946690353.5350641
diff: 19.464935898780823
waiting
going to web site
Hello world	Thread-16042	7

time: 946690373.5350641
diff: 18.464935898780823
waiting
going to web site
Hello world	Thread-16125	5

time: 946690392.5350641
diff: 26.464935898780823
waiting
going to web site
Hello world	Thread-16241	5

time: 946690419.5350641
diff: 21.464935898780823
waiting
going to web site
Hello world	Thread-16336	7

time: 946690441.5350649
diff: 27.464935064315796
waiting
going to web site
Hello world	Thread-16462	5

time: 946690469.544065
diff: 26.45593500137329
waiting
going to web site
Hello world	Thread-16582	6

time: 946690496.526065
diff: 12.473935008049011
waiting
going to web site
Hello world	Thread-16636	6

time: 946690509.542065
diff: 29.457934975624084
waiting
going to web site
Hello world	Thread-16768	7

time: 946690539.540065
diff: 20.459934949874878
waiting
going to web site
Hello world	Thread-16856	7

time: 946690560.530064
diff: 12.46993601322174
waiting
going to web site
Hello world	Thread-16914	4

time: 946690573.5350649
diff: 31.464935064315796
waiting
going to web site
Hello world	Thread-17049	6

time: 946690605.5350649
diff: 21.464935064315796
waiting
going to web site
Hello world	Thread-17144	6

time: 946690627.526065
diff: 20.47393500804901
waiting
going to web site
Hello world	Thread-17230	6

time: 946690648.544065
diff: 20.45593500137329
waiting
going to web site
Hello world	Thread-17325	4

time: 946690669.832833
diff: 28.16716694831848
waiting
going to web site
Hello world	Thread-17453	3

time: 946690698.832832
diff: 17.167168021202087
waiting
going to web site
Hello world	Thread-17531	2

time: 946690716.832833
diff: 35.16716694831848
waiting
going to web site
Hello world	Thread-17683	4

time: 946690752.832832
diff: 13.167168021202087
waiting
going to web site
Hello world	Thread-17752	2

time: 946690767.841833
diff: 25.158167004585266
waiting
going to web site
Hello world	Thread-17873	2

time: 946690793.8426639
diff: 8.157336115837097
waiting
going to web site
Hello world	Thread-17903	2

time: 946690802.832833
diff: 26.16716694831848
waiting
going to web site
Hello world	Thread-18024	5

time: 946690829.832832
diff: 11.167168021202087
waiting
going to web site
Hello world	Thread-18071	2

time: 946690841.841833
diff: 23.158167004585266
waiting
going to web site
Hello world	Thread-18167	2

time: 946690865.841833
diff: 36.158167004585266
waiting
going to web site
Hello world	Thread-18325	2

time: 946690902.832833
diff: 23.16716694831848
waiting
going to web site
Hello world	Thread-18419	6

time: 946690926.832832
diff: 21.167168021202087
waiting
going to web site
Hello world	Thread-18522	3

time: 946690948.832833
diff: 37.16716694831848
waiting
going to web site
Hello world	Thread-18686	5

time: 946690986.832832
diff: 10.167168021202087
waiting
going to web site
Hello world	Thread-18739	2

time: 946690998.8478329
diff: 25.152167081832886
waiting
going to web site
Hello world	Thread-18849	2

time: 946691024.841833
diff: 19.158167004585266
waiting
going to web site
Hello world	Thread-18943	2

time: 946691044.845833
diff: 25.15416705608368
waiting
going to web site
Hello world	Thread-19052	2

time: 946691070.832833
diff: 13.167166948318481
waiting
going to web site
Hello world	Thread-19115	5

time: 946691084.832832
diff: 37.16716802120209
waiting
going to web site
Hello world	Thread-19289	2

time: 946691122.832833
diff: 4.1671669483184814
waiting
going to web site
Hello world	Thread-19308	2

time: 946691127.836832
diff: 41.16316795349121
waiting
going to web site
Hello world	Thread-19495	4

time: 946691169.832832
diff: 12.167168021202087
waiting
going to web site
Hello world	Thread-19554	2

time: 946691182.841833
diff: 31.158167004585266
waiting
going to web site
Hello world	Thread-19698	2

time: 946691214.841833
diff: 12.158167004585266
waiting
going to web site
Hello world	Thread-19762	2

time: 946691227.842241
diff: 20.157758951187134
waiting
going to web site
Hello world	Thread-19861	3

time: 946691249.851481
diff: 26.148519039154053
waiting
going to web site
Hello world	Thread-19990	3

time: 946691277.845833
diff: 23.15416705608368
waiting
going to web site
Hello world	Thread-20098	5

time: 946691301.832833
diff: 25.16716694831848
waiting
going to web site
Hello world	Thread-20229	3

time: 946691327.832832
diff: 11.167168021202087
waiting
going to web site
Hello world	Thread-20283	3

time: 946691339.832833
diff: 18.16716694831848
waiting
going to web site
Hello world	Thread-20366	3

time: 946691358.832832
diff: 31.167168021202087
waiting
going to web site
Hello world	Thread-20541	2

time: 946691390.84224
diff: 10.15776002407074
waiting
going to web site
Hello world	Thread-20590	2

time: 946691401.832833
diff: 17.16716694831848
waiting
going to web site
Hello world	Thread-20677	4

time: 946691419.832832
diff: 28.167168021202087
waiting
going to web site
Hello world	Thread-20812	2

time: 946691448.841833
diff: 14.158167004585266
waiting
going to web site
Hello world	Thread-20889	2

time: 946691463.841833
diff: 28.158167004585266
waiting
going to web site
Hello world	Thread-21024	2

time: 946691493.861249
diff: 24.13875102996826
waiting
going to web site
Hello world	Thread-21140	3

time: 946691518.832833
diff: 23.16716694831848
waiting
going to web site
Hello world	Thread-21256	2

time: 946691542.832832
diff: 20.167168021202087
waiting
going to web site
Hello world	Thread-21348	2

time: 946691563.832833
diff: 1.1671669483184814
waiting
going to web site
Hello world	Thread-21355	5

time: 946691565.832832
diff: 20.167168021202087
waiting
going to web site
Hello world	Thread-21452	2

time: 946691586.841833
diff: 30.158167004585266
waiting
going to web site
Hello world	Thread-21593	3

time: 946691617.841833
diff: 17.158167004585266
waiting
going to web site
Hello world	Thread-21674	2

time: 946691635.841833
diff: 17.158167004585266
waiting
going to web site
Hello world	Thread-21759	2

time: 946691654.836833
diff: 18.163166999816895
waiting
going to web site
Hello world	Thread-21835	3

time: 946691673.832832
diff: 26.167168021202087
waiting
going to web site
Hello world	Thread-21959	2

time: 946691700.832833
diff: 24.16716694831848
waiting
going to web site
Hello world	Thread-22070	4

time: 946691725.832832
diff: 22.167168021202087
waiting
going to web site
Hello world	Thread-22173	2

time: 946691748.841833
diff: 6.158167004585266
waiting
going to web site
Hello world	Thread-22202	2

time: 946691755.841833
diff: 33.158167004585266
waiting
going to web site
Hello world	Thread-22362	2

time: 946691792.852833
diff: 9.147166967391968
waiting
going to web site
Hello world	Thread-22400	5

time: 946691802.832832
diff: 28.167168021202087
waiting
going to web site
Hello world	Thread-22530	4

time: 946691831.832833
diff: 28.16716694831848
waiting
going to web site
Hello world	Thread-22657	5

time: 946691860.832832
diff: 23.167168021202087
waiting
going to web site
Hello world	Thread-22767	4

time: 946691884.832833
diff: 12.167166948318481
waiting
going to web site
Hello world	Thread-22825	5

time: 946691897.832832
diff: 24.167168021202087
waiting
going to web site
Hello world	Thread-22939	4

time: 946691922.841833
diff: 32.158167004585266
waiting
going to web site
Hello world	Thread-23101	3

time: 946691956.841833
diff: 20.158167004585266
waiting
going to web site
Hello world	Thread-23190	5

time: 946691977.832833
diff: 7.1671669483184814
waiting
going to web site
Hello world	Thread-23230	3

time: 946691985.832832
diff: 24.167168021202087
waiting
going to web site
Hello world	Thread-23352	2

time: 946692011.845833
diff: 35.15416705608368
waiting
going to web site
Hello world	Thread-23564	5

time: 946692054.842833
diff: 7.157166957855225
waiting
going to web site
Hello world	Thread-23600	3

time: 946692062.832832
diff: 22.167168021202087
waiting
going to web site
Hello world	Thread-23705	4

time: 946692085.841833
diff: 24.158167004585266
waiting
going to web site
Hello world	Thread-23821	2

time: 946692110.841833
diff: 23.158167004585266
waiting
going to web site
Hello world	Thread-23938	3

time: 946692134.841833
diff: 18.158167004585266
waiting
going to web site
Hello world	Thread-24030	2

time: 946692153.841833
diff: 29.158167004585266
waiting
going to web site
Hello world	Thread-24160	6

time: 946692183.832833
diff: 15.167166948318481
waiting
going to web site
Hello world	Thread-24232	4

time: 946692199.832832
diff: 11.167168021202087
waiting
going to web site
Hello world	Thread-24289	5

time: 946692211.832833
diff: 17.16716694831848
waiting
going to web site
Hello world	Thread-24378	3

time: 946692229.832832
diff: 36.16716802120209
waiting
going to web site
Hello world	Thread-24542	2

time: 946692266.832833
diff: 9.167166948318481
waiting
going to web site
Hello world	Thread-24591	3

time: 946692277.832832
diff: 16.167168021202087
waiting
going to web site
Hello world	Thread-24664	2

time: 946692294.841833
diff: 27.158167004585266
waiting
going to web site
Hello world	Thread-24797	5

time: 946692322.832833
diff: 18.16716694831848
waiting
going to web site
Hello world	Thread-24873	3

time: 946692341.832832
diff: 16.167168021202087
waiting
going to web site
Hello world	Thread-24946	4

time: 946692358.841833
diff: 16.158167004585266
waiting
going to web site
Hello world	Thread-25024	2

time: 946692375.832833
diff: 21.16716694831848
waiting
going to web site
Hello world	Thread-25118	3

time: 946692397.832832
diff: 13.167168021202087
waiting
going to web site
Hello world	Thread-25169	2

time: 946692411.841833
diff: 25.158167004585266
waiting
going to web site
Hello world	Thread-25281	2

time: 946692437.841833
diff: 30.158167004585266
waiting
going to web site
Hello world	Thread-25407	2

time: 946692468.841833
diff: 18.158167004585266
waiting
going to web site
Hello world	Thread-25488	4

time: 946692487.544065
diff: 26.45593500137329
waiting
going to web site
Hello world	Thread-25605	4

time: 946692514.536065
diff: 35.463935017585754
waiting
going to web site
Hello world	Thread-25751	4

time: 946692550.526065
diff: 10.473935008049011
waiting
going to web site
Hello world	Thread-25799	5

time: 946692561.544065
diff: 29.45593500137329
waiting
going to web site
Hello world	Thread-25932	6

time: 946692591.5450649
diff: 21.45493507385254
waiting
going to web site
Hello world	Thread-26017	5

time: 946692613.544065
diff: 28.45593500137329
waiting
going to web site
Hello world	Thread-26135	4

time: 946692642.526065
diff: 16.47393500804901
waiting
going to web site
Hello world	Thread-26203	4

time: 946692659.5350649
diff: 27.464935064315796
waiting
going to web site
Hello world	Thread-26300	4

time: 946692687.5350649
diff: 23.464935064315796
waiting
going to web site
Hello world	Thread-26379	3

time: 946692711.526065
diff: 28.47393500804901
waiting
going to web site
Hello world	Thread-26466	3

time: 946692740.544065
diff: 19.45593500137329
waiting
going to web site
Hello world	Thread-26512	3

time: 946692760.5350649
diff: 6.464935064315796
waiting
going to web site
Hello world	Thread-26530	7

time: 946692767.5350649
diff: 38.464935064315796
waiting
going to web site
Hello world	Thread-26620	3

time: 946692806.5350649
diff: 10.464935064315796
waiting
going to web site
Hello world	Thread-26640	2

time: 946692817.5350649
diff: 35.464935064315796
waiting
going to web site
Hello world	Thread-26701	2

time: 946692853.526065
diff: 24.47393500804901
waiting
going to web site
Hello world	Thread-26735	2

time: 946692878.526065
diff: 17.47393500804901
waiting
going to web site
Hello world	Thread-26755	2

time: 946692896.526065
diff: 24.47393500804901
waiting
going to web site
Hello world	Thread-26777	3

time: 946692921.526065
diff: 16.47393500804901
waiting
going to web site
Hello world	Thread-26789	3

time: 946692938.5350649
diff: 21.464935064315796
waiting
going to web site
Hello world	Thread-26799	2

