time: 946686600.0
diff: 140.0
waiting
going to web site
Hello world	Thread-819	2

time: 946686740.545237
diff: 0.4547630548477173
waiting
going to web site
Hello world	Thread-826	4

time: 946686741.5450649
diff: 2.454935073852539
waiting
going to web site
Hello world	Thread-844	5

time: 946686744.54929
diff: 16.45071005821228
waiting
going to web site
Hello world	Thread-898	3

time: 946686761.5350649
diff: 0.4649350643157959
waiting
going to web site
Hello world	Thread-901	4

time: 946686762.544065
diff: 3.455935001373291
waiting
going to web site
Hello world	Thread-916	2

time: 946686766.533949
diff: 2.4660509824752808
waiting
going to web site
Hello world	Thread-216	4

time: 946686769.526064
diff: 2.4739359617233276
waiting
going to web site
Hello world	Thread-225	6

time: 946686772.5350641
diff: 3.4649358987808228
waiting
going to web site
Hello world	Thread-949	5

time: 946686776.530064
diff: -0.5300639867782593
going to web site
Hello world	Thread-953	3

time: 946686777.056128
diff: -1.0561280250549316
going to web site
Hello world	Thread-957	4

time: 946686777.596017
diff: -0.5960170030593872
going to web site
Hello world	Thread-960	3

time: 946686778.133081
diff: -1.1330809593200684
going to web site
Hello world	Thread-965	4

time: 946686778.659145
diff: -1.6591449975967407
going to web site
Hello world	Thread-968	3

time: 946686779.1932089
diff: -2.193208932876587
going to web site
Hello world	Thread-973	4

time: 946686779.744039
diff: -2.7440390586853027
going to web site
Hello world	Thread-975	2

time: 946686780.273103
diff: -3.2731029987335205
going to web site
Hello world	Thread-979	3

time: 946686780.7991669
diff: -2.7991669178009033
going to web site
Hello world	Thread-980	3

time: 946686781.325231
diff: -3.3252309560775757
going to web site
Hello world	Thread-985	2

time: 946686781.8662951
diff: -3.866295099258423
going to web site
Hello world	Thread-987	3

time: 946686782.392359
diff: -4.392359018325806
going to web site
Hello world	Thread-989	2

time: 946686782.918423
diff: 26.081576943397522
waiting
going to web site
Hello world	Thread-328	4

time: 946686809.534064
diff: 15.465935945510864
waiting
going to web site
Hello world	Thread-379	4

time: 946686825.538708
diff: 5.461292028427124
waiting
going to web site
Hello world	Thread-1241	5

time: 946686831.542065
diff: 0.4579349756240845
waiting
going to web site
Hello world	Thread-1247	5

time: 946686832.5350641
diff: -0.5350641012191772
going to web site
Hello world	Thread-1250	2

time: 946686833.068128
diff: -1.068127989768982
going to web site
Hello world	Thread-1254	5

time: 946686833.594192
diff: -1.5941920280456543
going to web site
Hello world	Thread-1257	2

time: 946686834.130813
diff: -2.1308130025863647
going to web site
Hello world	Thread-1261	3

time: 946686834.6608771
diff: -2.6608771085739136
going to web site
Hello world	Thread-1264	3

time: 946686835.186941
diff: -3.1869410276412964
going to web site
Hello world	Thread-1266	2

time: 946686835.7130051
diff: -3.7130050659179688
going to web site
Hello world	Thread-1268	2

time: 946686836.2390691
diff: -4.239069104194641
going to web site
Hello world	Thread-1269	3

time: 946686836.769141
diff: -4.769140958786011
going to web site
Hello world	Thread-1271	2

time: 946686837.295205
diff: -4.295204997062683
going to web site
Hello world	Thread-1273	2

time: 946686837.821269
diff: -4.8212690353393555
going to web site
Hello world	Thread-1274	2

time: 946686838.347333
diff: -4.347332954406738
going to web site
Hello world	Thread-1276	3

time: 946686838.873397
diff: -4.873396992683411
going to web site
Hello world	Thread-1277	3

time: 946686839.409593
diff: -5.409592986106873
going to web site
Hello world	Thread-1282	3

time: 946686839.980899
diff: -3.9808989763259888
going to web site
Hello world	Thread-424	3

time: 946686840.510963
diff: 0.48903703689575195
waiting
going to web site
Hello world	Thread-1291	3

time: 946686841.544065
diff: 10.455935001373291
waiting
going to web site
Hello world	Thread-469	2

time: 946686852.526065
diff: 19.47393500804901
waiting
going to web site
Hello world	Thread-530	5

time: 946686872.5380651
diff: 22.46193492412567
waiting
going to web site
Hello world	Thread-618	6

time: 946686895.5300651
diff: 8.469934940338135
waiting
going to web site
Hello world	Thread-654	6

time: 946686904.5330639
diff: 16.466936111450195
waiting
going to web site
Hello world	Thread-724	3

time: 946686921.5370649
diff: 26.462935090065002
waiting
going to web site
Hello world	Thread-838	5

time: 946686948.544065
diff: 15.455935001373291
waiting
going to web site
Hello world	Thread-909	3

time: 946686964.526065
diff: 38.47393500804901
waiting
going to web site
Hello world	Thread-1096	4

time: 946687003.544065
diff: 30.45593500137329
waiting
going to web site
Hello world	Thread-1236	5

time: 946687034.542065
diff: 19.457934975624084
waiting
going to web site
Hello world	Thread-1326	7

time: 946687054.5294169
diff: 12.470583081245422
waiting
going to web site
Hello world	Thread-1387	3

time: 946687067.535504
diff: 25.46449601650238
waiting
going to web site
Hello world	Thread-1503	7

time: 946687093.544065
diff: 25.45593500137329
waiting
going to web site
Hello world	Thread-1617	6

time: 946687119.5350649
diff: 25.464935064315796
waiting
going to web site
Hello world	Thread-1726	6

time: 946687145.533327
diff: 30.466673016548157
waiting
going to web site
Hello world	Thread-1847	7

time: 946687176.526065
diff: 7.473935008049011
waiting
going to web site
Hello world	Thread-1881	5

time: 946687184.526065
diff: 23.47393500804901
waiting
going to web site
Hello world	Thread-1985	7

time: 946687208.5450649
diff: 33.45493507385254
waiting
going to web site
Hello world	Thread-2130	5

time: 946687242.5300651
diff: 30.469934940338135
waiting
going to web site
Hello world	Thread-2270	8

time: 946687273.5350641
diff: 19.464935898780823
waiting
going to web site
Hello world	Thread-2363	8

time: 946687293.532064
diff: 24.467936038970947
waiting
going to web site
Hello world	Thread-2474	5

time: 946687318.5350649
diff: 16.464935064315796
waiting
going to web site
Hello world	Thread-2544	7

time: 946687335.542065
diff: 22.457934975624084
waiting
going to web site
Hello world	Thread-2650	3

time: 946687358.832832
diff: 7.167168021202087
waiting
going to web site
Hello world	Thread-2681	3

time: 946687366.841833
diff: 23.158167004585266
waiting
going to web site
Hello world	Thread-2797	2

time: 946687391.841833
diff: 21.158167004585266
waiting
going to web site
Hello world	Thread-2894	2

time: 946687413.851833
diff: 15.14816701412201
waiting
going to web site
Hello world	Thread-2962	2

time: 946687429.841833
diff: 26.158167004585266
waiting
going to web site
Hello world	Thread-3083	5

time: 946687457.851833
diff: 33.14816701412201
waiting
going to web site
Hello world	Thread-3232	4

time: 946687491.832833
diff: 18.16716694831848
waiting
going to web site
Hello world	Thread-3307	4

time: 946687510.832832
diff: 22.167168021202087
waiting
going to web site
Hello world	Thread-3414	2

time: 946687533.832833
diff: 15.167166948318481
waiting
going to web site
Hello world	Thread-3481	4

time: 946687549.832832
diff: 31.167168021202087
waiting
going to web site
Hello world	Thread-3629	3

time: 946687582.841833
diff: 14.158167004585266
waiting
going to web site
Hello world	Thread-3693	2

time: 946687598.845833
diff: 37.15416705608368
waiting
going to web site
Hello world	Thread-3863	4

time: 946687636.841833
diff: 23.158167004585266
waiting
going to web site
Hello world	Thread-3972	2

time: 946687661.841833
diff: 15.158167004585266
waiting
going to web site
Hello world	Thread-4039	4

time: 946687677.832833
diff: 33.16716694831848
waiting
going to web site
Hello world	Thread-4184	7

time: 946687711.832832
diff: 14.167168021202087
waiting
going to web site
Hello world	Thread-4257	2

time: 946687726.841833
diff: 9.158167004585266
waiting
going to web site
Hello world	Thread-4302	3

time: 946687736.841833
diff: 25.158167004585266
waiting
going to web site
Hello world	Thread-4414	3

time: 946687762.841833
diff: 15.158167004585266
waiting
going to web site
Hello world	Thread-4489	7

time: 946687778.832833
diff: 29.16716694831848
waiting
going to web site
Hello world	Thread-4626	3

time: 946687808.832832
diff: 9.167168021202087
waiting
going to web site
Hello world	Thread-4665	3

time: 946687818.841833
diff: 17.158167004585266
waiting
going to web site
Hello world	Thread-4749	3

time: 946687836.841833
diff: 29.158167004585266
waiting
going to web site
Hello world	Thread-4882	4

time: 946687866.841833
diff: 25.158167004585266
waiting
going to web site
Hello world	Thread-4999	3

time: 946687892.859833
diff: 19.140166997909546
waiting
going to web site
Hello world	Thread-5091	6

time: 946687912.832832
diff: 29.167168021202087
waiting
going to web site
Hello world	Thread-5238	4

time: 946687942.841833
diff: 21.158167004585266
waiting
going to web site
Hello world	Thread-5337	4

time: 946687964.841833
diff: 19.158167004585266
waiting
going to web site
Hello world	Thread-5435	4

time: 946687984.832833
diff: 20.16716694831848
waiting
going to web site
Hello world	Thread-5526	5

time: 946688005.832832
diff: 18.167168021202087
waiting
going to web site
Hello world	Thread-5622	3

time: 946688025.842833
diff: 19.157166957855225
waiting
going to web site
Hello world	Thread-5704	4

time: 946688045.832832
diff: 8.167168021202087
waiting
going to web site
Hello world	Thread-5755	5

time: 946688054.841833
diff: 20.158167004585266
waiting
going to web site
Hello world	Thread-5850	2

time: 946688076.841833
diff: 24.158167004585266
waiting
going to web site
Hello world	Thread-5954	4

time: 946688101.832833
diff: 32.16716694831848
waiting
going to web site
Hello world	Thread-6097	6

time: 946688134.832832
diff: 17.167168021202087
waiting
going to web site
Hello world	Thread-6181	2

time: 946688152.836833
diff: 22.163166999816895
waiting
going to web site
Hello world	Thread-6270	4

time: 946688175.832832
diff: 25.167168021202087
waiting
going to web site
Hello world	Thread-6387	2

time: 946688201.851507
diff: 24.14849305152893
waiting
going to web site
Hello world	Thread-6501	2

time: 946688226.832833
diff: 19.16716694831848
waiting
going to web site
Hello world	Thread-6587	5

time: 946688246.832832
diff: 40.16716802120209
waiting
going to web site
Hello world	Thread-6769	3

time: 946688287.841833
diff: 12.158167004585266
waiting
going to web site
Hello world	Thread-6821	2

time: 946688300.841833
diff: 20.158167004585266
waiting
going to web site
Hello world	Thread-6922	2

time: 946688321.832833
diff: 29.16716694831848
waiting
going to web site
Hello world	Thread-7046	5

time: 946688351.832832
diff: 20.167168021202087
waiting
going to web site
Hello world	Thread-7141	5

time: 946688372.832833
diff: 31.16716694831848
waiting
going to web site
Hello world	Thread-7284	4

time: 946688404.832832
diff: 16.167168021202087
waiting
going to web site
Hello world	Thread-7363	3

time: 946688421.845833
diff: 20.15416705608368
waiting
going to web site
Hello world	Thread-7459	2

time: 946688442.841833
diff: 12.158167004585266
waiting
going to web site
Hello world	Thread-7508	2

time: 946688455.841833
diff: 15.158167004585266
waiting
going to web site
Hello world	Thread-7588	2

time: 946688471.841833
diff: 28.158167004585266
waiting
going to web site
Hello world	Thread-7716	2

time: 946688500.841833
diff: 9.158167004585266
waiting
going to web site
Hello world	Thread-7755	2

time: 946688510.841833
diff: 22.158167004585266
waiting
going to web site
Hello world	Thread-7847	2

time: 946688533.841833
diff: 24.158167004585266
waiting
going to web site
Hello world	Thread-7966	2

time: 946688558.845833
diff: 31.15416705608368
waiting
going to web site
Hello world	Thread-8105	4

time: 946688590.699561
diff: 17.3004390001297
waiting
going to web site
Hello world	Thread-8182	5

time: 946688608.699561
diff: 23.3004390001297
waiting
going to web site
Hello world	Thread-8288	4

time: 946688632.699561
diff: 28.3004390001297
waiting
going to web site
Hello world	Thread-8412	5

time: 946688661.699561
diff: 27.3004390001297
waiting
going to web site
Hello world	Thread-8529	5

time: 946688689.699561
diff: 35.3004390001297
waiting
going to web site
Hello world	Thread-8674	3

time: 946688725.699561
diff: 20.3004390001297
waiting
going to web site
Hello world	Thread-8757	3

time: 946688746.699561
diff: 22.3004390001297
waiting
going to web site
Hello world	Thread-8843	5

time: 946688769.699561
diff: 29.3004390001297
waiting
going to web site
Hello world	Thread-8963	7

time: 946688799.699561
diff: 11.3004390001297
waiting
going to web site
Hello world	Thread-9015	5

time: 946688811.699561
diff: 22.3004390001297
waiting
going to web site
Hello world	Thread-9110	5

time: 946688834.699561
diff: 32.3004390001297
waiting
going to web site
Hello world	Thread-9251	4

time: 946688867.699561
diff: 26.3004390001297
waiting
going to web site
Hello world	Thread-9371	4

time: 946688894.699561
diff: 25.3004390001297
waiting
going to web site
Hello world	Thread-9479	3

time: 946688920.699561
diff: 7.3004390001297
waiting
going to web site
Hello world	Thread-9508	5

time: 946688928.699561
diff: 26.3004390001297
waiting
going to web site
Hello world	Thread-9630	5

time: 946688955.699561
diff: 13.3004390001297
waiting
going to web site
Hello world	Thread-9695	5

time: 946688969.699561
diff: 34.3004390001297
waiting
going to web site
Hello world	Thread-9859	7

time: 946689004.699561
diff: 11.3004390001297
waiting
going to web site
Hello world	Thread-9916	5

time: 946689016.699561
diff: 22.3004390001297
waiting
going to web site
Hello world	Thread-10019	4

time: 946689039.699561
diff: 25.3004390001297
waiting
going to web site
Hello world	Thread-10133	4

time: 946689065.699561
diff: 14.3004390001297
waiting
going to web site
Hello world	Thread-10212	6

time: 946689080.722561
diff: 20.27743899822235
waiting
going to web site
Hello world	Thread-10300	5

time: 946689101.6995599
diff: 7.300440073013306
waiting
going to web site
Hello world	Thread-10339	4

time: 946689109.699561
diff: 26.3004390001297
waiting
going to web site
Hello world	Thread-10469	4

time: 946689136.699561
diff: 24.3004390001297
waiting
going to web site
Hello world	Thread-10584	5

time: 946689161.714561
diff: 19.285439014434814
waiting
going to web site
Hello world	Thread-10682	4

time: 946689181.699561
diff: 24.3004390001297
waiting
going to web site
Hello world	Thread-10807	4

time: 946689206.841833
diff: 22.158167004585266
waiting
going to web site
Hello world	Thread-10916	3

time: 946689229.841833
diff: 24.158167004585266
waiting
going to web site
Hello world	Thread-11045	4

time: 946689255.845833
diff: 23.15416705608368
waiting
going to web site
Hello world	Thread-11153	4

time: 946689279.8378329
diff: 14.162167072296143
waiting
going to web site
Hello world	Thread-11226	3

time: 946689294.832833
diff: 15.167166948318481
waiting
going to web site
Hello world	Thread-11308	4

time: 946689311.836832
diff: 26.16316795349121
waiting
going to web site
Hello world	Thread-11437	4

time: 946689338.832832
diff: 11.167168021202087
waiting
going to web site
Hello world	Thread-11489	3

time: 946689350.841833
diff: 21.158167004585266
waiting
going to web site
Hello world	Thread-11601	4

time: 946689373.845833
diff: 17.15416705608368
waiting
going to web site
Hello world	Thread-11681	5

time: 946689391.832833
diff: 30.16716694831848
waiting
going to web site
Hello world	Thread-11833	3

time: 946689425.836832
diff: 25.16316795349121
waiting
going to web site
Hello world	Thread-11953	4

time: 946689452.832832
diff: 3.1671680212020874
waiting
going to web site
Hello world	Thread-11975	3

time: 946689456.844833
diff: 16.15516698360443
waiting
going to web site
Hello world	Thread-12054	3

time: 946689473.832832
diff: 24.167168021202087
waiting
going to web site
Hello world	Thread-12168	3

time: 946689498.832833
diff: 26.16716694831848
waiting
going to web site
Hello world	Thread-12282	4

time: 946689525.832832
diff: 24.167168021202087
waiting
going to web site
Hello world	Thread-12404	4

time: 946689550.832833
diff: 28.16716694831848
waiting
going to web site
Hello world	Thread-12532	5

time: 946689579.832832
diff: 27.167168021202087
waiting
going to web site
Hello world	Thread-12654	4

time: 946689607.841833
diff: 28.158167004585266
waiting
going to web site
Hello world	Thread-12793	4

time: 946689636.832833
diff: 19.16716694831848
waiting
going to web site
Hello world	Thread-12882	6

time: 946689656.832832
diff: 4.167168021202087
waiting
going to web site
Hello world	Thread-12914	3

time: 946689662.842833
diff: 15.157166957855225
waiting
going to web site
Hello world	Thread-12989	6

time: 946689678.832832
diff: 18.167168021202087
waiting
going to web site
Hello world	Thread-13079	4

time: 946689697.841833
diff: 30.158167004585266
waiting
going to web site
Hello world	Thread-13216	3

time: 946689729.841833
diff: 13.158167004585266
waiting
going to web site
Hello world	Thread-13281	6

time: 946689743.832833
diff: 25.16716694831848
waiting
going to web site
Hello world	Thread-13404	6

time: 946689769.832832
diff: 18.167168021202087
waiting
going to web site
Hello world	Thread-13489	4

time: 946689788.841833
diff: 17.158167004585266
waiting
going to web site
Hello world	Thread-13577	2

time: 946689807.860037
diff: 10.139963030815125
waiting
going to web site
Hello world	Thread-13635	2

time: 946689818.850037
diff: 30.14996302127838
waiting
going to web site
Hello world	Thread-13781	2

time: 946689849.859037
diff: 26.140962958335876
waiting
going to web site
Hello world	Thread-13899	5

time: 946689876.849036
diff: 16.15096402168274
waiting
going to web site
Hello world	Thread-13978	2

time: 946689893.858037
diff: 31.141963005065918
waiting
going to web site
Hello world	Thread-14119	2

time: 946689925.859037
diff: 16.140962958335876
waiting
going to web site
Hello world	Thread-14187	2

time: 946689942.860036
diff: 26.13996398448944
waiting
going to web site
Hello world	Thread-14306	2

time: 946689969.863036
diff: 17.136963963508606
waiting
going to web site
Hello world	Thread-14389	5

time: 946689987.849036
diff: 30.15096402168274
waiting
going to web site
Hello world	Thread-14525	2

time: 946690018.859037
diff: 29.140962958335876
waiting
going to web site
Hello world	Thread-14650	2

time: 946690048.849036
diff: 31.15096402168274
waiting
going to web site
Hello world	Thread-14785	2

time: 946690081.859037
diff: 13.140962958335876
waiting
going to web site
Hello world	Thread-14850	2

time: 946690095.850935
diff: 22.149065017700195
waiting
going to web site
Hello world	Thread-14980	2

time: 946690125.868037
diff: 0.13196301460266113
waiting
going to web site
Hello world	Thread-14986	2

time: 946690126.859037
diff: 29.140962958335876
waiting
going to web site
Hello world	Thread-15107	6

time: 946690156.849036
diff: 26.15096402168274
waiting
going to web site
Hello world	Thread-15219	2

time: 946690183.849037
diff: 25.150962948799133
waiting
going to web site
Hello world	Thread-15334	2

time: 946690209.850935
diff: 16.149065017700195
waiting
going to web site
Hello world	Thread-15428	2

time: 946690229.859037
diff: 28.140962958335876
waiting
going to web site
Hello world	Thread-15548	2

time: 946690258.850935
diff: 15.149065017700195
waiting
going to web site
Hello world	Thread-15625	2

time: 946690274.850037
diff: 24.14996302127838
waiting
going to web site
Hello world	Thread-15728	2

time: 946690299.849037
diff: 18.150962948799133
waiting
going to web site
Hello world	Thread-15813	4

time: 946690318.850788
diff: 16.14921200275421
waiting
going to web site
Hello world	Thread-15881	2

time: 946690335.859037
diff: 24.140962958335876
waiting
going to web site
Hello world	Thread-15984	3

time: 946690360.849036
diff: 26.15096402168274
waiting
going to web site
Hello world	Thread-16107	2

time: 946690387.854037
diff: 19.145962953567505
waiting
going to web site
Hello world	Thread-16195	6

time: 946690407.832832
diff: 32.16716802120209
waiting
going to web site
Hello world	Thread-16334	2

time: 946690440.841833
diff: 25.158167004585266
waiting
going to web site
Hello world	Thread-16448	4

time: 946690466.841833
diff: 26.158167004585266
waiting
going to web site
Hello world	Thread-16571	3

time: 946690493.8420401
diff: 23.157959938049316
waiting
going to web site
Hello world	Thread-16677	3

time: 946690517.832832
diff: 13.167168021202087
waiting
going to web site
Hello world	Thread-16733	3

time: 946690531.841833
diff: 13.158167004585266
waiting
going to web site
Hello world	Thread-16800	3

time: 946690545.841833
diff: 25.158167004585266
waiting
going to web site
Hello world	Thread-16911	2

time: 946690571.841833
diff: 16.158167004585266
waiting
going to web site
Hello world	Thread-16984	2

time: 946690588.841833
diff: 24.158167004585266
waiting
going to web site
Hello world	Thread-17088	3

time: 946690613.841833
diff: 14.158167004585266
waiting
going to web site
Hello world	Thread-17154	3

time: 946690628.841833
diff: 34.158167004585266
waiting
going to web site
Hello world	Thread-17299	3

time: 946690663.8378329
diff: 22.162167072296143
waiting
going to web site
Hello world	Thread-17404	3

time: 946690686.845833
diff: 20.15416705608368
waiting
going to web site
Hello world	Thread-17497	3

time: 946690708.841833
diff: 38.158167004585266
waiting
going to web site
Hello world	Thread-17670	3

time: 946690748.841833
diff: 18.158167004585266
waiting
going to web site
Hello world	Thread-17754	6

time: 946690767.841833
diff: 16.158167004585266
waiting
going to web site
Hello world	Thread-17829	5

time: 946690784.832833
diff: 14.167166948318481
waiting
going to web site
Hello world	Thread-17891	6

time: 946690799.832832
diff: 26.167168021202087
waiting
going to web site
Hello world	Thread-18009	3

time: 946690826.841833
diff: 28.158167004585266
waiting
going to web site
Hello world	Thread-18131	2

time: 946690856.8558329
diff: 24.144167065620422
waiting
going to web site
Hello world	Thread-18233	2

time: 946690881.841833
diff: 17.158167004585266
waiting
going to web site
Hello world	Thread-18315	5

time: 946690899.841833
diff: 21.158167004585266
waiting
going to web site
Hello world	Thread-18402	4

time: 946690921.841833
diff: 22.158167004585266
waiting
going to web site
Hello world	Thread-18502	4

time: 946690944.841833
diff: 31.158167004585266
waiting
going to web site
Hello world	Thread-18638	2

time: 946690976.841833
diff: 25.158167004585266
waiting
going to web site
Hello world	Thread-18758	2

time: 946691002.851349
diff: 13.148651003837585
waiting
going to web site
Hello world	Thread-18818	3

time: 946691016.839713
diff: 22.160287022590637
waiting
going to web site
Hello world	Thread-18917	3

time: 946691039.845713
diff: 17.154286980628967
waiting
going to web site
Hello world	Thread-19002	4

time: 946691057.8387121
diff: 32.161287903785706
waiting
going to web site
Hello world	Thread-19149	4

time: 946691091.8367119
diff: 10.163288116455078
waiting
going to web site
Hello world	Thread-19198	5

time: 946691102.836713
diff: 36.16328704357147
waiting
going to web site
Hello world	Thread-19362	6

time: 946691139.836713
diff: 16.163287043571472
waiting
going to web site
Hello world	Thread-19442	3

time: 946691156.836713
diff: 21.163287043571472
waiting
going to web site
Hello world	Thread-19540	2

time: 946691178.844713
diff: 18.15528702735901
waiting
going to web site
Hello world	Thread-19625	2

time: 946691197.836713
diff: 20.163287043571472
waiting
going to web site
Hello world	Thread-19753	2

time: 946691225.845713
diff: 6.154286980628967
waiting
going to web site
Hello world	Thread-19785	4

time: 946691232.839712
diff: 25.160287976264954
waiting
going to web site
Hello world	Thread-19909	5

time: 946691258.8367119
diff: 23.163288116455078
waiting
going to web site
Hello world	Thread-20015	2

time: 946691282.836713
diff: 27.163287043571472
waiting
going to web site
Hello world	Thread-20144	5

time: 946691310.8407129
diff: 27.159287095069885
waiting
going to web site
Hello world	Thread-20279	2

time: 946691338.836713
diff: 7.163287043571472
waiting
going to web site
Hello world	Thread-20329	2

time: 946691349.845713
diff: 16.154286980628967
waiting
going to web site
Hello world	Thread-20401	5

time: 946691366.8367119
diff: 17.163288116455078
waiting
going to web site
Hello world	Thread-20511	2

time: 946691384.845713
diff: 18.154286980628967
waiting
going to web site
Hello world	Thread-20600	2

time: 946691403.845712
diff: 23.154288053512573
waiting
going to web site
Hello world	Thread-20713	3

time: 946691427.839713
diff: 4.160287022590637
waiting
going to web site
Hello world	Thread-20736	3

time: 946691432.836713
diff: 34.16328704357147
waiting
going to web site
Hello world	Thread-20906	2

time: 946691467.843713
diff: 24.15628695487976
waiting
going to web site
Hello world	Thread-21019	2

time: 946691492.845712
diff: 13.154288053512573
waiting
going to web site
Hello world	Thread-21085	4

time: 946691506.836713
diff: 22.163287043571472
waiting
going to web site
Hello world	Thread-21195	3

time: 946691529.836713
diff: 8.163287043571472
waiting
going to web site
Hello world	Thread-21238	3

time: 946691538.839713
diff: 26.160287022590637
waiting
going to web site
Hello world	Thread-21356	4

time: 946691565.836713
diff: 18.163287043571472
waiting
going to web site
Hello world	Thread-21443	3

time: 946691584.836713
diff: 29.163287043571472
waiting
going to web site
Hello world	Thread-21584	2

time: 946691614.845713
diff: 32.15428698062897
waiting
going to web site
Hello world	Thread-21726	4

time: 946691647.832832
diff: 19.167168021202087
waiting
going to web site
Hello world	Thread-21805	4

time: 946691667.842833
diff: 24.157166957855225
waiting
going to web site
Hello world	Thread-21925	4

time: 946691692.832832
diff: 17.167168021202087
waiting
going to web site
Hello world	Thread-22008	3

time: 946691710.841833
diff: 40.158167004585266
waiting
going to web site
Hello world	Thread-22187	2

time: 946691751.845833
diff: 13.15416705608368
waiting
going to web site
Hello world	Thread-22247	2

time: 946691765.841833
diff: 7.158167004585266
waiting
going to web site
Hello world	Thread-22282	2

time: 946691773.8478329
diff: 34.152167081832886
waiting
going to web site
Hello world	Thread-22433	2

time: 946691808.841833
diff: 19.158167004585266
waiting
going to web site
Hello world	Thread-22523	2

time: 946691828.841833
diff: 23.158167004585266
waiting
going to web site
Hello world	Thread-22622	2

time: 946691852.832833
diff: 22.16716694831848
waiting
going to web site
Hello world	Thread-22724	3

time: 946691875.836832
diff: 18.16316795349121
waiting
going to web site
Hello world	Thread-22810	4

time: 946691894.832832
diff: 16.167168021202087
waiting
going to web site
Hello world	Thread-22882	2

time: 946691911.841833
diff: 29.158167004585266
waiting
going to web site
Hello world	Thread-23016	2

time: 946691941.841833
diff: 18.158167004585266
waiting
going to web site
Hello world	Thread-23115	3

time: 946691960.841833
diff: 15.158167004585266
waiting
going to web site
Hello world	Thread-23187	2

time: 946691976.841833
diff: 22.158167004585266
waiting
going to web site
Hello world	Thread-23300	3

time: 946692000.841833
diff: 19.158167004585266
waiting
going to web site
Hello world	Thread-23388	2

time: 946692020.841833
diff: 26.158167004585266
waiting
going to web site
Hello world	Thread-23566	4

time: 946692054.842833
diff: 15.157166957855225
waiting
going to web site
Hello world	Thread-23637	3

time: 946692070.832832
diff: 11.167168021202087
waiting
going to web site
Hello world	Thread-23690	3

time: 946692082.841833
diff: 31.158167004585266
waiting
going to web site
Hello world	Thread-23845	3

time: 946692114.841833
diff: 15.158167004585266
waiting
going to web site
Hello world	Thread-23920	2

time: 946692130.841833
diff: 19.158167004585266
waiting
going to web site
Hello world	Thread-24014	2

time: 946692150.833665
diff: 6.1663349866867065
waiting
going to web site
Hello world	Thread-24042	4

time: 946692157.836832
diff: 22.16316795349121
waiting
going to web site
Hello world	Thread-24143	5

time: 946692180.832832
diff: 19.167168021202087
waiting
going to web site
Hello world	Thread-24242	2

time: 946692201.841833
diff: 33.158167004585266
waiting
going to web site
Hello world	Thread-24399	2

time: 946692235.841833
diff: 16.158167004585266
waiting
going to web site
Hello world	Thread-24473	5

time: 946692252.5350649
diff: 26.464935064315796
waiting
going to web site
Hello world	Thread-24602	6

time: 946692279.544065
diff: 20.45593500137329
waiting
going to web site
Hello world	Thread-24696	4

time: 946692300.542065
diff: 34.457934975624084
waiting
going to web site
Hello world	Thread-24849	7

time: 946692335.534064
diff: 17.465935945510864
waiting
going to web site
Hello world	Thread-24920	5

time: 946692353.526064
diff: 17.473935961723328
waiting
going to web site
Hello world	Thread-25000	7

time: 946692371.5350649
diff: 25.464935064315796
waiting
going to web site
Hello world	Thread-25116	5

time: 946692397.5350649
diff: 32.464935064315796
waiting
going to web site
Hello world	Thread-25248	6

time: 946692430.544065
diff: 24.45593500137329
waiting
going to web site
Hello world	Thread-25349	6

time: 946692455.5300651
diff: 21.469934940338135
waiting
going to web site
Hello world	Thread-25451	6

time: 946692477.5350641
diff: 10.464935898780823
waiting
going to web site
Hello world	Thread-25490	6

time: 946692488.5350641
diff: 37.46493589878082
waiting
going to web site
Hello world	Thread-25647	6

time: 946692526.5350641
diff: 13.464935898780823
waiting
going to web site
Hello world	Thread-25706	5

time: 946692540.5350641
diff: 23.464935898780823
waiting
going to web site
Hello world	Thread-25809	6

time: 946692564.5350641
diff: 28.464935898780823
waiting
going to web site
Hello world	Thread-25937	3

time: 946692593.5350641
diff: 17.464935898780823
waiting
going to web site
Hello world	Thread-26006	6

time: 946692611.5350641
diff: 17.464935898780823
waiting
going to web site
Hello world	Thread-26088	4

time: 946692629.5350641
diff: 31.464935898780823
waiting
going to web site
Hello world	Thread-26211	5

time: 946692661.5350641
diff: 19.464935898780823
waiting
going to web site
Hello world	Thread-26278	6

time: 946692681.5350641
diff: 22.464935898780823
waiting
going to web site
Hello world	Thread-26354	3

time: 946692704.5350641
diff: 22.464935898780823
waiting
going to web site
Hello world	Thread-26421	5

time: 946692727.5350641
diff: 18.464935898780823
waiting
going to web site
Hello world	Thread-26479	6

