time: 946686600.0
diff: 200.0
waiting
going to web site
Hello world	Thread-299	7

time: 946686800.7205839
diff: 15.27941608428955
waiting
going to web site
Hello world	Thread-343	6

time: 946686816.735493
diff: 2.2645070552825928
waiting
going to web site
Hello world	Thread-1172	4

time: 946686819.7432729
diff: 0.25672709941864014
waiting
going to web site
Hello world	Thread-1178	4

time: 946686820.741325
diff: -0.7413250207901001
going to web site
Hello world	Thread-1182	6

time: 946686821.469909
diff: -0.4699089527130127
going to web site
Hello world	Thread-1186	4

time: 946686822.2063019
diff: -0.20630192756652832
going to web site
Hello world	Thread-1191	3

time: 946686822.9358859
diff: 0.06411409378051758
waiting
going to web site
Hello world	Thread-1196	5

time: 946686823.748585
diff: 0.2514150142669678
waiting
going to web site
Hello world	Thread-1203	5

time: 946686824.740585
diff: 0.25941503047943115
waiting
going to web site
Hello world	Thread-1210	6

time: 946686825.7273251
diff: 1.2726749181747437
waiting
going to web site
Hello world	Thread-1221	5

time: 946686827.721584
diff: 1.2784160375595093
waiting
going to web site
Hello world	Thread-1233	3

time: 946686829.732585
diff: 5.2674150466918945
waiting
going to web site
Hello world	Thread-409	5

time: 946686835.751856
diff: 21.248144030570984
waiting
going to web site
Hello world	Thread-486	3

time: 946686857.729665
diff: 4.270334959030151
waiting
going to web site
Hello world	Thread-1381	4

time: 946686862.725584
diff: -0.7255840301513672
going to web site
Hello world	Thread-1385	4

time: 946686863.447168
diff: 12.552832007408142
waiting
going to web site
Hello world	Thread-1422	4

time: 946686876.729585
diff: 2.27041494846344
waiting
going to web site
Hello world	Thread-561	5

time: 946686879.724584
diff: 0.2754160165786743
waiting
going to web site
Hello world	Thread-1437	6

time: 946686880.729585
diff: 0.27041494846343994
waiting
going to web site
Hello world	Thread-1444	4

time: 946686881.735077
diff: 15.264922976493835
waiting
going to web site
Hello world	Thread-628	6

time: 946686897.7205839
diff: 10.27941608428955
waiting
going to web site
Hello world	Thread-670	2

time: 946686908.732325
diff: 20.267675042152405
waiting
going to web site
Hello world	Thread-748	3

time: 946686929.744541
diff: 17.2554589509964
waiting
going to web site
Hello world	Thread-833	5

time: 946686947.7375851
diff: 18.262414932250977
waiting
going to web site
Hello world	Thread-918	5

time: 946686966.7205839
diff: 25.27941608428955
waiting
going to web site
Hello world	Thread-1041	7

time: 946686992.720585
diff: 17.279415011405945
waiting
going to web site
Hello world	Thread-1125	4

time: 946687010.732585
diff: 23.267415046691895
waiting
going to web site
Hello world	Thread-1238	4

time: 946687034.729585
diff: 36.27041494846344
waiting
going to web site
Hello world	Thread-1409	2

time: 946687071.7205839
diff: 13.27941608428955
waiting
going to web site
Hello world	Thread-1478	4

time: 946687086.741585
diff: 26.25841498374939
waiting
going to web site
Hello world	Thread-1591	3

time: 946687113.729584
diff: 26.270416021347046
waiting
going to web site
Hello world	Thread-1708	4

time: 946687140.729585
diff: 17.27041494846344
waiting
going to web site
Hello world	Thread-1780	7

time: 946687158.7205839
diff: 28.27941608428955
waiting
going to web site
Hello world	Thread-1896	4

time: 946687187.732325
diff: 20.267675042152405
waiting
going to web site
Hello world	Thread-1988	5

time: 946687208.729585
diff: 23.27041494846344
waiting
going to web site
Hello world	Thread-2093	4

time: 946687232.7205839
diff: 19.27941608428955
waiting
going to web site
Hello world	Thread-2174	6

time: 946687252.732325
diff: 27.267675042152405
waiting
going to web site
Hello world	Thread-2303	5

time: 946687280.729585
diff: 28.27041494846344
waiting
going to web site
Hello world	Thread-2433	3

time: 946687309.7205839
diff: 16.27941608428955
waiting
going to web site
Hello world	Thread-2496	7

time: 946687326.729585
diff: 29.27041494846344
waiting
going to web site
Hello world	Thread-2638	6

time: 946687356.7205839
diff: 25.27941608428955
waiting
going to web site
Hello world	Thread-2756	3

time: 946687382.7375851
diff: 15.262414932250977
waiting
going to web site
Hello world	Thread-2821	5

time: 946687398.7205839
diff: 8.27941608428955
waiting
going to web site
Hello world	Thread-2859	6

time: 946687407.841833
diff: 20.158167004585266
waiting
going to web site
Hello world	Thread-2958	5

time: 946687428.841833
diff: 25.158167004585266
waiting
going to web site
Hello world	Thread-3067	4

time: 946687454.832833
diff: 21.16716694831848
waiting
going to web site
Hello world	Thread-3163	3

time: 946687476.832832
diff: 17.167168021202087
waiting
going to web site
Hello world	Thread-3245	3

time: 946687494.832833
diff: 32.16716694831848
waiting
going to web site
Hello world	Thread-3388	2

time: 946687527.836832
diff: 24.16316795349121
waiting
going to web site
Hello world	Thread-3494	6

time: 946687552.832832
diff: 19.167168021202087
waiting
going to web site
Hello world	Thread-3584	3

time: 946687572.845833
diff: 29.15416705608368
waiting
going to web site
Hello world	Thread-3714	2

time: 946687603.845833
diff: 16.15416705608368
waiting
going to web site
Hello world	Thread-3805	3

time: 946687621.8508689
diff: 30.149131059646606
waiting
going to web site
Hello world	Thread-3928	2

time: 946687652.841833
diff: 13.158167004585266
waiting
going to web site
Hello world	Thread-3985	4

time: 946687666.832833
diff: 23.16716694831848
waiting
going to web site
Hello world	Thread-4101	5

time: 946687690.832832
diff: 31.167168021202087
waiting
going to web site
Hello world	Thread-4238	4

time: 946687722.841833
diff: 13.158167004585266
waiting
going to web site
Hello world	Thread-4303	4

time: 946687736.841833
diff: 29.158167004585266
waiting
going to web site
Hello world	Thread-4428	4

time: 946687766.832833
diff: 15.167166948318481
waiting
going to web site
Hello world	Thread-4509	6

time: 946687782.832832
diff: 13.167168021202087
waiting
going to web site
Hello world	Thread-4570	2

time: 946687796.841833
diff: 29.158167004585266
waiting
going to web site
Hello world	Thread-4722	2

time: 946687829.845833
diff: 18.15416705608368
waiting
going to web site
Hello world	Thread-4808	3

time: 946687848.851025
diff: 17.148975014686584
waiting
going to web site
Hello world	Thread-4883	3

time: 946687866.841833
diff: 11.158167004585266
waiting
going to web site
Hello world	Thread-4937	5

time: 946687878.832833
diff: 18.16716694831848
waiting
going to web site
Hello world	Thread-5023	4

time: 946687897.832832
diff: 37.16716802120209
waiting
going to web site
Hello world	Thread-5217	4

time: 946687938.841833
diff: 8.158167004585266
waiting
going to web site
Hello world	Thread-5268	2

time: 946687948.841833
diff: 21.158167004585266
waiting
going to web site
Hello world	Thread-5369	5

time: 946687970.84548
diff: 26.15452003479004
waiting
going to web site
Hello world	Thread-5497	3

time: 946687997.841979
diff: 38.158020973205566
waiting
going to web site
Hello world	Thread-5674	6

time: 946688036.7205839
diff: 19.27941608428955
waiting
going to web site
Hello world	Thread-5762	4

time: 946688056.720585
diff: 12.279415011405945
waiting
going to web site
Hello world	Thread-5819	3

time: 946688069.7245849
diff: 9.275415062904358
waiting
going to web site
Hello world	Thread-5864	3

time: 946688079.729585
diff: 26.27041494846344
waiting
going to web site
Hello world	Thread-5979	6

time: 946688106.724584
diff: 18.275416016578674
waiting
going to web site
Hello world	Thread-6063	5

time: 946688125.7365849
diff: 16.263415098190308
waiting
going to web site
Hello world	Thread-6131	4

time: 946688142.732585
diff: 26.267415046691895
waiting
going to web site
Hello world	Thread-6250	3

time: 946688169.720585
diff: 23.279415011405945
waiting
going to web site
Hello world	Thread-6347	5

time: 946688193.720585
diff: 25.279415011405945
waiting
going to web site
Hello world	Thread-6469	3

time: 946688219.729585
diff: 17.27041494846344
waiting
going to web site
Hello world	Thread-6542	6

time: 946688237.724584
diff: 33.275416016578674
waiting
going to web site
Hello world	Thread-6692	5

time: 946688271.739072
diff: 23.26092803478241
waiting
going to web site
Hello world	Thread-6800	3

time: 946688295.732585
diff: 19.267415046691895
waiting
going to web site
Hello world	Thread-6894	5

time: 946688315.732585
diff: 28.267415046691895
waiting
going to web site
Hello world	Thread-7014	3

time: 946688344.732585
diff: 26.267415046691895
waiting
going to web site
Hello world	Thread-7135	5

time: 946688371.732585
diff: 31.267415046691895
waiting
going to web site
Hello world	Thread-7280	3

time: 946688403.729585
diff: 10.27041494846344
waiting
going to web site
Hello world	Thread-7329	5

time: 946688414.729584
diff: 15.270416021347046
waiting
going to web site
Hello world	Thread-7404	3

time: 946688430.732325
diff: 20.267675042152405
waiting
going to web site
Hello world	Thread-7493	5

time: 946688451.738585
diff: 17.261415004730225
waiting
going to web site
Hello world	Thread-7574	5

time: 946688469.720585
diff: 20.279415011405945
waiting
going to web site
Hello world	Thread-7663	4

time: 946688490.729585
diff: 20.27041494846344
waiting
going to web site
Hello world	Thread-7758	5

time: 946688511.7205839
diff: 33.27941608428955
waiting
going to web site
Hello world	Thread-7905	4

time: 946688545.729585
diff: 7.27041494846344
waiting
going to web site
Hello world	Thread-7938	4

time: 946688553.724584
diff: 11.275416016578674
waiting
going to web site
Hello world	Thread-7999	5

time: 946688565.732585
diff: 33.267415046691895
waiting
going to web site
Hello world	Thread-8141	5

time: 946688599.729585
diff: 17.27041494846344
waiting
going to web site
Hello world	Thread-8226	4

time: 946688617.7205839
diff: 36.27941608428955
waiting
going to web site
Hello world	Thread-8380	6

time: 946688654.723409
diff: 32.27659094333649
waiting
going to web site
Hello world	Thread-8519	3

time: 946688687.723408
diff: 23.276592016220093
waiting
going to web site
Hello world	Thread-8614	3

time: 946688711.718409
diff: 23.281591057777405
waiting
going to web site
Hello world	Thread-8712	6

time: 946688735.727409
diff: 18.2725909948349
waiting
going to web site
Hello world	Thread-8791	5

time: 946688754.718408
diff: 26.28159201145172
waiting
going to web site
Hello world	Thread-8892	4

time: 946688781.7312369
diff: 27.268763065338135
waiting
going to web site
Hello world	Thread-9006	4

time: 946688809.719409
diff: 26.280591011047363
waiting
going to web site
Hello world	Thread-9122	3

time: 946688836.7312369
diff: 9.268763065338135
waiting
going to web site
Hello world	Thread-9162	3

time: 946688846.7312369
diff: 29.268763065338135
waiting
going to web site
Hello world	Thread-9281	7

time: 946688876.727409
diff: 28.2725909948349
waiting
going to web site
Hello world	Thread-9413	4

time: 946688905.718408
diff: 31.28159201145172
waiting
going to web site
Hello world	Thread-9554	5

time: 946688937.7312369
diff: 22.268763065338135
waiting
going to web site
Hello world	Thread-9650	4

time: 946688960.728241
diff: 18.271759033203125
waiting
going to web site
Hello world	Thread-9739	4

time: 946688979.727409
diff: 5.2725909948349
waiting
going to web site
Hello world	Thread-9766	5

time: 946688985.718408
diff: 28.28159201145172
waiting
going to web site
Hello world	Thread-9906	4

time: 946689014.7312369
diff: 17.268763065338135
waiting
going to web site
Hello world	Thread-9988	5

time: 946689032.7312369
diff: 32.268763065338135
waiting
going to web site
Hello world	Thread-10135	3

time: 946689065.7312369
diff: 14.268763065338135
waiting
going to web site
Hello world	Thread-10211	5

time: 946689080.736409
diff: 25.263591051101685
waiting
going to web site
Hello world	Thread-10325	4

time: 946689106.727409
diff: 15.2725909948349
waiting
going to web site
Hello world	Thread-10400	5

time: 946689122.718408
diff: 21.28159201145172
waiting
going to web site
Hello world	Thread-10509	5

time: 946689144.7312369
diff: 2.2687630653381348
waiting
going to web site
Hello world	Thread-10523	4

time: 946689147.723409
diff: 25.276590943336487
waiting
going to web site
Hello world	Thread-10641	4

time: 946689173.718408
diff: 26.28159201145172
waiting
going to web site
Hello world	Thread-10778	5

time: 946689200.7312369
diff: 22.268763065338135
waiting
going to web site
Hello world	Thread-10890	2

time: 946689223.7312369
diff: 20.268763065338135
waiting
going to web site
Hello world	Thread-10982	5

time: 946689244.7314091
diff: 25.268590927124023
waiting
going to web site
Hello world	Thread-11108	5

time: 946689270.6995599
diff: 29.300440073013306
waiting
going to web site
Hello world	Thread-11255	5

time: 946689300.699561
diff: 8.3004390001297
waiting
going to web site
Hello world	Thread-11294	6

time: 946689309.699561
diff: 19.3004390001297
waiting
going to web site
Hello world	Thread-11385	5

time: 946689329.699561
diff: 32.3004390001297
waiting
going to web site
Hello world	Thread-11539	4

time: 946689362.699561
diff: 10.3004390001297
waiting
going to web site
Hello world	Thread-11597	7

time: 946689373.699561
diff: 10.3004390001297
waiting
going to web site
Hello world	Thread-11645	4

time: 946689384.699561
diff: 29.3004390001297
waiting
going to web site
Hello world	Thread-11776	6

time: 946689414.699561
diff: 24.3004390001297
waiting
going to web site
Hello world	Thread-11893	2

time: 946689439.699561
diff: 15.3004390001297
waiting
going to web site
Hello world	Thread-11966	5

time: 946689455.699561
diff: 22.3004390001297
waiting
going to web site
Hello world	Thread-12078	5

time: 946689478.699561
diff: 21.3004390001297
waiting
going to web site
Hello world	Thread-12171	6

time: 946689500.699561
diff: 19.3004390001297
waiting
going to web site
Hello world	Thread-12259	5

time: 946689520.699561
diff: 20.3004390001297
waiting
going to web site
Hello world	Thread-12360	6

time: 946689541.701561
diff: 31.298439025878906
waiting
going to web site
Hello world	Thread-12505	7

time: 946689573.699561
diff: 8.3004390001297
waiting
going to web site
Hello world	Thread-12546	5

time: 946689582.699561
diff: 35.3004390001297
waiting
going to web site
Hello world	Thread-12708	6

time: 946689618.699561
diff: 27.3004390001297
waiting
going to web site
Hello world	Thread-12834	5

time: 946689646.699561
diff: 16.3004390001297
waiting
going to web site
Hello world	Thread-12917	7

time: 946689663.699561
diff: 32.3004390001297
waiting
going to web site
Hello world	Thread-13073	5

time: 946689696.699561
diff: 12.3004390001297
waiting
going to web site
Hello world	Thread-13126	6

time: 946689709.699561
diff: 17.3004390001297
waiting
going to web site
Hello world	Thread-13207	2

time: 946689727.699561
diff: 5.3004390001297
waiting
going to web site
Hello world	Thread-13236	5

time: 946689733.699561
diff: 39.3004390001297
waiting
going to web site
Hello world	Thread-13420	4

time: 946689773.699561
diff: 4.3004390001297
waiting
going to web site
Hello world	Thread-13442	5

time: 946689778.699561
diff: 37.3004390001297
waiting
going to web site
Hello world	Thread-13620	6

time: 946689816.704561
diff: 12.295439004898071
waiting
going to web site
Hello world	Thread-13674	6

time: 946689829.699561
diff: 17.3004390001297
waiting
going to web site
Hello world	Thread-13763	7

time: 946689847.699561
diff: 19.3004390001297
waiting
going to web site
Hello world	Thread-13861	5

time: 946689867.699561
diff: 32.3004390001297
waiting
going to web site
Hello world	Thread-14006	7

time: 946689900.5350649
diff: 23.464935064315796
waiting
going to web site
Hello world	Thread-14110	6

time: 946689924.544065
diff: 14.455935001373291
waiting
going to web site
Hello world	Thread-14172	6

time: 946689939.5350649
diff: 30.464935064315796
waiting
going to web site
Hello world	Thread-14310	4

time: 946689970.526065
diff: 4.473935008049011
waiting
going to web site
Hello world	Thread-14325	2

time: 946689975.5350649
diff: 41.464935064315796
waiting
going to web site
Hello world	Thread-14516	5

time: 946690017.544065
diff: 15.455935001373291
waiting
going to web site
Hello world	Thread-14584	5

time: 946690033.543065
diff: 26.456935048103333
waiting
going to web site
Hello world	Thread-14701	6

time: 946690060.5350649
diff: 21.464935064315796
waiting
going to web site
Hello world	Thread-14788	5

time: 946690082.544997
diff: 23.455003023147583
waiting
going to web site
Hello world	Thread-14902	3

time: 946690106.5350649
diff: 27.464935064315796
waiting
going to web site
Hello world	Thread-15014	5

time: 946690134.544065
diff: 22.45593500137329
waiting
going to web site
Hello world	Thread-15111	5

time: 946690157.5350649
diff: 14.464935064315796
waiting
going to web site
Hello world	Thread-15170	3

time: 946690172.5350649
diff: 22.464935064315796
waiting
going to web site
Hello world	Thread-15267	5

time: 946690195.544065
diff: 27.45593500137329
waiting
going to web site
Hello world	Thread-15390	6

time: 946690223.544065
diff: 14.455935001373291
waiting
going to web site
Hello world	Thread-15457	6

time: 946690238.540065
diff: 32.45993494987488
waiting
going to web site
Hello world	Thread-15609	7

time: 946690271.526064
diff: 21.473935961723328
waiting
going to web site
Hello world	Thread-15701	6

time: 946690293.5350641
diff: 18.464935898780823
waiting
going to web site
Hello world	Thread-15782	5

time: 946690312.5350641
diff: 24.464935898780823
waiting
going to web site
Hello world	Thread-15889	5

time: 946690337.526064
diff: 23.473935961723328
waiting
going to web site
Hello world	Thread-15986	4

time: 946690361.5350641
diff: 27.464935898780823
waiting
going to web site
Hello world	Thread-16112	4

time: 946690389.535781
diff: 14.464218974113464
waiting
going to web site
Hello world	Thread-16178	7

time: 946690404.5350641
diff: 26.464935898780823
waiting
going to web site
Hello world	Thread-16292	7

time: 946690431.534064
diff: 21.465935945510864
waiting
going to web site
Hello world	Thread-16388	5

time: 946690453.5350641
diff: 24.464935898780823
waiting
going to web site
Hello world	Thread-16499	5

time: 946690478.5350641
diff: 18.464935898780823
waiting
going to web site
Hello world	Thread-16588	6

time: 946690497.530064
diff: 29.46993601322174
waiting
going to web site
Hello world	Thread-16718	2

time: 946690527.9077771
diff: 24.092222929000854
waiting
going to web site
Hello world	Thread-16834	2

time: 946690555.9027761
diff: 22.0972238779068
waiting
going to web site
Hello world	Thread-16941	2

time: 946690578.901776
diff: 20.09822404384613
waiting
going to web site
Hello world	Thread-17034	2

time: 946690599.910777
diff: 22.08922302722931
waiting
going to web site
Hello world	Thread-17127	2

time: 946690622.911072
diff: 8.088927984237671
waiting
going to web site
Hello world	Thread-17171	2

time: 946690632.903776
diff: 25.096223950386047
waiting
going to web site
Hello world	Thread-17280	2

time: 946690658.904694
diff: 18.095306038856506
waiting
going to web site
Hello world	Thread-17364	2

time: 946690678.910777
diff: 23.08922302722931
waiting
going to web site
Hello world	Thread-17473	2

time: 946690702.910777
diff: 18.08922302722931
waiting
going to web site
Hello world	Thread-17554	2

time: 946690721.911461
diff: 37.08853900432587
waiting
going to web site
Hello world	Thread-17720	2

time: 946690759.910777
diff: 18.08922302722931
waiting
going to web site
Hello world	Thread-17802	2

time: 946690778.910777
diff: 21.08922302722931
waiting
going to web site
Hello world	Thread-17897	2

time: 946690800.901777
diff: 24.098222970962524
waiting
going to web site
Hello world	Thread-18041	2

time: 946690832.9027761
diff: 13.0972238779068
waiting
going to web site
Hello world	Thread-18088	2

time: 946690846.9027761
diff: 23.0972238779068
waiting
going to web site
Hello world	Thread-18195	2

time: 946690870.9067761
diff: 21.093223929405212
waiting
going to web site
Hello world	Thread-18291	2

time: 946690892.9027761
diff: 33.0972238779068
waiting
going to web site
Hello world	Thread-18461	2

time: 946690933.903776
diff: 10.096223950386047
waiting
going to web site
Hello world	Thread-18537	2

time: 946690951.9027761
diff: 11.0972238779068
waiting
going to web site
Hello world	Thread-18589	2

time: 946690963.904776
diff: 22.095224022865295
waiting
going to web site
Hello world	Thread-18689	2

time: 946690986.910841
diff: 30.08915901184082
waiting
going to web site
Hello world	Thread-18823	2

time: 946691017.910777
diff: 20.08922302722931
waiting
going to web site
Hello world	Thread-18912	2

time: 946691038.910777
diff: 12.089223027229309
waiting
going to web site
Hello world	Thread-18973	2

time: 946691051.903777
diff: 20.09622299671173
waiting
going to web site
Hello world	Thread-19067	3

time: 946691073.9027761
diff: 34.0972238779068
waiting
going to web site
Hello world	Thread-19228	2

time: 946691109.9027761
diff: 23.0972238779068
waiting
going to web site
Hello world	Thread-19333	5

time: 946691133.5350641
diff: 21.464935898780823
waiting
going to web site
Hello world	Thread-19435	6

time: 946691155.5350641
diff: 11.464935898780823
waiting
going to web site
Hello world	Thread-19483	5

time: 946691167.5350641
diff: 20.464935898780823
waiting
going to web site
Hello world	Thread-19574	7

time: 946691188.5350641
diff: 34.46493589878082
waiting
going to web site
Hello world	Thread-19743	6

time: 946691223.5350641
diff: 17.464935898780823
waiting
going to web site
Hello world	Thread-19826	3

time: 946691241.5350641
diff: 9.464935898780823
waiting
going to web site
Hello world	Thread-19868	6

time: 946691251.526064
diff: 10.473935961723328
waiting
going to web site
Hello world	Thread-19921	7

time: 946691262.5350641
diff: 41.46493589878082
waiting
going to web site
Hello world	Thread-20109	5

time: 946691304.5350641
diff: 19.464935898780823
waiting
going to web site
Hello world	Thread-20209	7

time: 946691324.5294169
diff: 15.470583081245422
waiting
going to web site
Hello world	Thread-20285	7

time: 946691340.5350649
diff: 23.464935064315796
waiting
going to web site
Hello world	Thread-20387	7

time: 946691364.542065
diff: 16.457934975624084
waiting
going to web site
Hello world	Thread-20488	7

time: 946691381.526064
diff: 25.473935961723328
waiting
going to web site
Hello world	Thread-20616	7

time: 946691407.526064
diff: 13.473935961723328
waiting
going to web site
Hello world	Thread-20687	6

time: 946691421.5350641
diff: 14.464935898780823
waiting
going to web site
Hello world	Thread-20751	6

time: 946691436.5350641
diff: 22.464935898780823
waiting
going to web site
Hello world	Thread-20865	7

time: 946691459.526064
diff: 20.473935961723328
waiting
going to web site
Hello world	Thread-20963	5

time: 946691480.526064
diff: 34.47393596172333
waiting
going to web site
Hello world	Thread-21119	7

time: 946691515.5290639
diff: 13.470936059951782
waiting
going to web site
Hello world	Thread-21193	5

time: 946691529.5350649
diff: 22.464935064315796
waiting
going to web site
Hello world	Thread-21300	7

time: 946691552.540065
diff: 12.459934949874878
waiting
going to web site
Hello world	Thread-21354	6

time: 946691565.5350641
diff: 24.464935898780823
waiting
going to web site
Hello world	Thread-21469	5

time: 946691590.5350641
diff: 22.464935898780823
waiting
going to web site
Hello world	Thread-21574	7

time: 946691613.5350641
diff: 10.464935898780823
waiting
going to web site
Hello world	Thread-21624	4

time: 946691624.5350641
diff: 30.464935898780823
waiting
going to web site
Hello world	Thread-21761	6

time: 946691655.5350641
diff: 24.464935898780823
waiting
going to web site
Hello world	Thread-21873	7

time: 946691680.526064
diff: 25.473935961723328
waiting
going to web site
Hello world	Thread-21986	6

time: 946691706.5350641
diff: 28.464935898780823
waiting
going to web site
Hello world	Thread-22110	4

time: 946691735.832832
diff: 21.167168021202087
waiting
going to web site
Hello world	Thread-22207	3

time: 946691757.832833
diff: 31.16716694831848
waiting
going to web site
Hello world	Thread-22344	5

time: 946691789.832832
diff: 13.167168021202087
waiting
going to web site
Hello world	Thread-22414	3

time: 946691804.841833
diff: 13.158167004585266
waiting
going to web site
Hello world	Thread-22476	2

time: 946691818.841897
diff: 19.158102989196777
waiting
going to web site
Hello world	Thread-22560	3

time: 946691838.832832
diff: 41.16716802120209
waiting
going to web site
Hello world	Thread-22757	3

time: 946691881.841833
diff: 2.158167004585266
waiting
going to web site
Hello world	Thread-22766	5

time: 946691884.832833
diff: 26.16716694831848
waiting
going to web site
Hello world	Thread-22879	6

time: 946691911.832832
diff: 29.167168021202087
waiting
going to web site
Hello world	Thread-23017	4

time: 946691941.841833
diff: 9.158167004585266
waiting
going to web site
Hello world	Thread-23069	3

time: 946691951.842833
diff: 29.157166957855225
waiting
going to web site
Hello world	Thread-23206	6

time: 946691981.832832
diff: 26.167168021202087
waiting
going to web site
Hello world	Thread-23335	3

time: 946692008.858037
diff: 13.141963005065918
waiting
going to web site
Hello world	Thread-23404	3

time: 946692023.845833
diff: 15.15416705608368
waiting
going to web site
Hello world	Thread-23487	2

time: 946692039.841833
diff: 17.158167004585266
waiting
going to web site
Hello world	Thread-23578	5

time: 946692057.841833
diff: 36.158167004585266
waiting
going to web site
Hello world	Thread-23749	4

time: 946692094.851665
diff: 7.148334980010986
waiting
going to web site
Hello world	Thread-23785	5

time: 946692102.832832
diff: 19.167168021202087
waiting
going to web site
Hello world	Thread-23884	4

time: 946692122.841833
diff: 25.158167004585266
waiting
going to web site
Hello world	Thread-24008	5

time: 946692148.841833
diff: 22.158167004585266
waiting
going to web site
Hello world	Thread-24107	4

time: 946692171.851748
diff: 19.14825201034546
waiting
going to web site
Hello world	Thread-24201	5

time: 946692191.832833
diff: 3.1671669483184814
waiting
going to web site
Hello world	Thread-24214	4

time: 946692195.832832
diff: 18.167168021202087
waiting
going to web site
Hello world	Thread-24305	4

time: 946692214.841897
diff: 21.158102989196777
waiting
going to web site
Hello world	Thread-24403	4

time: 946692236.832832
diff: 30.167168021202087
waiting
going to web site
Hello world	Thread-24561	2

time: 946692270.860545
diff: 22.13945496082306
waiting
going to web site
Hello world	Thread-24660	4

time: 946692293.832832
diff: 21.167168021202087
waiting
going to web site
Hello world	Thread-24764	6

time: 946692316.841833
diff: 22.158167004585266
waiting
going to web site
Hello world	Thread-24864	6

time: 946692339.5350649
diff: 35.464935064315796
waiting
going to web site
Hello world	Thread-25020	6

time: 946692375.533065
diff: 12.46693503856659
waiting
going to web site
Hello world	Thread-25063	7

time: 946692388.526065
diff: 27.47393500804901
waiting
going to web site
Hello world	Thread-25185	4

time: 946692416.526065
diff: 21.47393500804901
waiting
going to web site
Hello world	Thread-25283	6

time: 946692438.540065
diff: 29.459934949874878
waiting
going to web site
Hello world	Thread-25403	7

time: 946692468.5350641
diff: 28.464935898780823
waiting
going to web site
Hello world	Thread-25528	3

time: 946692497.532064
diff: 23.467936038970947
waiting
going to web site
Hello world	Thread-25629	3

time: 946692521.544065
diff: 5.455935001373291
waiting
going to web site
Hello world	Thread-25652	4

time: 946692527.5350649
diff: 33.464935064315796
waiting
going to web site
Hello world	Thread-25798	4

time: 946692561.544065
diff: 15.455935001373291
waiting
going to web site
Hello world	Thread-25869	7

time: 946692577.5350649
diff: 27.464935064315796
waiting
going to web site
Hello world	Thread-25988	5

time: 946692605.5350649
diff: 21.464935064315796
waiting
going to web site
Hello world	Thread-26080	5

time: 946692627.544065
diff: 27.45593500137329
waiting
going to web site
Hello world	Thread-26189	4

time: 946692655.526065
diff: 13.473935008049011
waiting
going to web site
Hello world	Thread-26236	5

time: 946692669.5350649
diff: 32.464935064315796
waiting
going to web site
Hello world	Thread-26349	4

time: 946692702.5350649
diff: 30.464935064315796
waiting
going to web site
Hello world	Thread-26441	5

time: 946692733.5270649
diff: 17.47293508052826
waiting
going to web site
Hello world	Thread-26495	4

time: 946692751.526065
diff: 20.47393500804901
waiting
going to web site
Hello world	Thread-26545	2

time: 946692772.526065
diff: 11.473935008049011
waiting
going to web site
Hello world	Thread-26570	4

