time: 946686600.0
diff: 0.0
going to web site
Hello world	Thread-83	6

time: 946686721.793921
diff: -61.79392099380493
going to web site
Hello world	Thread-89	6

time: 946686722.380577
diff: 57.619423031806946
waiting
going to web site
Hello world	Thread-216	5

time: 946686787.590656
diff: 112.409343957901
waiting
going to web site
Hello world	Thread-334	3

time: 946686900.590656
diff: 120.409343957901
waiting
going to web site
Hello world	Thread-504	4

time: 946687024.590656
diff: 116.409343957901
waiting
going to web site
Hello world	Thread-578	7

time: 946687141.595999
diff: 119.40400099754333
waiting
going to web site
Hello world	Thread-765	5

time: 946687268.590656
diff: 52.409343957901
waiting
going to web site
Hello world	Thread-801	7

time: 946687322.6014581
diff: 58.39854192733765
waiting
going to web site
Hello world	Thread-918	5

time: 946687412.590656
diff: 89.409343957901
waiting
going to web site
Hello world	Thread-1027	3

time: 946687503.580656
diff: 118.41934394836426
waiting
going to web site
Hello world	Thread-1186	7

time: 946687637.590656
diff: 44.409343957901
waiting
going to web site
Hello world	Thread-1230	4

time: 946687685.580656
diff: 116.41934394836426
waiting
going to web site
Hello world	Thread-1389	6

time: 946687833.590656
diff: 88.409343957901
waiting
going to web site
Hello world	Thread-1495	7

time: 946687925.580656
diff: 56.41934394836426
waiting
going to web site
Hello world	Thread-1605	5

time: 946688013.590656
diff: 89.409343957901
waiting
going to web site
Hello world	Thread-1696	5

time: 946688104.580656
diff: 118.41934394836426
waiting
going to web site
Hello world	Thread-1939	2

time: 946688345.011686
diff: -2.0116859674453735
going to web site
Hello world	Thread-1968	4

