time: 946686600.0
diff: 0.0
going to web site
Hello world	Thread-51	3

time: 946686663.600518
diff: 56.399482011795044
waiting
going to web site
Hello world	Thread-138	5

time: 946686735.604573
diff: 104.39542698860168
waiting
going to web site
Hello world	Thread-286	5

time: 946686843.606656
diff: 57.393344044685364
waiting
going to web site
Hello world	Thread-361	7

time: 946686904.603656
diff: 56.39634394645691
waiting
going to web site
Hello world	Thread-465	6

time: 946686976.590656
diff: 104.409343957901
waiting
going to web site
Hello world	Thread-543	4

time: 946687081.580656
diff: 59.41934394836426
waiting
going to web site
Hello world	Thread-636	2

time: 946687148.590656
diff: 52.409343957901
waiting
going to web site
Hello world	Thread-666	6

time: 946687202.602656
diff: 118.39734399318695
waiting
going to web site
Hello world	Thread-931	4

time: 946687441.868398
diff: -0.8683979511260986
going to web site
Hello world	Thread-937	10

time: 946687442.4580541
diff: 119.54194593429565
waiting
going to web site
Hello world	Thread-1121	3

time: 946687593.590656
diff: 28.409343957901
waiting
going to web site
Hello world	Thread-1170	3

time: 946687625.580656
diff: 56.41934394836426
waiting
going to web site
Hello world	Thread-1325	6

time: 946687802.912398
diff: -60.91239798069
going to web site
Hello world	Thread-1331	11

time: 946687803.496054
diff: 58.50394594669342
waiting
going to web site
Hello world	Thread-1449	6

time: 946687877.590656
diff: 44.409343957901
waiting
going to web site
Hello world	Thread-1465	2

time: 946687922.587656
diff: 120.41234397888184
waiting
going to web site
Hello world	Thread-1638	4

time: 946688044.582656
diff: 118.41734397411346
waiting
going to web site
Hello world	Thread-1740	6

time: 946688163.587656
diff: 59.412343978881836
waiting
going to web site
Hello world	Thread-1852	5

time: 946688254.590656
diff: 88.409343957901
waiting
going to web site
Hello world	Thread-1914	6

