time: 946686600.0
diff: 293.0
waiting
going to web site
Hello world	Thread-1472	4

time: 946686893.832832
diff: 0.1671680212020874
waiting
going to web site
Hello world	Thread-1477	2

time: 946686894.859833
diff: 0.1401669979095459
waiting
going to web site
Hello world	Thread-1482	2

time: 946686895.863833
diff: 3.136167049407959
waiting
going to web site
Hello world	Thread-1500	2

time: 946686899.841061
diff: -0.841060996055603
going to web site
Hello world	Thread-1505	4

time: 946686900.675893
diff: -1.675892949104309
going to web site
Hello world	Thread-1510	4

time: 946686901.517674
diff: -2.517673969268799
going to web site
Hello world	Thread-1518	4

time: 946686902.3826481
diff: -0.3826481103897095
going to web site
Hello world	Thread-1525	2

time: 946686903.238529
diff: -0.23852896690368652
going to web site
Hello world	Thread-1530	2

time: 946686904.087313
diff: -1.0873130559921265
going to web site
Hello world	Thread-1534	3

time: 946686904.921145
diff: -1.921144962310791
going to web site
Hello world	Thread-1537	7

time: 946686905.753977
diff: 0.2460230588912964
waiting
going to web site
Hello world	Thread-1545	4

time: 946686906.832833
diff: -0.8328330516815186
going to web site
Hello world	Thread-1548	4

time: 946686907.665665
diff: -0.6656650304794312
going to web site
Hello world	Thread-1555	4

time: 946686908.498497
diff: -1.4984970092773438
going to web site
Hello world	Thread-1564	3

time: 946686909.331329
diff: -2.3313289880752563
going to web site
Hello world	Thread-1572	4

time: 946686910.170161
diff: -3.170161008834839
going to web site
Hello world	Thread-1580	5

time: 946686911.012549
diff: -4.012549042701721
going to web site
Hello world	Thread-1587	4

time: 946686911.8764039
diff: 1.1235960721969604
waiting
going to web site
Hello world	Thread-699	2

time: 946686913.8419011
diff: 12.158098936080933
waiting
going to web site
Hello world	Thread-736	2

time: 946686926.8398329
diff: 23.16016709804535
waiting
going to web site
Hello world	Thread-1833	4

time: 946686950.8494799
diff: -0.8494799137115479
going to web site
Hello world	Thread-1836	4

time: 946686951.689312
diff: -0.6893119812011719
going to web site
Hello world	Thread-1840	2

time: 946686952.534565
diff: 10.465435028076172
waiting
going to web site
Hello world	Thread-908	2

time: 946686963.843833
diff: 18.156167030334473
waiting
going to web site
Hello world	Thread-995	2

time: 946686982.841833
diff: 7.158167004585266
waiting
going to web site
Hello world	Thread-1034	3

time: 946686990.8528241
diff: 24.147175908088684
waiting
going to web site
Hello world	Thread-1157	3

time: 946687015.838833
diff: 5.161167025566101
waiting
going to web site
Hello world	Thread-1179	2

time: 946687021.859131
diff: 16.14086902141571
waiting
going to web site
Hello world	Thread-1257	2

time: 946687038.841833
diff: 22.158167004585266
waiting
going to web site
Hello world	Thread-1361	3

time: 946687061.841833
diff: 20.158167004585266
waiting
going to web site
Hello world	Thread-1453	5

time: 946687082.841833
diff: 22.158167004585266
waiting
going to web site
Hello world	Thread-1557	2

time: 946687105.841833
diff: 19.158167004585266
waiting
going to web site
Hello world	Thread-1645	4

time: 946687125.8408331
diff: 31.159166932106018
waiting
going to web site
Hello world	Thread-1776	5

time: 946687157.832832
diff: 27.167168021202087
waiting
going to web site
Hello world	Thread-1887	3

time: 946687185.849429
diff: 14.15057098865509
waiting
going to web site
Hello world	Thread-1957	3

time: 946687200.832832
diff: 20.167168021202087
waiting
going to web site
Hello world	Thread-2048	2

time: 946687221.845833
diff: 27.15416705608368
waiting
going to web site
Hello world	Thread-2167	2

time: 946687250.845833
diff: 21.15416705608368
waiting
going to web site
Hello world	Thread-2274	4

time: 946687273.849833
diff: 21.150166988372803
waiting
going to web site
Hello world	Thread-2375	2

time: 946687295.832832
diff: 25.167168021202087
waiting
going to web site
Hello world	Thread-2488	2

time: 946687321.841833
diff: 27.158167004585266
waiting
going to web site
Hello world	Thread-2603	2

time: 946687349.845833
diff: 18.15416705608368
waiting
going to web site
Hello world	Thread-2693	3

time: 946687368.850507
diff: 31.149492979049683
waiting
going to web site
Hello world	Thread-2831	5

time: 946687400.832832
diff: 26.167168021202087
waiting
going to web site
Hello world	Thread-2949	5

time: 946687427.845833
diff: 22.15416705608368
waiting
going to web site
Hello world	Thread-3055	2

time: 946687451.841833
diff: 18.158167004585266
waiting
going to web site
Hello world	Thread-3140	2

time: 946687470.841833
diff: 26.158167004585266
waiting
going to web site
Hello world	Thread-3261	3

time: 946687498.841833
diff: 0.1581670045852661
waiting
going to web site
Hello world	Thread-3264	4

time: 946687499.832833
diff: 30.16716694831848
waiting
going to web site
Hello world	Thread-3403	3

time: 946687530.832832
diff: 24.167168021202087
waiting
going to web site
Hello world	Thread-3511	3

time: 946687555.841833
diff: 2.158167004585266
waiting
going to web site
Hello world	Thread-3523	2

time: 946687558.845833
diff: 32.15416705608368
waiting
going to web site
Hello world	Thread-3664	3

time: 946687591.832833
diff: 22.16716694831848
waiting
going to web site
Hello world	Thread-3767	5

time: 946687614.832832
diff: 18.167168021202087
waiting
going to web site
Hello world	Thread-3850	3

time: 946687633.845833
diff: 24.15416705608368
waiting
going to web site
Hello world	Thread-3962	3

time: 946687659.841833
diff: 35.158167004585266
waiting
going to web site
Hello world	Thread-4123	4

time: 946687695.845833
diff: 5.154167056083679
waiting
going to web site
Hello world	Thread-4151	2

time: 946687701.841833
diff: 33.158167004585266
waiting
going to web site
Hello world	Thread-4297	3

time: 946687735.841833
diff: 17.158167004585266
waiting
going to web site
Hello world	Thread-4378	2

time: 946687753.832833
diff: 27.16716694831848
waiting
going to web site
Hello world	Thread-4503	4

time: 946687781.832832
diff: 23.167168021202087
waiting
going to web site
Hello world	Thread-4608	3

time: 946687805.841833
diff: 29.158167004585266
waiting
going to web site
Hello world	Thread-4743	2

time: 946687835.832833
diff: 15.167166948318481
waiting
going to web site
Hello world	Thread-4816	4

time: 946687851.832832
diff: 34.16716802120209
waiting
going to web site
Hello world	Thread-4979	2

time: 946687887.854481
diff: 3.1455190181732178
waiting
going to web site
Hello world	Thread-4995	2

time: 946687891.841833
diff: 26.158167004585266
waiting
going to web site
Hello world	Thread-5122	2

time: 946687918.841865
diff: 14.158135056495667
waiting
going to web site
Hello world	Thread-5189	2

time: 946687933.841833
diff: 30.158167004585266
waiting
going to web site
Hello world	Thread-5338	3

time: 946687964.841833
diff: 7.158167004585266
waiting
going to web site
Hello world	Thread-5382	2

time: 946687972.8588331
diff: 24.141166925430298
waiting
going to web site
Hello world	Thread-5495	5

time: 946687997.832832
diff: 16.167168021202087
waiting
going to web site
Hello world	Thread-5577	2

time: 946688014.841833
diff: 31.158167004585266
waiting
going to web site
Hello world	Thread-5712	4

time: 946688046.845833
diff: 28.15416705608368
waiting
going to web site
Hello world	Thread-5852	3

time: 946688076.841833
diff: 9.158167004585266
waiting
going to web site
Hello world	Thread-5898	2

time: 946688086.841833
diff: 20.158167004585266
waiting
going to web site
Hello world	Thread-5984	6

time: 946688107.526065
diff: 40.47393500804901
waiting
going to web site
Hello world	Thread-6161	6

time: 946688148.536065
diff: 7.463935017585754
waiting
going to web site
Hello world	Thread-6195	4

time: 946688156.544065
diff: 19.45593500137329
waiting
going to web site
Hello world	Thread-6273	5

time: 946688176.539065
diff: 26.46093499660492
waiting
going to web site
Hello world	Thread-6395	7

time: 946688203.5350641
diff: 19.464935898780823
waiting
going to web site
Hello world	Thread-6488	5

time: 946688223.5350641
diff: 3.4649358987808228
waiting
going to web site
Hello world	Thread-6503	7

time: 946688227.536209
diff: 36.46379101276398
waiting
going to web site
Hello world	Thread-6669	5

time: 946688264.5450009
diff: 23.454999089241028
waiting
going to web site
Hello world	Thread-6772	3

time: 946688288.5350649
diff: 21.464935064315796
waiting
going to web site
Hello world	Thread-6864	5

time: 946688310.533065
diff: 26.46693503856659
waiting
going to web site
Hello world	Thread-6987	4

time: 946688337.526065
diff: 16.47393500804901
waiting
going to web site
Hello world	Thread-7058	7

time: 946688354.544065
diff: 29.45593500137329
waiting
going to web site
Hello world	Thread-7196	6

time: 946688384.536065
diff: 28.463935017585754
waiting
going to web site
Hello world	Thread-7323	5

time: 946688413.526065
diff: 16.47393500804901
waiting
going to web site
Hello world	Thread-7403	5

time: 946688430.5350649
diff: 27.464935064315796
waiting
going to web site
Hello world	Thread-7521	7

time: 946688458.542865
diff: 28.45713496208191
waiting
going to web site
Hello world	Thread-7653	6

time: 946688487.5350641
diff: 22.464935898780823
waiting
going to web site
Hello world	Thread-7751	7

time: 946688510.535452
diff: 16.464547991752625
waiting
going to web site
Hello world	Thread-7824	7

time: 946688527.5350641
diff: 28.464935898780823
waiting
going to web site
Hello world	Thread-7954	4

time: 946688556.526064
diff: 11.473935961723328
waiting
going to web site
Hello world	Thread-8008	8

time: 946688568.5294169
diff: 20.470583081245422
waiting
going to web site
Hello world	Thread-8100	4

time: 946688589.5350649
diff: 11.464935064315796
waiting
going to web site
Hello world	Thread-8151	5

time: 946688601.544065
diff: 28.45593500137329
waiting
going to web site
Hello world	Thread-8276	6

time: 946688630.541065
diff: 17.458935022354126
waiting
going to web site
Hello world	Thread-8354	3

time: 946688648.5350649
diff: 13.464935064315796
waiting
going to web site
Hello world	Thread-8416	3

time: 946688662.526065
diff: 15.473935008049011
waiting
going to web site
Hello world	Thread-8475	5

time: 946688678.539065
diff: 28.46093499660492
waiting
going to web site
Hello world	Thread-8596	5

time: 946688707.8358321
diff: 25.164167881011963
waiting
going to web site
Hello world	Thread-8704	5

time: 946688733.832832
diff: 26.167168021202087
waiting
going to web site
Hello world	Thread-8814	3

time: 946688760.841833
diff: 38.158167004585266
waiting
going to web site
Hello world	Thread-8965	6

time: 946688799.832833
diff: 19.16716694831848
waiting
going to web site
Hello world	Thread-9045	2

time: 946688819.832832
diff: 24.167168021202087
waiting
going to web site
Hello world	Thread-9151	2

time: 946688844.841833
diff: 22.158167004585266
waiting
going to web site
Hello world	Thread-9253	3

time: 946688867.832833
diff: 29.16716694831848
waiting
going to web site
Hello world	Thread-9383	3

time: 946688897.832832
diff: 29.167168021202087
waiting
going to web site
Hello world	Thread-9507	3

time: 946688927.841833
diff: 17.158167004585266
waiting
going to web site
Hello world	Thread-9582	2

time: 946688945.841833
diff: 19.158167004585266
waiting
going to web site
Hello world	Thread-9674	2

time: 946688965.842833
diff: 20.157166957855225
waiting
going to web site
Hello world	Thread-9772	6

time: 946688986.832832
diff: 34.16716802120209
waiting
going to web site
Hello world	Thread-9938	2

time: 946689021.841833
diff: 17.158167004585266
waiting
going to web site
Hello world	Thread-10021	3

time: 946689039.841833
diff: 36.158167004585266
waiting
going to web site
Hello world	Thread-10192	4

time: 946689076.841833
diff: 11.158167004585266
waiting
going to web site
Hello world	Thread-10253	2

time: 946689088.841833
diff: 22.158167004585266
waiting
going to web site
Hello world	Thread-10349	2

time: 946689111.841833
diff: 12.158167004585266
waiting
going to web site
Hello world	Thread-10413	3

time: 946689124.841833
diff: 31.158167004585266
waiting
going to web site
Hello world	Thread-10563	2

time: 946689156.845833
diff: 21.15416705608368
waiting
going to web site
Hello world	Thread-10674	4

time: 946689179.841833
diff: 8.158167004585266
waiting
going to web site
Hello world	Thread-10722	2

time: 946689188.859481
diff: 38.14051902294159
waiting
going to web site
Hello world	Thread-10908	4

time: 946689227.845833
diff: 3.154167056083679
waiting
going to web site
Hello world	Thread-10921	2

time: 946689231.832833
diff: 27.16716694831848
waiting
going to web site
Hello world	Thread-11062	3

time: 946689259.832832
diff: 12.167168021202087
waiting
going to web site
Hello world	Thread-11118	2

time: 946689272.841833
diff: 9.158167004585266
waiting
going to web site
Hello world	Thread-11166	2

time: 946689282.832833
diff: 23.16716694831848
waiting
going to web site
Hello world	Thread-11283	4

time: 946689306.832832
diff: 25.167168021202087
waiting
going to web site
Hello world	Thread-11401	4

time: 946689332.526065
diff: 22.47393500804901
waiting
going to web site
Hello world	Thread-11512	5

time: 946689355.544065
diff: 21.45593500137329
waiting
going to web site
Hello world	Thread-11617	2

time: 946689377.5350649
diff: 28.464935064315796
waiting
going to web site
Hello world	Thread-11747	5

time: 946689406.544065
diff: 19.45593500137329
waiting
going to web site
Hello world	Thread-11835	6

time: 946689426.526065
diff: 25.47393500804901
waiting
going to web site
Hello world	Thread-11951	7

time: 946689452.5350649
diff: 17.464935064315796
waiting
going to web site
Hello world	Thread-12033	6

time: 946689470.544065
diff: 10.455935001373291
waiting
going to web site
Hello world	Thread-12092	6

time: 946689481.544417
diff: 20.455582976341248
waiting
going to web site
Hello world	Thread-12182	4

time: 946689502.526064
diff: 22.473935961723328
waiting
going to web site
Hello world	Thread-12279	6

time: 946689525.5350641
diff: 23.464935898780823
waiting
going to web site
Hello world	Thread-12396	5

time: 946689549.5270641
diff: 30.472935914993286
waiting
going to web site
Hello world	Thread-12535	5

time: 946689580.526064
diff: 9.473935961723328
waiting
going to web site
Hello world	Thread-12588	2

time: 946689590.526064
diff: 30.473935961723328
waiting
going to web site
Hello world	Thread-12722	5

time: 946689621.539064
diff: 18.460935950279236
waiting
going to web site
Hello world	Thread-12809	5

time: 946689640.5350641
diff: 12.464935898780823
waiting
going to web site
Hello world	Thread-12868	6

time: 946689653.5350641
diff: 18.464935898780823
waiting
going to web site
Hello world	Thread-12958	6

time: 946689672.5350641
diff: 23.464935898780823
waiting
going to web site
Hello world	Thread-13071	7

time: 946689696.526064
diff: 30.473935961723328
waiting
going to web site
Hello world	Thread-13206	3

time: 946689727.526064
diff: 29.473935961723328
waiting
going to web site
Hello world	Thread-13351	6

time: 946689757.526064
diff: 24.473935961723328
waiting
going to web site
Hello world	Thread-13456	7

time: 946689782.5350641
diff: 18.464935898780823
waiting
going to web site
Hello world	Thread-13545	5

time: 946689801.526064
diff: 21.473935961723328
waiting
going to web site
Hello world	Thread-13653	5

time: 946689823.5350641
diff: 11.464935898780823
waiting
going to web site
Hello world	Thread-13703	7

time: 946689835.5350641
diff: 22.464935898780823
waiting
going to web site
Hello world	Thread-13817	4

time: 946689858.535733
diff: 20.464267015457153
waiting
going to web site
Hello world	Thread-13912	7

time: 946689879.542782
diff: 22.457218050956726
waiting
going to web site
Hello world	Thread-14019	3

time: 946689902.5350649
diff: 26.464935064315796
waiting
going to web site
Hello world	Thread-14134	4

time: 946689929.5350649
diff: 14.464935064315796
waiting
going to web site
Hello world	Thread-14196	7

time: 946689944.526065
diff: 19.47393500804901
waiting
going to web site
Hello world	Thread-14287	4

time: 946689964.526065
diff: 17.47393500804901
waiting
going to web site
Hello world	Thread-14359	6

time: 946689982.545689
diff: 23.45431101322174
waiting
going to web site
Hello world	Thread-14473	4

time: 946690006.544128
diff: 17.455872058868408
waiting
going to web site
Hello world	Thread-14547	7

time: 946690024.544065
diff: 19.45593500137329
waiting
going to web site
Hello world	Thread-14631	4

time: 946690044.5350649
diff: 35.464935064315796
waiting
going to web site
Hello world	Thread-14776	6

time: 946690080.544065
diff: 6.455935001373291
waiting
going to web site
Hello world	Thread-14812	5

time: 946690087.544065
diff: 38.45593500137329
waiting
going to web site
Hello world	Thread-14982	6

time: 946690126.544065
diff: 22.45593500137329
waiting
going to web site
Hello world	Thread-15074	6

time: 946690149.533065
diff: 14.46693503856659
waiting
going to web site
Hello world	Thread-15143	5

time: 946690164.5350649
diff: 34.464935064315796
waiting
going to web site
Hello world	Thread-15283	7

time: 946690199.5350649
diff: 27.464935064315796
waiting
going to web site
Hello world	Thread-15414	6

time: 946690227.544065
diff: 19.45593500137329
waiting
going to web site
Hello world	Thread-15499	2

time: 946690247.5350649
diff: 22.464935064315796
waiting
going to web site
Hello world	Thread-15607	4

time: 946690270.5351139
diff: 18.46488606929779
waiting
going to web site
Hello world	Thread-15685	7

time: 946690289.544065
diff: 27.45593500137329
waiting
going to web site
Hello world	Thread-15807	6

time: 946690317.5350649
diff: 7.464935064315796
waiting
going to web site
Hello world	Thread-15842	3

time: 946690325.526065
diff: 38.47393500804901
waiting
going to web site
Hello world	Thread-16002	7

time: 946690364.5350649
diff: 22.464935064315796
waiting
going to web site
Hello world	Thread-16102	7

time: 946690387.529519
diff: 12.470481038093567
waiting
going to web site
Hello world	Thread-16157	4

time: 946690400.540065
diff: 29.459934949874878
waiting
going to web site
Hello world	Thread-16288	5

time: 946690430.5350641
diff: 22.464935898780823
waiting
going to web site
Hello world	Thread-16389	7

time: 946690453.5350641
diff: 24.464935898780823
waiting
going to web site
Hello world	Thread-16500	6

time: 946690478.5350641
diff: 8.464935898780823
waiting
going to web site
Hello world	Thread-16542	3

time: 946690487.530064
diff: 29.46993601322174
waiting
going to web site
Hello world	Thread-16674	4

time: 946690517.5350649
diff: 27.464935064315796
waiting
going to web site
Hello world	Thread-16802	3

time: 946690546.845833
diff: 20.15416705608368
waiting
going to web site
Hello world	Thread-16894	2

time: 946690567.841833
diff: 25.158167004585266
waiting
going to web site
Hello world	Thread-17003	2

time: 946690593.851833
diff: 27.14816701412201
waiting
going to web site
Hello world	Thread-17123	3

time: 946690621.841833
diff: 14.158167004585266
waiting
going to web site
Hello world	Thread-17189	2

time: 946690636.841833
diff: 26.158167004585266
waiting
going to web site
Hello world	Thread-17301	2

time: 946690663.8478329
diff: 20.152167081832886
waiting
going to web site
Hello world	Thread-17399	2

time: 946690685.851833
diff: 22.14816701412201
waiting
going to web site
Hello world	Thread-17502	3

time: 946690709.841833
diff: 20.158167004585266
waiting
going to web site
Hello world	Thread-17591	2

time: 946690730.845833
diff: 15.15416705608368
waiting
going to web site
Hello world	Thread-17662	2

time: 946690746.832833
diff: 18.16716694831848
waiting
going to web site
Hello world	Thread-17741	2

time: 946690765.832832
diff: 13.167168021202087
waiting
going to web site
Hello world	Thread-17806	2

time: 946690779.841833
diff: 36.158167004585266
waiting
going to web site
Hello world	Thread-17964	2

time: 946690816.841833
diff: 29.158167004585266
waiting
going to web site
Hello world	Thread-18086	3

time: 946690846.841833
diff: 13.158167004585266
waiting
going to web site
Hello world	Thread-18145	2

time: 946690860.841865
diff: 28.158135056495667
waiting
going to web site
Hello world	Thread-18276	2

time: 946690889.836833
diff: 38.163166999816895
waiting
going to web site
Hello world	Thread-18432	5

time: 946690928.832832
diff: 6.167168021202087
waiting
going to web site
Hello world	Thread-18466	2

time: 946690935.841833
diff: 28.158167004585266
waiting
going to web site
Hello world	Thread-18594	2

time: 946690964.841833
diff: 21.158167004585266
waiting
going to web site
Hello world	Thread-18687	3

time: 946690986.841897
diff: 16.158102989196777
waiting
going to web site
Hello world	Thread-18761	4

time: 946691003.832832
diff: 23.167168021202087
waiting
going to web site
Hello world	Thread-18867	2

time: 946691027.860833
diff: 36.139166951179504
waiting
going to web site
Hello world	Thread-19031	5

time: 946691064.832832
diff: 10.167168021202087
waiting
going to web site
Hello world	Thread-19073	2

time: 946691075.851833
diff: 33.14816701412201
waiting
going to web site
Hello world	Thread-19226	4

time: 946691109.841833
diff: 18.158167004585266
waiting
going to web site
Hello world	Thread-19313	2

time: 946691128.842833
diff: 24.157166957855225
waiting
going to web site
Hello world	Thread-19427	5

time: 946691153.832832
diff: 8.167168021202087
waiting
going to web site
Hello world	Thread-19470	2

time: 946691162.832833
diff: 23.16716694831848
waiting
going to web site
Hello world	Thread-19567	4

time: 946691186.836832
diff: 26.16316795349121
waiting
going to web site
Hello world	Thread-19692	4

time: 946691213.832832
diff: 22.167168021202087
waiting
going to web site
Hello world	Thread-19821	4

time: 946691239.841833
diff: 17.158167004585266
waiting
going to web site
Hello world	Thread-19907	3

time: 946691257.838833
diff: 36.1611670255661
waiting
going to web site
Hello world	Thread-20079	2

time: 946691295.8522489
diff: 15.147751092910767
waiting
going to web site
Hello world	Thread-20168	2

time: 946691314.841833
diff: 10.158167004585266
waiting
going to web site
Hello world	Thread-20217	4

time: 946691325.841833
diff: 17.158167004585266
waiting
going to web site
Hello world	Thread-20297	2

time: 946691343.832833
diff: 23.16716694831848
waiting
going to web site
Hello world	Thread-20407	6

time: 946691367.832832
diff: 17.167168021202087
waiting
going to web site
Hello world	Thread-20513	3

time: 946691385.836833
diff: 26.163166999816895
waiting
going to web site
Hello world	Thread-20640	3

time: 946691412.832832
diff: 33.16716802120209
waiting
going to web site
Hello world	Thread-20803	5

time: 946691446.832833
diff: 15.167166948318481
waiting
going to web site
Hello world	Thread-20883	4

time: 946691462.832832
diff: 24.167168021202087
waiting
going to web site
Hello world	Thread-21003	3

time: 946691487.841833
diff: 6.158167004585266
waiting
going to web site
Hello world	Thread-21028	2

time: 946691494.832833
diff: 17.16716694831848
waiting
going to web site
Hello world	Thread-21108	4

time: 946691512.832832
diff: 23.167168021202087
waiting
going to web site
Hello world	Thread-21227	3

time: 946691536.841833
diff: 26.158167004585266
waiting
going to web site
Hello world	Thread-21351	5

time: 946691563.832833
diff: 3.1671669483184814
waiting
going to web site
Hello world	Thread-21364	2

time: 946691567.832832
diff: 26.167168021202087
waiting
going to web site
Hello world	Thread-21492	5

time: 946691594.841833
diff: 26.158167004585266
waiting
going to web site
Hello world	Thread-21616	3

time: 946691622.841833
diff: 27.158167004585266
waiting
going to web site
Hello world	Thread-21745	2

time: 946691651.851833
diff: 7.148167014122009
waiting
going to web site
Hello world	Thread-21781	2

time: 946691659.851665
diff: 21.148334980010986
waiting
going to web site
Hello world	Thread-21879	4

time: 946691681.832832
diff: 18.167168021202087
waiting
going to web site
Hello world	Thread-21957	4

time: 946691700.832833
diff: 20.16716694831848
waiting
going to web site
Hello world	Thread-22052	4

time: 946691721.832832
diff: 29.167168021202087
waiting
going to web site
Hello world	Thread-22186	3

time: 946691751.845833
diff: 21.15416705608368
waiting
going to web site
Hello world	Thread-22279	6

time: 946691773.544065
diff: 29.45593500137329
waiting
going to web site
Hello world	Thread-22407	4

time: 946691803.544065
diff: 26.45593500137329
waiting
going to web site
Hello world	Thread-22527	3

time: 946691830.5350649
diff: 8.464935064315796
waiting
going to web site
Hello world	Thread-22565	5

time: 946691839.544065
diff: 36.45593500137329
waiting
going to web site
Hello world	Thread-22727	6

time: 946691876.544065
diff: 16.45593500137329
waiting
going to web site
Hello world	Thread-22803	7

time: 946691893.5350649
diff: 27.464935064315796
waiting
going to web site
Hello world	Thread-22930	6

time: 946691921.5350649
diff: 10.464935064315796
waiting
going to web site
Hello world	Thread-22973	5

time: 946691932.526065
diff: 21.47393500804901
waiting
going to web site
Hello world	Thread-23085	6

time: 946691954.544065
diff: 28.45593500137329
waiting
going to web site
Hello world	Thread-23218	6

time: 946691983.5350649
diff: 14.464935064315796
waiting
going to web site
Hello world	Thread-23287	5

time: 946691998.5350649
diff: 26.464935064315796
waiting
going to web site
Hello world	Thread-23412	7

time: 946692025.526065
diff: 18.47393500804901
waiting
going to web site
Hello world	Thread-23505	6

time: 946692044.526065
diff: 25.47393500804901
waiting
going to web site
Hello world	Thread-23636	6

time: 946692070.5350649
diff: 21.464935064315796
waiting
going to web site
Hello world	Thread-23739	3

time: 946692092.544065
diff: 23.45593500137329
waiting
going to web site
Hello world	Thread-23853	6

time: 946692116.5350649
diff: 26.464935064315796
waiting
going to web site
Hello world	Thread-23981	6

time: 946692143.544065
diff: 12.455935001373291
waiting
going to web site
Hello world	Thread-24039	2

time: 946692156.526065
diff: 12.473935008049011
waiting
going to web site
Hello world	Thread-24095	4

time: 946692169.5450649
diff: 43.45493507385254
waiting
going to web site
Hello world	Thread-24298	5

time: 946692213.533065
diff: 1.4669350385665894
waiting
going to web site
Hello world	Thread-24308	7

time: 946692215.542065
diff: 22.457934975624084
waiting
going to web site
Hello world	Thread-24410	2

time: 946692238.526064
diff: 28.473935961723328
waiting
going to web site
Hello world	Thread-24543	7

time: 946692267.526064
diff: 13.473935961723328
waiting
going to web site
Hello world	Thread-24611	4

time: 946692281.5350641
diff: 16.464935898780823
waiting
going to web site
Hello world	Thread-24683	7

time: 946692298.535833
diff: 14.46416699886322
waiting
going to web site
Hello world	Thread-24745	4

time: 946692313.526064
diff: 24.473935961723328
waiting
going to web site
Hello world	Thread-24860	5

time: 946692338.5350641
diff: 18.464935898780823
waiting
going to web site
Hello world	Thread-24938	7

time: 946692357.526064
diff: 20.473935961723328
waiting
going to web site
Hello world	Thread-25035	6

time: 946692378.5290639
diff: 30.470936059951782
waiting
going to web site
Hello world	Thread-25156	5

time: 946692409.544065
diff: 17.45593500137329
waiting
going to web site
Hello world	Thread-25236	3

time: 946692427.533065
diff: 37.46693503856659
waiting
going to web site
Hello world	Thread-25391	5

time: 946692465.544065
diff: 22.45593500137329
waiting
going to web site
Hello world	Thread-25493	5

time: 946692488.5440971
diff: 13.455902934074402
waiting
going to web site
Hello world	Thread-25549	4

time: 946692502.5350641
diff: 34.46493589878082
waiting
going to web site
Hello world	Thread-25694	5

time: 946692537.5350641
diff: 8.464935898780823
waiting
going to web site
Hello world	Thread-25733	4

time: 946692546.526064
diff: 38.47393596172333
waiting
going to web site
Hello world	Thread-25903	4

time: 946692585.526064
diff: 16.473935961723328
waiting
going to web site
Hello world	Thread-25970	7

time: 946692602.535249
diff: 32.46475100517273
waiting
going to web site
Hello world	Thread-26107	6

time: 946692635.544065
diff: 12.455935001373291
waiting
going to web site
Hello world	Thread-26163	5

time: 946692648.544065
diff: 26.45593500137329
waiting
going to web site
Hello world	Thread-26261	6

time: 946692675.533065
diff: 12.46693503856659
waiting
going to web site
Hello world	Thread-26302	4

time: 946692688.5350649
diff: 26.464935064315796
waiting
going to web site
Hello world	Thread-26388	4

time: 946692715.5350649
diff: 19.464935064315796
waiting
going to web site
Hello world	Thread-26448	4

time: 946692735.5350649
diff: 28.464935064315796
waiting
going to web site
Hello world	Thread-26519	3

time: 946692764.5350649
diff: 31.464935064315796
waiting
going to web site
Hello world	Thread-26596	4

time: 946692796.5350649
diff: 14.464935064315796
waiting
going to web site
Hello world	Thread-26633	2

time: 946692811.526065
diff: 29.47393500804901
waiting
going to web site
Hello world	Thread-26681	3

time: 946692841.526065
diff: 19.47393500804901
waiting
going to web site
Hello world	Thread-26711	4

time: 946692861.5300651
diff: 27.469934940338135
waiting
going to web site
Hello world	Thread-26746	3

time: 946692889.526064
diff: 10.473935961723328
waiting
going to web site
Hello world	Thread-26761	2

