time: 946686600.0
diff: 0.0
going to web site
Hello world	Thread-67	4

time: 946686720.784601
diff: -60.78460097312927
going to web site
Hello world	Thread-74	3

time: 946686721.370257
diff: 58.62974298000336
waiting
going to web site
Hello world	Thread-223	4

time: 946686795.590656
diff: 104.409343957901
waiting
going to web site
Hello world	Thread-343	7

time: 946686901.596398
diff: 118.40360200405121
waiting
going to web site
Hello world	Thread-500	2

time: 946687023.590656
diff: 56.409343957901
waiting
going to web site
Hello world	Thread-538	3

time: 946687081.580656
diff: 59.41934394836426
waiting
going to web site
Hello world	Thread-710	6

time: 946687261.861536
diff: -0.8615360260009766
going to web site
Hello world	Thread-716	12

time: 946687262.454192
diff: 58.54580795764923
waiting
going to web site
Hello world	Thread-929	6

time: 946687441.8591181
diff: -60.85911810398102
going to web site
Hello world	Thread-935	6

time: 946687442.446598
diff: 58.553401947021484
waiting
going to web site
Hello world	Thread-1055	3

time: 946687516.590656
diff: 44.409343957901
waiting
going to web site
Hello world	Thread-1075	2

time: 946687562.580656
diff: 59.41934394836426
waiting
going to web site
Hello world	Thread-1193	6

time: 946687653.590656
diff: 28.409343957901
waiting
going to web site
Hello world	Thread-1231	3

time: 946687685.580656
diff: 56.41934394836426
waiting
going to web site
Hello world	Thread-1359	2

time: 946687805.590656
diff: 56.409343957901
waiting
going to web site
Hello world	Thread-1442	4

time: 946687869.580656
diff: 112.41934394836426
waiting
going to web site
Hello world	Thread-1570	4

time: 946687985.590656
diff: 116.409343957901
waiting
going to web site
Hello world	Thread-1684	3

time: 946688102.580656
diff: 120.41934394836426
waiting
going to web site
Hello world	Thread-1840	5

time: 946688230.590656
diff: 52.409343957901
waiting
going to web site
Hello world	Thread-1890	5

