time: 946686600.0
diff: 147.0
waiting
going to web site
Hello world	Thread-166	2

time: 946686747.843832
diff: 5.156167984008789
waiting
going to web site
Hello world	Thread-178	3

time: 946686753.832832
diff: 8.167168021202087
waiting
going to web site
Hello world	Thread-903	2

time: 946686762.841833
diff: -0.8418329954147339
going to web site
Hello world	Thread-904	5

time: 946686763.674665
diff: -1.6746649742126465
going to web site
Hello world	Thread-908	5

time: 946686764.507497
diff: -2.507496953010559
going to web site
Hello world	Thread-913	2

time: 946686765.349329
diff: -3.3493289947509766
going to web site
Hello world	Thread-915	2

time: 946686766.182161
diff: -4.182160973548889
going to web site
Hello world	Thread-917	2

time: 946686767.017993
diff: -5.017992973327637
going to web site
Hello world	Thread-919	2

time: 946686767.860825
diff: -4.860824942588806
going to web site
Hello world	Thread-921	2

time: 946686768.70815
diff: 10.291849970817566
waiting
going to web site
Hello world	Thread-247	3

time: 946686779.8729091
diff: 19.12709093093872
waiting
going to web site
Hello world	Thread-296	4

time: 946686799.8398321
diff: 23.160167932510376
waiting
going to web site
Hello world	Thread-370	5

time: 946686823.8438799
diff: 12.15612006187439
waiting
going to web site
Hello world	Thread-417	2

time: 946686836.845833
diff: 0.1541670560836792
waiting
going to web site
Hello world	Thread-1272	3

time: 946686837.832833
diff: 5.1671669483184814
waiting
going to web site
Hello world	Thread-1302	3

time: 946686843.832832
diff: 0.1671680212020874
waiting
going to web site
Hello world	Thread-1305	3

time: 946686844.850833
diff: -0.8508330583572388
going to web site
Hello world	Thread-1307	2

time: 946686845.689449
diff: -0.6894489526748657
going to web site
Hello world	Thread-1310	3

time: 946686846.526281
diff: 4.473719000816345
waiting
going to web site
Hello world	Thread-465	2

time: 946686851.832833
diff: 16.16716694831848
waiting
going to web site
Hello world	Thread-519	2

time: 946686868.832832
diff: 21.167168021202087
waiting
going to web site
Hello world	Thread-605	2

time: 946686891.846833
diff: 17.153167009353638
waiting
going to web site
Hello world	Thread-675	2

time: 946686909.843833
diff: 18.156167030334473
waiting
going to web site
Hello world	Thread-742	2

time: 946686928.851833
diff: 27.14816701412201
waiting
going to web site
Hello world	Thread-884	2

time: 946686956.851833
diff: 18.14816701412201
waiting
going to web site
Hello world	Thread-974	2

time: 946686975.861833
diff: 38.13816702365875
waiting
going to web site
Hello world	Thread-1151	4

time: 946687014.832833
diff: 12.167166948318481
waiting
going to web site
Hello world	Thread-1204	4

time: 946687027.8398321
diff: 25.160167932510376
waiting
going to web site
Hello world	Thread-1323	4

time: 946687053.837832
diff: 18.16216802597046
waiting
going to web site
Hello world	Thread-1412	3

time: 946687072.848833
diff: 28.151167035102844
waiting
going to web site
Hello world	Thread-1544	2

time: 946687101.8588331
diff: 31.141166925430298
waiting
going to web site
Hello world	Thread-1675	5

time: 946687133.8398321
diff: 26.160167932510376
waiting
going to web site
Hello world	Thread-1796	4

time: 946687160.832832
diff: 15.167168021202087
waiting
going to web site
Hello world	Thread-1852	2

time: 946687176.851833
diff: 12.14816701412201
waiting
going to web site
Hello world	Thread-1909	2

time: 946687189.851833
diff: 27.14816701412201
waiting
going to web site
Hello world	Thread-2029	4

time: 946687217.8664811
diff: 35.13351893424988
waiting
going to web site
Hello world	Thread-2180	6

time: 946687253.8358321
diff: 23.164167881011963
waiting
going to web site
Hello world	Thread-2295	3

time: 946687277.832832
diff: 18.167168021202087
waiting
going to web site
Hello world	Thread-2379	4

time: 946687296.841833
diff: 16.158167004585266
waiting
going to web site
Hello world	Thread-2451	2

time: 946687313.842665
diff: 12.157335042953491
waiting
going to web site
Hello world	Thread-2501	2

time: 946687326.841833
diff: 28.158167004585266
waiting
going to web site
Hello world	Thread-2633	5

time: 946687355.541065
diff: 20.458935022354126
waiting
going to web site
Hello world	Thread-2726	5

time: 946687376.544065
diff: 16.45593500137329
waiting
going to web site
Hello world	Thread-2805	7

time: 946687393.541065
diff: 15.458935022354126
waiting
going to web site
Hello world	Thread-2866	6

time: 946687409.540065
diff: 35.45993494987488
waiting
going to web site
Hello world	Thread-3021	7

time: 946687445.5350641
diff: 16.464935898780823
waiting
going to web site
Hello world	Thread-3102	5

time: 946687462.5350641
diff: 26.464935898780823
waiting
going to web site
Hello world	Thread-3221	7

time: 946687489.532064
diff: 26.467936038970947
waiting
going to web site
Hello world	Thread-3336	5

time: 946687516.544065
diff: 12.455935001373291
waiting
going to web site
Hello world	Thread-3395	4

time: 946687529.539065
diff: 35.46093499660492
waiting
going to web site
Hello world	Thread-3545	6

time: 946687565.5350641
diff: 16.464935898780823
waiting
going to web site
Hello world	Thread-3625	7

time: 946687582.534517
diff: 33.46548295021057
waiting
going to web site
Hello world	Thread-3774	6

time: 946687616.5350641
diff: 14.464935898780823
waiting
going to web site
Hello world	Thread-3835	5

time: 946687631.5350641
diff: 28.464935898780823
waiting
going to web site
Hello world	Thread-3964	7

time: 946687660.5350641
diff: 28.464935898780823
waiting
going to web site
Hello world	Thread-4094	7

time: 946687689.5350641
diff: 24.464935898780823
waiting
going to web site
Hello world	Thread-4201	6

time: 946687714.538064
diff: 6.461935997009277
waiting
going to web site
Hello world	Thread-4232	7

time: 946687721.5294169
diff: 15.470583081245422
waiting
going to web site
Hello world	Thread-4306	2

time: 946687737.5350649
diff: 31.464935064315796
waiting
going to web site
Hello world	Thread-4441	5

time: 946687769.544065
diff: 20.45593500137329
waiting
going to web site
Hello world	Thread-4537	5

time: 946687790.539065
diff: 9.46093499660492
waiting
going to web site
Hello world	Thread-4582	7

time: 946687800.5290639
diff: 21.470936059951782
waiting
going to web site
Hello world	Thread-4682	6

time: 946687822.526065
diff: 25.47393500804901
waiting
going to web site
Hello world	Thread-4804	6

time: 946687848.544257
diff: 22.455742955207825
waiting
going to web site
Hello world	Thread-4906	5

time: 946687871.534551
diff: 16.46544897556305
waiting
going to web site
Hello world	Thread-4980	4

time: 946687888.5350641
diff: 0.46493589878082275
waiting
going to web site
Hello world	Thread-2138	2

time: 946687889.5350641
diff: -0.5350641012191772
going to web site
Hello world	Thread-2139	2

time: 946687890.0611279
diff: -1.0611279010772705
going to web site
Hello world	Thread-2141	2

time: 946687890.587192
diff: 24.412807941436768
waiting
going to web site
Hello world	Thread-5107	4

time: 946687915.5350641
diff: 19.464935898780823
waiting
going to web site
Hello world	Thread-5197	7

time: 946687935.5350641
diff: 41.46493589878082
waiting
going to web site
Hello world	Thread-5406	3

time: 946687977.832832
diff: 6.167168021202087
waiting
going to web site
Hello world	Thread-5436	3

time: 946687984.832833
diff: 25.16716694831848
waiting
going to web site
Hello world	Thread-5552	6

time: 946688010.832832
diff: 20.167168021202087
waiting
going to web site
Hello world	Thread-5648	3

time: 946688031.841833
diff: 3.158167004585266
waiting
going to web site
Hello world	Thread-5672	3

time: 946688035.836833
diff: 25.163166999816895
waiting
going to web site
Hello world	Thread-5780	2

time: 946688061.832832
diff: 26.167168021202087
waiting
going to web site
Hello world	Thread-5908	3

time: 946688088.841833
diff: 22.158167004585266
waiting
going to web site
Hello world	Thread-6009	2

time: 946688111.841833
diff: 24.158167004585266
waiting
going to web site
Hello world	Thread-6112	2

time: 946688136.832833
diff: 17.16716694831848
waiting
going to web site
Hello world	Thread-6188	4

time: 946688154.832832
diff: 30.167168021202087
waiting
going to web site
Hello world	Thread-6320	4

time: 946688185.834833
diff: 17.165166974067688
waiting
going to web site
Hello world	Thread-6397	6

time: 946688203.832832
diff: 37.16716802120209
waiting
going to web site
Hello world	Thread-6565	2

time: 946688241.841833
diff: 26.158167004585266
waiting
going to web site
Hello world	Thread-6682	2

time: 946688268.840101
diff: 20.15989899635315
waiting
going to web site
Hello world	Thread-6777	2

time: 946688289.836832
diff: 12.163167953491211
waiting
going to web site
Hello world	Thread-6828	4

time: 946688302.832832
diff: 30.167168021202087
waiting
going to web site
Hello world	Thread-6974	2

time: 946688333.841833
diff: 16.158167004585266
waiting
going to web site
Hello world	Thread-7043	2

time: 946688350.841833
diff: 20.158167004585266
waiting
going to web site
Hello world	Thread-7153	2

time: 946688374.841833
diff: 17.158167004585266
waiting
going to web site
Hello world	Thread-7232	2

time: 946688392.841833
diff: 28.158167004585266
waiting
going to web site
Hello world	Thread-7362	4

time: 946688421.845833
diff: 2.154167056083679
waiting
going to web site
Hello world	Thread-7377	3

time: 946688424.851833
diff: 31.14816701412201
waiting
going to web site
Hello world	Thread-7520	2

time: 946688457.841833
diff: 23.158167004585266
waiting
going to web site
Hello world	Thread-7630	3

time: 946688481.832833
diff: 16.16716694831848
waiting
going to web site
Hello world	Thread-7705	2

time: 946688498.832832
diff: 19.167168021202087
waiting
going to web site
Hello world	Thread-7796	2

time: 946688518.841833
diff: 17.158167004585266
waiting
going to web site
Hello world	Thread-7872	3

time: 946688537.860833
diff: 27.139166951179504
waiting
going to web site
Hello world	Thread-8000	4

time: 946688565.832832
diff: 28.167168021202087
waiting
going to web site
Hello world	Thread-8128	3

time: 946688594.841833
diff: 32.158167004585266
waiting
going to web site
Hello world	Thread-8274	4

time: 946688628.841833
diff: 18.158167004585266
waiting
going to web site
Hello world	Thread-8363	2

time: 946688650.841833
diff: 27.158167004585266
waiting
going to web site
Hello world	Thread-8494	2

time: 946688681.851833
diff: 19.14816701412201
waiting
going to web site
Hello world	Thread-8574	3

time: 946688701.841833
diff: 18.158167004585266
waiting
going to web site
Hello world	Thread-8652	2

time: 946688720.845833
diff: 31.15416705608368
waiting
going to web site
Hello world	Thread-8789	3

time: 946688753.841833
diff: 27.158167004585266
waiting
going to web site
Hello world	Thread-8897	3

time: 946688782.841833
diff: 4.158167004585266
waiting
going to web site
Hello world	Thread-8914	3

time: 946688787.841833
diff: 32.158167004585266
waiting
going to web site
Hello world	Thread-9049	2

time: 946688820.842833
diff: 23.157166957855225
waiting
going to web site
Hello world	Thread-9150	4

time: 946688844.832832
diff: 24.167168021202087
waiting
going to web site
Hello world	Thread-9257	2

time: 946688869.832833
diff: 31.16716694831848
waiting
going to web site
Hello world	Thread-9393	5

time: 946688901.832832
diff: 10.167168021202087
waiting
going to web site
Hello world	Thread-9447	2

time: 946688913.841833
diff: 14.158167004585266
waiting
going to web site
Hello world	Thread-9510	3

time: 946688928.836833
diff: 27.163166999816895
waiting
going to web site
Hello world	Thread-9633	4

time: 946688956.832832
diff: 27.167168021202087
waiting
going to web site
Hello world	Thread-9769	4

time: 946688985.841833
diff: 18.158167004585266
waiting
going to web site
Hello world	Thread-9864	2

time: 946689004.842833
diff: 18.157166957855225
waiting
going to web site
Hello world	Thread-9945	3

time: 946689023.841833
diff: 25.158167004585266
waiting
going to web site
Hello world	Thread-10063	3

time: 946689049.832833
diff: 13.167166948318481
waiting
going to web site
Hello world	Thread-10125	5

time: 946689063.8358321
diff: 14.164167881011963
waiting
going to web site
Hello world	Thread-10204	2

time: 946689078.832832
diff: 24.167168021202087
waiting
going to web site
Hello world	Thread-10317	3

time: 946689104.841833
diff: 10.158167004585266
waiting
going to web site
Hello world	Thread-10372	2

time: 946689115.851833
diff: 29.14816701412201
waiting
going to web site
Hello world	Thread-10521	3

time: 946689146.842833
diff: 18.157166957855225
waiting
going to web site
Hello world	Thread-10605	6

time: 946689165.832832
diff: 19.167168021202087
waiting
going to web site
Hello world	Thread-10707	2

time: 946689185.841833
diff: 29.158167004585266
waiting
going to web site
Hello world	Thread-10849	5

time: 946689215.526065
diff: 21.47393500804901
waiting
going to web site
Hello world	Thread-10951	5

time: 946689237.526065
diff: 13.473935008049011
waiting
going to web site
Hello world	Thread-11018	5

time: 946689251.5350649
diff: 26.464935064315796
waiting
going to web site
Hello world	Thread-11146	5

time: 946689278.544065
diff: 9.455935001373291
waiting
going to web site
Hello world	Thread-11192	6

time: 946689288.535417
diff: 15.464583039283752
waiting
going to web site
Hello world	Thread-11272	6

time: 946689304.536065
diff: 29.463935017585754
waiting
going to web site
Hello world	Thread-11412	5

time: 946689334.544065
diff: 19.45593500137329
waiting
going to web site
Hello world	Thread-11504	6

time: 946689354.5350649
diff: 29.464935064315796
waiting
going to web site
Hello world	Thread-11644	6

time: 946689384.544065
diff: 19.45593500137329
waiting
going to web site
Hello world	Thread-11741	3

time: 946689404.526065
diff: 16.47393500804901
waiting
going to web site
Hello world	Thread-11809	3

time: 946689421.5350649
diff: 16.464935064315796
waiting
going to web site
Hello world	Thread-11890	3

time: 946689438.5350649
diff: 17.464935064315796
waiting
going to web site
Hello world	Thread-11971	6

time: 946689456.544065
diff: 16.45593500137329
waiting
going to web site
Hello world	Thread-12051	5

time: 946689473.5350649
diff: 29.464935064315796
waiting
going to web site
Hello world	Thread-12186	7

time: 946689503.540065
diff: 21.459934949874878
waiting
going to web site
Hello world	Thread-12280	7

time: 946689525.5350641
diff: 37.46493589878082
waiting
going to web site
Hello world	Thread-12464	7

time: 946689563.531064
diff: 12.4689359664917
waiting
going to web site
Hello world	Thread-12518	4

time: 946689576.5350641
diff: 35.46493589878082
waiting
going to web site
Hello world	Thread-12675	7

time: 946689612.526064
diff: 19.473935961723328
waiting
going to web site
Hello world	Thread-12772	5

time: 946689632.5355171
diff: 16.46448290348053
waiting
going to web site
Hello world	Thread-12851	7

time: 946689649.5350641
diff: 15.464935898780823
waiting
going to web site
Hello world	Thread-12927	5

time: 946689665.526064
diff: 12.473935961723328
waiting
going to web site
Hello world	Thread-12987	7

time: 946689678.5350641
diff: 38.46493589878082
waiting
going to web site
Hello world	Thread-13171	3

time: 946689717.526064
diff: 1.4739359617233276
waiting
going to web site
Hello world	Thread-13179	6

time: 946689719.5350641
diff: 35.46493589878082
waiting
going to web site
Hello world	Thread-13343	5

time: 946689755.526064
diff: 15.473935961723328
waiting
going to web site
Hello world	Thread-13412	6

time: 946689771.5350641
diff: 20.464935898780823
waiting
going to web site
Hello world	Thread-13508	3

time: 946689792.526064
diff: 13.473935961723328
waiting
going to web site
Hello world	Thread-13567	7

time: 946689806.5345191
diff: 21.46548092365265
waiting
going to web site
Hello world	Thread-13668	7

time: 946689828.5350641
diff: 23.464935898780823
waiting
going to web site
Hello world	Thread-13792	5

time: 946689852.5350641
diff: 22.464935898780823
waiting
going to web site
Hello world	Thread-13891	7

time: 946689875.526064
diff: 26.473935961723328
waiting
going to web site
Hello world	Thread-14018	5

time: 946689902.526064
diff: 21.473935961723328
waiting
going to web site
Hello world	Thread-14108	7

time: 946689924.5350641
diff: 29.464935898780823
waiting
going to web site
Hello world	Thread-14239	6

time: 946689954.5300651
diff: 21.469934940338135
waiting
going to web site
Hello world	Thread-14327	6

time: 946689976.5350641
diff: 14.464935898780823
waiting
going to web site
Hello world	Thread-14404	3

time: 946689991.5350641
diff: 29.464935898780823
waiting
going to web site
Hello world	Thread-14533	6

time: 946690021.535733
diff: 36.46426701545715
waiting
going to web site
Hello world	Thread-14690	6

time: 946690058.544065
diff: 25.45593500137329
waiting
going to web site
Hello world	Thread-14801	5

time: 946690084.549065
diff: 14.450935006141663
waiting
going to web site
Hello world	Thread-14867	7

time: 946690099.544065
diff: 14.455935001373291
waiting
going to web site
Hello world	Thread-14928	6

time: 946690114.5480651
diff: 26.451934933662415
waiting
going to web site
Hello world	Thread-15042	6

time: 946690141.5350641
diff: 13.464935898780823
waiting
going to web site
Hello world	Thread-15102	5

time: 946690155.5350641
diff: 32.46493589878082
waiting
going to web site
Hello world	Thread-15238	6

time: 946690188.5350641
diff: 17.464935898780823
waiting
going to web site
Hello world	Thread-15321	7

time: 946690206.526064
diff: 26.473935961723328
waiting
going to web site
Hello world	Thread-15438	6

time: 946690233.5350641
diff: 23.464935898780823
waiting
going to web site
Hello world	Thread-15539	8

time: 946690257.5350641
diff: 18.464935898780823
waiting
going to web site
Hello world	Thread-15627	6

time: 946690276.5350641
diff: 30.464935898780823
waiting
going to web site
Hello world	Thread-15759	6

time: 946690307.5350641
diff: 21.464935898780823
waiting
going to web site
Hello world	Thread-15853	4

time: 946690329.5350641
diff: 17.464935898780823
waiting
going to web site
Hello world	Thread-15928	6

time: 946690347.5350641
diff: 17.464935898780823
waiting
going to web site
Hello world	Thread-16008	6

time: 946690365.5350641
diff: 26.464935898780823
waiting
going to web site
Hello world	Thread-16126	6

time: 946690392.5350641
diff: 28.464935898780823
waiting
going to web site
Hello world	Thread-16251	6

time: 946690421.526064
diff: 14.473935961723328
waiting
going to web site
Hello world	Thread-16318	6

time: 946690436.5350641
diff: 34.46493589878082
waiting
going to web site
Hello world	Thread-16468	7

time: 946690471.526064
diff: 11.473935961723328
waiting
going to web site
Hello world	Thread-16521	7

time: 946690483.5294169
diff: 27.470583081245422
waiting
going to web site
Hello world	Thread-16647	2

time: 946690511.5350649
diff: 24.464935064315796
waiting
going to web site
Hello world	Thread-16751	4

time: 946690536.526065
diff: 21.47393500804901
waiting
going to web site
Hello world	Thread-16844	7

time: 946690558.540065
diff: 12.459934949874878
waiting
going to web site
Hello world	Thread-16907	6

time: 946690571.5350641
diff: 24.464935898780823
waiting
going to web site
Hello world	Thread-17015	6

time: 946690596.526064
diff: 9.473935961723328
waiting
going to web site
Hello world	Thread-17054	6

time: 946690606.530041
diff: 36.469959020614624
waiting
going to web site
Hello world	Thread-17214	4

time: 946690643.526065
diff: 30.47393500804901
waiting
going to web site
Hello world	Thread-17338	6

time: 946690674.526065
diff: 23.47393500804901
waiting
going to web site
Hello world	Thread-17451	4

time: 946690698.5350649
diff: 30.464935064315796
waiting
going to web site
Hello world	Thread-17584	5

time: 946690729.542065
diff: 13.457934975624084
waiting
going to web site
Hello world	Thread-17646	6

time: 946690743.5350641
diff: 29.464935898780823
waiting
going to web site
Hello world	Thread-17784	5

time: 946690773.526064
diff: 7.473935961723328
waiting
going to web site
Hello world	Thread-17814	5

time: 946690781.5350641
diff: 37.46493589878082
waiting
going to web site
Hello world	Thread-17974	7

time: 946690819.5350641
diff: 4.464935898780823
waiting
going to web site
Hello world	Thread-17995	5

time: 946690824.5350641
diff: 34.46493589878082
waiting
going to web site
Hello world	Thread-18137	4

time: 946690859.535561
diff: 17.464439034461975
waiting
going to web site
Hello world	Thread-18214	5

time: 946690877.5350649
diff: 17.464935064315796
waiting
going to web site
Hello world	Thread-18299	4

time: 946690895.544065
diff: 39.45593500137329
waiting
going to web site
Hello world	Thread-18463	6

time: 946690935.542065
diff: 14.457934975624084
waiting
going to web site
Hello world	Thread-18532	3

time: 946690950.5350641
diff: 33.46493589878082
waiting
going to web site
Hello world	Thread-18674	7

time: 946690984.5350641
diff: 12.464935898780823
waiting
going to web site
Hello world	Thread-18732	7

time: 946690997.5350641
diff: 18.464935898780823
waiting
going to web site
Hello world	Thread-18816	5

time: 946691016.5350641
diff: 26.464935898780823
waiting
going to web site
Hello world	Thread-18934	5

time: 946691043.5350641
diff: 18.464935898780823
waiting
going to web site
Hello world	Thread-19019	5

time: 946691062.526064
diff: 20.473935961723328
waiting
going to web site
Hello world	Thread-19110	4

time: 946691083.5350641
diff: 33.46493589878082
waiting
going to web site
Hello world	Thread-19261	6

time: 946691117.532064
diff: 13.467936038970947
waiting
going to web site
Hello world	Thread-19321	7

time: 946691131.540065
diff: 33.45993494987488
waiting
going to web site
Hello world	Thread-19475	3

time: 946691165.526064
diff: 16.473935961723328
waiting
going to web site
Hello world	Thread-19550	5

time: 946691182.5350641
diff: 11.464935898780823
waiting
going to web site
Hello world	Thread-19606	5

time: 946691194.526064
diff: 18.473935961723328
waiting
going to web site
Hello world	Thread-19691	5

time: 946691213.5350641
diff: 28.464935898780823
waiting
going to web site
Hello world	Thread-19830	3

time: 946691242.5350641
diff: 25.464935898780823
waiting
going to web site
Hello world	Thread-19953	7

time: 946691268.5350641
diff: 7.464935898780823
waiting
going to web site
Hello world	Thread-19983	5

time: 946691276.526064
diff: 41.47393596172333
waiting
going to web site
Hello world	Thread-20181	8

time: 946691318.5350641
diff: 13.464935898780823
waiting
going to web site
Hello world	Thread-20252	4

time: 946691332.526064
diff: 15.473935961723328
waiting
going to web site
Hello world	Thread-20320	6

time: 946691348.5350641
diff: 19.464935898780823
waiting
going to web site
Hello world	Thread-20411	7

time: 946691368.5350641
diff: 8.464935898780823
waiting
going to web site
Hello world	Thread-20469	4

time: 946691377.526064
diff: 29.473935961723328
waiting
going to web site
Hello world	Thread-20618	5

time: 946691407.526064
diff: 19.473935961723328
waiting
going to web site
Hello world	Thread-20709	6

time: 946691427.5350641
diff: 29.464935898780823
waiting
going to web site
Hello world	Thread-20854	5

time: 946691457.5350641
diff: 22.464935898780823
waiting
going to web site
Hello world	Thread-20962	6

time: 946691480.526064
diff: 17.473935961723328
waiting
going to web site
Hello world	Thread-21044	7

time: 946691498.533657
diff: 15.46634304523468
waiting
going to web site
Hello world	Thread-21112	6

time: 946691514.542065
diff: 7.4579349756240845
waiting
going to web site
Hello world	Thread-21157	6

time: 946691522.5350641
diff: 24.464935898780823
waiting
going to web site
Hello world	Thread-21273	7

time: 946691547.5350641
diff: 25.464935898780823
waiting
going to web site
Hello world	Thread-21388	5

time: 946691573.526064
diff: 24.473935961723328
waiting
going to web site
Hello world	Thread-21511	4

time: 946691598.526064
diff: 22.473935961723328
waiting
going to web site
Hello world	Thread-21607	7

time: 946691621.5350641
diff: 37.46493589878082
waiting
going to web site
Hello world	Thread-21780	4

time: 946691659.832832
diff: 18.167168021202087
waiting
going to web site
Hello world	Thread-21869	2

time: 946691679.851684
diff: 23.148316025733948
waiting
going to web site
Hello world	Thread-21980	3

time: 946691704.842833
diff: 13.157166957855225
waiting
going to web site
Hello world	Thread-22040	3

time: 946691718.832832
diff: 28.167168021202087
waiting
going to web site
Hello world	Thread-22167	2

time: 946691747.841833
diff: 10.158167004585266
waiting
going to web site
Hello world	Thread-22212	2

time: 946691758.841833
diff: 24.158167004585266
waiting
going to web site
Hello world	Thread-22316	4

time: 946691783.841833
diff: 23.158167004585266
waiting
going to web site
Hello world	Thread-22425	4

time: 946691807.832833
diff: 27.16716694831848
waiting
going to web site
Hello world	Thread-22550	5

time: 946691836.836832
diff: 12.163167953491211
waiting
going to web site
Hello world	Thread-22603	7

time: 946691849.832832
diff: 28.167168021202087
waiting
going to web site
Hello world	Thread-22739	4

time: 946691878.841833
diff: 19.158167004585266
waiting
going to web site
Hello world	Thread-22829	5

time: 946691898.832833
diff: 21.16716694831848
waiting
going to web site
Hello world	Thread-22926	4

time: 946691920.832832
diff: 25.167168021202087
waiting
going to web site
Hello world	Thread-23043	4

time: 946691946.845833
diff: 23.15416705608368
waiting
going to web site
Hello world	Thread-23167	2

time: 946691971.841833
diff: 19.158167004585266
waiting
going to web site
Hello world	Thread-23261	3

time: 946691991.841833
diff: 17.158167004585266
waiting
going to web site
Hello world	Thread-23339	3

time: 946692009.841833
diff: 17.158167004585266
waiting
going to web site
Hello world	Thread-23442	2

time: 946692030.841833
diff: 22.158167004585266
waiting
going to web site
Hello world	Thread-23556	6

time: 946692053.832833
diff: 20.16716694831848
waiting
going to web site
Hello world	Thread-23654	4

time: 946692074.832832
diff: 21.167168021202087
waiting
going to web site
Hello world	Thread-23761	4

time: 946692096.832833
diff: 15.167166948318481
waiting
going to web site
Hello world	Thread-23830	5

time: 946692112.832832
diff: 4.167168021202087
waiting
going to web site
Hello world	Thread-23861	3

time: 946692117.841833
diff: 30.158167004585266
waiting
going to web site
Hello world	Thread-24006	4

time: 946692148.841833
diff: 3.158167004585266
waiting
going to web site
Hello world	Thread-24022	6

time: 946692152.832833
diff: 34.16716694831848
waiting
going to web site
Hello world	Thread-24182	4

time: 946692187.832832
diff: 25.167168021202087
waiting
going to web site
Hello world	Thread-24301	3

time: 946692213.832833
diff: 21.16716694831848
waiting
going to web site
Hello world	Thread-24396	5

time: 946692235.832832
diff: 22.167168021202087
waiting
going to web site
Hello world	Thread-24507	2

time: 946692258.861313
diff: 23.138687014579773
waiting
going to web site
Hello world	Thread-24616	6

time: 946692282.699561
diff: 32.3004390001297
waiting
going to web site
Hello world	Thread-24758	5

time: 946692315.699561
diff: 17.3004390001297
waiting
going to web site
Hello world	Thread-24839	4

time: 946692333.699561
diff: 22.3004390001297
waiting
going to web site
Hello world	Thread-24934	5

time: 946692356.699561
diff: 26.3004390001297
waiting
going to web site
Hello world	Thread-25053	2

time: 946692383.699561
diff: 18.3004390001297
waiting
going to web site
Hello world	Thread-25135	3

time: 946692402.703561
diff: 28.296439051628113
waiting
going to web site
Hello world	Thread-25254	4

time: 946692431.699561
diff: 23.3004390001297
waiting
going to web site
Hello world	Thread-25351	3

time: 946692455.699561
diff: 15.3004390001297
waiting
going to web site
Hello world	Thread-25420	5

time: 946692471.699561
diff: 34.3004390001297
waiting
going to web site
Hello world	Thread-25562	4

time: 946692506.699561
diff: 21.3004390001297
waiting
going to web site
Hello world	Thread-25655	6

time: 946692528.699561
diff: 17.3004390001297
waiting
going to web site
Hello world	Thread-25737	3

time: 946692546.699561
diff: 25.3004390001297
waiting
going to web site
Hello world	Thread-25844	6

time: 946692572.699561
diff: 11.3004390001297
waiting
going to web site
Hello world	Thread-25898	6

time: 946692584.699561
diff: 31.3004390001297
waiting
going to web site
Hello world	Thread-26031	7

time: 946692616.699561
diff: 25.3004390001297
waiting
going to web site
Hello world	Thread-26136	3

time: 946692642.699561
diff: 29.3004390001297
waiting
going to web site
Hello world	Thread-26250	4

time: 946692672.699561
diff: 23.3004390001297
waiting
going to web site
Hello world	Thread-26340	3

time: 946692696.699561
diff: 17.3004390001297
waiting
going to web site
Hello world	Thread-26386	3

time: 946692714.699561
diff: 15.3004390001297
waiting
going to web site
Hello world	Thread-26430	4

