time: 946686600.0
diff: 229.0
waiting
going to web site
Hello world	Thread-391	3

time: 946686829.832832
diff: 4.167168021202087
waiting
going to web site
Hello world	Thread-1260	2

time: 946686834.851481
diff: 6.148519039154053
waiting
going to web site
Hello world	Thread-431	3

time: 946686841.841833
diff: 0.1581670045852661
waiting
going to web site
Hello world	Thread-1297	4

time: 946686842.841833
diff: 27.158167004585266
waiting
going to web site
Hello world	Thread-525	2

time: 946686870.852833
diff: 12.147166967391968
waiting
going to web site
Hello world	Thread-570	5

time: 946686883.832832
diff: 10.167168021202087
waiting
going to web site
Hello world	Thread-617	3

time: 946686894.859833
diff: 6.140166997909546
waiting
going to web site
Hello world	Thread-1515	5

time: 946686901.865839
diff: 12.134160995483398
waiting
going to web site
Hello world	Thread-704	2

time: 946686914.860832
diff: 14.13916802406311
waiting
going to web site
Hello world	Thread-755	3

time: 946686930.858523
diff: 18.14147698879242
waiting
going to web site
Hello world	Thread-845	5

time: 946686949.832832
diff: 24.167168021202087
waiting
going to web site
Hello world	Thread-969	4

time: 946686974.841833
diff: 14.158167004585266
waiting
going to web site
Hello world	Thread-1028	2

time: 946686989.841833
diff: 4.158167004585266
waiting
going to web site
Hello world	Thread-1944	2

time: 946686994.841833
diff: -0.8418329954147339
going to web site
Hello world	Thread-1946	3

time: 946686995.675665
diff: 20.324334979057312
waiting
going to web site
Hello world	Thread-1160	4

time: 946687016.832832
diff: 1.1671680212020874
waiting
going to web site
Hello world	Thread-1995	2

time: 946687018.841833
diff: 8.158167004585266
waiting
going to web site
Hello world	Thread-1206	3

time: 946687027.8494799
diff: 34.15052008628845
waiting
going to web site
Hello world	Thread-1367	4

time: 946687062.841833
diff: 20.158167004585266
waiting
going to web site
Hello world	Thread-1459	6

time: 946687083.8398329
diff: 36.16016709804535
waiting
going to web site
Hello world	Thread-1623	3

time: 946687120.832833
diff: 16.16716694831848
waiting
going to web site
Hello world	Thread-1697	2

time: 946687137.832832
diff: 20.167168021202087
waiting
going to web site
Hello world	Thread-1790	4

time: 946687159.851833
diff: 16.14816701412201
waiting
going to web site
Hello world	Thread-2077	2

time: 946687176.832833
diff: 0.16716694831848145
waiting
going to web site
Hello world	Thread-1854	3

time: 946687177.832832
diff: 3.1671680212020874
waiting
going to web site
Hello world	Thread-2078	2

time: 946687181.841833
diff: 17.158167004585266
waiting
going to web site
Hello world	Thread-1953	3

time: 946687199.841833
diff: 35.158167004585266
waiting
going to web site
Hello world	Thread-2103	2

time: 946687235.841833
diff: 8.158167004585266
waiting
going to web site
Hello world	Thread-2140	3

time: 946687244.845833
diff: 28.15416705608368
waiting
going to web site
Hello world	Thread-2282	2

time: 946687274.842833
diff: 21.157166957855225
waiting
going to web site
Hello world	Thread-2378	5

time: 946687296.832832
diff: 33.16716802120209
waiting
going to web site
Hello world	Thread-2529	4

time: 946687331.845833
diff: 18.15416705608368
waiting
going to web site
Hello world	Thread-2605	4

time: 946687350.832833
diff: 21.16716694831848
waiting
going to web site
Hello world	Thread-2714	3

time: 946687372.833833
diff: 28.16616702079773
waiting
going to web site
Hello world	Thread-2840	2

time: 946687401.841833
diff: 19.158167004585266
waiting
going to web site
Hello world	Thread-2927	3

time: 946687421.832833
diff: 15.167166948318481
waiting
going to web site
Hello world	Thread-2989	4

time: 946687437.5350641
diff: 18.464935898780823
waiting
going to web site
Hello world	Thread-3076	7

time: 946687456.5294169
diff: 6.470583081245422
waiting
going to web site
Hello world	Thread-3107	6

time: 946687463.544065
diff: 35.45593500137329
waiting
going to web site
Hello world	Thread-3263	6

time: 946687499.526065
diff: 20.47393500804901
waiting
going to web site
Hello world	Thread-3353	7

time: 946687520.542065
diff: 23.457934975624084
waiting
going to web site
Hello world	Thread-3456	7

time: 946687544.5350641
diff: 17.464935898780823
waiting
going to web site
Hello world	Thread-3536	4

time: 946687562.5350641
diff: 35.46493589878082
waiting
going to web site
Hello world	Thread-3690	7

time: 946687598.5294169
diff: 23.470583081245422
waiting
going to web site
Hello world	Thread-3807	6

time: 946687622.539065
diff: 15.46093499660492
waiting
going to web site
Hello world	Thread-3868	6

time: 946687638.534064
diff: 23.465935945510864
waiting
going to web site
Hello world	Thread-3974	4

time: 946687662.5350641
diff: 27.464935898780823
waiting
going to web site
Hello world	Thread-4099	7

time: 946687690.5350641
diff: 18.464935898780823
waiting
going to web site
Hello world	Thread-4172	6

time: 946687709.5350641
diff: 26.464935898780823
waiting
going to web site
Hello world	Thread-4299	7

time: 946687736.5345191
diff: 19.46548092365265
waiting
going to web site
Hello world	Thread-4387	4

time: 946687756.535625
diff: 23.464375019073486
waiting
going to web site
Hello world	Thread-4499	4

time: 946687780.526065
diff: 22.47393500804901
waiting
going to web site
Hello world	Thread-4599	4

time: 946687803.526065
diff: 20.47393500804901
waiting
going to web site
Hello world	Thread-4694	5

time: 946687824.5448971
diff: 23.455102920532227
waiting
going to web site
Hello world	Thread-4803	7

time: 946687848.5346091
diff: 10.465390920639038
waiting
going to web site
Hello world	Thread-4845	3

time: 946687859.5350641
diff: 27.464935898780823
waiting
going to web site
Hello world	Thread-4974	7

time: 946687887.5290639
diff: 11.470936059951782
waiting
going to web site
Hello world	Thread-5034	6

time: 946687899.539065
diff: 21.46093499660492
waiting
going to web site
Hello world	Thread-5132	6

time: 946687921.5350641
diff: 29.464935898780823
waiting
going to web site
Hello world	Thread-5281	7

time: 946687951.5350641
diff: 23.464935898780823
waiting
going to web site
Hello world	Thread-5394	6

time: 946687975.5294169
diff: 26.470583081245422
waiting
going to web site
Hello world	Thread-5511	7

time: 946688002.5350649
diff: 11.464935064315796
waiting
going to web site
Hello world	Thread-5573	6

time: 946688014.5450009
diff: 35.45499908924103
waiting
going to web site
Hello world	Thread-5733	2

time: 946688050.910777
diff: 14.089223027229309
waiting
going to web site
Hello world	Thread-5800	2

time: 946688065.910777
diff: 18.08922302722931
waiting
going to web site
Hello world	Thread-5891	2

time: 946688084.910777
diff: 23.08922302722931
waiting
going to web site
Hello world	Thread-5992	2

time: 946688108.903777
diff: 19.09622299671173
waiting
going to web site
Hello world	Thread-6085	2

time: 946688129.9067761
diff: 16.093223929405212
waiting
going to web site
Hello world	Thread-6186	2

time: 946688153.9027761
diff: 18.0972238779068
waiting
going to web site
Hello world	Thread-6259	2

time: 946688172.901776
diff: 20.09822404384613
waiting
going to web site
Hello world	Thread-6350	2

time: 946688193.901777
diff: 31.098222970962524
waiting
going to web site
Hello world	Thread-6500	2

time: 946688225.901776
diff: 13.09822404384613
waiting
going to web site
Hello world	Thread-6558	2

time: 946688239.911777
diff: 18.088222980499268
waiting
going to web site
Hello world	Thread-6640	2

time: 946688258.910776
diff: 27.089223980903625
waiting
going to web site
Hello world	Thread-6765	2

time: 946688286.9027761
diff: 19.0972238779068
waiting
going to web site
Hello world	Thread-6850	2

time: 946688306.9027761
diff: 26.0972238779068
waiting
going to web site
Hello world	Thread-6979	2

time: 946688334.9027761
diff: 36.0972238779068
waiting
going to web site
Hello world	Thread-7206	2

time: 946688386.9027761
diff: -4.902776122093201
going to web site
Hello world	Thread-7207	5

time: 946688387.804552
diff: 35.19544804096222
waiting
going to web site
Hello world	Thread-7372	2

time: 946688423.910777
diff: 15.089223027229309
waiting
going to web site
Hello world	Thread-7452	2

time: 946688440.910777
diff: 21.08922302722931
waiting
going to web site
Hello world	Thread-7546	2

time: 946688462.910777
diff: 17.08922302722931
waiting
going to web site
Hello world	Thread-7628	2

time: 946688480.901777
diff: 14.098222970962524
waiting
going to web site
Hello world	Thread-7690	2

time: 946688495.901776
diff: 6.09822404384613
waiting
going to web site
Hello world	Thread-7724	2

time: 946688502.911777
diff: 32.08822298049927
waiting
going to web site
Hello world	Thread-7881	2

time: 946688538.9034979
diff: 22.09650206565857
waiting
going to web site
Hello world	Thread-7982	3

time: 946688561.910777
diff: 6.089223027229309
waiting
going to web site
Hello world	Thread-8014	2

time: 946688568.910777
diff: 30.08922302722931
waiting
going to web site
Hello world	Thread-8144	2

time: 946688599.910777
diff: 11.089223027229309
waiting
going to web site
Hello world	Thread-8202	2

time: 946688611.910777
diff: 27.08922302722931
waiting
going to web site
Hello world	Thread-8317	2

time: 946688639.910777
diff: 36.08922302722931
waiting
going to web site
Hello world	Thread-8470	3

time: 946688676.853209
diff: 27.146790981292725
waiting
going to web site
Hello world	Thread-8587	4

time: 946688704.832832
diff: 21.167168021202087
waiting
going to web site
Hello world	Thread-8679	3

time: 946688726.841833
diff: 23.158167004585266
waiting
going to web site
Hello world	Thread-8777	2

time: 946688750.841833
diff: 35.158167004585266
waiting
going to web site
Hello world	Thread-8909	2

time: 946688786.8422489
diff: 14.157751083374023
waiting
going to web site
Hello world	Thread-8972	5

time: 946688801.845833
diff: 20.15416705608368
waiting
going to web site
Hello world	Thread-9058	2

time: 946688822.841833
diff: 22.158167004585266
waiting
going to web site
Hello world	Thread-9156	3

time: 946688845.841833
diff: 20.158167004585266
waiting
going to web site
Hello world	Thread-9249	3

time: 946688866.841833
diff: 23.158167004585266
waiting
going to web site
Hello world	Thread-9357	3

time: 946688891.841833
diff: 29.158167004585266
waiting
going to web site
Hello world	Thread-9483	5

time: 946688921.841833
diff: 26.158167004585266
waiting
going to web site
Hello world	Thread-9591	4

time: 946688948.836833
diff: 35.163166999816895
waiting
going to web site
Hello world	Thread-9763	3

time: 946688984.832832
diff: 6.167168021202087
waiting
going to web site
Hello world	Thread-9798	2

time: 946688991.836833
diff: 17.163166999816895
waiting
going to web site
Hello world	Thread-9887	4

time: 946689009.832832
diff: 19.167168021202087
waiting
going to web site
Hello world	Thread-9975	2

time: 946689029.860833
diff: 35.139166951179504
waiting
going to web site
Hello world	Thread-10141	3

time: 946689066.842832
diff: 14.15716803073883
waiting
going to web site
Hello world	Thread-10221	2

time: 946689081.851833
diff: 18.14816701412201
waiting
going to web site
Hello world	Thread-10295	3

time: 946689100.841833
diff: 31.158167004585266
waiting
going to web site
Hello world	Thread-10452	5

time: 946689132.841833
diff: 6.158167004585266
waiting
going to web site
Hello world	Thread-10483	3

time: 946689139.841833
diff: 19.158167004585266
waiting
going to web site
Hello world	Thread-10578	4

time: 946689160.841833
diff: 9.158167004585266
waiting
going to web site
Hello world	Thread-10629	2

time: 946689170.841833
diff: 17.158167004585266
waiting
going to web site
Hello world	Thread-10739	3

time: 946689191.841833
diff: 31.158167004585266
waiting
going to web site
Hello world	Thread-10893	4

time: 946689224.841833
diff: 21.158167004585266
waiting
going to web site
Hello world	Thread-10997	2

time: 946689246.860833
diff: 23.139166951179504
waiting
going to web site
Hello world	Thread-11110	3

time: 946689270.843832
diff: 21.15616798400879
waiting
going to web site
Hello world	Thread-11216	5

time: 946689292.832832
diff: 24.167168021202087
waiting
going to web site
Hello world	Thread-11369	3

time: 946689324.860833
diff: 5.139166951179504
waiting
going to web site
Hello world	Thread-11392	3

time: 946689330.832832
diff: 28.167168021202087
waiting
going to web site
Hello world	Thread-11530	2

time: 946689359.859653
diff: 11.140347003936768
waiting
going to web site
Hello world	Thread-11596	2

time: 946689372.841833
diff: 12.158167004585266
waiting
going to web site
Hello world	Thread-11653	2

time: 946689385.845833
diff: 30.15416705608368
waiting
going to web site
Hello world	Thread-11791	3

time: 946689416.841833
diff: 7.158167004585266
waiting
going to web site
Hello world	Thread-11827	2

time: 946689424.8588331
diff: 32.1411669254303
waiting
going to web site
Hello world	Thread-11979	4

time: 946689457.832832
diff: 14.167168021202087
waiting
going to web site
Hello world	Thread-12048	3

time: 946689472.841833
diff: 26.158167004585266
waiting
going to web site
Hello world	Thread-12170	2

time: 946689499.832833
diff: 28.16716694831848
waiting
going to web site
Hello world	Thread-12299	4

time: 946689528.832832
diff: 13.167168021202087
waiting
going to web site
Hello world	Thread-12369	3

time: 946689542.841833
diff: 17.158167004585266
waiting
going to web site
Hello world	Thread-12451	3

time: 946689560.842197
diff: 32.15780305862427
waiting
going to web site
Hello world	Thread-12600	3

time: 946689593.841833
diff: 16.158167004585266
waiting
going to web site
Hello world	Thread-12672	2

time: 946689610.859833
diff: 35.140166997909546
waiting
going to web site
Hello world	Thread-12835	4

time: 946689646.832832
diff: 16.167168021202087
waiting
going to web site
Hello world	Thread-12920	4

time: 946689663.841833
diff: 24.158167004585266
waiting
going to web site
Hello world	Thread-13042	4

time: 946689688.841833
diff: 25.158167004585266
waiting
going to web site
Hello world	Thread-13157	2

time: 946689714.841833
diff: 18.158167004585266
waiting
going to web site
Hello world	Thread-13239	3

time: 946689733.845833
diff: 1.1541670560836792
waiting
going to web site
Hello world	Thread-13247	2

time: 946689735.8588331
diff: 19.141166925430298
waiting
going to web site
Hello world	Thread-13345	2

time: 946689755.832832
diff: 41.16716802120209
waiting
going to web site
Hello world	Thread-13529	2

time: 946689797.832833
diff: 11.167166948318481
waiting
going to web site
Hello world	Thread-13583	5

time: 946689809.832832
diff: 28.167168021202087
waiting
going to web site
Hello world	Thread-13722	3

time: 946689838.841833
diff: 16.158167004585266
waiting
going to web site
Hello world	Thread-13808	3

time: 946689855.841833
diff: 14.158167004585266
waiting
going to web site
Hello world	Thread-13876	3

time: 946689870.832833
diff: 15.167166948318481
waiting
going to web site
Hello world	Thread-13947	4

time: 946689886.832832
diff: 23.167168021202087
waiting
going to web site
Hello world	Thread-14058	4

time: 946689910.844833
diff: 32.15516698360443
waiting
going to web site
Hello world	Thread-14194	3

time: 946689943.832832
diff: 18.167168021202087
waiting
going to web site
Hello world	Thread-14281	2

time: 946689962.841833
diff: 18.158167004585266
waiting
going to web site
Hello world	Thread-14356	7

time: 946689981.832833
diff: 14.167166948318481
waiting
going to web site
Hello world	Thread-14428	3

time: 946689996.832832
diff: 34.16716802120209
waiting
going to web site
Hello world	Thread-14579	5

time: 946690031.841833
diff: 25.158167004585266
waiting
going to web site
Hello world	Thread-14692	4

time: 946690058.841833
diff: 12.158167004585266
waiting
going to web site
Hello world	Thread-14745	2

time: 946690071.832833
diff: 41.16716694831848
waiting
going to web site
Hello world	Thread-14927	2

time: 946690113.832832
diff: 15.167168021202087
waiting
going to web site
Hello world	Thread-14997	3

time: 946690129.8423929
diff: 31.157607078552246
waiting
going to web site
Hello world	Thread-15131	2

time: 946690161.832833
diff: 11.167166948318481
waiting
going to web site
Hello world	Thread-15174	5

time: 946690173.832832
diff: 23.167168021202087
waiting
going to web site
Hello world	Thread-15280	2

time: 946690197.841833
diff: 26.158167004585266
waiting
going to web site
Hello world	Thread-15405	3

time: 946690225.841833
diff: 20.158167004585266
waiting
going to web site
Hello world	Thread-15495	4

time: 946690246.841833
diff: 15.158167004585266
waiting
going to web site
Hello world	Thread-15566	2

time: 946690262.845833
diff: 31.15416705608368
waiting
going to web site
Hello world	Thread-15709	3

time: 946690294.841833
diff: 11.158167004585266
waiting
going to web site
Hello world	Thread-15757	2

time: 946690306.841833
diff: 22.158167004585266
waiting
going to web site
Hello world	Thread-15855	2

time: 946690329.841833
diff: 28.158167004585266
waiting
going to web site
Hello world	Thread-15975	3

time: 946690358.841833
diff: 23.158167004585266
waiting
going to web site
Hello world	Thread-16085	3

time: 946690383.841833
diff: 18.158167004585266
waiting
going to web site
Hello world	Thread-16169	4

time: 946690402.832833
diff: 15.167166948318481
waiting
going to web site
Hello world	Thread-16238	4

time: 946690418.832832
diff: 23.167168021202087
waiting
going to web site
Hello world	Thread-16346	3

time: 946690442.848833
diff: 31.151167035102844
waiting
going to web site
Hello world	Thread-16486	2

time: 946690474.841833
diff: 28.158167004585266
waiting
going to web site
Hello world	Thread-16615	3

time: 946690503.841833
diff: 22.158167004585266
waiting
going to web site
Hello world	Thread-16713	3

time: 946690526.8420761
diff: 26.157923936843872
waiting
going to web site
Hello world	Thread-16822	4

time: 946690553.832832
diff: 21.167168021202087
waiting
going to web site
Hello world	Thread-16928	3

time: 946690575.842833
diff: 21.157166957855225
waiting
going to web site
Hello world	Thread-17023	5

time: 946690597.832832
diff: 11.167168021202087
waiting
going to web site
Hello world	Thread-17064	2

time: 946690609.841833
diff: 22.158167004585266
waiting
going to web site
Hello world	Thread-17168	5

time: 946690632.832833
diff: 19.16716694831848
waiting
going to web site
Hello world	Thread-17252	4

time: 946690652.832832
diff: 28.167168021202087
waiting
going to web site
Hello world	Thread-17381	2

time: 946690681.841833
diff: 14.158167004585266
waiting
going to web site
Hello world	Thread-17444	2

time: 946690696.832833
diff: 17.16716694831848
waiting
going to web site
Hello world	Thread-17523	2

time: 946690714.842832
diff: 35.15716803073883
waiting
going to web site
Hello world	Thread-17676	2

time: 946690750.832833
diff: 18.16716694831848
waiting
going to web site
Hello world	Thread-17765	2

time: 946690769.8358321
diff: 24.164167881011963
waiting
going to web site
Hello world	Thread-17876	2

time: 946690794.842832
diff: 32.15716803073883
waiting
going to web site
Hello world	Thread-18016	2

time: 946690827.841833
diff: 20.158167004585266
waiting
going to web site
Hello world	Thread-18096	3

time: 946690848.836833
diff: 17.163166999816895
waiting
going to web site
Hello world	Thread-18172	3

time: 946690866.832832
diff: 26.167168021202087
waiting
going to web site
Hello world	Thread-18293	2

time: 946690893.841833
diff: 13.158167004585266
waiting
going to web site
Hello world	Thread-18350	2

time: 946690907.841833
diff: 38.158167004585266
waiting
going to web site
Hello world	Thread-18526	4

time: 946690949.841833
diff: 19.158167004585266
waiting
going to web site
Hello world	Thread-18610	3

time: 946690969.841833
diff: 11.158167004585266
waiting
going to web site
Hello world	Thread-18661	2

time: 946690981.841833
diff: 29.158167004585266
waiting
going to web site
Hello world	Thread-18798	4

time: 946691011.841833
diff: 27.158167004585266
waiting
going to web site
Hello world	Thread-18921	3

time: 946691040.851833
diff: 22.14816701412201
waiting
going to web site
Hello world	Thread-19027	3

time: 946691063.841833
diff: 18.158167004585266
waiting
going to web site
Hello world	Thread-19108	2

time: 946691082.832833
diff: 14.167166948318481
waiting
going to web site
Hello world	Thread-19172	4

time: 946691097.8418319
diff: 26.158168077468872
waiting
going to web site
Hello world	Thread-19298	2

time: 946691124.832833
diff: 16.16716694831848
waiting
going to web site
Hello world	Thread-19370	5

time: 946691141.832832
diff: 30.167168021202087
waiting
going to web site
Hello world	Thread-19519	4

time: 946691173.851833
diff: 26.14816701412201
waiting
going to web site
Hello world	Thread-19639	2

time: 946691200.841833
diff: 13.158167004585266
waiting
going to web site
Hello world	Thread-19696	4

time: 946691214.841833
diff: 29.158167004585266
waiting
going to web site
Hello world	Thread-19835	3

time: 946691244.841833
diff: 5.158167004585266
waiting
going to web site
Hello world	Thread-19883	3

time: 946691253.841833
diff: 17.158167004585266
waiting
going to web site
Hello world	Thread-19969	2

time: 946691271.841833
diff: 18.158167004585266
waiting
going to web site
Hello world	Thread-20057	3

time: 946691290.841833
diff: 20.158167004585266
waiting
going to web site
Hello world	Thread-20152	2

time: 946691311.845833
diff: 43.15416705608368
waiting
going to web site
Hello world	Thread-20358	2

time: 946691355.841833
diff: 3.158167004585266
waiting
going to web site
Hello world	Thread-20369	4

time: 946691359.832833
diff: 37.16716694831848
waiting
going to web site
Hello world	Thread-20574	3

time: 946691397.832832
diff: 12.167168021202087
waiting
going to web site
Hello world	Thread-20630	4

time: 946691410.841833
diff: 2.158167004585266
waiting
going to web site
Hello world	Thread-20684	4

time: 946691420.841833
diff: 22.158167004585266
waiting
going to web site
Hello world	Thread-20795	2

time: 946691444.841833
diff: 17.158167004585266
waiting
going to web site
Hello world	Thread-20884	2

time: 946691462.841833
diff: 23.158167004585266
waiting
going to web site
Hello world	Thread-20998	3

time: 946691486.841833
diff: 12.158167004585266
waiting
going to web site
Hello world	Thread-21054	4

time: 946691499.841833
diff: 23.158167004585266
waiting
going to web site
Hello world	Thread-21167	5

time: 946691523.841833
diff: 23.158167004585266
waiting
going to web site
Hello world	Thread-21283	4

time: 946691548.841833
diff: 19.158167004585266
waiting
going to web site
Hello world	Thread-21369	2

time: 946691568.842833
diff: 17.157166957855225
waiting
going to web site
Hello world	Thread-21451	5

time: 946691586.832832
diff: 13.167168021202087
waiting
going to web site
Hello world	Thread-21519	2

time: 946691600.8461411
diff: 37.15385890007019
waiting
going to web site
Hello world	Thread-21689	4

time: 946691638.832832
diff: 16.167168021202087
waiting
going to web site
Hello world	Thread-21765	3

time: 946691655.841833
diff: 12.158167004585266
waiting
going to web site
Hello world	Thread-21811	2

time: 946691668.859833
diff: 29.140166997909546
waiting
going to web site
Hello world	Thread-21948	3

time: 946691698.832832
diff: 38.16716802120209
waiting
going to web site
Hello world	Thread-22125	2

time: 946691738.8424569
diff: 8.157543063163757
waiting
going to web site
Hello world	Thread-22166	3

time: 946691747.836713
diff: 37.16328704357147
waiting
going to web site
Hello world	Thread-22325	5

time: 946691785.844912
diff: 22.15508794784546
waiting
going to web site
Hello world	Thread-22432	3

time: 946691808.839712
diff: 20.160287976264954
waiting
going to web site
Hello world	Thread-22525	2

time: 946691829.8367119
diff: 12.163288116455078
waiting
going to web site
Hello world	Thread-22578	4

time: 946691842.836713
diff: 14.163287043571472
waiting
going to web site
Hello world	Thread-22641	6

time: 946691857.836713
diff: 40.16328704357147
waiting
going to web site
Hello world	Thread-22831	4

time: 946691898.836713
diff: 14.163287043571472
waiting
going to web site
Hello world	Thread-22900	3

time: 946691914.836713
diff: 20.163287043571472
waiting
going to web site
Hello world	Thread-22990	5

time: 946691935.836713
diff: 15.163287043571472
waiting
going to web site
Hello world	Thread-23068	5

time: 946691951.836713
diff: 25.163287043571472
waiting
going to web site
Hello world	Thread-23191	2

time: 946691977.836713
diff: 20.163287043571472
waiting
going to web site
Hello world	Thread-23289	3

time: 946691998.836713
diff: 35.16328704357147
waiting
going to web site
Hello world	Thread-23460	2

time: 946692034.836713
diff: 15.163287043571472
waiting
going to web site
Hello world	Thread-23543	3

time: 946692050.836713
diff: 12.163287043571472
waiting
going to web site
Hello world	Thread-23605	2

time: 946692063.836713
diff: 27.163287043571472
waiting
going to web site
Hello world	Thread-23737	2

time: 946692091.836713
diff: 18.163287043571472
waiting
going to web site
Hello world	Thread-23820	3

time: 946692110.839713
diff: 21.160287022590637
waiting
going to web site
Hello world	Thread-23928	3

time: 946692132.836713
diff: 6.163287043571472
waiting
going to web site
Hello world	Thread-23968	3

time: 946692140.8487129
diff: 23.151287078857422
waiting
going to web site
Hello world	Thread-24077	4

time: 946692164.836713
diff: 16.163287043571472
waiting
going to web site
Hello world	Thread-24150	3

time: 946692181.839713
diff: 28.160287022590637
waiting
going to web site
Hello world	Thread-24287	3

time: 946692210.836713
diff: 4.163287043571472
waiting
going to web site
Hello world	Thread-24312	4

time: 946692215.839713
diff: 16.160287022590637
waiting
going to web site
Hello world	Thread-24387	2

time: 946692232.836713
diff: 31.163287043571472
waiting
going to web site
Hello world	Thread-24536	2

time: 946692264.844713
diff: 31.15528702735901
waiting
going to web site
Hello world	Thread-24676	3

time: 946692296.836713
diff: 24.163287043571472
waiting
going to web site
Hello world	Thread-24792	4

time: 946692321.836713
diff: 11.163287043571472
waiting
going to web site
Hello world	Thread-24840	3

time: 946692333.839713
diff: 38.16028702259064
waiting
going to web site
Hello world	Thread-25010	3

time: 946692372.738325
diff: 17.261675000190735
waiting
going to web site
Hello world	Thread-25076	4

time: 946692390.732585
diff: 15.267415046691895
waiting
going to web site
Hello world	Thread-25147	5

time: 946692406.720585
diff: 33.279415011405945
waiting
going to web site
Hello world	Thread-25291	2

time: 946692440.720585
diff: 15.279415011405945
waiting
going to web site
Hello world	Thread-25354	7

time: 946692456.729585
diff: 37.27041494846344
waiting
going to web site
Hello world	Thread-25518	5

time: 946692494.7205839
diff: 14.27941608428955
waiting
going to web site
Hello world	Thread-25578	5

time: 946692509.738585
diff: 18.261415004730225
waiting
going to web site
Hello world	Thread-25656	4

time: 946692528.729585
diff: 23.27041494846344
waiting
going to web site
Hello world	Thread-25758	4

time: 946692552.741584
diff: 23.258416056632996
waiting
going to web site
Hello world	Thread-25865	5

time: 946692576.732585
diff: 24.267415046691895
waiting
going to web site
Hello world	Thread-25967	4

time: 946692601.732585
diff: 20.267415046691895
waiting
going to web site
Hello world	Thread-26063	4

time: 946692622.741585
diff: 29.25841498374939
waiting
going to web site
Hello world	Thread-26176	5

time: 946692652.7205839
diff: 22.27941608428955
waiting
going to web site
Hello world	Thread-26263	4

time: 946692675.720585
diff: 14.279415011405945
waiting
going to web site
Hello world	Thread-26312	2

time: 946692690.720585
diff: 26.279415011405945
waiting
going to web site
Hello world	Thread-26400	4

time: 946692717.741585
diff: 30.25841498374939
waiting
going to web site
Hello world	Thread-26488	4

time: 946692748.7325839
diff: 20.2674161195755
waiting
going to web site
Hello world	Thread-26539	4

time: 946692769.720585
diff: 21.279415011405945
waiting
going to web site
Hello world	Thread-26588	3

time: 946692791.720585
diff: 15.279415011405945
waiting
going to web site
Hello world	Thread-26623	4

