time: 946686600.0
diff: 0.0
going to web site
Hello world	Thread-110	4

time: 946686723.8163711
diff: -3.8163710832595825
going to web site
Hello world	Thread-115	3

time: 946686724.4010271
diff: 55.59897291660309
waiting
going to web site
Hello world	Thread-192	4

time: 946686783.590656
diff: 56.409343957901
waiting
going to web site
Hello world	Thread-237	2

time: 946686840.5914301
diff: 120.40856993198395
waiting
going to web site
Hello world	Thread-417	3

time: 946686961.590817
diff: 119.40918302536011
waiting
going to web site
Hello world	Thread-565	7

time: 946687096.590656
diff: 104.409343957901
waiting
going to web site
Hello world	Thread-652	4

time: 946687201.5816561
diff: 119.41834390163422
waiting
going to web site
Hello world	Thread-837	7

time: 946687328.590656
diff: 112.409343957901
waiting
going to web site
Hello world	Thread-923	6

time: 946687441.580656
diff: 60.41934394836426
waiting
going to web site
Hello world	Thread-1039	3

time: 946687505.590656
diff: 56.409343957901
waiting
going to web site
Hello world	Thread-1080	3

time: 946687562.580656
diff: 119.41934394836426
waiting
going to web site
Hello world	Thread-1234	6

time: 946687689.5902101
diff: 112.40978991985321
waiting
going to web site
Hello world	Thread-1376	7

time: 946687809.590656
diff: 112.409343957901
waiting
going to web site
Hello world	Thread-1461	6

time: 946687922.587656
diff: 59.412343978881836
waiting
going to web site
Hello world	Thread-1583	3

time: 946687989.590656
diff: 113.409343957901
waiting
going to web site
Hello world	Thread-1688	6

time: 946688103.580656
diff: 119.41934394836426
waiting
going to web site
Hello world	Thread-1848	3

time: 946688238.5996561
diff: 44.400343894958496
waiting
going to web site
Hello world	Thread-1905	2

time: 946688298.590656
diff: 44.409343957901
waiting
going to web site
Hello world	Thread-1918	2

