time: 946686600.0
diff: 0.0
going to web site
Hello world	Thread-28	4

time: 946686615.590656
diff: 44.409343957901
waiting
going to web site
Hello world	Thread-39	5

time: 946686660.580656
diff: 119.41934394836426
waiting
going to web site
Hello world	Thread-189	7

time: 946686783.590656
diff: 56.409343957901
waiting
going to web site
Hello world	Thread-234	5

time: 946686840.5914301
diff: 119.40856993198395
waiting
going to web site
Hello world	Thread-431	7

time: 946686963.5896561
diff: 57.41034388542175
waiting
going to web site
Hello world	Thread-523	4

time: 946687036.601518
diff: 44.398481965065
waiting
going to web site
Hello world	Thread-569	3

time: 946687096.590656
diff: 44.409343957901
waiting
going to web site
Hello world	Thread-600	3

time: 946687142.596192
diff: 118.40380799770355
waiting
going to web site
Hello world	Thread-781	3

time: 946687292.590656
diff: 88.409343957901
waiting
going to web site
Hello world	Thread-875	7

time: 946687382.5909201
diff: 118.40907990932465
waiting
going to web site
Hello world	Thread-1043	5

time: 946687508.590656
diff: 113.409343957901
waiting
going to web site
Hello world	Thread-1147	6

time: 946687623.595451
diff: 118.4045490026474
waiting
going to web site
Hello world	Thread-1309	4

time: 946687757.590656
diff: 104.409343957901
waiting
going to web site
Hello world	Thread-1394	7

time: 946687862.5836561
diff: 119.41634392738342
waiting
going to web site
Hello world	Thread-1579	7

time: 946687989.590656
diff: 52.409343957901
waiting
going to web site
Hello world	Thread-1613	6

time: 946688042.587656
diff: 59.412343978881836
waiting
going to web site
Hello world	Thread-1702	5

time: 946688105.589657
diff: 57.410343050956726
waiting
going to web site
Hello world	Thread-1787	2

time: 946688178.590656
diff: 44.409343957901
waiting
going to web site
Hello world	Thread-1893	2

time: 946688286.590656
diff: 56.409343957901
waiting
going to web site
Hello world	Thread-1915	5

