time: 946686600.0
diff: 12.0
waiting
going to web site
Hello world	Thread-26	3

time: 946686612.832832
diff: -0.8328319787979126
going to web site
Hello world	Thread-32	4

time: 946686613.665664
diff: -0.6656639575958252
going to web site
Hello world	Thread-38	2

time: 946686614.500496
diff: -1.5004960298538208
going to web site
Hello world	Thread-41	2

time: 946686615.339328
diff: -2.3393280506134033
going to web site
Hello world	Thread-46	3

time: 946686616.17216
diff: -2.172160029411316
going to web site
Hello world	Thread-49	2

time: 946686617.013992
diff: 12.986008048057556
waiting
going to web site
Hello world	Thread-9	2

time: 946686630.832833
diff: 18.16716694831848
waiting
going to web site
Hello world	Thread-176	2

time: 946686649.832832
diff: 3.1671680212020874
waiting
going to web site
Hello world	Thread-23	2

time: 946686653.853349
diff: 19.146651029586792
waiting
going to web site
Hello world	Thread-45	2

time: 946686673.841833
diff: 16.158167004585266
waiting
going to web site
Hello world	Thread-59	2

time: 946686690.86072
diff: 26.139279961586
waiting
going to web site
Hello world	Thread-102	3

time: 946686717.871404
diff: 14.1285959482193
waiting
going to web site
Hello world	Thread-138	3

time: 946686732.832832
diff: 17.167168021202087
waiting
going to web site
Hello world	Thread-172	2

time: 946686750.841833
diff: 14.158167004585266
waiting
going to web site
Hello world	Thread-201	4

time: 946686765.841833
diff: 20.158167004585266
waiting
going to web site
Hello world	Thread-265	2

time: 946686786.841833
diff: 13.158167004585266
waiting
going to web site
Hello world	Thread-303	3

time: 946686800.841833
diff: 22.158167004585266
waiting
going to web site
Hello world	Thread-372	4

time: 946686823.853833
diff: 24.146167039871216
waiting
going to web site
Hello world	Thread-452	3

time: 946686848.841833
diff: 23.158167004585266
waiting
going to web site
Hello world	Thread-532	3

time: 946686872.841833
diff: 26.158167004585266
waiting
going to web site
Hello world	Thread-642	3

time: 946686899.841061
diff: 18.158939003944397
waiting
going to web site
Hello world	Thread-714	4

time: 946686918.860412
diff: 27.139587998390198
waiting
going to web site
Hello world	Thread-831	3

time: 946686946.832832
diff: 23.167168021202087
waiting
going to web site
Hello world	Thread-943	4

time: 946686970.832833
diff: 19.16716694831848
waiting
going to web site
Hello world	Thread-1032	4

time: 946686990.842832
diff: 26.15716803073883
waiting
going to web site
Hello world	Thread-1166	2

time: 946687017.845833
diff: 28.15416705608368
waiting
going to web site
Hello world	Thread-1301	6

time: 946687046.8588331
diff: 12.141166925430298
waiting
going to web site
Hello world	Thread-1351	4

time: 946687059.832832
diff: 21.167168021202087
waiting
going to web site
Hello world	Thread-1447	5

time: 946687081.832833
diff: 35.16716694831848
waiting
going to web site
Hello world	Thread-1607	5

time: 946687117.836832
diff: 13.163167953491211
waiting
going to web site
Hello world	Thread-1667	5

time: 946687131.832832
diff: 24.167168021202087
waiting
going to web site
Hello world	Thread-1770	5

time: 946687156.84848
diff: 36.151520013809204
waiting
going to web site
Hello world	Thread-1926	2

time: 946687193.832833
diff: 8.167166948318481
waiting
going to web site
Hello world	Thread-1963	2

time: 946687202.832832
diff: 19.167168021202087
waiting
going to web site
Hello world	Thread-2053	4

time: 946687222.832833
diff: 18.16716694831848
waiting
going to web site
Hello world	Thread-2125	5

time: 946687241.832832
diff: 26.167168021202087
waiting
going to web site
Hello world	Thread-2252	3

time: 946687268.848833
diff: 3.1511670351028442
waiting
going to web site
Hello world	Thread-2267	3

time: 946687272.84848
diff: 33.151520013809204
waiting
going to web site
Hello world	Thread-2424	3

time: 946687306.832833
diff: 22.16716694831848
waiting
going to web site
Hello world	Thread-2516	2

time: 946687329.832832
diff: 17.167168021202087
waiting
going to web site
Hello world	Thread-2595	2

time: 946687347.841833
diff: 25.158167004585266
waiting
going to web site
Hello world	Thread-2715	3

time: 946687373.841833
diff: 39.158167004585266
waiting
going to web site
Hello world	Thread-2892	4

time: 946687413.833833
diff: 14.16616702079773
waiting
going to web site
Hello world	Thread-2957	3

time: 946687428.841833
diff: 25.158167004585266
waiting
going to web site
Hello world	Thread-3069	2

time: 946687454.832833
diff: 22.16716694831848
waiting
going to web site
Hello world	Thread-3166	4

time: 946687477.832832
diff: 25.167168021202087
waiting
going to web site
Hello world	Thread-3284	4

time: 946687503.832833
diff: 24.16716694831848
waiting
going to web site
Hello world	Thread-3392	3

time: 946687528.836832
diff: 18.16316795349121
waiting
going to web site
Hello world	Thread-3474	2

time: 946687547.832832
diff: 25.167168021202087
waiting
going to web site
Hello world	Thread-3588	2

time: 946687573.845833
diff: 17.15416705608368
waiting
going to web site
Hello world	Thread-3663	2

time: 946687591.832833
diff: 18.16716694831848
waiting
going to web site
Hello world	Thread-3749	2

time: 946687610.832832
diff: 22.167168021202087
waiting
going to web site
Hello world	Thread-3851	2

time: 946687633.845833
diff: 24.15416705608368
waiting
going to web site
Hello world	Thread-3956	2

time: 946687658.841833
diff: 22.158167004585266
waiting
going to web site
Hello world	Thread-4056	2

time: 946687681.841833
diff: 8.158167004585266
waiting
going to web site
Hello world	Thread-4103	3

time: 946687690.841833
diff: 28.158167004585266
waiting
going to web site
Hello world	Thread-4227	2

time: 946687719.832833
diff: 19.16716694831848
waiting
going to web site
Hello world	Thread-4311	3

time: 946687739.832832
diff: 20.167168021202087
waiting
going to web site
Hello world	Thread-4400	2

time: 946687760.841833
diff: 28.158167004585266
waiting
going to web site
Hello world	Thread-4533	4

time: 946687789.832833
diff: 10.167166948318481
waiting
going to web site
Hello world	Thread-4584	2

time: 946687800.832832
diff: 29.167168021202087
waiting
going to web site
Hello world	Thread-4725	4

time: 946687830.841833
diff: 31.158167004585266
waiting
going to web site
Hello world	Thread-4863	5

time: 946687862.842833
diff: 21.157166957855225
waiting
going to web site
Hello world	Thread-4964	3

time: 946687884.832832
diff: 15.167168021202087
waiting
going to web site
Hello world	Thread-5043	3

time: 946687900.841833
diff: 19.158167004585266
waiting
going to web site
Hello world	Thread-5129	4

time: 946687920.8408331
diff: 9.159166932106018
waiting
going to web site
Hello world	Thread-5180	4

time: 946687930.832832
diff: 17.167168021202087
waiting
going to web site
Hello world	Thread-5271	4

time: 946687949.841833
diff: 35.158167004585266
waiting
going to web site
Hello world	Thread-5441	4

time: 946687985.845833
diff: 21.15416705608368
waiting
going to web site
Hello world	Thread-5537	4

time: 946688007.841833
diff: 23.158167004585266
waiting
going to web site
Hello world	Thread-5653	4

time: 946688032.841833
diff: 10.158167004585266
waiting
going to web site
Hello world	Thread-5700	2

time: 946688043.832833
diff: 29.16716694831848
waiting
going to web site
Hello world	Thread-5830	6

time: 946688073.832832
diff: 33.16716802120209
waiting
going to web site
Hello world	Thread-5988	5

time: 946688107.832833
diff: 15.167166948318481
waiting
going to web site
Hello world	Thread-6053	4

time: 946688123.832832
diff: 20.167168021202087
waiting
going to web site
Hello world	Thread-6140	3

time: 946688144.832833
diff: 32.16716694831848
waiting
going to web site
Hello world	Thread-6280	2

time: 946688177.832832
diff: 23.167168021202087
waiting
going to web site
Hello world	Thread-6388	3

time: 946688201.851507
diff: 21.14849305152893
waiting
going to web site
Hello world	Thread-6490	2

time: 946688223.841833
diff: 13.158167004585266
waiting
going to web site
Hello world	Thread-6544	4

time: 946688237.841833
diff: 37.158167004585266
waiting
going to web site
Hello world	Thread-6708	4

time: 946688275.841833
diff: 10.158167004585266
waiting
going to web site
Hello world	Thread-6764	3

time: 946688286.841833
diff: 19.158167004585266
waiting
going to web site
Hello world	Thread-6848	3

time: 946688306.841833
diff: 13.158167004585266
waiting
going to web site
Hello world	Thread-6916	3

time: 946688320.841833
diff: 24.158167004585266
waiting
going to web site
Hello world	Thread-7024	2

time: 946688346.841833
diff: 24.158167004585266
waiting
going to web site
Hello world	Thread-7144	2

time: 946688372.851833
diff: 18.14816701412201
waiting
going to web site
Hello world	Thread-7228	4

time: 946688391.841833
diff: 10.158167004585266
waiting
going to web site
Hello world	Thread-7275	3

time: 946688402.841833
diff: 22.158167004585266
waiting
going to web site
Hello world	Thread-7381	3

time: 946688425.841833
diff: 34.158167004585266
waiting
going to web site
Hello world	Thread-7535	5

time: 946688460.832833
diff: 17.16716694831848
waiting
going to web site
Hello world	Thread-7618	5

time: 946688478.832832
diff: 25.167168021202087
waiting
going to web site
Hello world	Thread-7729	4

time: 946688504.851665
diff: 29.148334980010986
waiting
going to web site
Hello world	Thread-7855	3

time: 946688534.832832
diff: 38.16716802120209
waiting
going to web site
Hello world	Thread-8034	3

time: 946688573.841833
diff: 23.158167004585266
waiting
going to web site
Hello world	Thread-8135	3

time: 946688597.832833
diff: 12.167166948318481
waiting
going to web site
Hello world	Thread-8195	3

time: 946688610.832832
diff: 25.167168021202087
waiting
going to web site
Hello world	Thread-8314	3

time: 946688637.841833
diff: 25.158167004585266
waiting
going to web site
Hello world	Thread-8422	4

time: 946688663.841833
diff: 20.158167004585266
waiting
going to web site
Hello world	Thread-8506	4

time: 946688684.845833
diff: 24.15416705608368
waiting
going to web site
Hello world	Thread-8607	5

time: 946688709.842665
diff: 34.15733504295349
waiting
going to web site
Hello world	Thread-8748	2

time: 946688744.845833
diff: 24.15416705608368
waiting
going to web site
Hello world	Thread-8850	4

time: 946688770.841833
diff: 22.158167004585266
waiting
going to web site
Hello world	Thread-8932	2

time: 946688793.843833
diff: 9.156167030334473
waiting
going to web site
Hello world	Thread-8985	3

time: 946688803.832833
diff: 12.167166948318481
waiting
going to web site
Hello world	Thread-9035	2

time: 946688816.832832
diff: 21.167168021202087
waiting
going to web site
Hello world	Thread-9131	2

time: 946688838.841833
diff: 38.158167004585266
waiting
going to web site
Hello world	Thread-9294	2

time: 946688878.841833
diff: 6.158167004585266
waiting
going to web site
Hello world	Thread-9326	2

time: 946688885.841833
diff: 26.158167004585266
waiting
going to web site
Hello world	Thread-9441	4

time: 946688912.841833
diff: 24.158167004585266
waiting
going to web site
Hello world	Thread-9557	3

time: 946688937.841833
diff: 24.158167004585266
waiting
going to web site
Hello world	Thread-9666	2

time: 946688963.851933
diff: 5.148066997528076
waiting
going to web site
Hello world	Thread-9698	2

time: 946688969.836832
diff: 20.16316795349121
waiting
going to web site
Hello world	Thread-9794	2

time: 946688990.832832
diff: 15.167168021202087
waiting
going to web site
Hello world	Thread-9880	2

time: 946689007.841833
diff: 13.158167004585266
waiting
going to web site
Hello world	Thread-9937	3

time: 946689021.841833
diff: 40.158167004585266
waiting
going to web site
Hello world	Thread-10121	3

time: 946689062.845833
diff: 7.154167056083679
waiting
going to web site
Hello world	Thread-10159	2

time: 946689070.841833
diff: 21.158167004585266
waiting
going to web site
Hello world	Thread-10264	3

time: 946689092.841833
diff: 23.158167004585266
waiting
going to web site
Hello world	Thread-10376	2

time: 946689116.841833
diff: 30.158167004585266
waiting
going to web site
Hello world	Thread-10525	2

time: 946689147.842833
diff: 16.157166957855225
waiting
going to web site
Hello world	Thread-10603	3

time: 946689164.836832
diff: 26.16316795349121
waiting
going to web site
Hello world	Thread-10737	4

time: 946689191.832832
diff: 11.167168021202087
waiting
going to web site
Hello world	Thread-10800	2

time: 946689204.851481
diff: 7.148519039154053
waiting
going to web site
Hello world	Thread-10833	4

time: 946689212.841833
diff: 23.158167004585266
waiting
going to web site
Hello world	Thread-10947	5

time: 946689236.832833
diff: 30.16716694831848
waiting
going to web site
Hello world	Thread-11098	4

time: 946689267.836832
diff: 28.16316795349121
waiting
going to web site
Hello world	Thread-11240	6

time: 946689297.836832
diff: 20.16316795349121
waiting
going to web site
Hello world	Thread-11339	4

time: 946689318.832832
diff: 11.167168021202087
waiting
going to web site
Hello world	Thread-11534	2

time: 946689361.845833
diff: -16.84583294391632
going to web site
Hello world	Thread-11535	5

time: 946689362.6786649
diff: -0.6786649227142334
going to web site
Hello world	Thread-11542	5

time: 946689363.5114969
diff: 34.488503098487854
waiting
going to web site
Hello world	Thread-11716	2

time: 946689398.841833
diff: 26.158167004585266
waiting
going to web site
Hello world	Thread-11839	2

time: 946689426.851833
diff: 22.14816701412201
waiting
going to web site
Hello world	Thread-11943	2

time: 946689450.841833
diff: 27.158167004585266
waiting
going to web site
Hello world	Thread-12095	3

time: 946689481.860833
diff: 25.139166951179504
waiting
going to web site
Hello world	Thread-12203	2

time: 946689507.832832
diff: 9.167168021202087
waiting
going to web site
Hello world	Thread-12249	3

time: 946689517.841833
diff: 17.158167004585266
waiting
going to web site
Hello world	Thread-12332	3

time: 946689535.84604
diff: 18.15395998954773
waiting
going to web site
Hello world	Thread-12422	6

time: 946689554.832832
diff: 20.167168021202087
waiting
going to web site
Hello world	Thread-12516	3

time: 946689575.832833
diff: 22.16716694831848
waiting
going to web site
Hello world	Thread-12620	4

time: 946689598.832832
diff: 19.167168021202087
waiting
going to web site
Hello world	Thread-12717	2

time: 946689619.860833
diff: 24.139166951179504
waiting
going to web site
Hello world	Thread-12825	2

time: 946689644.832832
diff: 21.167168021202087
waiting
going to web site
Hello world	Thread-12935	6

time: 946689666.832833
diff: 14.167166948318481
waiting
going to web site
Hello world	Thread-13005	5

time: 946689681.832832
diff: 22.167168021202087
waiting
going to web site
Hello world	Thread-13112	3

time: 946689704.841833
diff: 13.158167004585266
waiting
going to web site
Hello world	Thread-13184	4

time: 946689719.841833
diff: 29.158167004585266
waiting
going to web site
Hello world	Thread-13316	3

time: 946689749.845833
diff: 23.15416705608368
waiting
going to web site
Hello world	Thread-13422	3

time: 946689773.836833
diff: 25.163166999816895
waiting
going to web site
Hello world	Thread-13540	4

time: 946689799.832832
diff: 17.167168021202087
waiting
going to web site
Hello world	Thread-13628	4

time: 946689817.841833
diff: 16.158167004585266
waiting
going to web site
Hello world	Thread-13707	3

time: 946689835.841833
diff: 29.158167004585266
waiting
going to web site
Hello world	Thread-13850	4

time: 946689865.842133
diff: 24.157866954803467
waiting
going to web site
Hello world	Thread-13964	5

time: 946689890.832832
diff: 32.16716802120209
waiting
going to web site
Hello world	Thread-14106	4

time: 946689923.841833
diff: 25.158167004585266
waiting
going to web site
Hello world	Thread-14226	3

time: 946689949.832833
diff: 21.16716694831848
waiting
going to web site
Hello world	Thread-14314	3

time: 946689971.8418319
diff: 22.158168077468872
waiting
going to web site
Hello world	Thread-14424	5

time: 946689995.841833
diff: 1.1581670045852661
waiting
going to web site
Hello world	Thread-14431	3

time: 946689997.832833
diff: 35.16716694831848
waiting
going to web site
Hello world	Thread-14587	2

time: 946690033.8378329
diff: 15.162167072296143
waiting
going to web site
Hello world	Thread-14655	4

time: 946690049.851665
diff: 16.148334980010986
waiting
going to web site
Hello world	Thread-14728	3

time: 946690066.832832
diff: 26.167168021202087
waiting
going to web site
Hello world	Thread-14842	4

time: 946690093.858037
diff: 32.14196300506592
waiting
going to web site
Hello world	Thread-14985	4

time: 946690126.841833
diff: 18.158167004585266
waiting
going to web site
Hello world	Thread-15064	4

time: 946690146.842833
diff: 23.157166957855225
waiting
going to web site
Hello world	Thread-15166	4

time: 946690170.832832
diff: 16.167168021202087
waiting
going to web site
Hello world	Thread-15235	5

time: 946690187.841833
diff: 23.158167004585266
waiting
going to web site
Hello world	Thread-15349	2

time: 946690212.841833
diff: 27.158167004585266
waiting
going to web site
Hello world	Thread-15472	3

time: 946690240.841833
diff: 14.158167004585266
waiting
going to web site
Hello world	Thread-15531	6

time: 946690255.832833
diff: 31.16716694831848
waiting
going to web site
Hello world	Thread-15672	7

time: 946690287.5350641
diff: 19.464935898780823
waiting
going to web site
Hello world	Thread-15758	7

time: 946690307.5350641
diff: 26.464935898780823
waiting
going to web site
Hello world	Thread-15872	7

time: 946690334.5350641
diff: 26.464935898780823
waiting
going to web site
Hello world	Thread-15987	5

time: 946690361.5350641
diff: 21.464935898780823
waiting
going to web site
Hello world	Thread-16083	6

time: 946690383.5345191
diff: 12.465480923652649
waiting
going to web site
Hello world	Thread-16143	5

time: 946690396.5350641
diff: 27.464935898780823
waiting
going to web site
Hello world	Thread-16262	5

time: 946690424.5350641
diff: 17.464935898780823
waiting
going to web site
Hello world	Thread-16341	6

time: 946690442.5350641
diff: 26.464935898780823
waiting
going to web site
Hello world	Thread-16461	6

time: 946690469.5350641
diff: 19.464935898780823
waiting
going to web site
Hello world	Thread-16545	7

time: 946690489.5350641
diff: 8.464935898780823
waiting
going to web site
Hello world	Thread-16594	3

time: 946690498.526064
diff: 33.47393596172333
waiting
going to web site
Hello world	Thread-16734	7

time: 946690532.5345191
diff: 33.46548092365265
waiting
going to web site
Hello world	Thread-16885	7

time: 946690566.5294169
diff: 9.470583081245422
waiting
going to web site
Hello world	Thread-16929	5

time: 946690576.539065
diff: 39.46093499660492
waiting
going to web site
Hello world	Thread-17096	7

time: 946690616.5350641
diff: 28.464935898780823
waiting
going to web site
Hello world	Thread-17221	3

time: 946690645.5350641
diff: 15.464935898780823
waiting
going to web site
Hello world	Thread-17287	6

time: 946690661.5350641
diff: 6.464935898780823
waiting
going to web site
Hello world	Thread-17321	3

time: 946690668.536001
diff: 38.46399903297424
waiting
going to web site
Hello world	Thread-17486	7

time: 946690707.5350649
diff: 7.464935064315796
waiting
going to web site
Hello world	Thread-17525	6

time: 946690715.526065
diff: 28.47393500804901
waiting
going to web site
Hello world	Thread-17651	6

time: 946690744.544065
diff: 34.45593500137329
waiting
going to web site
Hello world	Thread-17804	5

time: 946690779.544065
diff: 8.455935001373291
waiting
going to web site
Hello world	Thread-17843	7

time: 946690788.540065
diff: 26.459934949874878
waiting
going to web site
Hello world	Thread-17957	6

time: 946690815.5350641
diff: 18.464935898780823
waiting
going to web site
Hello world	Thread-18044	3

time: 946690834.526064
diff: 34.47393596172333
waiting
going to web site
Hello world	Thread-18184	6

time: 946690869.5350641
diff: 12.464935898780823
waiting
going to web site
Hello world	Thread-18235	6

time: 946690882.5350641
diff: 31.464935898780823
waiting
going to web site
Hello world	Thread-18375	4

time: 946690914.836832
diff: 25.16316795349121
waiting
going to web site
Hello world	Thread-18484	3

time: 946690940.836832
diff: 12.163167953491211
waiting
going to web site
Hello world	Thread-18541	6

time: 946690953.832832
diff: 21.167168021202087
waiting
going to web site
Hello world	Thread-18633	2

time: 946690975.841833
diff: 25.158167004585266
waiting
going to web site
Hello world	Thread-18757	4

time: 946691002.841833
diff: 22.158167004585266
waiting
going to web site
Hello world	Thread-18872	3

time: 946691028.852129
diff: 16.147871017456055
waiting
going to web site
Hello world	Thread-18949	2

time: 946691045.845833
diff: 20.15416705608368
waiting
going to web site
Hello world	Thread-19041	2

time: 946691066.841833
diff: 9.158167004585266
waiting
going to web site
Hello world	Thread-19079	2

time: 946691076.850833
diff: 25.14916694164276
waiting
going to web site
Hello world	Thread-19196	6

time: 946691102.832832
diff: 34.16716802120209
waiting
going to web site
Hello world	Thread-19356	2

time: 946691137.841833
diff: 13.158167004585266
waiting
going to web site
Hello world	Thread-19418	2

time: 946691151.841833
diff: 17.158167004585266
waiting
going to web site
Hello world	Thread-19496	2

time: 946691169.841833
diff: 25.158167004585266
waiting
going to web site
Hello world	Thread-19612	2

time: 946691195.841833
diff: 23.158167004585266
waiting
going to web site
Hello world	Thread-19730	2

time: 946691220.846833
diff: 15.153167009353638
waiting
going to web site
Hello world	Thread-19823	2

time: 946691239.841833
diff: 8.158167004585266
waiting
going to web site
Hello world	Thread-20417	9

time: 946691369.598896
diff: -96.59889602661133
going to web site
Hello world	Thread-20425	3

time: 946691370.432728
diff: -72.43272805213928
going to web site
Hello world	Thread-20433	3

time: 946691371.2730329
diff: -55.273032903671265
going to web site
Hello world	Thread-20439	3

time: 946691372.109865
diff: -38.109864950180054
going to web site
Hello world	Thread-20447	3

time: 946691372.951697
diff: -7.951696991920471
going to web site
Hello world	Thread-20450	5

time: 946691373.788529
diff: 3.2114709615707397
waiting
going to web site
Hello world	Thread-20471	3

time: 946691377.832832
diff: 29.167168021202087
waiting
going to web site
Hello world	Thread-20624	2

time: 946691408.841833
diff: 13.158167004585266
waiting
going to web site
Hello world	Thread-20692	5

time: 946691422.832833
diff: 20.16716694831848
waiting
going to web site
Hello world	Thread-20793	4

time: 946691444.832832
diff: 13.167168021202087
waiting
going to web site
Hello world	Thread-20880	2

time: 946691461.841833
diff: 18.158167004585266
waiting
going to web site
Hello world	Thread-20972	2

time: 946691481.859481
diff: 26.14051902294159
waiting
going to web site
Hello world	Thread-21094	2

time: 946691508.832833
diff: 30.16716694831848
waiting
going to web site
Hello world	Thread-21242	5

time: 946691539.832832
diff: 28.167168021202087
waiting
going to web site
Hello world	Thread-21370	3

time: 946691568.842833
diff: 16.157166957855225
waiting
going to web site
Hello world	Thread-21445	4

time: 946691585.832832
diff: 22.167168021202087
waiting
going to web site
Hello world	Thread-21552	2

time: 946691608.841833
diff: 17.158167004585266
waiting
going to web site
Hello world	Thread-21634	2

time: 946691626.841833
diff: 15.158167004585266
waiting
going to web site
Hello world	Thread-21706	5

time: 946691642.832833
diff: 31.16716694831848
waiting
going to web site
Hello world	Thread-21841	4

time: 946691674.832832
diff: 35.16716802120209
waiting
going to web site
Hello world	Thread-22007	4

time: 946691710.841833
diff: 18.158167004585266
waiting
going to web site
Hello world	Thread-22095	3

time: 946691729.8558329
diff: 18.144167065620422
waiting
going to web site
Hello world	Thread-22172	3

time: 946691748.841833
diff: 21.158167004585266
waiting
going to web site
Hello world	Thread-22268	4

time: 946691770.832833
diff: 19.16716694831848
waiting
going to web site
Hello world	Thread-22350	5

time: 946691790.832832
diff: 17.167168021202087
waiting
going to web site
Hello world	Thread-22436	4

time: 946691809.841833
diff: 23.158167004585266
waiting
going to web site
Hello world	Thread-22537	2

time: 946691833.841833
diff: 19.158167004585266
waiting
going to web site
Hello world	Thread-22628	3

time: 946691853.841833
diff: 17.158167004585266
waiting
going to web site
Hello world	Thread-22707	3

time: 946691871.841833
diff: 25.158167004585266
waiting
going to web site
Hello world	Thread-22832	2

time: 946691898.842833
diff: 23.157166957855225
waiting
going to web site
Hello world	Thread-22937	5

time: 946691922.832832
diff: 20.167168021202087
waiting
going to web site
Hello world	Thread-23033	3

time: 946691944.841833
diff: 9.158167004585266
waiting
going to web site
Hello world	Thread-23104	3

time: 946691957.841833
diff: 24.158167004585266
waiting
going to web site
Hello world	Thread-23214	4

time: 946691982.841833
diff: 9.158167004585266
waiting
going to web site
Hello world	Thread-23268	5

time: 946691992.841833
diff: 14.158167004585266
waiting
going to web site
Hello world	Thread-23332	4

time: 946692007.841833
diff: 22.158167004585266
waiting
going to web site
Hello world	Thread-23444	5

time: 946692030.841833
diff: 22.158167004585266
waiting
going to web site
Hello world	Thread-23559	7

time: 946692053.832833
diff: 26.16716694831848
waiting
going to web site
Hello world	Thread-23680	3

time: 946692080.832832
diff: 13.167168021202087
waiting
going to web site
Hello world	Thread-23750	3

time: 946692094.851665
diff: 23.148334980010986
waiting
going to web site
Hello world	Thread-23866	5

time: 946692118.834832
diff: 36.165168046951294
waiting
going to web site
Hello world	Thread-24036	4

time: 946692155.841833
diff: 14.158167004585266
waiting
going to web site
Hello world	Thread-24101	5

time: 946692170.841833
diff: 28.158167004585266
waiting
going to web site
Hello world	Thread-24234	3

time: 946692199.841833
diff: 19.158167004585266
waiting
going to web site
Hello world	Thread-24366	3

time: 946692226.841833
diff: 23.158167004585266
waiting
going to web site
Hello world	Thread-24471	3

time: 946692250.832833
diff: 21.16716694831848
waiting
going to web site
Hello world	Thread-24564	5

time: 946692272.832832
diff: 25.167168021202087
waiting
going to web site
Hello world	Thread-24687	4

time: 946692298.841833
diff: 19.158167004585266
waiting
going to web site
Hello world	Thread-24782	5

time: 946692319.841833
diff: 34.158167004585266
waiting
going to web site
Hello world	Thread-24927	3

time: 946692354.841833
diff: 10.158167004585266
waiting
going to web site
Hello world	Thread-24972	3

time: 946692365.841833
diff: 28.158167004585266
waiting
going to web site
Hello world	Thread-25106	2

time: 946692395.841833
diff: 17.158167004585266
waiting
going to web site
Hello world	Thread-25179	3

time: 946692413.841833
diff: 14.158167004585266
waiting
going to web site
Hello world	Thread-25245	3

time: 946692429.845833
diff: 25.15416705608368
waiting
going to web site
Hello world	Thread-25356	2

time: 946692456.841833
diff: 16.158167004585266
waiting
going to web site
Hello world	Thread-25440	2

time: 946692474.841833
diff: 40.158167004585266
waiting
going to web site
Hello world	Thread-25611	3

time: 946692515.841833
diff: 11.158167004585266
waiting
going to web site
Hello world	Thread-25654	2

time: 946692527.841833
diff: 30.158167004585266
waiting
going to web site
Hello world	Thread-25785	4

time: 946692558.832833
diff: 17.16716694831848
waiting
going to web site
Hello world	Thread-25867	4

time: 946692576.832832
diff: 17.167168021202087
waiting
going to web site
Hello world	Thread-25939	7

time: 946692594.526065
diff: 14.473935008049011
waiting
going to web site
Hello world	Thread-26001	4

