time: 946686600.0
diff: 302.0
waiting
going to web site
Hello world	Thread-650	3

time: 946686902.870149
diff: 8.12985098361969
waiting
going to web site
Hello world	Thread-683	5

time: 946686911.849756
diff: 30.150243997573853
waiting
going to web site
Hello world	Thread-816	4

time: 946686942.8398321
diff: 16.160167932510376
waiting
going to web site
Hello world	Thread-896	5

time: 946686959.832832
diff: 2.1671680212020874
waiting
going to web site
Hello world	Thread-1866	2

time: 946686962.859833
diff: -0.8598330020904541
going to web site
Hello world	Thread-1869	3

time: 946686963.707665
diff: -1.707664966583252
going to web site
Hello world	Thread-1872	2

time: 946686964.5404971
diff: -2.540497064590454
going to web site
Hello world	Thread-1874	2

time: 946686965.373329
diff: -3.3733290433883667
going to web site
Hello world	Thread-1876	2

time: 946686966.206161
diff: -3.2061610221862793
going to web site
Hello world	Thread-1879	3

time: 946686967.046993
diff: -4.046993017196655
going to web site
Hello world	Thread-1883	2

time: 946686967.879825
diff: -4.879824995994568
going to web site
Hello world	Thread-1885	3

time: 946686968.712657
diff: -5.7126569747924805
going to web site
Hello world	Thread-1889	2

time: 946686969.5454891
diff: -6.545489072799683
going to web site
Hello world	Thread-1890	3

time: 946686970.378321
diff: -7.378321051597595
going to web site
Hello world	Thread-1894	2

time: 946686971.222465
diff: -8.22246503829956
going to web site
Hello world	Thread-1900	2

time: 946686972.055297
diff: 0.9447029829025269
waiting
going to web site
Hello world	Thread-1907	4

time: 946686973.832832
diff: -0.8328319787979126
going to web site
Hello world	Thread-1910	3

time: 946686974.673664
diff: 0.3263360261917114
waiting
going to web site
Hello world	Thread-972	4

time: 946686975.832833
diff: 3.1671669483184814
waiting
going to web site
Hello world	Thread-1918	2

time: 946686979.832832
diff: 21.167168021202087
waiting
going to web site
Hello world	Thread-1088	5

time: 946687001.832833
diff: 1.1671669483184814
waiting
going to web site
Hello world	Thread-1097	3

time: 946687003.832832
diff: 26.167168021202087
waiting
going to web site
Hello world	Thread-1223	3

time: 946687030.859481
diff: 17.14051902294159
waiting
going to web site
Hello world	Thread-1311	4

time: 946687048.859833
diff: 20.140166997909546
waiting
going to web site
Hello world	Thread-1401	2

time: 946687069.832832
diff: 11.167168021202087
waiting
going to web site
Hello world	Thread-1448	4

time: 946687081.832833
diff: 24.16716694831848
waiting
going to web site
Hello world	Thread-1560	5

time: 946687106.832832
diff: 24.167168021202087
waiting
going to web site
Hello world	Thread-1670	3

time: 946687131.841833
diff: 23.158167004585266
waiting
going to web site
Hello world	Thread-1766	2

time: 946687155.836577
diff: 38.16342294216156
waiting
going to web site
Hello world	Thread-1930	4

time: 946687194.832832
diff: 20.167168021202087
waiting
going to web site
Hello world	Thread-2019	3

time: 946687215.841833
diff: 14.158167004585266
waiting
going to web site
Hello world	Thread-2087	3

time: 946687230.832833
diff: 24.16716694831848
waiting
going to web site
Hello world	Thread-2192	4

time: 946687255.832832
diff: 28.167168021202087
waiting
going to web site
Hello world	Thread-2327	2

time: 946687284.841833
diff: 30.158167004585266
waiting
going to web site
Hello world	Thread-2460	6

time: 946687315.84848
diff: 14.151520013809204
waiting
going to web site
Hello world	Thread-2523	3

time: 946687330.8588331
diff: 14.141166925430298
waiting
going to web site
Hello world	Thread-2586	5

time: 946687345.832832
diff: 34.16716802120209
waiting
going to web site
Hello world	Thread-2750	3

time: 946687380.849507
diff: 22.150493025779724
waiting
going to web site
Hello world	Thread-2850	3

time: 946687403.842833
diff: 27.157166957855225
waiting
going to web site
Hello world	Thread-2966	5

time: 946687431.834832
diff: 13.165168046951294
waiting
going to web site
Hello world	Thread-3026	3

time: 946687445.841833
diff: 27.158167004585266
waiting
going to web site
Hello world	Thread-3154	3

time: 946687473.841833
diff: 10.158167004585266
waiting
going to web site
Hello world	Thread-3202	2

time: 946687484.841833
diff: 15.158167004585266
waiting
going to web site
Hello world	Thread-3271	4

time: 946687500.841833
diff: 37.158167004585266
waiting
going to web site
Hello world	Thread-3436	3

time: 946687538.8378329
diff: 4.162167072296143
waiting
going to web site
Hello world	Thread-3470	3

time: 946687546.842833
diff: 18.157166957855225
waiting
going to web site
Hello world	Thread-3547	4

time: 946687565.832832
diff: 28.167168021202087
waiting
going to web site
Hello world	Thread-3672	4

time: 946687594.832833
diff: 18.16716694831848
waiting
going to web site
Hello world	Thread-3762	4

time: 946687613.832832
diff: 33.16716802120209
waiting
going to web site
Hello world	Thread-3903	2

time: 946687647.832833
diff: 26.16716694831848
waiting
going to web site
Hello world	Thread-4023	3

time: 946687674.832832
diff: 8.167168021202087
waiting
going to web site
Hello world	Thread-4066	2

time: 946687683.841833
diff: 33.158167004585266
waiting
going to web site
Hello world	Thread-4217	3

time: 946687717.832833
diff: 22.16716694831848
waiting
going to web site
Hello world	Thread-4315	3

time: 946687740.832832
diff: 21.167168021202087
waiting
going to web site
Hello world	Thread-4419	2

time: 946687763.841833
diff: 31.158167004585266
waiting
going to web site
Hello world	Thread-4566	3

time: 946687795.841833
diff: 25.158167004585266
waiting
going to web site
Hello world	Thread-4679	4

time: 946687821.832833
diff: 18.16716694831848
waiting
going to web site
Hello world	Thread-4762	5

time: 946687840.8358321
diff: 20.164167881011963
waiting
going to web site
Hello world	Thread-4860	6

time: 946687862.832832
diff: 18.167168021202087
waiting
going to web site
Hello world	Thread-4955	2

time: 946687881.841833
diff: 21.158167004585266
waiting
going to web site
Hello world	Thread-5053	2

time: 946687903.841833
diff: 17.158167004585266
waiting
going to web site
Hello world	Thread-5137	2

time: 946687921.841833
diff: 23.158167004585266
waiting
going to web site
Hello world	Thread-5256	3

time: 946687946.841833
diff: 15.158167004585266
waiting
going to web site
Hello world	Thread-5332	2

time: 946687962.842833
diff: 19.157166957855225
waiting
going to web site
Hello world	Thread-5428	3

time: 946687982.836832
diff: 17.16316795349121
waiting
going to web site
Hello world	Thread-5503	5

time: 946688000.832832
diff: 28.167168021202087
waiting
going to web site
Hello world	Thread-5636	3

time: 946688029.841833
diff: 19.158167004585266
waiting
going to web site
Hello world	Thread-5726	2

time: 946688049.8578329
diff: 17.14216709136963
waiting
going to web site
Hello world	Thread-5811	2

time: 946688067.841833
diff: 26.158167004585266
waiting
going to web site
Hello world	Thread-5928	2

time: 946688094.841833
diff: 27.158167004585266
waiting
going to web site
Hello world	Thread-6050	2

time: 946688122.841833
diff: 29.158167004585266
waiting
going to web site
Hello world	Thread-6180	3

time: 946688152.702561
diff: 4.297438979148865
waiting
going to web site
Hello world	Thread-6199	4

time: 946688157.6995599
diff: 20.300440073013306
waiting
going to web site
Hello world	Thread-6282	5

time: 946688178.699561
diff: 17.3004390001297
waiting
going to web site
Hello world	Thread-6366	4

time: 946688196.699561
diff: 24.3004390001297
waiting
going to web site
Hello world	Thread-6476	7

time: 946688221.699561
diff: 26.3004390001297
waiting
going to web site
Hello world	Thread-6596	6

time: 946688248.699561
diff: 14.3004390001297
waiting
going to web site
Hello world	Thread-6661	7

time: 946688263.699561
diff: 37.3004390001297
waiting
going to web site
Hello world	Thread-6822	7

time: 946688301.699561
diff: 10.3004390001297
waiting
going to web site
Hello world	Thread-6875	5

time: 946688312.699561
diff: 29.3004390001297
waiting
going to web site
Hello world	Thread-7003	6

time: 946688342.699561
diff: 23.3004390001297
waiting
going to web site
Hello world	Thread-7110	6

time: 946688366.699561
diff: 23.3004390001297
waiting
going to web site
Hello world	Thread-7222	4

time: 946688390.699561
diff: 33.3004390001297
waiting
going to web site
Hello world	Thread-7374	6

time: 946688424.699561
diff: 25.3004390001297
waiting
going to web site
Hello world	Thread-7489	4

time: 946688450.699561
diff: 17.3004390001297
waiting
going to web site
Hello world	Thread-7568	6

time: 946688468.699561
diff: 32.3004390001297
waiting
going to web site
Hello world	Thread-7718	5

time: 946688501.699561
diff: 7.3004390001297
waiting
going to web site
Hello world	Thread-7745	6

time: 946688509.699561
diff: 27.3004390001297
waiting
going to web site
Hello world	Thread-7870	7

time: 946688537.699561
diff: 20.3004390001297
waiting
going to web site
Hello world	Thread-7962	5

time: 946688558.699561
diff: 9.3004390001297
waiting
going to web site
Hello world	Thread-8009	6

time: 946688568.699561
diff: 11.3004390001297
waiting
going to web site
Hello world	Thread-8060	3

time: 946688580.699561
diff: 22.3004390001297
waiting
going to web site
Hello world	Thread-8159	5

time: 946688603.699561
diff: 26.3004390001297
waiting
going to web site
Hello world	Thread-8277	5

time: 946688630.699561
diff: 24.3004390001297
waiting
going to web site
Hello world	Thread-8386	4

time: 946688655.699561
diff: 16.3004390001297
waiting
going to web site
Hello world	Thread-8455	6

time: 946688672.699561
diff: 14.3004390001297
waiting
going to web site
Hello world	Thread-8517	4

time: 946688687.699561
diff: 31.3004390001297
waiting
going to web site
Hello world	Thread-8643	4

time: 946688719.699561
diff: 30.3004390001297
waiting
going to web site
Hello world	Thread-8775	4

time: 946688750.699561
diff: 26.3004390001297
waiting
going to web site
Hello world	Thread-8876	3

time: 946688777.8588331
diff: 24.141166925430298
waiting
going to web site
Hello world	Thread-8980	2

time: 946688802.832832
diff: 36.16716802120209
waiting
going to web site
Hello world	Thread-9133	2

time: 946688839.832833
diff: 18.16716694831848
waiting
going to web site
Hello world	Thread-9212	3

time: 946688858.832832
diff: 17.167168021202087
waiting
going to web site
Hello world	Thread-9283	2

time: 946688876.841833
diff: 27.158167004585266
waiting
going to web site
Hello world	Thread-9409	2

time: 946688904.841833
diff: 28.158167004585266
waiting
going to web site
Hello world	Thread-9545	3

time: 946688934.841833
diff: 14.158167004585266
waiting
going to web site
Hello world	Thread-9598	3

time: 946688949.841833
diff: 17.158167004585266
waiting
going to web site
Hello world	Thread-9686	2

time: 946688967.845833
diff: 35.15416705608368
waiting
going to web site
Hello world	Thread-9858	3

time: 946689003.841833
diff: 20.158167004585266
waiting
going to web site
Hello world	Thread-9958	3

time: 946689025.846833
diff: 24.153167009353638
waiting
going to web site
Hello world	Thread-10065	3

time: 946689050.832833
diff: 24.16716694831848
waiting
going to web site
Hello world	Thread-10185	5

time: 946689075.832832
diff: 7.167168021202087
waiting
going to web site
Hello world	Thread-10228	2

time: 946689083.832833
diff: 25.16716694831848
waiting
going to web site
Hello world	Thread-10340	3

time: 946689109.834832
diff: 27.165168046951294
waiting
going to web site
Hello world	Thread-10476	3

time: 946689137.841833
diff: 27.158167004585266
waiting
going to web site
Hello world	Thread-10606	4

time: 946689165.841833
diff: 15.158167004585266
waiting
going to web site
Hello world	Thread-10683	2

time: 946689181.845833
diff: 26.15416705608368
waiting
going to web site
Hello world	Thread-10816	2

time: 946689208.841833
diff: 14.158167004585266
waiting
going to web site
Hello world	Thread-10892	2

time: 946689224.841833
diff: 12.158167004585266
waiting
going to web site
Hello world	Thread-10952	2

time: 946689237.832833
diff: 19.16716694831848
waiting
going to web site
Hello world	Thread-11051	4

time: 946689257.836832
diff: 10.163167953491211
waiting
going to web site
Hello world	Thread-11102	3

time: 946689268.832832
diff: 17.167168021202087
waiting
going to web site
Hello world	Thread-11183	2

time: 946689286.841833
diff: 40.158167004585266
waiting
going to web site
Hello world	Thread-11380	2

time: 946689327.841833
diff: 12.158167004585266
waiting
going to web site
Hello world	Thread-11445	2

time: 946689340.841833
diff: 26.158167004585266
waiting
going to web site
Hello world	Thread-11571	2

time: 946689368.841833
diff: 18.158167004585266
waiting
going to web site
Hello world	Thread-11671	3

time: 946689388.841833
diff: 20.158167004585266
waiting
going to web site
Hello world	Thread-11766	3

time: 946689409.843833
diff: 13.156167030334473
waiting
going to web site
Hello world	Thread-11826	5

time: 946689424.8588331
diff: 23.141166925430298
waiting
going to web site
Hello world	Thread-11931	2

time: 946689448.832832
diff: 22.167168021202087
waiting
going to web site
Hello world	Thread-12039	6

time: 946689471.832833
diff: 18.16716694831848
waiting
going to web site
Hello world	Thread-12135	5

time: 946689490.832832
diff: 22.167168021202087
waiting
going to web site
Hello world	Thread-12231	4

time: 946689513.832833
diff: 19.16716694831848
waiting
going to web site
Hello world	Thread-12320	3

time: 946689533.832832
diff: 16.167168021202087
waiting
going to web site
Hello world	Thread-12403	3

time: 946689550.832833
diff: 30.16716694831848
waiting
going to web site
Hello world	Thread-12541	5

time: 946689581.832832
diff: 21.167168021202087
waiting
going to web site
Hello world	Thread-12641	4

time: 946689603.841833
diff: 14.158167004585266
waiting
going to web site
Hello world	Thread-12724	3

time: 946689621.845833
diff: 10.15416705608368
waiting
going to web site
Hello world	Thread-12775	3

time: 946689632.841833
diff: 36.158167004585266
waiting
going to web site
Hello world	Thread-12945	4

time: 946689669.841833
diff: 17.158167004585266
waiting
going to web site
Hello world	Thread-13038	2

time: 946689687.832833
diff: 31.16716694831848
waiting
going to web site
Hello world	Thread-13181	5

time: 946689719.832832
diff: 13.167168021202087
waiting
going to web site
Hello world	Thread-13251	2

time: 946689736.851833
diff: 34.14816701412201
waiting
going to web site
Hello world	Thread-13416	2

time: 946689771.841833
diff: 21.158167004585266
waiting
going to web site
Hello world	Thread-13528	2

time: 946689796.845833
diff: 5.154167056083679
waiting
going to web site
Hello world	Thread-13551	4

time: 946689802.841833
diff: 19.158167004585266
waiting
going to web site
Hello world	Thread-13652	3

time: 946689822.841833
diff: 19.158167004585266
waiting
going to web site
Hello world	Thread-13740	4

time: 946689842.841833
diff: 22.158167004585266
waiting
going to web site
Hello world	Thread-13856	4

time: 946689866.842133
diff: 15.157866954803467
waiting
going to web site
Hello world	Thread-13930	4

time: 946689882.832832
diff: 21.167168021202087
waiting
going to web site
Hello world	Thread-14029	3

time: 946689904.841833
diff: 16.158167004585266
waiting
going to web site
Hello world	Thread-14095	4

time: 946689921.845833
diff: 15.15416705608368
waiting
going to web site
Hello world	Thread-14166	3

time: 946689937.841833
diff: 18.158167004585266
waiting
going to web site
Hello world	Thread-14256	2

time: 946689956.841833
diff: 31.158167004585266
waiting
going to web site
Hello world	Thread-14395	4

time: 946689988.868865
diff: 18.13113498687744
waiting
going to web site
Hello world	Thread-14478	3

time: 946690007.832832
diff: 18.167168021202087
waiting
going to web site
Hello world	Thread-14562	3

time: 946690026.841833
diff: 29.158167004585266
waiting
going to web site
Hello world	Thread-14680	4

time: 946690056.832833
diff: 21.16716694831848
waiting
going to web site
Hello world	Thread-14766	7

time: 946690078.832832
diff: 25.167168021202087
waiting
going to web site
Hello world	Thread-14890	3

time: 946690104.841833
diff: 16.158167004585266
waiting
going to web site
Hello world	Thread-14961	4

time: 946690121.841833
diff: 26.158167004585266
waiting
going to web site
Hello world	Thread-15073	2

time: 946690148.841833
diff: 35.158167004585266
waiting
going to web site
Hello world	Thread-15222	3

time: 946690184.832833
diff: 20.16716694831848
waiting
going to web site
Hello world	Thread-15318	4

time: 946690205.832832
diff: 22.167168021202087
waiting
going to web site
Hello world	Thread-15421	3

time: 946690228.841833
diff: 30.158167004585266
waiting
going to web site
Hello world	Thread-15552	3

time: 946690259.832833
diff: 4.1671669483184814
waiting
going to web site
Hello world	Thread-15573	4

time: 946690264.832832
diff: 30.167168021202087
waiting
going to web site
Hello world	Thread-15714	3

time: 946690295.841833
diff: 17.158167004585266
waiting
going to web site
Hello world	Thread-15789	2

time: 946690313.832833
diff: 27.16716694831848
waiting
going to web site
Hello world	Thread-15911	2

time: 946690341.832832
diff: 19.167168021202087
waiting
going to web site
Hello world	Thread-15989	2

time: 946690361.841833
diff: 33.158167004585266
waiting
going to web site
Hello world	Thread-16142	2

time: 946690395.841833
diff: 17.158167004585266
waiting
going to web site
Hello world	Thread-16219	3

time: 946690413.845833
diff: 19.15416705608368
waiting
going to web site
Hello world	Thread-16307	2

time: 946690433.832833
diff: 23.16716694831848
waiting
going to web site
Hello world	Thread-16410	4

time: 946690457.832832
diff: 25.167168021202087
waiting
going to web site
Hello world	Thread-16526	2

time: 946690483.845833
diff: 16.15416705608368
waiting
going to web site
Hello world	Thread-16606	2

time: 946690500.841833
diff: 15.158167004585266
waiting
going to web site
Hello world	Thread-16672	2

time: 946690516.841833
diff: 32.158167004585266
waiting
going to web site
Hello world	Thread-16809	3

time: 946690549.832833
diff: 21.16716694831848
waiting
going to web site
Hello world	Thread-16909	5

time: 946690571.832832
diff: 25.167168021202087
waiting
going to web site
Hello world	Thread-17029	3

time: 946690598.842833
diff: 15.157166957855225
waiting
going to web site
Hello world	Thread-17090	4

time: 946690614.832832
diff: 26.167168021202087
waiting
going to web site
Hello world	Thread-17210	3

time: 946690641.842348
diff: 21.157652020454407
waiting
going to web site
Hello world	Thread-17300	4

time: 946690663.8378329
diff: 17.162167072296143
waiting
going to web site
Hello world	Thread-17382	3

time: 946690681.841833
diff: 22.158167004585266
waiting
going to web site
Hello world	Thread-17478	4

time: 946690704.832833
diff: 18.16716694831848
waiting
going to web site
Hello world	Thread-17559	3

time: 946690723.832832
diff: 29.167168021202087
waiting
going to web site
Hello world	Thread-17688	5

time: 946690753.832833
diff: 11.167166948318481
waiting
going to web site
Hello world	Thread-17746	4

time: 946690766.832832
diff: 25.167168021202087
waiting
going to web site
Hello world	Thread-17868	4

time: 946690792.841833
diff: 28.158167004585266
waiting
going to web site
Hello world	Thread-17985	3

time: 946690821.851833
diff: 32.14816701412201
waiting
going to web site
Hello world	Thread-18120	3

time: 946690854.832833
diff: 14.167166948318481
waiting
going to web site
Hello world	Thread-18187	4

time: 946690869.832832
diff: 35.16716802120209
waiting
going to web site
Hello world	Thread-18339	4

time: 946690905.841833
diff: 14.158167004585266
waiting
going to web site
Hello world	Thread-18397	3

time: 946690920.841833
diff: 23.158167004585266
waiting
going to web site
Hello world	Thread-18508	4

time: 946690945.841833
diff: 23.158167004585266
waiting
going to web site
Hello world	Thread-18609	4

time: 946690969.841833
diff: 20.158167004585266
waiting
going to web site
Hello world	Thread-18705	3

time: 946690990.841833
diff: 31.158167004585266
waiting
going to web site
Hello world	Thread-18843	2

time: 946691022.842833
diff: 13.157166957855225
waiting
going to web site
Hello world	Thread-18905	2

time: 946691036.842832
diff: 23.15716803073883
waiting
going to web site
Hello world	Thread-19012	2

time: 946691060.832833
diff: 32.16716694831848
waiting
going to web site
Hello world	Thread-19160	3

time: 946691093.832832
diff: 15.167168021202087
waiting
going to web site
Hello world	Thread-19225	5

time: 946691109.841833
diff: 20.158167004585266
waiting
going to web site
Hello world	Thread-19319	2

time: 946691130.841833
diff: 17.158167004585266
waiting
going to web site
Hello world	Thread-19403	2

time: 946691148.832833
diff: 29.16716694831848
waiting
going to web site
Hello world	Thread-19539	4

time: 946691178.832832
diff: 19.167168021202087
waiting
going to web site
Hello world	Thread-19628	3

time: 946691198.836713
diff: 20.163287043571472
waiting
going to web site
Hello world	Thread-19726	3

time: 946691219.839713
diff: 25.160287022590637
waiting
going to web site
Hello world	Thread-19840	3

time: 946691245.839713
diff: 30.160287022590637
waiting
going to web site
Hello world	Thread-19989	5

time: 946691277.845713
diff: 3.1542869806289673
waiting
going to web site
Hello world	Thread-20012	2

time: 946691281.845712
diff: 35.15428805351257
waiting
going to web site
Hello world	Thread-20177	5

time: 946691317.839713
diff: 21.160287022590637
waiting
going to web site
Hello world	Thread-20284	2

time: 946691339.842713
diff: 14.157287001609802
waiting
going to web site
Hello world	Thread-20355	2

time: 946691354.836713
diff: 15.163287043571472
waiting
going to web site
Hello world	Thread-20432	2

time: 946691370.846713
diff: 27.153287053108215
waiting
going to web site
Hello world	Thread-20580	4

time: 946691398.836713
diff: 27.163287043571472
waiting
going to web site
Hello world	Thread-20706	4

time: 946691426.836713
diff: 13.163287043571472
waiting
going to web site
Hello world	Thread-20781	2

time: 946691441.845713
diff: 23.154286980628967
waiting
going to web site
Hello world	Thread-20896	3

time: 946691465.8367119
diff: 18.163288116455078
waiting
going to web site
Hello world	Thread-20987	3

time: 946691484.839713
diff: 17.160287022590637
waiting
going to web site
Hello world	Thread-21068	5

time: 946691502.836713
diff: 18.163287043571472
waiting
going to web site
Hello world	Thread-21155	3

time: 946691521.845713
diff: 13.154286980628967
waiting
going to web site
Hello world	Thread-21220	3

time: 946691535.8367119
diff: 25.163288116455078
waiting
going to web site
Hello world	Thread-21337	3

time: 946691561.839713
diff: 17.160287022590637
waiting
going to web site
Hello world	Thread-21421	5

time: 946691579.836713
diff: 32.16328704357147
waiting
going to web site
Hello world	Thread-21573	2

time: 946691612.845713
diff: 21.154286980628967
waiting
going to web site
Hello world	Thread-21670	4

time: 946691634.8367119
diff: 15.163288116455078
waiting
going to web site
Hello world	Thread-21741	2

time: 946691650.845713
diff: 21.154286980628967
waiting
going to web site
Hello world	Thread-21831	2

time: 946691672.8367119
diff: 16.163288116455078
waiting
going to web site
Hello world	Thread-21909	3

time: 946691689.845713
diff: 18.154286980628967
waiting
going to web site
Hello world	Thread-21996	5

time: 946691708.8367119
diff: 22.163288116455078
waiting
going to web site
Hello world	Thread-22101	4

time: 946691731.836713
diff: 17.163287043571472
waiting
going to web site
Hello world	Thread-22177	3

time: 946691749.836713
diff: 32.16328704357147
waiting
going to web site
Hello world	Thread-22309	4

time: 946691782.836713
diff: 27.163287043571472
waiting
going to web site
Hello world	Thread-22451	2

time: 946691811.842833
diff: 6.157166957855225
waiting
going to web site
Hello world	Thread-22475	3

time: 946691818.832832
diff: 42.16716802120209
waiting
going to web site
Hello world	Thread-22664	2

time: 946691861.841833
diff: 21.158167004585266
waiting
going to web site
Hello world	Thread-22761	4

time: 946691883.841833
diff: 11.158167004585266
waiting
going to web site
Hello world	Thread-22818	3

time: 946691895.841833
diff: 24.158167004585266
waiting
going to web site
Hello world	Thread-22927	2

time: 946691920.841833
diff: 19.158167004585266
waiting
going to web site
Hello world	Thread-23010	2

time: 946691940.841833
diff: 27.158167004585266
waiting
going to web site
Hello world	Thread-23150	2

time: 946691968.841833
diff: 23.158167004585266
waiting
going to web site
Hello world	Thread-23266	4

time: 946691992.841833
diff: 7.158167004585266
waiting
going to web site
Hello world	Thread-23302	2

time: 946692000.8510411
diff: 32.148958921432495
waiting
going to web site
Hello world	Thread-23456	4

time: 946692033.836832
diff: 15.163167953491211
waiting
going to web site
Hello world	Thread-23535	4

time: 946692049.832832
diff: 17.167168021202087
waiting
going to web site
Hello world	Thread-23622	3

time: 946692067.841833
diff: 32.158167004585266
waiting
going to web site
Hello world	Thread-23778	2

time: 946692100.841833
diff: 24.158167004585266
waiting
going to web site
Hello world	Thread-23898	2

time: 946692125.841833
diff: 12.158167004585266
waiting
going to web site
Hello world	Thread-23955	3

time: 946692138.841833
diff: 19.158167004585266
waiting
going to web site
Hello world	Thread-24053	2

time: 946692159.841833
diff: 34.158167004585266
waiting
going to web site
Hello world	Thread-24210	2

time: 946692194.841833
diff: 12.158167004585266
waiting
going to web site
Hello world	Thread-24271	3

time: 946692207.841833
diff: 17.158167004585266
waiting
going to web site
Hello world	Thread-24357	3

time: 946692225.846833
diff: 17.153167009353638
waiting
going to web site
Hello world	Thread-24436	3

time: 946692243.852625
diff: 13.147374987602234
waiting
going to web site
Hello world	Thread-24501	2

time: 946692257.836832
diff: 19.16316795349121
waiting
going to web site
Hello world	Thread-24592	5

time: 946692277.832832
diff: 17.167168021202087
waiting
going to web site
Hello world	Thread-24668	3

time: 946692295.851697
diff: 22.148303031921387
waiting
going to web site
Hello world	Thread-24777	2

time: 946692318.841833
diff: 26.158167004585266
waiting
going to web site
Hello world	Thread-24891	2

time: 946692345.832833
diff: 21.16716694831848
waiting
going to web site
Hello world	Thread-24978	4

time: 946692367.832832
diff: 20.167168021202087
waiting
going to web site
Hello world	Thread-25065	3

time: 946692388.832833
diff: 21.16716694831848
waiting
going to web site
Hello world	Thread-25161	6

time: 946692410.832832
diff: 36.16716802120209
waiting
going to web site
Hello world	Thread-25324	3

time: 946692447.845833
diff: 28.15416705608368
waiting
going to web site
Hello world	Thread-25449	4

time: 946692476.841833
diff: 7.158167004585266
waiting
going to web site
Hello world	Thread-25475	3

time: 946692484.832833
diff: 32.16716694831848
waiting
going to web site
Hello world	Thread-25618	3

time: 946692517.836832
diff: 17.16316795349121
waiting
going to web site
Hello world	Thread-25686	5

time: 946692535.832832
diff: 33.16716802120209
waiting
going to web site
Hello world	Thread-25835	2

time: 946692569.841833
diff: 14.158167004585266
waiting
going to web site
Hello world	Thread-25900	4

time: 946692584.841833
diff: 32.158167004585266
waiting
going to web site
Hello world	Thread-26040	3

time: 946692617.841833
diff: 4.158167004585266
waiting
going to web site
Hello world	Thread-26069	4

time: 946692623.842833
diff: 32.157166957855225
waiting
going to web site
Hello world	Thread-26196	3

time: 946692656.832832
diff: 21.167168021202087
waiting
going to web site
Hello world	Thread-26273	2

time: 946692678.832833
diff: 12.167166948318481
waiting
going to web site
Hello world	Thread-26313	5

time: 946692691.832832
diff: 38.16716802120209
waiting
going to web site
Hello world	Thread-26432	2

time: 946692730.841833
diff: 9.158167004585266
waiting
going to web site
Hello world	Thread-26467	2

time: 946692740.841833
diff: 27.158167004585266
waiting
going to web site
Hello world	Thread-26537	2

time: 946692768.841897
diff: 31.158102989196777
waiting
going to web site
Hello world	Thread-26605	4

time: 946692800.832832
diff: 24.167168021202087
waiting
going to web site
Hello world	Thread-26656	3

time: 946692825.841833
diff: 23.158167004585266
waiting
going to web site
Hello world	Thread-26692	4

time: 946692849.836833
diff: 18.163166999816895
waiting
going to web site
Hello world	Thread-26724	2

time: 946692868.832832
diff: 11.167168021202087
waiting
going to web site
Hello world	Thread-26738	2

