time: 946686600.0
diff: 227.0
waiting
going to web site
Hello world	Thread-1224	2

time: 946686827.838832
diff: -0.8388320207595825
going to web site
Hello world	Thread-1228	3

time: 946686828.671664
diff: -0.6716639995574951
going to web site
Hello world	Thread-1230	4

time: 946686829.504496
diff: -1.5044959783554077
going to web site
Hello world	Thread-1234	2

time: 946686830.343328
diff: -2.3433279991149902
going to web site
Hello world	Thread-1238	2

time: 946686831.1771599
diff: -3.177159905433655
going to web site
Hello world	Thread-1244	2

time: 946686832.013992
diff: -4.013991951942444
going to web site
Hello world	Thread-1249	3

time: 946686832.860481
diff: -2.860481023788452
going to web site
Hello world	Thread-1251	4

time: 946686833.703313
diff: -3.7033129930496216
going to web site
Hello world	Thread-1258	4

time: 946686834.544145
diff: -4.544144988059998
going to web site
Hello world	Thread-1263	2

time: 946686835.381977
diff: -5.381976962089539
going to web site
Hello world	Thread-1267	3

time: 946686836.226465
diff: -6.2264649868011475
going to web site
Hello world	Thread-1270	2

time: 946686837.059297
diff: 1.94070303440094
waiting
going to web site
Hello world	Thread-1279	4

time: 946686839.848473
diff: -0.8484729528427124
going to web site
Hello world	Thread-1284	6

time: 946686840.7023051
diff: 0.2976949214935303
waiting
going to web site
Hello world	Thread-429	4

time: 946686841.841833
diff: 4.158167004585266
waiting
going to web site
Hello world	Thread-442	2

time: 946686846.8426969
diff: 10.157303094863892
waiting
going to web site
Hello world	Thread-1344	3

time: 946686857.841913
diff: 28.158087015151978
waiting
going to web site
Hello world	Thread-585	2

time: 946686886.832833
diff: 14.167166948318481
waiting
going to web site
Hello world	Thread-1514	4

time: 946686901.877999
diff: -0.877998948097229
going to web site
Hello world	Thread-1522	5

time: 946686902.727198
diff: -1.7271980047225952
going to web site
Hello world	Thread-1526	5

time: 946686903.5874481
diff: -2.5874481201171875
going to web site
Hello world	Thread-1531	3

time: 946686904.4439069
diff: -3.4439069032669067
going to web site
Hello world	Thread-1536	2

time: 946686905.2847389
diff: -4.284738898277283
going to web site
Hello world	Thread-1543	2

time: 946686906.118571
diff: -4.118571043014526
going to web site
Hello world	Thread-1546	3

time: 946686906.952403
diff: -4.952402949333191
going to web site
Hello world	Thread-1551	4

time: 946686907.789235
diff: -5.78923499584198
going to web site
Hello world	Thread-1556	7

time: 946686908.623067
diff: -6.623067021369934
going to web site
Hello world	Thread-1566	2

time: 946686909.457899
diff: -7.45789897441864
going to web site
Hello world	Thread-1573	2

time: 946686910.295731
diff: -8.295730948448181
going to web site
Hello world	Thread-1582	4

time: 946686911.1385629
diff: -9.13856291770935
going to web site
Hello world	Thread-1588	3

time: 946686911.978395
diff: -9.978394985198975
going to web site
Hello world	Thread-1592	3

time: 946686912.823227
diff: -10.823227047920227
going to web site
Hello world	Thread-693	7

time: 946686913.6590589
diff: -10.659058928489685
going to web site
Hello world	Thread-1599	3

time: 946686914.493891
diff: -11.49389100074768
going to web site
Hello world	Thread-1604	3

time: 946686915.331723
diff: -12.331722974777222
going to web site
Hello world	Thread-1611	4

time: 946686916.172555
diff: 6.827445030212402
waiting
going to web site
Hello world	Thread-730	3

time: 946686923.848833
diff: 8.151167035102844
waiting
going to web site
Hello world	Thread-774	3

time: 946686933.851833
diff: 17.14816701412201
waiting
going to web site
Hello world	Thread-855	3

time: 946686951.841833
diff: 20.158167004585266
waiting
going to web site
Hello world	Thread-958	4

time: 946686972.851481
diff: 20.148519039154053
waiting
going to web site
Hello world	Thread-1051	4

time: 946686993.8398329
diff: 5.160167098045349
waiting
going to web site
Hello world	Thread-1078	3

time: 946686999.8420889
diff: 28.1579110622406
waiting
going to web site
Hello world	Thread-1212	3

time: 946687028.845833
diff: 26.15416705608368
waiting
going to web site
Hello world	Thread-1336	3

time: 946687055.841833
diff: 21.158167004585266
waiting
going to web site
Hello world	Thread-1435	3

time: 946687077.848833
diff: 28.151167035102844
waiting
going to web site
Hello world	Thread-1561	4

time: 946687106.841833
diff: 16.158167004585266
waiting
going to web site
Hello world	Thread-1636	2

time: 946687123.841833
diff: 21.158167004585266
waiting
going to web site
Hello world	Thread-1727	3

time: 946687145.845833
diff: 21.15416705608368
waiting
going to web site
Hello world	Thread-1823	3

time: 946687167.845833
diff: 28.15416705608368
waiting
going to web site
Hello world	Thread-1937	4

time: 946687196.841833
diff: 25.158167004585266
waiting
going to web site
Hello world	Thread-2054	3

time: 946687222.832833
diff: 29.16716694831848
waiting
going to web site
Hello world	Thread-2177	2

time: 946687252.832832
diff: 21.167168021202087
waiting
going to web site
Hello world	Thread-2279	5

time: 946687274.842833
diff: 6.157166957855225
waiting
going to web site
Hello world	Thread-2311	2

time: 946687281.842832
diff: 37.15716803073883
waiting
going to web site
Hello world	Thread-2481	3

time: 946687319.832833
diff: 17.16716694831848
waiting
going to web site
Hello world	Thread-2559	4

time: 946687337.832832
diff: 33.16716802120209
waiting
going to web site
Hello world	Thread-2705	5

time: 946687371.841833
diff: 20.158167004585266
waiting
going to web site
Hello world	Thread-2801	3

time: 946687392.851833
diff: 25.14816701412201
waiting
going to web site
Hello world	Thread-2916	2

time: 946687418.841833
diff: 16.158167004585266
waiting
going to web site
Hello world	Thread-2985	6

time: 946687435.832833
diff: 4.1671669483184814
waiting
going to web site
Hello world	Thread-3001	5

time: 946687440.832832
diff: 23.167168021202087
waiting
going to web site
Hello world	Thread-3115	3

time: 946687464.841833
diff: 16.158167004585266
waiting
going to web site
Hello world	Thread-3184	4

time: 946687481.841833
diff: 29.158167004585266
waiting
going to web site
Hello world	Thread-3319	3

time: 946687512.851833
diff: 19.14816701412201
waiting
going to web site
Hello world	Thread-3412	2

time: 946687532.841833
diff: 21.158167004585266
waiting
going to web site
Hello world	Thread-3504	4

time: 946687554.832833
diff: 31.16716694831848
waiting
going to web site
Hello world	Thread-3641	4

time: 946687586.832832
diff: 30.167168021202087
waiting
going to web site
Hello world	Thread-3783	2

time: 946687617.841833
diff: 16.158167004585266
waiting
going to web site
Hello world	Thread-3853	6

time: 946687634.832833
diff: 32.16716694831848
waiting
going to web site
Hello world	Thread-3988	5

time: 946687667.832832
diff: 7.167168021202087
waiting
going to web site
Hello world	Thread-4028	5

time: 946687675.841833
diff: 25.158167004585266
waiting
going to web site
Hello world	Thread-4152	3

time: 946687701.841833
diff: 24.158167004585266
waiting
going to web site
Hello world	Thread-4258	3

time: 946687726.841833
diff: 31.158167004585266
waiting
going to web site
Hello world	Thread-4397	3

time: 946687758.832833
diff: 15.167166948318481
waiting
going to web site
Hello world	Thread-4471	5

time: 946687774.832832
diff: 23.167168021202087
waiting
going to web site
Hello world	Thread-4581	2

time: 946687798.841833
diff: 21.158167004585266
waiting
going to web site
Hello world	Thread-4681	2

time: 946687821.842833
diff: 12.157166957855225
waiting
going to web site
Hello world	Thread-4738	5

time: 946687834.832832
diff: 18.167168021202087
waiting
going to web site
Hello world	Thread-4826	2

time: 946687853.859481
diff: 28.14051902294159
waiting
going to web site
Hello world	Thread-4958	3

time: 946687882.841833
diff: 11.158167004585266
waiting
going to web site
Hello world	Thread-5010	3

time: 946687894.84848
diff: 28.151520013809204
waiting
going to web site
Hello world	Thread-5163	4

time: 946687926.841833
diff: 20.158167004585266
waiting
going to web site
Hello world	Thread-5279	4

time: 946687950.841833
diff: 10.158167004585266
waiting
going to web site
Hello world	Thread-5326	2

time: 946687961.841833
diff: 23.158167004585266
waiting
going to web site
Hello world	Thread-5443	2

time: 946687985.845833
diff: 21.15416705608368
waiting
going to web site
Hello world	Thread-5538	3

time: 946688007.841833
diff: 31.158167004585266
waiting
going to web site
Hello world	Thread-5686	2

time: 946688039.832833
diff: 27.16716694831848
waiting
going to web site
Hello world	Thread-5808	5

time: 946688067.832832
diff: 26.167168021202087
waiting
going to web site
Hello world	Thread-5931	5

time: 946688094.841833
diff: 0.1581670045852661
waiting
going to web site
Hello world	Thread-5934	3

time: 946688095.832833
diff: 25.16716694831848
waiting
going to web site
Hello world	Thread-6040	7

time: 946688121.832832
diff: 17.167168021202087
waiting
going to web site
Hello world	Thread-6123	3

time: 946688139.84748
diff: 19.152519941329956
waiting
going to web site
Hello world	Thread-6205	4

time: 946688159.832832
diff: 20.167168021202087
waiting
going to web site
Hello world	Thread-6294	3

time: 946688180.832833
diff: 27.16716694831848
waiting
going to web site
Hello world	Thread-6419	4

time: 946688208.832832
diff: 20.167168021202087
waiting
going to web site
Hello world	Thread-6515	4

time: 946688229.841833
diff: 26.158167004585266
waiting
going to web site
Hello world	Thread-6665	2

time: 946688263.851833
diff: 19.14816701412201
waiting
going to web site
Hello world	Thread-6752	6

time: 946688283.841833
diff: 28.158167004585266
waiting
going to web site
Hello world	Thread-6885	4

time: 946688313.854833
diff: 8.145166993141174
waiting
going to web site
Hello world	Thread-6925	2

time: 946688322.832832
diff: 33.16716802120209
waiting
going to web site
Hello world	Thread-7071	5

time: 946688356.841833
diff: 20.158167004585266
waiting
going to web site
Hello world	Thread-7175	4

time: 946688378.841833
diff: 30.158167004585266
waiting
going to web site
Hello world	Thread-7309	6

time: 946688409.841833
diff: 17.158167004585266
waiting
going to web site
Hello world	Thread-7392	6

time: 946688427.832833
diff: 22.16716694831848
waiting
going to web site
Hello world	Thread-7491	3

time: 946688450.832832
diff: 20.167168021202087
waiting
going to web site
Hello world	Thread-7592	3

time: 946688472.851833
diff: 25.14816701412201
waiting
going to web site
Hello world	Thread-7711	3

time: 946688499.841833
diff: 11.158167004585266
waiting
going to web site
Hello world	Thread-7760	2

time: 946688511.841833
diff: 21.158167004585266
waiting
going to web site
Hello world	Thread-7850	5

time: 946688533.841833
diff: 18.158167004585266
waiting
going to web site
Hello world	Thread-7939	3

time: 946688553.841833
diff: 14.158167004585266
waiting
going to web site
Hello world	Thread-8012	4

time: 946688568.845833
diff: 17.15416705608368
waiting
going to web site
Hello world	Thread-8088	4

time: 946688586.843833
diff: 23.156167030334473
waiting
going to web site
Hello world	Thread-8200	3

time: 946688611.841833
diff: 19.158167004585266
waiting
going to web site
Hello world	Thread-8286	2

time: 946688631.841833
diff: 31.158167004585266
waiting
going to web site
Hello world	Thread-8421	3

time: 946688663.8517131
diff: 18.148286938667297
waiting
going to web site
Hello world	Thread-8497	4

time: 946688682.8367119
diff: 39.16328811645508
waiting
going to web site
Hello world	Thread-8663	3

time: 946688722.836713
diff: 25.163287043571472
waiting
going to web site
Hello world	Thread-8768	5

time: 946688749.836713
diff: 26.163287043571472
waiting
going to web site
Hello world	Thread-8871	3

time: 946688776.840412
diff: 21.15958797931671
waiting
going to web site
Hello world	Thread-8960	4

time: 946688798.8367119
diff: 22.163288116455078
waiting
going to web site
Hello world	Thread-9054	2

time: 946688821.836713
diff: 14.163287043571472
waiting
going to web site
Hello world	Thread-9123	2

time: 946688836.836713
diff: 24.163287043571472
waiting
going to web site
Hello world	Thread-9228	2

time: 946688861.836713
diff: 21.163287043571472
waiting
going to web site
Hello world	Thread-9314	2

time: 946688883.836713
diff: 35.16328704357147
waiting
going to web site
Hello world	Thread-9473	2

time: 946688919.836713
diff: 14.163287043571472
waiting
going to web site
Hello world	Thread-9541	5

time: 946688934.836713
diff: 29.163287043571472
waiting
going to web site
Hello world	Thread-9669	3

time: 946688964.836713
diff: 31.163287043571472
waiting
going to web site
Hello world	Thread-9827	2

time: 946688997.845713
diff: 10.154286980628967
waiting
going to web site
Hello world	Thread-9882	4

time: 946689008.8367119
diff: 23.163288116455078
waiting
going to web site
Hello world	Thread-9990	3

time: 946689032.839713
diff: 15.160287022590637
waiting
going to web site
Hello world	Thread-10058	2

time: 946689048.836713
diff: 23.163287043571472
waiting
going to web site
Hello world	Thread-10169	3

time: 946689072.839713
diff: 31.160287022590637
waiting
going to web site
Hello world	Thread-10316	4

time: 946689104.836713
diff: 16.163287043571472
waiting
going to web site
Hello world	Thread-10397	2

time: 946689121.836713
diff: 21.163287043571472
waiting
going to web site
Hello world	Thread-10505	3

time: 946689143.839713
diff: 19.160287022590637
waiting
going to web site
Hello world	Thread-10597	3

time: 946689163.839713
diff: 4.160287022590637
waiting
going to web site
Hello world	Thread-10620	4

time: 946689168.836713
diff: 21.163287043571472
waiting
going to web site
Hello world	Thread-10733	2

time: 946689190.845713
diff: 25.154286980628967
waiting
going to web site
Hello world	Thread-10861	2

time: 946689217.8367119
diff: 14.163288116455078
waiting
going to web site
Hello world	Thread-10945	2

time: 946689235.836713
diff: 23.163287043571472
waiting
going to web site
Hello world	Thread-11078	3

time: 946689262.845713
diff: 23.154286980628967
waiting
going to web site
Hello world	Thread-11182	7

time: 946689286.832832
diff: 9.167168021202087
waiting
going to web site
Hello world	Thread-11244	2

time: 946689297.845833
diff: 32.15416705608368
waiting
going to web site
Hello world	Thread-11533	3

time: 946689361.845833
diff: -12.84583294391632
going to web site
Hello world	Thread-11536	6

time: 946689362.6786649
diff: 6.321335077285767
waiting
going to web site
Hello world	Thread-11583	3

time: 946689370.841833
diff: 19.158167004585266
waiting
going to web site
Hello world	Thread-11683	3

time: 946689391.842833
diff: 9.157166957855225
waiting
going to web site
Hello world	Thread-11728	4

time: 946689401.843832
diff: 28.15616798400879
waiting
going to web site
Hello world	Thread-11859	5

time: 946689430.8358321
diff: 18.164167881011963
waiting
going to web site
Hello world	Thread-11934	5

time: 946689449.832832
diff: 18.167168021202087
waiting
going to web site
Hello world	Thread-12027	2

time: 946689468.841833
diff: 32.158167004585266
waiting
going to web site
Hello world	Thread-12181	5

time: 946689501.841833
diff: 18.158167004585266
waiting
going to web site
Hello world	Thread-12267	2

time: 946689521.841833
diff: 18.158167004585266
waiting
going to web site
Hello world	Thread-12357	3

time: 946689540.832833
diff: 8.167166948318481
waiting
going to web site
Hello world	Thread-12399	2

time: 946689549.832832
diff: 19.167168021202087
waiting
going to web site
Hello world	Thread-12488	2

time: 946689569.832833
diff: 24.16716694831848
waiting
going to web site
Hello world	Thread-12603	4

time: 946689594.832832
diff: 32.16716802120209
waiting
going to web site
Hello world	Thread-12755	2

time: 946689628.852833
diff: 30.147166967391968
waiting
going to web site
Hello world	Thread-12897	3

time: 946689659.832832
diff: 17.167168021202087
waiting
going to web site
Hello world	Thread-12986	3

time: 946689677.85155
diff: 32.1484500169754
waiting
going to web site
Hello world	Thread-13135	6

time: 946689710.841833
diff: 17.158167004585266
waiting
going to web site
Hello world	Thread-13218	4

time: 946689729.841833
diff: 8.158167004585266
waiting
going to web site
Hello world	Thread-13259	3

time: 946689738.841833
diff: 12.158167004585266
waiting
going to web site
Hello world	Thread-13328	4

time: 946689751.843833
diff: 25.156167030334473
waiting
going to web site
Hello world	Thread-13437	5

time: 946689777.841833
diff: 32.158167004585266
waiting
going to web site
Hello world	Thread-13591	3

time: 946689810.841833
diff: 8.158167004585266
waiting
going to web site
Hello world	Thread-13639	3

time: 946689819.841833
diff: 26.158167004585266
waiting
going to web site
Hello world	Thread-13762	5

time: 946689846.841833
diff: 16.158167004585266
waiting
going to web site
Hello world	Thread-13842	2

time: 946689863.8587129
diff: 25.141287088394165
waiting
going to web site
Hello world	Thread-13960	4

time: 946689889.841833
diff: 11.158167004585266
waiting
going to web site
Hello world	Thread-14013	5

time: 946689901.841864
diff: 24.158136010169983
waiting
going to web site
Hello world	Thread-14122	3

time: 946689926.832833
diff: 23.16716694831848
waiting
going to web site
Hello world	Thread-14229	2

time: 946689950.832832
diff: 26.167168021202087
waiting
going to web site
Hello world	Thread-14336	4

time: 946689977.8588331
diff: 23.141166925430298
waiting
going to web site
Hello world	Thread-14446	3

time: 946690001.832832
diff: 19.167168021202087
waiting
going to web site
Hello world	Thread-14537	3

time: 946690021.841833
diff: 25.158167004585266
waiting
going to web site
Hello world	Thread-14648	5

time: 946690047.841833
diff: 17.158167004585266
waiting
going to web site
Hello world	Thread-14725	3

time: 946690065.843833
diff: 28.156167030334473
waiting
going to web site
Hello world	Thread-14847	3

time: 946690094.832833
diff: 19.16716694831848
waiting
going to web site
Hello world	Thread-14931	3

time: 946690114.832832
diff: 38.16716802120209
waiting
going to web site
Hello world	Thread-15097	3

time: 946690153.832833
diff: 26.16716694831848
waiting
going to web site
Hello world	Thread-15209	3

time: 946690180.836832
diff: 14.163167953491211
waiting
going to web site
Hello world	Thread-15270	3

time: 946690195.832832
diff: 18.167168021202087
waiting
going to web site
Hello world	Thread-15356	2

time: 946690214.841833
diff: 23.158167004585266
waiting
going to web site
Hello world	Thread-15462	3

time: 946690238.841833
diff: 9.158167004585266
waiting
going to web site
Hello world	Thread-15503	4

time: 946690248.841833
diff: 25.158167004585266
waiting
going to web site
Hello world	Thread-15624	3

time: 946690274.832833
diff: 35.16716694831848
waiting
going to web site
Hello world	Thread-15772	6

time: 946690310.832832
diff: 17.167168021202087
waiting
going to web site
Hello world	Thread-15852	3

time: 946690328.841833
diff: 26.158167004585266
waiting
going to web site
Hello world	Thread-15967	3

time: 946690355.841833
diff: 15.158167004585266
waiting
going to web site
Hello world	Thread-16040	2

time: 946690372.863833
diff: 18.13616704940796
waiting
going to web site
Hello world	Thread-16122	4

time: 946690391.841833
diff: 20.158167004585266
waiting
going to web site
Hello world	Thread-16214	2

time: 946690412.841833
diff: 29.158167004585266
waiting
going to web site
Hello world	Thread-16363	3

time: 946690445.841833
diff: 8.158167004585266
waiting
going to web site
Hello world	Thread-16394	3

time: 946690454.832833
diff: 31.16716694831848
waiting
going to web site
Hello world	Thread-16539	5

time: 946690486.832832
diff: 28.167168021202087
waiting
going to web site
Hello world	Thread-16664	7

time: 946690515.526065
diff: 28.47393500804901
waiting
going to web site
Hello world	Thread-16790	6

time: 946690544.544417
diff: 20.455582976341248
waiting
going to web site
Hello world	Thread-16881	5

time: 946690565.5294169
diff: 16.470583081245422
waiting
going to web site
Hello world	Thread-16956	5

time: 946690582.526065
diff: 33.47393500804901
waiting
going to web site
Hello world	Thread-17099	4

time: 946690616.544065
diff: 8.455935001373291
waiting
going to web site
Hello world	Thread-17136	3

time: 946690625.535129
diff: 17.464871048927307
waiting
going to web site
Hello world	Thread-17215	3

time: 946690643.526065
diff: 32.47393500804901
waiting
going to web site
Hello world	Thread-17351	2

time: 946690676.5350649
diff: 14.464935064315796
waiting
going to web site
Hello world	Thread-17420	5

time: 946690691.526065
diff: 22.47393500804901
waiting
going to web site
Hello world	Thread-17519	7

time: 946690714.536065
diff: 18.463935017585754
waiting
going to web site
Hello world	Thread-17603	7

time: 946690733.541065
diff: 24.458935022354126
waiting
going to web site
Hello world	Thread-17712	4

time: 946690758.541065
diff: 34.458935022354126
waiting
going to web site
Hello world	Thread-17871	4

time: 946690793.5358961
diff: 22.464103937149048
waiting
going to web site
Hello world	Thread-17962	3

time: 946690816.5350641
diff: 22.464935898780823
waiting
going to web site
Hello world	Thread-18059	7

time: 946690839.5350641
diff: 13.464935898780823
waiting
going to web site
Hello world	Thread-18112	6

time: 946690853.5350641
diff: 27.464935898780823
waiting
going to web site
Hello world	Thread-18231	4

time: 946690881.5350641
diff: 23.464935898780823
waiting
going to web site
Hello world	Thread-18336	7

time: 946690905.5350641
diff: 25.464935898780823
waiting
going to web site
Hello world	Thread-18448	7

time: 946690931.5350641
diff: 26.464935898780823
waiting
going to web site
Hello world	Thread-18561	7

time: 946690958.5350641
diff: 22.464935898780823
waiting
going to web site
Hello world	Thread-18658	5

time: 946690981.5350641
diff: 9.464935898780823
waiting
going to web site
Hello world	Thread-18707	6

time: 946690991.526064
diff: 34.47393596172333
waiting
going to web site
Hello world	Thread-18856	7

time: 946691026.5347129
diff: 12.46528708934784
waiting
going to web site
Hello world	Thread-18915	5

time: 946691039.5350649
diff: 31.464935064315796
waiting
going to web site
Hello world	Thread-19053	4

time: 946691071.526065
diff: 22.47393500804901
waiting
going to web site
Hello world	Thread-19163	4

time: 946691094.5350649
diff: 26.464935064315796
waiting
going to web site
Hello world	Thread-19281	5

time: 946691121.703561
diff: 13.296439051628113
waiting
going to web site
Hello world	Thread-19343	4

time: 946691135.699561
diff: 21.3004390001297
waiting
going to web site
Hello world	Thread-19446	5

time: 946691157.699561
diff: 28.3004390001297
waiting
going to web site
Hello world	Thread-19566	5

time: 946691186.699561
diff: 15.3004390001297
waiting
going to web site
Hello world	Thread-19646	3

time: 946691202.699561
diff: 32.3004390001297
waiting
going to web site
Hello world	Thread-19801	4

time: 946691235.699561
diff: 11.3004390001297
waiting
going to web site
Hello world	Thread-19848	3

time: 946691247.699561
diff: 17.3004390001297
waiting
going to web site
Hello world	Thread-19940	6

time: 946691265.699561
diff: 23.3004390001297
waiting
going to web site
Hello world	Thread-20049	5

time: 946691289.699561
diff: 21.3004390001297
waiting
going to web site
Hello world	Thread-20149	6

time: 946691311.699561
diff: 19.3004390001297
waiting
going to web site
Hello world	Thread-20248	4

time: 946691331.699561
diff: 37.3004390001297
waiting
going to web site
Hello world	Thread-20421	5

time: 946691369.699561
diff: 15.3004390001297
waiting
going to web site
Hello world	Thread-20512	4

time: 946691385.699561
diff: 21.3004390001297
waiting
going to web site
Hello world	Thread-20619	4

time: 946691407.713817
diff: 20.2861829996109
waiting
going to web site
Hello world	Thread-20718	4

time: 946691428.70356
diff: 1.2964400053024292
waiting
going to web site
Hello world	Thread-20726	3

time: 946691430.699561
diff: 22.3004390001297
waiting
going to web site
Hello world	Thread-20835	5

time: 946691453.699561
diff: 25.3004390001297
waiting
going to web site
Hello world	Thread-20959	3

time: 946691479.699561
diff: 21.3004390001297
waiting
going to web site
Hello world	Thread-21063	4

time: 946691501.699561
diff: 11.3004390001297
waiting
going to web site
Hello world	Thread-21111	2

time: 946691513.699561
diff: 29.3004390001297
waiting
going to web site
Hello world	Thread-21258	3

time: 946691543.699561
diff: 24.3004390001297
waiting
going to web site
Hello world	Thread-21365	7

time: 946691568.699561
diff: 24.3004390001297
waiting
going to web site
Hello world	Thread-21485	4

time: 946691593.699561
diff: 16.3004390001297
waiting
going to web site
Hello world	Thread-21558	6

time: 946691610.7085611
diff: 13.291438937187195
waiting
going to web site
Hello world	Thread-21628	3

time: 946691624.70356
diff: 28.29644000530243
waiting
going to web site
Hello world	Thread-21752	6

time: 946691653.699561
diff: 21.3004390001297
waiting
going to web site
Hello world	Thread-21845	2

time: 946691675.699561
diff: 15.3004390001297
waiting
going to web site
Hello world	Thread-21918	5

time: 946691691.699561
diff: 35.3004390001297
waiting
going to web site
Hello world	Thread-22081	7

time: 946691727.5350649
diff: 15.464935064315796
waiting
going to web site
Hello world	Thread-22146	5

time: 946691743.544065
diff: 16.45593500137329
waiting
going to web site
Hello world	Thread-22217	6

time: 946691760.542065
diff: 38.457934975624084
waiting
going to web site
Hello world	Thread-22389	5

time: 946691799.526064
diff: 18.473935961723328
waiting
going to web site
Hello world	Thread-22473	5

time: 946691818.5350641
diff: 18.464935898780823
waiting
going to web site
Hello world	Thread-22555	5

time: 946691837.534518
diff: 19.465481996536255
waiting
going to web site
Hello world	Thread-22640	7

time: 946691857.534518
diff: 15.465481996536255
waiting
going to web site
Hello world	Thread-22714	6

time: 946691873.5350641
diff: 39.46493589878082
waiting
going to web site
Hello world	Thread-22890	7

time: 946691913.526064
diff: 14.473935961723328
waiting
going to web site
Hello world	Thread-22958	5

time: 946691928.5350641
diff: 11.464935898780823
waiting
going to web site
Hello world	Thread-23009	7

time: 946691940.5350641
diff: 38.46493589878082
waiting
going to web site
Hello world	Thread-23196	7

time: 946691979.5350641
diff: 19.464935898780823
waiting
going to web site
Hello world	Thread-23291	7

time: 946691999.5350641
diff: 18.464935898780823
waiting
going to web site
Hello world	Thread-23380	5

time: 946692018.5350641
diff: 26.464935898780823
waiting
going to web site
Hello world	Thread-23510	6

time: 946692045.5350641
diff: 5.464935898780823
waiting
going to web site
Hello world	Thread-23545	4

time: 946692051.526064
diff: 31.473935961723328
waiting
going to web site
Hello world	Thread-23693	7

time: 946692083.5350641
diff: 13.464935898780823
waiting
going to web site
Hello world	Thread-23764	5

time: 946692097.5350641
diff: 32.46493589878082
waiting
going to web site
Hello world	Thread-23919	4

time: 946692130.5350641
diff: 22.464935898780823
waiting
going to web site
Hello world	Thread-24027	6

time: 946692153.5350641
diff: 4.464935898780823
waiting
going to web site
Hello world	Thread-24045	6

time: 946692158.5350641
diff: 28.464935898780823
waiting
going to web site
Hello world	Thread-24179	7

time: 946692187.5350641
diff: 15.464935898780823
waiting
going to web site
Hello world	Thread-24248	6

time: 946692203.5350641
diff: 17.464935898780823
waiting
going to web site
Hello world	Thread-24340	6

time: 946692221.5350641
diff: 11.464935898780823
waiting
going to web site
Hello world	Thread-24388	2

time: 946692233.526064
diff: 27.473935961723328
waiting
going to web site
Hello world	Thread-24521	6

time: 946692261.5350641
diff: 19.464935898780823
waiting
going to web site
Hello world	Thread-24612	5

time: 946692281.5350641
diff: 17.464935898780823
waiting
going to web site
Hello world	Thread-24689	7

time: 946692299.5350641
diff: 29.464935898780823
waiting
going to web site
Hello world	Thread-24829	2

time: 946692330.843832
diff: 26.15616798400879
waiting
going to web site
Hello world	Thread-24943	2

time: 946692357.8520399
diff: 26.14796006679535
waiting
going to web site
Hello world	Thread-25055	4

time: 946692384.841833
diff: 33.158167004585266
waiting
going to web site
Hello world	Thread-25197	2

time: 946692418.841833
diff: 5.158167004585266
waiting
going to web site
Hello world	Thread-25224	3

time: 946692424.841833
diff: 21.158167004585266
waiting
going to web site
Hello world	Thread-25318	4

time: 946692446.841833
diff: 20.158167004585266
waiting
going to web site
Hello world	Thread-25401	2

time: 946692467.832833
diff: 43.16716694831848
waiting
going to web site
Hello world	Thread-25588	6

time: 946692511.832832
diff: 23.167168021202087
waiting
going to web site
Hello world	Thread-25693	2

time: 946692536.851833
diff: 11.14816701412201
waiting
going to web site
Hello world	Thread-25747	5

time: 946692548.841833
diff: 16.158167004585266
waiting
going to web site
Hello world	Thread-25816	3

time: 946692565.8422489
diff: 30.157751083374023
waiting
going to web site
Hello world	Thread-25947	2

time: 946692596.832833
diff: 19.16716694831848
waiting
going to web site
Hello world	Thread-26034	4

time: 946692616.832832
diff: 28.167168021202087
waiting
going to web site
Hello world	Thread-26150	4

time: 946692645.841833
diff: 25.158167004585266
waiting
going to web site
Hello world	Thread-26243	5

time: 946692671.832833
diff: 21.16716694831848
waiting
going to web site
Hello world	Thread-26325	5

time: 946692693.832832
diff: 26.167168021202087
waiting
going to web site
Hello world	Thread-26410	3

time: 946692720.832833
diff: 18.16716694831848
waiting
going to web site
Hello world	Thread-26462	4

time: 946692739.832832
diff: 23.167168021202087
waiting
going to web site
Hello world	Thread-26518	3

time: 946692763.832833
diff: 24.16716694831848
waiting
going to web site
Hello world	Thread-26581	2

time: 946692788.832832
diff: 16.167168021202087
waiting
going to web site
Hello world	Thread-26617	2

time: 946692805.8418959
diff: 12.158104062080383
waiting
going to web site
Hello world	Thread-26642	3

