time: 946686600.0
diff: 255.0
waiting
going to web site
Hello world	Thread-1329	5

time: 946686855.5350641
diff: -0.5350641012191772
going to web site
Hello world	Thread-1333	2

time: 946686856.066128
diff: -1.0661280155181885
going to web site
Hello world	Thread-1336	6

time: 946686856.598192
diff: -1.5981919765472412
going to web site
Hello world	Thread-1339	2

time: 946686857.130256
diff: -0.1302560567855835
going to web site
Hello world	Thread-1345	6

time: 946686857.66432
diff: -0.6643199920654297
going to web site
Hello world	Thread-1347	3

time: 946686858.1993841
diff: -1.199384093284607
going to web site
Hello world	Thread-1351	4

time: 946686858.731448
diff: -1.7314480543136597
going to web site
Hello world	Thread-1354	4

time: 946686859.258512
diff: -1.258512020111084
going to web site
Hello world	Thread-1358	4

time: 946686859.799582
diff: -0.7995820045471191
going to web site
Hello world	Thread-1364	3

time: 946686860.3256459
diff: -1.325645923614502
going to web site
Hello world	Thread-1369	5

time: 946686860.8657099
diff: -1.865709900856018
going to web site
Hello world	Thread-1372	2

time: 946686861.3917739
diff: -2.3917739391326904
going to web site
Hello world	Thread-1376	5

time: 946686861.917838
diff: -1.9178379774093628
going to web site
Hello world	Thread-1378	5

time: 946686862.452902
diff: 4.5470980405807495
waiting
going to web site
Hello world	Thread-1403	4

time: 946686867.5350649
diff: 16.464935064315796
waiting
going to web site
Hello world	Thread-577	4

time: 946686884.544381
diff: 15.455618977546692
waiting
going to web site
Hello world	Thread-644	4

time: 946686900.541669
diff: 6.458330988883972
waiting
going to web site
Hello world	Thread-1550	6

time: 946686907.534064
diff: -0.5340640544891357
going to web site
Hello world	Thread-1554	2

time: 946686908.0631281
diff: -1.063128113746643
going to web site
Hello world	Thread-1558	6

time: 946686908.5891919
diff: -0.5891919136047363
going to web site
Hello world	Thread-1565	4

time: 946686909.118256
diff: -1.1182559728622437
going to web site
Hello world	Thread-1570	5

time: 946686909.66132
diff: 9.338680028915405
waiting
going to web site
Hello world	Thread-718	4

time: 946686919.541404
diff: 21.458595991134644
waiting
going to web site
Hello world	Thread-808	5

time: 946686941.546064
diff: 14.453935980796814
waiting
going to web site
Hello world	Thread-880	7

time: 946686956.526064
diff: 19.473935961723328
waiting
going to web site
Hello world	Thread-975	5

time: 946686976.532064
diff: 16.467936038970947
waiting
going to web site
Hello world	Thread-1049	7

time: 946686993.533065
diff: 3.4669350385665894
waiting
going to web site
Hello world	Thread-1950	2

time: 946686997.5300651
diff: -0.5300650596618652
going to web site
Hello world	Thread-1951	2

time: 946686998.056129
diff: -1.056128978729248
going to web site
Hello world	Thread-1954	3

time: 946686998.582193
diff: -1.5821930170059204
going to web site
Hello world	Thread-1955	2

time: 946686999.109257
diff: 5.890743017196655
waiting
going to web site
Hello world	Thread-1104	6

time: 946687005.534065
diff: 5.465934991836548
waiting
going to web site
Hello world	Thread-1978	4

time: 946687011.5350641
diff: 14.464935898780823
waiting
going to web site
Hello world	Thread-1197	6

time: 946687026.5350641
diff: 9.464935898780823
waiting
going to web site
Hello world	Thread-1246	5

time: 946687036.5350641
diff: 20.464935898780823
waiting
going to web site
Hello world	Thread-1340	4

time: 946687057.537813
diff: 21.46218705177307
waiting
going to web site
Hello world	Thread-1438	6

time: 946687079.539065
diff: 28.46093499660492
waiting
going to web site
Hello world	Thread-1569	6

time: 946687108.5350641
diff: 25.464935898780823
waiting
going to web site
Hello world	Thread-1679	6

time: 946687134.5270641
diff: 38.472935914993286
waiting
going to web site
Hello world	Thread-1839	6

time: 946687173.5350641
diff: 15.464935898780823
waiting
going to web site
Hello world	Thread-1905	6

time: 946687189.526064
diff: 12.473935961723328
waiting
going to web site
Hello world	Thread-1962	3

time: 946687202.526064
diff: 25.473935961723328
waiting
going to web site
Hello world	Thread-2079	6

time: 946687228.5350009
diff: 29.464999079704285
waiting
going to web site
Hello world	Thread-2204	7

time: 946687258.540065
diff: 37.45993494987488
waiting
going to web site
Hello world	Thread-2376	7

time: 946687296.5345191
diff: 3.465480923652649
waiting
going to web site
Hello world	Thread-2392	6

time: 946687300.5350641
diff: 22.464935898780823
waiting
going to web site
Hello world	Thread-2489	2

time: 946687323.526064
diff: 34.47393596172333
waiting
going to web site
Hello world	Thread-2647	6

time: 946687358.5350641
diff: 18.464935898780823
waiting
going to web site
Hello world	Thread-2730	7

time: 946687377.5350641
diff: 20.464935898780823
waiting
going to web site
Hello world	Thread-2820	6

time: 946687398.5350641
diff: 26.464935898780823
waiting
going to web site
Hello world	Thread-2941	5

time: 946687425.526064
diff: 33.47393596172333
waiting
going to web site
Hello world	Thread-3094	5

time: 946687459.832832
diff: 5.167168021202087
waiting
going to web site
Hello world	Thread-3125	2

time: 946687466.842833
diff: 19.157166957855225
waiting
going to web site
Hello world	Thread-3210	3

time: 946687486.832832
diff: 28.167168021202087
waiting
going to web site
Hello world	Thread-3332	4

time: 946687515.850833
diff: 7.149166941642761
waiting
going to web site
Hello world	Thread-3368	3

time: 946687523.832832
diff: 20.167168021202087
waiting
going to web site
Hello world	Thread-3465	3

time: 946687545.841833
diff: 21.158167004585266
waiting
going to web site
Hello world	Thread-3557	2

time: 946687567.841833
diff: 34.158167004585266
waiting
going to web site
Hello world	Thread-3710	3

time: 946687602.845833
diff: 20.15416705608368
waiting
going to web site
Hello world	Thread-3814	2

time: 946687623.841833
diff: 25.158167004585266
waiting
going to web site
Hello world	Thread-3911	2

time: 946687649.841833
diff: 25.158167004585266
waiting
going to web site
Hello world	Thread-4029	4

time: 946687675.841833
diff: 19.158167004585266
waiting
going to web site
Hello world	Thread-4125	2

time: 946687695.845833
diff: 27.15416705608368
waiting
going to web site
Hello world	Thread-4242	2

time: 946687723.832833
diff: 17.16716694831848
waiting
going to web site
Hello world	Thread-4322	2

time: 946687741.836832
diff: 21.16316795349121
waiting
going to web site
Hello world	Thread-4416	6

time: 946687763.832832
diff: 25.167168021202087
waiting
going to web site
Hello world	Thread-4532	3

time: 946687789.832833
diff: 27.16716694831848
waiting
going to web site
Hello world	Thread-4660	2

time: 946687817.832832
diff: 16.167168021202087
waiting
going to web site
Hello world	Thread-4741	3

time: 946687834.841833
diff: 30.158167004585266
waiting
going to web site
Hello world	Thread-4877	3

time: 946687865.841833
diff: 14.158167004585266
waiting
going to web site
Hello world	Thread-4949	3

time: 946687880.832833
diff: 13.167166948318481
waiting
going to web site
Hello world	Thread-5007	4

time: 946687894.838832
diff: 18.161167979240417
waiting
going to web site
Hello world	Thread-5097	6

time: 946687913.832832
diff: 26.167168021202087
waiting
going to web site
Hello world	Thread-5226	2

time: 946687940.842287
diff: 23.157713055610657
waiting
going to web site
Hello world	Thread-5339	2

time: 946687964.841833
diff: 15.158167004585266
waiting
going to web site
Hello world	Thread-5420	3

time: 946687980.841833
diff: 28.158167004585266
waiting
going to web site
Hello world	Thread-5550	2

time: 946688009.860833
diff: 27.139166951179504
waiting
going to web site
Hello world	Thread-5682	3

time: 946688037.832832
diff: 20.167168021202087
waiting
going to web site
Hello world	Thread-5770	3

time: 946688058.8408331
diff: 13.159166932106018
waiting
going to web site
Hello world	Thread-5826	4

time: 946688072.526064
diff: 31.473935961723328
waiting
going to web site
Hello world	Thread-5966	7

time: 946688104.5350641
diff: 28.464935898780823
waiting
going to web site
Hello world	Thread-6093	4

time: 946688133.535671
diff: 13.46432900428772
waiting
going to web site
Hello world	Thread-6153	7

time: 946688147.536325
diff: 19.463675022125244
waiting
going to web site
Hello world	Thread-6242	3

time: 946688167.544065
diff: 12.455935001373291
waiting
going to web site
Hello world	Thread-6291	6

time: 946688180.536065
diff: 20.463935017585754
waiting
going to web site
Hello world	Thread-6385	5

time: 946688201.5447389
diff: 28.45526111125946
waiting
going to web site
Hello world	Thread-6518	4

time: 946688230.5350649
diff: 19.464935064315796
waiting
going to web site
Hello world	Thread-6604	4

time: 946688250.5350649
diff: 28.464935064315796
waiting
going to web site
Hello world	Thread-6728	6

time: 946688279.5350649
diff: 13.464935064315796
waiting
going to web site
Hello world	Thread-6794	3

time: 946688293.5356491
diff: 18.464350938796997
waiting
going to web site
Hello world	Thread-6874	7

time: 946688312.530064
diff: 36.46993601322174
waiting
going to web site
Hello world	Thread-7037	4

time: 946688349.544065
diff: 18.45593500137329
waiting
going to web site
Hello world	Thread-7120	4

time: 946688368.526065
diff: 29.47393500804901
waiting
going to web site
Hello world	Thread-7258	3

time: 946688398.5350649
diff: 25.464935064315796
waiting
going to web site
Hello world	Thread-7373	7

time: 946688424.526065
diff: 12.473935008049011
waiting
going to web site
Hello world	Thread-7430	6

time: 946688437.544065
diff: 33.45593500137329
waiting
going to web site
Hello world	Thread-7586	6

time: 946688471.5350649
diff: 13.464935064315796
waiting
going to web site
Hello world	Thread-7644	4

time: 946688485.5350649
diff: 19.464935064315796
waiting
going to web site
Hello world	Thread-7732	4

time: 946688505.5300651
diff: 30.469934940338135
waiting
going to web site
Hello world	Thread-7863	6

time: 946688536.526064
diff: 17.473935961723328
waiting
going to web site
Hello world	Thread-7941	7

time: 946688554.5345191
diff: 12.465480923652649
waiting
going to web site
Hello world	Thread-8005	4

time: 946688567.5350641
diff: 16.464935898780823
waiting
going to web site
Hello world	Thread-8075	6

time: 946688584.530064
diff: 26.46993601322174
waiting
going to web site
Hello world	Thread-8198	6

time: 946688611.544065
diff: 19.45593500137329
waiting
going to web site
Hello world	Thread-8284	4

time: 946688631.544065
diff: 16.45593500137329
waiting
going to web site
Hello world	Thread-8355	2

time: 946688648.5350649
diff: 14.464935064315796
waiting
going to web site
Hello world	Thread-8420	5

time: 946688663.5350649
diff: 36.464935064315796
waiting
going to web site
Hello world	Thread-8570	2

time: 946688700.832833
diff: 34.16716694831848
waiting
going to web site
Hello world	Thread-8713	5

time: 946688735.832832
diff: 16.167168021202087
waiting
going to web site
Hello world	Thread-8783	2

time: 946688752.845833
diff: 22.15416705608368
waiting
going to web site
Hello world	Thread-8866	2

time: 946688775.832833
diff: 35.16716694831848
waiting
going to web site
Hello world	Thread-9018	3

time: 946688811.832832
diff: 20.167168021202087
waiting
going to web site
Hello world	Thread-9106	3

time: 946688833.841833
diff: 18.158167004585266
waiting
going to web site
Hello world	Thread-9190	5

time: 946688852.832833
diff: 25.16716694831848
waiting
going to web site
Hello world	Thread-9293	7

time: 946688878.832832
diff: 30.167168021202087
waiting
going to web site
Hello world	Thread-9427	2

time: 946688909.841833
diff: 20.158167004585266
waiting
going to web site
Hello world	Thread-9520	3

time: 946688930.832833
diff: 21.16716694831848
waiting
going to web site
Hello world	Thread-9619	5

time: 946688953.836832
diff: 22.16316795349121
waiting
going to web site
Hello world	Thread-9729	3

time: 946688976.832832
diff: 23.167168021202087
waiting
going to web site
Hello world	Thread-9839	4

time: 946689000.841833
diff: 33.158167004585266
waiting
going to web site
Hello world	Thread-9998	2

time: 946689034.841833
diff: 18.158167004585266
waiting
going to web site
Hello world	Thread-10078	3

time: 946689053.832833
diff: 17.16716694831848
waiting
going to web site
Hello world	Thread-10162	4

time: 946689071.832832
diff: 9.167168021202087
waiting
going to web site
Hello world	Thread-10219	3

time: 946689081.841833
diff: 39.158167004585266
waiting
going to web site
Hello world	Thread-10403	2

time: 946689122.841833
diff: 12.158167004585266
waiting
going to web site
Hello world	Thread-10468	2

time: 946689135.832833
diff: 12.167166948318481
waiting
going to web site
Hello world	Thread-10529	4

time: 946689148.832832
diff: 39.16716802120209
waiting
going to web site
Hello world	Thread-10738	2

time: 946689191.841833
diff: 4.158167004585266
waiting
going to web site
Hello world	Thread-10757	2

time: 946689196.841833
diff: 20.158167004585266
waiting
going to web site
Hello world	Thread-10866	3

time: 946689218.841833
diff: 13.158167004585266
waiting
going to web site
Hello world	Thread-10963	2

time: 946689239.841833
diff: 14.158167004585266
waiting
going to web site
Hello world	Thread-11043	3

time: 946689255.845833
diff: 21.15416705608368
waiting
going to web site
Hello world	Thread-11158	2

time: 946689280.8558329
diff: 20.144167065620422
waiting
going to web site
Hello world	Thread-11262	2

time: 946689301.901777
diff: 13.098222970962524
waiting
going to web site
Hello world	Thread-11328	2

time: 946689315.904776
diff: 28.095224022865295
waiting
going to web site
Hello world	Thread-11462	2

time: 946689344.911777
diff: 25.088222980499268
waiting
going to web site
Hello world	Thread-11584	2

time: 946689370.910776
diff: 13.089223980903625
waiting
going to web site
Hello world	Thread-11684	2

time: 946689391.903776
diff: 15.096223950386047
waiting
going to web site
Hello world	Thread-11761	2

time: 946689408.9027761
diff: 26.0972238779068
waiting
going to web site
Hello world	Thread-11886	2

time: 946689435.9027761
diff: 4.097223877906799
waiting
going to web site
Hello world	Thread-11901	2

time: 946689441.901776
diff: 25.09822404384613
waiting
going to web site
Hello world	Thread-12023	2

time: 946689467.910777
diff: 15.089223027229309
waiting
going to web site
Hello world	Thread-12104	2

time: 946689483.901777
diff: 34.098222970962524
waiting
going to web site
Hello world	Thread-12253	2

time: 946689518.901776
diff: 12.09822404384613
waiting
going to web site
Hello world	Thread-12313	2

time: 946689531.902777
diff: 25.097223043441772
waiting
going to web site
Hello world	Thread-12442	2

time: 946689557.910777
diff: 14.089223027229309
waiting
going to web site
Hello world	Thread-12503	2

time: 946689572.910777
diff: 25.08922302722931
waiting
going to web site
Hello world	Thread-12622	2

time: 946689598.910777
diff: 17.08922302722931
waiting
going to web site
Hello world	Thread-12699	2

time: 946689616.910777
diff: 30.08922302722931
waiting
going to web site
Hello world	Thread-12844	2

time: 946689647.910777
diff: 23.08922302722931
waiting
going to web site
Hello world	Thread-12956	2

time: 946689671.910777
diff: 23.08922302722931
waiting
going to web site
Hello world	Thread-13070	2

time: 946689695.910777
diff: 25.08922302722931
waiting
going to web site
Hello world	Thread-13194	2

time: 946689721.913777
diff: 20.086223006248474
waiting
going to web site
Hello world	Thread-13285	2

time: 946689743.903777
diff: 15.096222996711731
waiting
going to web site
Hello world	Thread-13364	2

time: 946689759.909776
diff: 27.090224027633667
waiting
going to web site
Hello world	Thread-13484	2

time: 946689787.903777
diff: 14.096222996711731
waiting
going to web site
Hello world	Thread-13553	2

time: 946689802.9027761
diff: 12.0972238779068
waiting
going to web site
Hello world	Thread-13617	2

time: 946689815.9027761
diff: 32.0972238779068
waiting
going to web site
Hello world	Thread-13775	3

time: 946689848.909776
diff: 4.090224027633667
waiting
going to web site
Hello world	Thread-13801	2

time: 946689853.911777
diff: 30.088222980499268
waiting
going to web site
Hello world	Thread-13939	2

time: 946689884.9027761
diff: 12.0972238779068
waiting
going to web site
Hello world	Thread-13999	3

time: 946689898.901776
diff: 26.09822404384613
waiting
going to web site
Hello world	Thread-14114	7

time: 946689925.544065
diff: 11.455935001373291
waiting
going to web site
Hello world	Thread-14163	6

time: 946689937.544065
diff: 35.45593500137329
waiting
going to web site
Hello world	Thread-14318	5

time: 946689973.540065
diff: 19.459934949874878
waiting
going to web site
Hello world	Thread-14409	6

time: 946689993.5350641
diff: 20.464935898780823
waiting
going to web site
Hello world	Thread-14500	6

time: 946690014.537064
diff: 30.46293604373932
waiting
going to web site
Hello world	Thread-14634	7

time: 946690045.5350649
diff: 5.464935064315796
waiting
going to web site
Hello world	Thread-14659	5

time: 946690051.5350649
diff: 32.464935064315796
waiting
going to web site
Hello world	Thread-14800	4

time: 946690084.549065
diff: 22.450935006141663
waiting
going to web site
Hello world	Thread-14904	5

time: 946690107.526065
diff: 22.47393500804901
waiting
going to web site
Hello world	Thread-14999	6

time: 946690130.544065
diff: 22.45593500137329
waiting
going to web site
Hello world	Thread-15096	4

time: 946690153.526065
diff: 41.47393500804901
waiting
going to web site
Hello world	Thread-15268	6

time: 946690195.544065
diff: 15.455935001373291
waiting
going to web site
Hello world	Thread-15342	5

time: 946690211.536065
diff: 26.463935017585754
waiting
going to web site
Hello world	Thread-15458	7

time: 946690238.540065
diff: 7.459934949874878
waiting
going to web site
Hello world	Thread-15492	6

time: 946690246.5350641
diff: 23.464935898780823
waiting
going to web site
Hello world	Thread-15604	6

time: 946690270.526064
diff: 20.473935961723328
waiting
going to web site
Hello world	Thread-15695	3

time: 946690291.534064
diff: 19.465935945510864
waiting
going to web site
Hello world	Thread-15776	7

time: 946690311.540064
diff: 33.459936022758484
waiting
going to web site
Hello world	Thread-15920	5

time: 946690345.5350649
diff: 17.464935064315796
waiting
going to web site
Hello world	Thread-15997	5

time: 946690363.544065
diff: 20.45593500137329
waiting
going to web site
Hello world	Thread-16089	6

time: 946690384.5350649
diff: 32.464935064315796
waiting
going to web site
Hello world	Thread-16230	6

time: 946690417.5370649
diff: 15.462935090065002
waiting
going to web site
Hello world	Thread-16304	5

time: 946690433.526065
diff: 24.47393500804901
waiting
going to web site
Hello world	Thread-16415	5

time: 946690458.5300651
diff: 26.469934940338135
waiting
going to web site
Hello world	Thread-16531	7

time: 946690485.5350641
diff: 21.464935898780823
waiting
going to web site
Hello world	Thread-16625	7

time: 946690507.5350641
diff: 17.464935898780823
waiting
going to web site
Hello world	Thread-16706	6

time: 946690525.6995599
diff: 17.300440073013306
waiting
going to web site
Hello world	Thread-16784	6

time: 946690543.699561
diff: 32.3004390001297
waiting
going to web site
Hello world	Thread-16930	4

time: 946690576.699561
diff: 28.3004390001297
waiting
going to web site
Hello world	Thread-17050	5

time: 946690605.699561
diff: 25.3004390001297
waiting
going to web site
Hello world	Thread-17164	4

time: 946690631.699561
diff: 14.3004390001297
waiting
going to web site
Hello world	Thread-17223	5

time: 946690646.699561
diff: 13.3004390001297
waiting
going to web site
Hello world	Thread-17285	3

time: 946690660.699561
diff: 29.3004390001297
waiting
going to web site
Hello world	Thread-17414	7

time: 946690690.699561
diff: 18.3004390001297
waiting
going to web site
Hello world	Thread-17499	5

time: 946690709.699561
diff: 25.3004390001297
waiting
going to web site
Hello world	Thread-17616	6

time: 946690735.699561
diff: 16.3004390001297
waiting
going to web site
Hello world	Thread-17682	5

time: 946690752.699561
diff: 28.3004390001297
waiting
going to web site
Hello world	Thread-17815	4

time: 946690781.699561
diff: 14.3004390001297
waiting
going to web site
Hello world	Thread-17880	6

time: 946690796.699561
diff: 28.3004390001297
waiting
going to web site
Hello world	Thread-18000	7

time: 946690825.699561
diff: 30.3004390001297
waiting
going to web site
Hello world	Thread-18128	5

time: 946690856.699561
diff: 28.3004390001297
waiting
going to web site
Hello world	Thread-18249	6

time: 946690885.699561
diff: 15.3004390001297
waiting
going to web site
Hello world	Thread-18322	4

time: 946690901.699561
diff: 15.3004390001297
waiting
going to web site
Hello world	Thread-18388	5

time: 946690917.699561
diff: 29.3004390001297
waiting
going to web site
Hello world	Thread-18517	6

time: 946690947.714561
diff: 14.285439014434814
waiting
going to web site
Hello world	Thread-18582	6

time: 946690962.699561
diff: 38.3004390001297
waiting
going to web site
Hello world	Thread-18749	6

time: 946691001.7085611
diff: 23.291438937187195
waiting
going to web site
Hello world	Thread-18851	6

time: 946691025.6995599
diff: 9.300440073013306
waiting
going to web site
Hello world	Thread-18900	3

time: 946691035.699561
diff: 26.3004390001297
waiting
going to web site
Hello world	Thread-19021	2

time: 946691062.699561
diff: 26.3004390001297
waiting
going to web site
Hello world	Thread-19138	4

time: 946691089.699561
diff: 32.3004390001297
waiting
going to web site
Hello world	Thread-19285	7

time: 946691122.7144569
diff: 12.285543084144592
waiting
going to web site
Hello world	Thread-19348	5

time: 946691136.845833
diff: 21.15416705608368
waiting
going to web site
Hello world	Thread-19457	2

time: 946691159.841833
diff: 11.158167004585266
waiting
going to web site
Hello world	Thread-19506	3

time: 946691171.841833
diff: 26.158167004585266
waiting
going to web site
Hello world	Thread-19629	2

time: 946691198.836833
diff: 24.163166999816895
waiting
going to web site
Hello world	Thread-19744	4

time: 946691223.832832
diff: 28.167168021202087
waiting
going to web site
Hello world	Thread-19879	2

time: 946691252.845833
diff: 7.154167056083679
waiting
going to web site
Hello world	Thread-19915	2

time: 946691260.832833
diff: 30.16716694831848
waiting
going to web site
Hello world	Thread-20062	4

time: 946691291.842832
diff: 13.15716803073883
waiting
going to web site
Hello world	Thread-20118	2

time: 946691305.842833
diff: 23.157166957855225
waiting
going to web site
Hello world	Thread-20239	5

time: 946691329.8418319
diff: 11.158168077468872
waiting
going to web site
Hello world	Thread-20292	2

time: 946691341.841833
diff: 26.158167004585266
waiting
going to web site
Hello world	Thread-20423	3

time: 946691369.841833
diff: 28.158167004585266
waiting
going to web site
Hello world	Thread-20587	2

time: 946691399.841833
diff: 10.158167004585266
waiting
going to web site
Hello world	Thread-20632	2

time: 946691410.841833
diff: 39.158167004585266
waiting
going to web site
Hello world	Thread-20825	3

time: 946691450.851665
diff: 16.148334980010986
waiting
going to web site
Hello world	Thread-20905	3

time: 946691467.8398321
diff: 11.160167932510376
waiting
going to web site
Hello world	Thread-20966	2

time: 946691480.832832
diff: 21.167168021202087
waiting
going to web site
Hello world	Thread-21069	3

time: 946691502.841833
diff: 8.158167004585266
waiting
going to web site
Hello world	Thread-21106	2

time: 946691511.841833
diff: 21.158167004585266
waiting
going to web site
Hello world	Thread-21211	2

time: 946691533.841833
diff: 27.158167004585266
waiting
going to web site
Hello world	Thread-21339	2

time: 946691561.841833
diff: 21.158167004585266
waiting
going to web site
Hello world	Thread-21437	3

time: 946691583.841833
diff: 21.158167004585266
waiting
going to web site
Hello world	Thread-21539	3

time: 946691605.832833
diff: 15.167166948318481
waiting
going to web site
Hello world	Thread-21609	5

time: 946691621.832832
diff: 19.167168021202087
waiting
going to web site
Hello world	Thread-21703	2

time: 946691641.832833
diff: 19.16716694831848
waiting
going to web site
Hello world	Thread-21789	3

time: 946691661.832832
diff: 18.167168021202087
waiting
going to web site
Hello world	Thread-21880	3

time: 946691681.841833
diff: 32.158167004585266
waiting
going to web site
Hello world	Thread-22023	3

time: 946691714.832833
diff: 12.167166948318481
waiting
going to web site
Hello world	Thread-22082	4

time: 946691727.832832
diff: 33.16716802120209
waiting
going to web site
Hello world	Thread-22225	4

time: 946691761.5350649
diff: 26.464935064315796
waiting
going to web site
Hello world	Thread-22337	6

time: 946691788.5350649
diff: 10.464935064315796
waiting
going to web site
Hello world	Thread-22390	3

time: 946691799.5448971
diff: 35.45510292053223
waiting
going to web site
Hello world	Thread-22544	6

time: 946691835.530064
diff: 19.46993601322174
waiting
going to web site
Hello world	Thread-22631	5

time: 946691855.5350649
diff: 23.464935064315796
waiting
going to web site
Hello world	Thread-22743	6

time: 946691879.544065
diff: 20.45593500137329
waiting
going to web site
Hello world	Thread-22835	4

time: 946691900.526065
diff: 25.47393500804901
waiting
going to web site
Hello world	Thread-22952	5

time: 946691926.5350649
diff: 28.464935064315796
waiting
going to web site
Hello world	Thread-23091	7

time: 946691955.5350649
diff: 13.464935064315796
waiting
going to web site
Hello world	Thread-23153	4

time: 946691969.544065
diff: 10.455935001373291
waiting
going to web site
Hello world	Thread-23201	5

time: 946691980.5350649
diff: 35.464935064315796
waiting
going to web site
Hello world	Thread-23374	5

time: 946692016.526065
diff: 14.473935008049011
waiting
going to web site
Hello world	Thread-23446	3

time: 946692031.526065
diff: 25.47393500804901
waiting
going to web site
Hello world	Thread-23577	6

time: 946692057.544417
diff: 20.455582976341248
waiting
going to web site
Hello world	Thread-23669	5

time: 946692078.5350641
diff: 13.464935898780823
waiting
going to web site
Hello world	Thread-23738	4

time: 946692092.5350641
diff: 29.464935898780823
waiting
going to web site
Hello world	Thread-23882	6

time: 946692122.5350641
diff: 12.464935898780823
waiting
going to web site
Hello world	Thread-23940	7

time: 946692135.5350641
diff: 26.464935898780823
waiting
going to web site
Hello world	Thread-24064	7

time: 946692162.5350641
diff: 25.464935898780823
waiting
going to web site
Hello world	Thread-24185	7

time: 946692188.534453
diff: 18.46554696559906
waiting
going to web site
Hello world	Thread-24267	7

time: 946692207.5350641
diff: 13.464935898780823
waiting
going to web site
Hello world	Thread-24339	7

time: 946692221.5350641
diff: 23.464935898780823
waiting
going to web site
Hello world	Thread-24443	7

time: 946692245.5350641
diff: 12.464935898780823
waiting
going to web site
Hello world	Thread-24502	7

time: 946692258.5350641
diff: 20.464935898780823
waiting
going to web site
Hello world	Thread-24601	7

time: 946692279.5350641
diff: 5.464935898780823
waiting
going to web site
Hello world	Thread-24631	2

time: 946692285.526064
diff: 37.47393596172333
waiting
going to web site
Hello world	Thread-24800	3

time: 946692323.5350641
diff: 18.464935898780823
waiting
going to web site
Hello world	Thread-24876	2

time: 946692342.5270641
diff: 34.472935914993286
waiting
going to web site
Hello world	Thread-25033	3

time: 946692377.832832
diff: 13.167168021202087
waiting
going to web site
Hello world	Thread-25084	4

time: 946692391.851833
diff: 21.14816701412201
waiting
going to web site
Hello world	Thread-25178	2

time: 946692413.841833
diff: 29.158167004585266
waiting
going to web site
Hello world	Thread-25303	2

time: 946692443.832833
diff: 21.16716694831848
waiting
going to web site
Hello world	Thread-25392	3

time: 946692465.832832
diff: 20.167168021202087
waiting
going to web site
Hello world	Thread-25483	3

time: 946692486.841833
diff: 21.158167004585266
waiting
going to web site
Hello world	Thread-25574	3

time: 946692508.841833
diff: 28.158167004585266
waiting
going to web site
Hello world	Thread-25696	2

time: 946692537.841833
diff: 39.158167004585266
waiting
going to web site
Hello world	Thread-25875	3

time: 946692578.841833
diff: 19.158167004585266
waiting
going to web site
Hello world	Thread-25953	2

time: 946692598.841833
diff: 4.158167004585266
waiting
going to web site
Hello world	Thread-25979	2

time: 946692603.841833
diff: 27.158167004585266
waiting
going to web site
Hello world	Thread-26094	2

time: 946692631.859833
diff: 31.140166997909546
waiting
going to web site
Hello world	Thread-26218	3

time: 946692663.832832
diff: 8.167168021202087
waiting
going to web site
Hello world	Thread-26255	2

time: 946692673.842833
diff: 31.157166957855225
waiting
going to web site
Hello world	Thread-26359	4

time: 946692705.832832
diff: 19.167168021202087
waiting
going to web site
Hello world	Thread-26418	2

time: 946692725.841897
diff: 28.158102989196777
waiting
going to web site
Hello world	Thread-26501	5

time: 946692754.832832
diff: 20.167168021202087
waiting
going to web site
Hello world	Thread-26553	2

time: 946692775.832833
diff: 22.16716694831848
waiting
going to web site
Hello world	Thread-26601	2

time: 946692798.832832
diff: 26.167168021202087
waiting
going to web site
Hello world	Thread-26655	2

time: 946692825.841833
diff: 16.158167004585266
waiting
going to web site
Hello world	Thread-26683	2

time: 946692842.832833
diff: 14.167166948318481
waiting
going to web site
Hello world	Thread-26707	2

