time: 946686600.0
diff: 0.0
going to web site
Hello world	Thread-18	2

time: 946686601.649364
diff: 118.35063600540161
waiting
going to web site
Hello world	Thread-89	5

time: 946686723.658364
diff: 56.341635942459106
waiting
going to web site
Hello world	Thread-108	9

time: 946686780.649364
diff: 119.35063600540161
waiting
going to web site
Hello world	Thread-183	5

time: 946686901.697793
diff: 58.30220699310303
waiting
going to web site
Hello world	Thread-208	3

time: 946686960.6677951
diff: 120.33220493793488
waiting
going to web site
Hello world	Thread-296	4

time: 946687088.666998
diff: 112.33300197124481
waiting
going to web site
Hello world	Thread-359	6

time: 946687208.677364
diff: 52.322636008262634
waiting
going to web site
Hello world	Thread-395	5

time: 946687268.659364
diff: 112.34063601493835
waiting
going to web site
Hello world	Thread-456	3

time: 946687384.667365
diff: 56.332635045051575
waiting
going to web site
Hello world	Thread-490	3

time: 946687444.658365
diff: 116.34163498878479
waiting
going to web site
Hello world	Thread-534	4

time: 946687561.6493641
diff: 120.35063588619232
waiting
going to web site
Hello world	Thread-628	6

time: 946687697.659364
diff: 104.34063601493835
waiting
going to web site
Hello world	Thread-665	3

time: 946687802.674496
diff: 59.32550394535065
waiting
going to web site
Hello world	Thread-717	5

time: 946687865.656908
diff: 56.34309196472168
waiting
going to web site
Hello world	Thread-738	2

time: 946687922.646908
diff: 59.35309195518494
waiting
going to web site
Hello world	Thread-774	2

time: 946687983.6589091
diff: 58.34109091758728
waiting
going to web site
Hello world	Thread-808	2

time: 946688043.6589091
diff: 119.34109091758728
waiting
going to web site
Hello world	Thread-886	2

time: 946688166.658908
diff: 116.34109199047089
waiting
going to web site
Hello world	Thread-933	5

