time: 946686600.0
diff: 47.0
waiting
going to web site
Hello world	Thread-19	4

time: 946686647.53582
diff: 13.464179992675781
waiting
going to web site
Hello world	Thread-225	2

time: 946686661.526064
diff: 0.47393596172332764
waiting
going to web site
Hello world	Thread-226	2

time: 946686662.526064
diff: -0.5260640382766724
going to web site
Hello world	Thread-227	2

time: 946686663.052128
diff: -0.052127957344055176
going to web site
Hello world	Thread-229	3

time: 946686663.5811919
diff: 0.41880810260772705
waiting
going to web site
Hello world	Thread-231	3

time: 946686664.551065
diff: -0.5510649681091309
going to web site
Hello world	Thread-233	2

time: 946686665.077129
diff: 7.922870993614197
waiting
going to web site
Hello world	Thread-43	4

time: 946686673.5350641
diff: 9.464935898780823
waiting
going to web site
Hello world	Thread-344	7

time: 946686683.5350641
diff: 3.4649358987808228
waiting
going to web site
Hello world	Thread-377	7

time: 946686687.538064
diff: 0.46193599700927734
waiting
going to web site
Hello world	Thread-388	7

time: 946686688.526064
diff: 0.47393596172332764
waiting
going to web site
Hello world	Thread-402	9

time: 946686689.5330639
diff: 0.4669361114501953
waiting
going to web site
Hello world	Thread-415	7

time: 946686690.544304
diff: 0.4556959867477417
waiting
going to web site
Hello world	Thread-429	7

time: 946686691.526064
diff: 1.4739359617233276
waiting
going to web site
Hello world	Thread-452	11

time: 946686693.5290639
diff: 1.4709360599517822
waiting
going to web site
Hello world	Thread-68	3

time: 946686695.54388
diff: 16.456120014190674
waiting
going to web site
Hello world	Thread-94	3

time: 946686712.526065
diff: 9.473935008049011
waiting
going to web site
Hello world	Thread-113	4

time: 946686722.5300651
diff: 23.469934940338135
waiting
going to web site
Hello world	Thread-161	6

time: 946686746.549135
diff: 17.450865030288696
waiting
going to web site
Hello world	Thread-196	4

time: 946686764.5270649
diff: 8.47293508052826
waiting
going to web site
Hello world	Thread-229	6

time: 946686773.543065
diff: 20.456935048103333
waiting
going to web site
Hello world	Thread-282	4

time: 946686794.536065
diff: 25.463935017585754
waiting
going to web site
Hello world	Thread-361	2

time: 946686820.5350649
diff: 11.464935064315796
waiting
going to web site
Hello world	Thread-401	4

time: 946686832.544065
diff: 34.45593500137329
waiting
going to web site
Hello world	Thread-515	6

time: 946686867.5350649
diff: 24.464935064315796
waiting
going to web site
Hello world	Thread-607	6

time: 946686892.540065
diff: 30.459934949874878
waiting
going to web site
Hello world	Thread-729	5

time: 946686923.542145
diff: 25.457854986190796
waiting
going to web site
Hello world	Thread-843	7

time: 946686949.5350641
diff: 9.464935898780823
waiting
going to web site
Hello world	Thread-893	7

time: 946686959.5350641
diff: 18.464935898780823
waiting
going to web site
Hello world	Thread-980	3

time: 946686978.526064
diff: 21.473935961723328
waiting
going to web site
Hello world	Thread-1080	7

time: 946687000.532064
diff: 33.46793603897095
waiting
going to web site
Hello world	Thread-1237	6

time: 946687034.542065
diff: 34.457934975624084
waiting
going to web site
Hello world	Thread-1396	7

time: 946687069.526064
diff: 14.473935961723328
waiting
going to web site
Hello world	Thread-1465	5

time: 946687084.532064
diff: 12.467936038970947
waiting
going to web site
Hello world	Thread-1520	6

time: 946687097.5350649
diff: 28.464935064315796
waiting
going to web site
Hello world	Thread-1648	5

time: 946687126.526065
diff: 28.47393500804901
waiting
going to web site
Hello world	Thread-1762	7

time: 946687155.5300651
diff: 27.469934940338135
waiting
going to web site
Hello world	Thread-1880	3

time: 946687183.526064
diff: 20.473935961723328
waiting
going to web site
Hello world	Thread-1968	7

time: 946687204.526064
diff: 28.473935961723328
waiting
going to web site
Hello world	Thread-2096	2

time: 946687233.526064
diff: 3.4739359617233276
waiting
going to web site
Hello world	Thread-2109	3

time: 946687237.5350641
diff: 19.464935898780823
waiting
going to web site
Hello world	Thread-2202	3

time: 946687257.832832
diff: 28.167168021202087
waiting
going to web site
Hello world	Thread-2339	4

time: 946687286.848987
diff: 12.151013016700745
waiting
going to web site
Hello world	Thread-2391	2

time: 946687299.841833
diff: 19.158167004585266
waiting
going to web site
Hello world	Thread-2480	2

time: 946687319.832833
diff: 34.16716694831848
waiting
going to web site
Hello world	Thread-2627	5

time: 946687354.8398321
diff: 17.160167932510376
waiting
going to web site
Hello world	Thread-2713	2

time: 946687372.833833
diff: 27.16616702079773
waiting
going to web site
Hello world	Thread-2832	3

time: 946687400.841833
diff: 19.158167004585266
waiting
going to web site
Hello world	Thread-2924	2

time: 946687420.841833
diff: 30.158167004585266
waiting
going to web site
Hello world	Thread-3054	4

time: 946687451.841833
diff: 25.158167004585266
waiting
going to web site
Hello world	Thread-3168	2

time: 946687477.841833
diff: 13.158167004585266
waiting
going to web site
Hello world	Thread-3234	2

time: 946687491.832833
diff: 29.16716694831848
waiting
going to web site
Hello world	Thread-3359	2

time: 946687521.836832
diff: 17.16316795349121
waiting
going to web site
Hello world	Thread-3440	3

time: 946687539.832832
diff: 34.16716802120209
waiting
going to web site
Hello world	Thread-3596	3

time: 946687574.8588331
diff: 13.141166925430298
waiting
going to web site
Hello world	Thread-3650	5

time: 946687588.832832
diff: 33.16716802120209
waiting
going to web site
Hello world	Thread-3811	3

time: 946687622.845833
diff: 8.15416705608368
waiting
going to web site
Hello world	Thread-3839	2

time: 946687631.841867
diff: 25.158133029937744
waiting
going to web site
Hello world	Thread-3950	3

time: 946687657.8466649
diff: 10.153335094451904
waiting
going to web site
Hello world	Thread-3996	2

time: 946687668.841833
diff: 17.158167004585266
waiting
going to web site
Hello world	Thread-4082	2

time: 946687686.845833
diff: 31.15416705608368
waiting
going to web site
Hello world	Thread-4223	2

time: 946687718.8588331
diff: 8.141166925430298
waiting
going to web site
Hello world	Thread-4264	2

time: 946687727.832832
diff: 27.167168021202087
waiting
going to web site
Hello world	Thread-4386	2

time: 946687755.841833
diff: 18.158167004585266
waiting
going to web site
Hello world	Thread-4473	2

time: 946687774.841833
diff: 27.158167004585266
waiting
going to web site
Hello world	Thread-4594	5

time: 946687802.832833
diff: 17.16716694831848
waiting
going to web site
Hello world	Thread-4672	6

time: 946687820.832832
diff: 21.167168021202087
waiting
going to web site
Hello world	Thread-4775	2

time: 946687842.841833
diff: 38.158167004585266
waiting
going to web site
Hello world	Thread-4953	4

time: 946687881.841833
diff: 20.158167004585266
waiting
going to web site
Hello world	Thread-5049	3

time: 946687902.832833
diff: 15.167166948318481
waiting
going to web site
Hello world	Thread-5120	4

time: 946687918.832832
diff: 19.167168021202087
waiting
going to web site
Hello world	Thread-5250	3

time: 946687945.841833
diff: 7.158167004585266
waiting
going to web site
Hello world	Thread-5294	3

time: 946687953.841833
diff: 16.158167004585266
waiting
going to web site
Hello world	Thread-5370	4

time: 946687970.84548
diff: 31.15452003479004
waiting
going to web site
Hello world	Thread-5519	2

time: 946688003.841833
diff: 16.158167004585266
waiting
going to web site
Hello world	Thread-5599	2

time: 946688020.841833
diff: 32.158167004585266
waiting
going to web site
Hello world	Thread-5754	4

time: 946688054.841833
diff: 19.158167004585266
waiting
going to web site
Hello world	Thread-5845	3

time: 946688075.844833
diff: 7.155166983604431
waiting
going to web site
Hello world	Thread-5884	3

time: 946688083.832832
diff: 29.167168021202087
waiting
going to web site
Hello world	Thread-6014	2

time: 946688113.832833
diff: 34.16716694831848
waiting
going to web site
Hello world	Thread-6166	6

time: 946688149.832832
diff: 25.167168021202087
waiting
going to web site
Hello world	Thread-6272	3

time: 946688175.841833
diff: 15.158167004585266
waiting
going to web site
Hello world	Thread-6341	3

time: 946688191.841833
diff: 26.158167004585266
waiting
going to web site
Hello world	Thread-6463	6

time: 946688218.832833
diff: 30.16716694831848
waiting
going to web site
Hello world	Thread-6602	2

time: 946688249.832832
diff: 6.167168021202087
waiting
going to web site
Hello world	Thread-6631	2

time: 946688256.845833
diff: 26.15416705608368
waiting
going to web site
Hello world	Thread-6750	4

time: 946688283.841833
diff: 20.158167004585266
waiting
going to web site
Hello world	Thread-6841	3

time: 946688304.841833
diff: 25.158167004585266
waiting
going to web site
Hello world	Thread-6959	3

time: 946688330.841833
diff: 0.1581670045852661
waiting
going to web site
Hello world	Thread-6963	4

time: 946688331.832833
diff: 31.16716694831848
waiting
going to web site
Hello world	Thread-7099	3

time: 946688363.836832
diff: 30.16316795349121
waiting
going to web site
Hello world	Thread-7247	3

time: 946688395.832832
diff: 3.1671680212020874
waiting
going to web site
Hello world	Thread-7264	2

time: 946688399.841833
diff: 16.158167004585266
waiting
going to web site
Hello world	Thread-7341	2

time: 946688416.841833
diff: 27.158167004585266
waiting
going to web site
Hello world	Thread-7465	3

time: 946688444.841833
diff: 34.158167004585266
waiting
going to web site
Hello world	Thread-7623	5

time: 946688479.832833
diff: 25.16716694831848
waiting
going to web site
Hello world	Thread-7731	5

time: 946688505.5300651
diff: 22.469934940338135
waiting
going to web site
Hello world	Thread-7829	3

time: 946688528.526064
diff: 21.473935961723328
waiting
going to web site
Hello world	Thread-7925	4

time: 946688550.5350641
diff: 30.464935898780823
waiting
going to web site
Hello world	Thread-8063	4

time: 946688581.5350641
diff: 23.464935898780823
waiting
going to web site
Hello world	Thread-8169	7

time: 946688605.5350641
diff: 31.464935898780823
waiting
going to web site
Hello world	Thread-8309	7

time: 946688637.5350641
diff: 15.464935898780823
waiting
going to web site
Hello world	Thread-8374	7

time: 946688653.5350641
diff: 30.464935898780823
waiting
going to web site
Hello world	Thread-8504	5

time: 946688684.5345191
diff: 17.46548092365265
waiting
going to web site
Hello world	Thread-8576	5

time: 946688702.5350641
diff: 25.464935898780823
waiting
going to web site
Hello world	Thread-8685	5

time: 946688728.5350641
diff: 23.464935898780823
waiting
going to web site
Hello world	Thread-8779	6

time: 946688752.5350641
diff: 31.464935898780823
waiting
going to web site
Hello world	Thread-8905	3

time: 946688784.526064
diff: 23.473935961723328
waiting
going to web site
Hello world	Thread-8999	6

time: 946688808.5350641
diff: 18.464935898780823
waiting
going to web site
Hello world	Thread-9070	6

time: 946688827.526064
diff: 9.473935961723328
waiting
going to web site
Hello world	Thread-9124	5

time: 946688837.5350641
diff: 24.464935898780823
waiting
going to web site
Hello world	Thread-9229	4

time: 946688862.5345191
diff: 29.46548092365265
waiting
going to web site
Hello world	Thread-9359	6

time: 946688892.5350641
diff: 19.464935898780823
waiting
going to web site
Hello world	Thread-9438	6

time: 946688912.535209
diff: 14.464791059494019
waiting
going to web site
Hello world	Thread-9504	5

time: 946688927.5350649
diff: 35.464935064315796
waiting
going to web site
Hello world	Thread-9664	4

time: 946688963.526065
diff: 7.473935008049011
waiting
going to web site
Hello world	Thread-9706	7

time: 946688971.5350649
diff: 19.464935064315796
waiting
going to web site
Hello world	Thread-9796	6

time: 946688991.5300651
diff: 6.469934940338135
waiting
going to web site
Hello world	Thread-9828	3

time: 946688998.526064
diff: 24.473935961723328
waiting
going to web site
Hello world	Thread-9942	6

time: 946689023.534624
diff: 17.465376019477844
waiting
going to web site
Hello world	Thread-10026	4

time: 946689041.526065
diff: 36.47393500804901
waiting
going to web site
Hello world	Thread-10200	6

time: 946689078.5350649
diff: 23.464935064315796
waiting
going to web site
Hello world	Thread-10305	4

time: 946689102.544065
diff: 7.455935001373291
waiting
going to web site
Hello world	Thread-10346	3

time: 946689110.841833
diff: 25.158167004585266
waiting
going to web site
Hello world	Thread-10470	3

time: 946689136.832833
diff: 22.16716694831848
waiting
going to web site
Hello world	Thread-10574	2

time: 946689159.832832
diff: 28.167168021202087
waiting
going to web site
Hello world	Thread-10752	2

time: 946689195.841833
diff: 4.158167004585266
waiting
going to web site
Hello world	Thread-10787	2

time: 946689201.841833
diff: 24.158167004585266
waiting
going to web site
Hello world	Thread-10902	3

time: 946689226.832833
diff: 5.1671669483184814
waiting
going to web site
Hello world	Thread-10927	2

time: 946689232.8418319
diff: 21.158168077468872
waiting
going to web site
Hello world	Thread-11038	2

time: 946689254.841833
diff: 39.158167004585266
waiting
going to web site
Hello world	Thread-11227	2

time: 946689294.851833
diff: 6.148167014122009
waiting
going to web site
Hello world	Thread-11260	3

time: 946689301.832833
diff: 26.16716694831848
waiting
going to web site
Hello world	Thread-11382	2

time: 946689328.832832
diff: 15.167168021202087
waiting
going to web site
Hello world	Thread-11460	3

time: 946689344.841833
diff: 27.158167004585266
waiting
going to web site
Hello world	Thread-11599	3

time: 946689373.845833
diff: 12.15416705608368
waiting
going to web site
Hello world	Thread-11656	4

time: 946689386.832833
diff: 30.16716694831848
waiting
going to web site
Hello world	Thread-11794	5

time: 946689417.832832
diff: 17.167168021202087
waiting
going to web site
Hello world	Thread-11885	4

time: 946689435.841833
diff: 35.158167004585266
waiting
going to web site
Hello world	Thread-12040	5

time: 946689471.832833
diff: 12.167166948318481
waiting
going to web site
Hello world	Thread-12106	3

time: 946689484.832832
diff: 28.167168021202087
waiting
going to web site
Hello world	Thread-12232	3

time: 946689513.832833
diff: 34.16716694831848
waiting
going to web site
Hello world	Thread-12395	3

time: 946689548.832832
diff: 1.1671680212020874
waiting
going to web site
Hello world	Thread-12405	2

time: 946689550.8522489
diff: 27.147751092910767
waiting
going to web site
Hello world	Thread-12527	3

time: 946689578.841833
diff: 8.158167004585266
waiting
going to web site
Hello world	Thread-12575	4

time: 946689587.832833
diff: 36.16716694831848
waiting
going to web site
Hello world	Thread-12733	4

time: 946689624.836832
diff: 17.16316795349121
waiting
going to web site
Hello world	Thread-12819	3

time: 946689642.832832
diff: 10.167168021202087
waiting
going to web site
Hello world	Thread-12872	2

time: 946689653.841833
diff: 27.158167004585266
waiting
going to web site
Hello world	Thread-13009	2

time: 946689681.841833
diff: 6.158167004585266
waiting
going to web site
Hello world	Thread-13044	2

time: 946689688.841833
diff: 31.158167004585266
waiting
going to web site
Hello world	Thread-13187	3

time: 946689720.832833
diff: 27.16716694831848
waiting
going to web site
Hello world	Thread-13309	6

time: 946689748.832832
diff: 20.167168021202087
waiting
going to web site
Hello world	Thread-13407	3

time: 946689769.841833
diff: 12.158167004585266
waiting
going to web site
Hello world	Thread-13458	2

time: 946689782.841833
diff: 26.158167004585266
waiting
going to web site
Hello world	Thread-13585	3

time: 946689809.841833
diff: 28.158167004585266
waiting
going to web site
Hello world	Thread-13721	4

time: 946689838.841833
diff: 19.158167004585266
waiting
going to web site
Hello world	Thread-13819	3

time: 946689858.841833
diff: 24.158167004585266
waiting
going to web site
Hello world	Thread-13935	2

time: 946689883.841833
diff: 21.158167004585266
waiting
going to web site
Hello world	Thread-14035	3

time: 946689905.841833
diff: 27.158167004585266
waiting
going to web site
Hello world	Thread-14152	3

time: 946689933.841833
diff: 35.158167004585266
waiting
going to web site
Hello world	Thread-14307	3

time: 946689969.848833
diff: 16.151167035102844
waiting
going to web site
Hello world	Thread-14399	3

time: 946689989.841833
diff: 10.158167004585266
waiting
going to web site
Hello world	Thread-14444	2

time: 946690000.832833
diff: 28.16716694831848
waiting
going to web site
Hello world	Thread-14570	5

time: 946690029.832832
diff: 11.167168021202087
waiting
going to web site
Hello world	Thread-14622	3

time: 946690041.841833
diff: 17.158167004585266
waiting
going to web site
Hello world	Thread-14698	3

time: 946690059.841833
diff: 31.158167004585266
waiting
going to web site
Hello world	Thread-14832	2

time: 946690091.86048
diff: 22.139520049095154
waiting
going to web site
Hello world	Thread-14932	2

time: 946690114.841833
diff: 26.158167004585266
waiting
going to web site
Hello world	Thread-15045	4

time: 946690141.842069
diff: 23.157930970191956
waiting
going to web site
Hello world	Thread-15149	3

time: 946690165.842832
diff: 29.15716803073883
waiting
going to web site
Hello world	Thread-15275	2

time: 946690196.841833
diff: 7.158167004585266
waiting
going to web site
Hello world	Thread-15315	2

time: 946690204.841833
diff: 30.158167004585266
waiting
going to web site
Hello world	Thread-15451	2

time: 946690235.841833
diff: 19.158167004585266
waiting
going to web site
Hello world	Thread-15532	5

time: 946690255.832833
diff: 14.167166948318481
waiting
going to web site
Hello world	Thread-15608	2

time: 946690270.832832
diff: 36.16716802120209
waiting
going to web site
Hello world	Thread-15762	2

time: 946690307.841833
diff: 12.158167004585266
waiting
going to web site
Hello world	Thread-15823	2

time: 946690320.841833
diff: 25.158167004585266
waiting
going to web site
Hello world	Thread-15925	2

time: 946690346.841833
diff: 31.158167004585266
waiting
going to web site
Hello world	Thread-16069	3

time: 946690378.841833
diff: 26.158167004585266
waiting
going to web site
Hello world	Thread-16189	5

time: 946690405.8588331
diff: 12.141166925430298
waiting
going to web site
Hello world	Thread-16240	3

time: 946690418.851481
diff: 25.148519039154053
waiting
going to web site
Hello world	Thread-16356	4

time: 946690444.841833
diff: 11.158167004585266
waiting
going to web site
Hello world	Thread-16406	2

time: 946690456.836833
diff: 24.163166999816895
waiting
going to web site
Hello world	Thread-16512	6

time: 946690481.832832
diff: 30.167168021202087
waiting
going to web site
Hello world	Thread-16652	2

time: 946690512.841897
diff: 7.158102989196777
waiting
going to web site
Hello world	Thread-16685	3

time: 946690520.832832
diff: 34.16716802120209
waiting
going to web site
Hello world	Thread-16833	3

time: 946690555.841833
diff: 25.158167004585266
waiting
going to web site
Hello world	Thread-16955	3

time: 946690581.841833
diff: 12.158167004585266
waiting
going to web site
Hello world	Thread-17008	2

time: 946690594.842749
diff: 37.15725100040436
waiting
going to web site
Hello world	Thread-17167	6

time: 946690632.832833
diff: 19.16716694831848
waiting
going to web site
Hello world	Thread-17251	5

time: 946690652.832832
diff: 21.167168021202087
waiting
going to web site
Hello world	Thread-17342	3

time: 946690674.832833
diff: 14.167166948318481
waiting
going to web site
Hello world	Thread-17411	3

time: 946690689.832832
diff: 30.167168021202087
waiting
going to web site
Hello world	Thread-17550	3

time: 946690720.841833
diff: 12.158167004585266
waiting
going to web site
Hello world	Thread-17608	2

time: 946690733.841833
diff: 38.158167004585266
waiting
going to web site
Hello world	Thread-17780	5

time: 946690772.841833
diff: 25.158167004585266
waiting
going to web site
Hello world	Thread-17889	2

time: 946690798.832833
diff: 9.167166948318481
waiting
going to web site
Hello world	Thread-17932	3

time: 946690808.832832
diff: 33.16716802120209
waiting
going to web site
Hello world	Thread-18075	2

time: 946690842.832833
diff: 19.16716694831848
waiting
going to web site
Hello world	Thread-18153	4

time: 946690862.832832
diff: 21.167168021202087
waiting
going to web site
Hello world	Thread-18250	4

time: 946690885.841833
diff: 13.158167004585266
waiting
going to web site
Hello world	Thread-18313	2

time: 946690899.841833
diff: 26.158167004585266
waiting
going to web site
Hello world	Thread-18441	4

time: 946690929.8463601
diff: 22.153639912605286
waiting
going to web site
Hello world	Thread-18539	4

time: 946690952.832832
diff: 19.167168021202087
waiting
going to web site
Hello world	Thread-18625	3

time: 946690972.8378329
diff: 29.162167072296143
waiting
going to web site
Hello world	Thread-18763	2

time: 946691003.851349
diff: 15.148651003837585
waiting
going to web site
Hello world	Thread-18832	3

time: 946691019.832833
diff: 19.16716694831848
waiting
going to web site
Hello world	Thread-18916	4

time: 946691039.8338319
diff: 32.166168093681335
waiting
going to web site
Hello world	Thread-19065	5

time: 946691073.841833
diff: 3.158167004585266
waiting
going to web site
Hello world	Thread-19089	3

time: 946691078.841833
diff: 21.158167004585266
waiting
going to web site
Hello world	Thread-19189	2

time: 946691100.845833
diff: 9.15416705608368
waiting
going to web site
Hello world	Thread-19230	2

time: 946691110.841833
diff: 44.158167004585266
waiting
going to web site
Hello world	Thread-19443	2

time: 946691156.841833
diff: 14.158167004585266
waiting
going to web site
Hello world	Thread-19507	4

time: 946691171.841833
diff: 23.158167004585266
waiting
going to web site
Hello world	Thread-19615	5

time: 946691195.841833
diff: 23.158167004585266
waiting
going to web site
Hello world	Thread-19731	3

time: 946691220.846833
diff: 17.153167009353638
waiting
going to web site
Hello world	Thread-19817	2

time: 946691238.832833
diff: 5.1671669483184814
waiting
going to web site
Hello world	Thread-19832	4

time: 946691244.832832
diff: 18.167168021202087
waiting
going to web site
Hello world	Thread-19931	2

time: 946691263.841833
diff: 23.158167004585266
waiting
going to web site
Hello world	Thread-20039	3

time: 946691287.851833
diff: 17.14816701412201
waiting
going to web site
Hello world	Thread-20116	4

time: 946691305.832833
diff: 28.16716694831848
waiting
going to web site
Hello world	Thread-20263	3

time: 946691334.832832
diff: 18.167168021202087
waiting
going to web site
Hello world	Thread-20349	2

time: 946691353.841833
diff: 34.158167004585266
waiting
going to web site
Hello world	Thread-20530	5

time: 946691388.832833
diff: 18.16716694831848
waiting
going to web site
Hello world	Thread-20621	2

time: 946691407.832832
diff: 5.167168021202087
waiting
going to web site
Hello world	Thread-20666	2

time: 946691416.842833
diff: 24.157166957855225
waiting
going to web site
Hello world	Thread-20778	5

time: 946691441.832832
diff: 23.167168021202087
waiting
going to web site
Hello world	Thread-20897	2

time: 946691465.841833
diff: 20.158167004585266
waiting
going to web site
Hello world	Thread-20997	4

time: 946691486.841833
diff: 19.158167004585266
waiting
going to web site
Hello world	Thread-21087	3

time: 946691506.841833
diff: 21.158167004585266
waiting
going to web site
Hello world	Thread-21190	5

time: 946691528.544065
diff: 32.45593500137329
waiting
going to web site
Hello world	Thread-21335	6

time: 946691561.544357
diff: 22.45564305782318
waiting
going to web site
Hello world	Thread-21440	6

time: 946691584.5350649
diff: 29.464935064315796
waiting
going to web site
Hello world	Thread-21580	6

time: 946691614.5350649
diff: 22.464935064315796
waiting
going to web site
Hello world	Thread-21684	4

time: 946691637.544065
diff: 15.455935001373291
waiting
going to web site
Hello world	Thread-21750	7

time: 946691653.5300651
diff: 18.469934940338135
waiting
going to web site
Hello world	Thread-21828	5

time: 946691672.526064
diff: 14.473935961723328
waiting
going to web site
Hello world	Thread-21896	6

time: 946691687.526064
diff: 40.47393596172333
waiting
going to web site
Hello world	Thread-22087	7

time: 946691728.535833
diff: 14.46416699886322
waiting
going to web site
Hello world	Thread-22143	6

time: 946691743.5350641
diff: 11.464935898780823
waiting
going to web site
Hello world	Thread-22199	5

time: 946691755.5350641
diff: 35.46493589878082
waiting
going to web site
Hello world	Thread-22354	6

time: 946691791.5350641
diff: 12.464935898780823
waiting
going to web site
Hello world	Thread-22410	6

time: 946691804.5350641
diff: 30.464935898780823
waiting
going to web site
Hello world	Thread-22545	5

time: 946691835.530064
diff: 23.46993601322174
waiting
going to web site
Hello world	Thread-22651	6

time: 946691859.544065
diff: 7.455935001373291
waiting
going to web site
Hello world	Thread-22685	3

time: 946691867.526065
diff: 31.47393500804901
waiting
going to web site
Hello world	Thread-22833	3

time: 946691899.526065
diff: 13.473935008049011
waiting
going to web site
Hello world	Thread-22892	6

time: 946691913.5350649
diff: 29.464935064315796
waiting
going to web site
Hello world	Thread-23028	5

time: 946691943.544065
diff: 8.455935001373291
waiting
going to web site
Hello world	Thread-23074	5

time: 946691952.5350649
diff: 25.464935064315796
waiting
going to web site
Hello world	Thread-23194	2

time: 946691978.5350649
diff: 19.464935064315796
waiting
going to web site
Hello world	Thread-23286	6

time: 946691998.5350649
diff: 11.464935064315796
waiting
going to web site
Hello world	Thread-23342	7

time: 946692010.544065
diff: 25.45593500137329
waiting
going to web site
Hello world	Thread-23466	5

time: 946692036.5350649
diff: 19.464935064315796
waiting
going to web site
Hello world	Thread-23571	6

time: 946692056.539065
diff: 8.46093499660492
waiting
going to web site
Hello world	Thread-23611	3

time: 946692065.526064
diff: 20.473935961723328
waiting
going to web site
Hello world	Thread-23710	5

time: 946692086.526064
diff: 36.47393596172333
waiting
going to web site
Hello world	Thread-23887	6

time: 946692123.5350641
diff: 25.464935898780823
waiting
going to web site
Hello world	Thread-24012	3

time: 946692149.832832
diff: 11.167168021202087
waiting
going to web site
Hello world	Thread-24063	2

time: 946692161.841833
diff: 35.158167004585266
waiting
going to web site
Hello world	Thread-24224	3

time: 946692197.832833
diff: 22.16716694831848
waiting
going to web site
Hello world	Thread-24336	5

time: 946692220.832832
diff: 20.167168021202087
waiting
going to web site
Hello world	Thread-24424	3

time: 946692241.832833
diff: 17.16716694831848
waiting
going to web site
Hello world	Thread-24510	5

time: 946692259.832832
diff: 31.167168021202087
waiting
going to web site
Hello world	Thread-24650	4

time: 946692291.832833
diff: 24.16716694831848
waiting
going to web site
Hello world	Thread-24763	7

time: 946692316.832832
diff: 20.167168021202087
waiting
going to web site
Hello world	Thread-24859	3

time: 946692337.841833
diff: 30.158167004585266
waiting
going to web site
Hello world	Thread-24992	3

time: 946692369.841833
diff: 10.158167004585266
waiting
going to web site
Hello world	Thread-25046	3

time: 946692380.841833
diff: 23.158167004585266
waiting
going to web site
Hello world	Thread-25142	3

time: 946692404.859768
diff: 23.14023196697235
waiting
going to web site
Hello world	Thread-25242	3

time: 946692428.841833
diff: 17.158167004585266
waiting
going to web site
Hello world	Thread-25317	3

time: 946692446.841833
diff: 22.158167004585266
waiting
going to web site
Hello world	Thread-25414	3

time: 946692469.845833
diff: 23.15416705608368
waiting
going to web site
Hello world	Thread-25521	2

time: 946692494.860833
diff: 29.139166951179504
waiting
going to web site
Hello world	Thread-25641	3

time: 946692524.832832
diff: 30.167168021202087
waiting
going to web site
Hello world	Thread-25775	4

time: 946692555.859833
diff: 17.140166997909546
waiting
going to web site
Hello world	Thread-25852	4

time: 946692573.832832
diff: 32.16716802120209
waiting
going to web site
Hello world	Thread-25991	4

time: 946692606.832833
diff: 12.167166948318481
waiting
going to web site
Hello world	Thread-26048	4

time: 946692619.832832
diff: 22.167168021202087
waiting
going to web site
Hello world	Thread-26137	2

