time: 946686600.0
diff: 68.0
waiting
going to web site
Hello world	Thread-36	2

time: 946686668.843832
diff: 17.15616798400879
waiting
going to web site
Hello world	Thread-54	2

time: 946686686.838416
diff: 8.16158401966095
waiting
going to web site
Hello world	Thread-477	4

time: 946686695.850833
diff: -0.8508330583572388
going to web site
Hello world	Thread-483	4

time: 946686696.697665
diff: -1.6976649761199951
going to web site
Hello world	Thread-492	6

time: 946686697.541497
diff: -2.541496992111206
going to web site
Hello world	Thread-499	4

time: 946686698.374329
diff: -0.37432897090911865
going to web site
Hello world	Thread-505	3

time: 946686699.218161
diff: -1.2181609869003296
going to web site
Hello world	Thread-514	4

time: 946686700.0765411
diff: -2.0765410661697388
going to web site
Hello world	Thread-521	2

time: 946686700.909373
diff: 4.090626955032349
waiting
going to web site
Hello world	Thread-555	3

time: 946686705.832832
diff: 0.1671680212020874
waiting
going to web site
Hello world	Thread-576	6

time: 946686707.8558329
diff: 0.14416706562042236
waiting
going to web site
Hello world	Thread-590	4

time: 946686708.849833
diff: 0.15016698837280273
waiting
going to web site
Hello world	Thread-603	7

time: 946686709.8338319
diff: 1.1661680936813354
waiting
going to web site
Hello world	Thread-92	2

time: 946686711.864833
diff: 0.13516700267791748
waiting
going to web site
Hello world	Thread-636	6

time: 946686712.832833
diff: 1.1671669483184814
waiting
going to web site
Hello world	Thread-654	3

time: 946686714.832832
diff: -0.8328319787979126
going to web site
Hello world	Thread-662	5

time: 946686715.6826639
diff: -0.6826639175415039
going to web site
Hello world	Thread-670	6

time: 946686716.55131
diff: 0.4486900568008423
waiting
going to web site
Hello world	Thread-682	4

time: 946686717.8810959
diff: 3.1189041137695312
waiting
going to web site
Hello world	Thread-708	2

time: 946686721.835833
diff: -0.835832953453064
going to web site
Hello world	Thread-713	4

time: 946686722.6686649
diff: -1.6686649322509766
going to web site
Hello world	Thread-719	4

time: 946686723.5014969
diff: -1.5014969110488892
going to web site
Hello world	Thread-724	3

time: 946686724.334329
diff: -2.3343290090560913
going to web site
Hello world	Thread-732	3

time: 946686725.1712241
diff: -2.1712241172790527
going to web site
Hello world	Thread-739	2

time: 946686726.0040561
diff: -3.0040560960769653
going to web site
Hello world	Thread-746	2

time: 946686726.846888
diff: -2.846887946128845
going to web site
Hello world	Thread-752	4

time: 946686727.693059
diff: 2.306941032409668
waiting
going to web site
Hello world	Thread-133	2

time: 946686730.843833
diff: 23.156167030334473
waiting
going to web site
Hello world	Thread-183	2

time: 946686754.842833
diff: 4.157166957855225
waiting
going to web site
Hello world	Thread-187	2

time: 946686759.836832
diff: 28.16316795349121
waiting
going to web site
Hello world	Thread-269	3

time: 946686788.842832
diff: 16.15716803073883
waiting
going to web site
Hello world	Thread-319	3

time: 946686805.8479129
diff: 10.152087092399597
waiting
going to web site
Hello world	Thread-345	3

time: 946686816.8420011
diff: 19.157998919487
waiting
going to web site
Hello world	Thread-416	3

time: 946686836.836832
diff: 18.16316795349121
waiting
going to web site
Hello world	Thread-480	5

time: 946686855.832832
diff: 29.167168021202087
waiting
going to web site
Hello world	Thread-581	3

time: 946686885.84848
diff: 18.151520013809204
waiting
going to web site
Hello world	Thread-658	3

time: 946686904.858481
diff: 30.14151895046234
waiting
going to web site
Hello world	Thread-781	4

time: 946686935.850833
diff: 32.14916694164276
waiting
going to web site
Hello world	Thread-930	3

time: 946686968.836832
diff: 17.16316795349121
waiting
going to web site
Hello world	Thread-1013	3

time: 946686986.8358321
diff: 17.164167881011963
waiting
going to web site
Hello world	Thread-1102	3

time: 946687004.832832
diff: 16.167168021202087
waiting
going to web site
Hello world	Thread-1180	3

time: 946687021.859131
diff: 24.14086902141571
waiting
going to web site
Hello world	Thread-1297	2

time: 946687046.8588331
diff: 35.1411669254303
waiting
going to web site
Hello world	Thread-1451	7

time: 946687082.832832
diff: 13.167168021202087
waiting
going to web site
Hello world	Thread-1518	2

time: 946687096.832833
diff: 21.16716694831848
waiting
going to web site
Hello world	Thread-1612	5

time: 946687118.841833
diff: 24.158167004585266
waiting
going to web site
Hello world	Thread-1721	2

time: 946687143.832833
diff: 37.16716694831848
waiting
going to web site
Hello world	Thread-1877	3

time: 946687182.832832
diff: 13.167168021202087
waiting
going to web site
Hello world	Thread-1938	3

time: 946687196.841833
diff: 22.158167004585266
waiting
going to web site
Hello world	Thread-2039	3

time: 946687219.841833
diff: 29.158167004585266
waiting
going to web site
Hello world	Thread-2166	3

time: 946687250.845833
diff: 12.15416705608368
waiting
going to web site
Hello world	Thread-2228	2

time: 946687263.845833
diff: 12.15416705608368
waiting
going to web site
Hello world	Thread-2291	3

time: 946687276.867417
diff: 26.132583022117615
waiting
going to web site
Hello world	Thread-2411	5

time: 946687304.848833
diff: 10.151167035102844
waiting
going to web site
Hello world	Thread-2461	5

time: 946687315.84848
diff: 29.151520013809204
waiting
going to web site
Hello world	Thread-2587	4

time: 946687345.841833
diff: 25.158167004585266
waiting
going to web site
Hello world	Thread-2707	6

time: 946687371.841833
diff: 21.158167004585266
waiting
going to web site
Hello world	Thread-2807	5

time: 946687393.84848
diff: 20.151520013809204
waiting
going to web site
Hello world	Thread-2898	4

time: 946687414.849833
diff: 37.1501669883728
waiting
going to web site
Hello world	Thread-3059	2

time: 946687452.832832
diff: 3.1671680212020874
waiting
going to web site
Hello world	Thread-3080	2

time: 946687456.845833
diff: 30.15416705608368
waiting
going to web site
Hello world	Thread-3212	4

time: 946687487.832833
diff: 22.16716694831848
waiting
going to web site
Hello world	Thread-3306	3

time: 946687510.832832
diff: 23.167168021202087
waiting
going to web site
Hello world	Thread-3419	4

time: 946687534.841833
diff: 31.158167004585266
waiting
going to web site
Hello world	Thread-3552	4

time: 946687566.841833
diff: 28.158167004585266
waiting
going to web site
Hello world	Thread-3678	2

time: 946687595.841833
diff: 18.158167004585266
waiting
going to web site
Hello world	Thread-3769	4

time: 946687614.841833
diff: 11.158167004585266
waiting
going to web site
Hello world	Thread-3821	2

time: 946687626.842833
diff: 18.157166957855225
waiting
going to web site
Hello world	Thread-3893	4

time: 946687645.832832
diff: 30.167168021202087
waiting
going to web site
Hello world	Thread-4048	2

time: 946687679.860833
diff: 13.139166951179504
waiting
going to web site
Hello world	Thread-4115	4

time: 946687693.836832
diff: 20.16316795349121
waiting
going to web site
Hello world	Thread-4202	4

time: 946687714.8358321
diff: 20.164167881011963
waiting
going to web site
Hello world	Thread-4295	5

time: 946687735.832832
diff: 21.167168021202087
waiting
going to web site
Hello world	Thread-4394	2

time: 946687757.859481
diff: 8.14051902294159
waiting
going to web site
Hello world	Thread-4430	2

time: 946687766.832833
diff: 31.16716694831848
waiting
going to web site
Hello world	Thread-4580	4

time: 946687798.832832
diff: 21.167168021202087
waiting
going to web site
Hello world	Thread-4674	5

time: 946687820.841833
diff: 16.158167004585266
waiting
going to web site
Hello world	Thread-4753	3

time: 946687837.841833
diff: 30.158167004585266
waiting
going to web site
Hello world	Thread-4899	3

time: 946687869.842833
diff: 24.157166957855225
waiting
going to web site
Hello world	Thread-5008	5

time: 946687894.838832
diff: 26.161167979240417
waiting
going to web site
Hello world	Thread-5136	3

time: 946687921.832832
diff: 13.167168021202087
waiting
going to web site
Hello world	Thread-5215	5

time: 946687938.841833
diff: 13.158167004585266
waiting
going to web site
Hello world	Thread-5288	4

time: 946687952.832833
diff: 11.167166948318481
waiting
going to web site
Hello world	Thread-5336	5

time: 946687964.832832
diff: 19.167168021202087
waiting
going to web site
Hello world	Thread-5437	5

time: 946687984.832833
diff: 27.16716694831848
waiting
going to web site
Hello world	Thread-5570	3

time: 946688013.841833
diff: 19.158167004585266
waiting
going to web site
Hello world	Thread-5665	3

time: 946688034.841833
diff: 27.158167004585266
waiting
going to web site
Hello world	Thread-5784	4

time: 946688062.841833
diff: 30.158167004585266
waiting
going to web site
Hello world	Thread-5926	3

time: 946688093.832833
diff: 15.167166948318481
waiting
going to web site
Hello world	Thread-5997	2

time: 946688109.8498319
diff: 26.15016806125641
waiting
going to web site
Hello world	Thread-6110	4

time: 946688136.832833
diff: 31.16716694831848
waiting
going to web site
Hello world	Thread-6247	4

time: 946688168.832832
diff: 25.167168021202087
waiting
going to web site
Hello world	Thread-6359	3

time: 946688195.841833
diff: 20.158167004585266
waiting
going to web site
Hello world	Thread-6455	2

time: 946688216.841833
diff: 25.158167004585266
waiting
going to web site
Hello world	Thread-6567	3

time: 946688242.832833
diff: 18.16716694831848
waiting
going to web site
Hello world	Thread-6655	5

time: 946688261.832832
diff: 25.167168021202087
waiting
going to web site
Hello world	Thread-6770	5

time: 946688287.841833
diff: 23.158167004585266
waiting
going to web site
Hello world	Thread-6870	5

time: 946688311.841833
diff: 6.158167004585266
waiting
going to web site
Hello world	Thread-6909	2

time: 946688318.841833
diff: 29.158167004585266
waiting
going to web site
Hello world	Thread-7033	3

time: 946688348.832833
diff: 11.167166948318481
waiting
going to web site
Hello world	Thread-7088	4

time: 946688360.832832
diff: 12.167168021202087
waiting
going to web site
Hello world	Thread-7148	4

time: 946688373.841833
diff: 37.158167004585266
waiting
going to web site
Hello world	Thread-7316	2

time: 946688411.832833
diff: 9.167166948318481
waiting
going to web site
Hello world	Thread-7359	6

time: 946688421.836832
diff: 18.16316795349121
waiting
going to web site
Hello world	Thread-7449	4

time: 946688440.836832
diff: 23.16316795349121
waiting
going to web site
Hello world	Thread-7553	2

time: 946688464.832832
diff: 32.16716802120209
waiting
going to web site
Hello world	Thread-7697	4

time: 946688497.842833
diff: 24.157166957855225
waiting
going to web site
Hello world	Thread-7812	2

time: 946688522.832832
diff: 19.167168021202087
waiting
going to web site
Hello world	Thread-7897	3

time: 946688542.841833
diff: 34.158167004585266
waiting
going to web site
Hello world	Thread-8052	2

time: 946688577.841833
diff: 30.158167004585266
waiting
going to web site
Hello world	Thread-8183	2

time: 946688608.841833
diff: 17.158167004585266
waiting
going to web site
Hello world	Thread-8261	3

time: 946688626.841833
diff: 18.158167004585266
waiting
going to web site
Hello world	Thread-8339	3

time: 946688645.832833
diff: 27.16716694831848
waiting
going to web site
Hello world	Thread-8461	4

time: 946688673.832832
diff: 25.167168021202087
waiting
going to web site
Hello world	Thread-8567	3

time: 946688699.841833
diff: 21.158167004585266
waiting
going to web site
Hello world	Thread-8658	3

time: 946688721.845833
diff: 24.15416705608368
waiting
going to web site
Hello world	Thread-8760	2

time: 946688747.841833
diff: 26.158167004585266
waiting
going to web site
Hello world	Thread-8865	2

time: 946688774.832833
diff: 26.16716694831848
waiting
going to web site
Hello world	Thread-8971	6

time: 946688801.836832
diff: 30.16316795349121
waiting
going to web site
Hello world	Thread-9100	2

time: 946688832.832832
diff: 4.167168021202087
waiting
going to web site
Hello world	Thread-9127	2

time: 946688837.841833
diff: 22.158167004585266
waiting
going to web site
Hello world	Thread-9220	6

time: 946688860.832833
diff: 27.16716694831848
waiting
going to web site
Hello world	Thread-9339	5

time: 946688888.832832
diff: 13.167168021202087
waiting
going to web site
Hello world	Thread-9400	2

time: 946688902.858416
diff: 28.141584038734436
waiting
going to web site
Hello world	Thread-9532	2

time: 946688932.841833
diff: 20.158167004585266
waiting
going to web site
Hello world	Thread-9621	3

time: 946688953.845833
diff: 25.15416705608368
waiting
going to web site
Hello world	Thread-9741	2

time: 946688979.841833
diff: 4.158167004585266
waiting
going to web site
Hello world	Thread-9782	2

time: 946688987.845833
diff: 12.15416705608368
waiting
going to web site
Hello world	Thread-9840	2

time: 946689000.841833
diff: 27.158167004585266
waiting
going to web site
Hello world	Thread-9969	2

time: 946689028.841833
diff: 10.158167004585266
waiting
going to web site
Hello world	Thread-10020	2

time: 946689039.841833
diff: 19.158167004585266
waiting
going to web site
Hello world	Thread-10113	3

time: 946689060.841833
diff: 28.158167004585266
waiting
going to web site
Hello world	Thread-10257	2

time: 946689089.841833
diff: 27.158167004585266
waiting
going to web site
Hello world	Thread-10378	4

time: 946689117.544065
diff: 14.455935001373291
waiting
going to web site
Hello world	Thread-10450	7

time: 946689132.544065
diff: 26.45593500137329
waiting
going to web site
Hello world	Thread-10570	5

time: 946689159.536065
diff: 22.463935017585754
waiting
going to web site
Hello world	Thread-10686	5

time: 946689182.544065
diff: 20.45593500137329
waiting
going to web site
Hello world	Thread-10792	6

time: 946689203.539065
diff: 13.46093499660492
waiting
going to web site
Hello world	Thread-10856	7

time: 946689217.526064
diff: 27.473935961723328
waiting
going to web site
Hello world	Thread-10986	6

time: 946689245.5350641
diff: 11.464935898780823
waiting
going to web site
Hello world	Thread-11048	7

time: 946689257.5294169
diff: 16.470583081245422
waiting
going to web site
Hello world	Thread-11123	6

time: 946689274.540065
diff: 29.459934949874878
waiting
going to web site
Hello world	Thread-11271	7

time: 946689304.526064
diff: 26.473935961723328
waiting
going to web site
Hello world	Thread-11396	7

time: 946689331.5350641
diff: 26.464935898780823
waiting
going to web site
Hello world	Thread-11521	6

time: 946689358.5350641
diff: 18.464935898780823
waiting
going to web site
Hello world	Thread-11616	3

time: 946689377.526064
diff: 9.473935961723328
waiting
going to web site
Hello world	Thread-11660	6

time: 946689387.526064
diff: 13.473935961723328
waiting
going to web site
Hello world	Thread-11725	7

time: 946689401.530041
diff: 29.469959020614624
waiting
going to web site
Hello world	Thread-11863	5

time: 946689431.544421
diff: 23.455579042434692
waiting
going to web site
Hello world	Thread-11965	6

time: 946689455.5300651
diff: 29.469934940338135
waiting
going to web site
Hello world	Thread-12108	7

time: 946689485.5350641
diff: 23.464935898780823
waiting
going to web site
Hello world	Thread-12211	6

time: 946689509.5350641
diff: 22.464935898780823
waiting
going to web site
Hello world	Thread-12314	7

time: 946689532.5350641
diff: 30.464935898780823
waiting
going to web site
Hello world	Thread-12463	6

time: 946689563.531064
diff: 8.4689359664917
waiting
going to web site
Hello world	Thread-12499	5

time: 946689572.5350641
diff: 11.464935898780823
waiting
going to web site
Hello world	Thread-12556	6

time: 946689584.526064
diff: 19.473935961723328
waiting
going to web site
Hello world	Thread-12644	3

time: 946689604.526064
diff: 35.47393596172333
waiting
going to web site
Hello world	Thread-12810	6

time: 946689640.5350641
diff: 19.464935898780823
waiting
going to web site
Hello world	Thread-12899	7

time: 946689660.5350641
diff: 13.464935898780823
waiting
going to web site
Hello world	Thread-12969	7

time: 946689674.5350641
diff: 29.464935898780823
waiting
going to web site
Hello world	Thread-13108	5

time: 946689704.5350641
diff: 16.464935898780823
waiting
going to web site
Hello world	Thread-13190	7

time: 946689721.5350641
diff: 11.464935898780823
waiting
going to web site
Hello world	Thread-13235	7

time: 946689733.5294169
diff: 21.470583081245422
waiting
going to web site
Hello world	Thread-13344	3

time: 946689755.5350649
diff: 26.464935064315796
waiting
going to web site
Hello world	Thread-13457	6

time: 946689782.544065
diff: 29.45593500137329
waiting
going to web site
Hello world	Thread-13596	7

time: 946689812.5350649
diff: 20.464935064315796
waiting
going to web site
Hello world	Thread-13692	6

time: 946689833.5350649
diff: 18.464935064315796
waiting
going to web site
Hello world	Thread-13794	4

time: 946689852.544065
diff: 23.45593500137329
waiting
going to web site
Hello world	Thread-13898	6

time: 946689876.543065
diff: 19.456935048103333
waiting
going to web site
Hello world	Thread-13986	5

time: 946689896.544065
diff: 32.45593500137329
waiting
going to web site
Hello world	Thread-14133	5

time: 946689929.5350649
diff: 18.464935064315796
waiting
going to web site
Hello world	Thread-14219	7

time: 946689948.529065
diff: 35.470934987068176
waiting
going to web site
Hello world	Thread-14369	5

time: 946689984.5350641
diff: 21.464935898780823
waiting
going to web site
Hello world	Thread-14472	7

time: 946690006.5350641
diff: 11.464935898780823
waiting
going to web site
Hello world	Thread-14520	6

time: 946690018.5345191
diff: 22.46548092365265
waiting
going to web site
Hello world	Thread-14620	6

time: 946690041.5345191
diff: 22.46548092365265
waiting
going to web site
Hello world	Thread-14716	6

time: 946690064.5350641
diff: 27.464935898780823
waiting
going to web site
Hello world	Thread-14835	6

time: 946690092.5350641
diff: 23.464935898780823
waiting
going to web site
Hello world	Thread-14935	4

time: 946690116.5350641
diff: 25.464935898780823
waiting
going to web site
Hello world	Thread-15047	3

time: 946690142.526064
diff: 19.473935961723328
waiting
going to web site
Hello world	Thread-15133	6

time: 946690162.5350641
diff: 26.464935898780823
waiting
going to web site
Hello world	Thread-15243	6

time: 946690189.5350641
diff: 22.464935898780823
waiting
going to web site
Hello world	Thread-15346	5

time: 946690212.5350641
diff: 10.464935898780823
waiting
going to web site
Hello world	Thread-15389	7

time: 946690223.5350641
diff: 23.464935898780823
waiting
going to web site
Hello world	Thread-15498	3

time: 946690247.526064
diff: 18.473935961723328
waiting
going to web site
Hello world	Thread-15582	6

time: 946690266.534064
diff: 25.465935945510864
waiting
going to web site
Hello world	Thread-15697	5

time: 946690292.532885
diff: 29.46711504459381
waiting
going to web site
Hello world	Thread-15830	4

time: 946690322.841833
diff: 24.158167004585266
waiting
going to web site
Hello world	Thread-15932	3

time: 946690347.841833
diff: 23.158167004585266
waiting
going to web site
Hello world	Thread-16041	3

time: 946690372.863833
diff: 26.13616704940796
waiting
going to web site
Hello world	Thread-16154	4

time: 946690399.832833
diff: 17.16716694831848
waiting
going to web site
Hello world	Thread-16234	2

time: 946690417.842832
diff: 16.15716803073883
waiting
going to web site
Hello world	Thread-16310	2

time: 946690434.841833
diff: 32.158167004585266
waiting
going to web site
Hello world	Thread-16453	4

time: 946690467.832833
diff: 21.16716694831848
waiting
going to web site
Hello world	Thread-16547	5

time: 946690489.832832
diff: 9.167168021202087
waiting
going to web site
Hello world	Thread-16601	2

time: 946690499.842833
diff: 26.157166957855225
waiting
going to web site
Hello world	Thread-16711	5

time: 946690526.832832
diff: 16.167168021202087
waiting
going to web site
Hello world	Thread-16788	2

time: 946690543.845833
diff: 16.15416705608368
waiting
going to web site
Hello world	Thread-16877	3

time: 946690563.851833
diff: 27.14816701412201
waiting
going to web site
Hello world	Thread-16995	2

time: 946690591.84224
diff: 26.15776002407074
waiting
going to web site
Hello world	Thread-17106	3

time: 946690618.832833
diff: 37.16716694831848
waiting
going to web site
Hello world	Thread-17268	5

time: 946690656.832832
diff: 13.167168021202087
waiting
going to web site
Hello world	Thread-17330	2

time: 946690670.841833
diff: 22.158167004585266
waiting
going to web site
Hello world	Thread-17436	2

time: 946690693.8418959
diff: 25.158104062080383
waiting
going to web site
Hello world	Thread-17544	2

time: 946690719.841833
diff: 11.158167004585266
waiting
going to web site
Hello world	Thread-17596	3

time: 946690731.841833
diff: 32.158167004585266
waiting
going to web site
Hello world	Thread-17736	5

time: 946690764.832833
diff: 18.16716694831848
waiting
going to web site
Hello world	Thread-17826	4

time: 946690783.832832
diff: 25.167168021202087
waiting
going to web site
Hello world	Thread-17943	2

time: 946690810.845833
diff: 18.15416705608368
waiting
going to web site
Hello world	Thread-18027	3

time: 946690829.841833
diff: 34.158167004585266
waiting
going to web site
Hello world	Thread-18164	5

time: 946690864.841833
diff: 14.158167004585266
waiting
going to web site
Hello world	Thread-18224	4

time: 946690879.841833
diff: 23.158167004585266
waiting
going to web site
Hello world	Thread-18331	2

time: 946690903.842833
diff: 28.157166957855225
waiting
going to web site
Hello world	Thread-18455	3

time: 946690932.718408
diff: 13.281592011451721
waiting
going to web site
Hello world	Thread-18511	5

time: 946690946.727409
diff: 30.2725909948349
waiting
going to web site
Hello world	Thread-18641	5

time: 946690977.718408
diff: 21.28159201145172
waiting
going to web site
Hello world	Thread-18741	6

time: 946690999.7284089
diff: 10.271591067314148
waiting
going to web site
Hello world	Thread-18793	3

time: 946691010.727409
diff: 30.2725909948349
waiting
going to web site
Hello world	Thread-18926	4

time: 946691041.718408
diff: 15.281592011451721
waiting
going to web site
Hello world	Thread-19000	6

time: 946691057.727409
diff: 21.2725909948349
waiting
going to web site
Hello world	Thread-19094	5

time: 946691079.718408
diff: 31.28159201145172
waiting
going to web site
Hello world	Thread-19234	5

time: 946691111.727409
diff: 5.2725909948349
waiting
going to web site
Hello world	Thread-19265	3

time: 946691117.718408
diff: 23.28159201145172
waiting
going to web site
Hello world	Thread-19369	6

time: 946691141.727409
diff: 28.2725909948349
waiting
going to web site
Hello world	Thread-19498	6

time: 946691170.718408
diff: 26.28159201145172
waiting
going to web site
Hello world	Thread-19623	5

time: 946691197.718409
diff: 20.281591057777405
waiting
going to web site
Hello world	Thread-19717	6

time: 946691218.7314091
diff: 12.268590927124023
waiting
going to web site
Hello world	Thread-19780	4

time: 946691231.718408
diff: 23.28159201145172
waiting
going to web site
Hello world	Thread-19892	5

time: 946691255.7314091
diff: 10.268590927124023
waiting
going to web site
Hello world	Thread-19944	5

time: 946691266.718408
diff: 23.28159201145172
waiting
going to web site
Hello world	Thread-20055	4

time: 946691290.7312369
diff: 27.268763065338135
waiting
going to web site
Hello world	Thread-20184	5

time: 946691318.7314091
diff: 15.268590927124023
waiting
going to web site
Hello world	Thread-20262	4

time: 946691334.718408
diff: 9.281592011451721
waiting
going to web site
Hello world	Thread-20300	5

time: 946691344.729585
diff: 27.27041494846344
waiting
going to web site
Hello world	Thread-20443	7

time: 946691372.723408
diff: 20.276592016220093
waiting
going to web site
Hello world	Thread-20550	7

time: 946691393.718409
diff: 18.281591057777405
waiting
going to web site
Hello world	Thread-20639	4

time: 946691412.727409
diff: 26.2725909948349
waiting
going to web site
Hello world	Thread-20768	3

time: 946691439.7312369
diff: 14.268763065338135
waiting
going to web site
Hello world	Thread-20839	3

time: 946691454.727409
diff: 17.2725909948349
waiting
going to web site
Hello world	Thread-20922	3

time: 946691472.718408
diff: 19.28159201145172
waiting
going to web site
Hello world	Thread-21016	5

time: 946691492.731241
diff: 26.26875901222229
waiting
going to web site
Hello world	Thread-21142	3

time: 946691519.718409
diff: 29.281591057777405
waiting
going to web site
Hello world	Thread-21287	2

time: 946691549.832833
diff: 34.16716694831848
waiting
going to web site
Hello world	Thread-21441	4

time: 946691584.832832
diff: 10.167168021202087
waiting
going to web site
Hello world	Thread-21498	2

time: 946691595.841833
diff: 33.158167004585266
waiting
going to web site
Hello world	Thread-21649	4

time: 946691629.841833
diff: 25.158167004585266
waiting
going to web site
Hello world	Thread-21764	2

time: 946691655.841833
diff: 21.158167004585266
waiting
going to web site
Hello world	Thread-21861	2

time: 946691678.846684
diff: 4.153316020965576
waiting
going to web site
Hello world	Thread-21884	2

time: 946691683.832833
diff: 24.16716694831848
waiting
going to web site
Hello world	Thread-21995	6

time: 946691708.832832
diff: 35.16716802120209
waiting
going to web site
Hello world	Thread-22152	3

time: 946691744.841833
diff: 14.158167004585266
waiting
going to web site
Hello world	Thread-22216	2

time: 946691759.842833
diff: 11.157166957855225
waiting
going to web site
Hello world	Thread-22273	3

time: 946691771.837832
diff: 35.16216802597046
waiting
going to web site
Hello world	Thread-22427	2

time: 946691807.832833
diff: 24.16716694831848
waiting
going to web site
Hello world	Thread-22533	2

time: 946691832.832832
diff: 6.167168021202087
waiting
going to web site
Hello world	Thread-22567	2

time: 946691839.841833
diff: 31.158167004585266
waiting
going to web site
Hello world	Thread-22705	2

time: 946691871.841833
diff: 23.158167004585266
waiting
going to web site
Hello world	Thread-22817	4

time: 946691895.841833
diff: 24.158167004585266
waiting
going to web site
Hello world	Thread-22934	2

time: 946691921.841833
diff: 8.158167004585266
waiting
going to web site
Hello world	Thread-22968	2

time: 946691930.832833
diff: 31.16716694831848
waiting
going to web site
Hello world	Thread-23123	5

time: 946691962.841833
diff: 11.158167004585266
waiting
going to web site
Hello world	Thread-23179	2

time: 946691974.832833
diff: 14.167166948318481
waiting
going to web site
Hello world	Thread-23250	2

time: 946691989.832832
diff: 24.167168021202087
waiting
going to web site
Hello world	Thread-23366	4

time: 946692014.832833
diff: 26.16716694831848
waiting
going to web site
Hello world	Thread-23495	3

time: 946692041.832832
diff: 2.1671680212020874
waiting
going to web site
Hello world	Thread-23509	2

time: 946692044.832833
diff: 28.16716694831848
waiting
going to web site
Hello world	Thread-23650	4

time: 946692073.832832
diff: 8.167168021202087
waiting
going to web site
Hello world	Thread-23691	2

time: 946692082.841833
diff: 34.158167004585266
waiting
going to web site
Hello world	Thread-23876	3

time: 946692120.859833
diff: 21.140166997909546
waiting
going to web site
Hello world	Thread-23974	5

time: 946692142.832832
diff: 15.167168021202087
waiting
going to web site
Hello world	Thread-24056	5

time: 946692159.841833
diff: 22.158167004585266
waiting
going to web site
Hello world	Thread-24154	6

time: 946692182.832833
diff: 23.16716694831848
waiting
going to web site
Hello world	Thread-24263	5

time: 946692206.832832
diff: 35.16716802120209
waiting
going to web site
Hello world	Thread-24430	2

time: 946692242.851481
diff: 20.148519039154053
waiting
going to web site
Hello world	Thread-24530	2

time: 946692263.841833
diff: 12.158167004585266
waiting
going to web site
Hello world	Thread-24603	3

time: 946692279.841833
diff: 26.158167004585266
waiting
going to web site
Hello world	Thread-24725	3

time: 946692306.841833
diff: 27.158167004585266
waiting
going to web site
Hello world	Thread-24847	2

time: 946692334.841833
diff: 25.158167004585266
waiting
going to web site
Hello world	Thread-24958	2

time: 946692360.841833
diff: 21.158167004585266
waiting
going to web site
Hello world	Thread-25050	2

time: 946692382.841833
diff: 23.158167004585266
waiting
going to web site
Hello world	Thread-25150	2

time: 946692406.832833
diff: 15.167166948318481
waiting
going to web site
Hello world	Thread-25213	4

time: 946692422.832832
diff: 35.16716802120209
waiting
going to web site
Hello world	Thread-25366	3

time: 946692458.832833
diff: 19.16716694831848
waiting
going to web site
Hello world	Thread-25456	2

time: 946692478.832832
diff: 14.167168021202087
waiting
going to web site
Hello world	Thread-25520	3

time: 946692494.841833
diff: 15.158167004585266
waiting
going to web site
Hello world	Thread-25585	2

time: 946692510.841833
diff: 28.158167004585266
waiting
going to web site
Hello world	Thread-25702	2

time: 946692539.832833
diff: 29.16716694831848
waiting
going to web site
Hello world	Thread-25833	3

time: 946692569.832832
diff: 29.167168021202087
waiting
going to web site
Hello world	Thread-25956	2

time: 946692599.842833
diff: 20.157166957855225
waiting
going to web site
Hello world	Thread-26054	3

time: 946692620.832832
diff: 8.167168021202087
waiting
going to web site
Hello world	Thread-26090	2

time: 946692629.841833
diff: 28.158167004585266
waiting
going to web site
Hello world	Thread-26200	3

