time: 946686600.0
diff: 0.0
going to web site
Hello world	Thread-108	5

time: 946686723.806921
diff: -63.80692100524902
going to web site
Hello world	Thread-114	4

time: 946686724.3915771
diff: 55.60842287540436
waiting
going to web site
Hello world	Thread-191	5

time: 946686783.590656
diff: 56.409343957901
waiting
going to web site
Hello world	Thread-236	3

time: 946686840.5914301
diff: 119.40856993198395
waiting
going to web site
Hello world	Thread-433	5

time: 946686963.5896561
diff: 56.41034388542175
waiting
going to web site
Hello world	Thread-475	5

time: 946687020.580656
diff: 120.41934394836426
waiting
going to web site
Hello world	Thread-640	4

time: 946687156.590656
diff: 44.409343957901
waiting
going to web site
Hello world	Thread-653	3

time: 946687201.5816561
diff: 59.418343901634216
waiting
going to web site
Hello world	Thread-828	3

time: 946687324.590656
diff: 56.409343957901
waiting
going to web site
Hello world	Thread-879	3

time: 946687382.650462
diff: 58.34953796863556
waiting
going to web site
Hello world	Thread-1004	2

time: 946687472.645784
diff: 28.35421597957611
waiting
going to web site
Hello world	Thread-1056	2

time: 946687516.635784
diff: 45.36421597003937
waiting
going to web site
Hello world	Thread-1211	4

time: 946687682.938024
diff: -60.938024044036865
going to web site
Hello world	Thread-1215	7

time: 946687683.5286801
diff: -1.5286800861358643
going to web site
Hello world	Thread-1222	2

time: 946687684.119336
diff: 117.88066399097443
waiting
going to web site
Hello world	Thread-1470	5

time: 946687922.964422
diff: -60.96442198753357
going to web site
Hello world	Thread-1476	7

time: 946687923.5534841
diff: 58.446515917778015
waiting
going to web site
Hello world	Thread-1584	2

time: 946687989.590656
diff: 113.409343957901
waiting
going to web site
Hello world	Thread-1689	5

time: 946688103.580656
diff: 59.41934394836426
waiting
going to web site
Hello world	Thread-1783	6

time: 946688178.590656
diff: 44.409343957901
waiting
going to web site
Hello world	Thread-1855	2

time: 946688254.590656
diff: 28.409343957901
waiting
going to web site
Hello world	Thread-1911	2

