time: 946686600.0
diff: 261.0
waiting
going to web site
Hello world	Thread-499	2

time: 946686861.8590361
diff: -0.8590360879898071
going to web site
Hello world	Thread-1379	4

time: 946686862.716517
diff: 17.283483028411865
waiting
going to web site
Hello world	Thread-1439	4

time: 946686880.859037
diff: 2.1409629583358765
waiting
going to web site
Hello world	Thread-572	4

time: 946686883.850036
diff: 10.149963974952698
waiting
going to web site
Hello world	Thread-615	4

time: 946686894.849036
diff: 21.15096402168274
waiting
going to web site
Hello world	Thread-1616	5

time: 946686916.853037
diff: 3.1469630002975464
waiting
going to web site
Hello world	Thread-1657	6

time: 946686920.871037
diff: -0.8710370063781738
going to web site
Hello world	Thread-1664	6

time: 946686921.7260729
diff: -1.726072907447815
going to web site
Hello world	Thread-1671	2

time: 946686922.575109
diff: -2.5751090049743652
going to web site
Hello world	Thread-1676	2

time: 946686923.440145
diff: -2.4401450157165527
going to web site
Hello world	Thread-1684	4

time: 946686924.2911811
diff: -3.2911810874938965
going to web site
Hello world	Thread-1692	5

time: 946686925.148217
diff: -4.148216962814331
going to web site
Hello world	Thread-1696	4

time: 946686925.997253
diff: -4.997252941131592
going to web site
Hello world	Thread-1702	3

time: 946686926.858289
diff: -4.858289003372192
going to web site
Hello world	Thread-1709	2

time: 946686927.7173251
diff: -4.7173250913619995
going to web site
Hello world	Thread-1714	6

time: 946686928.5713611
diff: -2.5713610649108887
going to web site
Hello world	Thread-743	2

time: 946686929.434582
diff: 9.565418004989624
waiting
going to web site
Hello world	Thread-802	2

time: 946686939.874168
diff: 22.125831961631775
waiting
going to web site
Hello world	Thread-1865	3

time: 946686962.849036
diff: -0.8490359783172607
going to web site
Hello world	Thread-1868	4

time: 946686963.6980721
diff: 1.301927924156189
waiting
going to web site
Hello world	Thread-913	5

time: 946686965.849036
diff: 4.150964021682739
waiting
going to web site
Hello world	Thread-945	3

time: 946686970.8550371
diff: 24.144962906837463
waiting
going to web site
Hello world	Thread-1064	3

time: 946686995.869037
diff: 16.13096296787262
waiting
going to web site
Hello world	Thread-1135	2

time: 946687012.850935
diff: 19.149065017700195
waiting
going to web site
Hello world	Thread-1232	2

time: 946687032.874037
diff: 15.125962972640991
waiting
going to web site
Hello world	Thread-1309	5

time: 946687048.850036
diff: 18.149963974952698
waiting
going to web site
Hello world	Thread-1389	2

time: 946687067.849036
diff: 38.15096402168274
waiting
going to web site
Hello world	Thread-1562	3

time: 946687106.859037
diff: 24.140962958335876
waiting
going to web site
Hello world	Thread-1669	2

time: 946687131.850935
diff: 26.149065017700195
waiting
going to web site
Hello world	Thread-1802	2

time: 946687161.869727
diff: 7.1302729845047
waiting
going to web site
Hello world	Thread-1831	4

time: 946687169.856036
diff: 22.143964052200317
waiting
going to web site
Hello world	Thread-1924	2

time: 946687192.859037
diff: 17.140962958335876
waiting
going to web site
Hello world	Thread-1999	2

time: 946687210.856935
diff: 29.143064975738525
waiting
going to web site
Hello world	Thread-2122	2

time: 946687240.850036
diff: 35.1499639749527
waiting
going to web site
Hello world	Thread-2290	4

time: 946687276.856036
diff: 19.143964052200317
waiting
going to web site
Hello world	Thread-2380	3

time: 946687296.859037
diff: 17.140962958335876
waiting
going to web site
Hello world	Thread-2458	3

time: 946687314.850036
diff: 28.149963974952698
waiting
going to web site
Hello world	Thread-2579	2

time: 946687343.8510361
diff: 20.148963928222656
waiting
going to web site
Hello world	Thread-2671	3

time: 946687364.849036
diff: 28.15096402168274
waiting
going to web site
Hello world	Thread-2815	2

time: 946687394.858037
diff: 15.141963005065918
waiting
going to web site
Hello world	Thread-2913	2

time: 946687417.859037
diff: 24.140962958335876
waiting
going to web site
Hello world	Thread-3009	3

time: 946687442.849036
diff: 12.15096402168274
waiting
going to web site
Hello world	Thread-3074	2

time: 946687455.8630371
diff: 18.136962890625
waiting
going to web site
Hello world	Thread-3155	6

time: 946687474.5350641
diff: 17.464935898780823
waiting
going to web site
Hello world	Thread-3235	5

time: 946687492.526064
diff: 12.473935961723328
waiting
going to web site
Hello world	Thread-3288	3

time: 946687505.526064
diff: 29.473935961723328
waiting
going to web site
Hello world	Thread-3422	6

time: 946687535.5350641
diff: 21.464935898780823
waiting
going to web site
Hello world	Thread-3515	6

time: 946687557.5350641
diff: 23.464935898780823
waiting
going to web site
Hello world	Thread-3620	7

time: 946687581.5350641
diff: 17.464935898780823
waiting
going to web site
Hello world	Thread-3696	7

time: 946687599.526064
diff: 33.47393596172333
waiting
going to web site
Hello world	Thread-3846	7

time: 946687633.5294169
diff: 12.470583081245422
waiting
going to web site
Hello world	Thread-3898	4

time: 946687646.544065
diff: 39.45593500137329
waiting
going to web site
Hello world	Thread-4079	6

time: 946687686.539065
diff: 11.46093499660492
waiting
going to web site
Hello world	Thread-4134	6

time: 946687698.5345191
diff: 27.46548092365265
waiting
going to web site
Hello world	Thread-4253	6

time: 946687726.5350641
diff: 34.46493589878082
waiting
going to web site
Hello world	Thread-4404	7

time: 946687761.5350641
diff: 20.464935898780823
waiting
going to web site
Hello world	Thread-4507	7

time: 946687782.5350641
diff: 26.464935898780823
waiting
going to web site
Hello world	Thread-4628	6

time: 946687809.5350641
diff: 16.464935898780823
waiting
going to web site
Hello world	Thread-4704	7

time: 946687826.5350641
diff: 15.464935898780823
waiting
going to web site
Hello world	Thread-4772	7

time: 946687842.5350641
diff: 23.464935898780823
waiting
going to web site
Hello world	Thread-4879	7

time: 946687866.5350641
diff: 21.464935898780823
waiting
going to web site
Hello world	Thread-4981	5

time: 946687888.5350641
diff: 22.464935898780823
waiting
going to web site
Hello world	Thread-5084	7

time: 946687911.5350641
diff: 13.464935898780823
waiting
going to web site
Hello world	Thread-5157	5

time: 946687925.528064
diff: 19.471935987472534
waiting
going to web site
Hello world	Thread-5245	6

time: 946687945.5350641
diff: 22.464935898780823
waiting
going to web site
Hello world	Thread-5353	6

time: 946687968.5350641
diff: 19.464935898780823
waiting
going to web site
Hello world	Thread-5454	5

time: 946687988.5350641
diff: 18.464935898780823
waiting
going to web site
Hello world	Thread-5536	6

time: 946688007.5350641
diff: 20.464935898780823
waiting
going to web site
Hello world	Thread-5629	6

time: 946688028.531675
diff: 29.46832501888275
waiting
going to web site
Hello world	Thread-5768	5

time: 946688058.534065
diff: 27.465934991836548
waiting
going to web site
Hello world	Thread-5897	3

time: 946688086.832832
diff: 16.167168021202087
waiting
going to web site
Hello world	Thread-5962	2

time: 946688103.841833
diff: 18.158167004585266
waiting
going to web site
Hello world	Thread-6051	3

time: 946688122.841833
diff: 28.158167004585266
waiting
going to web site
Hello world	Thread-6179	2

time: 946688151.836833
diff: 12.163166999816895
waiting
going to web site
Hello world	Thread-6228	2

time: 946688164.8398329
diff: 20.16016709804535
waiting
going to web site
Hello world	Thread-6318	2

time: 946688185.834833
diff: 20.165166974067688
waiting
going to web site
Hello world	Thread-6411	3

time: 946688206.832832
diff: 20.167168021202087
waiting
going to web site
Hello world	Thread-6506	3

time: 946688227.841833
diff: 32.158167004585266
waiting
going to web site
Hello world	Thread-6651	5

time: 946688260.841833
diff: 23.158167004585266
waiting
going to web site
Hello world	Thread-6757	3

time: 946688284.841833
diff: 19.158167004585266
waiting
going to web site
Hello world	Thread-6840	2

time: 946688304.841833
diff: 29.158167004585266
waiting
going to web site
Hello world	Thread-6978	3

time: 946688334.841833
diff: 18.158167004585266
waiting
going to web site
Hello world	Thread-7063	2

time: 946688354.851257
diff: 29.14874303340912
waiting
going to web site
Hello world	Thread-7198	2

time: 946688384.8434801
diff: 17.156519889831543
waiting
going to web site
Hello world	Thread-7273	6

time: 946688402.832832
diff: 31.167168021202087
waiting
going to web site
Hello world	Thread-7418	2

time: 946688434.841833
diff: 25.158167004585266
waiting
going to web site
Hello world	Thread-7537	3

time: 946688460.842833
diff: 7.157166957855225
waiting
going to web site
Hello world	Thread-7570	3

time: 946688468.836832
diff: 28.16316795349121
waiting
going to web site
Hello world	Thread-7696	5

time: 946688497.832832
diff: 14.167168021202087
waiting
going to web site
Hello world	Thread-7765	2

time: 946688512.841833
diff: 20.158167004585266
waiting
going to web site
Hello world	Thread-7849	3

time: 946688533.841833
diff: 21.158167004585266
waiting
going to web site
Hello world	Thread-7951	2

time: 946688555.849833
diff: 19.150166988372803
waiting
going to web site
Hello world	Thread-8042	6

time: 946688575.832832
diff: 14.167168021202087
waiting
going to web site
Hello world	Thread-8106	2

time: 946688590.841833
diff: 18.158167004585266
waiting
going to web site
Hello world	Thread-8190	2

time: 946688609.841833
diff: 24.158167004585266
waiting
going to web site
Hello world	Thread-8297	4

time: 946688634.841833
diff: 18.158167004585266
waiting
going to web site
Hello world	Thread-8377	2

time: 946688653.841833
diff: 29.158167004585266
waiting
going to web site
Hello world	Thread-8503	2

time: 946688683.841833
diff: 30.158167004585266
waiting
going to web site
Hello world	Thread-8629	2

time: 946688714.841833
diff: 19.158167004585266
waiting
going to web site
Hello world	Thread-8710	3

time: 946688734.841833
diff: 36.158167004585266
waiting
going to web site
Hello world	Thread-8853	2

time: 946688771.836833
diff: 19.163166999816895
waiting
going to web site
Hello world	Thread-8924	3

time: 946688791.832832
diff: 26.167168021202087
waiting
going to web site
Hello world	Thread-9041	4

time: 946688818.841833
diff: 21.158167004585266
waiting
going to web site
Hello world	Thread-9137	2

time: 946688840.841833
diff: 25.158167004585266
waiting
going to web site
Hello world	Thread-9248	2

time: 946688866.841833
diff: 20.158167004585266
waiting
going to web site
Hello world	Thread-9334	4

time: 946688887.841897
diff: 21.158102989196777
waiting
going to web site
Hello world	Thread-9426	4

time: 946688909.832832
diff: 31.167168021202087
waiting
going to web site
Hello world	Thread-9571	2

time: 946688941.841833
diff: 15.158167004585266
waiting
going to web site
Hello world	Thread-9636	2

time: 946688957.832833
diff: 24.16716694831848
waiting
going to web site
Hello world	Thread-9749	5

time: 946688982.832832
diff: 37.16716802120209
waiting
going to web site
Hello world	Thread-9932	3

time: 946689020.841833
diff: 19.158167004585266
waiting
going to web site
Hello world	Thread-10024	3

time: 946689040.841833
diff: 4.158167004585266
waiting
going to web site
Hello world	Thread-10044	2

time: 946689045.845833
diff: 25.15416705608368
waiting
going to web site
Hello world	Thread-10163	2

time: 946689071.841833
diff: 31.158167004585266
waiting
going to web site
Hello world	Thread-10311	4

time: 946689103.841833
diff: 10.158167004585266
waiting
going to web site
Hello world	Thread-10364	4

time: 946689114.842597
diff: 17.157402992248535
waiting
going to web site
Hello world	Thread-10451	6

time: 946689132.832832
diff: 40.16716802120209
waiting
going to web site
Hello world	Thread-10643	2

time: 946689173.841833
diff: 13.158167004585266
waiting
going to web site
Hello world	Thread-10717	2

time: 946689187.841833
diff: 11.158167004585266
waiting
going to web site
Hello world	Thread-10774	2

time: 946689199.841833
diff: 18.158167004585266
waiting
going to web site
Hello world	Thread-10867	2

time: 946689218.841833
diff: 18.158167004585266
waiting
going to web site
Hello world	Thread-10953	3

time: 946689237.832833
diff: 13.167166948318481
waiting
going to web site
Hello world	Thread-11037	4

time: 946689254.832832
diff: 31.167168021202087
waiting
going to web site
Hello world	Thread-11185	4

time: 946689286.841833
diff: 24.158167004585266
waiting
going to web site
Hello world	Thread-11309	2

time: 946689311.8554809
diff: 21.144519090652466
waiting
going to web site
Hello world	Thread-11406	5

time: 946689333.544065
diff: 17.45593500137329
waiting
going to web site
Hello world	Thread-11491	6

time: 946689351.5350649
diff: 19.464935064315796
waiting
going to web site
Hello world	Thread-11587	5

time: 946689371.5350649
diff: 18.464935064315796
waiting
going to web site
Hello world	Thread-11676	6

time: 946689390.544065
diff: 29.45593500137329
waiting
going to web site
Hello world	Thread-11805	5

time: 946689420.544065
diff: 15.455935001373291
waiting
going to web site
Hello world	Thread-11888	2

time: 946689436.5350649
diff: 8.464935064315796
waiting
going to web site
Hello world	Thread-11909	7

time: 946689445.5350649
diff: 27.464935064315796
waiting
going to web site
Hello world	Thread-12052	6

time: 946689473.5350649
diff: 24.464935064315796
waiting
going to web site
Hello world	Thread-12165	5

time: 946689498.526065
diff: 16.47393500804901
waiting
going to web site
Hello world	Thread-12238	6

time: 946689515.544065
diff: 21.45593500137329
waiting
going to web site
Hello world	Thread-12342	5

time: 946689537.544065
diff: 16.45593500137329
waiting
going to web site
Hello world	Thread-12421	7

time: 946689554.5350649
diff: 28.464935064315796
waiting
going to web site
Hello world	Thread-12552	5

time: 946689583.536065
diff: 11.463935017585754
waiting
going to web site
Hello world	Thread-12606	6

time: 946689595.544065
diff: 31.45593500137329
waiting
going to web site
Hello world	Thread-12746	6

time: 946689627.539065
diff: 15.46093499660492
waiting
going to web site
Hello world	Thread-12821	4

time: 946689643.526064
diff: 33.47393596172333
waiting
going to web site
Hello world	Thread-12984	5

time: 946689677.526064
diff: 26.473935961723328
waiting
going to web site
Hello world	Thread-13109	6

time: 946689704.5350641
diff: 28.464935898780823
waiting
going to web site
Hello world	Thread-13234	6

time: 946689733.5294169
diff: 11.470583081245422
waiting
going to web site
Hello world	Thread-13289	7

time: 946689745.526065
diff: 12.473935008049011
waiting
going to web site
Hello world	Thread-13357	3

time: 946689758.544065
diff: 14.455935001373291
waiting
going to web site
Hello world	Thread-13419	5

time: 946689773.5300651
diff: 25.469934940338135
waiting
going to web site
Hello world	Thread-13538	5

time: 946689799.5350641
diff: 34.46493589878082
waiting
going to web site
Hello world	Thread-13697	7

time: 946689834.5350641
diff: 2.4649358987808228
waiting
going to web site
Hello world	Thread-13715	4

time: 946689837.5350641
diff: 39.46493589878082
waiting
going to web site
Hello world	Thread-13903	6

time: 946689877.5350641
diff: 7.464935898780823
waiting
going to web site
Hello world	Thread-13940	7

time: 946689885.5350641
diff: 19.464935898780823
waiting
going to web site
Hello world	Thread-14031	6

time: 946689905.5350641
diff: 23.464935898780823
waiting
going to web site
Hello world	Thread-14131	7

time: 946689929.526064
diff: 23.473935961723328
waiting
going to web site
Hello world	Thread-14237	3

time: 946689953.797192
diff: 28.202808022499084
waiting
going to web site
Hello world	Thread-14360	5

time: 946689982.802193
diff: 19.19780695438385
waiting
going to web site
Hello world	Thread-14449	5

time: 946690002.802192
diff: 13.197808027267456
waiting
going to web site
Hello world	Thread-14509	5

time: 946690016.802193
diff: 22.19780695438385
waiting
going to web site
Hello world	Thread-14611	4

time: 946690039.805192
diff: 29.19480800628662
waiting
going to web site
Hello world	Thread-14738	5

time: 946690069.802193
diff: 20.19780695438385
waiting
going to web site
Hello world	Thread-14826	4

time: 946690090.797192
diff: 23.202808022499084
waiting
going to web site
Hello world	Thread-14930	4

time: 946690114.805193
diff: 36.194807052612305
waiting
going to web site
Hello world	Thread-15086	5

time: 946690151.7971929
diff: 23.202807068824768
waiting
going to web site
Hello world	Thread-15184	7

time: 946690175.7971929
diff: 19.202807068824768
waiting
going to web site
Hello world	Thread-15269	4

time: 946690195.8031449
diff: 15.196855068206787
waiting
going to web site
Hello world	Thread-15345	2

time: 946690211.8031449
diff: 24.196855068206787
waiting
going to web site
Hello world	Thread-15452	5

time: 946690236.7971929
diff: 22.202807068824768
waiting
going to web site
Hello world	Thread-15550	4

time: 946690259.7971929
diff: 19.202807068824768
waiting
going to web site
Hello world	Thread-15639	4

time: 946690279.7971929
diff: 22.202807068824768
waiting
going to web site
Hello world	Thread-15738	4

time: 946690302.7971929
diff: 23.202807068824768
waiting
going to web site
Hello world	Thread-15845	2

time: 946690326.802193
diff: 30.19780695438385
waiting
going to web site
Hello world	Thread-15970	4

time: 946690357.797192
diff: 13.202808022499084
waiting
going to web site
Hello world	Thread-16031	7

time: 946690371.8001931
diff: 28.199806928634644
waiting
going to web site
Hello world	Thread-16159	3

time: 946690400.797192
diff: 10.202808022499084
waiting
going to web site
Hello world	Thread-16209	2

time: 946690411.802193
diff: 24.19780695438385
waiting
going to web site
Hello world	Thread-16319	4

time: 946690436.802192
diff: 23.197808027267456
waiting
going to web site
Hello world	Thread-16420	5

time: 946690460.802238
diff: 22.19776201248169
waiting
going to web site
Hello world	Thread-16524	4

time: 946690483.806193
diff: 28.193807005882263
waiting
going to web site
Hello world	Thread-16649	6

time: 946690512.802193
diff: 26.19780695438385
waiting
going to web site
Hello world	Thread-16769	5

time: 946690539.797192
diff: 15.202808022499084
waiting
going to web site
Hello world	Thread-16831	5

time: 946690555.841833
diff: 23.158167004585266
waiting
going to web site
Hello world	Thread-16947	3

time: 946690579.849833
diff: 30.150166988372803
waiting
going to web site
Hello world	Thread-17069	3

time: 946690610.832832
diff: 26.167168021202087
waiting
going to web site
Hello world	Thread-17192	6

time: 946690637.832833
diff: 18.16716694831848
waiting
going to web site
Hello world	Thread-17267	4

time: 946690656.832832
diff: 18.167168021202087
waiting
going to web site
Hello world	Thread-17348	3

time: 946690675.841833
diff: 13.158167004585266
waiting
going to web site
Hello world	Thread-17417	3

time: 946690690.841833
diff: 27.158167004585266
waiting
going to web site
Hello world	Thread-17540	3

time: 946690718.841833
diff: 9.158167004585266
waiting
going to web site
Hello world	Thread-17581	3

time: 946690728.841833
diff: 25.158167004585266
waiting
going to web site
Hello world	Thread-17695	3

time: 946690754.832833
diff: 32.16716694831848
waiting
going to web site
Hello world	Thread-17839	5

time: 946690787.832832
diff: 27.167168021202087
waiting
going to web site
Hello world	Thread-17961	3

time: 946690815.841833
diff: 16.158167004585266
waiting
going to web site
Hello world	Thread-18040	4

time: 946690832.841833
diff: 32.158167004585266
waiting
going to web site
Hello world	Thread-18174	2

time: 946690866.841833
diff: 23.158167004585266
waiting
going to web site
Hello world	Thread-18286	2

time: 946690891.841833
diff: 14.158167004585266
waiting
going to web site
Hello world	Thread-18347	3

time: 946690906.841833
diff: 19.158167004585266
waiting
going to web site
Hello world	Thread-18440	2

time: 946690929.8463601
diff: 25.153639912605286
waiting
going to web site
Hello world	Thread-18553	2

time: 946690955.842832
diff: 27.15716803073883
waiting
going to web site
Hello world	Thread-18672	4

time: 946690983.841833
diff: 25.158167004585266
waiting
going to web site
Hello world	Thread-18786	4

time: 946691009.841833
diff: 8.158167004585266
waiting
going to web site
Hello world	Thread-18827	2

time: 946691018.832833
diff: 31.16716694831848
waiting
going to web site
Hello world	Thread-18967	3

time: 946691050.832832
diff: 17.167168021202087
waiting
going to web site
Hello world	Thread-19049	3

time: 946691068.841833
diff: 33.158167004585266
waiting
going to web site
Hello world	Thread-19203	3

time: 946691103.841833
diff: 18.158167004585266
waiting
going to web site
Hello world	Thread-19287	4

time: 946691122.832833
diff: 19.16716694831848
waiting
going to web site
Hello world	Thread-19375	2

time: 946691142.832832
diff: 17.167168021202087
waiting
going to web site
Hello world	Thread-19462	2

time: 946691160.836713
diff: 29.163287043571472
waiting
going to web site
Hello world	Thread-19588	4

time: 946691190.836713
diff: 14.163287043571472
waiting
going to web site
Hello world	Thread-19662	3

time: 946691205.839713
diff: 21.160287022590637
waiting
going to web site
Hello world	Thread-19761	3

time: 946691227.836713
diff: 28.163287043571472
waiting
going to web site
Hello world	Thread-19900	3

time: 946691256.836713
diff: 16.163287043571472
waiting
going to web site
Hello world	Thread-19976	3

time: 946691273.836713
diff: 24.163287043571472
waiting
going to web site
Hello world	Thread-20087	4

time: 946691298.836713
diff: 17.163287043571472
waiting
going to web site
Hello world	Thread-20173	4

time: 946691316.836713
diff: 12.163287043571472
waiting
going to web site
Hello world	Thread-20240	4

time: 946691329.836713
diff: 25.163287043571472
waiting
going to web site
Hello world	Thread-20357	3

time: 946691355.836713
diff: 30.163287043571472
waiting
going to web site
Hello world	Thread-20518	2

time: 946691386.836713
diff: 8.163287043571472
waiting
going to web site
Hello world	Thread-20563	3

time: 946691395.839713
diff: 26.160287022590637
waiting
going to web site
Hello world	Thread-20693	4

time: 946691422.836713
diff: 14.163287043571472
waiting
going to web site
Hello world	Thread-20759	4

time: 946691437.836713
diff: 23.163287043571472
waiting
going to web site
Hello world	Thread-20879	3

time: 946691461.836713
diff: 24.163287043571472
waiting
going to web site
Hello world	Thread-20995	6

time: 946691486.836713
diff: 17.163287043571472
waiting
going to web site
Hello world	Thread-21077	4

time: 946691504.836713
diff: 15.163287043571472
waiting
going to web site
Hello world	Thread-21148	4

time: 946691520.839713
diff: 19.160287022590637
waiting
going to web site
Hello world	Thread-21249	2

time: 946691540.839713
diff: 32.16028702259064
waiting
going to web site
Hello world	Thread-21395	4

time: 946691574.839713
diff: 16.160287022590637
waiting
going to web site
Hello world	Thread-21474	4

time: 946691591.8387129
diff: 18.16128706932068
waiting
going to web site
Hello world	Thread-21566	4

time: 946691611.854713
diff: 10.145287036895752
waiting
going to web site
Hello world	Thread-21615	5

time: 946691622.836713
diff: 16.163287043571472
waiting
going to web site
Hello world	Thread-21692	4

time: 946691639.836713
diff: 34.16328704357147
waiting
going to web site
Hello world	Thread-21842	3

time: 946691674.845713
diff: 23.154286980628967
waiting
going to web site
Hello world	Thread-21949	2

time: 946691698.8367119
diff: 22.163288116455078
waiting
going to web site
Hello world	Thread-22054	3

time: 946691721.836713
diff: 15.163287043571472
waiting
going to web site
Hello world	Thread-22118	2

time: 946691737.844713
diff: 32.15528702735901
waiting
going to web site
Hello world	Thread-22270	5

time: 946691770.832833
diff: 20.16716694831848
waiting
going to web site
Hello world	Thread-22357	5

time: 946691791.832832
diff: 27.167168021202087
waiting
going to web site
Hello world	Thread-22482	6

time: 946691819.832833
diff: 18.16716694831848
waiting
going to web site
Hello world	Thread-22561	4

time: 946691838.832832
diff: 16.167168021202087
waiting
going to web site
Hello world	Thread-22635	3

time: 946691855.841833
diff: 19.158167004585266
waiting
going to web site
Hello world	Thread-22725	2

time: 946691875.845833
diff: 24.15416705608368
waiting
going to web site
Hello world	Thread-22837	2

time: 946691900.832833
diff: 32.16716694831848
waiting
going to web site
Hello world	Thread-22982	3

time: 946691933.832832
diff: 14.167168021202087
waiting
going to web site
Hello world	Thread-23055	3

time: 946691948.841833
diff: 23.158167004585266
waiting
going to web site
Hello world	Thread-23172	5

time: 946691972.841833
diff: 22.158167004585266
waiting
going to web site
Hello world	Thread-23277	3

time: 946691995.841833
diff: 16.158167004585266
waiting
going to web site
Hello world	Thread-23362	3

time: 946692013.841833
diff: 28.158167004585266
waiting
going to web site
Hello world	Thread-23498	4

time: 946692042.832833
diff: 26.16716694831848
waiting
going to web site
Hello world	Thread-23631	5

time: 946692069.832832
diff: 6.167168021202087
waiting
going to web site
Hello world	Thread-23667	2

time: 946692076.8558329
diff: 26.144167065620422
waiting
going to web site
Hello world	Thread-23789	2

time: 946692103.832833
diff: 13.167166948318481
waiting
going to web site
Hello world	Thread-23859	6

time: 946692117.832832
diff: 29.167168021202087
waiting
going to web site
Hello world	Thread-24002	5

time: 946692147.841833
diff: 27.158167004585266
waiting
going to web site
Hello world	Thread-24125	4

time: 946692175.833833
diff: 4.1661670207977295
waiting
going to web site
Hello world	Thread-24144	4

time: 946692180.841833
diff: 30.158167004585266
waiting
going to web site
Hello world	Thread-24290	6

time: 946692211.832833
diff: 20.16716694831848
waiting
going to web site
Hello world	Thread-24386	4

time: 946692232.832832
diff: 12.167168021202087
waiting
going to web site
Hello world	Thread-24454	2

time: 946692246.859833
diff: 9.140166997909546
waiting
going to web site
Hello world	Thread-24495	2

time: 946692256.842832
diff: 27.15716803073883
waiting
going to web site
Hello world	Thread-24628	4

time: 946692284.832833
diff: 13.167166948318481
waiting
going to web site
Hello world	Thread-24684	6

time: 946692298.832832
diff: 24.167168021202087
waiting
going to web site
Hello world	Thread-24802	2

time: 946692323.841833
diff: 24.158167004585266
waiting
going to web site
Hello world	Thread-24902	5

time: 946692348.832833
diff: 35.16716694831848
waiting
going to web site
Hello world	Thread-25054	5

time: 946692384.832832
diff: 15.167168021202087
waiting
going to web site
Hello world	Thread-25127	3

time: 946692400.832833
diff: 40.16716694831848
waiting
going to web site
Hello world	Thread-25292	4

time: 946692441.832832
diff: 14.167168021202087
waiting
going to web site
Hello world	Thread-25358	4

time: 946692456.841833
diff: 15.158167004585266
waiting
going to web site
Hello world	Thread-25429	3

time: 946692472.841833
diff: 25.158167004585266
waiting
going to web site
Hello world	Thread-25534	3

time: 946692498.842833
diff: 24.157166957855225
waiting
going to web site
Hello world	Thread-25636	5

time: 946692523.832832
diff: 26.167168021202087
waiting
going to web site
Hello world	Thread-25752	3

time: 946692550.832833
diff: 16.16716694831848
waiting
going to web site
Hello world	Thread-25825	3

time: 946692567.836832
diff: 21.16316795349121
waiting
going to web site
Hello world	Thread-25922	3

time: 946692589.832832
diff: 33.16716802120209
waiting
going to web site
Hello world	Thread-26067	6

time: 946692623.832833
diff: 17.16716694831848
waiting
going to web site
Hello world	Thread-26131	4

time: 946692641.832832
diff: 20.167168021202087
waiting
going to web site
Hello world	Thread-26216	2

time: 946692662.832833
diff: 25.16716694831848
waiting
going to web site
Hello world	Thread-26307	2

time: 946692688.832832
diff: 27.167168021202087
waiting
going to web site
Hello world	Thread-26393	5

time: 946692716.841833
diff: 18.158167004585266
waiting
going to web site
Hello world	Thread-26451	2

time: 946692735.841833
diff: 31.158167004585266
waiting
going to web site
Hello world	Thread-26533	4

time: 946692767.841833
diff: 25.158167004585266
waiting
going to web site
Hello world	Thread-26591	2

time: 946692793.832833
diff: 21.16716694831848
waiting
going to web site
Hello world	Thread-26638	2

time: 946692815.832832
diff: 7.167168021202087
waiting
going to web site
Hello world	Thread-26652	2

time: 946692823.841833
diff: 26.158167004585266
waiting
going to web site
Hello world	Thread-26697	2

