time: 946686600.0
diff: 0.0
going to web site
Hello world	Thread-33	5

time: 946686631.590656
diff: 88.409343957901
waiting
going to web site
Hello world	Thread-78	5

time: 946686721.580656
diff: 119.41934394836426
waiting
going to web site
Hello world	Thread-297	4

time: 946686844.5856571
diff: 56.41434288024902
waiting
going to web site
Hello world	Thread-386	3

time: 946686916.590656
diff: 104.409343957901
waiting
going to web site
Hello world	Thread-492	4

time: 946687022.587656
diff: 58.412343978881836
waiting
going to web site
Hello world	Thread-572	6

time: 946687112.590656
diff: 28.409343957901
waiting
going to web site
Hello world	Thread-646	4

time: 946687172.590656
diff: 88.409343957901
waiting
going to web site
Hello world	Thread-746	5

time: 946687264.584656
diff: 117.41534399986267
waiting
going to web site
Hello world	Thread-899	2

time: 946687385.586657
diff: 116.41334295272827
waiting
going to web site
Hello world	Thread-1065	5

time: 946687533.590656
diff: 28.409343957901
waiting
going to web site
Hello world	Thread-1097	3

time: 946687565.580656
diff: 116.41934394836426
waiting
going to web site
Hello world	Thread-1242	4

time: 946687697.5902101
diff: 104.40978991985321
waiting
going to web site
Hello world	Thread-1482	4

time: 946687923.993312
diff: -61.99331200122833
going to web site
Hello world	Thread-1487	8

time: 946687924.583968
diff: -1.5839680433273315
going to web site
Hello world	Thread-1494	2

time: 946687925.1676241
diff: 57.83237588405609
waiting
going to web site
Hello world	Thread-1601	3

time: 946687998.5896571
diff: 44.41034293174744
waiting
going to web site
Hello world	Thread-1751	2

time: 946688164.1090171
diff: -1.1090171337127686
going to web site
Hello world	Thread-1761	2

time: 946688164.801249
diff: 58.1987509727478
waiting
going to web site
Hello world	Thread-1961	2

time: 946688347.023312
diff: -64.0233119726181
going to web site
Hello world	Thread-1970	2

