time: 946686600.0
diff: 257.0
waiting
going to web site
Hello world	Thread-1342	4

time: 946686857.832832
diff: -0.8328319787979126
going to web site
Hello world	Thread-1349	4

time: 946686858.669664
diff: -0.6696640253067017
going to web site
Hello world	Thread-1355	4

time: 946686859.502496
diff: -1.5024960041046143
going to web site
Hello world	Thread-1362	4

time: 946686860.3443279
diff: -0.3443279266357422
going to web site
Hello world	Thread-1370	3

time: 946686861.1911601
diff: -1.1911600828170776
going to web site
Hello world	Thread-1374	4

time: 946686862.026992
diff: -1.0269919633865356
going to web site
Hello world	Thread-1382	4

time: 946686862.863824
diff: -1.8638240098953247
going to web site
Hello world	Thread-1387	4

time: 946686863.696656
diff: -2.6966559886932373
going to web site
Hello world	Thread-1391	4

time: 946686864.535488
diff: 5.46451199054718
waiting
going to web site
Hello world	Thread-1410	2

time: 946686870.842505
diff: 6.157495021820068
waiting
going to web site
Hello world	Thread-1427	2

time: 946686877.832833
diff: 6.1671669483184814
waiting
going to web site
Hello world	Thread-1455	3

time: 946686884.832832
diff: -0.8328319787979126
going to web site
Hello world	Thread-580	4

time: 946686885.665664
diff: 4.334336042404175
waiting
going to web site
Hello world	Thread-601	2

time: 946686890.841833
diff: 24.158167004585266
waiting
going to web site
Hello world	Thread-708	2

time: 946686915.842833
diff: 2.1571669578552246
waiting
going to web site
Hello world	Thread-1637	7

time: 946686918.8418319
diff: 23.158168077468872
waiting
going to web site
Hello world	Thread-820	2

time: 946686943.841833
diff: 6.158167004585266
waiting
going to web site
Hello world	Thread-851	4

time: 946686950.8494799
diff: 0.15052008628845215
waiting
going to web site
Hello world	Thread-1837	3

time: 946686951.841833
diff: 3.158167004585266
waiting
going to web site
Hello world	Thread-1851	2

time: 946686955.836833
diff: 11.163166999816895
waiting
going to web site
Hello world	Thread-924	3

time: 946686967.832832
diff: 24.167168021202087
waiting
going to web site
Hello world	Thread-1046	2

time: 946686992.8398329
diff: 8.16016709804535
waiting
going to web site
Hello world	Thread-1090	4

time: 946687001.832833
diff: 7.1671669483184814
waiting
going to web site
Hello world	Thread-1975	3

time: 946687009.8398321
diff: 11.160167932510376
waiting
going to web site
Hello world	Thread-1177	5

time: 946687021.832832
diff: 7.167168021202087
waiting
going to web site
Hello world	Thread-2022	3

time: 946687029.852481
diff: 11.147518992424011
waiting
going to web site
Hello world	Thread-1269	5

time: 946687041.83696
diff: 7.163040041923523
waiting
going to web site
Hello world	Thread-2054	2

time: 946687049.834833
diff: 10.165166974067688
waiting
going to web site
Hello world	Thread-1355	5

time: 946687060.832832
diff: 22.167168021202087
waiting
going to web site
Hello world	Thread-1461	4

time: 946687083.8398329
diff: 31.16016709804535
waiting
going to web site
Hello world	Thread-1600	2

time: 946687115.841833
diff: 32.158167004585266
waiting
going to web site
Hello world	Thread-1741	3

time: 946687148.832833
diff: 23.16716694831848
waiting
going to web site
Hello world	Thread-1838	2

time: 946687172.832832
diff: 11.167168021202087
waiting
going to web site
Hello world	Thread-1884	2

time: 946687184.832833
diff: 19.16716694831848
waiting
going to web site
Hello world	Thread-1972	3

time: 946687204.851481
diff: 22.148519039154053
waiting
going to web site
Hello world	Thread-2077	2

time: 946687227.841833
diff: 37.158167004585266
waiting
going to web site
Hello world	Thread-2246	2

time: 946687266.860833
diff: 28.139166951179504
waiting
going to web site
Hello world	Thread-2374	3

time: 946687295.832832
diff: 17.167168021202087
waiting
going to web site
Hello world	Thread-2452	3

time: 946687313.842665
diff: 16.15733504295349
waiting
going to web site
Hello world	Thread-2522	2

time: 946687330.8588331
diff: 26.141166925430298
waiting
going to web site
Hello world	Thread-2645	3

time: 946687357.832832
diff: 19.167168021202087
waiting
going to web site
Hello world	Thread-2733	3

time: 946687377.841833
diff: 34.158167004585266
waiting
going to web site
Hello world	Thread-2887	3

time: 946687412.84848
diff: 23.151520013809204
waiting
going to web site
Hello world	Thread-2988	2

time: 946687436.841833
diff: 16.158167004585266
waiting
going to web site
Hello world	Thread-3061	3

time: 946687453.832833
diff: 20.16716694831848
waiting
going to web site
Hello world	Thread-3159	3

time: 946687474.8467121
diff: 8.153287887573242
waiting
going to web site
Hello world	Thread-3195	4

time: 946687483.839712
diff: 28.160287976264954
waiting
going to web site
Hello world	Thread-3318	4

time: 946687512.840712
diff: 9.159288048744202
waiting
going to web site
Hello world	Thread-3365	4

time: 946687522.837713
diff: 32.16228699684143
waiting
going to web site
Hello world	Thread-3509	5

time: 946687555.8367119
diff: 21.163288116455078
waiting
going to web site
Hello world	Thread-3604	4

time: 946687577.836713
diff: 19.163287043571472
waiting
going to web site
Hello world	Thread-3695	4

time: 946687598.845713
diff: 21.154286980628967
waiting
going to web site
Hello world	Thread-3796	5

time: 946687620.8367119
diff: 27.163288116455078
waiting
going to web site
Hello world	Thread-3906	4

time: 946687648.836713
diff: 27.163287043571472
waiting
going to web site
Hello world	Thread-4034	4

time: 946687676.836713
diff: 30.163287043571472
waiting
going to web site
Hello world	Thread-4168	3

time: 946687707.836713
diff: 16.163287043571472
waiting
going to web site
Hello world	Thread-4245	5

time: 946687724.839713
diff: 16.160287022590637
waiting
going to web site
Hello world	Thread-4321	4

time: 946687741.836713
diff: 33.16328704357147
waiting
going to web site
Hello world	Thread-4477	2

time: 946687775.836713
diff: 26.163287043571472
waiting
going to web site
Hello world	Thread-4595	4

time: 946687802.837713
diff: 23.16228699684143
waiting
going to web site
Hello world	Thread-4707	4

time: 946687826.8367119
diff: 18.163288116455078
waiting
going to web site
Hello world	Thread-4792	2

time: 946687845.839713
diff: 18.160287022590637
waiting
going to web site
Hello world	Thread-4878	2

time: 946687865.845713
diff: 8.154286980628967
waiting
going to web site
Hello world	Thread-4918	2

time: 946687874.8367119
diff: 26.163288116455078
waiting
going to web site
Hello world	Thread-5045	4

time: 946687901.8487129
diff: 15.151287078857422
waiting
going to web site
Hello world	Thread-5115	3

time: 946687917.836713
diff: 16.163287043571472
waiting
going to web site
Hello world	Thread-5196	2

time: 946687934.836713
diff: 27.163287043571472
waiting
going to web site
Hello world	Thread-5331	3

time: 946687962.836713
diff: 11.163287043571472
waiting
going to web site
Hello world	Thread-5389	5

time: 946687974.836713
diff: 27.163287043571472
waiting
going to web site
Hello world	Thread-5514	3

time: 946688002.836713
diff: 29.163287043571472
waiting
going to web site
Hello world	Thread-5651	6

time: 946688032.836713
diff: 21.163287043571472
waiting
going to web site
Hello world	Thread-5756	3

time: 946688054.845713
diff: 27.154286980628967
waiting
going to web site
Hello world	Thread-5877	7

time: 946688082.5350641
diff: 27.464935898780823
waiting
going to web site
Hello world	Thread-5998	7

time: 946688110.535913
diff: 9.464087009429932
waiting
going to web site
Hello world	Thread-6034	7

time: 946688120.539065
diff: 14.46093499660492
waiting
going to web site
Hello world	Thread-6103	6

time: 946688135.5350641
diff: 31.464935898780823
waiting
going to web site
Hello world	Thread-6241	5

time: 946688167.5350641
diff: 13.464935898780823
waiting
going to web site
Hello world	Thread-6297	4

time: 946688181.5350641
diff: 13.464935898780823
waiting
going to web site
Hello world	Thread-6357	7

time: 946688195.535439
diff: 36.464560985565186
waiting
going to web site
Hello world	Thread-6524	4

time: 946688232.526064
diff: 7.473935961723328
waiting
going to web site
Hello world	Thread-6559	5

time: 946688240.5350641
diff: 37.46493589878082
waiting
going to web site
Hello world	Thread-6722	6

time: 946688278.526064
diff: 19.473935961723328
waiting
going to web site
Hello world	Thread-6809	6

time: 946688298.5350641
diff: 14.464935898780823
waiting
going to web site
Hello world	Thread-6881	7

time: 946688313.529065
diff: 39.470934987068176
waiting
going to web site
Hello world	Thread-7052	7

time: 946688353.530064
diff: 12.46993601322174
waiting
going to web site
Hello world	Thread-7109	7

time: 946688366.542065
diff: 36.457934975624084
waiting
going to web site
Hello world	Thread-7278	7

time: 946688403.539325
diff: 15.46067500114441
waiting
going to web site
Hello world	Thread-7351	5

time: 946688419.544065
diff: 16.45593500137329
waiting
going to web site
Hello world	Thread-7425	6

time: 946688436.5350649
diff: 31.464935064315796
waiting
going to web site
Hello world	Thread-7566	7

time: 946688468.539065
diff: 16.46093499660492
waiting
going to web site
Hello world	Thread-7641	7

time: 946688485.526064
diff: 34.47393596172333
waiting
going to web site
Hello world	Thread-7803	7

time: 946688520.5350641
diff: 8.464935898780823
waiting
going to web site
Hello world	Thread-7831	7

time: 946688529.5350641
diff: 26.464935898780823
waiting
going to web site
Hello world	Thread-7955	3

time: 946688556.526064
diff: 9.473935961723328
waiting
going to web site
Hello world	Thread-8003	2

time: 946688566.526064
diff: 25.473935961723328
waiting
going to web site
Hello world	Thread-8114	6

time: 946688592.5350641
diff: 20.464935898780823
waiting
going to web site
Hello world	Thread-8207	5

time: 946688613.5350641
diff: 17.464935898780823
waiting
going to web site
Hello world	Thread-8283	5

time: 946688631.5350641
diff: 16.464935898780823
waiting
going to web site
Hello world	Thread-8352	5

time: 946688648.526064
diff: 23.473935961723328
waiting
going to web site
Hello world	Thread-8454	7

time: 946688672.5350641
diff: 25.464935898780823
waiting
going to web site
Hello world	Thread-8560	4

time: 946688698.5350641
diff: 29.464935898780823
waiting
going to web site
Hello world	Thread-8684	6

time: 946688728.5350641
diff: 30.464935898780823
waiting
going to web site
Hello world	Thread-8803	7

time: 946688759.5350641
diff: 26.464935898780823
waiting
going to web site
Hello world	Thread-8907	4

time: 946688786.5350641
diff: 30.464935898780823
waiting
going to web site
Hello world	Thread-9036	4

time: 946688817.540065
diff: 13.459934949874878
waiting
going to web site
Hello world	Thread-9091	6

time: 946688831.5350641
diff: 22.464935898780823
waiting
going to web site
Hello world	Thread-9198	4

time: 946688854.5350641
diff: 29.464935898780823
waiting
going to web site
Hello world	Thread-9315	6

time: 946688884.532417
diff: 16.467582941055298
waiting
going to web site
Hello world	Thread-9392	7

time: 946688901.5350641
diff: 18.464935898780823
waiting
going to web site
Hello world	Thread-9475	6

time: 946688920.526064
diff: 32.47393596172333
waiting
going to web site
Hello world	Thread-9617	7

time: 946688953.5294169
diff: 30.470583081245422
waiting
going to web site
Hello world	Thread-9761	5

time: 946688984.5350649
diff: 22.464935064315796
waiting
going to web site
Hello world	Thread-9877	5

time: 946689007.5350649
diff: 28.464935064315796
waiting
going to web site
Hello world	Thread-10007	5

time: 946689036.5350649
diff: 12.464935064315796
waiting
going to web site
Hello world	Thread-10059	6

time: 946689049.526065
diff: 15.473935008049011
waiting
going to web site
Hello world	Thread-10132	6

time: 946689065.539065
diff: 23.46093499660492
waiting
going to web site
Hello world	Thread-10254	5

time: 946689089.5350641
diff: 31.464935898780823
waiting
going to web site
Hello world	Thread-10393	7

time: 946689121.526064
diff: 23.473935961723328
waiting
going to web site
Hello world	Thread-10514	7

time: 946689145.5350641
diff: 7.464935898780823
waiting
going to web site
Hello world	Thread-10550	2

time: 946689153.526064
diff: 29.473935961723328
waiting
going to web site
Hello world	Thread-10692	7

time: 946689183.526064
diff: 22.473935961723328
waiting
going to web site
Hello world	Thread-10805	6

time: 946689206.5350641
diff: 5.464935898780823
waiting
going to web site
Hello world	Thread-10830	6

time: 946689212.5351491
diff: 16.464850902557373
waiting
going to web site
Hello world	Thread-10914	4

time: 946689229.5350641
diff: 16.464935898780823
waiting
going to web site
Hello world	Thread-10992	6

time: 946689246.5350641
diff: 18.464935898780823
waiting
going to web site
Hello world	Thread-11088	4

time: 946689265.5350641
diff: 34.46493589878082
waiting
going to web site
Hello world	Thread-11258	2

time: 946689300.832832
diff: 16.167168021202087
waiting
going to web site
Hello world	Thread-11370	2

time: 946689324.860833
diff: 19.139166951179504
waiting
going to web site
Hello world	Thread-11459	5

time: 946689344.832832
diff: 21.167168021202087
waiting
going to web site
Hello world	Thread-11566	3

time: 946689367.841833
diff: 28.158167004585266
waiting
going to web site
Hello world	Thread-11706	2

time: 946689396.841833
diff: 8.158167004585266
waiting
going to web site
Hello world	Thread-11743	2

time: 946689405.832833
diff: 32.16716694831848
waiting
going to web site
Hello world	Thread-11892	2

time: 946689438.832832
diff: 1.1671680212020874
waiting
going to web site
Hello world	Thread-11898	3

time: 946689440.841833
diff: 23.158167004585266
waiting
going to web site
Hello world	Thread-12009	2

time: 946689464.841833
diff: 15.158167004585266
waiting
going to web site
Hello world	Thread-12089	2

time: 946689480.832833
diff: 34.16716694831848
waiting
going to web site
Hello world	Thread-12241	3

time: 946689515.832832
diff: 24.167168021202087
waiting
going to web site
Hello world	Thread-12358	2

time: 946689540.832833
diff: 11.167166948318481
waiting
going to web site
Hello world	Thread-12414	2

time: 946689552.832832
diff: 18.167168021202087
waiting
going to web site
Hello world	Thread-12497	2

time: 946689571.848833
diff: 29.151167035102844
waiting
going to web site
Hello world	Thread-12633	3

time: 946689601.832833
diff: 7.1671669483184814
waiting
going to web site
Hello world	Thread-12664	5

time: 946689609.832832
diff: 25.167168021202087
waiting
going to web site
Hello world	Thread-12790	3

time: 946689635.841833
diff: 30.158167004585266
waiting
going to web site
Hello world	Thread-12933	4

time: 946689666.832833
diff: 34.16716694831848
waiting
going to web site
Hello world	Thread-13098	5

time: 946689701.8338319
diff: 23.166168093681335
waiting
going to web site
Hello world	Thread-13201	2

time: 946689725.832833
diff: 18.16716694831848
waiting
going to web site
Hello world	Thread-13286	4

time: 946689744.832832
diff: 25.167168021202087
waiting
going to web site
Hello world	Thread-13410	2

time: 946689770.841833
diff: 7.158167004585266
waiting
going to web site
Hello world	Thread-13443	4

time: 946689778.832833
diff: 20.16716694831848
waiting
going to web site
Hello world	Thread-13539	3

time: 946689799.832832
diff: 23.167168021202087
waiting
going to web site
Hello world	Thread-13655	3

time: 946689823.841833
diff: 22.158167004585266
waiting
going to web site
Hello world	Thread-13761	3

time: 946689846.841833
diff: 18.158167004585266
waiting
going to web site
Hello world	Thread-13852	2

time: 946689865.842133
diff: 16.157866954803467
waiting
going to web site
Hello world	Thread-13929	3

time: 946689882.832832
diff: 27.167168021202087
waiting
going to web site
Hello world	Thread-14059	2

time: 946689910.8487129
diff: 5.151287078857422
waiting
going to web site
Hello world	Thread-14073	5

time: 946689916.836713
diff: 25.163287043571472
waiting
going to web site
Hello world	Thread-14186	5

time: 946689942.836713
diff: 23.163287043571472
waiting
going to web site
Hello world	Thread-14296	2

time: 946689966.836713
diff: 30.163287043571472
waiting
going to web site
Hello world	Thread-14433	2

time: 946689997.836713
diff: 20.163287043571472
waiting
going to web site
Hello world	Thread-14522	5

time: 946690018.836713
diff: 25.163287043571472
waiting
going to web site
Hello world	Thread-14633	2

time: 946690044.836713
diff: 20.163287043571472
waiting
going to web site
Hello world	Thread-14723	4

time: 946690065.836713
diff: 24.163287043571472
waiting
going to web site
Hello world	Thread-14828	2

time: 946690090.845713
diff: 16.154286980628967
waiting
going to web site
Hello world	Thread-14907	2

time: 946690107.8367119
diff: 21.163288116455078
waiting
going to web site
Hello world	Thread-14995	4

time: 946690129.836713
diff: 27.163287043571472
waiting
going to web site
Hello world	Thread-15113	3

time: 946690157.836713
diff: 24.163287043571472
waiting
going to web site
Hello world	Thread-15215	4

time: 946690182.836713
diff: 23.163287043571472
waiting
going to web site
Hello world	Thread-15325	3

time: 946690206.8417131
diff: 21.158286929130554
waiting
going to web site
Hello world	Thread-15420	6

time: 946690228.8367119
diff: 19.163288116455078
waiting
going to web site
Hello world	Thread-15500	6

time: 946690248.836713
diff: 22.163287043571472
waiting
going to web site
Hello world	Thread-15614	2

time: 946690271.836713
diff: 23.163287043571472
waiting
going to web site
Hello world	Thread-15712	5

time: 946690295.836713
diff: 15.163287043571472
waiting
going to web site
Hello world	Thread-15779	4

time: 946690311.840305
diff: 31.159695029258728
waiting
going to web site
Hello world	Thread-15918	2

time: 946690343.836713
diff: 29.163287043571472
waiting
going to web site
Hello world	Thread-16045	4

time: 946690373.836713
diff: 14.163287043571472
waiting
going to web site
Hello world	Thread-16109	4

time: 946690388.836713
diff: 26.163287043571472
waiting
going to web site
Hello world	Thread-16224	3

time: 946690415.836713
diff: 21.163287043571472
waiting
going to web site
Hello world	Thread-16324	3

time: 946690437.836713
diff: 18.163287043571472
waiting
going to web site
Hello world	Thread-16405	5

time: 946690456.836713
diff: 28.163287043571472
waiting
going to web site
Hello world	Thread-16533	4

time: 946690485.836713
diff: 22.163287043571472
waiting
going to web site
Hello world	Thread-16632	5

time: 946690508.836713
diff: 25.163287043571472
waiting
going to web site
Hello world	Thread-16748	3

time: 946690534.841833
diff: 22.158167004585266
waiting
going to web site
Hello world	Thread-16843	3

time: 946690557.841833
diff: 25.158167004585266
waiting
going to web site
Hello world	Thread-16963	3

time: 946690583.841833
diff: 16.158167004585266
waiting
going to web site
Hello world	Thread-17038	5

time: 946690600.832833
diff: 25.16716694831848
waiting
going to web site
Hello world	Thread-17140	5

time: 946690626.832832
diff: 28.167168021202087
waiting
going to web site
Hello world	Thread-17265	5

time: 946690655.841833
diff: 11.158167004585266
waiting
going to web site
Hello world	Thread-17316	2

time: 946690667.841833
diff: 27.158167004585266
waiting
going to web site
Hello world	Thread-17443	5

time: 946690695.841833
diff: 17.158167004585266
waiting
going to web site
Hello world	Thread-17518	2

time: 946690713.8421309
diff: 15.157869100570679
waiting
going to web site
Hello world	Thread-17586	2

time: 946690729.848691
diff: 15.1513090133667
waiting
going to web site
Hello world	Thread-17658	2

time: 946690745.841833
diff: 35.158167004585266
waiting
going to web site
Hello world	Thread-17817	3

time: 946690781.845833
diff: 21.15416705608368
waiting
going to web site
Hello world	Thread-17909	3

time: 946690803.841833
diff: 32.158167004585266
waiting
going to web site
Hello world	Thread-18057	3

time: 946690837.851665
diff: 24.148334980010986
waiting
going to web site
Hello world	Thread-18154	5

time: 946690862.832832
diff: 16.167168021202087
waiting
going to web site
Hello world	Thread-18226	5

time: 946690879.841833
diff: 23.158167004585266
waiting
going to web site
Hello world	Thread-18330	3

time: 946690903.842833
diff: 16.157166957855225
waiting
going to web site
Hello world	Thread-18395	5

time: 946690920.832832
diff: 25.167168021202087
waiting
going to web site
Hello world	Thread-18528	5

time: 946690949.841833
diff: 23.158167004585266
waiting
going to web site
Hello world	Thread-18629	2

time: 946690973.841833
diff: 26.158167004585266
waiting
going to web site
Hello world	Thread-18747	3

time: 946691000.832833
diff: 10.167166948318481
waiting
going to web site
Hello world	Thread-18796	5

time: 946691011.832832
diff: 21.167168021202087
waiting
going to web site
Hello world	Thread-18897	2

time: 946691034.842833
diff: 31.157166957855225
waiting
going to web site
Hello world	Thread-19040	4

time: 946691066.832832
diff: 22.167168021202087
waiting
going to web site
Hello world	Thread-19140	2

time: 946691089.849833
diff: 19.150166988372803
waiting
going to web site
Hello world	Thread-19224	6

time: 946691109.832832
diff: 25.167168021202087
waiting
going to web site
Hello world	Thread-19349	4

time: 946691136.845833
diff: 16.15416705608368
waiting
going to web site
Hello world	Thread-19429	3

time: 946691153.8514969
diff: 22.148503065109253
waiting
going to web site
Hello world	Thread-19534	3

time: 946691176.836833
diff: 29.163166999816895
waiting
going to web site
Hello world	Thread-19665	3

time: 946691206.832832
diff: 19.167168021202087
waiting
going to web site
Hello world	Thread-19757	3

time: 946691226.836833
diff: 22.163166999816895
waiting
going to web site
Hello world	Thread-19859	4

time: 946691249.832832
diff: 26.167168021202087
waiting
going to web site
Hello world	Thread-20018	3

time: 946691283.860833
diff: 7.139166951179504
waiting
going to web site
Hello world	Thread-20061	3

time: 946691291.842832
diff: 18.15716803073883
waiting
going to web site
Hello world	Thread-20146	2

time: 946691310.861313
diff: 18.138687014579773
waiting
going to web site
Hello world	Thread-20242	3

time: 946691329.850833
diff: 8.149166941642761
waiting
going to web site
Hello world	Thread-20277	3

time: 946691338.832832
diff: 28.167168021202087
waiting
going to web site
Hello world	Thread-20410	2

time: 946691367.841833
diff: 35.158167004585266
waiting
going to web site
Hello world	Thread-20604	2

time: 946691404.841833
diff: 8.158167004585266
waiting
going to web site
Hello world	Thread-20648	2

time: 946691413.841833
diff: 26.158167004585266
waiting
going to web site
Hello world	Thread-20780	3

time: 946691441.841833
diff: 17.158167004585266
waiting
going to web site
Hello world	Thread-20873	3

time: 946691460.841833
diff: 8.158167004585266
waiting
going to web site
Hello world	Thread-20913	2

time: 946691469.841833
diff: 33.158167004585266
waiting
going to web site
Hello world	Thread-21072	4

time: 946691503.835833
diff: 20.164167046546936
waiting
going to web site
Hello world	Thread-21170	5

time: 946691524.832833
diff: 19.16716694831848
waiting
going to web site
Hello world	Thread-21263	4

time: 946691544.832832
diff: 17.167168021202087
waiting
going to web site
Hello world	Thread-21343	4

time: 946691562.838833
diff: 19.1611670255661
waiting
going to web site
Hello world	Thread-21435	2

time: 946691582.841833
diff: 19.158167004585266
waiting
going to web site
Hello world	Thread-21529	2

time: 946691602.836833
diff: 18.163166999816895
waiting
going to web site
Hello world	Thread-21610	4

time: 946691621.832832
diff: 20.167168021202087
waiting
going to web site
Hello world	Thread-21708	2

time: 946691642.842833
diff: 15.157166957855225
waiting
going to web site
Hello world	Thread-21774	4

time: 946691658.832832
diff: 31.167168021202087
waiting
going to web site
Hello world	Thread-21915	2

time: 946691690.841833
diff: 19.158167004585266
waiting
going to web site
Hello world	Thread-22009	2

time: 946691710.841833
diff: 25.158167004585266
waiting
going to web site
Hello world	Thread-22112	4

time: 946691736.699561
diff: 24.3004390001297
waiting
going to web site
Hello world	Thread-22227	3

time: 946691761.699561
diff: 27.3004390001297
waiting
going to web site
Hello world	Thread-22343	6

time: 946691789.699561
diff: 14.3004390001297
waiting
going to web site
Hello world	Thread-22413	4

time: 946691804.699561
diff: 31.3004390001297
waiting
going to web site
Hello world	Thread-22549	7

time: 946691836.699561
diff: 24.3004390001297
waiting
going to web site
Hello world	Thread-22663	3

time: 946691861.699561
diff: 15.3004390001297
waiting
going to web site
Hello world	Thread-22734	3

time: 946691877.699561
diff: 11.3004390001297
waiting
going to web site
Hello world	Thread-22786	5

time: 946691889.699561
diff: 30.3004390001297
waiting
going to web site
Hello world	Thread-22925	5

time: 946691920.699561
diff: 29.3004390001297
waiting
going to web site
Hello world	Thread-23062	6

time: 946691950.699561
diff: 10.3004390001297
waiting
going to web site
Hello world	Thread-23118	3

time: 946691961.699561
diff: 21.3004390001297
waiting
going to web site
Hello world	Thread-23221	2

time: 946691983.7085611
diff: 22.291438937187195
waiting
going to web site
Hello world	Thread-23326	4

time: 946692006.6995599
diff: 22.300440073013306
waiting
going to web site
Hello world	Thread-23437	4

time: 946692029.699561
diff: 26.3004390001297
waiting
going to web site
Hello world	Thread-23572	5

time: 946692056.699561
diff: 27.3004390001297
waiting
going to web site
Hello world	Thread-23699	5

time: 946692084.699561
diff: 13.3004390001297
waiting
going to web site
Hello world	Thread-23768	3

time: 946692098.699561
diff: 18.3004390001297
waiting
going to web site
Hello world	Thread-23858	7

time: 946692117.699561
diff: 18.3004390001297
waiting
going to web site
Hello world	Thread-23947	3

time: 946692136.699561
diff: 37.3004390001297
waiting
going to web site
Hello world	Thread-24119	7

time: 946692174.699561
diff: 4.3004390001297
waiting
going to web site
Hello world	Thread-24138	4

time: 946692179.699561
diff: 25.3004390001297
waiting
going to web site
Hello world	Thread-24259	4

time: 946692205.7085611
diff: 16.291438937187195
waiting
going to web site
Hello world	Thread-24347	5

time: 946692222.6995599
diff: 18.300440073013306
waiting
going to web site
Hello world	Thread-24423	4

time: 946692241.699561
diff: 15.3004390001297
waiting
going to web site
Hello world	Thread-24497	6

time: 946692257.699561
diff: 22.3004390001297
waiting
going to web site
Hello world	Thread-24607	4

time: 946692280.699561
diff: 10.3004390001297
waiting
going to web site
Hello world	Thread-24649	5

time: 946692291.699561
diff: 20.3004390001297
waiting
going to web site
Hello world	Thread-24743	3

time: 946692312.699561
diff: 39.3004390001297
waiting
going to web site
Hello world	Thread-24917	4

time: 946692352.832833
diff: 18.16716694831848
waiting
going to web site
Hello world	Thread-25003	5

time: 946692371.832832
diff: 22.167168021202087
waiting
going to web site
Hello world	Thread-25104	5

time: 946692395.841833
diff: 27.158167004585266
waiting
going to web site
Hello world	Thread-25217	4

time: 946692423.832833
diff: 29.16716694831848
waiting
going to web site
Hello world	Thread-25344	3

time: 946692453.836832
diff: 18.16316795349121
waiting
going to web site
Hello world	Thread-25428	4

time: 946692472.832832
diff: 14.167168021202087
waiting
going to web site
Hello world	Thread-25489	2

time: 946692487.841833
diff: 32.158167004585266
waiting
going to web site
Hello world	Thread-25627	2

time: 946692520.841833
diff: 20.158167004585266
waiting
going to web site
Hello world	Thread-25714	6

time: 946692541.832833
diff: 33.16716694831848
waiting
going to web site
Hello world	Thread-25860	4

time: 946692575.832832
diff: 11.167168021202087
waiting
going to web site
Hello world	Thread-25911	2

time: 946692587.832833
diff: 25.16716694831848
waiting
going to web site
Hello world	Thread-26019	4

time: 946692613.832832
diff: 30.167168021202087
waiting
going to web site
Hello world	Thread-26145	6

time: 946692644.841833
diff: 8.158167004585266
waiting
going to web site
Hello world	Thread-26184	2

time: 946692653.841833
diff: 27.158167004585266
waiting
going to web site
Hello world	Thread-26280	4

time: 946692681.841833
diff: 25.158167004585266
waiting
going to web site
Hello world	Thread-26367	2

time: 946692707.841833
diff: 23.158167004585266
waiting
going to web site
Hello world	Thread-26436	3

time: 946692731.841833
diff: 18.158167004585266
waiting
going to web site
Hello world	Thread-26494	3

time: 946692750.832833
diff: 29.16716694831848
waiting
going to web site
Hello world	Thread-26562	3

time: 946692780.832832
diff: 19.167168021202087
waiting
going to web site
Hello world	Thread-26607	3

time: 946692800.841833
diff: 19.158167004585266
waiting
going to web site
Hello world	Thread-26645	2

time: 946692820.832833
diff: 18.16716694831848
waiting
going to web site
Hello world	Thread-26680	2

time: 946692839.832832
diff: 26.167168021202087
waiting
going to web site
Hello world	Thread-26719	3

