2023-03-21 15:15:29 1679411729.233364 [tornettools] [INFO] Logging system initialized! Logging events to stdout and to '/tordata/tornettools/experiment0-0.0001/tornettools.generate.2023-03-21.15.15.29.log'
2023-03-21 15:15:29 1679411729.233469 [tornettools] [INFO] Seeded standard and numpy PRNGs with seed=1938203277
2023-03-21 15:15:29 1679411729.233537 [tornettools] [INFO] The argument namespace is: Namespace(atlas_path=None, command='generate', do_trace=False, do_version=False, events_csv='BW,CIRC', exit_user_scale=1.0, formatter_class=<class '__main__.CustomHelpFormatter'>, func=<function generate at 0x7f0c8970ff80>, geoip_path=None, load_scale=1.0, network_info_path='/tordata/tornettools/networkinfo_staging.gml', network_scale=0.0001, nprocesses=12, onion_service_user_scale=0.0, prefix='/tordata/tornettools/experiment0-0.0001', process_scale=0.01, quiet=0, relay_info_path='/tordata/tornettools/relayinfo_staging_2020-11-01--2020-11-30.json', seed=1938203277, server_scale=0.1, tmodel_git_path='/tordata/tornettools/tmodel-ccs2018.github.io', torexe='/usr/local/bin/tor', torgencertexe='/usr/local/bin/tor-gencert', torperf_num_exit=100, torperf_num_onion_service=0, user_info_path='/tordata/tornettools/userinfo_staging_2020-11-01--2020-11-30.json')
2023-03-21 15:15:29 1679411729.233781 [tornettools] [INFO] The platform is: Linux-6.2.0-76060200-generic-x86_64-with-Ubuntu-20.04-focal
2023-03-21 15:15:29 1679411729.233842 [tornettools] [INFO] System info: uname_result(system='Linux', node='c4696c2a85ab', release='6.2.0-76060200-generic', version='#202302191831~1677858327~22.04~3cea1be SMP PREEMPT_DYNAMIC Fri M', machine='x86_64', processor='x86_64')
2023-03-21 15:15:29 1679411729.340218 [tornettools] [INFO] Generating network using tor and tor-gencert at /usr/local/bin/tor and /usr/local/bin/tor-gencert
2023-03-21 15:15:29 1679411729.340379 [tornettools] [INFO] Copying atlas topology file (use the '-a/--atlas' option to disable)
2023-03-21 15:15:29 1679411729.360663 [tornettools] [INFO] Reading staged network info /tordata/tornettools/networkinfo_staging.gml
2023-03-21 15:15:29 1679411729.571393 [tornettools] [INFO] Finished reading staged network info
2023-03-21 15:15:29 1679411729.571491 [tornettools] [INFO] Sampling Tor relays now
2023-03-21 15:15:29 1679411729.958624 [tornettools] [INFO] A full Tor network has 6746 relays with total capacity of 664.311237376 Gbit/s
2023-03-21 15:15:29 1679411729.966429 [tornettools] [INFO] Bandwidth-weights (relevant ones) of a typical consensus:
2023-03-21 15:15:29 1679411729.966487 [tornettools] [INFO] Casename: Case 3a (E scarce), with: Wgg=6293.226704431878, Wgd=0, Wee=10000, Wed=10000, Wmg=3706.773295568122, Wme=0, Wmd=0
2023-03-21 15:15:29 1679411729.966529 [tornettools] [INFO] 1 relays: relative position weights:
2023-03-21 15:15:29 1679411729.966561 [tornettools] [INFO] g: chosen=0.31988240558122816, target=0.5450256792839103, diff=-0.22514327370268217
2023-03-21 15:15:29 1679411729.966590 [tornettools] [INFO] e: chosen=0.12914866476794218, target=0.044078467457759625, diff=0.08507019731018256
2023-03-21 15:15:29 1679411729.966618 [tornettools] [INFO] ge: chosen=0.5325873886926171, target=0.2699275006481107, diff=0.2626598880445064
2023-03-21 15:15:29 1679411729.966646 [tornettools] [INFO] m: chosen=0.018381540958212473, target=0.14096835261021531, diff=-0.12258681165200284
2023-03-21 15:15:29 1679411729.966672 [tornettools] [INFO] The max weight divergence between positions is 0.2626598880445064
2023-03-21 15:15:29 1679411729.966703 [tornettools] [INFO] Renormalizing weights for scaled network using total weight=0.00045322179089314114
2023-03-21 15:15:29 1679411729.966754 [tornettools] [INFO] Bandwidth-weights (relevant ones) of our scaled down consensus of 4 relays:
2023-03-21 15:15:29 1679411729.966786 [tornettools] [INFO] Casename: Case 2b2 (Wgg=weightscale, Wee=weightscale), with: Wgg=10000, Wgd=252.55813482786743, Wee=10000, Wed=3833.8246999542894, Wmg=0, Wme=0, Wmd=5913.617165217843
2023-03-21 15:15:29 1679411729.966939 [tornettools] [INFO] Chose 4 of 6746 relays using scale factor 0.0001
2023-03-21 15:15:29 1679411729.969118 [tornettools] [INFO] Generating Tor key material now, this may take awhile...
2023-03-21 15:15:30 1679411730.186223 [tornettools] [INFO] Generated fingerprints and keys for 7 Tor nodes (3 authorities and 4 relays)
2023-03-21 15:15:30 1679411730.581259 [tornettools] [INFO] Generating Clients
2023-03-21 15:15:30 1679411730.581604 [tornettools] [INFO] Privcount measurements scaled to 111 Tor users, 79 active and 27 inactive
2023-03-21 15:15:30 1679411730.581648 [tornettools] [INFO] Privcount measurements scaled to 288 exit circuits, 149 active and 133 inactive
2023-03-21 15:15:30 1679411730.586303 [tornettools] [INFO] We will use 75 TGen client processes to emulate 75.05 Tor exit users and create 150 exit circuits every 10 minutes in aggregate
2023-03-21 15:15:30 1679411730.586356 [tornettools] [INFO] We will use 0 TGen client processes to emulate 0.0 Tor onion-service users and create 0 onion-service circuits every 10 minutes in aggregate
2023-03-21 15:15:30 1679411730.587371 [tornettools] [INFO] We will use 100 exit perf nodes to benchmark Tor exit performance
2023-03-21 15:15:30 1679411730.587417 [tornettools] [INFO] We will use 0 onion-service perf nodes to benchmark Tor onion-service performance
2023-03-21 15:15:30 1679411730.587451 [tornettools] [INFO] Generating Servers
2023-03-21 15:15:30 1679411730.593581 [tornettools] [DEBUG] System call: /usr/local/bin/tor --version (runtime: 0.01)
2023-03-21 15:15:30 1679411730.750441 [tornettools] [DEBUG] GETCONF __owningcontrollerprocess (runtime: 0.0001)
2023-03-21 15:15:30 1679411730.751636 [tornettools] [DEBUG] RESETCONF __OwningControllerProcess (runtime: 0.0010)
2023-03-21 15:15:30 1679411730.751808 [tornettools] [DEBUG] GETINFO version (runtime: 0.0001)
2023-03-21 15:15:30 1679411730.752136 [tornettools] [INFO] Error while receiving a control message (SocketClosed): received exception "read of closed file"
2023-03-21 15:15:30 1679411730.754092 [tornettools] [INFO] We will use 8 TGen exit servers and 0 TGen onion-service servers to serve 75 TGen exit clients and 0 TGen onion-service clients
2023-03-21 15:15:30 1679411730.754286 [tornettools] [INFO] Generating Tor configuration files
2023-03-21 15:15:30 1679411730.772213 [tornettools] [INFO] Generating TGen configuration files
2023-03-21 15:15:30 1679411730.806651 [tornettools] [INFO] Constructing Shadow config YAML file
