time: 946686600.0
diff: 134.0
waiting
going to web site
Hello world	Thread-780	3

time: 946686734.767328
diff: -0.7673280239105225
going to web site
Hello world	Thread-785	3

time: 946686735.534656
diff: -1.534656047821045
going to web site
Hello world	Thread-788	2

time: 946686736.301984
diff: -2.301983952522278
going to web site
Hello world	Thread-794	2

time: 946686737.0763121
diff: -2.0763120651245117
going to web site
Hello world	Thread-799	2

time: 946686737.8436401
diff: -1.8436400890350342
going to web site
Hello world	Thread-803	4

time: 946686738.6109681
diff: -1.6109681129455566
going to web site
Hello world	Thread-807	5

time: 946686739.378296
diff: 11.62170398235321
waiting
going to web site
Hello world	Thread-175	3

time: 946686751.769328
diff: 14.230672001838684
waiting
going to web site
Hello world	Thread-205	3

time: 946686766.7693291
diff: 25.230670928955078
waiting
going to web site
Hello world	Thread-277	3

time: 946686792.767328
diff: 4.2326719760894775
waiting
going to web site
Hello world	Thread-292	3

time: 946686797.767328
diff: 21.232671976089478
waiting
going to web site
Hello world	Thread-358	3

time: 946686819.781328
diff: 11.218672037124634
waiting
going to web site
Hello world	Thread-1242	5

time: 946686831.7912121
diff: -0.7912120819091797
going to web site
Hello world	Thread-1245	6

time: 946686832.55854
diff: 9.441460013389587
waiting
going to web site
Hello world	Thread-1295	5

time: 946686842.767329
diff: -0.7673289775848389
going to web site
Hello world	Thread-1299	6

time: 946686843.539657
diff: 0.46034300327301025
waiting
going to web site
Hello world	Thread-1304	3

time: 946686844.767329
diff: 1.2326710224151611
waiting
going to web site
Hello world	Thread-1311	2

time: 946686846.767329
diff: -0.7673289775848389
going to web site
Hello world	Thread-1313	4

time: 946686847.541657
diff: -1.5416569709777832
going to web site
Hello world	Thread-1318	2

time: 946686848.317209
diff: -1.317209005355835
going to web site
Hello world	Thread-453	2

time: 946686849.089537
diff: 1.9104629755020142
waiting
going to web site
Hello world	Thread-464	6

time: 946686851.767328
diff: 22.232671976089478
waiting
going to web site
Hello world	Thread-535	5

time: 946686874.775328
diff: 15.224671959877014
waiting
going to web site
Hello world	Thread-600	4

time: 946686890.7743281
diff: 22.225671887397766
waiting
going to web site
Hello world	Thread-696	5

time: 946686913.783328
diff: 17.21667194366455
waiting
going to web site
Hello world	Thread-761	4

time: 946686931.7781451
diff: 21.22185492515564
waiting
going to web site
Hello world	Thread-864	4

time: 946686953.771328
diff: 36.22867202758789
waiting
going to web site
Hello world	Thread-1031	5

time: 946686990.767329
diff: 16.23267102241516
waiting
going to web site
Hello world	Thread-1116	2

time: 946687007.767329
diff: 1.2326710224151611
waiting
going to web site
Hello world	Thread-1974	5

time: 946687009.791329
diff: 25.20867097377777
waiting
going to web site
Hello world	Thread-1242	5

time: 946687035.767328
diff: 24.232671976089478
waiting
going to web site
Hello world	Thread-1354	6

time: 946687060.7743281
diff: 13.225671887397766
waiting
going to web site
Hello world	Thread-1423	3

time: 946687074.767328
diff: 22.232671976089478
waiting
going to web site
Hello world	Thread-1523	4

time: 946687097.767328
diff: 36.23267197608948
waiting
going to web site
Hello world	Thread-1683	3

time: 946687134.769328
diff: 26.230672001838684
waiting
going to web site
Hello world	Thread-1800	4

time: 946687161.767329
diff: 9.232671022415161
waiting
going to web site
Hello world	Thread-1835	3

time: 946687171.767329
diff: 16.23267102241516
waiting
going to web site
Hello world	Thread-1901	5

time: 946687188.767329
diff: 39.23267102241516
waiting
going to web site
Hello world	Thread-2081	4

time: 946687228.767329
diff: 23.23267102241516
waiting
going to web site
Hello world	Thread-2175	5

time: 946687252.782329
diff: 16.217671036720276
waiting
going to web site
Hello world	Thread-2256	2

time: 946687269.767329
diff: 32.23267102241516
waiting
going to web site
Hello world	Thread-2401	4

time: 946687302.767329
diff: 14.232671022415161
waiting
going to web site
Hello world	Thread-2470	5

time: 946687317.7763289
diff: 18.223671078681946
waiting
going to web site
Hello world	Thread-2552	7

time: 946687336.5350649
diff: 10.464935064315796
waiting
going to web site
Hello world	Thread-2592	5

time: 946687347.5350649
diff: 32.464935064315796
waiting
going to web site
Hello world	Thread-2749	4

time: 946687380.5427389
diff: 4.457261085510254
waiting
going to web site
Hello world	Thread-2764	7

time: 946687385.540065
diff: 30.459934949874878
waiting
going to web site
Hello world	Thread-2904	4

time: 946687416.526064
diff: 26.473935961723328
waiting
going to web site
Hello world	Thread-3011	5

time: 946687443.5350641
diff: 26.464935898780823
waiting
going to web site
Hello world	Thread-3138	6

time: 946687470.5350641
diff: 11.464935898780823
waiting
going to web site
Hello world	Thread-3187	4

time: 946687482.526064
diff: 36.47393596172333
waiting
going to web site
Hello world	Thread-3347	7

time: 946687519.5350641
diff: 23.464935898780823
waiting
going to web site
Hello world	Thread-3449	6

time: 946687543.5330639
diff: 15.466936111450195
waiting
going to web site
Hello world	Thread-3526	6

time: 946687559.544065
diff: 31.45593500137329
waiting
going to web site
Hello world	Thread-3662	4

time: 946687591.526065
diff: 13.473935008049011
waiting
going to web site
Hello world	Thread-3719	5

time: 946687605.535218
diff: 23.464781999588013
waiting
going to web site
Hello world	Thread-3830	3

time: 946687629.5330639
diff: 34.466936111450195
waiting
going to web site
Hello world	Thread-3978	5

time: 946687664.5350649
diff: 14.464935064315796
waiting
going to web site
Hello world	Thread-4046	4

time: 946687679.544417
diff: 29.455582976341248
waiting
going to web site
Hello world	Thread-4171	7

time: 946687709.5350641
diff: 20.464935898780823
waiting
going to web site
Hello world	Thread-4277	4

time: 946687730.526064
diff: 6.473935961723328
waiting
going to web site
Hello world	Thread-4305	3

time: 946687737.526064
diff: 31.473935961723328
waiting
going to web site
Hello world	Thread-4440	6

time: 946687769.5350641
diff: 9.464935898780823
waiting
going to web site
Hello world	Thread-4493	6

time: 946687779.5350641
diff: 28.464935898780823
waiting
going to web site
Hello world	Thread-4622	7

time: 946687808.526064
diff: 21.473935961723328
waiting
going to web site
Hello world	Thread-4723	6

time: 946687830.5350641
diff: 8.464935898780823
waiting
going to web site
Hello world	Thread-4758	4

time: 946687839.5350641
diff: 28.464935898780823
waiting
going to web site
Hello world	Thread-4890	6

time: 946687868.5350641
diff: 30.464935898780823
waiting
going to web site
Hello world	Thread-5033	7

time: 946687899.5294169
diff: 14.470583081245422
waiting
going to web site
Hello world	Thread-5102	5

time: 946687914.526065
diff: 23.47393500804901
waiting
going to web site
Hello world	Thread-5222	3

time: 946687939.841833
diff: 28.158167004585266
waiting
going to web site
Hello world	Thread-5363	3

time: 946687969.842833
diff: 22.157166957855225
waiting
going to web site
Hello world	Thread-5473	4

time: 946687992.8434801
diff: 16.156519889831543
waiting
going to web site
Hello world	Thread-5547	5

time: 946688009.832832
diff: 20.167168021202087
waiting
going to web site
Hello world	Thread-5642	5

time: 946688030.841833
diff: 9.158167004585266
waiting
going to web site
Hello world	Thread-5691	3

time: 946688040.841833
diff: 22.158167004585266
waiting
going to web site
Hello world	Thread-5791	4

time: 946688063.841833
diff: 24.158167004585266
waiting
going to web site
Hello world	Thread-5907	4

time: 946688088.841833
diff: 17.158167004585266
waiting
going to web site
Hello world	Thread-5980	4

time: 946688106.841833
diff: 40.158167004585266
waiting
going to web site
Hello world	Thread-6173	5

time: 946688150.845833
diff: 5.154167056083679
waiting
going to web site
Hello world	Thread-6197	2

time: 946688156.841833
diff: 29.158167004585266
waiting
going to web site
Hello world	Thread-6325	2

time: 946688186.841833
diff: 30.158167004585266
waiting
going to web site
Hello world	Thread-6467	2

time: 946688218.851833
diff: 9.14816701412201
waiting
going to web site
Hello world	Thread-6509	5

time: 946688228.832833
diff: 40.16716694831848
waiting
going to web site
Hello world	Thread-6686	3

time: 946688269.832832
diff: 13.167168021202087
waiting
going to web site
Hello world	Thread-6749	5

time: 946688283.841833
diff: 28.158167004585266
waiting
going to web site
Hello world	Thread-6884	2

time: 946688313.854833
diff: 27.145166993141174
waiting
going to web site
Hello world	Thread-7000	4

time: 946688341.832832
diff: 19.167168021202087
waiting
going to web site
Hello world	Thread-7094	3

time: 946688361.841833
diff: 15.158167004585266
waiting
going to web site
Hello world	Thread-7173	3

time: 946688378.841833
diff: 22.158167004585266
waiting
going to web site
Hello world	Thread-7268	5

time: 946688401.836833
diff: 17.163166999816895
waiting
going to web site
Hello world	Thread-7353	3

time: 946688419.832832
diff: 19.167168021202087
waiting
going to web site
Hello world	Thread-7451	3

time: 946688440.845833
diff: 17.15416705608368
waiting
going to web site
Hello world	Thread-7524	4

time: 946688458.842128
diff: 18.157871961593628
waiting
going to web site
Hello world	Thread-7617	4

time: 946688478.832832
diff: 21.167168021202087
waiting
going to web site
Hello world	Thread-7717	3

time: 946688500.841833
diff: 9.158167004585266
waiting
going to web site
Hello world	Thread-7753	4

time: 946688510.841833
diff: 32.158167004585266
waiting
going to web site
Hello world	Thread-7900	2

time: 946688543.841833
diff: 13.158167004585266
waiting
going to web site
Hello world	Thread-7960	2

time: 946688557.841833
diff: 34.158167004585266
waiting
going to web site
Hello world	Thread-8118	3

time: 946688592.841833
diff: 28.158167004585266
waiting
going to web site
Hello world	Thread-8243	3

time: 946688621.832833
diff: 24.16716694831848
waiting
going to web site
Hello world	Thread-8341	4

time: 946688646.832832
diff: 33.16716802120209
waiting
going to web site
Hello world	Thread-8489	3

time: 946688680.841833
diff: 27.158167004585266
waiting
going to web site
Hello world	Thread-8610	2

time: 946688709.851833
diff: 24.14816701412201
waiting
going to web site
Hello world	Thread-8708	2

time: 946688734.841833
diff: 8.158167004585266
waiting
going to web site
Hello world	Thread-8743	2

time: 946688743.841833
diff: 24.158167004585266
waiting
going to web site
Hello world	Thread-8840	3

time: 946688768.841833
diff: 18.158167004585266
waiting
going to web site
Hello world	Thread-8913	2

time: 946688787.841833
diff: 35.158167004585266
waiting
going to web site
Hello world	Thread-9059	2

time: 946688823.832833
diff: 25.16716694831848
waiting
going to web site
Hello world	Thread-9174	5

time: 946688849.832832
diff: 20.167168021202087
waiting
going to web site
Hello world	Thread-9259	2

time: 946688870.841833
diff: 30.158167004585266
waiting
going to web site
Hello world	Thread-9394	4

time: 946688901.841833
diff: 10.158167004585266
waiting
going to web site
Hello world	Thread-9440	2

time: 946688912.841833
diff: 14.158167004585266
waiting
going to web site
Hello world	Thread-9506	2

time: 946688927.841833
diff: 34.158167004585266
waiting
going to web site
Hello world	Thread-9661	4

time: 946688962.841833
diff: 22.158167004585266
waiting
going to web site
Hello world	Thread-9774	5

time: 946688986.841833
diff: 17.158167004585266
waiting
going to web site
Hello world	Thread-9862	5

time: 946689004.832833
diff: 18.16716694831848
waiting
going to web site
Hello world	Thread-9944	4

time: 946689023.832832
diff: 28.167168021202087
waiting
going to web site
Hello world	Thread-10073	3

time: 946689052.841833
diff: 9.158167004585266
waiting
going to web site
Hello world	Thread-10120	4

time: 946689062.845833
diff: 18.15416705608368
waiting
going to web site
Hello world	Thread-10220	4

time: 946689081.841833
diff: 16.158167004585266
waiting
going to web site
Hello world	Thread-10282	4

time: 946689098.832833
diff: 21.16716694831848
waiting
going to web site
Hello world	Thread-10391	2

time: 946689120.832832
diff: 20.167168021202087
waiting
going to web site
Hello world	Thread-10493	2

time: 946689141.832833
diff: 32.16716694831848
waiting
going to web site
Hello world	Thread-10645	5

time: 946689174.832832
diff: 8.167168021202087
waiting
going to web site
Hello world	Thread-10710	3

time: 946689186.8478329
diff: 22.152167081832886
waiting
going to web site
Hello world	Thread-10818	2

time: 946689209.841833
diff: 30.158167004585266
waiting
going to web site
Hello world	Thread-10966	2

time: 946689240.832833
diff: 7.1671669483184814
waiting
going to web site
Hello world	Thread-11007	3

time: 946689248.832832
diff: 32.16716802120209
waiting
going to web site
Hello world	Thread-11164	2

time: 946689281.841833
diff: 21.158167004585266
waiting
going to web site
Hello world	Thread-11270	2

time: 946689303.841833
diff: 9.158167004585266
waiting
going to web site
Hello world	Thread-11318	3

time: 946689313.832833
diff: 17.16716694831848
waiting
going to web site
Hello world	Thread-11398	4

time: 946689331.832832
diff: 13.167168021202087
waiting
going to web site
Hello world	Thread-11467	2

time: 946689345.841833
diff: 38.158167004585266
waiting
going to web site
Hello world	Thread-11652	3

time: 946689385.845833
diff: 19.15416705608368
waiting
going to web site
Hello world	Thread-11744	3

time: 946689405.832833
diff: 27.16716694831848
waiting
going to web site
Hello world	Thread-11873	5

time: 946689433.836832
diff: 16.16316795349121
waiting
going to web site
Hello world	Thread-11939	6

time: 946689450.832832
diff: 7.167168021202087
waiting
going to web site
Hello world	Thread-11984	3

time: 946689458.832833
diff: 13.167166948318481
waiting
going to web site
Hello world	Thread-12045	6

time: 946689472.832832
diff: 37.16716802120209
waiting
going to web site
Hello world	Thread-12218	4

time: 946689510.832833
diff: 19.16716694831848
waiting
going to web site
Hello world	Thread-12306	6

time: 946689530.832832
diff: 23.167168021202087
waiting
going to web site
Hello world	Thread-12440	3

time: 946689557.841833
diff: 29.158167004585266
waiting
going to web site
Hello world	Thread-12576	5

time: 946689587.832833
diff: 24.16716694831848
waiting
going to web site
Hello world	Thread-12678	3

time: 946689612.832832
diff: 18.167168021202087
waiting
going to web site
Hello world	Thread-12769	4

time: 946689631.841833
diff: 24.158167004585266
waiting
going to web site
Hello world	Thread-12885	4

time: 946689656.841833
diff: 11.158167004585266
waiting
going to web site
Hello world	Thread-12942	2

time: 946689668.836833
diff: 15.163166999816895
waiting
going to web site
Hello world	Thread-13022	6

time: 946689684.832832
diff: 20.167168021202087
waiting
going to web site
Hello world	Thread-13116	3

time: 946689705.841833
diff: 18.158167004585266
waiting
going to web site
Hello world	Thread-13199	2

time: 946689724.832833
diff: 23.16716694831848
waiting
going to web site
Hello world	Thread-13308	5

time: 946689748.832832
diff: 20.167168021202087
waiting
going to web site
Hello world	Thread-13408	2

time: 946689769.841833
diff: 17.158167004585266
waiting
going to web site
Hello world	Thread-13481	5

time: 946689787.832833
diff: 24.16716694831848
waiting
going to web site
Hello world	Thread-13597	6

time: 946689812.832832
diff: 20.167168021202087
waiting
going to web site
Hello world	Thread-13701	3

time: 946689834.841833
diff: 25.158167004585266
waiting
going to web site
Hello world	Thread-13829	5

time: 946689860.841833
diff: 10.158167004585266
waiting
going to web site
Hello world	Thread-13880	3

time: 946689871.832833
diff: 28.16716694831848
waiting
going to web site
Hello world	Thread-14008	5

time: 946689900.832832
diff: 23.167168021202087
waiting
going to web site
Hello world	Thread-14111	4

time: 946689924.841833
diff: 21.158167004585266
waiting
going to web site
Hello world	Thread-14214	3

time: 946689946.841833
diff: 29.158167004585266
waiting
going to web site
Hello world	Thread-14337	2

time: 946689977.8588331
diff: 12.141166925430298
waiting
going to web site
Hello world	Thread-14402	2

time: 946689990.832832
diff: 29.167168021202087
waiting
going to web site
Hello world	Thread-14529	4

time: 946690020.832833
diff: 33.16716694831848
waiting
going to web site
Hello world	Thread-14673	3

time: 946690054.832832
diff: 25.167168021202087
waiting
going to web site
Hello world	Thread-14779	3

time: 946690080.841833
diff: 21.158167004585266
waiting
going to web site
Hello world	Thread-14885	3

time: 946690102.8478329
diff: 18.152167081832886
waiting
going to web site
Hello world	Thread-14962	5

time: 946690121.841833
diff: 17.158167004585266
waiting
going to web site
Hello world	Thread-15036	4

time: 946690139.8656651
diff: 24.134334921836853
waiting
going to web site
Hello world	Thread-15144	3

time: 946690164.832832
diff: 23.167168021202087
waiting
going to web site
Hello world	Thread-15241	2

time: 946690188.841833
diff: 14.158167004585266
waiting
going to web site
Hello world	Thread-15309	2

time: 946690203.841833
diff: 31.158167004585266
waiting
going to web site
Hello world	Thread-15449	4

time: 946690235.841833
diff: 18.158167004585266
waiting
going to web site
Hello world	Thread-15535	2

time: 946690255.842833
diff: 33.157166957855225
waiting
going to web site
Hello world	Thread-15686	5

time: 946690289.832832
diff: 11.167168021202087
waiting
going to web site
Hello world	Thread-15735	6

time: 946690301.841833
diff: 29.158167004585266
waiting
going to web site
Hello world	Thread-15862	4

time: 946690331.841833
diff: 13.158167004585266
waiting
going to web site
Hello world	Thread-15922	4

time: 946690345.832833
diff: 23.16716694831848
waiting
going to web site
Hello world	Thread-16026	5

time: 946690369.836832
diff: 18.16316795349121
waiting
going to web site
Hello world	Thread-16110	3

time: 946690388.836832
diff: 31.16316795349121
waiting
going to web site
Hello world	Thread-16250	6

time: 946690420.8408331
diff: 17.159166932106018
waiting
going to web site
Hello world	Thread-16329	4

time: 946690438.832832
diff: 32.16716802120209
waiting
going to web site
Hello world	Thread-16477	4

time: 946690472.841833
diff: 12.158167004585266
waiting
going to web site
Hello world	Thread-16535	3

time: 946690485.841833
diff: 33.158167004585266
waiting
going to web site
Hello world	Thread-16683	2

time: 946690519.841833
diff: 13.158167004585266
waiting
going to web site
Hello world	Thread-16745	6

time: 946690533.841833
diff: 26.158167004585266
waiting
going to web site
Hello world	Thread-16867	2

time: 946690561.845833
diff: 21.15416705608368
waiting
going to web site
Hello world	Thread-16962	2

time: 946690583.841833
diff: 11.158167004585266
waiting
going to web site
Hello world	Thread-17010	3

time: 946690595.832833
diff: 15.167166948318481
waiting
going to web site
Hello world	Thread-17075	3

time: 946690611.851481
diff: 25.148519039154053
waiting
going to web site
Hello world	Thread-17194	4

time: 946690637.832833
diff: 40.16716694831848
waiting
going to web site
Hello world	Thread-17362	4

time: 946690678.832832
diff: 11.167168021202087
waiting
going to web site
Hello world	Thread-17424	2

time: 946690691.851665
diff: 36.148334980010986
waiting
going to web site
Hello world	Thread-17578	6

time: 946690728.832832
diff: 16.167168021202087
waiting
going to web site
Hello world	Thread-17659	3

time: 946690745.841833
diff: 23.158167004585266
waiting
going to web site
Hello world	Thread-17782	4

time: 946690772.851833
diff: 9.14816701412201
waiting
going to web site
Hello world	Thread-17821	3

time: 946690782.832833
diff: 24.16716694831848
waiting
going to web site
Hello world	Thread-17927	2

time: 946690807.832832
diff: 22.167168021202087
waiting
going to web site
Hello world	Thread-18031	2

time: 946690830.8611851
diff: 26.13881492614746
waiting
going to web site
Hello world	Thread-18132	2

time: 946690857.832832
diff: 30.167168021202087
waiting
going to web site
Hello world	Thread-18269	6

time: 946690888.832833
diff: 17.16716694831848
waiting
going to web site
Hello world	Thread-18343	6

time: 946690906.832832
diff: 31.167168021202087
waiting
going to web site
Hello world	Thread-18479	3

time: 946690938.841833
diff: 14.158167004585266
waiting
going to web site
Hello world	Thread-18546	5

time: 946690953.842331
diff: 21.157668948173523
waiting
going to web site
Hello world	Thread-18632	4

time: 946690975.832832
diff: 19.167168021202087
waiting
going to web site
Hello world	Thread-18725	2

time: 946690995.841833
diff: 22.158167004585266
waiting
going to web site
Hello world	Thread-18828	3

time: 946691018.832833
diff: 31.16716694831848
waiting
going to web site
Hello world	Thread-18968	4

time: 946691050.832832
diff: 14.167168021202087
waiting
going to web site
Hello world	Thread-19038	3

time: 946691065.841833
diff: 26.158167004585266
waiting
going to web site
Hello world	Thread-19155	4

time: 946691092.8517771
diff: 20.14822292327881
waiting
going to web site
Hello world	Thread-19246	5

time: 946691113.832832
diff: 20.167168021202087
waiting
going to web site
Hello world	Thread-19339	3

time: 946691134.841833
diff: 31.158167004585266
waiting
going to web site
Hello world	Thread-19481	3

time: 946691166.841833
diff: 12.158167004585266
waiting
going to web site
Hello world	Thread-19544	3

time: 946691179.832833
diff: 20.16716694831848
waiting
going to web site
Hello world	Thread-19638	3

time: 946691200.832832
diff: 16.167168021202087
waiting
going to web site
Hello world	Thread-19714	3

time: 946691217.841833
diff: 19.158167004585266
waiting
going to web site
Hello world	Thread-19814	3

time: 946691237.832833
diff: 25.16716694831848
waiting
going to web site
Hello world	Thread-19930	4

time: 946691263.832832
diff: 22.167168021202087
waiting
going to web site
Hello world	Thread-20033	3

time: 946691286.832833
diff: 22.16716694831848
waiting
going to web site
Hello world	Thread-20138	5

time: 946691309.832832
diff: 25.167168021202087
waiting
going to web site
Hello world	Thread-20267	2

time: 946691335.8398329
diff: 12.16016709804535
waiting
going to web site
Hello world	Thread-20322	3

time: 946691348.841833
diff: 20.158167004585266
waiting
going to web site
Hello world	Thread-20465	3

time: 946691376.841833
diff: 15.158167004585266
waiting
going to web site
Hello world	Thread-20549	3

time: 946691392.841833
diff: 11.158167004585266
waiting
going to web site
Hello world	Thread-20605	4

time: 946691404.841833
diff: 16.158167004585266
waiting
going to web site
Hello world	Thread-20694	3

time: 946691422.842833
diff: 29.157166957855225
waiting
going to web site
Hello world	Thread-20833	3

time: 946691452.832832
diff: 28.167168021202087
waiting
going to web site
Hello world	Thread-20975	3

time: 946691482.841833
diff: 16.158167004585266
waiting
going to web site
Hello world	Thread-21053	5

time: 946691499.841833
diff: 4.158167004585266
waiting
going to web site
Hello world	Thread-21078	2

time: 946691504.841833
diff: 23.158167004585266
waiting
going to web site
Hello world	Thread-21192	3

time: 946691528.841833
diff: 25.158167004585266
waiting
going to web site
Hello world	Thread-21312	5

time: 946691554.841833
diff: 25.158167004585266
waiting
going to web site
Hello world	Thread-21429	2

time: 946691580.845833
diff: 8.15416705608368
waiting
going to web site
Hello world	Thread-21465	3

time: 946691589.841833
diff: 31.158167004585266
waiting
going to web site
Hello world	Thread-21618	2

time: 946691622.841833
diff: 29.158167004585266
waiting
going to web site
Hello world	Thread-21749	3

time: 946691652.841833
diff: 25.158167004585266
waiting
going to web site
Hello world	Thread-21868	4

time: 946691679.851684
diff: 18.148316025733948
waiting
going to web site
Hello world	Thread-21954	3

time: 946691699.851833
diff: 25.14816701412201
waiting
going to web site
Hello world	Thread-22090	3

time: 946691728.841833
diff: 16.158167004585266
waiting
going to web site
Hello world	Thread-22164	2

time: 946691746.851833
diff: 14.14816701412201
waiting
going to web site
Hello world	Thread-22242	2

time: 946691764.841833
diff: 26.158167004585266
waiting
going to web site
Hello world	Thread-22358	2

time: 946691791.841833
diff: 25.158167004585266
waiting
going to web site
Hello world	Thread-22472	3

time: 946691817.845833
diff: 13.15416705608368
waiting
going to web site
Hello world	Thread-22529	3

time: 946691831.832833
diff: 27.16716694831848
waiting
going to web site
Hello world	Thread-22653	4

time: 946691859.832832
diff: 21.167168021202087
waiting
going to web site
Hello world	Thread-22756	4

time: 946691881.841833
diff: 10.158167004585266
waiting
going to web site
Hello world	Thread-22800	3

time: 946691892.841833
diff: 30.158167004585266
waiting
going to web site
Hello world	Thread-22943	2

time: 946691923.841833
diff: 23.158167004585266
waiting
going to web site
Hello world	Thread-23050	3

time: 946691947.841833
diff: 17.158167004585266
waiting
going to web site
Hello world	Thread-23135	2

time: 946691965.841833
diff: 26.158167004585266
waiting
going to web site
Hello world	Thread-23267	3

time: 946691992.841833
diff: 6.158167004585266
waiting
going to web site
Hello world	Thread-23294	2

time: 946691999.841833
diff: 38.158167004585266
waiting
going to web site
Hello world	Thread-23486	3

time: 946692039.841833
diff: 17.158167004585266
waiting
going to web site
Hello world	Thread-23579	4

time: 946692057.841833
diff: 3.158167004585266
waiting
going to web site
Hello world	Thread-23597	2

time: 946692061.841833
diff: 30.158167004585266
waiting
going to web site
Hello world	Thread-23740	2

time: 946692092.841833
diff: 13.158167004585266
waiting
going to web site
Hello world	Thread-23801	3

time: 946692106.841833
diff: 17.158167004585266
waiting
going to web site
Hello world	Thread-23895	2

time: 946692124.8422489
diff: 16.157751083374023
waiting
going to web site
Hello world	Thread-23970	2

time: 946692141.851833
diff: 23.14816701412201
waiting
going to web site
Hello world	Thread-24083	3

time: 946692165.841833
diff: 25.158167004585266
waiting
going to web site
Hello world	Thread-24202	4

time: 946692191.832833
diff: 16.16716694831848
waiting
going to web site
Hello world	Thread-24275	4

time: 946692208.832832
diff: 31.167168021202087
waiting
going to web site
Hello world	Thread-24421	7

time: 946692240.832833
diff: 23.16716694831848
waiting
going to web site
Hello world	Thread-24535	4

time: 946692264.832832
diff: 19.167168021202087
waiting
going to web site
Hello world	Thread-24630	5

time: 946692284.832833
diff: 29.16716694831848
waiting
going to web site
Hello world	Thread-24754	4

time: 946692314.832832
diff: 19.167168021202087
waiting
going to web site
Hello world	Thread-24853	2

time: 946692335.859833
diff: 20.140166997909546
waiting
going to web site
Hello world	Thread-24936	3

time: 946692356.832832
diff: 24.167168021202087
waiting
going to web site
Hello world	Thread-25048	2

time: 946692381.832833
diff: 33.16716694831848
waiting
going to web site
Hello world	Thread-25183	2

time: 946692415.832832
diff: 21.167168021202087
waiting
going to web site
Hello world	Thread-25282	3

time: 946692437.841833
diff: 13.158167004585266
waiting
going to web site
Hello world	Thread-25335	2

time: 946692451.841833
diff: 25.158167004585266
waiting
going to web site
Hello world	Thread-25455	2

time: 946692477.841833
diff: 23.158167004585266
waiting
going to web site
Hello world	Thread-25545	3

time: 946692501.841833
diff: 15.158167004585266
waiting
going to web site
Hello world	Thread-25619	2

time: 946692517.845833
diff: 22.15416705608368
waiting
going to web site
Hello world	Thread-25715	2

time: 946692541.851833
diff: 28.14816701412201
waiting
going to web site
Hello world	Thread-25837	5

time: 946692570.836833
diff: 26.163166999816895
waiting
going to web site
Hello world	Thread-25949	3

time: 946692597.832832
diff: 23.167168021202087
waiting
going to web site
Hello world	Thread-26059	3

time: 946692621.859833
diff: 14.140166997909546
waiting
going to web site
Hello world	Thread-26114	3

time: 946692636.832832
diff: 37.16716802120209
waiting
going to web site
Hello world	Thread-26258	4

time: 946692674.841833
diff: 17.158167004585266
waiting
going to web site
Hello world	Thread-26321	3

time: 946692692.841833
diff: 19.158167004585266
waiting
going to web site
Hello world	Thread-26382	2

time: 946692712.832833
diff: 22.16716694831848
waiting
going to web site
Hello world	Thread-26450	3

