time: 946686600.0
diff: 0.0
going to web site
Hello world	Thread-5	3

time: 946686600.636976
diff: 59.36302399635315
waiting
going to web site
Hello world	Thread-12	3

time: 946686660.636976
diff: 59.36302399635315
waiting
going to web site
Hello world	Thread-17	5

time: 946686720.6459771
diff: 59.35402286052704
waiting
going to web site
Hello world	Thread-26	2

time: 946686780.6459761
diff: 119.35402393341064
waiting
going to web site
Hello world	Thread-37	3

time: 946686900.636976
diff: 119.36302399635315
waiting
going to web site
Hello world	Thread-49	3

time: 946687020.636976
diff: 120.36302399635315
waiting
going to web site
Hello world	Thread-67	4

time: 946687141.6459761
diff: 119.35402393341064
waiting
going to web site
Hello world	Thread-77	7

time: 946687261.6459771
diff: 119.35402286052704
waiting
going to web site
Hello world	Thread-91	3

time: 946687381.6369761
diff: 59.36302387714386
waiting
going to web site
Hello world	Thread-96	2

time: 946687441.6369761
diff: 59.36302387714386
waiting
going to web site
Hello world	Thread-103	3

time: 946687501.6369761
diff: 119.36302387714386
waiting
going to web site
Hello world	Thread-118	3

time: 946687621.6369761
diff: 120.36302387714386
waiting
going to web site
Hello world	Thread-132	6

time: 946687742.6459761
diff: 119.35402393341064
waiting
going to web site
Hello world	Thread-144	5

time: 946687862.6529762
diff: 59.34702384471893
waiting
going to web site
Hello world	Thread-151	4

time: 946687922.6459761
diff: 119.35402393341064
waiting
going to web site
Hello world	Thread-164	3

time: 946688042.6369761
diff: 59.36302387714386
waiting
going to web site
Hello world	Thread-174	3

time: 946688102.6369761
diff: 119.36302387714386
waiting
going to web site
Hello world	Thread-189	3

time: 946688222.6369761
diff: 120.36302387714386
waiting
going to web site
Hello world	Thread-202	6

