time: 946686600.0
diff: 225.0
waiting
going to web site
Hello world	Thread-381	3

time: 946686825.70056
diff: 8.299440026283264
waiting
going to web site
Hello world	Thread-407	2

time: 946686834.706561
diff: 20.293439030647278
waiting
going to web site
Hello world	Thread-479	6

time: 946686855.703561
diff: 18.296439051628113
waiting
going to web site
Hello world	Thread-534	6

time: 946686874.7155609
diff: 17.284439086914062
waiting
going to web site
Hello world	Thread-608	4

time: 946686892.699561
diff: 21.3004390001297
waiting
going to web site
Hello world	Thread-700	6

time: 946686914.7155609
diff: 16.284439086914062
waiting
going to web site
Hello world	Thread-760	6

time: 946686931.715642
diff: 20.284358024597168
waiting
going to web site
Hello world	Thread-861	4

time: 946686952.712561
diff: 12.287438988685608
waiting
going to web site
Hello world	Thread-912	6

time: 946686965.70856
diff: 17.2914400100708
waiting
going to web site
Hello world	Thread-997	5

time: 946686983.708976
diff: 27.29102396965027
waiting
going to web site
Hello world	Thread-1129	7

time: 946687011.6995599
diff: 17.300440073013306
waiting
going to web site
Hello world	Thread-1215	5

time: 946687029.699561
diff: 32.3004390001297
waiting
going to web site
Hello world	Thread-1365	6

time: 946687062.699561
diff: 16.3004390001297
waiting
going to web site
Hello world	Thread-1441	5

time: 946687079.699561
diff: 37.3004390001297
waiting
going to web site
Hello world	Thread-1606	6

time: 946687117.699561
diff: 10.3004390001297
waiting
going to web site
Hello world	Thread-1659	3

time: 946687128.699561
diff: 26.3004390001297
waiting
going to web site
Hello world	Thread-1765	4

time: 946687155.7085611
diff: 25.291438937187195
waiting
going to web site
Hello world	Thread-1872	5

time: 946687181.6995599
diff: 16.300440073013306
waiting
going to web site
Hello world	Thread-1947	5

time: 946687198.699561
diff: 35.3004390001297
waiting
going to web site
Hello world	Thread-2097	4

time: 946687234.699561
diff: 18.3004390001297
waiting
going to web site
Hello world	Thread-2179	7

time: 946687253.699561
diff: 8.3004390001297
waiting
going to web site
Hello world	Thread-2220	4

time: 946687262.699561
diff: 34.3004390001297
waiting
going to web site
Hello world	Thread-2383	4

time: 946687297.699561
diff: 20.3004390001297
waiting
going to web site
Hello world	Thread-2476	3

time: 946687318.699561
diff: 25.3004390001297
waiting
going to web site
Hello world	Thread-2583	3

time: 946687344.699561
diff: 23.3004390001297
waiting
going to web site
Hello world	Thread-2689	6

time: 946687368.7342991
diff: 2.265700936317444
waiting
going to web site
Hello world	Thread-2123	2

time: 946687371.6995599
diff: -0.6995599269866943
going to web site
Hello world	Thread-2124	2

time: 946687372.39912
diff: -1.3991199731826782
going to web site
Hello world	Thread-2126	2

time: 946687373.10468
diff: -1.1046799421310425
going to web site
Hello world	Thread-2127	2

time: 946687373.80424
diff: -1.8042399883270264
going to web site
Hello world	Thread-2128	2

time: 946687374.5038
diff: -2.5038000345230103
going to web site
Hello world	Thread-2129	2

time: 946687375.2123599
diff: -3.21235990524292
going to web site
Hello world	Thread-2130	2

time: 946687375.91192
diff: -3.911919951438904
going to web site
Hello world	Thread-2131	2

time: 946687376.6114801
diff: -4.611480116844177
going to web site
Hello world	Thread-2132	2

time: 946687377.317209
diff: -4.317209005355835
going to web site
Hello world	Thread-2133	2

time: 946687378.016769
diff: -5.016769051551819
going to web site
Hello world	Thread-2134	2

time: 946687378.7233291
diff: -5.723329067230225
going to web site
Hello world	Thread-2135	2

time: 946687379.422889
diff: -5.422888994216919
going to web site
Hello world	Thread-2136	2

time: 946687380.129449
diff: 18.870550990104675
waiting
going to web site
Hello world	Thread-2828	4

time: 946687399.6995599
diff: 11.300440073013306
waiting
going to web site
Hello world	Thread-2879	6

time: 946687411.699561
diff: 16.3004390001297
waiting
going to web site
Hello world	Thread-2956	4

time: 946687428.841833
diff: 30.158167004585266
waiting
going to web site
Hello world	Thread-3095	2

time: 946687459.841833
diff: 9.158167004585266
waiting
going to web site
Hello world	Thread-3136	2

time: 946687469.832833
diff: 28.16716694831848
waiting
going to web site
Hello world	Thread-3259	4

time: 946687498.832832
diff: 15.167168021202087
waiting
going to web site
Hello world	Thread-3328	4

time: 946687514.841833
diff: 23.158167004585266
waiting
going to web site
Hello world	Thread-3435	2

time: 946687538.8378329
diff: 34.16216707229614
waiting
going to web site
Hello world	Thread-3589	5

time: 946687573.845833
diff: 16.15416705608368
waiting
going to web site
Hello world	Thread-3661	2

time: 946687590.8500401
diff: 17.149959921836853
waiting
going to web site
Hello world	Thread-3736	5

time: 946687608.832832
diff: 26.167168021202087
waiting
going to web site
Hello world	Thread-3859	2

time: 946687635.841833
diff: 30.158167004585266
waiting
going to web site
Hello world	Thread-3986	3

time: 946687666.832833
diff: 27.16716694831848
waiting
going to web site
Hello world	Thread-4117	4

time: 946687694.832832
diff: 16.167168021202087
waiting
going to web site
Hello world	Thread-4192	3

time: 946687712.859833
diff: 28.140166997909546
waiting
going to web site
Hello world	Thread-4323	3

time: 946687741.836832
diff: 21.16316795349121
waiting
going to web site
Hello world	Thread-4417	7

time: 946687763.832832
diff: 28.167168021202087
waiting
going to web site
Hello world	Thread-4550	4

time: 946687792.841833
diff: 14.158167004585266
waiting
going to web site
Hello world	Thread-4619	3

time: 946687807.841833
diff: 12.158167004585266
waiting
going to web site
Hello world	Thread-4673	2

time: 946687820.841833
diff: 16.158167004585266
waiting
going to web site
Hello world	Thread-4752	2

time: 946687837.841833
diff: 22.158167004585266
waiting
going to web site
Hello world	Thread-4851	3

time: 946687860.841833
diff: 15.158167004585266
waiting
going to web site
Hello world	Thread-4944	2

time: 946687879.842544
diff: 15.157456040382385
waiting
going to web site
Hello world	Thread-5016	2

time: 946687895.841833
diff: 19.158167004585266
waiting
going to web site
Hello world	Thread-5108	2

time: 946687915.841833
diff: 34.158167004585266
waiting
going to web site
Hello world	Thread-5278	3

time: 946687950.841833
diff: 22.158167004585266
waiting
going to web site
Hello world	Thread-5383	5

time: 946687973.832833
diff: 24.16716694831848
waiting
going to web site
Hello world	Thread-5499	2

time: 946687998.832832
diff: 20.167168021202087
waiting
going to web site
Hello world	Thread-5594	2

time: 946688019.832833
diff: 29.16716694831848
waiting
going to web site
Hello world	Thread-5764	2

time: 946688056.901776
diff: 6.09822404384613
waiting
going to web site
Hello world	Thread-5793	2

time: 946688063.910777
diff: 13.089223027229309
waiting
going to web site
Hello world	Thread-5857	2

time: 946688077.910777
diff: 27.08922302722931
waiting
going to web site
Hello world	Thread-5977	2

time: 946688105.910777
diff: 20.08922302722931
waiting
going to web site
Hello world	Thread-6069	2

time: 946688126.901777
diff: 19.098222970962524
waiting
going to web site
Hello world	Thread-6185	3

time: 946688153.9027761
diff: 19.0972238779068
waiting
going to web site
Hello world	Thread-6264	2

time: 946688173.904776
diff: 16.095224022865295
waiting
going to web site
Hello world	Thread-6340	2

time: 946688190.901777
diff: 23.098222970962524
waiting
going to web site
Hello world	Thread-6448	2

time: 946688214.9027761
diff: 14.0972238779068
waiting
going to web site
Hello world	Thread-6517	2

time: 946688229.9027761
diff: 33.0972238779068
waiting
going to web site
Hello world	Thread-6672	2

time: 946688264.905776
diff: 27.094223976135254
waiting
going to web site
Hello world	Thread-6792	2

time: 946688292.901776
diff: 18.09822404384613
waiting
going to web site
Hello world	Thread-6873	2

time: 946688311.910777
diff: 20.08922302722931
waiting
going to web site
Hello world	Thread-6969	2

time: 946688332.910777
diff: 37.08922302722931
waiting
going to web site
Hello world	Thread-7138	2

time: 946688371.910777
diff: 16.08922302722931
waiting
going to web site
Hello world	Thread-7217	2

time: 946688388.91184
diff: 35.088160037994385
waiting
going to web site
Hello world	Thread-7378	2

time: 946688424.903777
diff: 10.096222996711731
waiting
going to web site
Hello world	Thread-7422	2

time: 946688435.9027761
diff: 22.0972238779068
waiting
going to web site
Hello world	Thread-7542	2

time: 946688461.9027761
diff: 6.097223877906799
waiting
going to web site
Hello world	Thread-7604	2

time: 946688475.903776
diff: 19.096223950386047
waiting
going to web site
Hello world	Thread-7693	2

time: 946688496.901776
diff: 19.09822404384613
waiting
going to web site
Hello world	Thread-7786	2

time: 946688516.910777
diff: 20.08922302722931
waiting
going to web site
Hello world	Thread-7875	2

time: 946688537.912777
diff: 23.087223052978516
waiting
going to web site
Hello world	Thread-7981	2

time: 946688561.910777
diff: 14.089223027229309
waiting
going to web site
Hello world	Thread-8049	2

time: 946688576.910777
diff: 9.089223027229309
waiting
going to web site
Hello world	Thread-8089	2

time: 946688586.910777
diff: 31.08922302722931
waiting
going to web site
Hello world	Thread-8230	2

time: 946688618.901777
diff: 23.098222970962524
waiting
going to web site
Hello world	Thread-8335	2

time: 946688643.903776
diff: 35.09622395038605
waiting
going to web site
Hello world	Thread-8481	6

time: 946688679.849036
diff: 13.15096402168274
waiting
going to web site
Hello world	Thread-8549	2

time: 946688693.860037
diff: 28.139963030815125
waiting
going to web site
Hello world	Thread-8664	2

time: 946688722.859583
diff: 34.140416979789734
waiting
going to web site
Hello world	Thread-8801	2

time: 946688757.850036
diff: 19.149963974952698
waiting
going to web site
Hello world	Thread-8874	4

time: 946688777.849036
diff: 23.15096402168274
waiting
going to web site
Hello world	Thread-8975	2

time: 946688801.8630371
diff: 28.136962890625
waiting
going to web site
Hello world	Thread-9088	4

time: 946688830.8558329
diff: 20.144167065620422
waiting
going to web site
Hello world	Thread-9193	3

time: 946688852.8695819
diff: 9.130418062210083
waiting
going to web site
Hello world	Thread-9232	2

time: 946688862.859037
diff: 39.14096295833588
waiting
going to web site
Hello world	Thread-9397	5

time: 946688902.849036
diff: 25.15096402168274
waiting
going to web site
Hello world	Thread-9512	2

time: 946688928.854037
diff: 13.145962953567505
waiting
going to web site
Hello world	Thread-9574	2

time: 946688942.850935
diff: 30.149065017700195
waiting
going to web site
Hello world	Thread-9717	2

time: 946688973.8630371
diff: 15.136962890625
waiting
going to web site
Hello world	Thread-9786	7

time: 946688989.849036
diff: 23.15096402168274
waiting
going to web site
Hello world	Thread-9902	2

time: 946689013.859037
diff: 12.140962958335876
waiting
going to web site
Hello world	Thread-9960	3

time: 946689026.849036
diff: 35.15096402168274
waiting
going to web site
Hello world	Thread-10127	2

time: 946689063.862037
diff: 10.137963056564331
waiting
going to web site
Hello world	Thread-10198	2

time: 946689077.859583
diff: 19.140416979789734
waiting
going to web site
Hello world	Thread-10280	2

time: 946689097.850935
diff: 31.149065017700195
waiting
going to web site
Hello world	Thread-10444	3

time: 946689130.859037
diff: 11.140962958335876
waiting
going to web site
Hello world	Thread-10500	4

time: 946689142.849036
diff: 15.15096402168274
waiting
going to web site
Hello world	Thread-10568	2

time: 946689158.860037
diff: 20.139963030815125
waiting
going to web site
Hello world	Thread-10680	2

time: 946689180.866037
diff: 7.133962988853455
waiting
going to web site
Hello world	Thread-10721	5

time: 946689188.849036
diff: 27.15096402168274
waiting
going to web site
Hello world	Thread-10873	2

time: 946689219.859037
diff: 28.140962958335876
waiting
going to web site
Hello world	Thread-11008	2

time: 946689248.850036
diff: 14.149963974952698
waiting
going to web site
Hello world	Thread-11079	5

time: 946689263.849036
diff: 21.15096402168274
waiting
going to web site
Hello world	Thread-11178	4

time: 946689285.7971929
diff: 19.202807068824768
waiting
going to web site
Hello world	Thread-11279	4

time: 946689305.7971929
diff: 30.202807068824768
waiting
going to web site
Hello world	Thread-11423	6

time: 946689336.802193
diff: 12.19780695438385
waiting
going to web site
Hello world	Thread-11482	3

time: 946689349.8031449
diff: 26.196855068206787
waiting
going to web site
Hello world	Thread-11614	3

time: 946689376.7991929
diff: 9.200807094573975
waiting
going to web site
Hello world	Thread-11655	6

time: 946689386.7971929
diff: 20.202807068824768
waiting
going to web site
Hello world	Thread-11753	4

time: 946689407.8031449
diff: 15.196855068206787
waiting
going to web site
Hello world	Thread-11822	2

time: 946689423.8031449
diff: 37.19685506820679
waiting
going to web site
Hello world	Thread-11999	3

time: 946689461.812193
diff: 10.187806963920593
waiting
going to web site
Hello world	Thread-12044	7

time: 946689472.797192
diff: 22.202808022499084
waiting
going to web site
Hello world	Thread-12155	5

time: 946689495.7971929
diff: 28.202807068824768
waiting
going to web site
Hello world	Thread-12276	4

time: 946689524.7971929
diff: 17.202807068824768
waiting
going to web site
Hello world	Thread-12365	7

time: 946689542.7971929
diff: 13.202807068824768
waiting
going to web site
Hello world	Thread-12434	5

time: 946689556.7971929
diff: 34.20280706882477
waiting
going to web site
Hello world	Thread-12590	3

time: 946689591.802193
diff: 13.19780695438385
waiting
going to web site
Hello world	Thread-12649	4

time: 946689605.8031449
diff: 38.19685506820679
waiting
going to web site
Hello world	Thread-12824	3

time: 946689644.7971929
diff: 13.202807068824768
waiting
going to web site
Hello world	Thread-12892	5

time: 946689658.7971929
diff: 22.202807068824768
waiting
going to web site
Hello world	Thread-13006	6

time: 946689681.806193
diff: 26.193807005882263
waiting
going to web site
Hello world	Thread-13123	4

time: 946689708.7971929
diff: 22.202807068824768
waiting
going to web site
Hello world	Thread-13224	5

time: 946689731.802193
diff: 13.19780695438385
waiting
going to web site
Hello world	Thread-13291	5

time: 946689745.802192
diff: 21.197808027267456
waiting
going to web site
Hello world	Thread-13396	4

time: 946689767.806193
diff: 15.193807005882263
waiting
going to web site
Hello world	Thread-13464	5

time: 946689783.801193
diff: 19.19880700111389
waiting
going to web site
Hello world	Thread-13557	4

time: 946689803.806193
diff: 30.193807005882263
waiting
going to web site
Hello world	Thread-13699	5

time: 946689834.805193
diff: 20.194807052612305
waiting
going to web site
Hello world	Thread-13805	6

time: 946689855.7971929
diff: 13.202807068824768
waiting
going to web site
Hello world	Thread-13871	3

time: 946689869.7971929
diff: 17.202807068824768
waiting
going to web site
Hello world	Thread-13952	4

time: 946689887.841833
diff: 29.158167004585266
waiting
going to web site
Hello world	Thread-14080	3

time: 946689917.841833
diff: 22.158167004585266
waiting
going to web site
Hello world	Thread-14180	3

time: 946689940.832833
diff: 12.167166948318481
waiting
going to web site
Hello world	Thread-14238	2

time: 946689953.832832
diff: 26.167168021202087
waiting
going to web site
Hello world	Thread-14350	3

time: 946689980.841833
diff: 25.158167004585266
waiting
going to web site
Hello world	Thread-14476	2

time: 946690006.8418959
diff: 22.158104062080383
waiting
going to web site
Hello world	Thread-14573	2

time: 946690029.841833
diff: 17.158167004585266
waiting
going to web site
Hello world	Thread-14645	2

time: 946690047.841833
diff: 32.158167004585266
waiting
going to web site
Hello world	Thread-14783	3

time: 946690081.841833
diff: 19.158167004585266
waiting
going to web site
Hello world	Thread-14881	3

time: 946690101.845833
diff: 32.15416705608368
waiting
going to web site
Hello world	Thread-15017	2

time: 946690134.841833
diff: 17.158167004585266
waiting
going to web site
Hello world	Thread-15095	2

time: 946690152.841833
diff: 14.158167004585266
waiting
going to web site
Hello world	Thread-15157	2

time: 946690167.841833
diff: 23.158167004585266
waiting
going to web site
Hello world	Thread-15254	2

time: 946690191.832833
diff: 26.16716694831848
waiting
going to web site
Hello world	Thread-15368	3

time: 946690218.8418319
diff: 17.158168077468872
waiting
going to web site
Hello world	Thread-15455	2

time: 946690236.832833
diff: 31.16716694831848
waiting
going to web site
Hello world	Thread-15594	3

time: 946690268.832832
diff: 16.167168021202087
waiting
going to web site
Hello world	Thread-15665	2

time: 946690285.841833
diff: 28.158167004585266
waiting
going to web site
Hello world	Thread-15795	2

time: 946690314.84238
diff: 13.157619953155518
waiting
going to web site
Hello world	Thread-15850	4

time: 946690328.832832
diff: 36.16716802120209
waiting
going to web site
Hello world	Thread-16012	2

time: 946690365.860664
diff: 10.139335989952087
waiting
going to web site
Hello world	Thread-16059	5

time: 946690376.832832
diff: 28.167168021202087
waiting
going to web site
Hello world	Thread-16188	3

time: 946690405.8588331
diff: 19.141166925430298
waiting
going to web site
Hello world	Thread-16267	4

time: 946690425.832832
diff: 24.167168021202087
waiting
going to web site
Hello world	Thread-16377	2

time: 946690450.832833
diff: 28.16716694831848
waiting
going to web site
Hello world	Thread-16506	3

time: 946690479.832832
diff: 16.167168021202087
waiting
going to web site
Hello world	Thread-16583	7

time: 946690496.526065
diff: 23.47393500804901
waiting
going to web site
Hello world	Thread-16684	4

time: 946690520.5350649
diff: 22.464935064315796
waiting
going to web site
Hello world	Thread-16783	7

time: 946690543.542065
diff: 30.457934975624084
waiting
going to web site
Hello world	Thread-16917	7

time: 946690574.5350641
diff: 12.464935898780823
waiting
going to web site
Hello world	Thread-16975	5

time: 946690587.5350641
diff: 27.464935898780823
waiting
going to web site
Hello world	Thread-17092	4

time: 946690615.5350641
diff: 25.464935898780823
waiting
going to web site
Hello world	Thread-17205	7

time: 946690641.5350641
diff: 8.464935898780823
waiting
going to web site
Hello world	Thread-17239	6

time: 946690650.5350641
diff: 25.464935898780823
waiting
going to web site
Hello world	Thread-17350	3

time: 946690676.526064
diff: 21.473935961723328
waiting
going to web site
Hello world	Thread-17449	6

time: 946690698.5350649
diff: 21.464935064315796
waiting
going to web site
Hello world	Thread-17545	7

time: 946690720.5350649
diff: 33.464935064315796
waiting
going to web site
Hello world	Thread-17692	7

time: 946690754.526065
diff: 16.47393500804901
waiting
going to web site
Hello world	Thread-17773	7

time: 946690771.535585
diff: 34.464414954185486
waiting
going to web site
Hello world	Thread-17920	7

time: 946690806.5350641
diff: 12.464935898780823
waiting
going to web site
Hello world	Thread-17973	6

time: 946690819.5350641
diff: 20.464935898780823
waiting
going to web site
Hello world	Thread-18066	5

time: 946690840.5350641
diff: 17.464935898780823
waiting
going to web site
Hello world	Thread-18133	5

time: 946690858.5350649
diff: 23.464935064315796
waiting
going to web site
Hello world	Thread-18236	4

time: 946690882.544065
diff: 32.45593500137329
waiting
going to web site
Hello world	Thread-18379	5

time: 946690915.549065
diff: 30.450935006141663
waiting
going to web site
Hello world	Thread-18509	7

time: 946690946.541065
diff: 13.458935022354126
waiting
going to web site
Hello world	Thread-18569	6

time: 946690960.540065
diff: 21.459934949874878
waiting
going to web site
Hello world	Thread-18662	4

time: 946690982.526064
diff: 27.473935961723328
waiting
going to web site
Hello world	Thread-18790	6

time: 946691010.531237
diff: 17.46876299381256
waiting
going to web site
Hello world	Thread-18868	5

time: 946691028.526064
diff: 25.473935961723328
waiting
going to web site
Hello world	Thread-18982	7

time: 946691054.534064
diff: 25.465935945510864
waiting
going to web site
Hello world	Thread-19098	7

time: 946691080.534945
diff: 16.465054988861084
waiting
going to web site
Hello world	Thread-19173	5

time: 946691097.8418319
diff: 18.158168077468872
waiting
going to web site
Hello world	Thread-19260	3

time: 946691116.841833
diff: 22.158167004585266
waiting
going to web site
Hello world	Thread-19363	5

time: 946691139.841833
diff: 26.158167004585266
waiting
going to web site
Hello world	Thread-19480	4

time: 946691166.841833
diff: 32.158167004585266
waiting
going to web site
Hello world	Thread-19634	3

time: 946691199.848249
diff: 12.151751041412354
waiting
going to web site
Hello world	Thread-19690	3

time: 946691212.841833
diff: 26.158167004585266
waiting
going to web site
Hello world	Thread-19824	3

time: 946691240.841833
diff: 16.158167004585266
waiting
going to web site
Hello world	Thread-19910	4

time: 946691258.838833
diff: 14.161167025566101
waiting
going to web site
Hello world	Thread-19977	2

time: 946691273.841833
diff: 13.158167004585266
waiting
going to web site
Hello world	Thread-20040	2

time: 946691287.851833
diff: 26.14816701412201
waiting
going to web site
Hello world	Thread-20167	4

time: 946691314.841833
diff: 28.158167004585266
waiting
going to web site
Hello world	Thread-20298	3

time: 946691343.832833
diff: 16.16716694831848
waiting
going to web site
Hello world	Thread-20374	3

time: 946691360.836832
diff: 23.16316795349121
waiting
going to web site
Hello world	Thread-20508	5

time: 946691384.832832
diff: 13.167168021202087
waiting
going to web site
Hello world	Thread-20586	3

time: 946691399.841833
diff: 12.158167004585266
waiting
going to web site
Hello world	Thread-20641	2

time: 946691412.841833
diff: 22.158167004585266
waiting
going to web site
Hello world	Thread-20749	2

time: 946691435.841833
diff: 34.158167004585266
waiting
going to web site
Hello world	Thread-20915	2

time: 946691470.841833
diff: 2.158167004585266
waiting
going to web site
Hello world	Thread-20925	4

time: 946691473.832833
diff: 24.16716694831848
waiting
going to web site
Hello world	Thread-21048	2

time: 946691498.832832
diff: 22.167168021202087
waiting
going to web site
Hello world	Thread-21162	2

time: 946691522.841833
diff: 31.158167004585266
waiting
going to web site
Hello world	Thread-21319	3

time: 946691555.841833
diff: 14.158167004585266
waiting
going to web site
Hello world	Thread-21376	3

time: 946691570.832833
diff: 15.167166948318481
waiting
going to web site
Hello world	Thread-21450	4

time: 946691586.832832
diff: 17.167168021202087
waiting
going to web site
Hello world	Thread-21536	2

time: 946691604.841833
diff: 22.158167004585266
waiting
going to web site
Hello world	Thread-21639	2

time: 946691627.843833
diff: 21.156167030334473
waiting
going to web site
Hello world	Thread-21734	2

time: 946691649.832833
diff: 27.16716694831848
waiting
going to web site
Hello world	Thread-21854	4

time: 946691677.840065
diff: 25.159934997558594
waiting
going to web site
Hello world	Thread-21979	4

time: 946691704.842833
diff: 25.157166957855225
waiting
going to web site
Hello world	Thread-22098	3

time: 946691730.832832
diff: 25.167168021202087
waiting
going to web site
Hello world	Thread-22206	3

time: 946691756.832833
diff: 15.167166948318481
waiting
going to web site
Hello world	Thread-22276	2

time: 946691772.832832
diff: 26.167168021202087
waiting
going to web site
Hello world	Thread-22391	2

time: 946691799.851665
diff: 25.148334980010986
waiting
going to web site
Hello world	Thread-22505	5

time: 946691825.832832
diff: 18.167168021202087
waiting
going to web site
Hello world	Thread-22584	2

time: 946691844.832833
diff: 25.16716694831848
waiting
going to web site
Hello world	Thread-22697	7

time: 946691870.832832
diff: 17.167168021202087
waiting
going to web site
Hello world	Thread-22783	3

time: 946691888.832833
diff: 22.16716694831848
waiting
going to web site
Hello world	Thread-22880	5

time: 946691911.832832
diff: 16.167168021202087
waiting
going to web site
Hello world	Thread-22960	3

time: 946691928.841833
diff: 23.158167004585266
waiting
going to web site
Hello world	Thread-23082	3

time: 946691953.841833
diff: 22.158167004585266
waiting
going to web site
Hello world	Thread-23188	3

time: 946691976.841833
diff: 20.158167004585266
waiting
going to web site
Hello world	Thread-23283	4

time: 946691997.832833
diff: 23.16716694831848
waiting
going to web site
Hello world	Thread-23393	4

time: 946692021.832832
diff: 13.167168021202087
waiting
going to web site
Hello world	Thread-23464	2

time: 946692035.841833
diff: 35.158167004585266
waiting
going to web site
Hello world	Thread-23642	5

time: 946692071.841833
diff: 3.158167004585266
waiting
going to web site
Hello world	Thread-23662	3

time: 946692075.841833
diff: 30.158167004585266
waiting
going to web site
Hello world	Thread-23800	4

time: 946692106.841833
diff: 15.158167004585266
waiting
going to web site
Hello world	Thread-23886	2

time: 946692122.841833
diff: 17.158167004585266
waiting
going to web site
Hello world	Thread-23965	5

time: 946692140.832833
diff: 29.16716694831848
waiting
going to web site
Hello world	Thread-24099	6

time: 946692170.832832
diff: 21.167168021202087
waiting
going to web site
Hello world	Thread-24205	2

time: 946692192.842833
diff: 3.1571669578552246
waiting
going to web site
Hello world	Thread-24218	6

time: 946692196.832832
diff: 24.167168021202087
waiting
going to web site
Hello world	Thread-24349	3

time: 946692222.845833
diff: 17.15416705608368
waiting
going to web site
Hello world	Thread-24420	4

time: 946692240.832833
diff: 16.16716694831848
waiting
going to web site
Hello world	Thread-24500	3

time: 946692257.836832
diff: 34.16316795349121
waiting
going to web site
Hello world	Thread-24657	4

time: 946692292.832832
diff: 25.167168021202087
waiting
going to web site
Hello world	Thread-24773	6

time: 946692318.544065
diff: 22.45593500137329
waiting
going to web site
Hello world	Thread-24871	5

time: 946692341.5350649
diff: 17.464935064315796
waiting
going to web site
Hello world	Thread-24950	6

time: 946692359.526065
diff: 37.47393500804901
waiting
going to web site
Hello world	Thread-25114	7

time: 946692397.5350649
diff: 12.464935064315796
waiting
going to web site
Hello world	Thread-25160	7

time: 946692410.5350649
diff: 20.464935064315796
waiting
going to web site
Hello world	Thread-25253	5

time: 946692431.5370649
diff: 30.462935090065002
waiting
going to web site
Hello world	Thread-25382	4

time: 946692462.526065
diff: 28.47393500804901
waiting
going to web site
Hello world	Thread-25504	4

time: 946692491.544065
diff: 14.455935001373291
waiting
going to web site
Hello world	Thread-25559	5

time: 946692506.5380651
diff: 24.46193492412567
waiting
going to web site
Hello world	Thread-25666	6

time: 946692531.540064
diff: 24.459936022758484
waiting
going to web site
Hello world	Thread-25778	6

time: 946692556.544065
diff: 28.45593500137329
waiting
going to web site
Hello world	Thread-25904	3

time: 946692585.5350649
diff: 11.464935064315796
waiting
going to web site
Hello world	Thread-25948	4

time: 946692597.5350649
diff: 24.464935064315796
waiting
going to web site
Hello world	Thread-26061	6

time: 946692622.5350649
diff: 31.464935064315796
waiting
going to web site
Hello world	Thread-26186	4

time: 946692654.526065
diff: 11.473935008049011
waiting
going to web site
Hello world	Thread-26222	2

time: 946692666.526065
diff: 21.47393500804901
waiting
going to web site
Hello world	Thread-26304	5

time: 946692688.5350649
diff: 31.464935064315796
waiting
going to web site
Hello world	Thread-26408	4

time: 946692720.526065
diff: 25.47393500804901
waiting
going to web site
Hello world	Thread-26481	4

time: 946692746.544065
diff: 18.45593500137329
waiting
going to web site
Hello world	Thread-26522	7

time: 946692765.542065
diff: 20.457934975624084
waiting
going to web site
Hello world	Thread-26573	5

time: 946692786.5350641
diff: 19.464935898780823
waiting
going to web site
Hello world	Thread-26619	4

