time: 946686600.0
diff: 0.0
going to web site
Hello world	Thread-68	3

time: 946686720.784601
diff: -0.7846009731292725
going to web site
Hello world	Thread-75	2

time: 946686721.370257
diff: 58.62974298000336
waiting
going to web site
Hello world	Thread-224	3

time: 946686795.590656
diff: 104.409343957901
waiting
going to web site
Hello world	Thread-344	4

time: 946686901.596398
diff: 118.40360200405121
waiting
going to web site
Hello world	Thread-507	7

time: 946687027.618708
diff: 52.38129198551178
waiting
going to web site
Hello world	Thread-539	2

time: 946687081.580656
diff: 119.41934394836426
waiting
going to web site
Hello world	Thread-695	3

time: 946687216.590656
diff: 104.409343957901
waiting
going to web site
Hello world	Thread-788	2

time: 946687321.590656
diff: 59.409343957901
waiting
going to web site
Hello world	Thread-917	6

time: 946687412.590656
diff: 28.409343957901
waiting
going to web site
Hello world	Thread-962	7

time: 946687444.580656
diff: 116.41934394836426
waiting
going to web site
Hello world	Thread-1092	2

time: 946687564.5896571
diff: 116.41034293174744
waiting
going to web site
Hello world	Thread-1199	2

time: 946687681.5896561
diff: 60.41034388542175
waiting
going to web site
Hello world	Thread-1403	5

time: 946687862.943536
diff: -60.943536043167114
going to web site
Hello world	Thread-1410	7

time: 946687863.526192
diff: 58.47380805015564
waiting
going to web site
Hello world	Thread-1621	4

time: 946688043.071146
diff: -1.071146011352539
going to web site
Hello world	Thread-1632	2

time: 946688043.768378
diff: 58.231621980667114
waiting
going to web site
Hello world	Thread-1714	2

time: 946688109.6962321
diff: 112.3037679195404
waiting
going to web site
Hello world	Thread-1799	2

time: 946688222.700232
diff: 120.29976797103882
waiting
going to web site
Hello world	Thread-1986	3

