time: 946686600.0
diff: 0.0
going to web site
Hello world	Thread-9	5

time: 946686601.580656
diff: 58.41934394836426
waiting
going to web site
Hello world	Thread-41	3

time: 946686660.5896561
diff: 59.41034388542175
waiting
going to web site
Hello world	Thread-121	4

time: 946686727.594573
diff: 112.40542697906494
waiting
going to web site
Hello world	Thread-318	7

time: 946686855.590656
diff: 105.409343957901
waiting
going to web site
Hello world	Thread-415	5

time: 946686961.590817
diff: 59.40918302536011
waiting
going to web site
Hello world	Thread-522	5

time: 946687036.601518
diff: 104.398481965065
waiting
going to web site
Hello world	Thread-644	6

time: 946687172.590656
diff: 88.409343957901
waiting
going to web site
Hello world	Thread-723	5

time: 946687262.594434
diff: 58.40556597709656
waiting
going to web site
Hello world	Thread-852	6

time: 946687352.590656
diff: 28.409343957901
waiting
going to web site
Hello world	Thread-888	7

time: 946687384.580656
diff: 57.41934394836426
waiting
going to web site
Hello world	Thread-994	6

time: 946687457.592657
diff: 104.40734302997589
waiting
going to web site
Hello world	Thread-1119	5

time: 946687593.590656
diff: 88.409343957901
waiting
going to web site
Hello world	Thread-1227	7

time: 946687685.580656
diff: 116.41934394836426
waiting
going to web site
Hello world	Thread-1387	2

time: 946687817.590656
diff: 104.409343957901
waiting
going to web site
Hello world	Thread-1479	4

time: 946687923.5917081
diff: 58.408291935920715
waiting
going to web site
Hello world	Thread-1604	6

time: 946688013.590656
diff: 29.409343957901
waiting
going to web site
Hello world	Thread-1676	5

time: 946688074.592656
diff: 88.40734398365021
waiting
going to web site
Hello world	Thread-1774	3

time: 946688166.580656
diff: 56.41934394836426
waiting
going to web site
Hello world	Thread-1937	5

time: 946688345.0023121
diff: -2.0023120641708374
going to web site
Hello world	Thread-1947	5

