time: 946686600.0
diff: 307.0
waiting
going to web site
Hello world	Thread-667	2

time: 946686907.810192
diff: 1.1898080110549927
waiting
going to web site
Hello world	Thread-1567	5

time: 946686909.8001931
diff: 0.19980692863464355
waiting
going to web site
Hello world	Thread-1578	5

time: 946686910.797192
diff: 0.20280802249908447
waiting
going to web site
Hello world	Thread-681	6

time: 946686911.8038851
diff: 2.1961148977279663
waiting
going to web site
Hello world	Thread-1601	3

time: 946686914.797192
diff: 0.20280802249908447
waiting
going to web site
Hello world	Thread-1608	3

time: 946686915.811926
diff: -0.811926007270813
going to web site
Hello world	Thread-1615	5

time: 946686916.6161181
diff: -1.61611807346344
going to web site
Hello world	Thread-1622	2

time: 946686917.43031
diff: -1.4303100109100342
going to web site
Hello world	Thread-1633	2

time: 946686918.234502
diff: -2.2345019578933716
going to web site
Hello world	Thread-1642	3

time: 946686919.048694
diff: -0.04869401454925537
going to web site
Hello world	Thread-1647	5

time: 946686919.850886
diff: 13.1491140127182
waiting
going to web site
Hello world	Thread-1748	4

time: 946686933.813193
diff: 0.1868070363998413
waiting
going to web site
Hello world	Thread-1755	5

time: 946686934.8115289
diff: -0.8115289211273193
going to web site
Hello world	Thread-1763	3

time: 946686935.608721
diff: -0.6087210178375244
going to web site
Hello world	Thread-1768	4

time: 946686936.416065
diff: 2.583935022354126
waiting
going to web site
Hello world	Thread-800	5

time: 946686939.7971929
diff: 18.202807068824768
waiting
going to web site
Hello world	Thread-888	5

time: 946686958.803193
diff: 25.196807026863098
waiting
going to web site
Hello world	Thread-1004	5

time: 946686984.820193
diff: 7.17980694770813
waiting
going to web site
Hello world	Thread-1043	6

time: 946686992.8011919
diff: 12.198808073997498
waiting
going to web site
Hello world	Thread-1106	4

time: 946687005.811072
diff: 26.18892800807953
waiting
going to web site
Hello world	Thread-1230	4

time: 946687032.7971929
diff: 14.202807068824768
waiting
going to web site
Hello world	Thread-1302	7

time: 946687047.7971929
diff: 17.202807068824768
waiting
going to web site
Hello world	Thread-1381	3

time: 946687065.7971929
diff: 24.202807068824768
waiting
going to web site
Hello world	Thread-1493	2

time: 946687090.811193
diff: 24.188807010650635
waiting
going to web site
Hello world	Thread-1599	4

time: 946687115.811776
diff: 16.188223958015442
waiting
going to web site
Hello world	Thread-1673	3

time: 946687132.8031449
diff: 33.19685506820679
waiting
going to web site
Hello world	Thread-1814	5

time: 946687166.7971929
diff: 17.202807068824768
waiting
going to web site
Hello world	Thread-1883	4

time: 946687184.802193
diff: 31.19780695438385
waiting
going to web site
Hello world	Thread-2023	4

time: 946687216.802192
diff: 15.197808027267456
waiting
going to web site
Hello world	Thread-2094	3

time: 946687232.7971929
diff: 19.202807068824768
waiting
going to web site
Hello world	Thread-2176	4

time: 946687252.8171929
diff: 35.182807087898254
waiting
going to web site
Hello world	Thread-2346	4

time: 946687288.7971929
diff: 28.202807068824768
waiting
going to web site
Hello world	Thread-2472	4

time: 946687317.811193
diff: 10.188807010650635
waiting
going to web site
Hello world	Thread-2510	6

time: 946687328.7971929
diff: 20.202807068824768
waiting
going to web site
Hello world	Thread-2601	5

time: 946687349.802193
diff: 18.19780695438385
waiting
going to web site
Hello world	Thread-2690	5

time: 946687368.806192
diff: 41.19380795955658
waiting
going to web site
Hello world	Thread-2876	3

time: 946687410.8031449
diff: 18.196855068206787
waiting
going to web site
Hello world	Thread-2961	3

time: 946687429.8031449
diff: 24.196855068206787
waiting
going to web site
Hello world	Thread-3066	5

time: 946687454.7971929
diff: 25.202807068824768
waiting
going to web site
Hello world	Thread-3178	4

time: 946687480.808193
diff: 3.1918070316314697
waiting
going to web site
Hello world	Thread-3200	4

time: 946687484.7971929
diff: 31.202807068824768
waiting
going to web site
Hello world	Thread-3339	3

time: 946687516.841833
diff: 16.158167004585266
waiting
going to web site
Hello world	Thread-3415	3

time: 946687533.832833
diff: 9.167166948318481
waiting
going to web site
Hello world	Thread-3458	4

time: 946687544.832832
diff: 29.167168021202087
waiting
going to web site
Hello world	Thread-3601	2

time: 946687575.842833
diff: 17.157166957855225
waiting
going to web site
Hello world	Thread-3668	4

time: 946687593.832832
diff: 24.167168021202087
waiting
going to web site
Hello world	Thread-3785	4

time: 946687618.832833
diff: 23.16716694831848
waiting
going to web site
Hello world	Thread-3883	4

time: 946687642.832832
diff: 29.167168021202087
waiting
going to web site
Hello world	Thread-4015	5

time: 946687672.841833
diff: 14.158167004585266
waiting
going to web site
Hello world	Thread-4087	3

time: 946687687.841833
diff: 40.158167004585266
waiting
going to web site
Hello world	Thread-4267	5

time: 946687728.832833
diff: 20.16716694831848
waiting
going to web site
Hello world	Thread-4357	5

time: 946687749.832832
diff: 13.167168021202087
waiting
going to web site
Hello world	Thread-4420	4

time: 946687763.841833
diff: 31.158167004585266
waiting
going to web site
Hello world	Thread-4572	4

time: 946687796.841833
diff: 25.158167004585266
waiting
going to web site
Hello world	Thread-4685	3

time: 946687822.832833
diff: 13.167166948318481
waiting
going to web site
Hello world	Thread-4747	4

time: 946687836.832832
diff: 29.167168021202087
waiting
going to web site
Hello world	Thread-4884	5

time: 946687866.841833
diff: 9.158167004585266
waiting
going to web site
Hello world	Thread-4942	6

time: 946687879.842544
diff: 13.157456040382385
waiting
going to web site
Hello world	Thread-5003	3

time: 946687893.832833
diff: 30.16716694831848
waiting
going to web site
Hello world	Thread-5153	4

time: 946687924.832832
diff: 11.167168021202087
waiting
going to web site
Hello world	Thread-5207	3

time: 946687936.851833
diff: 19.14816701412201
waiting
going to web site
Hello world	Thread-5308	4

time: 946687956.841833
diff: 21.158167004585266
waiting
going to web site
Hello world	Thread-5414	3

time: 946687978.841833
diff: 16.158167004585266
waiting
going to web site
Hello world	Thread-5494	2

time: 946687996.844833
diff: 31.15516698360443
waiting
going to web site
Hello world	Thread-5630	3

time: 946688028.8418319
diff: 30.158168077468872
waiting
going to web site
Hello world	Thread-5775	3

time: 946688059.84648
diff: 5.153519988059998
waiting
going to web site
Hello world	Thread-5798	5

time: 946688065.832832
diff: 33.16716802120209
waiting
going to web site
Hello world	Thread-5947	3

time: 946688099.841833
diff: 29.158167004585266
waiting
going to web site
Hello world	Thread-6081	6

time: 946688129.5300651
diff: 12.469934940338135
waiting
going to web site
Hello world	Thread-6128	6

time: 946688142.5350641
diff: 22.464935898780823
waiting
going to web site
Hello world	Thread-6230	7

time: 946688165.5330639
diff: 23.466936111450195
waiting
going to web site
Hello world	Thread-6332	4

time: 946688189.526065
diff: 14.473935008049011
waiting
going to web site
Hello world	Thread-6401	7

time: 946688204.5350649
diff: 17.464935064315796
waiting
going to web site
Hello world	Thread-6482	6

time: 946688222.526065
diff: 18.47393500804901
waiting
going to web site
Hello world	Thread-6564	3

time: 946688241.544065
diff: 24.45593500137329
waiting
going to web site
Hello world	Thread-6676	4

time: 946688266.544065
diff: 30.45593500137329
waiting
going to web site
Hello world	Thread-6806	4

time: 946688297.5350649
diff: 18.464935064315796
waiting
going to web site
Hello world	Thread-6899	4

time: 946688316.544065
diff: 12.455935001373291
waiting
going to web site
Hello world	Thread-6951	5

time: 946688329.5350649
diff: 32.464935064315796
waiting
going to web site
Hello world	Thread-7095	4

time: 946688362.5350649
diff: 32.464935064315796
waiting
going to web site
Hello world	Thread-7246	4

time: 946688395.5350649
diff: 18.464935064315796
waiting
going to web site
Hello world	Thread-7328	6

time: 946688414.542065
diff: 23.457934975624084
waiting
going to web site
Hello world	Thread-7435	7

time: 946688438.5350641
diff: 25.464935898780823
waiting
going to web site
Hello world	Thread-7551	5

time: 946688464.526064
diff: 37.47393596172333
waiting
going to web site
Hello world	Thread-7722	4

time: 946688502.526064
diff: 2.4739359617233276
waiting
going to web site
Hello world	Thread-7733	3

time: 946688505.5300651
diff: 28.469934940338135
waiting
going to web site
Hello world	Thread-7852	7

time: 946688534.526064
diff: 22.473935961723328
waiting
going to web site
Hello world	Thread-7957	5

time: 946688557.5350641
diff: 12.464935898780823
waiting
going to web site
Hello world	Thread-8021	5

time: 946688570.5350641
diff: 11.464935898780823
waiting
going to web site
Hello world	Thread-8066	6

time: 946688582.5350641
diff: 29.464935898780823
waiting
going to web site
Hello world	Thread-8203	5

time: 946688612.5350641
diff: 23.464935898780823
waiting
going to web site
Hello world	Thread-8305	5

time: 946688636.526064
diff: 12.473935961723328
waiting
going to web site
Hello world	Thread-8356	6

time: 946688649.5350641
diff: 14.464935898780823
waiting
going to web site
Hello world	Thread-8424	6

time: 946688664.526064
diff: 21.473935961723328
waiting
going to web site
Hello world	Thread-8512	4

time: 946688686.5350641
diff: 39.46493589878082
waiting
going to web site
Hello world	Thread-8676	5

time: 946688726.5350641
diff: 21.464935898780823
waiting
going to web site
Hello world	Thread-8764	3

time: 946688748.832832
diff: 33.16716802120209
waiting
going to web site
Hello world	Thread-8898	2

time: 946688782.841833
diff: 15.158167004585266
waiting
going to web site
Hello world	Thread-8967	2

time: 946688799.842833
diff: 31.157166957855225
waiting
going to web site
Hello world	Thread-9093	4

time: 946688831.832832
diff: 17.167168021202087
waiting
going to web site
Hello world	Thread-9176	2

time: 946688849.841833
diff: 25.158167004585266
waiting
going to web site
Hello world	Thread-9279	3

time: 946688875.832833
diff: 32.16716694831848
waiting
going to web site
Hello world	Thread-9423	3

time: 946688908.832832
diff: 14.167168021202087
waiting
going to web site
Hello world	Thread-9491	2

time: 946688923.832833
diff: 25.16716694831848
waiting
going to web site
Hello world	Thread-9596	5

time: 946688949.832832
diff: 17.167168021202087
waiting
going to web site
Hello world	Thread-9691	2

time: 946688968.841833
diff: 36.158167004585266
waiting
going to web site
Hello world	Thread-9868	3

time: 946689005.841833
diff: 21.158167004585266
waiting
going to web site
Hello world	Thread-9966	3

time: 946689027.841833
diff: 27.158167004585266
waiting
going to web site
Hello world	Thread-10089	2

time: 946689055.841833
diff: 17.158167004585266
waiting
going to web site
Hello world	Thread-10174	5

time: 946689073.832833
diff: 12.167166948318481
waiting
going to web site
Hello world	Thread-10242	3

time: 946689086.832832
diff: 28.167168021202087
waiting
going to web site
Hello world	Thread-10371	3

time: 946689115.841833
diff: 13.158167004585266
waiting
going to web site
Hello world	Thread-10442	4

time: 946689130.841833
diff: 32.158167004585266
waiting
going to web site
Hello world	Thread-10604	2

time: 946689164.845833
diff: 9.15416705608368
waiting
going to web site
Hello world	Thread-10647	2

time: 946689174.841833
diff: 21.158167004585266
waiting
going to web site
Hello world	Thread-10758	3

time: 946689196.841833
diff: 25.158167004585266
waiting
going to web site
Hello world	Thread-10884	2

time: 946689222.846897
diff: 19.15310299396515
waiting
going to web site
Hello world	Thread-10973	4

time: 946689242.832832
diff: 1.1671680212020874
waiting
going to web site
Hello world	Thread-10983	3

time: 946689244.841833
diff: 23.158167004585266
waiting
going to web site
Hello world	Thread-11104	2

time: 946689268.841833
diff: 22.158167004585266
waiting
going to web site
Hello world	Thread-11213	3

time: 946689291.841833
diff: 31.158167004585266
waiting
going to web site
Hello world	Thread-11364	2

time: 946689323.832833
diff: 12.167166948318481
waiting
going to web site
Hello world	Thread-11424	4

time: 946689336.832832
diff: 29.167168021202087
waiting
going to web site
Hello world	Thread-11564	4

time: 946689367.841833
diff: 19.158167004585266
waiting
going to web site
Hello world	Thread-11669	2

time: 946689388.841833
diff: 27.158167004585266
waiting
going to web site
Hello world	Thread-11790	4

time: 946689416.841833
diff: 9.158167004585266
waiting
going to web site
Hello world	Thread-11838	3

time: 946689426.832833
diff: 24.16716694831848
waiting
going to web site
Hello world	Thread-11950	2

time: 946689451.832832
diff: 13.167168021202087
waiting
going to web site
Hello world	Thread-12012	2

time: 946689465.841833
diff: 15.158167004585266
waiting
going to web site
Hello world	Thread-12093	4

time: 946689481.841833
diff: 31.158167004585266
waiting
going to web site
Hello world	Thread-12233	2

time: 946689513.832833
diff: 20.16716694831848
waiting
going to web site
Hello world	Thread-12327	2

time: 946689534.836832
diff: 28.16316795349121
waiting
going to web site
Hello world	Thread-12468	2

time: 946689563.837832
diff: 9.162168025970459
waiting
going to web site
Hello world	Thread-12509	2

time: 946689573.841833
diff: 25.158167004585266
waiting
going to web site
Hello world	Thread-12627	2

time: 946689599.841833
diff: 17.158167004585266
waiting
going to web site
Hello world	Thread-12705	3

time: 946689617.845833
diff: 14.15416705608368
waiting
going to web site
Hello world	Thread-12774	2

time: 946689632.841833
diff: 31.158167004585266
waiting
going to web site
Hello world	Thread-12926	2

time: 946689664.841833
diff: 21.158167004585266
waiting
going to web site
Hello world	Thread-13034	2

time: 946689686.832833
diff: 22.16716694831848
waiting
going to web site
Hello world	Thread-13128	5

time: 946689709.832832
diff: 33.16716802120209
waiting
going to web site
Hello world	Thread-13283	4

time: 946689743.832833
diff: 15.167166948318481
waiting
going to web site
Hello world	Thread-13362	3

time: 946689759.832832
diff: 29.167168021202087
waiting
going to web site
Hello world	Thread-13494	3

time: 946689789.832833
diff: 21.16716694831848
waiting
going to web site
Hello world	Thread-13594	3

time: 946689811.832832
diff: 8.167168021202087
waiting
going to web site
Hello world	Thread-13644	2

time: 946689820.841833
diff: 18.158167004585266
waiting
going to web site
Hello world	Thread-13727	3

time: 946689839.841833
diff: 26.158167004585266
waiting
going to web site
Hello world	Thread-13857	2

time: 946689866.8518051
diff: 8.148194909095764
waiting
going to web site
Hello world	Thread-13892	5

time: 946689875.832832
diff: 30.167168021202087
waiting
going to web site
Hello world	Thread-14036	2

time: 946689906.832833
diff: 15.167166948318481
waiting
going to web site
Hello world	Thread-14101	4

time: 946689922.832832
diff: 22.167168021202087
waiting
going to web site
Hello world	Thread-14204	5

time: 946689945.832833
diff: 21.16716694831848
waiting
going to web site
Hello world	Thread-14297	6

time: 946689967.5345191
diff: 20.46548092365265
waiting
going to web site
Hello world	Thread-14392	7

time: 946689988.534064
diff: 28.465935945510864
waiting
going to web site
Hello world	Thread-14515	7

time: 946690017.5350641
diff: 18.464935898780823
waiting
going to web site
Hello world	Thread-14596	5

time: 946690036.5350641
diff: 26.464935898780823
waiting
going to web site
Hello world	Thread-14713	4

time: 946690063.534064
diff: 17.465935945510864
waiting
going to web site
Hello world	Thread-14780	7

time: 946690081.5345191
diff: 26.46548092365265
waiting
going to web site
Hello world	Thread-14908	5

time: 946690108.5350641
diff: 19.464935898780823
waiting
going to web site
Hello world	Thread-14989	6

time: 946690128.5350641
diff: 30.464935898780823
waiting
going to web site
Hello world	Thread-15120	7

time: 946690159.5350641
diff: 20.464935898780823
waiting
going to web site
Hello world	Thread-15206	6

time: 946690180.530064
diff: 30.46993601322174
waiting
going to web site
Hello world	Thread-15341	6

time: 946690211.536065
diff: 27.463935017585754
waiting
going to web site
Hello world	Thread-15463	7

time: 946690239.536065
diff: 17.463935017585754
waiting
going to web site
Hello world	Thread-15540	6

time: 946690257.544625
diff: 9.455374956130981
waiting
going to web site
Hello world	Thread-15589	5

time: 946690267.5350641
diff: 22.464935898780823
waiting
going to web site
Hello world	Thread-15690	4

time: 946690290.530064
diff: 25.46993601322174
waiting
going to web site
Hello world	Thread-15802	5

time: 946690316.544065
diff: 19.45593500137329
waiting
going to web site
Hello world	Thread-15883	5

time: 946690336.526065
diff: 25.47393500804901
waiting
going to web site
Hello world	Thread-15991	5

time: 946690362.544065
diff: 29.45593500137329
waiting
going to web site
Hello world	Thread-16128	4

time: 946690392.544065
diff: 17.45593500137329
waiting
going to web site
Hello world	Thread-16204	4

time: 946690410.526065
diff: 27.47393500804901
waiting
going to web site
Hello world	Thread-16326	5

time: 946690438.5350649
diff: 25.464935064315796
waiting
going to web site
Hello world	Thread-16435	5

time: 946690464.5446119
diff: 6.455388069152832
waiting
going to web site
Hello world	Thread-16471	4

time: 946690471.5350649
diff: 37.464935064315796
waiting
going to web site
Hello world	Thread-16637	7

time: 946690509.542065
diff: 15.457934975624084
waiting
going to web site
Hello world	Thread-16705	7

time: 946690525.5350641
diff: 29.464935898780823
waiting
going to web site
Hello world	Thread-16829	7

time: 946690555.5350641
diff: 11.464935898780823
waiting
going to web site
Hello world	Thread-16893	5

time: 946690567.832832
diff: 25.167168021202087
waiting
going to web site
Hello world	Thread-17002	4

time: 946690593.836833
diff: 34.163166999816895
waiting
going to web site
Hello world	Thread-17152	4

time: 946690628.832832
diff: 19.167168021202087
waiting
going to web site
Hello world	Thread-17236	3

time: 946690649.841833
diff: 17.158167004585266
waiting
going to web site
Hello world	Thread-17317	5

time: 946690667.841833
diff: 16.158167004585266
waiting
going to web site
Hello world	Thread-17392	5

time: 946690684.841833
diff: 22.158167004585266
waiting
going to web site
Hello world	Thread-17491	3

time: 946690707.841833
diff: 27.158167004585266
waiting
going to web site
Hello world	Thread-17618	2

time: 946690735.845833
diff: 18.15416705608368
waiting
going to web site
Hello world	Thread-17696	4

time: 946690754.832833
diff: 8.167166948318481
waiting
going to web site
Hello world	Thread-17728	6

time: 946690763.832832
diff: 24.167168021202087
waiting
going to web site
Hello world	Thread-17847	2

time: 946690788.841833
diff: 33.158167004585266
waiting
going to web site
Hello world	Thread-17988	2

time: 946690822.841833
diff: 21.158167004585266
waiting
going to web site
Hello world	Thread-18079	2

time: 946690844.832833
diff: 25.16716694831848
waiting
going to web site
Hello world	Thread-18193	4

time: 946690870.836832
diff: 26.16316795349121
waiting
going to web site
Hello world	Thread-18307	4

time: 946690897.832832
diff: 22.167168021202087
waiting
going to web site
Hello world	Thread-18396	4

time: 946690920.841833
diff: 22.158167004585266
waiting
going to web site
Hello world	Thread-18496	2

time: 946690943.841833
diff: 27.158167004585266
waiting
going to web site
Hello world	Thread-18620	6

time: 946690971.841833
diff: 21.158167004585266
waiting
going to web site
Hello world	Thread-18720	3

time: 946690993.842833
diff: 16.157166957855225
waiting
going to web site
Hello world	Thread-18794	2

time: 946691010.832832
diff: 34.16716802120209
waiting
going to web site
Hello world	Thread-18947	4

time: 946691045.845833
diff: 5.154167056083679
waiting
going to web site
Hello world	Thread-18971	5

time: 946691051.832833
diff: 38.16716694831848
waiting
going to web site
Hello world	Thread-19145	3

time: 946691090.832832
diff: 20.167168021202087
waiting
going to web site
Hello world	Thread-19236	2

time: 946691111.845833
diff: 20.15416705608368
waiting
going to web site
Hello world	Thread-19330	5

time: 946691132.841833
diff: 16.158167004585266
waiting
going to web site
Hello world	Thread-19409	2

time: 946691149.841833
diff: 30.158167004585266
waiting
going to web site
Hello world	Thread-19546	3

time: 946691180.732585
diff: 23.267415046691895
waiting
going to web site
Hello world	Thread-19656	5

time: 946691204.741585
diff: 23.25841498374939
waiting
going to web site
Hello world	Thread-19763	6

time: 946691228.721585
diff: 10.278414964675903
waiting
going to web site
Hello world	Thread-19819	6

time: 946691239.7205839
diff: 23.27941608428955
waiting
going to web site
Hello world	Thread-19929	5

time: 946691263.732325
diff: 29.267675042152405
waiting
going to web site
Hello world	Thread-20067	4

time: 946691293.720585
diff: 28.279415011405945
waiting
going to web site
Hello world	Thread-20200	3

time: 946691322.720585
diff: 4.279415011405945
waiting
going to web site
Hello world	Thread-20227	5

time: 946691327.732585
diff: 25.267415046691895
waiting
going to web site
Hello world	Thread-20348	3

time: 946691353.732325
diff: 16.267675042152405
waiting
going to web site
Hello world	Thread-20428	6

time: 946691370.720585
diff: 22.279415011405945
waiting
going to web site
Hello world	Thread-20551	6

time: 946691393.729585
diff: 23.27041494846344
waiting
going to web site
Hello world	Thread-20669	3

time: 946691417.7205839
diff: 29.27941608428955
waiting
going to web site
Hello world	Thread-20804	4

time: 946691447.729585
diff: 22.27041494846344
waiting
going to web site
Hello world	Thread-20914	3

time: 946691470.7205839
diff: 4.279416084289551
waiting
going to web site
Hello world	Thread-20935	4

time: 946691475.732585
diff: 18.267415046691895
waiting
going to web site
Hello world	Thread-21027	3

time: 946691494.720585
diff: 27.279415011405945
waiting
going to web site
Hello world	Thread-21160	4

time: 946691522.732585
diff: 25.267415046691895
waiting
going to web site
Hello world	Thread-21279	7

time: 946691548.729585
diff: 2.27041494846344
waiting
going to web site
Hello world	Thread-21295	5

time: 946691551.729584
diff: 16.270416021347046
waiting
going to web site
Hello world	Thread-21366	6

time: 946691568.7245849
diff: 42.27541506290436
waiting
going to web site
Hello world	Thread-21564	6

time: 946691611.732585
diff: 16.267415046691895
waiting
going to web site
Hello world	Thread-21642	6

time: 946691628.732585
diff: 18.267415046691895
waiting
going to web site
Hello world	Thread-21725	5

time: 946691647.729585
diff: 26.27041494846344
waiting
going to web site
Hello world	Thread-21840	5

time: 946691674.724584
diff: 6.275416016578674
waiting
going to web site
Hello world	Thread-21877	6

time: 946691681.732585
diff: 21.267415046691895
waiting
going to web site
Hello world	Thread-21973	4

time: 946691703.733585
diff: 29.266414999961853
waiting
going to web site
Hello world	Thread-22105	5

time: 946691733.7205839
diff: 15.27941608428955
waiting
going to web site
Hello world	Thread-22175	5

time: 946691749.7296491
diff: 34.27035093307495
waiting
going to web site
Hello world	Thread-22319	7

time: 946691784.5350641
diff: 18.464935898780823
waiting
going to web site
Hello world	Thread-22404	7

time: 946691803.5350641
diff: 19.464935898780823
waiting
going to web site
Hello world	Thread-22497	4

time: 946691823.5350641
diff: 26.464935898780823
waiting
going to web site
Hello world	Thread-22609	8

time: 946691850.5350641
diff: 23.464935898780823
waiting
going to web site
Hello world	Thread-22719	4

time: 946691874.526064
diff: 30.473935961723328
waiting
going to web site
Hello world	Thread-22853	6

time: 946691905.536064
diff: 11.46393597126007
waiting
going to web site
Hello world	Thread-22910	6

time: 946691917.5350641
diff: 30.464935898780823
waiting
going to web site
Hello world	Thread-23052	5

time: 946691948.5355481
diff: 23.464451909065247
waiting
going to web site
Hello world	Thread-23168	7

time: 946691972.5350641
diff: 9.464935898780823
waiting
going to web site
Hello world	Thread-23211	7

time: 946691982.5350641
diff: 29.464935898780823
waiting
going to web site
Hello world	Thread-23354	7

time: 946692012.5350641
diff: 13.464935898780823
waiting
going to web site
Hello world	Thread-23418	7

time: 946692026.5350641
diff: 30.464935898780823
waiting
going to web site
Hello world	Thread-23576	7

time: 946692057.5350641
diff: 12.464935898780823
waiting
going to web site
Hello world	Thread-23634	7

time: 946692070.526064
diff: 35.47393596172333
waiting
going to web site
Hello world	Thread-23797	7

time: 946692106.5350641
diff: 9.464935898780823
waiting
going to web site
Hello world	Thread-23852	7

time: 946692116.526064
diff: 32.47393596172333
waiting
going to web site
Hello world	Thread-24009	5

time: 946692149.526064
diff: 11.473935961723328
waiting
going to web site
Hello world	Thread-24060	5

time: 946692161.5350641
diff: 33.46493589878082
waiting
going to web site
Hello world	Thread-24212	7

time: 946692195.5350641
diff: 3.4649358987808228
waiting
going to web site
Hello world	Thread-24230	5

time: 946692199.5350641
diff: 28.464935898780823
waiting
going to web site
Hello world	Thread-24371	6

time: 946692228.540064
diff: 17.459936022758484
waiting
going to web site
Hello world	Thread-24451	5

time: 946692246.534065
diff: 21.465934991836548
waiting
going to web site
Hello world	Thread-24549	7

time: 946692268.5350641
diff: 18.464935898780823
waiting
going to web site
Hello world	Thread-24636	4

time: 946692287.5350641
diff: 12.464935898780823
waiting
going to web site
Hello world	Thread-24695	5

time: 946692300.5330639
diff: 8.466936111450195
waiting
going to web site
Hello world	Thread-24730	7

time: 946692309.542065
diff: 24.457934975624084
waiting
going to web site
Hello world	Thread-24844	5

time: 946692334.5350641
diff: 33.46493589878082
waiting
going to web site
Hello world	Thread-24982	6

time: 946692368.526064
diff: 25.473935961723328
waiting
going to web site
Hello world	Thread-25098	7

time: 946692394.5350641
diff: 14.464935898780823
waiting
going to web site
Hello world	Thread-25155	6

time: 946692409.5350641
diff: 32.46493589878082
waiting
going to web site
Hello world	Thread-25295	7

time: 946692442.535325
diff: 28.464674949645996
waiting
going to web site
Hello world	Thread-25419	7

time: 946692471.5350641
diff: 11.464935898780823
waiting
going to web site
Hello world	Thread-25470	4

time: 946692483.5350641
diff: 30.464935898780823
waiting
going to web site
Hello world	Thread-25604	5

time: 946692514.526064
diff: 28.473935961723328
waiting
going to web site
Hello world	Thread-25719	7

time: 946692543.5345191
diff: 18.46548092365265
waiting
going to web site
Hello world	Thread-25802	5

time: 946692562.530064
diff: 28.46993601322174
waiting
going to web site
Hello world	Thread-25931	5

time: 946692591.5450649
diff: 13.454935073852539
waiting
going to web site
Hello world	Thread-25987	4

time: 946692605.5350649
diff: 29.464935064315796
waiting
going to web site
Hello world	Thread-26106	5

time: 946692635.544065
diff: 30.45593500137329
waiting
going to web site
Hello world	Thread-26223	3

time: 946692666.526065
diff: 9.473935008049011
waiting
going to web site
Hello world	Thread-26268	4

time: 946692676.5350649
diff: 16.464935064315796
waiting
going to web site
Hello world	Thread-26324	6

time: 946692693.545064
diff: 32.454936027526855
waiting
going to web site
Hello world	Thread-26419	2

time: 946692726.526065
diff: 18.47393500804901
waiting
going to web site
Hello world	Thread-26475	4

time: 946692745.544065
diff: 27.45593500137329
waiting
going to web site
Hello world	Thread-26546	4

time: 946692773.5350649
diff: 17.464935064315796
waiting
going to web site
Hello world	Thread-26586	5

time: 946692791.534065
diff: 36.46593499183655
waiting
going to web site
Hello world	Thread-26660	4

time: 946692828.526064
diff: 25.473935961723328
waiting
going to web site
Hello world	Thread-26702	2

time: 946692854.526064
diff: 13.473935961723328
waiting
going to web site
Hello world	Thread-26722	4

time: 946692868.526064
diff: 22.473935961723328
waiting
going to web site
Hello world	Thread-26749	3

