time: 946686600.0
diff: 52.0
waiting
going to web site
Hello world	Thread-22	2

time: 946686652.528064
diff: 8.471935987472534
waiting
going to web site
Hello world	Thread-31	2

time: 946686661.526064
diff: 18.473935961723328
waiting
going to web site
Hello world	Thread-316	8

time: 946686680.542064
diff: 0.45793604850769043
waiting
going to web site
Hello world	Thread-325	7

time: 946686681.536065
diff: 2.4639350175857544
waiting
going to web site
Hello world	Thread-351	6

time: 946686684.559458
diff: 7.440541982650757
waiting
going to web site
Hello world	Thread-438	10

time: 946686692.545055
diff: -0.5450550317764282
going to web site
Hello world	Thread-446	3

time: 946686693.071119
diff: -0.07111895084381104
going to web site
Hello world	Thread-455	7

time: 946686693.597183
diff: 1.4028170108795166
waiting
going to web site
Hello world	Thread-474	4

time: 946686695.54388
diff: -0.5438799858093262
going to web site
Hello world	Thread-480	3

time: 946686696.074812
diff: -1.0748120546340942
going to web site
Hello world	Thread-486	5

time: 946686696.603876
diff: -0.603875994682312
going to web site
Hello world	Thread-491	2

time: 946686697.1409401
diff: -0.14094007015228271
going to web site
Hello world	Thread-497	6

time: 946686697.667004
diff: 1.3329960107803345
waiting
going to web site
Hello world	Thread-73	3

time: 946686699.5350649
diff: 0.4649350643157959
waiting
going to web site
Hello world	Thread-519	5

time: 946686700.536065
diff: 7.463935017585754
waiting
going to web site
Hello world	Thread-83	6

time: 946686708.536065
diff: 0.4639350175857544
waiting
going to web site
Hello world	Thread-602	7

time: 946686709.544544
diff: 21.455456018447876
waiting
going to web site
Hello world	Thread-134	3

time: 946686731.536065
diff: 17.463935017585754
waiting
going to web site
Hello world	Thread-170	2

time: 946686749.540065
diff: 21.459934949874878
waiting
going to web site
Hello world	Thread-222	4

time: 946686771.5330639
diff: 9.466936111450195
waiting
going to web site
Hello world	Thread-251	2

time: 946686781.542065
diff: 10.457934975624084
waiting
going to web site
Hello world	Thread-275	5

time: 946686792.5350641
diff: 20.464935898780823
waiting
going to web site
Hello world	Thread-338	3

time: 946686813.5290639
diff: 24.470936059951782
waiting
going to web site
Hello world	Thread-420	4

time: 946686838.543065
diff: 28.456935048103333
waiting
going to web site
Hello world	Thread-514	5

time: 946686867.5350649
diff: 16.464935064315796
waiting
going to web site
Hello world	Thread-576	6

time: 946686884.544381
diff: 34.45561897754669
waiting
going to web site
Hello world	Thread-717	5

time: 946686919.532064
diff: 19.467936038970947
waiting
going to web site
Hello world	Thread-799	7

time: 946686939.540065
diff: 20.459934949874878
waiting
going to web site
Hello world	Thread-899	3

time: 946686960.526064
diff: 23.473935961723328
waiting
going to web site
Hello world	Thread-1001	7

time: 946686984.5350641
diff: 18.464935898780823
waiting
going to web site
Hello world	Thread-1094	6

time: 946687003.5350641
diff: 34.46493589878082
waiting
going to web site
Hello world	Thread-1253	7

time: 946687038.5356239
diff: 28.464376091957092
waiting
going to web site
Hello world	Thread-1388	4

time: 946687067.535504
diff: 15.46449601650238
waiting
going to web site
Hello world	Thread-1458	9

time: 946687083.533065
diff: 23.46693503856659
waiting
going to web site
Hello world	Thread-1565	6

time: 946687107.526065
diff: 14.473935008049011
waiting
going to web site
Hello world	Thread-1630	5

time: 946687122.5350649
diff: 25.464935064315796
waiting
going to web site
Hello world	Thread-1738	4

time: 946687148.526065
diff: 35.47393500804901
waiting
going to web site
Hello world	Thread-1882	6

time: 946687184.526065
diff: 23.47393500804901
waiting
going to web site
Hello world	Thread-1986	8

time: 946687208.5450649
diff: 13.454935073852539
waiting
going to web site
Hello world	Thread-2051	7

time: 946687222.526065
diff: 19.47393500804901
waiting
going to web site
Hello world	Thread-2129	4

time: 946687242.5300651
diff: 15.469934940338135
waiting
going to web site
Hello world	Thread-2208	3

time: 946687258.8338319
diff: 18.166168093681335
waiting
going to web site
Hello world	Thread-2296	2

time: 946687277.841833
diff: 15.158167004585266
waiting
going to web site
Hello world	Thread-2368	6

time: 946687293.84848
diff: 33.151520013809204
waiting
going to web site
Hello world	Thread-2514	2

time: 946687328.841833
diff: 23.158167004585266
waiting
going to web site
Hello world	Thread-2625	3

time: 946687353.851571
diff: 13.148429036140442
waiting
going to web site
Hello world	Thread-2686	2

time: 946687367.832833
diff: 27.16716694831848
waiting
going to web site
Hello world	Thread-2816	2

time: 946687395.832832
diff: 23.167168021202087
waiting
going to web site
Hello world	Thread-2919	3

time: 946687419.841833
diff: 24.158167004585266
waiting
going to web site
Hello world	Thread-3020	2

time: 946687444.845833
diff: 26.15416705608368
waiting
going to web site
Hello world	Thread-3144	3

time: 946687471.851545
diff: 26.148455023765564
waiting
going to web site
Hello world	Thread-3262	2

time: 946687498.841833
diff: 23.158167004585266
waiting
going to web site
Hello world	Thread-3366	3

time: 946687522.848833
diff: 22.151167035102844
waiting
going to web site
Hello world	Thread-3466	2

time: 946687545.841833
diff: 20.158167004585266
waiting
going to web site
Hello world	Thread-3551	2

time: 946687566.841833
diff: 22.158167004585266
waiting
going to web site
Hello world	Thread-3656	2

time: 946687589.832833
diff: 26.16716694831848
waiting
going to web site
Hello world	Thread-3776	3

time: 946687616.832832
diff: 22.167168021202087
waiting
going to web site
Hello world	Thread-3876	2

time: 946687639.832833
diff: 12.167166948318481
waiting
going to web site
Hello world	Thread-3927	3

time: 946687652.841833
diff: 19.158167004585266
waiting
going to web site
Hello world	Thread-4017	3

time: 946687672.841833
diff: 16.158167004585266
waiting
going to web site
Hello world	Thread-4097	2

time: 946687689.841833
diff: 27.158167004585266
waiting
going to web site
Hello world	Thread-4215	2

time: 946687717.832833
diff: 15.167166948318481
waiting
going to web site
Hello world	Thread-4289	5

time: 946687733.832832
diff: 15.167168021202087
waiting
going to web site
Hello world	Thread-4359	2

time: 946687749.841833
diff: 30.158167004585266
waiting
going to web site
Hello world	Thread-4500	2

time: 946687780.832833
diff: 20.16716694831848
waiting
going to web site
Hello world	Thread-4592	3

time: 946687801.832832
diff: 18.167168021202087
waiting
going to web site
Hello world	Thread-4675	4

time: 946687820.841833
diff: 24.158167004585266
waiting
going to web site
Hello world	Thread-4791	3

time: 946687845.832833
diff: 29.16716694831848
waiting
going to web site
Hello world	Thread-4920	5

time: 946687875.832832
diff: 24.167168021202087
waiting
going to web site
Hello world	Thread-5042	4

time: 946687900.841833
diff: 20.158167004585266
waiting
going to web site
Hello world	Thread-5142	3

time: 946687922.841833
diff: 6.158167004585266
waiting
going to web site
Hello world	Thread-5177	2

time: 946687929.832833
diff: 14.167166948318481
waiting
going to web site
Hello world	Thread-5240	5

time: 946687944.832832
diff: 23.167168021202087
waiting
going to web site
Hello world	Thread-5357	5

time: 946687968.841833
diff: 37.158167004585266
waiting
going to web site
Hello world	Thread-5533	2

time: 946688006.849833
diff: 9.150166988372803
waiting
going to web site
Hello world	Thread-5586	5

time: 946688016.832832
diff: 33.16716802120209
waiting
going to web site
Hello world	Thread-5730	5

time: 946688050.841833
diff: 13.158167004585266
waiting
going to web site
Hello world	Thread-5795	2

time: 946688064.841833
diff: 23.158167004585266
waiting
going to web site
Hello world	Thread-5909	5

time: 946688088.841833
diff: 38.158167004585266
waiting
going to web site
Hello world	Thread-6072	4

time: 946688127.832833
diff: 7.1671669483184814
waiting
going to web site
Hello world	Thread-6105	4

time: 946688135.832832
diff: 31.167168021202087
waiting
going to web site
Hello world	Thread-6244	2

time: 946688167.841833
diff: 25.158167004585266
waiting
going to web site
Hello world	Thread-6348	3

time: 946688193.832833
diff: 21.16716694831848
waiting
going to web site
Hello world	Thread-6451	4

time: 946688215.832832
diff: 38.16716802120209
waiting
going to web site
Hello world	Thread-6621	6

time: 946688254.841833
diff: 15.158167004585266
waiting
going to web site
Hello world	Thread-6688	2

time: 946688270.832833
diff: 9.167166948318481
waiting
going to web site
Hello world	Thread-6736	3

time: 946688280.851832
diff: 17.148167967796326
waiting
going to web site
Hello world	Thread-6811	4

time: 946688298.832832
diff: 31.167168021202087
waiting
going to web site
Hello world	Thread-6958	4

time: 946688330.841833
diff: 12.158167004585266
waiting
going to web site
Hello world	Thread-7009	2

time: 946688343.841833
diff: 10.158167004585266
waiting
going to web site
Hello world	Thread-7062	4

time: 946688354.841833
diff: 38.158167004585266
waiting
going to web site
Hello world	Thread-7236	3

time: 946688393.841833
diff: 11.158167004585266
waiting
going to web site
Hello world	Thread-7292	2

time: 946688405.841833
diff: 20.158167004585266
waiting
going to web site
Hello world	Thread-7386	2

time: 946688426.841833
diff: 17.158167004585266
waiting
going to web site
Hello world	Thread-7464	2

time: 946688444.841833
diff: 24.158167004585266
waiting
going to web site
Hello world	Thread-7576	3

time: 946688469.832833
diff: 27.16716694831848
waiting
going to web site
Hello world	Thread-7695	7

time: 946688497.5350641
diff: 35.46493589878082
waiting
going to web site
Hello world	Thread-7846	7

time: 946688533.535117
diff: 22.464882969856262
waiting
going to web site
Hello world	Thread-7956	5

time: 946688556.526064
diff: 22.473935961723328
waiting
going to web site
Hello world	Thread-8056	3

time: 946688579.5350641
diff: 24.464935898780823
waiting
going to web site
Hello world	Thread-8163	6

time: 946688604.5350641
diff: 35.46493589878082
waiting
going to web site
Hello world	Thread-8318	7

time: 946688640.5350641
diff: 12.464935898780823
waiting
going to web site
Hello world	Thread-8373	6

time: 946688653.5350641
diff: 35.46493589878082
waiting
going to web site
Hello world	Thread-8528	7

time: 946688689.5294169
diff: 4.470583081245422
waiting
going to web site
Hello world	Thread-8550	2

time: 946688694.526065
diff: 30.47393500804901
waiting
going to web site
Hello world	Thread-8673	4

time: 946688725.5300651
diff: 22.469934940338135
waiting
going to web site
Hello world	Thread-8761	7

time: 946688748.526064
diff: 38.47393596172333
waiting
going to web site
Hello world	Thread-8910	6

time: 946688787.5350641
diff: 24.464935898780823
waiting
going to web site
Hello world	Thread-9020	5

time: 946688812.5350641
diff: 12.464935898780823
waiting
going to web site
Hello world	Thread-9062	6

time: 946688825.5350641
diff: 22.464935898780823
waiting
going to web site
Hello world	Thread-9169	5

time: 946688848.5350641
diff: 16.464935898780823
waiting
going to web site
Hello world	Thread-9238	7

time: 946688865.5350641
diff: 29.464935898780823
waiting
going to web site
Hello world	Thread-9374	6

time: 946688895.5350641
diff: 20.464935898780823
waiting
going to web site
Hello world	Thread-9455	6

time: 946688916.5350641
diff: 12.464935898780823
waiting
going to web site
Hello world	Thread-9513	6

time: 946688929.5350641
diff: 31.464935898780823
waiting
going to web site
Hello world	Thread-9654	6

time: 946688961.530064
diff: 19.46993601322174
waiting
going to web site
Hello world	Thread-9745	5

time: 946688981.544065
diff: 3.455935001373291
waiting
going to web site
Hello world	Thread-9765	6

time: 946688985.544065
diff: 20.45593500137329
waiting
going to web site
Hello world	Thread-9872	4

time: 946689006.5350649
diff: 17.464935064315796
waiting
going to web site
Hello world	Thread-9950	5

time: 946689024.5350649
diff: 23.464935064315796
waiting
going to web site
Hello world	Thread-10056	3

time: 946689048.5350649
diff: 28.464935064315796
waiting
going to web site
Hello world	Thread-10196	4

time: 946689077.5350649
diff: 15.464935064315796
waiting
going to web site
Hello world	Thread-10267	4

time: 946689093.544065
diff: 22.45593500137329
waiting
going to web site
Hello world	Thread-10374	4

time: 946689116.699561
diff: 28.3004390001297
waiting
going to web site
Hello world	Thread-10516	4

time: 946689145.699561
diff: 12.3004390001297
waiting
going to web site
Hello world	Thread-10567	3

time: 946689158.699561
diff: 18.3004390001297
waiting
going to web site
Hello world	Thread-10659	5

time: 946689177.699561
diff: 28.3004390001297
waiting
going to web site
Hello world	Thread-10806	5

time: 946689206.699561
diff: 20.3004390001297
waiting
going to web site
Hello world	Thread-10904	6

time: 946689227.699561
diff: 7.3004390001297
waiting
going to web site
Hello world	Thread-10941	5

time: 946689235.699561
diff: 21.3004390001297
waiting
going to web site
Hello world	Thread-11049	6

time: 946689257.699561
diff: 31.3004390001297
waiting
going to web site
Hello world	Thread-11200	3

time: 946689289.699561
diff: 13.3004390001297
waiting
going to web site
Hello world	Thread-11267	5

time: 946689303.699561
diff: 35.3004390001297
waiting
going to web site
Hello world	Thread-11441	3

time: 946689339.699561
diff: 16.3004390001297
waiting
going to web site
Hello world	Thread-11516	4

time: 946689356.699561
diff: 11.3004390001297
waiting
going to web site
Hello world	Thread-11568	5

time: 946689368.699561
diff: 14.3004390001297
waiting
going to web site
Hello world	Thread-11640	4

time: 946689383.699561
diff: 30.3004390001297
waiting
going to web site
Hello world	Thread-11777	5

time: 946689414.699561
diff: 19.3004390001297
waiting
going to web site
Hello world	Thread-11878	6

time: 946689434.699561
diff: 41.3004390001297
waiting
going to web site
Hello world	Thread-12070	4

time: 946689476.7085611
diff: 12.291438937187195
waiting
going to web site
Hello world	Thread-12130	4

time: 946689489.6995599
diff: 36.300440073013306
waiting
going to web site
Hello world	Thread-12287	6

time: 946689526.699561
diff: 10.3004390001297
waiting
going to web site
Hello world	Thread-12343	4

time: 946689537.699561
diff: 12.3004390001297
waiting
going to web site
Hello world	Thread-12402	5

time: 946689550.699561
diff: 13.3004390001297
waiting
going to web site
Hello world	Thread-12470	6

time: 946689564.7085611
diff: 19.291438937187195
waiting
going to web site
Hello world	Thread-12558	5

time: 946689584.6995599
diff: 29.300440073013306
waiting
going to web site
Hello world	Thread-12681	7

time: 946689614.699561
diff: 15.3004390001297
waiting
going to web site
Hello world	Thread-12763	4

time: 946689630.699561
diff: 31.3004390001297
waiting
going to web site
Hello world	Thread-12911	6

time: 946689662.699561
diff: 19.3004390001297
waiting
going to web site
Hello world	Thread-13013	4

time: 946689682.713817
diff: 15.2861829996109
waiting
going to web site
Hello world	Thread-13081	7

time: 946689698.6995599
diff: 12.300440073013306
waiting
going to web site
Hello world	Thread-13138	5

time: 946689711.699561
diff: 29.3004390001297
waiting
going to web site
Hello world	Thread-13287	3

time: 946689744.841833
diff: 21.158167004585266
waiting
going to web site
Hello world	Thread-13390	3

time: 946689766.841833
diff: 26.158167004585266
waiting
going to web site
Hello world	Thread-13515	3

time: 946689793.841833
diff: 27.158167004585266
waiting
going to web site
Hello world	Thread-13647	3

time: 946689821.841833
diff: 2.158167004585266
waiting
going to web site
Hello world	Thread-13661	3

time: 946689824.832833
diff: 41.16716694831848
waiting
going to web site
Hello world	Thread-13854	6

time: 946689866.832832
diff: 20.167168021202087
waiting
going to web site
Hello world	Thread-13954	2

time: 946689887.841833
diff: 23.158167004585266
waiting
going to web site
Hello world	Thread-14061	2

time: 946689911.832833
diff: 23.16716694831848
waiting
going to web site
Hello world	Thread-14156	3

time: 946689935.832832
diff: 22.167168021202087
waiting
going to web site
Hello world	Thread-14263	3

time: 946689958.841833
diff: 22.158167004585266
waiting
going to web site
Hello world	Thread-14355	4

time: 946689981.832833
diff: 29.16716694831848
waiting
going to web site
Hello world	Thread-14491	4

time: 946690011.832832
diff: 5.167168021202087
waiting
going to web site
Hello world	Thread-14519	2

time: 946690017.841833
diff: 22.158167004585266
waiting
going to web site
Hello world	Thread-14619	2

time: 946690040.841833
diff: 33.158167004585266
waiting
going to web site
Hello world	Thread-14757	2

time: 946690074.851665
diff: 20.148334980010986
waiting
going to web site
Hello world	Thread-14849	5

time: 946690095.832832
diff: 24.167168021202087
waiting
going to web site
Hello world	Thread-14954	4

time: 946690120.841833
diff: 29.158167004585266
waiting
going to web site
Hello world	Thread-15083	2

time: 946690150.841833
diff: 16.158167004585266
waiting
going to web site
Hello world	Thread-15158	3

time: 946690167.841833
diff: 25.158167004585266
waiting
going to web site
Hello world	Thread-15259	2

time: 946690193.832833
diff: 9.167166948318481
waiting
going to web site
Hello world	Thread-15308	3

time: 946690203.832832
diff: 29.167168021202087
waiting
going to web site
Hello world	Thread-15441	2

time: 946690233.841833
diff: 14.158167004585266
waiting
going to web site
Hello world	Thread-15504	3

time: 946690248.841833
diff: 20.158167004585266
waiting
going to web site
Hello world	Thread-15602	2

time: 946690269.841833
diff: 26.158167004585266
waiting
going to web site
Hello world	Thread-15717	2

time: 946690296.841833
diff: 35.158167004585266
waiting
going to web site
Hello world	Thread-15867	2

time: 946690332.832833
diff: 21.16716694831848
waiting
going to web site
Hello world	Thread-15962	3

time: 946690354.832832
diff: 27.167168021202087
waiting
going to web site
Hello world	Thread-16081	2

time: 946690382.841833
diff: 16.158167004585266
waiting
going to web site
Hello world	Thread-16155	3

time: 946690399.832833
diff: 19.16716694831848
waiting
going to web site
Hello world	Thread-16242	4

time: 946690419.832832
diff: 29.167168021202087
waiting
going to web site
Hello world	Thread-16376	2

time: 946690449.841833
diff: 19.158167004585266
waiting
going to web site
Hello world	Thread-16465	2

time: 946690469.841833
diff: 8.158167004585266
waiting
going to web site
Hello world	Thread-16503	2

time: 946690478.841833
diff: 36.158167004585266
waiting
going to web site
Hello world	Thread-16668	2

time: 946690515.851833
diff: -0.8518329858779907
going to web site
Hello world	Thread-16669	5

time: 946690516.6886649
diff: 29.31133508682251
waiting
going to web site
Hello world	Thread-16801	4

time: 946690546.832833
diff: 33.16716694831848
waiting
going to web site
Hello world	Thread-16948	4

time: 946690580.832832
diff: 27.167168021202087
waiting
going to web site
Hello world	Thread-17060	2

time: 946690608.832833
diff: 24.16716694831848
waiting
going to web site
Hello world	Thread-17173	4

time: 946690633.832832
diff: 28.167168021202087
waiting
going to web site
Hello world	Thread-17296	2

time: 946690662.842184
diff: 11.157816052436829
waiting
going to web site
Hello world	Thread-17343	2

time: 946690674.832833
diff: 22.16716694831848
waiting
going to web site
Hello world	Thread-17447	3

time: 946690697.832832
diff: 17.167168021202087
waiting
going to web site
Hello world	Thread-17527	4

time: 946690715.832833
diff: 27.16716694831848
waiting
going to web site
Hello world	Thread-17649	3

time: 946690743.837832
diff: 20.16216802597046
waiting
going to web site
Hello world	Thread-17733	2

time: 946690764.832833
diff: 34.16716694831848
waiting
going to web site
Hello world	Thread-17892	5

time: 946690799.841833
diff: 18.158167004585266
waiting
going to web site
Hello world	Thread-17972	2

time: 946690818.841833
diff: 14.158167004585266
waiting
going to web site
Hello world	Thread-18042	2

time: 946690833.832833
diff: 33.16716694831848
waiting
going to web site
Hello world	Thread-18179	3

time: 946690867.841833
diff: 15.158167004585266
waiting
going to web site
Hello world	Thread-18241	2

time: 946690883.832833
diff: 16.16716694831848
waiting
going to web site
Hello world	Thread-18318	5

time: 946690900.836832
diff: 26.16316795349121
waiting
going to web site
Hello world	Thread-18428	3

time: 946690927.832832
diff: 23.167168021202087
waiting
going to web site
Hello world	Thread-18536	3

time: 946690951.841833
diff: 33.158167004585266
waiting
going to web site
Hello world	Thread-18681	6

time: 946690985.536065
diff: 5.463935017585754
waiting
going to web site
Hello world	Thread-18709	5

time: 946690991.5350649
diff: 26.464935064315796
waiting
going to web site
Hello world	Thread-18825	6

time: 946691018.526065
diff: 29.47393500804901
waiting
going to web site
Hello world	Thread-18960	4

time: 946691048.526065
diff: 25.47393500804901
waiting
going to web site
Hello world	Thread-19069	2

time: 946691074.526065
diff: 12.473935008049011
waiting
going to web site
Hello world	Thread-19127	5

time: 946691087.526065
diff: 20.47393500804901
waiting
going to web site
Hello world	Thread-19219	6

time: 946691108.544065
diff: 14.455935001373291
waiting
going to web site
Hello world	Thread-19294	3

time: 946691123.5350649
diff: 24.464935064315796
waiting
going to web site
Hello world	Thread-19398	7

time: 946691148.526065
diff: 34.47393500804901
waiting
going to web site
Hello world	Thread-19556	4

time: 946691183.526065
diff: 4.473935008049011
waiting
going to web site
Hello world	Thread-19577	4

time: 946691188.544065
diff: 38.45593500137329
waiting
going to web site
Hello world	Thread-19758	6

time: 946691227.539473
diff: 2.460526943206787
waiting
going to web site
Hello world	Thread-19772	7

time: 946691230.526064
diff: 27.473935961723328
waiting
going to web site
Hello world	Thread-19908	6

time: 946691258.532064
diff: 14.467936038970947
waiting
going to web site
Hello world	Thread-19974	5

time: 946691273.5350649
diff: 21.464935064315796
waiting
going to web site
Hello world	Thread-20077	5

time: 946691295.526065
diff: 15.473935008049011
waiting
going to web site
Hello world	Thread-20147	7

time: 946691311.540065
diff: 16.459934949874878
waiting
going to web site
Hello world	Thread-20231	6

time: 946691328.5350641
diff: 22.464935898780823
waiting
going to web site
Hello world	Thread-20334	7

time: 946691351.526064
diff: 22.473935961723328
waiting
going to web site
Hello world	Thread-20456	7

time: 946691374.532064
diff: 22.467936038970947
waiting
going to web site
Hello world	Thread-20573	5

time: 946691397.5350649
diff: 15.464935064315796
waiting
going to web site
Hello world	Thread-20644	6

time: 946691413.544065
diff: 29.45593500137329
waiting
going to web site
Hello world	Thread-20789	3

time: 946691443.5350649
diff: 15.464935064315796
waiting
going to web site
Hello world	Thread-20867	4

time: 946691459.536065
diff: 14.463935017585754
waiting
going to web site
Hello world	Thread-20928	7

time: 946691474.5350649
diff: 35.464935064315796
waiting
going to web site
Hello world	Thread-21099	5

time: 946691510.5350649
diff: 25.464935064315796
waiting
going to web site
Hello world	Thread-21223	6

time: 946691536.544065
diff: 26.45593500137329
waiting
going to web site
Hello world	Thread-21346	6

time: 946691563.526065
diff: 22.47393500804901
waiting
going to web site
Hello world	Thread-21449	6

time: 946691586.544065
diff: 15.455935001373291
waiting
going to web site
Hello world	Thread-21526	5

time: 946691602.5300651
diff: 34.469934940338135
waiting
going to web site
Hello world	Thread-21682	6

time: 946691637.5350641
diff: 20.464935898780823
waiting
going to web site
Hello world	Thread-21773	6

time: 946691658.5350641
diff: 9.464935898780823
waiting
going to web site
Hello world	Thread-21808	6

time: 946691668.534064
diff: 26.465935945510864
waiting
going to web site
Hello world	Thread-21935	5

time: 946691695.5350641
diff: 27.464935898780823
waiting
going to web site
Hello world	Thread-22061	6

time: 946691723.5350641
diff: 21.464935898780823
waiting
going to web site
Hello world	Thread-22153	7

time: 946691745.535549
diff: 15.46445095539093
waiting
going to web site
Hello world	Thread-22223	6

time: 946691761.526064
diff: 32.47393596172333
waiting
going to web site
Hello world	Thread-22370	7

time: 946691794.5350641
diff: 13.464935898780823
waiting
going to web site
Hello world	Thread-22428	7

time: 946691808.5350641
diff: 17.464935898780823
waiting
going to web site
Hello world	Thread-22510	6

time: 946691826.5350641
diff: 26.464935898780823
waiting
going to web site
Hello world	Thread-22626	5

time: 946691853.5350641
diff: 18.464935898780823
waiting
going to web site
Hello world	Thread-22710	5

time: 946691872.5350649
diff: 28.464935064315796
waiting
going to web site
Hello world	Thread-22838	5

time: 946691901.540065
diff: 8.459934949874878
waiting
going to web site
Hello world	Thread-22873	6

time: 946691910.5350641
diff: 28.464935898780823
waiting
going to web site
Hello world	Thread-23003	7

time: 946691939.5350641
diff: 25.464935898780823
waiting
going to web site
Hello world	Thread-23132	5

time: 946691965.5350641
diff: 5.464935898780823
waiting
going to web site
Hello world	Thread-23164	5

time: 946691971.5350641
diff: 35.46493589878082
waiting
going to web site
Hello world	Thread-23330	6

time: 946692007.5350641
diff: 2.4649358987808228
waiting
going to web site
Hello world	Thread-23341	8

time: 946692010.5350641
diff: 16.464935898780823
waiting
going to web site
Hello world	Thread-23424	7

time: 946692027.5350641
diff: 27.464935898780823
waiting
going to web site
Hello world	Thread-23567	4

time: 946692055.526064
diff: 18.473935961723328
waiting
going to web site
Hello world	Thread-23653	5

time: 946692074.5350641
diff: 20.464935898780823
waiting
going to web site
Hello world	Thread-23752	6

time: 946692095.5350641
diff: 28.464935898780823
waiting
going to web site
Hello world	Thread-23893	5

time: 946692124.535549
diff: 18.46445095539093
waiting
going to web site
Hello world	Thread-23979	7

time: 946692143.5350641
diff: 28.464935898780823
waiting
going to web site
Hello world	Thread-24110	7

time: 946692172.5350641
diff: 21.464935898780823
waiting
going to web site
Hello world	Thread-24209	3

time: 946692194.832832
diff: 24.167168021202087
waiting
going to web site
Hello world	Thread-24337	3

time: 946692220.841833
diff: 23.158167004585266
waiting
going to web site
Hello world	Thread-24446	3

time: 946692245.841833
diff: 21.158167004585266
waiting
going to web site
Hello world	Thread-24546	4

time: 946692267.851545
diff: 20.148455023765564
waiting
going to web site
Hello world	Thread-24644	2

time: 946692288.842665
diff: 25.15733504295349
waiting
going to web site
Hello world	Thread-24760	2

time: 946692315.841833
diff: 21.158167004585266
waiting
going to web site
Hello world	Thread-24858	2

time: 946692337.841833
diff: 24.158167004585266
waiting
going to web site
Hello world	Thread-24964	2

time: 946692362.841833
diff: 21.158167004585266
waiting
going to web site
Hello world	Thread-25056	3

time: 946692384.841833
diff: 22.158167004585266
waiting
going to web site
Hello world	Thread-25152	2

time: 946692407.836833
diff: 18.163166999816895
waiting
going to web site
Hello world	Thread-25233	4

time: 946692426.836832
diff: 21.16316795349121
waiting
going to web site
Hello world	Thread-25327	3

time: 946692448.832832
diff: 31.167168021202087
waiting
going to web site
Hello world	Thread-25461	2

time: 946692480.841833
diff: 17.158167004585266
waiting
going to web site
Hello world	Thread-25532	2

time: 946692498.842833
diff: 21.157166957855225
waiting
going to web site
Hello world	Thread-25626	3

time: 946692520.832832
diff: 25.167168021202087
waiting
going to web site
Hello world	Thread-25744	2

time: 946692547.841833
diff: 29.158167004585266
waiting
going to web site
Hello world	Thread-25872	2

time: 946692577.841833
diff: 31.158167004585266
waiting
going to web site
Hello world	Thread-26002	2

time: 946692609.832833
diff: 14.167166948318481
waiting
going to web site
Hello world	Thread-26074	4

time: 946692624.832832
diff: 11.167168021202087
waiting
going to web site
Hello world	Thread-26120	2

