time: 946686600.0
diff: 0.0
going to web site
Hello world	Thread-2	6

time: 946686600.636976
diff: 60.36302399635315
waiting
going to web site
Hello world	Thread-14	2

time: 946686661.636976
diff: 59.36302399635315
waiting
going to web site
Hello world	Thread-22	3

time: 946686721.6459769
diff: 119.35402309894562
waiting
going to web site
Hello world	Thread-31	6

time: 946686841.6459771
diff: 119.35402286052704
waiting
going to web site
Hello world	Thread-44	6

time: 946686961.636976
diff: 59.36302399635315
waiting
going to web site
Hello world	Thread-51	7

time: 946687021.636976
diff: 119.36302399635315
waiting
going to web site
Hello world	Thread-65	6

time: 946687141.636976
diff: 59.36302399635315
waiting
going to web site
Hello world	Thread-76	2

time: 946687202.705664
diff: 119.29433596134186
waiting
going to web site
Hello world	Thread-88	4

time: 946687322.7066641
diff: 119.29333591461182
waiting
going to web site
Hello world	Thread-99	5

time: 946687442.714665
diff: 119.28533494472504
waiting
going to web site
Hello world	Thread-113	5

time: 946687562.7066641
diff: 59.293335914611816
waiting
going to web site
Hello world	Thread-123	4

time: 946687622.7066641
diff: 119.29333591461182
waiting
going to web site
Hello world	Thread-135	3

time: 946687742.7066641
diff: 120.29333591461182
waiting
going to web site
Hello world	Thread-149	2

time: 946687863.7156641
diff: 59.28433585166931
waiting
going to web site
Hello world	Thread-156	4

time: 946687923.7196641
diff: 59.280335903167725
waiting
going to web site
Hello world	Thread-162	3

time: 946687983.7066641
diff: 59.293335914611816
waiting
going to web site
Hello world	Thread-171	2

time: 946688043.7066641
diff: 59.293335914611816
waiting
going to web site
Hello world	Thread-179	3

time: 946688103.7066642
diff: 59.29333579540253
waiting
going to web site
Hello world	Thread-186	3

time: 946688163.7066642
diff: 119.29333579540253
waiting
going to web site
Hello world	Thread-200	2

time: 946688283.7066642
diff: 60.29333579540253
waiting
going to web site
Hello world	Thread-207	3

