time: 946686600.0
diff: 205.0
waiting
going to web site
Hello world	Thread-1076	5

time: 946686805.838832
diff: -0.8388320207595825
going to web site
Hello world	Thread-1083	6

time: 946686806.678664
diff: 1.321336030960083
waiting
going to web site
Hello world	Thread-1103	5

time: 946686808.860833
diff: 1.1391669511795044
waiting
going to web site
Hello world	Thread-1121	4

time: 946686810.832832
diff: 0.1671680212020874
waiting
going to web site
Hello world	Thread-335	3

time: 946686811.851481
diff: 0.14851903915405273
waiting
going to web site
Hello world	Thread-337	2

time: 946686812.838833
diff: 0.16116702556610107
waiting
going to web site
Hello world	Thread-1137	4

time: 946686813.854481
diff: 0.14551901817321777
waiting
going to web site
Hello world	Thread-1142	3

time: 946686814.848833
diff: 1.1511670351028442
waiting
going to web site
Hello world	Thread-1154	3

time: 946686816.8420011
diff: -0.8420010805130005
going to web site
Hello world	Thread-1159	3

time: 946686817.683833
diff: -0.6838330030441284
going to web site
Hello world	Thread-1165	2

time: 946686818.524665
diff: 28.475335001945496
waiting
going to web site
Hello world	Thread-448	3

time: 946686847.844833
diff: 21.15516698360443
waiting
going to web site
Hello world	Thread-523	3

time: 946686869.832832
diff: 5.167168021202087
waiting
going to web site
Hello world	Thread-543	4

time: 946686875.841833
diff: 28.158167004585266
waiting
going to web site
Hello world	Thread-659	2

time: 946686904.858481
diff: 17.14151895046234
waiting
going to web site
Hello world	Thread-728	3

time: 946686922.841833
diff: 14.158167004585266
waiting
going to web site
Hello world	Thread-790	3

time: 946686937.842833
diff: 10.157166957855225
waiting
going to web site
Hello world	Thread-840	4

time: 946686948.8358321
diff: 22.164167881011963
waiting
going to web site
Hello world	Thread-948	6

time: 946686971.832832
diff: 18.167168021202087
waiting
going to web site
Hello world	Thread-1072	2

time: 946686997.855824
diff: 14.144176006317139
waiting
going to web site
Hello world	Thread-1137	4

time: 946687012.841833
diff: 34.158167004585266
waiting
going to web site
Hello world	Thread-1304	5

time: 946687047.8428171
diff: 20.157182931900024
waiting
going to web site
Hello world	Thread-1395	3

time: 946687068.836832
diff: 24.16316795349121
waiting
going to web site
Hello world	Thread-1504	6

time: 946687093.832832
diff: 23.167168021202087
waiting
going to web site
Hello world	Thread-1608	4

time: 946687117.845833
diff: 24.15416705608368
waiting
going to web site
Hello world	Thread-1717	5

time: 946687142.832833
diff: 16.16716694831848
waiting
going to web site
Hello world	Thread-1789	5

time: 946687159.842832
diff: 30.15716803073883
waiting
going to web site
Hello world	Thread-1913	5

time: 946687190.832833
diff: 32.16716694831848
waiting
going to web site
Hello world	Thread-2056	7

time: 946687223.832832
diff: 5.167168021202087
waiting
going to web site
Hello world	Thread-2085	3

time: 946687229.832833
diff: 22.16716694831848
waiting
going to web site
Hello world	Thread-2178	3

time: 946687252.832832
diff: 33.16716802120209
waiting
going to web site
Hello world	Thread-2343	3

time: 946687287.845987
diff: 17.15401303768158
waiting
going to web site
Hello world	Thread-2420	3

time: 946687305.869833
diff: 30.13016700744629
waiting
going to web site
Hello world	Thread-2556	3

time: 946687336.851833
diff: 19.14816701412201
waiting
going to web site
Hello world	Thread-2640	4

time: 946687356.841833
diff: 21.158167004585266
waiting
going to web site
Hello world	Thread-2740	3

time: 946687378.841833
diff: 20.158167004585266
waiting
going to web site
Hello world	Thread-2830	2

time: 946687399.845833
diff: 13.15416705608368
waiting
going to web site
Hello world	Thread-2891	5

time: 946687413.833833
diff: 21.16616702079773
waiting
going to web site
Hello world	Thread-2984	3

time: 946687435.832833
diff: 20.16716694831848
waiting
going to web site
Hello world	Thread-3079	3

time: 946687456.836832
diff: 16.16316795349121
waiting
going to web site
Hello world	Thread-3151	4

time: 946687473.832832
diff: 28.167168021202087
waiting
going to web site
Hello world	Thread-3283	2

time: 946687503.832833
diff: 28.16716694831848
waiting
going to web site
Hello world	Thread-3410	4

time: 946687532.832832
diff: 10.167168021202087
waiting
going to web site
Hello world	Thread-3487	3

time: 946687550.841833
diff: 23.158167004585266
waiting
going to web site
Hello world	Thread-3597	2

time: 946687574.8588331
diff: 15.141166925430298
waiting
going to web site
Hello world	Thread-3657	5

time: 946687590.8398321
diff: 29.160167932510376
waiting
going to web site
Hello world	Thread-3795	6

time: 946687620.832832
diff: 24.167168021202087
waiting
going to web site
Hello world	Thread-3895	3

time: 946687645.841833
diff: 20.158167004585266
waiting
going to web site
Hello world	Thread-3987	2

time: 946687666.832833
diff: 34.16716694831848
waiting
going to web site
Hello world	Thread-4150	4

time: 946687701.832832
diff: 22.167168021202087
waiting
going to web site
Hello world	Thread-4248	2

time: 946687724.841833
diff: 13.158167004585266
waiting
going to web site
Hello world	Thread-4308	2

time: 946687738.841833
diff: 29.158167004585266
waiting
going to web site
Hello world	Thread-4439	2

time: 946687768.841833
diff: 9.158167004585266
waiting
going to web site
Hello world	Thread-4492	5

time: 946687778.832833
diff: 31.16716694831848
waiting
going to web site
Hello world	Thread-4633	7

time: 946687810.832832
diff: 15.167168021202087
waiting
going to web site
Hello world	Thread-4708	2

time: 946687826.841833
diff: 16.158167004585266
waiting
going to web site
Hello world	Thread-4782	3

time: 946687843.841833
diff: 20.158167004585266
waiting
going to web site
Hello world	Thread-4869	2

time: 946687864.841833
diff: 15.158167004585266
waiting
going to web site
Hello world	Thread-4948	2

time: 946687880.832833
diff: 29.16716694831848
waiting
going to web site
Hello world	Thread-5081	3

time: 946687910.832832
diff: 23.167168021202087
waiting
going to web site
Hello world	Thread-5193	5

time: 946687934.832833
diff: 19.16716694831848
waiting
going to web site
Hello world	Thread-5298	4

time: 946687954.832832
diff: 16.167168021202087
waiting
going to web site
Hello world	Thread-5374	2

time: 946687971.841833
diff: 29.158167004585266
waiting
going to web site
Hello world	Thread-5508	2

time: 946688001.832833
diff: 31.16716694831848
waiting
going to web site
Hello world	Thread-5656	7

time: 946688033.5350009
diff: 23.464999079704285
waiting
going to web site
Hello world	Thread-5765	4

time: 946688057.5350649
diff: 17.464935064315796
waiting
going to web site
Hello world	Thread-5841	6

time: 946688075.5350649
diff: 9.464935064315796
waiting
going to web site
Hello world	Thread-5892	6

time: 946688085.526065
diff: 14.473935008049011
waiting
going to web site
Hello world	Thread-5949	5

time: 946688100.544065
diff: 18.45593500137329
waiting
going to web site
Hello world	Thread-6029	5

time: 946688119.5350649
diff: 23.464935064315796
waiting
going to web site
Hello world	Thread-6135	4

time: 946688143.544065
diff: 28.45593500137329
waiting
going to web site
Hello world	Thread-6257	4

time: 946688172.5350649
diff: 35.464935064315796
waiting
going to web site
Hello world	Thread-6418	5

time: 946688208.5350649
diff: 16.464935064315796
waiting
going to web site
Hello world	Thread-6499	3

time: 946688225.5350649
diff: 17.464935064315796
waiting
going to web site
Hello world	Thread-6571	4

time: 946688243.5350649
diff: 24.464935064315796
waiting
going to web site
Hello world	Thread-6681	4

time: 946688268.533065
diff: 20.46693503856659
waiting
going to web site
Hello world	Thread-6775	4

time: 946688289.539065
diff: 35.46093499660492
waiting
going to web site
Hello world	Thread-6935	6

time: 946688325.5350641
diff: 18.464935898780823
waiting
going to web site
Hello world	Thread-7011	6

time: 946688344.526064
diff: 32.47393596172333
waiting
going to web site
Hello world	Thread-7164	7

time: 946688377.535416
diff: 25.46458399295807
waiting
going to web site
Hello world	Thread-7277	6

time: 946688403.539325
diff: 12.46067500114441
waiting
going to web site
Hello world	Thread-7340	4

time: 946688416.544065
diff: 16.45593500137329
waiting
going to web site
Hello world	Thread-7412	6

time: 946688433.539065
diff: 16.46093499660492
waiting
going to web site
Hello world	Thread-7488	5

time: 946688450.526064
diff: 20.473935961723328
waiting
going to web site
Hello world	Thread-7585	7

time: 946688471.5350649
diff: 22.464935064315796
waiting
going to web site
Hello world	Thread-7680	6

time: 946688494.526065
diff: 11.473935008049011
waiting
going to web site
Hello world	Thread-7735	4

time: 946688506.5300651
diff: 31.469934940338135
waiting
going to web site
Hello world	Thread-7876	7

time: 946688538.534064
diff: 13.465935945510864
waiting
going to web site
Hello world	Thread-7930	7

time: 946688552.5350641
diff: 17.464935898780823
waiting
going to web site
Hello world	Thread-8020	4

time: 946688570.5350641
diff: 23.464935898780823
waiting
going to web site
Hello world	Thread-8125	5

time: 946688594.5350641
diff: 30.464935898780823
waiting
going to web site
Hello world	Thread-8254	4

time: 946688625.542064
diff: 29.45793604850769
waiting
going to web site
Hello world	Thread-8387	5

time: 946688655.699561
diff: 31.3004390001297
waiting
going to web site
Hello world	Thread-8518	5

time: 946688687.699561
diff: 20.3004390001297
waiting
going to web site
Hello world	Thread-8600	7

time: 946688708.699561
diff: 35.3004390001297
waiting
going to web site
Hello world	Thread-8746	5

time: 946688744.699561
diff: 14.3004390001297
waiting
going to web site
Hello world	Thread-8804	6

time: 946688759.699561
diff: 23.3004390001297
waiting
going to web site
Hello world	Thread-8903	4

time: 946688783.699561
diff: 18.3004390001297
waiting
going to web site
Hello world	Thread-8979	3

time: 946688802.699561
diff: 28.3004390001297
waiting
going to web site
Hello world	Thread-9092	5

time: 946688831.699561
diff: 27.3004390001297
waiting
going to web site
Hello world	Thread-9215	5

time: 946688859.699561
diff: 20.3004390001297
waiting
going to web site
Hello world	Thread-9303	3

time: 946688880.7085611
diff: 25.291438937187195
waiting
going to web site
Hello world	Thread-9416	5

time: 946688906.6995599
diff: 23.300440073013306
waiting
going to web site
Hello world	Thread-9519	4

time: 946688930.699561
diff: 33.3004390001297
waiting
going to web site
Hello world	Thread-9667	5

time: 946688964.699561
diff: 7.3004390001297
waiting
going to web site
Hello world	Thread-9713	3

time: 946688972.699561
diff: 25.3004390001297
waiting
going to web site
Hello world	Thread-9829	2

time: 946688998.699561
diff: 18.3004390001297
waiting
going to web site
Hello world	Thread-9922	5

time: 946689017.699561
diff: 25.3004390001297
waiting
going to web site
Hello world	Thread-10036	4

time: 946689043.699561
diff: 19.3004390001297
waiting
going to web site
Hello world	Thread-10123	6

time: 946689063.716817
diff: 21.283182978630066
waiting
going to web site
Hello world	Thread-10236	4

time: 946689085.6995599
diff: 22.300440073013306
waiting
going to web site
Hello world	Thread-10333	4

time: 946689108.699561
diff: 17.3004390001297
waiting
going to web site
Hello world	Thread-10423	3

time: 946689126.699561
diff: 10.3004390001297
waiting
going to web site
Hello world	Thread-10474	4

time: 946689137.699561
diff: 21.3004390001297
waiting
going to web site
Hello world	Thread-10572	4

time: 946689159.699561
diff: 19.3004390001297
waiting
going to web site
Hello world	Thread-10672	6

time: 946689179.699561
diff: 25.3004390001297
waiting
going to web site
Hello world	Thread-10802	4

time: 946689205.699561
diff: 21.3004390001297
waiting
going to web site
Hello world	Thread-10905	7

time: 946689227.699561
diff: 27.3004390001297
waiting
going to web site
Hello world	Thread-11046	3

time: 946689256.841833
diff: 13.158167004585266
waiting
going to web site
Hello world	Thread-11111	2

time: 946689270.852833
diff: 17.147166967391968
waiting
going to web site
Hello world	Thread-11194	4

time: 946689288.832832
diff: 32.16716802120209
waiting
going to web site
Hello world	Thread-11361	3

time: 946689322.841833
diff: 10.158167004585266
waiting
going to web site
Hello world	Thread-11408	2

time: 946689333.841833
diff: 19.158167004585266
waiting
going to web site
Hello world	Thread-11502	3

time: 946689353.841833
diff: 19.158167004585266
waiting
going to web site
Hello world	Thread-11600	5

time: 946689373.845833
diff: 14.15416705608368
waiting
going to web site
Hello world	Thread-11670	4

time: 946689388.841833
diff: 24.158167004585266
waiting
going to web site
Hello world	Thread-11771	2

time: 946689413.848833
diff: 27.151167035102844
waiting
going to web site
Hello world	Thread-11900	3

time: 946689441.832833
diff: 22.16716694831848
waiting
going to web site
Hello world	Thread-12008	4

time: 946689464.832832
diff: 17.167168021202087
waiting
going to web site
Hello world	Thread-12101	2

time: 946689482.842833
diff: 17.157166957855225
waiting
going to web site
Hello world	Thread-12172	5

time: 946689500.832832
diff: 25.167168021202087
waiting
going to web site
Hello world	Thread-12305	2

time: 946689529.852833
diff: 12.147166967391968
waiting
going to web site
Hello world	Thread-12366	6

time: 946689542.832832
diff: 32.16716802120209
waiting
going to web site
Hello world	Thread-12517	2

time: 946689575.832833
diff: 18.16716694831848
waiting
going to web site
Hello world	Thread-12602	3

time: 946689594.832832
diff: 32.16716802120209
waiting
going to web site
Hello world	Thread-12754	3

time: 946689628.843656
diff: 17.156344056129456
waiting
going to web site
Hello world	Thread-12836	2

time: 946689646.841833
diff: 24.158167004585266
waiting
going to web site
Hello world	Thread-12954	3

time: 946689671.841833
diff: 17.158167004585266
waiting
going to web site
Hello world	Thread-13049	2

time: 946689689.841833
diff: 23.158167004585266
waiting
going to web site
Hello world	Thread-13150	3

time: 946689713.841833
diff: 17.158167004585266
waiting
going to web site
Hello world	Thread-13227	2

time: 946689731.841833
diff: 17.158167004585266
waiting
going to web site
Hello world	Thread-13317	2

time: 946689749.845833
diff: 29.15416705608368
waiting
going to web site
Hello world	Thread-13447	3

time: 946689779.832833
diff: 14.167166948318481
waiting
going to web site
Hello world	Thread-13519	3

time: 946689794.832832
diff: 17.167168021202087
waiting
going to web site
Hello world	Thread-13598	2

time: 946689812.841833
diff: 15.158167004585266
waiting
going to web site
Hello world	Thread-13671	3

time: 946689828.841833
diff: 12.158167004585266
waiting
going to web site
Hello world	Thread-13735	3

time: 946689841.841833
diff: 20.158167004585266
waiting
going to web site
Hello world	Thread-13837	3

time: 946689862.832833
diff: 26.16716694831848
waiting
going to web site
Hello world	Thread-13958	5

time: 946689889.832832
diff: 34.16716802120209
waiting
going to web site
Hello world	Thread-14112	3

time: 946689924.841833
diff: 12.158167004585266
waiting
going to web site
Hello world	Thread-14171	2

time: 946689938.841833
diff: 25.158167004585266
waiting
going to web site
Hello world	Thread-14288	2

time: 946689964.832833
diff: 14.167166948318481
waiting
going to web site
Hello world	Thread-14343	4

time: 946689979.832832
diff: 36.16716802120209
waiting
going to web site
Hello world	Thread-14511	4

time: 946690016.832833
diff: 21.16716694831848
waiting
going to web site
Hello world	Thread-14606	3

time: 946690038.832832
diff: 18.167168021202087
waiting
going to web site
Hello world	Thread-14686	3

time: 946690057.841833
diff: 25.158167004585266
waiting
going to web site
Hello world	Thread-14796	3

time: 946690083.832833
diff: 36.16716694831848
waiting
going to web site
Hello world	Thread-14953	5

time: 946690120.832832
diff: 25.167168021202087
waiting
going to web site
Hello world	Thread-15060	5

time: 946690146.832833
diff: 16.16716694831848
waiting
going to web site
Hello world	Thread-15140	4

time: 946690163.832832
diff: 18.167168021202087
waiting
going to web site
Hello world	Thread-15216	2

time: 946690182.841833
diff: 23.158167004585266
waiting
going to web site
Hello world	Thread-15326	2

time: 946690206.851665
diff: 19.148334980010986
waiting
going to web site
Hello world	Thread-15408	5

time: 946690226.832832
diff: 19.167168021202087
waiting
going to web site
Hello world	Thread-15496	3

time: 946690246.841833
diff: 26.158167004585266
waiting
going to web site
Hello world	Thread-15620	3

time: 946690273.8398329
diff: 23.16016709804535
waiting
going to web site
Hello world	Thread-15722	2

time: 946690297.841833
diff: 13.158167004585266
waiting
going to web site
Hello world	Thread-15784	3

time: 946690312.841833
diff: 27.158167004585266
waiting
going to web site
Hello world	Thread-15907	4

time: 946690340.841833
diff: 16.158167004585266
waiting
going to web site
Hello world	Thread-15971	2

time: 946690357.832833
diff: 18.16716694831848
waiting
going to web site
Hello world	Thread-16060	4

time: 946690376.832832
diff: 26.167168021202087
waiting
going to web site
Hello world	Thread-16174	2

time: 946690403.841833
diff: 28.158167004585266
waiting
going to web site
Hello world	Thread-16303	2

time: 946690432.841833
diff: 22.158167004585266
waiting
going to web site
Hello world	Thread-16401	2

time: 946690455.841833
diff: 15.158167004585266
waiting
going to web site
Hello world	Thread-16469	6

time: 946690471.5350649
diff: 25.464935064315796
waiting
going to web site
Hello world	Thread-16590	5

time: 946690497.539065
diff: 32.46093499660492
waiting
going to web site
Hello world	Thread-16725	4

time: 946690530.535833
diff: 17.46416699886322
waiting
going to web site
Hello world	Thread-16804	5

time: 946690548.526064
diff: 30.473935961723328
waiting
going to web site
Hello world	Thread-16942	6

time: 946690579.5350641
diff: 8.464935898780823
waiting
going to web site
Hello world	Thread-16979	6

time: 946690588.5350641
diff: 31.464935898780823
waiting
going to web site
Hello world	Thread-17113	7

time: 946690620.5350641
diff: 20.464935898780823
waiting
going to web site
Hello world	Thread-17207	5

time: 946690641.5350641
diff: 25.464935898780823
waiting
going to web site
Hello world	Thread-17315	7

time: 946690667.5350641
diff: 2.4649358987808228
waiting
going to web site
Hello world	Thread-17328	4

time: 946690670.5350641
diff: 22.464935898780823
waiting
going to web site
Hello world	Thread-17431	6

time: 946690693.5350641
diff: 33.46493589878082
waiting
going to web site
Hello world	Thread-17574	5

time: 946690727.526064
diff: 27.473935961723328
waiting
going to web site
Hello world	Thread-17699	6

time: 946690755.5350641
diff: 24.464935898780823
waiting
going to web site
Hello world	Thread-17809	7

time: 946690780.5350641
diff: 25.464935898780823
waiting
going to web site
Hello world	Thread-17919	6

time: 946690806.5350641
diff: 23.464935898780823
waiting
going to web site
Hello world	Thread-18029	4

time: 946690830.5350641
diff: 12.464935898780823
waiting
going to web site
Hello world	Thread-18076	4

time: 946690843.5350641
diff: 23.464935898780823
waiting
going to web site
Hello world	Thread-18176	7

time: 946690867.5350641
diff: 22.464935898780823
waiting
going to web site
Hello world	Thread-18277	6

time: 946690890.5350641
diff: 32.46493589878082
waiting
going to web site
Hello world	Thread-18408	4

time: 946690923.526064
diff: 21.473935961723328
waiting
going to web site
Hello world	Thread-18503	7

time: 946690945.5350641
diff: 23.464935898780823
waiting
going to web site
Hello world	Thread-18608	5

time: 946690969.5350641
diff: 20.464935898780823
waiting
going to web site
Hello world	Thread-18701	7

time: 946690990.5350641
diff: 23.464935898780823
waiting
going to web site
Hello world	Thread-18805	8

time: 946691014.5294169
diff: 24.470583081245422
waiting
going to web site
Hello world	Thread-18914	6

time: 946691039.5350649
diff: 12.464935064315796
waiting
going to web site
Hello world	Thread-18974	3

time: 946691052.526065
diff: 26.47393500804901
waiting
going to web site
Hello world	Thread-19103	2

time: 946691080.852833
diff: 17.147166967391968
waiting
going to web site
Hello world	Thread-19184	2

time: 946691099.841833
diff: 35.158167004585266
waiting
going to web site
Hello world	Thread-19350	3

time: 946691136.845833
diff: 17.15416705608368
waiting
going to web site
Hello world	Thread-19432	2

time: 946691154.832833
diff: 15.167166948318481
waiting
going to web site
Hello world	Thread-19500	5

time: 946691170.832832
diff: 30.167168021202087
waiting
going to web site
Hello world	Thread-19644	3

time: 946691201.841833
diff: 15.158167004585266
waiting
going to web site
Hello world	Thread-19713	4

time: 946691217.841833
diff: 18.158167004585266
waiting
going to web site
Hello world	Thread-19822	3

time: 946691239.841833
diff: 9.158167004585266
waiting
going to web site
Hello world	Thread-19867	2

time: 946691250.841833
diff: 14.158167004585266
waiting
going to web site
Hello world	Thread-19942	4

time: 946691265.836833
diff: 36.163166999816895
waiting
going to web site
Hello world	Thread-20100	4

time: 946691302.832832
diff: 30.167168021202087
waiting
going to web site
Hello world	Thread-20260	3

time: 946691333.841833
diff: 11.158167004585266
waiting
going to web site
Hello world	Thread-20307	2

time: 946691345.841833
diff: 25.158167004585266
waiting
going to web site
Hello world	Thread-20438	3

time: 946691371.841833
diff: 16.158167004585266
waiting
going to web site
Hello world	Thread-20529	3

time: 946691388.832833
diff: 20.16716694831848
waiting
going to web site
Hello world	Thread-20626	2

time: 946691409.832832
diff: 18.167168021202087
waiting
going to web site
Hello world	Thread-20720	2

time: 946691428.841833
diff: 17.158167004585266
waiting
going to web site
Hello world	Thread-20801	4

time: 946691446.832833
diff: 22.16716694831848
waiting
going to web site
Hello world	Thread-20910	5

time: 946691469.832832
diff: 11.167168021202087
waiting
going to web site
Hello world	Thread-20976	2

time: 946691482.841833
diff: 28.158167004585266
waiting
going to web site
Hello world	Thread-21107	3

time: 946691511.841833
diff: 15.158167004585266
waiting
going to web site
Hello world	Thread-21185	4

time: 946691527.832833
diff: 20.16716694831848
waiting
going to web site
Hello world	Thread-21281	5

time: 946691548.832832
diff: 25.167168021202087
waiting
going to web site
Hello world	Thread-21412	3

time: 946691577.841833
diff: 12.158167004585266
waiting
going to web site
Hello world	Thread-21471	2

time: 946691590.841833
diff: 21.158167004585266
waiting
going to web site
Hello world	Thread-21571	4

time: 946691612.832833
diff: 15.167166948318481
waiting
going to web site
Hello world	Thread-21648	5

time: 946691629.832832
diff: 26.167168021202087
waiting
going to web site
Hello world	Thread-21770	3

time: 946691656.841833
diff: 21.158167004585266
waiting
going to web site
Hello world	Thread-21881	2

time: 946691681.860684
diff: 34.13931596279144
waiting
going to web site
Hello world	Thread-22028	4

time: 946691716.832832
diff: 9.167168021202087
waiting
going to web site
Hello world	Thread-22085	2

time: 946691727.841833
diff: 24.158167004585266
waiting
going to web site
Hello world	Thread-22191	4

time: 946691752.858037
diff: 41.14196300506592
waiting
going to web site
Hello world	Thread-22377	2

time: 946691795.841833
diff: 6.158167004585266
waiting
going to web site
Hello world	Thread-22409	2

time: 946691803.841833
diff: 10.158167004585266
waiting
going to web site
Hello world	Thread-22458	2

time: 946691814.8588331
diff: 35.1411669254303
waiting
going to web site
Hello world	Thread-22611	6

time: 946691850.832832
diff: 17.167168021202087
waiting
going to web site
Hello world	Thread-22688	4

time: 946691868.832833
diff: 18.16716694831848
waiting
going to web site
Hello world	Thread-22781	2

time: 946691887.836832
diff: 24.16316795349121
waiting
going to web site
Hello world	Thread-22885	6

time: 946691912.832832
diff: 29.167168021202087
waiting
going to web site
Hello world	Thread-23024	3

time: 946691942.845833
diff: 13.15416705608368
waiting
going to web site
Hello world	Thread-23100	4

time: 946691956.841833
diff: 24.158167004585266
waiting
going to web site
Hello world	Thread-23209	3

time: 946691981.841833
diff: 30.158167004585266
waiting
going to web site
Hello world	Thread-23357	3

time: 946692012.841833
diff: 12.158167004585266
waiting
going to web site
Hello world	Thread-23414	6

time: 946692025.832833
diff: 30.16716694831848
waiting
going to web site
Hello world	Thread-23573	4

time: 946692056.836832
diff: 2.163167953491211
waiting
going to web site
Hello world	Thread-23584	6

time: 946692059.832832
diff: 39.16716802120209
waiting
going to web site
Hello world	Thread-23772	4

time: 946692099.842833
diff: 9.157166957855225
waiting
going to web site
Hello world	Thread-23812	5

time: 946692109.832832
diff: 11.167168021202087
waiting
going to web site
Hello world	Thread-23880	3

time: 946692121.841833
diff: 24.158167004585266
waiting
going to web site
Hello world	Thread-23996	2

time: 946692146.841833
diff: 25.158167004585266
waiting
going to web site
Hello world	Thread-24112	5

time: 946692172.841833
diff: 12.158167004585266
waiting
going to web site
Hello world	Thread-24174	2

time: 946692185.851833
diff: 14.14816701412201
waiting
going to web site
Hello world	Thread-24240	2

time: 946692200.841833
diff: 12.158167004585266
waiting
going to web site
Hello world	Thread-24300	2

time: 946692213.832833
diff: 35.16716694831848
waiting
going to web site
Hello world	Thread-24466	2

time: 946692249.841833
diff: 23.158167004585266
waiting
going to web site
Hello world	Thread-24571	3

time: 946692273.841833
diff: 21.158167004585266
waiting
going to web site
Hello world	Thread-24739	2

time: 946692310.8426969
diff: 11.157303094863892
waiting
going to web site
Hello world	Thread-24795	6

time: 946692322.5350649
diff: 28.464935064315796
waiting
going to web site
Hello world	Thread-24912	4

time: 946692351.532065
diff: 20.46793496608734
waiting
going to web site
Hello world	Thread-25007	7

time: 946692372.532064
diff: 15.467936038970947
waiting
going to web site
Hello world	Thread-25062	6

time: 946692388.526065
diff: 29.47393500804901
waiting
going to web site
Hello world	Thread-25194	4

time: 946692418.5350649
diff: 20.464935064315796
waiting
going to web site
Hello world	Thread-25288	4

time: 946692439.542065
diff: 26.457934975624084
waiting
going to web site
Hello world	Thread-25395	6

time: 946692466.5294169
diff: 29.470583081245422
waiting
going to web site
Hello world	Thread-25526	3

time: 946692496.5350649
diff: 25.464935064315796
waiting
going to web site
Hello world	Thread-25632	5

time: 946692522.5448971
diff: 12.455102920532227
waiting
going to web site
Hello world	Thread-25684	6

time: 946692535.5350641
diff: 31.464935898780823
waiting
going to web site
Hello world	Thread-25821	7

time: 946692567.5294169
diff: 12.470583081245422
waiting
going to web site
Hello world	Thread-25884	4

time: 946692580.5380651
diff: 24.46193492412567
waiting
going to web site
Hello world	Thread-25985	6

time: 946692605.526064
diff: 16.473935961723328
waiting
going to web site
Hello world	Thread-26060	7

time: 946692622.526064
diff: 30.473935961723328
waiting
going to web site
Hello world	Thread-26181	7

time: 946692653.535325
diff: 18.464674949645996
waiting
going to web site
Hello world	Thread-26247	6

time: 946692672.534064
diff: 32.465935945510864
waiting
going to web site
Hello world	Thread-26357	7

time: 946692705.5350641
diff: 19.464935898780823
waiting
going to web site
Hello world	Thread-26415	5

time: 946692725.540064
diff: 35.459936022758484
waiting
going to web site
Hello world	Thread-26514	3

time: 946692761.526065
diff: 12.473935008049011
waiting
going to web site
Hello world	Thread-26551	2

time: 946692774.5350649
diff: 16.464935064315796
waiting
going to web site
Hello world	Thread-26587	4

