time: 946686600.0
diff: 0.0
going to web site
Hello world	Thread-3	11

time: 946686600.646908
diff: 59.35309195518494
waiting
going to web site
Hello world	Thread-46	5

time: 946686660.6569091
diff: 119.34309089183807
waiting
going to web site
Hello world	Thread-129	6

time: 946686783.656908
diff: 56.34309196472168
waiting
going to web site
Hello world	Thread-142	9

time: 946686840.646908
diff: 119.35309195518494
waiting
going to web site
Hello world	Thread-203	8

time: 946686960.646908
diff: 59.35309195518494
waiting
going to web site
Hello world	Thread-240	8

time: 946687020.646908
diff: 120.35309195518494
waiting
going to web site
Hello world	Thread-325	6

time: 946687144.666614
diff: 56.333385944366455
waiting
going to web site
Hello world	Thread-369	2

time: 946687216.777364
diff: 44.222635984420776
waiting
going to web site
Hello world	Thread-398	2

time: 946687268.7863641
diff: 112.21363592147827
waiting
going to web site
Hello world	Thread-464	2

time: 946687388.7863641
diff: 52.21363592147827
waiting
going to web site
Hello world	Thread-498	2

time: 946687448.7773641
diff: 52.22263586521149
waiting
going to web site
Hello world	Thread-524	2

time: 946687504.7773641
diff: 57.22263586521149
waiting
going to web site
Hello world	Thread-563	2

time: 946687569.7773641
diff: 112.22263586521149
waiting
going to web site
Hello world	Thread-631	3

time: 946687697.7863641
diff: 104.21363592147827
waiting
going to web site
Hello world	Thread-685	2

time: 946687809.659364
diff: 52.340636014938354
waiting
going to web site
Hello world	Thread-725	3

time: 946687869.659364
diff: 52.340636014938354
waiting
going to web site
Hello world	Thread-763	5

time: 946687929.658365
diff: 52.34163498878479
waiting
going to web site
Hello world	Thread-790	2

time: 946687985.658365
diff: 117.34163498878479
waiting
going to web site
Hello world	Thread-846	3

time: 946688104.658364
diff: 58.341635942459106
waiting
going to web site
Hello world	Thread-878	3

time: 946688164.658364
diff: 58.341635942459106
waiting
going to web site
Hello world	Thread-923	3

time: 946688230.659364
diff: 52.340636014938354
waiting
going to web site
Hello world	Thread-949	2

