time: 946686600.0
diff: 148.0
waiting
going to web site
Hello world	Thread-858	7

time: 946686748.5350641
diff: 8.464935898780823
waiting
going to web site
Hello world	Thread-186	2

time: 946686757.536979
diff: 14.463021039962769
waiting
going to web site
Hello world	Thread-226	4

time: 946686772.544065
diff: 3.455935001373291
waiting
going to web site
Hello world	Thread-950	4

time: 946686776.539065
diff: 1.4609349966049194
waiting
going to web site
Hello world	Thread-963	5

time: 946686778.5274161
diff: 0.4725838899612427
waiting
going to web site
Hello world	Thread-970	5

time: 946686779.5437781
diff: 0.45622193813323975
waiting
going to web site
Hello world	Thread-977	3

time: 946686780.526064
diff: 1.4739359617233276
waiting
going to web site
Hello world	Thread-988	2

time: 946686782.536519
diff: 0.46348094940185547
waiting
going to web site
Hello world	Thread-990	4

time: 946686783.5350641
diff: -0.5350641012191772
going to web site
Hello world	Thread-993	2

time: 946686784.0611279
diff: -1.0611279010772705
going to web site
Hello world	Thread-996	6

time: 946686784.598192
diff: 0.4018080234527588
waiting
going to web site
Hello world	Thread-1001	3

time: 946686785.544145
diff: 19.455855011940002
waiting
going to web site
Hello world	Thread-1074	8

time: 946686805.5412899
diff: 2.4587100744247437
waiting
going to web site
Hello world	Thread-1101	7

time: 946686808.561108
diff: -0.5611079931259155
going to web site
Hello world	Thread-327	2

time: 946686809.109985
diff: -0.10998499393463135
going to web site
Hello world	Thread-1113	4

time: 946686809.64128
diff: 0.35871994495391846
waiting
going to web site
Hello world	Thread-1120	5

time: 946686810.534496
diff: 13.465504050254822
waiting
going to web site
Hello world	Thread-375	6

time: 946686824.551065
diff: 17.44893503189087
waiting
going to web site
Hello world	Thread-433	3

time: 946686842.544065
diff: 17.45593500137329
waiting
going to web site
Hello world	Thread-492	6

time: 946686860.550144
diff: 6.4498560428619385
waiting
going to web site
Hello world	Thread-517	3

time: 946686867.5350649
diff: 24.464935064315796
waiting
going to web site
Hello world	Thread-606	5

time: 946686892.540065
diff: 11.459934949874878
waiting
going to web site
Hello world	Thread-655	7

time: 946686904.5330639
diff: 24.466936111450195
waiting
going to web site
Hello world	Thread-746	5

time: 946686929.5510269
diff: 14.448973059654236
waiting
going to web site
Hello world	Thread-823	4

time: 946686944.528645
diff: 27.471354961395264
waiting
going to web site
Hello world	Thread-953	8

time: 946686972.526064
diff: 21.473935961723328
waiting
going to web site
Hello world	Thread-1055	7

time: 946686994.5347171
diff: 33.465282917022705
waiting
going to web site
Hello world	Thread-1209	7

time: 946687028.539064
diff: 21.460935950279236
waiting
going to web site
Hello world	Thread-1317	4

time: 946687050.526064
diff: 19.473935961723328
waiting
going to web site
Hello world	Thread-1402	8

time: 946687070.534715
diff: 28.465284943580627
waiting
going to web site
Hello world	Thread-1533	6

time: 946687099.5350641
diff: 17.464935898780823
waiting
going to web site
Hello world	Thread-1605	7

time: 946687117.5294169
diff: 20.470583081245422
waiting
going to web site
Hello world	Thread-1698	4

time: 946687138.526065
diff: 30.47393500804901
waiting
going to web site
Hello world	Thread-1830	5

time: 946687169.5405821
diff: 24.459417939186096
waiting
going to web site
Hello world	Thread-1927	5

time: 946687194.5350641
diff: 22.464935898780823
waiting
going to web site
Hello world	Thread-2025	8

time: 946687217.532064
diff: 17.467936038970947
waiting
going to web site
Hello world	Thread-2101	4

time: 946687235.544065
diff: 27.45593500137329
waiting
going to web site
Hello world	Thread-2224	6

time: 946687263.544065
diff: 17.45593500137329
waiting
going to web site
Hello world	Thread-2307	7

time: 946687281.540065
diff: 39.45993494987488
waiting
going to web site
Hello world	Thread-2486	4

time: 946687321.5350641
diff: 20.464935898780823
waiting
going to web site
Hello world	Thread-2574	5

time: 946687342.5350641
diff: 13.464935898780823
waiting
going to web site
Hello world	Thread-2639	5

time: 946687356.832832
diff: 22.167168021202087
waiting
going to web site
Hello world	Thread-2744	5

time: 946687379.8398329
diff: 14.16016709804535
waiting
going to web site
Hello world	Thread-2811	5

time: 946687394.832833
diff: 15.167166948318481
waiting
going to web site
Hello world	Thread-2877	2

time: 946687410.832832
diff: 29.167168021202087
waiting
going to web site
Hello world	Thread-3004	2

time: 946687440.841833
diff: 14.158167004585266
waiting
going to web site
Hello world	Thread-3073	3

time: 946687455.845833
diff: 27.15416705608368
waiting
going to web site
Hello world	Thread-3196	2

time: 946687483.841833
diff: 24.158167004585266
waiting
going to web site
Hello world	Thread-3301	2

time: 946687508.832833
diff: 34.16716694831848
waiting
going to web site
Hello world	Thread-3454	2

time: 946687543.832832
diff: 15.167168021202087
waiting
going to web site
Hello world	Thread-3530	2

time: 946687559.841833
diff: 24.158167004585266
waiting
going to web site
Hello world	Thread-3638	2

time: 946687584.832833
diff: 14.167166948318481
waiting
going to web site
Hello world	Thread-3698	5

time: 946687599.832832
diff: 33.16716802120209
waiting
going to web site
Hello world	Thread-3856	3

time: 946687634.842833
diff: 25.157166957855225
waiting
going to web site
Hello world	Thread-3967	4

time: 946687660.832832
diff: 19.167168021202087
waiting
going to web site
Hello world	Thread-4051	2

time: 946687680.841833
diff: 16.158167004585266
waiting
going to web site
Hello world	Thread-4136	4

time: 946687698.841833
diff: 26.158167004585266
waiting
going to web site
Hello world	Thread-4250	2

time: 946687725.841833
diff: 15.158167004585266
waiting
going to web site
Hello world	Thread-4329	2

time: 946687742.845833
diff: 15.15416705608368
waiting
going to web site
Hello world	Thread-4396	2

time: 946687758.832833
diff: 28.16716694831848
waiting
going to web site
Hello world	Thread-4525	3

time: 946687787.832832
diff: 17.167168021202087
waiting
going to web site
Hello world	Thread-4609	2

time: 946687805.841833
diff: 20.158167004585266
waiting
going to web site
Hello world	Thread-4713	3

time: 946687827.841833
diff: 20.158167004585266
waiting
going to web site
Hello world	Thread-4807	2

time: 946687848.851025
diff: 17.148975014686584
waiting
going to web site
Hello world	Thread-4881	2

time: 946687866.841833
diff: 29.158167004585266
waiting
going to web site
Hello world	Thread-5021	3

time: 946687896.832833
diff: 23.16716694831848
waiting
going to web site
Hello world	Thread-5131	2

time: 946687920.8408331
diff: 17.159166932106018
waiting
going to web site
Hello world	Thread-5213	6

time: 946687938.832832
diff: 28.167168021202087
waiting
going to web site
Hello world	Thread-5350	4

time: 946687967.699561
diff: 24.3004390001297
waiting
going to web site
Hello world	Thread-5470	6

time: 946687992.699561
diff: 17.3004390001297
waiting
going to web site
Hello world	Thread-5551	7

time: 946688010.701561
diff: 13.298439025878906
waiting
going to web site
Hello world	Thread-5612	7

time: 946688024.699561
diff: 21.3004390001297
waiting
going to web site
Hello world	Thread-5709	6

time: 946688046.699561
diff: 21.3004390001297
waiting
going to web site
Hello world	Thread-5814	5

time: 946688068.699561
diff: 9.3004390001297
waiting
going to web site
Hello world	Thread-5858	4

time: 946688078.699561
diff: 37.3004390001297
waiting
going to web site
Hello world	Thread-6019	5

time: 946688116.699561
diff: 14.3004390001297
waiting
going to web site
Hello world	Thread-6091	3

time: 946688131.699561
diff: 32.3004390001297
waiting
going to web site
Hello world	Thread-6225	5

time: 946688164.699561
diff: 18.3004390001297
waiting
going to web site
Hello world	Thread-6308	4

time: 946688183.699561
diff: 21.3004390001297
waiting
going to web site
Hello world	Thread-6408	3

time: 946688205.699561
diff: 28.3004390001297
waiting
going to web site
Hello world	Thread-6532	5

time: 946688234.701561
diff: 13.298439025878906
waiting
going to web site
Hello world	Thread-6597	7

time: 946688248.699561
diff: 31.3004390001297
waiting
going to web site
Hello world	Thread-6734	5

time: 946688280.699561
diff: 22.3004390001297
waiting
going to web site
Hello world	Thread-6832	6

time: 946688303.699561
diff: 19.3004390001297
waiting
going to web site
Hello world	Thread-6927	6

time: 946688323.699561
diff: 27.3004390001297
waiting
going to web site
Hello world	Thread-7045	6

time: 946688351.699561
diff: 28.3004390001297
waiting
going to web site
Hello world	Thread-7178	6

time: 946688380.699561
diff: 16.3004390001297
waiting
going to web site
Hello world	Thread-7250	7

time: 946688397.699561
diff: 23.3004390001297
waiting
going to web site
Hello world	Thread-7358	7

time: 946688421.699561
diff: 18.3004390001297
waiting
going to web site
Hello world	Thread-7448	6

time: 946688440.699561
diff: 4.3004390001297
waiting
going to web site
Hello world	Thread-7466	4

time: 946688445.699561
diff: 30.3004390001297
waiting
going to web site
Hello world	Thread-7605	5

time: 946688476.699561
diff: 21.3004390001297
waiting
going to web site
Hello world	Thread-7701	5

time: 946688498.713817
diff: 9.2861829996109
waiting
going to web site
Hello world	Thread-7744	2

time: 946688508.6995599
diff: 15.300440073013306
waiting
going to web site
Hello world	Thread-7817	4

time: 946688524.699561
diff: 33.3004390001297
waiting
going to web site
Hello world	Thread-7963	6

time: 946688558.699561
diff: 23.3004390001297
waiting
going to web site
Hello world	Thread-8067	5

time: 946688582.7314091
diff: 37.26859092712402
waiting
going to web site
Hello world	Thread-8238	4

time: 946688620.718408
diff: 12.281592011451721
waiting
going to web site
Hello world	Thread-8291	5

time: 946688633.7314091
diff: 36.26859092712402
waiting
going to web site
Hello world	Thread-8450	4

time: 946688670.731496
diff: 20.26850402355194
waiting
going to web site
Hello world	Thread-8540	3

time: 946688691.7314091
diff: 23.268590927124023
waiting
going to web site
Hello world	Thread-8632	3

time: 946688715.718408
diff: 29.28159201145172
waiting
going to web site
Hello world	Thread-8752	2

time: 946688745.7312369
diff: 25.268763065338135
waiting
going to web site
Hello world	Thread-8852	3

time: 946688771.723409
diff: 24.276590943336487
waiting
going to web site
Hello world	Thread-8946	6

time: 946688796.723408
diff: 10.276592016220093
waiting
going to web site
Hello world	Thread-8997	3

time: 946688807.718409
diff: 32.281591057777405
waiting
going to web site
Hello world	Thread-9135	4

time: 946688840.7314091
diff: 27.268590927124023
waiting
going to web site
Hello world	Thread-9254	3

time: 946688868.718408
diff: 16.28159201145172
waiting
going to web site
Hello world	Thread-9323	5

time: 946688885.7314091
diff: 31.268590927124023
waiting
going to web site
Hello world	Thread-9462	5

time: 946688917.718408
diff: 23.28159201145172
waiting
going to web site
Hello world	Thread-9568	5

time: 946688941.7314091
diff: 10.268590927124023
waiting
going to web site
Hello world	Thread-9616	2

time: 946688952.7312369
diff: 24.268763065338135
waiting
going to web site
Hello world	Thread-9733	5

time: 946688977.731681
diff: 16.268319010734558
waiting
going to web site
Hello world	Thread-9809	4

time: 946688994.718409
diff: 32.281591057777405
waiting
going to web site
Hello world	Thread-9963	6

time: 946689027.727409
diff: 2.2725909948349
waiting
going to web site
Hello world	Thread-9978	6

time: 946689030.718408
diff: 38.28159201145172
waiting
going to web site
Hello world	Thread-10153	3

time: 946689069.718409
diff: 17.281591057777405
waiting
going to web site
Hello world	Thread-10247	3

time: 946689087.7314091
diff: 19.268590927124023
waiting
going to web site
Hello world	Thread-10328	5

time: 946689107.727408
diff: 12.272591948509216
waiting
going to web site
Hello world	Thread-10388	5

time: 946689120.718408
diff: 21.28159201145172
waiting
going to web site
Hello world	Thread-10499	5

time: 946689142.727409
diff: 7.2725909948349
waiting
going to web site
Hello world	Thread-10539	3

time: 946689150.731408
diff: 31.26859200000763
waiting
going to web site
Hello world	Thread-10687	6

time: 946689182.544065
diff: 31.45593500137329
waiting
going to web site
Hello world	Thread-10841	6

time: 946689214.539065
diff: 18.46093499660492
waiting
going to web site
Hello world	Thread-10929	7

time: 946689233.526064
diff: 25.473935961723328
waiting
going to web site
Hello world	Thread-11059	7

time: 946689259.5350641
diff: 18.464935898780823
waiting
going to web site
Hello world	Thread-11143	6

time: 946689278.5350641
diff: 17.464935898780823
waiting
going to web site
Hello world	Thread-11234	7

time: 946689296.526064
diff: 22.473935961723328
waiting
going to web site
Hello world	Thread-11342	6

time: 946689319.5350641
diff: 15.464935898780823
waiting
going to web site
Hello world	Thread-11416	7

time: 946689335.5350641
diff: 19.464935898780823
waiting
going to web site
Hello world	Thread-11510	6

time: 946689355.5350641
diff: 6.464935898780823
waiting
going to web site
Hello world	Thread-11537	7

time: 946689362.539064
diff: 35.460935950279236
waiting
going to web site
Hello world	Thread-11713	7

time: 946689398.5350641
diff: 23.464935898780823
waiting
going to web site
Hello world	Thread-11812	6

time: 946689422.526064
diff: 15.473935961723328
waiting
going to web site
Hello world	Thread-11889	5

time: 946689438.526064
diff: 25.473935961723328
waiting
going to web site
Hello world	Thread-12005	6

time: 946689464.5350641
diff: 14.464935898780823
waiting
going to web site
Hello world	Thread-12082	7

time: 946689479.535561
diff: 14.464439034461975
waiting
going to web site
Hello world	Thread-12152	3

time: 946689494.536065
diff: 32.463935017585754
waiting
going to web site
Hello world	Thread-12291	7

time: 946689527.5350649
diff: 27.464935064315796
waiting
going to web site
Hello world	Thread-12428	6

time: 946689555.544065
diff: 18.45593500137329
waiting
going to web site
Hello world	Thread-12510	6

time: 946689574.542065
diff: 29.457934975624084
waiting
going to web site
Hello world	Thread-12645	4

time: 946689604.526064
diff: 20.473935961723328
waiting
going to web site
Hello world	Thread-12736	3

time: 946689625.526064
diff: 31.473935961723328
waiting
going to web site
Hello world	Thread-12886	7

time: 946689657.5350641
diff: 5.464935898780823
waiting
going to web site
Hello world	Thread-12916	8

time: 946689663.5350641
diff: 19.464935898780823
waiting
going to web site
Hello world	Thread-13016	7

time: 946689683.5357081
diff: 23.46429193019867
waiting
going to web site
Hello world	Thread-13119	3

time: 946689707.5350649
diff: 24.464935064315796
waiting
going to web site
Hello world	Thread-13229	6

time: 946689732.544065
diff: 13.455935001373291
waiting
going to web site
Hello world	Thread-13296	5

time: 946689746.5350649
diff: 29.464935064315796
waiting
going to web site
Hello world	Thread-13429	7

time: 946689776.5353
diff: 13.464699983596802
waiting
going to web site
Hello world	Thread-13498	6

time: 946689790.832832
diff: 20.167168021202087
waiting
going to web site
Hello world	Thread-13595	2

time: 946689811.841833
diff: 12.158167004585266
waiting
going to web site
Hello world	Thread-13659	5

time: 946689824.832833
diff: 22.16716694831848
waiting
going to web site
Hello world	Thread-13766	5

time: 946689847.832832
diff: 22.167168021202087
waiting
going to web site
Hello world	Thread-13874	5

time: 946689870.832833
diff: 29.16716694831848
waiting
going to web site
Hello world	Thread-14007	4

time: 946689900.832832
diff: 16.167168021202087
waiting
going to web site
Hello world	Thread-14079	2

time: 946689917.841833
diff: 24.158167004585266
waiting
going to web site
Hello world	Thread-14227	2

time: 946689949.851565
diff: 26.14843499660492
waiting
going to web site
Hello world	Thread-14329	5

time: 946689976.832832
diff: 11.167168021202087
waiting
going to web site
Hello world	Thread-14397	2

time: 946689988.868865
diff: 30.13113498687744
waiting
going to web site
Hello world	Thread-14526	4

time: 946690019.832832
diff: 21.167168021202087
waiting
going to web site
Hello world	Thread-14623	4

time: 946690041.841833
diff: 36.158167004585266
waiting
going to web site
Hello world	Thread-14770	4

time: 946690078.841833
diff: 19.158167004585266
waiting
going to web site
Hello world	Thread-14865	2

time: 946690098.842083
diff: 19.157917022705078
waiting
going to web site
Hello world	Thread-14960	2

time: 946690121.841833
diff: 16.158167004585266
waiting
going to web site
Hello world	Thread-15032	2

time: 946690138.844833
diff: 23.15516698360443
waiting
going to web site
Hello world	Thread-15136	3

time: 946690162.832832
diff: 10.167168021202087
waiting
going to web site
Hello world	Thread-15175	3

time: 946690173.841833
diff: 30.158167004585266
waiting
going to web site
Hello world	Thread-15314	3

time: 946690204.841833
diff: 25.158167004585266
waiting
going to web site
Hello world	Thread-15432	3

time: 946690230.841833
diff: 20.158167004585266
waiting
going to web site
Hello world	Thread-15517	3

time: 946690251.845833
diff: 32.15416705608368
waiting
going to web site
Hello world	Thread-15658	2

time: 946690284.850833
diff: 8.149166941642761
waiting
going to web site
Hello world	Thread-15703	4

time: 946690293.832832
diff: 29.167168021202087
waiting
going to web site
Hello world	Thread-15837	3

time: 946690323.841833
diff: 11.158167004585266
waiting
going to web site
Hello world	Thread-15879	6

time: 946690335.841833
diff: 30.158167004585266
waiting
going to web site
Hello world	Thread-16016	2

time: 946690366.860657
diff: 16.13934302330017
waiting
going to web site
Hello world	Thread-16086	4

time: 946690383.841833
diff: 24.158167004585266
waiting
going to web site
Hello world	Thread-16201	3

time: 946690408.845833
diff: 22.15416705608368
waiting
going to web site
Hello world	Thread-16297	3

time: 946690431.859481
diff: 25.14051902294159
waiting
going to web site
Hello world	Thread-16413	3

time: 946690457.841833
diff: 27.158167004585266
waiting
going to web site
Hello world	Thread-16534	2

time: 946690485.841833
diff: 17.158167004585266
waiting
going to web site
Hello world	Thread-16614	2

time: 946690503.841833
diff: 27.158167004585266
waiting
going to web site
Hello world	Thread-16732	2

time: 946690531.841833
diff: 27.158167004585266
waiting
going to web site
Hello world	Thread-16855	2

time: 946690559.841897
diff: 8.158102989196777
waiting
going to web site
Hello world	Thread-16898	3

time: 946690568.843832
diff: 19.15616798400879
waiting
going to web site
Hello world	Thread-16983	3

time: 946690588.841833
diff: 34.158167004585266
waiting
going to web site
Hello world	Thread-17131	2

time: 946690623.843833
diff: 2.1561670303344727
waiting
going to web site
Hello world	Thread-17143	2

time: 946690626.841833
diff: 37.158167004585266
waiting
going to web site
Hello world	Thread-17304	4

time: 946690664.841833
diff: 19.158167004585266
waiting
going to web site
Hello world	Thread-17391	3

time: 946690684.841833
diff: 22.158167004585266
waiting
going to web site
Hello world	Thread-17495	2

time: 946690708.841833
diff: 27.158167004585266
waiting
going to web site
Hello world	Thread-17622	3

time: 946690736.841833
diff: 26.158167004585266
waiting
going to web site
Hello world	Thread-17730	4

time: 946690763.841833
diff: 20.158167004585266
waiting
going to web site
Hello world	Thread-17831	3

time: 946690784.832833
diff: 12.167166948318481
waiting
going to web site
Hello world	Thread-17886	4

time: 946690797.832832
diff: 25.167168021202087
waiting
going to web site
Hello world	Thread-17993	3

time: 946690823.841833
diff: 21.158167004585266
waiting
going to web site
Hello world	Thread-18083	3

time: 946690845.841833
diff: 41.158167004585266
waiting
going to web site
Hello world	Thread-18263	3

time: 946690887.841833
diff: 11.158167004585266
waiting
going to web site
Hello world	Thread-18319	2

time: 946690900.845833
diff: 23.15416705608368
waiting
going to web site
Hello world	Thread-18413	2

time: 946690924.841833
diff: 21.158167004585266
waiting
going to web site
Hello world	Thread-18527	3

time: 946690949.841833
diff: 21.158167004585266
waiting
going to web site
Hello world	Thread-18619	3

time: 946690971.841833
diff: 32.158167004585266
waiting
going to web site
Hello world	Thread-18773	2

time: 946691005.841833
diff: 11.158167004585266
waiting
going to web site
Hello world	Thread-18820	5

time: 946691017.699561
diff: 25.3004390001297
waiting
going to web site
Hello world	Thread-18935	4

time: 946691043.699561
diff: 17.3004390001297
waiting
going to web site
Hello world	Thread-19014	5

time: 946691061.699561
diff: 26.3004390001297
waiting
going to web site
Hello world	Thread-19132	3

time: 946691088.699561
diff: 12.3004390001297
waiting
going to web site
Hello world	Thread-19192	5

time: 946691101.699561
diff: 29.3004390001297
waiting
going to web site
Hello world	Thread-19322	5

time: 946691131.699561
diff: 20.3004390001297
waiting
going to web site
Hello world	Thread-19422	5

time: 946691152.699561
diff: 19.3004390001297
waiting
going to web site
Hello world	Thread-19511	4

time: 946691172.699561
diff: 21.3004390001297
waiting
going to web site
Hello world	Thread-19608	3

time: 946691194.699561
diff: 20.3004390001297
waiting
going to web site
Hello world	Thread-19701	4

time: 946691215.699561
diff: 10.3004390001297
waiting
going to web site
Hello world	Thread-19755	4

time: 946691226.699561
diff: 24.3004390001297
waiting
going to web site
Hello world	Thread-19870	4

time: 946691251.699561
diff: 36.3004390001297
waiting
going to web site
Hello world	Thread-20043	6

time: 946691288.699561
diff: 17.3004390001297
waiting
going to web site
Hello world	Thread-20122	3

time: 946691306.699561
diff: 17.3004390001297
waiting
going to web site
Hello world	Thread-20210	4

time: 946691324.699561
diff: 24.3004390001297
waiting
going to web site
Hello world	Thread-20325	6

time: 946691349.699561
diff: 7.3004390001297
waiting
going to web site
Hello world	Thread-20363	4

time: 946691357.699561
diff: 21.3004390001297
waiting
going to web site
Hello world	Thread-20478	5

time: 946691379.699561
diff: 26.3004390001297
waiting
going to web site
Hello world	Thread-20612	4

time: 946691406.699561
diff: 7.3004390001297
waiting
going to web site
Hello world	Thread-20653	3

time: 946691414.699561
diff: 26.3004390001297
waiting
going to web site
Hello world	Thread-20777	6

time: 946691441.699561
diff: 20.3004390001297
waiting
going to web site
Hello world	Thread-20882	5

time: 946691462.699561
diff: 36.3004390001297
waiting
going to web site
Hello world	Thread-21050	6

time: 946691499.699561
diff: 8.3004390001297
waiting
going to web site
Hello world	Thread-21092	4

time: 946691508.699561
diff: 17.3004390001297
waiting
going to web site
Hello world	Thread-21181	3

time: 946691526.699561
diff: 20.3004390001297
waiting
going to web site
Hello world	Thread-21276	4

time: 946691547.699561
diff: 25.3004390001297
waiting
going to web site
Hello world	Thread-21393	6

time: 946691574.699561
diff: 18.3004390001297
waiting
going to web site
Hello world	Thread-21484	3

time: 946691593.699561
diff: 14.3004390001297
waiting
going to web site
Hello world	Thread-21551	3

time: 946691608.699561
diff: 31.3004390001297
waiting
going to web site
Hello world	Thread-21696	5

time: 946691640.7085611
diff: 33.291438937187195
waiting
going to web site
Hello world	Thread-21839	6

time: 946691674.6995599
diff: 14.300440073013306
waiting
going to web site
Hello world	Thread-21907	6

time: 946691689.699561
diff: 25.3004390001297
waiting
going to web site
Hello world	Thread-22025	2

time: 946691715.699561
diff: 35.3004390001297
waiting
going to web site
Hello world	Thread-22184	5

time: 946691751.699561
diff: 7.3004390001297
waiting
going to web site
Hello world	Thread-22213	5

time: 946691759.699561
diff: 15.3004390001297
waiting
going to web site
Hello world	Thread-22287	3

time: 946691775.699561
diff: 34.3004390001297
waiting
going to web site
Hello world	Thread-22440	6

time: 946691810.699561
diff: 30.3004390001297
waiting
going to web site
Hello world	Thread-22571	5

time: 946691841.699561
diff: 9.3004390001297
waiting
going to web site
Hello world	Thread-22617	7

time: 946691851.699561
diff: 23.3004390001297
waiting
going to web site
Hello world	Thread-22723	4

time: 946691875.699561
diff: 25.3004390001297
waiting
going to web site
Hello world	Thread-22839	4

time: 946691901.699561
diff: 19.3004390001297
waiting
going to web site
Hello world	Thread-22932	4

time: 946691921.699561
diff: 20.3004390001297
waiting
going to web site
Hello world	Thread-23020	5

time: 946691942.699561
diff: 19.3004390001297
waiting
going to web site
Hello world	Thread-23120	7

time: 946691962.699561
diff: 26.3004390001297
waiting
going to web site
Hello world	Thread-23247	5

time: 946691989.714561
diff: 20.285439014434814
waiting
going to web site
Hello world	Thread-23343	6

time: 946692010.699561
diff: 17.3004390001297
waiting
going to web site
Hello world	Thread-23433	4

time: 946692028.699561
diff: 16.3004390001297
waiting
going to web site
Hello world	Thread-23511	5

time: 946692045.699561
diff: 18.3004390001297
waiting
going to web site
Hello world	Thread-23606	6

time: 946692064.699561
diff: 24.3004390001297
waiting
going to web site
Hello world	Thread-23726	6

time: 946692089.699561
diff: 18.3004390001297
waiting
going to web site
Hello world	Thread-23806	5

time: 946692108.714561
diff: 24.285439014434814
waiting
going to web site
Hello world	Thread-23930	5

time: 946692133.699561
diff: 17.3004390001297
waiting
going to web site
Hello world	Thread-24018	5

time: 946692151.699561
diff: 5.3004390001297
waiting
going to web site
Hello world	Thread-24041	5

time: 946692157.699561
diff: 18.3004390001297
waiting
going to web site
Hello world	Thread-24129	3

time: 946692176.699561
diff: 32.3004390001297
waiting
going to web site
Hello world	Thread-24280	6

time: 946692209.699561
diff: 14.3004390001297
waiting
going to web site
Hello world	Thread-24353	3

time: 946692224.699561
diff: 28.3004390001297
waiting
going to web site
Hello world	Thread-24484	3

time: 946692254.841833
diff: 17.158167004585266
waiting
going to web site
Hello world	Thread-24565	3

time: 946692272.841833
diff: 29.158167004585266
waiting
going to web site
Hello world	Thread-24711	2

time: 946692303.8408331
diff: 36.15916693210602
waiting
going to web site
Hello world	Thread-24869	3

time: 946692340.832832
diff: 18.167168021202087
waiting
going to web site
Hello world	Thread-24952	5

time: 946692359.832833
diff: 18.16716694831848
waiting
going to web site
Hello world	Thread-25038	2

time: 946692378.832832
diff: 22.167168021202087
waiting
going to web site
Hello world	Thread-25131	2

time: 946692401.832833
diff: 32.16716694831848
waiting
going to web site
Hello world	Thread-25265	6

time: 946692434.832832
diff: 17.167168021202087
waiting
going to web site
Hello world	Thread-25341	6

time: 946692452.832833
diff: 15.167166948318481
waiting
going to web site
Hello world	Thread-25405	4

time: 946692468.832832
diff: 16.167168021202087
waiting
going to web site
Hello world	Thread-25480	2

time: 946692485.832833
diff: 41.16716694831848
waiting
going to web site
Hello world	Thread-25653	3

time: 946692527.832832
diff: 7.167168021202087
waiting
going to web site
Hello world	Thread-25688	3

time: 946692535.841833
diff: 29.158167004585266
waiting
going to web site
Hello world	Thread-25817	4

time: 946692565.8422489
diff: 17.157751083374023
waiting
going to web site
Hello world	Thread-25897	2

time: 946692583.841833
diff: 28.158167004585266
waiting
going to web site
Hello world	Thread-26013	4

time: 946692612.832833
diff: 16.16716694831848
waiting
going to web site
Hello world	Thread-26089	3

time: 946692629.832832
diff: 28.167168021202087
waiting
going to web site
Hello world	Thread-26201	4

time: 946692658.8588331
diff: 23.141166925430298
waiting
going to web site
Hello world	Thread-26286	4

time: 946692682.832832
diff: 21.167168021202087
waiting
going to web site
Hello world	Thread-26355	2

time: 946692704.841833
diff: 19.158167004585266
waiting
going to web site
Hello world	Thread-26414	2

time: 946692724.842417
diff: 20.157582998275757
waiting
going to web site
Hello world	Thread-26476	3

