time: 946686600.0
diff: 369.0
waiting
going to web site
Hello world	Thread-936	5

time: 946686969.832832
diff: 12.167168021202087
waiting
going to web site
Hello world	Thread-996	3

time: 946686982.841833
diff: 36.158167004585266
waiting
going to web site
Hello world	Thread-1174	4

time: 946687019.841833
diff: 16.158167004585266
waiting
going to web site
Hello world	Thread-1250	3

time: 946687036.841833
diff: 0.1581670045852661
waiting
going to web site
Hello world	Thread-2033	2

time: 946687037.832833
diff: -0.8328330516815186
going to web site
Hello world	Thread-2034	4

time: 946687038.665665
diff: -0.6656650304794312
going to web site
Hello world	Thread-2038	2

time: 946687039.4994969
diff: -1.4994969367980957
going to web site
Hello world	Thread-2039	2

time: 946687040.3323289
diff: -2.3323289155960083
going to web site
Hello world	Thread-2040	2

time: 946687041.165161
diff: -3.1651610136032104
going to web site
Hello world	Thread-2041	2

time: 946687041.997993
diff: -3.997992992401123
going to web site
Hello world	Thread-2042	3

time: 946687042.830825
diff: -4.830824971199036
going to web site
Hello world	Thread-2044	2

time: 946687043.663657
diff: -5.663656949996948
going to web site
Hello world	Thread-2046	2

time: 946687044.4964889
diff: -6.496488928794861
going to web site
Hello world	Thread-2047	2

time: 946687045.3293209
diff: -7.329320907592773
going to web site
Hello world	Thread-2049	2

time: 946687046.175153
diff: -8.175153017044067
going to web site
Hello world	Thread-2050	2

time: 946687047.007985
diff: -8.00798499584198
going to web site
Hello world	Thread-2051	2

time: 946687047.8428171
diff: -8.842817068099976
going to web site
Hello world	Thread-2052	2

time: 946687048.675649
diff: -9.675649046897888
going to web site
Hello world	Thread-2053	2

time: 946687049.508481
diff: -10.5084810256958
going to web site
Hello world	Thread-2055	2

time: 946687050.349313
diff: -9.349313020706177
going to web site
Hello world	Thread-2056	2

time: 946687051.182145
diff: 2.8178550004959106
waiting
going to web site
Hello world	Thread-1331	3

time: 946687054.845833
diff: 8.15416705608368
waiting
going to web site
Hello world	Thread-1373	4

time: 946687063.84848
diff: 27.151520013809204
waiting
going to web site
Hello world	Thread-1496	2

time: 946687091.841833
diff: 16.158167004585266
waiting
going to web site
Hello world	Thread-1577	3

time: 946687109.841833
diff: 5.158167004585266
waiting
going to web site
Hello world	Thread-1603	3

time: 946687116.851833
diff: 19.14816701412201
waiting
going to web site
Hello world	Thread-1696	3

time: 946687136.841833
diff: 19.158167004585266
waiting
going to web site
Hello world	Thread-1771	4

time: 946687156.84848
diff: 32.151520013809204
waiting
going to web site
Hello world	Thread-1916	2

time: 946687190.842833
diff: 15.157166957855225
waiting
going to web site
Hello world	Thread-1977	3

time: 946687206.832832
diff: 37.16716802120209
waiting
going to web site
Hello world	Thread-2141	4

time: 946687244.845833
diff: 19.15416705608368
waiting
going to web site
Hello world	Thread-2232	5

time: 946687264.841833
diff: 18.158167004585266
waiting
going to web site
Hello world	Thread-2324	3

time: 946687283.841833
diff: 18.158167004585266
waiting
going to web site
Hello world	Thread-2403	3

time: 946687302.832833
diff: 31.16716694831848
waiting
going to web site
Hello world	Thread-2541	4

time: 946687334.836832
diff: 17.16316795349121
waiting
going to web site
Hello world	Thread-2617	4

time: 946687352.832832
diff: 30.167168021202087
waiting
going to web site
Hello world	Thread-2760	2

time: 946687383.841833
diff: 19.158167004585266
waiting
going to web site
Hello world	Thread-2849	2

time: 946687403.842833
diff: 24.157166957855225
waiting
going to web site
Hello world	Thread-2954	6

time: 946687428.832832
diff: 16.167168021202087
waiting
going to web site
Hello world	Thread-3027	3

time: 946687446.841833
diff: 23.158167004585266
waiting
going to web site
Hello world	Thread-3141	3

time: 946687470.841833
diff: 36.158167004585266
waiting
going to web site
Hello world	Thread-3300	3

time: 946687507.841833
diff: 20.158167004585266
waiting
going to web site
Hello world	Thread-3394	2

time: 946687528.845833
diff: 19.15416705608368
waiting
going to web site
Hello world	Thread-3476	2

time: 946687548.832833
diff: 19.16716694831848
waiting
going to web site
Hello world	Thread-3562	4

time: 946687568.832832
diff: 12.167168021202087
waiting
going to web site
Hello world	Thread-3628	4

time: 946687582.841833
diff: 27.158167004585266
waiting
going to web site
Hello world	Thread-3763	2

time: 946687613.841833
diff: -0.8418329954147339
going to web site
Hello world	Thread-3765	7

time: 946687614.684665
diff: 35.3153350353241
waiting
going to web site
Hello world	Thread-3917	2

time: 946687650.841833
diff: 12.158167004585266
waiting
going to web site
Hello world	Thread-3977	2

time: 946687663.832833
diff: 31.16716694831848
waiting
going to web site
Hello world	Thread-4122	5

time: 946687695.832832
diff: 29.167168021202087
waiting
going to web site
Hello world	Thread-4251	4

time: 946687725.841833
diff: 29.158167004585266
waiting
going to web site
Hello world	Thread-4384	4

time: 946687755.841833
diff: 10.158167004585266
waiting
going to web site
Hello world	Thread-4429	3

time: 946687766.832833
diff: 25.16716694831848
waiting
going to web site
Hello world	Thread-4548	6

time: 946687792.832832
diff: 22.167168021202087
waiting
going to web site
Hello world	Thread-4654	3

time: 946687815.832833
diff: 30.16716694831848
waiting
going to web site
Hello world	Thread-4793	5

time: 946687846.832832
diff: 21.167168021202087
waiting
going to web site
Hello world	Thread-4898	2

time: 946687869.842833
diff: 28.157166957855225
waiting
going to web site
Hello world	Thread-5028	6

time: 946687898.832832
diff: 14.167168021202087
waiting
going to web site
Hello world	Thread-5106	2

time: 946687914.851833
diff: 26.14816701412201
waiting
going to web site
Hello world	Thread-5232	2

time: 946687941.851833
diff: 5.148167014122009
waiting
going to web site
Hello world	Thread-5277	2

time: 946687950.841833
diff: 24.158167004585266
waiting
going to web site
Hello world	Thread-5397	2

time: 946687975.845833
diff: 20.15416705608368
waiting
going to web site
Hello world	Thread-5492	3

time: 946687996.834833
diff: 24.165166974067688
waiting
going to web site
Hello world	Thread-5603	5

time: 946688021.832832
diff: 7.167168021202087
waiting
going to web site
Hello world	Thread-5635	4

time: 946688029.851833
diff: 23.14816701412201
waiting
going to web site
Hello world	Thread-5751	4

time: 946688053.841833
diff: 20.158167004585266
waiting
going to web site
Hello world	Thread-5846	2

time: 946688075.844833
diff: 24.15516698360443
waiting
going to web site
Hello world	Thread-5951	3

time: 946688100.832832
diff: 28.167168021202087
waiting
going to web site
Hello world	Thread-6084	3

time: 946688129.836833
diff: 17.163166999816895
waiting
going to web site
Hello world	Thread-6158	2

time: 946688147.832832
diff: 16.167168021202087
waiting
going to web site
Hello world	Thread-6226	4

time: 946688164.8398329
diff: 37.16016709804535
waiting
going to web site
Hello world	Thread-6392	4

time: 946688202.5350649
diff: 20.464935064315796
waiting
going to web site
Hello world	Thread-6489	4

time: 946688223.544065
diff: 10.455935001373291
waiting
going to web site
Hello world	Thread-6531	6

time: 946688234.539065
diff: 22.46093499660492
waiting
going to web site
Hello world	Thread-6635	7

time: 946688257.526064
diff: 8.473935961723328
waiting
going to web site
Hello world	Thread-6675	5

time: 946688266.5350641
diff: 32.46493589878082
waiting
going to web site
Hello world	Thread-6815	6

time: 946688299.5270641
diff: 14.472935914993286
waiting
going to web site
Hello world	Thread-6887	7

time: 946688314.5350641
diff: 35.46493589878082
waiting
going to web site
Hello world	Thread-7040	6

time: 946688350.535325
diff: 23.464674949645996
waiting
going to web site
Hello world	Thread-7150	7

time: 946688374.5350641
diff: 12.464935898780823
waiting
going to web site
Hello world	Thread-7208	7

time: 946688387.5351729
diff: 16.464827060699463
waiting
going to web site
Hello world	Thread-7283	5

time: 946688404.544065
diff: 41.45593500137329
waiting
going to web site
Hello world	Thread-7469	4

time: 946688446.533065
diff: 19.46693503856659
waiting
going to web site
Hello world	Thread-7557	7

time: 946688466.534064
diff: 31.465935945510864
waiting
going to web site
Hello world	Thread-7700	7

time: 946688498.526064
diff: 27.473935961723328
waiting
going to web site
Hello world	Thread-7820	4

time: 946688526.526064
diff: 4.473935961723328
waiting
going to web site
Hello world	Thread-7838	6

time: 946688531.5350641
diff: 42.46493589878082
waiting
going to web site
Hello world	Thread-8035	6

time: 946688574.5350641
diff: 5.464935898780823
waiting
going to web site
Hello world	Thread-8058	5

time: 946688580.5350641
diff: 21.464935898780823
waiting
going to web site
Hello world	Thread-8155	5

time: 946688602.526064
diff: 23.473935961723328
waiting
going to web site
Hello world	Thread-8258	7

time: 946688626.5350641
diff: 15.464935898780823
waiting
going to web site
Hello world	Thread-8326	7

time: 946688642.5345191
diff: 20.46548092365265
waiting
going to web site
Hello world	Thread-8418	6

time: 946688663.5350649
diff: 13.464935064315796
waiting
going to web site
Hello world	Thread-8472	3

time: 946688677.544065
diff: 37.45593500137329
waiting
going to web site
Hello world	Thread-8631	4

time: 946688715.544065
diff: 8.455935001373291
waiting
going to web site
Hello world	Thread-8670	4

time: 946688724.5350649
diff: 23.464935064315796
waiting
going to web site
Hello world	Thread-8762	5

time: 946688748.5350649
diff: 14.464935064315796
waiting
going to web site
Hello world	Thread-8820	2

time: 946688763.526065
diff: 30.47393500804901
waiting
going to web site
Hello world	Thread-8936	3

time: 946688794.536065
diff: 35.463935017585754
waiting
going to web site
Hello world	Thread-9090	3

time: 946688830.8558329
diff: 14.144167065620422
waiting
going to web site
Hello world	Thread-9155	4

time: 946688845.841833
diff: 32.158167004585266
waiting
going to web site
Hello world	Thread-9298	6

time: 946688878.841833
diff: 27.158167004585266
waiting
going to web site
Hello world	Thread-9419	3

time: 946688906.841833
diff: 25.158167004585266
waiting
going to web site
Hello world	Thread-9548	3

time: 946688935.841833
diff: 27.158167004585266
waiting
going to web site
Hello world	Thread-9665	3

time: 946688963.832833
diff: 22.16716694831848
waiting
going to web site
Hello world	Thread-9773	3

time: 946688986.841833
diff: 20.158167004585266
waiting
going to web site
Hello world	Thread-9883	3

time: 946689008.841833
diff: 7.158167004585266
waiting
going to web site
Hello world	Thread-9918	4

time: 946689016.841833
diff: 26.158167004585266
waiting
going to web site
Hello world	Thread-10039	3

time: 946689043.836833
diff: 34.163166999816895
waiting
going to web site
Hello world	Thread-10202	4

time: 946689078.832832
diff: 19.167168021202087
waiting
going to web site
Hello world	Thread-10285	7

time: 946689098.832833
diff: 30.16716694831848
waiting
going to web site
Hello world	Thread-10438	4

time: 946689129.841833
diff: 24.158167004585266
waiting
going to web site
Hello world	Thread-10555	3

time: 946689154.841833
diff: 4.158167004585266
waiting
going to web site
Hello world	Thread-10579	3

time: 946689160.841833
diff: 22.158167004585266
waiting
going to web site
Hello world	Thread-10696	2

time: 946689183.8516239
diff: 27.14837610721588
waiting
going to web site
Hello world	Thread-10834	2

time: 946689212.851565
diff: 14.14843499660492
waiting
going to web site
Hello world	Thread-10906	5

time: 946689227.836832
diff: 20.16316795349121
waiting
going to web site
Hello world	Thread-11005	5

time: 946689248.832832
diff: 32.16716802120209
waiting
going to web site
Hello world	Thread-11163	3

time: 946689281.841833
diff: 6.158167004585266
waiting
going to web site
Hello world	Thread-11196	2

time: 946689288.851833
diff: 19.14816701412201
waiting
going to web site
Hello world	Thread-11292	2

time: 946689308.836833
diff: 13.163166999816895
waiting
going to web site
Hello world	Thread-11360	5

time: 946689322.832832
diff: 16.167168021202087
waiting
going to web site
Hello world	Thread-11442	2

time: 946689339.832833
diff: 33.16716694831848
waiting
going to web site
Hello world	Thread-11598	6

time: 946689373.836832
diff: 20.16316795349121
waiting
going to web site
Hello world	Thread-11693	3

time: 946689394.832832
diff: 23.167168021202087
waiting
going to web site
Hello world	Thread-11798	2

time: 946689418.8378329
diff: 12.162167072296143
waiting
going to web site
Hello world	Thread-11871	2

time: 946689432.8421891
diff: 35.15781092643738
waiting
going to web site
Hello world	Thread-12026	3

time: 946689468.832832
diff: 14.167168021202087
waiting
going to web site
Hello world	Thread-12103	3

time: 946689483.832833
diff: 19.16716694831848
waiting
going to web site
Hello world	Thread-12188	5

time: 946689503.832832
diff: 24.167168021202087
waiting
going to web site
Hello world	Thread-12300	2

time: 946689528.841833
diff: 6.158167004585266
waiting
going to web site
Hello world	Thread-12333	2

time: 946689535.84604
diff: 17.15395998954773
waiting
going to web site
Hello world	Thread-12420	2

time: 946689553.8338319
diff: 24.166168093681335
waiting
going to web site
Hello world	Thread-12525	2

time: 946689578.841833
diff: 35.158167004585266
waiting
going to web site
Hello world	Thread-12691	3

time: 946689615.841833
diff: 10.158167004585266
waiting
going to web site
Hello world	Thread-12760	2

time: 946689629.841833
diff: 17.158167004585266
waiting
going to web site
Hello world	Thread-12842	3

time: 946689647.841833
diff: 22.158167004585266
waiting
going to web site
Hello world	Thread-12948	2

time: 946689670.832833
diff: 25.16716694831848
waiting
going to web site
Hello world	Thread-13074	4

time: 946689696.832832
diff: 15.167168021202087
waiting
going to web site
Hello world	Thread-13144	2

time: 946689712.851588
diff: 29.148411989212036
waiting
going to web site
Hello world	Thread-13277	3

time: 946689742.834833
diff: 13.165166974067688
waiting
going to web site
Hello world	Thread-13348	4

time: 946689756.832832
diff: 40.16716802120209
waiting
going to web site
Hello world	Thread-13531	4

time: 946689797.832833
diff: 19.16716694831848
waiting
going to web site
Hello world	Thread-13626	5

time: 946689817.832832
diff: 16.167168021202087
waiting
going to web site
Hello world	Thread-13708	2

time: 946689835.841833
diff: 32.158167004585266
waiting
going to web site
Hello world	Thread-13867	5

time: 946689868.859833
diff: 10.140166997909546
waiting
going to web site
Hello world	Thread-13916	2

time: 946689879.832832
diff: 15.167168021202087
waiting
going to web site
Hello world	Thread-13985	2

time: 946689895.842101
diff: 20.157899022102356
waiting
going to web site
Hello world	Thread-14076	2

time: 946689916.841833
diff: 20.158167004585266
waiting
going to web site
Hello world	Thread-14167	2

time: 946689937.841833
diff: 16.158167004585266
waiting
going to web site
Hello world	Thread-14242	4

time: 946689954.836833
diff: 28.163166999816895
waiting
going to web site
Hello world	Thread-14365	5

time: 946689983.832832
diff: 10.167168021202087
waiting
going to web site
Hello world	Thread-14418	2

time: 946689994.841833
diff: 26.158167004585266
waiting
going to web site
Hello world	Thread-14536	2

time: 946690021.841833
diff: 18.158167004585266
waiting
going to web site
Hello world	Thread-14617	4

time: 946690040.841833
diff: 18.158167004585266
waiting
going to web site
Hello world	Thread-14699	4

time: 946690059.841833
diff: 27.158167004585266
waiting
going to web site
Hello world	Thread-14819	3

time: 946690088.841833
diff: 20.158167004585266
waiting
going to web site
Hello world	Thread-14915	3

time: 946690109.841833
diff: 30.158167004585266
waiting
going to web site
Hello world	Thread-15041	2

time: 946690140.841833
diff: 15.158167004585266
waiting
going to web site
Hello world	Thread-15108	3

time: 946690156.858037
diff: 17.141963005065918
waiting
going to web site
Hello world	Thread-15189	2

time: 946690175.841833
diff: 31.158167004585266
waiting
going to web site
Hello world	Thread-15329	4

time: 946690207.841833
diff: 14.158167004585266
waiting
going to web site
Hello world	Thread-15386	4

time: 946690222.841833
diff: 31.158167004585266
waiting
going to web site
Hello world	Thread-15528	3

time: 946690254.841833
diff: 23.158167004585266
waiting
going to web site
Hello world	Thread-15638	3

time: 946690278.841833
diff: 36.158167004585266
waiting
going to web site
Hello world	Thread-15800	3

time: 946690315.8588331
diff: 4.141166925430298
waiting
going to web site
Hello world	Thread-15820	5

time: 946690320.832832
diff: 19.167168021202087
waiting
going to web site
Hello world	Thread-15908	7

time: 946690340.841833
diff: 27.158167004585266
waiting
going to web site
Hello world	Thread-16020	4

time: 946690368.832833
diff: 26.16716694831848
waiting
going to web site
Hello world	Thread-16140	4

time: 946690395.832832
diff: 10.167168021202087
waiting
going to web site
Hello world	Thread-16190	4

time: 946690406.832833
diff: 39.16716694831848
waiting
going to web site
Hello world	Thread-16366	5

time: 946690446.832832
diff: 13.167168021202087
waiting
going to web site
Hello world	Thread-16423	3

time: 946690460.841833
diff: 28.158167004585266
waiting
going to web site
Hello world	Thread-16556	2

time: 946690490.845833
diff: 27.15416705608368
waiting
going to web site
Hello world	Thread-16680	2

time: 946690518.841833
diff: 6.158167004585266
waiting
going to web site
Hello world	Thread-16708	4

time: 946690525.841833
diff: 32.158167004585266
waiting
going to web site
Hello world	Thread-16848	2

time: 946690558.841833
diff: 18.158167004585266
waiting
going to web site
Hello world	Thread-16936	2

time: 946690577.841833
diff: 17.158167004585266
waiting
going to web site
Hello world	Thread-17012	4

time: 946690595.832833
diff: 24.16716694831848
waiting
going to web site
Hello world	Thread-17115	4

time: 946690620.832832
diff: 22.167168021202087
waiting
going to web site
Hello world	Thread-17213	5

time: 946690643.526065
diff: 30.47393500804901
waiting
going to web site
Hello world	Thread-17339	7

time: 946690674.526065
diff: 23.47393500804901
waiting
going to web site
Hello world	Thread-17452	5

time: 946690698.5350649
diff: 20.464935064315796
waiting
going to web site
Hello world	Thread-17542	5

time: 946690719.5350649
diff: 27.464935064315796
waiting
going to web site
Hello world	Thread-17664	6

time: 946690747.5350649
diff: 18.464935064315796
waiting
going to web site
Hello world	Thread-17744	6

time: 946690766.544065
diff: 22.45593500137329
waiting
going to web site
Hello world	Thread-17850	7

time: 946690789.526065
diff: 18.47393500804901
waiting
going to web site
Hello world	Thread-17928	6

time: 946690808.5350649
diff: 26.464935064315796
waiting
going to web site
Hello world	Thread-18047	3

time: 946690835.5350649
diff: 14.464935064315796
waiting
going to web site
Hello world	Thread-18100	3

time: 946690850.533065
diff: 26.46693503856659
waiting
going to web site
Hello world	Thread-18215	6

time: 946690877.5350649
diff: 29.464935064315796
waiting
going to web site
Hello world	Thread-18348	4

time: 946690907.5350649
diff: 19.464935064315796
waiting
going to web site
Hello world	Thread-18425	7

time: 946690927.540065
diff: 22.459934949874878
waiting
going to web site
Hello world	Thread-18531	4

time: 946690950.5350641
diff: 34.46493589878082
waiting
going to web site
Hello world	Thread-18680	7

time: 946690985.526064
diff: 3.4739359617233276
waiting
going to web site
Hello world	Thread-18698	4

time: 946690989.526064
diff: 33.47393596172333
waiting
going to web site
Hello world	Thread-18844	3

time: 946691023.526064
diff: 11.473935961723328
waiting
going to web site
Hello world	Thread-18898	5

time: 946691035.5290639
diff: 32.47093605995178
waiting
going to web site
Hello world	Thread-19045	5

time: 946691068.5350649
diff: 25.464935064315796
waiting
going to web site
Hello world	Thread-19162	5

time: 946691094.5350649
diff: 24.464935064315796
waiting
going to web site
Hello world	Thread-19270	5

time: 946691119.526065
diff: 14.473935008049011
waiting
going to web site
Hello world	Thread-19337	4

time: 946691134.544065
diff: 33.45593500137329
waiting
going to web site
Hello world	Thread-19488	4

time: 946691168.544065
diff: 18.45593500137329
waiting
going to web site
Hello world	Thread-19571	4

time: 946691187.544065
diff: 24.45593500137329
waiting
going to web site
Hello world	Thread-19688	5

time: 946691212.544065
diff: 9.455935001373291
waiting
going to web site
Hello world	Thread-19738	4

time: 946691222.540065
diff: 31.459934949874878
waiting
going to web site
Hello world	Thread-19887	5

time: 946691254.832832
diff: 17.167168021202087
waiting
going to web site
Hello world	Thread-19973	3

time: 946691272.841833
diff: 24.158167004585266
waiting
going to web site
Hello world	Thread-20084	2

time: 946691297.841833
diff: 19.158167004585266
waiting
going to web site
Hello world	Thread-20178	4

time: 946691317.8418959
diff: 18.158104062080383
waiting
going to web site
Hello world	Thread-20271	2

time: 946691336.841833
diff: 33.158167004585266
waiting
going to web site
Hello world	Thread-20431	4

time: 946691370.832833
diff: 16.16716694831848
waiting
going to web site
Hello world	Thread-20522	4

time: 946691387.832832
diff: 15.167168021202087
waiting
going to web site
Hello world	Thread-20603	3

time: 946691404.841833
diff: 15.158167004585266
waiting
going to web site
Hello world	Thread-20691	2

time: 946691421.841833
diff: 17.158167004585266
waiting
going to web site
Hello world	Thread-20769	2

time: 946691439.841833
diff: 26.158167004585266
waiting
going to web site
Hello world	Thread-20898	4

time: 946691466.832833
diff: 34.16716694831848
waiting
going to web site
Hello world	Thread-21064	3

time: 946691501.836832
diff: 8.163167953491211
waiting
going to web site
Hello world	Thread-21100	4

time: 946691510.832832
diff: 38.16716802120209
waiting
going to web site
Hello world	Thread-21285	4

time: 946691549.832833
diff: 5.1671669483184814
waiting
going to web site
Hello world	Thread-21318	4

time: 946691555.832832
diff: 21.167168021202087
waiting
going to web site
Hello world	Thread-21417	3

time: 946691578.841833
diff: 14.158167004585266
waiting
going to web site
Hello world	Thread-21490	4

time: 946691594.841833
diff: 22.158167004585266
waiting
going to web site
Hello world	Thread-21592	4

time: 946691617.841833
diff: 10.158167004585266
waiting
going to web site
Hello world	Thread-21650	3

time: 946691629.841833
diff: 12.158167004585266
waiting
going to web site
Hello world	Thread-21707	4

time: 946691642.832833
diff: 37.16716694831848
waiting
going to web site
Hello world	Thread-21875	3

time: 946691680.832832
diff: 16.167168021202087
waiting
going to web site
Hello world	Thread-21943	2

time: 946691697.841833
diff: 28.158167004585266
waiting
going to web site
Hello world	Thread-22076	5

time: 946691726.832833
diff: 6.1671669483184814
waiting
going to web site
Hello world	Thread-22108	2

time: 946691733.832832
diff: 28.167168021202087
waiting
going to web site
Hello world	Thread-22231	3

time: 946691762.841833
diff: 20.158167004585266
waiting
going to web site
Hello world	Thread-22315	3

time: 946691783.841833
diff: 22.158167004585266
waiting
going to web site
Hello world	Thread-22422	3

time: 946691806.841833
diff: 13.158167004585266
waiting
going to web site
Hello world	Thread-22485	5

time: 946691820.832833
diff: 30.16716694831848
waiting
going to web site
Hello world	Thread-22618	5

time: 946691851.832832
diff: 32.16716802120209
waiting
going to web site
Hello world	Thread-22764	7

time: 946691884.526065
diff: 9.473935008049011
waiting
going to web site
Hello world	Thread-22809	5

time: 946691894.5350649
diff: 38.464935064315796
waiting
going to web site
Hello world	Thread-22979	6

time: 946691933.5350649
diff: 22.464935064315796
waiting
going to web site
Hello world	Thread-23097	6

time: 946691956.544065
diff: 18.45593500137329
waiting
going to web site
Hello world	Thread-23182	6

time: 946691975.544065
diff: 7.455935001373291
waiting
going to web site
Hello world	Thread-23217	4

time: 946691983.5350649
diff: 35.464935064315796
waiting
going to web site
Hello world	Thread-23384	4

time: 946692019.526065
diff: 32.47393500804901
waiting
going to web site
Hello world	Thread-23549	7

time: 946692052.5350649
diff: 9.464935064315796
waiting
going to web site
Hello world	Thread-23599	4

time: 946692062.535273
diff: 24.46472704410553
waiting
going to web site
Hello world	Thread-23715	7

time: 946692087.531065
diff: 22.468935012817383
waiting
going to web site
Hello world	Thread-23817	6

time: 946692110.544065
diff: 24.45593500137329
waiting
going to web site
Hello world	Thread-23941	6

time: 946692135.544065
diff: 12.455935001373291
waiting
going to web site
Hello world	Thread-24003	7

time: 946692148.5350649
diff: 24.464935064315796
waiting
going to web site
Hello world	Thread-24117	3

time: 946692173.544065
diff: 21.45593500137329
waiting
going to web site
Hello world	Thread-24213	5

time: 946692195.544065
diff: 18.45593500137329
waiting
going to web site
Hello world	Thread-24302	7

time: 946692214.535129
diff: 15.464871048927307
waiting
going to web site
Hello world	Thread-24380	3

time: 946692230.526065
diff: 26.47393500804901
waiting
going to web site
Hello world	Thread-24496	7

time: 946692257.5370649
diff: 30.462935090065002
waiting
going to web site
Hello world	Thread-24639	7

time: 946692288.535897
diff: 8.464102983474731
waiting
going to web site
Hello world	Thread-24679	6

time: 946692297.526064
diff: 17.473935961723328
waiting
going to web site
Hello world	Thread-24757	7

time: 946692315.5350641
diff: 21.464935898780823
waiting
going to web site
Hello world	Thread-24855	6

time: 946692337.5350641
diff: 12.464935898780823
waiting
going to web site
Hello world	Thread-24908	5

time: 946692350.535832
diff: 19.464167952537537
waiting
going to web site
Hello world	Thread-24994	7

time: 946692370.5345191
diff: 18.46548092365265
waiting
going to web site
Hello world	Thread-25068	7

time: 946692389.5290639
diff: 26.470936059951782
waiting
going to web site
Hello world	Thread-25186	3

time: 946692416.526065
diff: 26.47393500804901
waiting
going to web site
Hello world	Thread-25301	4

time: 946692443.526065
diff: 29.47393500804901
waiting
going to web site
Hello world	Thread-25431	7

time: 946692473.542065
diff: 22.457934975624084
waiting
going to web site
Hello world	Thread-25527	2

time: 946692496.832832
diff: 15.167168021202087
waiting
going to web site
Hello world	Thread-25597	4

time: 946692512.841833
diff: 27.158167004585266
waiting
going to web site
Hello world	Thread-25720	4

time: 946692543.841833
diff: 12.158167004585266
waiting
going to web site
Hello world	Thread-25782	2

time: 946692556.841833
diff: 31.158167004585266
waiting
going to web site
Hello world	Thread-25923	2

time: 946692589.841833
diff: 14.158167004585266
waiting
going to web site
Hello world	Thread-25983	3

time: 946692604.841833
diff: 31.158167004585266
waiting
going to web site
Hello world	Thread-26122	3

time: 946692637.841833
diff: 35.158167004585266
waiting
going to web site
Hello world	Thread-26253	4

time: 946692673.832833
diff: 18.16716694831848
waiting
going to web site
Hello world	Thread-26319	5

time: 946692692.832832
diff: 16.167168021202087
waiting
going to web site
Hello world	Thread-26377	4

time: 946692709.841833
diff: 19.158167004585266
waiting
going to web site
Hello world	Thread-26428	2

time: 946692729.841833
diff: 31.158167004585266
waiting
going to web site
Hello world	Thread-26515	2

time: 946692761.832833
diff: 5.1671669483184814
waiting
going to web site
Hello world	Thread-26531	5

time: 946692767.832832
diff: 26.167168021202087
waiting
going to web site
Hello world	Thread-26593	3

time: 946692794.832833
diff: 24.16716694831848
waiting
going to web site
Hello world	Thread-26644	2

time: 946692819.832832
diff: 31.167168021202087
waiting
going to web site
Hello world	Thread-26699	3

time: 946692851.841833
diff: 18.158167004585266
waiting
going to web site
Hello world	Thread-26727	2

time: 946692870.832833
diff: 34.16716694831848
waiting
going to web site
Hello world	Thread-26766	3

time: 946692905.832832
diff: 15.167168021202087
waiting
going to web site
Hello world	Thread-26778	2

time: 946692921.832833
diff: 14.167166948318481
waiting
going to web site
Hello world	Thread-26788	2

time: 946692936.832832
diff: 15.167168021202087
waiting
going to web site
Hello world	Thread-26796	2

