2023-05-02 17:06:59 1683047219.324005 [tornettools] [INFO] Logging system initialized! Logging events to stdout and to '/tordata/tornettools/experiment0-0.0001/tornettools.generate.2023-05-02.17.06.59.log'
2023-05-02 17:06:59 1683047219.324113 [tornettools] [INFO] Seeded standard and numpy PRNGs with seed=980107529
2023-05-02 17:06:59 1683047219.324176 [tornettools] [INFO] The argument namespace is: Namespace(atlas_path=None, command='generate', do_trace=False, do_version=False, events_csv='BW,CIRC', exit_user_scale=1.0, formatter_class=<class '__main__.CustomHelpFormatter'>, func=<function generate at 0x7fb1ee073f80>, geoip_path=None, load_scale=1.0, network_info_path='/tordata/tornettools/networkinfo_staging.gml', network_scale=0.0001, nprocesses=12, onion_service_user_scale=0.0, prefix='/tordata/tornettools/experiment0-0.0001', process_scale=0.01, quiet=0, relay_info_path='/tordata/tornettools/relayinfo_staging_2020-11-01--2020-11-30.json', seed=980107529, server_scale=0.1, tmodel_git_path='/tordata/tornettools/tmodel-ccs2018.github.io', torexe='/usr/local/bin/tor', torgencertexe='/usr/local/bin/tor-gencert', torperf_num_exit=100, torperf_num_onion_service=0, user_info_path='/tordata/tornettools/userinfo_staging_2020-11-01--2020-11-30.json')
2023-05-02 17:06:59 1683047219.324409 [tornettools] [INFO] The platform is: Linux-6.2.6-76060206-generic-x86_64-with-Ubuntu-20.04-focal
2023-05-02 17:06:59 1683047219.324462 [tornettools] [INFO] System info: uname_result(system='Linux', node='8ae38de74c4e', release='6.2.6-76060206-generic', version='#202303130630~1681329778~22.04~d824cd4 SMP PREEMPT_DYNAMIC Wed A', machine='x86_64', processor='x86_64')
2023-05-02 17:06:59 1683047219.394189 [tornettools] [INFO] Generating network using tor and tor-gencert at /usr/local/bin/tor and /usr/local/bin/tor-gencert
2023-05-02 17:06:59 1683047219.394330 [tornettools] [INFO] Copying atlas topology file (use the '-a/--atlas' option to disable)
2023-05-02 17:06:59 1683047219.406265 [tornettools] [INFO] Reading staged network info /tordata/tornettools/networkinfo_staging.gml
2023-05-02 17:06:59 1683047219.621075 [tornettools] [INFO] Finished reading staged network info
2023-05-02 17:06:59 1683047219.621176 [tornettools] [INFO] Sampling Tor relays now
2023-05-02 17:07:00 1683047220.003210 [tornettools] [INFO] A full Tor network has 6746 relays with total capacity of 663.918244328 Gbit/s
2023-05-02 17:07:00 1683047220.010901 [tornettools] [INFO] Bandwidth-weights (relevant ones) of a typical consensus:
2023-05-02 17:07:00 1683047220.010962 [tornettools] [INFO] Casename: Case 3a (E scarce), with: Wgg=6317.702905488705, Wgd=0, Wee=10000, Wed=10000, Wmg=3682.2970945112947, Wme=0, Wmd=0
2023-05-02 17:07:00 1683047220.011005 [tornettools] [INFO] 1 relays: relative position weights:
2023-05-02 17:07:00 1683047220.011040 [tornettools] [INFO] g: chosen=0.31233911950334015, target=0.5429793112460138, diff=-0.2306401917426737
2023-05-02 17:07:00 1683047220.011071 [tornettools] [INFO] e: chosen=0.14497846700605885, target=0.04725402437374102, diff=0.09772444263231783
2023-05-02 17:07:00 1683047220.011099 [tornettools] [INFO] ge: chosen=0.5244614133882344, target=0.2666695811704185, diff=0.2577918322178159
2023-05-02 17:07:00 1683047220.011132 [tornettools] [INFO] m: chosen=0.018221000102366665, target=0.1430970832098257, diff=-0.12487608310745904
2023-05-02 17:07:00 1683047220.011185 [tornettools] [INFO] The max weight divergence between positions is 0.2577918322178159
2023-05-02 17:07:00 1683047220.011221 [tornettools] [INFO] Renormalizing weights for scaled network using total weight=0.00044590327108003894
2023-05-02 17:07:00 1683047220.011278 [tornettools] [INFO] Bandwidth-weights (relevant ones) of our scaled down consensus of 4 relays:
2023-05-02 17:07:00 1683047220.011317 [tornettools] [INFO] Casename: Case 2b2 (Wgg=weightscale, Wee=weightscale), with: Wgg=10000, Wgd=400.30044716468365, Wee=10000, Wed=3591.3960783201437, Wmg=0, Wme=0, Wmd=6008.303474515173
2023-05-02 17:07:00 1683047220.011568 [tornettools] [INFO] Chose 4 of 6746 relays using scale factor 0.0001
2023-05-02 17:07:00 1683047220.014004 [tornettools] [INFO] Generating Tor key material now, this may take awhile...
2023-05-02 17:07:00 1683047220.230089 [tornettools] [INFO] Generated fingerprints and keys for 7 Tor nodes (3 authorities and 4 relays)
2023-05-02 17:07:00 1683047220.676078 [tornettools] [INFO] Generating Clients
2023-05-02 17:07:00 1683047220.676409 [tornettools] [INFO] Privcount measurements scaled to 111 Tor users, 79 active and 27 inactive
2023-05-02 17:07:00 1683047220.676458 [tornettools] [INFO] Privcount measurements scaled to 288 exit circuits, 149 active and 133 inactive
2023-05-02 17:07:00 1683047220.680909 [tornettools] [INFO] We will use 75 TGen client processes to emulate 75.05 Tor exit users and create 150 exit circuits every 10 minutes in aggregate
2023-05-02 17:07:00 1683047220.680965 [tornettools] [INFO] We will use 0 TGen client processes to emulate 0.0 Tor onion-service users and create 0 onion-service circuits every 10 minutes in aggregate
2023-05-02 17:07:00 1683047220.681999 [tornettools] [INFO] We will use 100 exit perf nodes to benchmark Tor exit performance
2023-05-02 17:07:00 1683047220.682050 [tornettools] [INFO] We will use 0 onion-service perf nodes to benchmark Tor onion-service performance
2023-05-02 17:07:00 1683047220.682087 [tornettools] [INFO] Generating Servers
2023-05-02 17:07:00 1683047220.687114 [tornettools] [DEBUG] System call: /usr/local/bin/tor --version (runtime: 0.00)
2023-05-02 17:07:00 1683047220.841471 [tornettools] [DEBUG] GETCONF __owningcontrollerprocess (runtime: 0.0001)
2023-05-02 17:07:00 1683047220.842627 [tornettools] [DEBUG] RESETCONF __OwningControllerProcess (runtime: 0.0010)
2023-05-02 17:07:00 1683047220.842806 [tornettools] [DEBUG] GETINFO version (runtime: 0.0001)
2023-05-02 17:07:00 1683047220.843222 [tornettools] [INFO] Error while receiving a control message (SocketClosed): received exception "read of closed file"
2023-05-02 17:07:00 1683047220.845108 [tornettools] [INFO] We will use 8 TGen exit servers and 0 TGen onion-service servers to serve 75 TGen exit clients and 0 TGen onion-service clients
2023-05-02 17:07:00 1683047220.845291 [tornettools] [INFO] Generating Tor configuration files
2023-05-02 17:07:00 1683047220.861876 [tornettools] [INFO] Generating TGen configuration files
2023-05-02 17:07:00 1683047220.894487 [tornettools] [INFO] Constructing Shadow config YAML file
