time: 946686600.0
diff: 0.0
going to web site
Hello world	Thread-69	2

time: 946686721.019673
diff: -1.0196729898452759
going to web site
Hello world	Thread-97	2

time: 946686722.772725
diff: 117.22727501392365
waiting
going to web site
Hello world	Thread-420	6

time: 946686961.992688
diff: -0.9926879405975342
going to web site
Hello world	Thread-443	3

time: 946686965.68392
diff: 115.3160799741745
waiting
going to web site
Hello world	Thread-658	3

time: 946687201.918416
diff: -60.918416023254395
going to web site
Hello world	Thread-663	9

time: 946687202.527296
diff: -1.5272959470748901
going to web site
Hello world	Thread-672	3

time: 946687203.119952
diff: 57.88004803657532
waiting
going to web site
Hello world	Thread-779	5

time: 946687292.590656
diff: 28.409343957901
waiting
going to web site
Hello world	Thread-787	3

time: 946687321.580656
diff: 59.41934394836426
waiting
going to web site
Hello world	Thread-913	4

time: 946687396.590656
diff: 45.409343957901
waiting
going to web site
Hello world	Thread-1007	4

time: 946687473.598518
diff: 88.40148198604584
waiting
going to web site
Hello world	Thread-1111	7

time: 946687577.590656
diff: 44.409343957901
waiting
going to web site
Hello world	Thread-1181	4

time: 946687629.590656
diff: 52.409343957901
waiting
going to web site
Hello world	Thread-1203	4

time: 946687682.582656
diff: 59.417343974113464
waiting
going to web site
Hello world	Thread-1406	2

time: 946687863.001312
diff: -1.001312017440796
going to web site
Hello world	Thread-1425	2

time: 946687864.591968
diff: 118.4080319404602
waiting
going to web site
Hello world	Thread-1575	5

time: 946687986.5896571
diff: 56.41034293174744
waiting
going to web site
Hello world	Thread-1640	2

time: 946688044.582656
diff: 58.417343974113464
waiting
going to web site
Hello world	Thread-1695	6

time: 946688104.580656
diff: 58.41934394836426
waiting
going to web site
Hello world	Thread-1788	7

time: 946688194.590656
diff: 28.409343957901
waiting
going to web site
Hello world	Thread-1926	2

time: 946688344.177802
diff: -61.177801966667175
going to web site
Hello world	Thread-1934	8

time: 946688344.890772
diff: -1.8907719850540161
going to web site
Hello world	Thread-1944	8

