time: 946686600.0
diff: 223.0
waiting
going to web site
Hello world	Thread-373	2

time: 946686824.03686
diff: 12.96314001083374
waiting
going to web site
Hello world	Thread-419	2

time: 946686838.038861
diff: 21.96113896369934
waiting
going to web site
Hello world	Thread-496	2

time: 946686861.0388601
diff: 26.961139917373657
waiting
going to web site
Hello world	Thread-593	2

time: 946686889.02686
diff: 8.973140001296997
waiting
going to web site
Hello world	Thread-639	2

time: 946686899.040847
diff: 11.959153056144714
waiting
going to web site
Hello world	Thread-686	3

time: 946686912.05408
diff: 20.94591999053955
waiting
going to web site
Hello world	Thread-775	2

time: 946686934.03186
diff: 18.96814000606537
waiting
going to web site
Hello world	Thread-866	3

time: 946686954.038861
diff: 17.96113896369934
waiting
going to web site
Hello world	Thread-959	2

time: 946686973.02686
diff: 10.973140001296997
waiting
going to web site
Hello world	Thread-1006	2

time: 946686985.038847
diff: 27.961153030395508
waiting
going to web site
Hello world	Thread-1144	2

time: 946687014.038861
diff: 12.96113896369934
waiting
going to web site
Hello world	Thread-1207	2

time: 946687028.034253
diff: 34.965746998786926
waiting
going to web site
Hello world	Thread-1376	3

time: 946687064.02686
diff: -0.02685999870300293
going to web site
Hello world	Thread-2057	2

time: 946687065.0537201
diff: -1.0537201166152954
going to web site
Hello world	Thread-2058	2

time: 946687066.08058
diff: -2.080579996109009
going to web site
Hello world	Thread-2059	2

time: 946687067.10944
diff: -2.109439969062805
going to web site
Hello world	Thread-2060	2

time: 946687068.1363001
diff: -3.1363000869750977
going to web site
Hello world	Thread-2061	2

time: 946687069.1631601
diff: -4.163160085678101
going to web site
Hello world	Thread-2062	2

time: 946687070.19902
diff: -5.199020028114319
going to web site
Hello world	Thread-2063	2

time: 946687071.22588
diff: -6.225880026817322
going to web site
Hello world	Thread-2064	2

time: 946687072.25274
diff: -6.252740025520325
going to web site
Hello world	Thread-2065	2

time: 946687073.2816
diff: 19.71840000152588
waiting
going to web site
Hello world	Thread-1507	2

time: 946687094.038847
diff: 22.961153030395508
waiting
going to web site
Hello world	Thread-1610	2

time: 946687118.0428469
diff: 20.95715308189392
waiting
going to web site
Hello world	Thread-1707	2

time: 946687140.035861
diff: 12.964138984680176
waiting
going to web site
Hello world	Thread-1759	2

time: 946687154.02686
diff: 16.973140001296997
waiting
going to web site
Hello world	Thread-1836	2

time: 946687172.0268611
diff: 34.97313892841339
waiting
going to web site
Hello world	Thread-1984	2

time: 946687208.0438471
diff: 29.95615291595459
waiting
going to web site
Hello world	Thread-2112	2

time: 946687239.02686
diff: 14.973140001296997
waiting
going to web site
Hello world	Thread-2188	3

time: 946687255.048494
diff: 20.95150601863861
waiting
going to web site
Hello world	Thread-2292	2

time: 946687277.037861
diff: 18.962139010429382
waiting
going to web site
Hello world	Thread-2381	2

time: 946687297.038847
diff: 18.961153030395508
waiting
going to web site
Hello world	Thread-2117	2

time: 946687317.035861
diff: 2.964138984680176
waiting
going to web site
Hello world	Thread-2485	2

time: 946687321.02686
diff: 5.973140001296997
waiting
going to web site
Hello world	Thread-2118	2

time: 946687328.035861
diff: 25.964138984680176
waiting
going to web site
Hello world	Thread-2631	2

time: 946687355.02686
diff: 18.973140001296997
waiting
going to web site
Hello world	Thread-2719	2

time: 946687375.038861
diff: 16.96113896369934
waiting
going to web site
Hello world	Thread-2803	2

time: 946687393.02986
diff: 13.970139980316162
waiting
going to web site
Hello world	Thread-2862	2

time: 946687408.02686
diff: 22.973140001296997
waiting
going to web site
Hello world	Thread-2969	2

time: 946687431.844545
diff: 15.155454993247986
waiting
going to web site
Hello world	Thread-3030	6

time: 946687447.832832
diff: 17.167168021202087
waiting
going to web site
Hello world	Thread-3121	3

time: 946687465.8494799
diff: 21.150520086288452
waiting
going to web site
Hello world	Thread-3213	3

time: 946687487.832833
diff: 33.16716694831848
waiting
going to web site
Hello world	Thread-3360	4

time: 946687521.836832
diff: 23.16316795349121
waiting
going to web site
Hello world	Thread-3464	5

time: 946687545.832832
diff: 26.167168021202087
waiting
going to web site
Hello world	Thread-3590	3

time: 946687573.845833
diff: 28.15416705608368
waiting
going to web site
Hello world	Thread-3711	4

time: 946687602.845833
diff: 15.15416705608368
waiting
going to web site
Hello world	Thread-3787	2

time: 946687618.832833
diff: 32.16716694831848
waiting
going to web site
Hello world	Thread-3919	5

time: 946687651.832832
diff: 7.167168021202087
waiting
going to web site
Hello world	Thread-3963	2

time: 946687659.841833
diff: 28.158167004585266
waiting
going to web site
Hello world	Thread-4090	4

time: 946687688.841833
diff: 18.158167004585266
waiting
going to web site
Hello world	Thread-4169	2

time: 946687707.841833
diff: 26.158167004585266
waiting
going to web site
Hello world	Thread-4294	2

time: 946687734.832833
diff: 33.16716694831848
waiting
going to web site
Hello world	Thread-4436	5

time: 946687768.832832
diff: 17.167168021202087
waiting
going to web site
Hello world	Thread-4522	3

time: 946687786.832833
diff: 23.16716694831848
waiting
going to web site
Hello world	Thread-4632	6

time: 946687810.832832
diff: 13.167168021202087
waiting
going to web site
Hello world	Thread-4703	2

time: 946687825.860665
diff: 14.139335036277771
waiting
going to web site
Hello world	Thread-4765	2

time: 946687840.844833
diff: 20.15516698360443
waiting
going to web site
Hello world	Thread-4857	2

time: 946687861.832832
diff: 14.167168021202087
waiting
going to web site
Hello world	Thread-4963	2

time: 946687883.851544
diff: 23.14845597743988
waiting
going to web site
Hello world	Thread-5067	2

time: 946687907.832832
diff: 22.167168021202087
waiting
going to web site
Hello world	Thread-5182	2

time: 946687930.841833
diff: 14.158167004585266
waiting
going to web site
Hello world	Thread-5254	2

time: 946687946.841833
diff: 20.158167004585266
waiting
going to web site
Hello world	Thread-5352	2

time: 946687967.849833
diff: 23.150166988372803
waiting
going to web site
Hello world	Thread-5466	4

time: 946687991.832832
diff: 29.167168021202087
waiting
going to web site
Hello world	Thread-5605	3

time: 946688021.841833
diff: 28.158167004585266
waiting
going to web site
Hello world	Thread-5731	4

time: 946688050.841833
diff: 22.158167004585266
waiting
going to web site
Hello world	Thread-5833	2

time: 946688073.841833
diff: 10.158167004585266
waiting
going to web site
Hello world	Thread-5890	3

time: 946688084.841833
diff: 25.158167004585266
waiting
going to web site
Hello world	Thread-6002	4

time: 946688110.841833
diff: 12.158167004585266
waiting
going to web site
Hello world	Thread-6054	2

time: 946688123.841833
diff: 21.158167004585266
waiting
going to web site
Hello world	Thread-6146	2

time: 946688145.841833
diff: 28.158167004585266
waiting
going to web site
Hello world	Thread-6266	2

time: 946688174.841833
diff: 15.158167004585266
waiting
going to web site
Hello world	Thread-6336	3

time: 946688190.832833
diff: 22.16716694831848
waiting
going to web site
Hello world	Thread-6439	2

time: 946688213.832832
diff: 30.167168021202087
waiting
going to web site
Hello world	Thread-6578	3

time: 946688244.832833
diff: 14.167166948318481
waiting
going to web site
Hello world	Thread-6644	3

time: 946688259.832832
diff: 22.167168021202087
waiting
going to web site
Hello world	Thread-6744	3

time: 946688282.841833
diff: 22.158167004585266
waiting
going to web site
Hello world	Thread-6846	2

time: 946688305.841833
diff: 41.158167004585266
waiting
going to web site
Hello world	Thread-7035	2

time: 946688348.842833
diff: 13.157166957855225
waiting
going to web site
Hello world	Thread-7096	3

time: 946688362.832832
diff: 22.167168021202087
waiting
going to web site
Hello world	Thread-7201	2

time: 946688385.832833
diff: 39.16716694831848
waiting
going to web site
Hello world	Thread-7379	4

time: 946688425.832832
diff: 1.1671680212020874
waiting
going to web site
Hello world	Thread-7388	2

time: 946688427.832833
diff: 24.16716694831848
waiting
going to web site
Hello world	Thread-7498	4

time: 946688452.832832
diff: 23.167168021202087
waiting
going to web site
Hello world	Thread-7608	2

time: 946688476.841833
diff: 19.158167004585266
waiting
going to web site
Hello world	Thread-7691	3

time: 946688496.832833
diff: 18.16716694831848
waiting
going to web site
Hello world	Thread-7777	4

time: 946688515.832832
diff: 19.167168021202087
waiting
going to web site
Hello world	Thread-7868	2

time: 946688536.851833
diff: 13.14816701412201
waiting
going to web site
Hello world	Thread-7927	2

time: 946688550.841833
diff: 24.158167004585266
waiting
going to web site
Hello world	Thread-8045	4

time: 946688575.841833
diff: 11.158167004585266
waiting
going to web site
Hello world	Thread-8093	2

time: 946688587.843833
diff: 31.156167030334473
waiting
going to web site
Hello world	Thread-8232	4

time: 946688619.832833
diff: 23.16716694831848
waiting
going to web site
Hello world	Thread-8334	3

time: 946688643.842832
diff: 34.15716803073883
waiting
going to web site
Hello world	Thread-8493	3

time: 946688681.851833
diff: 20.14816701412201
waiting
going to web site
Hello world	Thread-8578	2

time: 946688702.841833
diff: 31.158167004585266
waiting
going to web site
Hello world	Thread-8709	4

time: 946688734.841833
diff: 18.158167004585266
waiting
going to web site
Hello world	Thread-8794	3

time: 946688754.841833
diff: 28.158167004585266
waiting
going to web site
Hello world	Thread-8904	2

time: 946688783.841833
diff: 28.158167004585266
waiting
going to web site
Hello world	Thread-9022	3

time: 946688812.841833
diff: 15.158167004585266
waiting
going to web site
Hello world	Thread-9079	3

time: 946688828.841833
diff: 22.158167004585266
waiting
going to web site
Hello world	Thread-9192	4

time: 946688852.851833
diff: 9.14816701412201
waiting
going to web site
Hello world	Thread-9231	3

time: 946688862.841833
diff: 31.158167004585266
waiting
going to web site
Hello world	Thread-9377	3

time: 946688895.841833
diff: 30.158167004585266
waiting
going to web site
Hello world	Thread-9503	3

time: 946688926.836833
diff: 31.163166999816895
waiting
going to web site
Hello world	Thread-9640	3

time: 946688958.832832
diff: 21.167168021202087
waiting
going to web site
Hello world	Thread-9743	2

time: 946688980.841833
diff: 18.158167004585266
waiting
going to web site
Hello world	Thread-9833	2

time: 946688999.841833
diff: 15.158167004585266
waiting
going to web site
Hello world	Thread-9914	3

time: 946689015.845833
diff: 10.15416705608368
waiting
going to web site
Hello world	Thread-9961	2

time: 946689026.858864
diff: 32.141136050224304
waiting
going to web site
Hello world	Thread-10112	4

time: 946689060.841833
diff: 23.158167004585266
waiting
going to web site
Hello world	Thread-10235	2

time: 946689084.841833
diff: 20.158167004585266
waiting
going to web site
Hello world	Thread-10322	2

time: 946689105.841833
diff: 16.158167004585266
waiting
going to web site
Hello world	Thread-10408	3

time: 946689123.841833
diff: 22.158167004585266
waiting
going to web site
Hello world	Thread-10519	4

time: 946689146.832833
diff: 7.1671669483184814
waiting
going to web site
Hello world	Thread-10552	5

time: 946689154.832832
diff: 12.167168021202087
waiting
going to web site
Hello world	Thread-10621	3

time: 946689168.842833
diff: 30.157166957855225
waiting
going to web site
Hello world	Thread-10773	5

time: 946689199.832832
diff: 10.167168021202087
waiting
going to web site
Hello world	Thread-10822	3

time: 946689210.841833
diff: 38.158167004585266
waiting
going to web site
Hello world	Thread-11010	3

time: 946689249.832833
diff: 18.16716694831848
waiting
going to web site
Hello world	Thread-11103	4

time: 946689268.832832
diff: 16.167168021202087
waiting
going to web site
Hello world	Thread-11180	3

time: 946689285.832833
diff: 20.16716694831848
waiting
going to web site
Hello world	Thread-11284	5

time: 946689306.832832
diff: 31.167168021202087
waiting
going to web site
Hello world	Thread-11439	2

time: 946689338.841833
diff: 10.158167004585266
waiting
going to web site
Hello world	Thread-11483	2

time: 946689349.841833
diff: 23.158167004585266
waiting
going to web site
Hello world	Thread-11602	2

time: 946689373.845833
diff: 23.15416705608368
waiting
going to web site
Hello world	Thread-11712	3

time: 946689397.841833
diff: 16.158167004585266
waiting
going to web site
Hello world	Thread-11797	2

time: 946689417.861833
diff: 9.138167023658752
waiting
going to web site
Hello world	Thread-11903	2

time: 946689442.841833
diff: 22.158167004585266
waiting
going to web site
Hello world	Thread-12019	2

time: 946689466.842833
diff: 6.157166957855225
waiting
going to web site
Hello world	Thread-12053	4

time: 946689473.832832
diff: 30.167168021202087
waiting
going to web site
Hello world	Thread-12193	5

time: 946689504.832833
diff: 10.167166948318481
waiting
going to web site
Hello world	Thread-12240	4

time: 946689515.832832
diff: 19.167168021202087
waiting
going to web site
Hello world	Thread-12350	2

time: 946689538.85104
diff: 19.1489599943161
waiting
going to web site
Hello world	Thread-12445	3

time: 946689558.845832
diff: 20.154168009757996
waiting
going to web site
Hello world	Thread-12537	2

time: 946689580.851833
diff: 27.14816701412201
waiting
going to web site
Hello world	Thread-12660	4

time: 946689608.841833
diff: 37.158167004585266
waiting
going to web site
Hello world	Thread-12843	5

time: 946689647.841833
diff: 18.158167004585266
waiting
going to web site
Hello world	Thread-12932	5

time: 946689666.832833
diff: 22.16716694831848
waiting
going to web site
Hello world	Thread-13047	5

time: 946689689.832832
diff: 20.167168021202087
waiting
going to web site
Hello world	Thread-13136	5

time: 946689710.841833
diff: 17.158167004585266
waiting
going to web site
Hello world	Thread-13217	2

time: 946689729.841833
diff: 18.158167004585266
waiting
going to web site
Hello world	Thread-13311	3

time: 946689748.841833
diff: 11.158167004585266
waiting
going to web site
Hello world	Thread-13370	2

time: 946689760.841833
diff: 36.158167004585266
waiting
going to web site
Hello world	Thread-13534	7

time: 946689797.832833
diff: 5.1671669483184814
waiting
going to web site
Hello world	Thread-13556	3

time: 946689803.832832
diff: 31.167168021202087
waiting
going to web site
Hello world	Thread-13710	5

time: 946689836.841833
diff: 19.158167004585266
waiting
going to web site
Hello world	Thread-13810	3

time: 946689856.832833
diff: 8.167166948318481
waiting
going to web site
Hello world	Thread-13849	5

time: 946689865.832832
diff: 20.167168021202087
waiting
going to web site
Hello world	Thread-13946	5

time: 946689886.5350649
diff: 20.464935064315796
waiting
going to web site
Hello world	Thread-14042	5

time: 946689907.5350649
diff: 25.464935064315796
waiting
going to web site
Hello world	Thread-14149	6

time: 946689933.5350649
diff: 23.464935064315796
waiting
going to web site
Hello world	Thread-14257	5

time: 946689957.5350649
diff: 27.464935064315796
waiting
going to web site
Hello world	Thread-14374	6

time: 946689985.536065
diff: 13.463935017585754
waiting
going to web site
Hello world	Thread-14438	5

time: 946689999.539065
diff: 28.46093499660492
waiting
going to web site
Hello world	Thread-14565	6

time: 946690028.535325
diff: 18.464674949645996
waiting
going to web site
Hello world	Thread-14644	6

time: 946690047.5350641
diff: 34.46493589878082
waiting
going to web site
Hello world	Thread-14787	7

time: 946690082.526064
diff: 30.473935961723328
waiting
going to web site
Hello world	Thread-14924	5

time: 946690113.526064
diff: 13.473935961723328
waiting
going to web site
Hello world	Thread-14987	3

time: 946690127.526064
diff: 34.47393596172333
waiting
going to web site
Hello world	Thread-15132	7

time: 946690162.5350641
diff: 11.464935898780823
waiting
going to web site
Hello world	Thread-15178	7

time: 946690174.5350641
diff: 17.464935898780823
waiting
going to web site
Hello world	Thread-15255	4

time: 946690192.5350641
diff: 18.464935898780823
waiting
going to web site
Hello world	Thread-15340	7

time: 946690211.526064
diff: 33.47393596172333
waiting
going to web site
Hello world	Thread-15488	5

time: 946690245.5350641
diff: 24.464935898780823
waiting
going to web site
Hello world	Thread-15603	7

time: 946690270.526064
diff: 14.473935961723328
waiting
going to web site
Hello world	Thread-15660	7

time: 946690285.5350641
diff: 29.464935898780823
waiting
going to web site
Hello world	Thread-15797	6

time: 946690315.534417
diff: 26.465582966804504
waiting
going to web site
Hello world	Thread-15913	4

time: 946690342.5330639
diff: 20.466936111450195
waiting
going to web site
Hello world	Thread-15998	6

time: 946690363.544065
diff: 12.455935001373291
waiting
going to web site
Hello world	Thread-16057	7

time: 946690376.5350649
diff: 24.464935064315796
waiting
going to web site
Hello world	Thread-16161	7

time: 946690401.542065
diff: 25.457934975624084
waiting
going to web site
Hello world	Thread-16275	5

time: 946690427.5350641
diff: 13.464935898780823
waiting
going to web site
Hello world	Thread-16335	6

time: 946690441.5350649
diff: 29.464935064315796
waiting
going to web site
Hello world	Thread-16470	5

time: 946690471.5350649
diff: 23.464935064315796
waiting
going to web site
Hello world	Thread-16576	7

time: 946690495.539977
diff: 26.460023045539856
waiting
going to web site
Hello world	Thread-16690	6

time: 946690522.539065
diff: 30.46093499660492
waiting
going to web site
Hello world	Thread-16819	7

time: 946690553.5350641
diff: 23.464935898780823
waiting
going to web site
Hello world	Thread-16933	5

time: 946690577.5350641
diff: 18.464935898780823
waiting
going to web site
Hello world	Thread-17016	7

time: 946690596.526064
diff: 16.473935961723328
waiting
going to web site
Hello world	Thread-17083	6

time: 946690613.5350641
diff: 27.464935898780823
waiting
going to web site
Hello world	Thread-17206	6

time: 946690641.5350641
diff: 15.464935898780823
waiting
going to web site
Hello world	Thread-17273	5

time: 946690657.5350641
diff: 26.464935898780823
waiting
going to web site
Hello world	Thread-17388	6

time: 946690684.5350641
diff: 7.464935898780823
waiting
going to web site
Hello world	Thread-17425	7

time: 946690692.526064
diff: 31.473935961723328
waiting
going to web site
Hello world	Thread-17561	6

time: 946690724.5350641
diff: 18.464935898780823
waiting
going to web site
Hello world	Thread-17647	5

time: 946690743.5350641
diff: 26.464935898780823
waiting
going to web site
Hello world	Thread-17767	7

time: 946690770.5350641
diff: 26.464935898780823
waiting
going to web site
Hello world	Thread-17885	5

time: 946690797.5350641
diff: 25.464935898780823
waiting
going to web site
Hello world	Thread-17989	7

time: 946690823.5350641
diff: 17.464935898780823
waiting
going to web site
Hello world	Thread-18069	7

time: 946690841.5350641
diff: 28.464935898780823
waiting
going to web site
Hello world	Thread-18190	7

time: 946690870.5294169
diff: 23.470583081245422
waiting
going to web site
Hello world	Thread-18294	5

time: 946690894.526065
diff: 10.473935008049011
waiting
going to web site
Hello world	Thread-18337	5

time: 946690905.544065
diff: 27.45593500137329
waiting
going to web site
Hello world	Thread-18457	6

time: 946690933.526065
diff: 28.47393500804901
waiting
going to web site
Hello world	Thread-18580	7

time: 946690962.5294809
diff: 14.470519065856934
waiting
going to web site
Hello world	Thread-18640	6

time: 946690977.544096
diff: 28.455904006958008
waiting
going to web site
Hello world	Thread-18776	4

time: 946691006.541065
diff: 29.458935022354126
waiting
going to web site
Hello world	Thread-18902	5

time: 946691036.536065
diff: 18.463935017585754
waiting
going to web site
Hello world	Thread-18989	6

time: 946691055.544065
diff: 24.45593500137329
waiting
going to web site
Hello world	Thread-19099	5

time: 946691080.544065
diff: 14.455935001373291
waiting
going to web site
Hello world	Thread-19166	2

time: 946691095.526065
diff: 25.47393500804901
waiting
going to web site
Hello world	Thread-19280	6

time: 946691121.541065
diff: 33.458935022354126
waiting
going to web site
Hello world	Thread-19437	4

time: 946691155.544065
diff: 5.455935001373291
waiting
going to web site
Hello world	Thread-19466	5

time: 946691161.5350649
diff: 33.464935064315796
waiting
going to web site
Hello world	Thread-19611	6

time: 946691195.544065
diff: 13.455935001373291
waiting
going to web site
Hello world	Thread-19674	6

time: 946691209.544065
diff: 35.45593500137329
waiting
going to web site
Hello world	Thread-19838	5

time: 946691245.544065
diff: 11.455935001373291
waiting
going to web site
Hello world	Thread-19904	5

time: 946691257.540065
diff: 20.459934949874878
waiting
going to web site
Hello world	Thread-19993	7

time: 946691278.5350641
diff: 11.464935898780823
waiting
going to web site
Hello world	Thread-20053	6

time: 946691290.5350641
diff: 29.464935898780823
waiting
going to web site
Hello world	Thread-20192	3

time: 946691320.535362
diff: 26.464637994766235
waiting
going to web site
Hello world	Thread-20315	7

time: 946691347.5350641
diff: 14.464935898780823
waiting
going to web site
Hello world	Thread-20378	5

time: 946691362.526064
diff: 33.47393596172333
waiting
going to web site
Hello world	Thread-20565	6

time: 946691396.5350641
diff: 11.464935898780823
waiting
going to web site
Hello world	Thread-20622	4

time: 946691408.5350641
diff: 19.464935898780823
waiting
going to web site
Hello world	Thread-20717	5

time: 946691428.5350641
diff: 20.464935898780823
waiting
going to web site
Hello world	Thread-20814	4

time: 946691449.526064
diff: 10.473935961723328
waiting
going to web site
Hello world	Thread-20870	7

time: 946691460.5350641
diff: 28.464935898780823
waiting
going to web site
Hello world	Thread-21006	4

time: 946691489.526064
diff: 9.473935961723328
waiting
going to web site
Hello world	Thread-21049	7

time: 946691499.5350641
diff: 26.464935898780823
waiting
going to web site
Hello world	Thread-21179	5

time: 946691526.5350641
diff: 31.464935898780823
waiting
going to web site
Hello world	Thread-21326	4

time: 946691558.526064
diff: 10.473935961723328
waiting
going to web site
Hello world	Thread-21371	3

time: 946691569.5350641
diff: 17.464935898780823
waiting
going to web site
Hello world	Thread-21454	4

time: 946691587.533561
diff: 17.46643900871277
waiting
going to web site
Hello world	Thread-21537	5

time: 946691605.526065
diff: 31.47393500804901
waiting
going to web site
Hello world	Thread-21683	3

time: 946691637.544065
diff: 13.455935001373291
waiting
going to web site
Hello world	Thread-21742	4

time: 946691651.526065
diff: 22.47393500804901
waiting
going to web site
Hello world	Thread-21838	7

time: 946691674.539065
diff: 32.46093499660492
waiting
going to web site
Hello world	Thread-21991	4

time: 946691707.839712
diff: 19.160287976264954
waiting
going to web site
Hello world	Thread-22084	3

time: 946691727.8367119
diff: 29.163288116455078
waiting
going to web site
Hello world	Thread-22208	2

time: 946691757.836713
diff: 18.163287043571472
waiting
going to web site
Hello world	Thread-22291	4

time: 946691776.836713
diff: 25.163287043571472
waiting
going to web site
Hello world	Thread-22401	4

time: 946691802.836713
diff: 28.163287043571472
waiting
going to web site
Hello world	Thread-22531	2

time: 946691831.836713
diff: 1.1632870435714722
waiting
going to web site
Hello world	Thread-22536	3

time: 946691833.836713
diff: 30.163287043571472
waiting
going to web site
Hello world	Thread-22674	3

time: 946691864.836713
diff: 24.163287043571472
waiting
going to web site
Hello world	Thread-22788	3

time: 946691889.836713
diff: 17.163287043571472
waiting
going to web site
Hello world	Thread-22866	3

time: 946691907.839713
diff: 17.160287022590637
waiting
going to web site
Hello world	Thread-22951	2

time: 946691925.836713
diff: 23.163287043571472
waiting
going to web site
Hello world	Thread-23061	2

time: 946691949.845713
diff: 33.15428698062897
waiting
going to web site
Hello world	Thread-23226	4

time: 946691984.8367119
diff: 17.163288116455078
waiting
going to web site
Hello world	Thread-23311	2

time: 946692002.845713
diff: 20.154286980628967
waiting
going to web site
Hello world	Thread-23402	5

time: 946692023.8367119
diff: 16.163288116455078
waiting
going to web site
Hello world	Thread-23493	2

time: 946692040.836713
diff: 25.163287043571472
waiting
going to web site
Hello world	Thread-23615	3

time: 946692066.836713
diff: 21.163287043571472
waiting
going to web site
Hello world	Thread-23722	4

time: 946692088.836713
diff: 24.163287043571472
waiting
going to web site
Hello world	Thread-23837	4

time: 946692113.845996
diff: 12.154003977775574
waiting
going to web site
Hello world	Thread-23905	3

time: 946692126.8367119
diff: 11.163288116455078
waiting
going to web site
Hello world	Thread-23954	4

time: 946692138.836713
diff: 37.16328704357147
waiting
going to web site
Hello world	Thread-24130	2

time: 946692176.836713
diff: 7.163287043571472
waiting
going to web site
Hello world	Thread-24168	3

time: 946692184.836713
diff: 24.163287043571472
waiting
going to web site
Hello world	Thread-24283	3

time: 946692209.836713
diff: 5.163287043571472
waiting
going to web site
Hello world	Thread-24311	3

time: 946692215.839713
diff: 24.160287022590637
waiting
going to web site
Hello world	Thread-24422	2

time: 946692240.836713
diff: 18.163287043571472
waiting
going to web site
Hello world	Thread-24511	3

time: 946692259.836713
diff: 29.163287043571472
waiting
going to web site
Hello world	Thread-24645	3

time: 946692289.836713
diff: 32.16328704357147
waiting
going to web site
Hello world	Thread-24799	2

time: 946692322.902777
diff: 7.0972230434417725
waiting
going to web site
Hello world	Thread-24833	2

time: 946692331.901777
diff: 26.098222970962524
waiting
going to web site
Hello world	Thread-24948	3

time: 946692358.9027761
diff: 31.0972238779068
waiting
going to web site
Hello world	Thread-25096	2

time: 946692393.9027761
diff: 25.0972238779068
waiting
going to web site
Hello world	Thread-25203	2

time: 946692419.9027761
diff: 8.0972238779068
waiting
going to web site
Hello world	Thread-25246	2

time: 946692429.9067761
diff: 30.093223929405212
waiting
going to web site
Hello world	Thread-25381	2

time: 946692461.9027761
diff: 24.0972238779068
waiting
going to web site
Hello world	Thread-25485	2

time: 946692486.9027761
diff: 28.0972238779068
waiting
going to web site
Hello world	Thread-25612	2

time: 946692515.9027761
diff: 17.0972238779068
waiting
going to web site
Hello world	Thread-25678	3

time: 946692533.9027761
diff: 14.0972238779068
waiting
going to web site
Hello world	Thread-25749	2

time: 946692548.9027761
diff: 26.0972238779068
waiting
going to web site
Hello world	Thread-25862	2

time: 946692575.904776
diff: 24.095224022865295
waiting
going to web site
Hello world	Thread-25963	2

time: 946692600.916777
diff: 15.08322298526764
waiting
going to web site
Hello world	Thread-26036	2

time: 946692616.903776
diff: 27.096223950386047
waiting
going to web site
Hello world	Thread-26146	2

time: 946692644.9027761
diff: 19.0972238779068
waiting
going to web site
Hello world	Thread-26220	2

time: 946692664.901776
diff: 29.09822404384613
waiting
going to web site
Hello world	Thread-26333	3

time: 946692694.910777
diff: 21.08922302722931
waiting
going to web site
Hello world	Thread-26396	2

time: 946692716.910777
diff: 35.08922302722931
waiting
going to web site
Hello world	Thread-26499	2

time: 946692752.901777
diff: 17.098222970962524
waiting
going to web site
Hello world	Thread-26541	3

time: 946692770.901776
diff: 23.09822404384613
waiting
going to web site
Hello world	Thread-26595	2

time: 946692794.901777
diff: 11.098222970962524
waiting
going to web site
Hello world	Thread-26621	2

