time: 946686600.0
diff: 0.0
going to web site
Hello world	Thread-5	3

time: 946686600.580656
diff: 119.41934394836426
waiting
going to web site
Hello world	Thread-103	4

time: 946686723.5905731
diff: 56.40942692756653
waiting
going to web site
Hello world	Thread-174	5

time: 946686780.580656
diff: 59.41934394836426
waiting
going to web site
Hello world	Thread-331	4

time: 946686871.600656
diff: 88.39934396743774
waiting
going to web site
Hello world	Thread-395	6

time: 946686960.590656
diff: 59.409343957901
waiting
going to web site
Hello world	Thread-497	5

time: 946687023.590656
diff: 117.409343957901
waiting
going to web site
Hello world	Thread-581	4

time: 946687141.595999
diff: 59.404000997543335
waiting
going to web site
Hello world	Thread-698	6

time: 946687232.5916561
diff: 28.40834391117096
waiting
going to web site
Hello world	Thread-726	2

time: 946687262.594434
diff: 58.40556597709656
waiting
going to web site
Hello world	Thread-853	5

time: 946687352.590656
diff: 88.409343957901
waiting
going to web site
Hello world	Thread-943	4

time: 946687442.610426
diff: 118.38957405090332
waiting
going to web site
Hello world	Thread-1091	3

time: 946687564.5896571
diff: 57.41034293174744
waiting
going to web site
Hello world	Thread-1189	4

time: 946687637.590656
diff: 104.409343957901
waiting
going to web site
Hello world	Thread-1257	2

time: 946687742.585656
diff: 59.41434395313263
waiting
going to web site
Hello world	Thread-1466	8

time: 946687922.895984
diff: -0.8959840536117554
going to web site
Hello world	Thread-1473	9

time: 946687923.4950919
diff: 58.504908084869385
waiting
going to web site
Hello world	Thread-1592	6

time: 946687997.590656
diff: 44.409343957901
waiting
going to web site
Hello world	Thread-1616	3

time: 946688042.587656
diff: 120.41234397888184
waiting
going to web site
Hello world	Thread-1782	7

time: 946688178.590656
diff: 104.409343957901
waiting
going to web site
Hello world	Thread-1861	5

time: 946688283.5896561
diff: 59.41034388542175
waiting
going to web site
Hello world	Thread-1981	5

