time: 946686600.0
diff: 89.0
waiting
going to web site
Hello world	Thread-418	5

time: 946686690.8418319
diff: 3.158168077468872
waiting
going to web site
Hello world	Thread-67	2

time: 946686694.8408331
diff: 8.159166932106018
waiting
going to web site
Hello world	Thread-542	4

time: 946686703.851832
diff: -0.8518320322036743
going to web site
Hello world	Thread-80	3

time: 946686704.6946639
diff: 1.3053361177444458
waiting
going to web site
Hello world	Thread-577	5

time: 946686707.8558329
diff: 28.144167065620422
waiting
going to web site
Hello world	Thread-144	2

time: 946686736.844833
diff: 13.155166983604431
waiting
going to web site
Hello world	Thread-868	3

time: 946686750.832832
diff: 0.1671680212020874
waiting
going to web site
Hello world	Thread-176	2

time: 946686751.859833
diff: 0.1401669979095459
waiting
going to web site
Hello world	Thread-875	2

time: 946686752.8478321
diff: -0.8478320837020874
going to web site
Hello world	Thread-877	2

time: 946686753.6806641
diff: 0.3193359375
waiting
going to web site
Hello world	Thread-880	4

time: 946686754.8338319
diff: -0.8338319063186646
going to web site
Hello world	Thread-884	4

time: 946686755.6666639
diff: 8.333336114883423
waiting
going to web site
Hello world	Thread-197	3

time: 946686764.833833
diff: 28.16616702079773
waiting
going to web site
Hello world	Thread-280	2

time: 946686793.841833
diff: 7.158167004585266
waiting
going to web site
Hello world	Thread-309	4

time: 946686801.841833
diff: 8.158167004585266
waiting
going to web site
Hello world	Thread-331	2

time: 946686810.841833
diff: 19.158167004585266
waiting
going to web site
Hello world	Thread-395	2

time: 946686830.841833
diff: 19.158167004585266
waiting
going to web site
Hello world	Thread-460	3

time: 946686850.8722091
diff: 21.127790927886963
waiting
going to web site
Hello world	Thread-531	4

time: 946686872.841833
diff: 18.158167004585266
waiting
going to web site
Hello world	Thread-604	3

time: 946686891.836833
diff: 38.163166999816895
waiting
going to web site
Hello world	Thread-752	6

time: 946686930.8398321
diff: 23.160167932510376
waiting
going to web site
Hello world	Thread-871	6

time: 946686954.840832
diff: 32.159168004989624
waiting
going to web site
Hello world	Thread-1018	4

time: 946686987.836833
diff: 8.163166999816895
waiting
going to web site
Hello world	Thread-1066	2

time: 946686996.832832
diff: 26.167168021202087
waiting
going to web site
Hello world	Thread-1187	3

time: 946687023.841833
diff: 18.158167004585266
waiting
going to web site
Hello world	Thread-1282	3

time: 946687043.8398329
diff: 32.16016709804535
waiting
going to web site
Hello world	Thread-1430	3

time: 946687076.841833
diff: 25.158167004585266
waiting
going to web site
Hello world	Thread-1551	5

time: 946687102.848833
diff: 15.151167035102844
waiting
going to web site
Hello world	Thread-1614	3

time: 946687118.8578329
diff: 14.142167091369629
waiting
going to web site
Hello world	Thread-1677	4

time: 946687133.848833
diff: 26.151167035102844
waiting
going to web site
Hello world	Thread-1797	2

time: 946687160.842548
diff: 33.15745198726654
waiting
going to web site
Hello world	Thread-1929	3

time: 946687194.832832
diff: 22.167168021202087
waiting
going to web site
Hello world	Thread-2028	5

time: 946687217.8664811
diff: 22.133518934249878
waiting
going to web site
Hello world	Thread-2120	4

time: 946687240.832832
diff: 29.167168021202087
waiting
going to web site
Hello world	Thread-2260	3

time: 946687270.841833
diff: 2.158167004585266
waiting
going to web site
Hello world	Thread-2275	3

time: 946687273.849833
diff: 22.150166988372803
waiting
going to web site
Hello world	Thread-2377	6

time: 946687296.718408
diff: 30.28159201145172
waiting
going to web site
Hello world	Thread-2504	7

time: 946687327.727409
diff: 3.2725909948349
waiting
going to web site
Hello world	Thread-2525	6

time: 946687331.723408
diff: 36.27659201622009
waiting
going to web site
Hello world	Thread-2688	7

time: 946687368.7280829
diff: 12.27191710472107
waiting
going to web site
Hello world	Thread-2752	3

time: 946687381.727409
diff: 24.2725909948349
waiting
going to web site
Hello world	Thread-2856	4

time: 946687406.718408
diff: 24.28159201145172
waiting
going to web site
Hello world	Thread-2965	6

time: 946687431.732121
diff: 28.267879009246826
waiting
going to web site
Hello world	Thread-3097	4

time: 946687460.727409
diff: 25.2725909948349
waiting
going to web site
Hello world	Thread-3206	7

time: 946687486.718408
diff: 23.28159201145172
waiting
going to web site
Hello world	Thread-3304	6

time: 946687510.727409
diff: 19.2725909948349
waiting
going to web site
Hello world	Thread-3400	5

time: 946687530.727408
diff: 19.272591948509216
waiting
going to web site
Hello world	Thread-3484	6

time: 946687550.718408
diff: 28.28159201145172
waiting
going to web site
Hello world	Thread-3611	3

time: 946687579.731937
diff: 34.2680629491806
waiting
going to web site
Hello world	Thread-3766	6

time: 946687614.718408
diff: 8.281592011451721
waiting
going to web site
Hello world	Thread-3813	4

time: 946687623.7314091
diff: 34.26859092712402
waiting
going to web site
Hello world	Thread-3954	5

time: 946687658.718408
diff: 9.281592011451721
waiting
going to web site
Hello world	Thread-3994	5

time: 946687668.7314091
diff: 14.268590927124023
waiting
going to web site
Hello world	Thread-4065	3

time: 946687683.7312369
diff: 24.268763065338135
waiting
going to web site
Hello world	Thread-4170	2

time: 946687708.718409
diff: 18.281591057777405
waiting
going to web site
Hello world	Thread-4261	5

time: 946687727.7312369
diff: 20.268763065338135
waiting
going to web site
Hello world	Thread-4353	5

time: 946687748.7314091
diff: 27.268590927124023
waiting
going to web site
Hello world	Thread-4478	3

time: 946687776.718408
diff: 12.281592011451721
waiting
going to web site
Hello world	Thread-4531	5

time: 946687789.7314091
diff: 33.26859092712402
waiting
going to web site
Hello world	Thread-4689	4

time: 946687823.731408
diff: 12.26859200000763
waiting
going to web site
Hello world	Thread-4745	6

time: 946687836.727409
diff: 25.2725909948349
waiting
going to web site
Hello world	Thread-4859	7

time: 946687862.718408
diff: 28.28159201145172
waiting
going to web site
Hello world	Thread-4993	4

time: 946687891.7312369
diff: 31.268763065338135
waiting
going to web site
Hello world	Thread-5144	7

time: 946687923.729585
diff: 6.27041494846344
waiting
going to web site
Hello world	Thread-5179	6

time: 946687930.7205839
diff: 16.27941608428955
waiting
going to web site
Hello world	Thread-5266	4

time: 946687948.732585
diff: 20.267415046691895
waiting
going to web site
Hello world	Thread-5360	7

time: 946687969.720585
diff: 15.279415011405945
waiting
going to web site
Hello world	Thread-5439	6

time: 946687985.729585
diff: 26.27041494846344
waiting
going to web site
Hello world	Thread-5564	3

time: 946688012.725329
diff: 18.274670958518982
waiting
going to web site
Hello world	Thread-5644	7

time: 946688031.7205839
diff: 29.27941608428955
waiting
going to web site
Hello world	Thread-5778	5

time: 946688061.729585
diff: 17.27041494846344
waiting
going to web site
Hello world	Thread-5863	5

time: 946688079.7205839
diff: 17.27941608428955
waiting
going to web site
Hello world	Thread-5938	3

time: 946688097.732325
diff: 22.267675042152405
waiting
going to web site
Hello world	Thread-6038	3

time: 946688120.7245849
diff: 28.275415062904358
waiting
going to web site
Hello world	Thread-6165	7

time: 946688149.720585
diff: 29.279415011405945
waiting
going to web site
Hello world	Thread-6286	5

time: 946688179.720585
diff: 22.279415011405945
waiting
going to web site
Hello world	Thread-6393	2

time: 946688202.732325
diff: 32.267675042152405
waiting
going to web site
Hello world	Thread-6536	3

time: 946688235.720585
diff: 15.279415011405945
waiting
going to web site
Hello world	Thread-6608	4

time: 946688251.7245849
diff: 26.275415062904358
waiting
going to web site
Hello world	Thread-6725	5

time: 946688278.732585
diff: 16.267415046691895
waiting
going to web site
Hello world	Thread-6801	4

time: 946688295.732585
diff: 27.267415046691895
waiting
going to web site
Hello world	Thread-6928	5

time: 946688323.7245849
diff: 10.275415062904358
waiting
going to web site
Hello world	Thread-6976	5

time: 946688334.729585
diff: 20.27041494846344
waiting
going to web site
Hello world	Thread-7064	4

time: 946688355.7205839
diff: 14.27941608428955
waiting
going to web site
Hello world	Thread-7127	6

time: 946688370.729585
diff: 34.27041494846344
waiting
going to web site
Hello world	Thread-7289	5

time: 946688405.7325839
diff: 11.2674161195755
waiting
going to web site
Hello world	Thread-7344	3

time: 946688417.729585
diff: 30.27041494846344
waiting
going to web site
Hello world	Thread-7481	4

time: 946688448.7325839
diff: 4.2674161195755005
waiting
going to web site
Hello world	Thread-7501	4

time: 946688453.729585
diff: 28.27041494846344
waiting
going to web site
Hello world	Thread-7633	3

time: 946688482.7205839
diff: 31.27941608428955
waiting
going to web site
Hello world	Thread-7771	7

time: 946688514.720585
diff: 20.279415011405945
waiting
going to web site
Hello world	Thread-7859	5

time: 946688535.542065
diff: 25.457934975624084
waiting
going to web site
Hello world	Thread-7978	6

time: 946688561.5350641
diff: 36.46493589878082
waiting
going to web site
Hello world	Thread-8138	4

time: 946688598.5350641
diff: 29.464935898780823
waiting
going to web site
Hello world	Thread-8269	7

time: 946688628.5350641
diff: 10.464935898780823
waiting
going to web site
Hello world	Thread-8315	4

time: 946688639.5350641
diff: 30.464935898780823
waiting
going to web site
Hello world	Thread-8448	6

time: 946688670.5350641
diff: 28.464935898780823
waiting
going to web site
Hello world	Thread-8563	7

time: 946688699.5350641
diff: 19.464935898780823
waiting
going to web site
Hello world	Thread-8642	6

time: 946688719.530064
diff: 20.46993601322174
waiting
going to web site
Hello world	Thread-8728	7

time: 946688740.540065
diff: 25.459934949874878
waiting
going to web site
Hello world	Thread-8830	4

time: 946688766.5350641
diff: 31.464935898780823
waiting
going to web site
Hello world	Thread-8958	7

time: 946688798.535209
diff: 15.464791059494019
waiting
going to web site
Hello world	Thread-9025	6

time: 946688814.526065
diff: 35.47393500804901
waiting
going to web site
Hello world	Thread-9178	7

time: 946688850.540065
diff: 15.459934949874878
waiting
going to web site
Hello world	Thread-9245	6

time: 946688866.5350641
diff: 10.464935898780823
waiting
going to web site
Hello world	Thread-9287	6

time: 946688877.526064
diff: 27.473935961723328
waiting
going to web site
Hello world	Thread-9412	5

time: 946688905.5350641
diff: 14.464935898780823
waiting
going to web site
Hello world	Thread-9476	5

time: 946688920.526064
diff: 21.473935961723328
waiting
going to web site
Hello world	Thread-9572	5

time: 946688942.5350641
diff: 25.464935898780823
waiting
going to web site
Hello world	Thread-9687	7

time: 946688968.5350641
diff: 28.464935898780823
waiting
going to web site
Hello world	Thread-9824	5

time: 946688997.5350641
diff: 13.464935898780823
waiting
going to web site
Hello world	Thread-9891	4

time: 946689011.5350641
diff: 21.464935898780823
waiting
going to web site
Hello world	Thread-9993	5

time: 946689033.5350641
diff: 1.4649358987808228
waiting
going to web site
Hello world	Thread-10002	5

time: 946689035.5350641
diff: 22.464935898780823
waiting
going to web site
Hello world	Thread-10096	6

time: 946689058.5350641
diff: 20.464935898780823
waiting
going to web site
Hello world	Thread-10206	5

time: 946689079.5350649
diff: 38.464935064315796
waiting
going to web site
Hello world	Thread-10381	5

time: 946689118.540065
diff: 15.459934949874878
waiting
going to web site
Hello world	Thread-10460	4

time: 946689134.5350641
diff: 26.464935898780823
waiting
going to web site
Hello world	Thread-10583	2

time: 946689161.729584
diff: 23.270416021347046
waiting
going to web site
Hello world	Thread-10706	3

time: 946689185.732325
diff: 9.267675042152405
waiting
going to web site
Hello world	Thread-10751	4

time: 946689195.732325
diff: 21.267675042152405
waiting
going to web site
Hello world	Thread-10858	5

time: 946689217.732585
diff: 30.267415046691895
waiting
going to web site
Hello world	Thread-11004	6

time: 946689248.738585
diff: 15.261415004730225
waiting
going to web site
Hello world	Thread-11085	2

time: 946689264.732585
diff: 13.267415046691895
waiting
going to web site
Hello world	Thread-11147	3

time: 946689278.732325
diff: 10.267675042152405
waiting
going to web site
Hello world	Thread-11202	2

time: 946689289.729585
diff: 37.27041494846344
waiting
going to web site
Hello world	Thread-11377	5

time: 946689327.7205839
diff: 17.27941608428955
waiting
going to web site
Hello world	Thread-11465	5

time: 946689345.732585
diff: 21.267415046691895
waiting
going to web site
Hello world	Thread-11562	6

time: 946689367.729585
diff: 27.27041494846344
waiting
going to web site
Hello world	Thread-11698	5

time: 946689395.729584
diff: 18.270416021347046
waiting
going to web site
Hello world	Thread-11779	3

time: 946689414.732585
diff: 8.267415046691895
waiting
going to web site
Hello world	Thread-11820	3

time: 946689423.732325
diff: 27.267675042152405
waiting
going to web site
Hello world	Thread-11949	3

time: 946689451.732325
diff: 25.267675042152405
waiting
going to web site
Hello world	Thread-12074	3

time: 946689477.732585
diff: 30.267415046691895
waiting
going to web site
Hello world	Thread-12207	3

time: 946689508.732585
diff: 27.267415046691895
waiting
going to web site
Hello world	Thread-12335	6

time: 946689536.732585
diff: 26.267415046691895
waiting
going to web site
Hello world	Thread-12467	3

time: 946689563.732325
diff: 10.267675042152405
waiting
going to web site
Hello world	Thread-12511	5

time: 946689574.729585
diff: 25.27041494846344
waiting
going to web site
Hello world	Thread-12630	3

time: 946689600.7205839
diff: 6.279416084289551
waiting
going to web site
Hello world	Thread-12653	5

time: 946689607.732585
diff: 19.267415046691895
waiting
going to web site
Hello world	Thread-12748	4

time: 946689627.732325
diff: 32.267675042152405
waiting
going to web site
Hello world	Thread-12900	6

time: 946689660.732585
diff: 12.267415046691895
waiting
going to web site
Hello world	Thread-12967	4

time: 946689673.741585
diff: 25.25841498374939
waiting
going to web site
Hello world	Thread-13087	7

time: 946689699.7285839
diff: 16.271416068077087
waiting
going to web site
Hello world	Thread-13165	6

time: 946689716.729585
diff: 23.27041494846344
waiting
going to web site
Hello world	Thread-13267	3

time: 946689740.7205839
diff: 18.27941608428955
waiting
going to web site
Hello world	Thread-13360	6

time: 946689759.729585
diff: 26.27041494846344
waiting
going to web site
Hello world	Thread-13475	7

time: 946689786.526064
diff: 17.473935961723328
waiting
going to web site
Hello world	Thread-13560	7

time: 946689804.5350641
diff: 26.464935898780823
waiting
going to web site
Hello world	Thread-13685	4

time: 946689831.535625
diff: 21.464375019073486
waiting
going to web site
Hello world	Thread-13796	7

time: 946689853.5350649
diff: 16.464935064315796
waiting
going to web site
Hello world	Thread-13873	6

time: 946689870.526065
diff: 30.47393500804901
waiting
going to web site
Hello world	Thread-14011	7

time: 946689901.535096
diff: 7.464903950691223
waiting
going to web site
Hello world	Thread-14052	4

time: 946689909.5290639
diff: 35.47093605995178
waiting
going to web site
Hello world	Thread-14202	8

time: 946689945.526065
diff: 27.47393500804901
waiting
going to web site
Hello world	Thread-14319	4

time: 946689973.540065
diff: 29.459934949874878
waiting
going to web site
Hello world	Thread-14453	7

time: 946690003.5350641
diff: 13.464935898780823
waiting
going to web site
Hello world	Thread-14514	6

time: 946690017.5350641
diff: 20.464935898780823
waiting
going to web site
Hello world	Thread-14603	5

time: 946690038.5350641
diff: 23.464935898780823
waiting
going to web site
Hello world	Thread-14708	6

time: 946690062.526064
diff: 14.473935961723328
waiting
going to web site
Hello world	Thread-14762	5

time: 946690077.5350641
diff: 21.464935898780823
waiting
going to web site
Hello world	Thread-14866	8

time: 946690099.5350641
diff: 37.46493589878082
waiting
going to web site
Hello world	Thread-15028	3

time: 946690137.5330639
diff: 25.466936111450195
waiting
going to web site
Hello world	Thread-15139	5

time: 946690163.544065
diff: 24.45593500137329
waiting
going to web site
Hello world	Thread-15239	5

time: 946690188.544065
diff: 13.455935001373291
waiting
going to web site
Hello world	Thread-15300	5

time: 946690202.535777
diff: 23.46422302722931
waiting
going to web site
Hello world	Thread-15407	7

time: 946690226.5350649
diff: 14.464935064315796
waiting
going to web site
Hello world	Thread-15474	7

time: 946690241.5350649
diff: 28.464935064315796
waiting
going to web site
Hello world	Thread-15606	3

time: 946690270.5351139
diff: 18.46488606929779
waiting
going to web site
Hello world	Thread-15684	6

time: 946690289.544065
diff: 26.45593500137329
waiting
going to web site
Hello world	Thread-15803	6

time: 946690316.544065
diff: 20.45593500137329
waiting
going to web site
Hello world	Thread-15890	3

time: 946690337.5350649
diff: 21.464935064315796
waiting
going to web site
Hello world	Thread-15978	6

time: 946690359.5350649
diff: 21.464935064315796
waiting
going to web site
Hello world	Thread-16074	4

time: 946690381.5350649
diff: 36.464935064315796
waiting
going to web site
Hello world	Thread-16237	5

time: 946690418.699561
diff: 24.3004390001297
waiting
going to web site
Hello world	Thread-16350	4

time: 946690443.699561
diff: 10.3004390001297
waiting
going to web site
Hello world	Thread-16392	6

time: 946690454.699561
diff: 17.3004390001297
waiting
going to web site
Hello world	Thread-16474	7

time: 946690472.699561
diff: 22.3004390001297
waiting
going to web site
Hello world	Thread-16577	5

time: 946690495.699561
diff: 26.3004390001297
waiting
going to web site
Hello world	Thread-16691	3

time: 946690522.699561
diff: 27.3004390001297
waiting
going to web site
Hello world	Thread-16811	2

time: 946690550.699561
diff: 15.3004390001297
waiting
going to web site
Hello world	Thread-16886	6

time: 946690566.699561
diff: 21.3004390001297
waiting
going to web site
Hello world	Thread-16981	5

time: 946690588.699561
diff: 30.3004390001297
waiting
going to web site
Hello world	Thread-17108	6

time: 946690619.699561
diff: 20.3004390001297
waiting
going to web site
Hello world	Thread-17203	3

time: 946690640.699561
diff: 25.3004390001297
waiting
going to web site
Hello world	Thread-17310	5

time: 946690666.699561
diff: 26.3004390001297
waiting
going to web site
Hello world	Thread-17433	5

time: 946690693.699561
diff: 23.3004390001297
waiting
going to web site
Hello world	Thread-17535	5

time: 946690717.699561
diff: 7.3004390001297
waiting
going to web site
Hello world	Thread-17566	5

time: 946690725.699561
diff: 28.3004390001297
waiting
going to web site
Hello world	Thread-17693	6

time: 946690754.699561
diff: 20.3004390001297
waiting
going to web site
Hello world	Thread-17792	4

time: 946690775.699561
diff: 27.3004390001297
waiting
going to web site
Hello world	Thread-17906	4

time: 946690803.699561
diff: 27.3004390001297
waiting
going to web site
Hello world	Thread-18032	5

time: 946690831.699561
diff: 23.3004390001297
waiting
going to web site
Hello world	Thread-18122	6

time: 946690855.699561
diff: 26.3004390001297
waiting
going to web site
Hello world	Thread-18237	3

time: 946690882.699561
diff: 9.3004390001297
waiting
going to web site
Hello world	Thread-18289	4

time: 946690892.699561
diff: 37.3004390001297
waiting
going to web site
Hello world	Thread-18444	5

time: 946690930.699561
diff: 10.3004390001297
waiting
going to web site
Hello world	Thread-18487	4

time: 946690941.699561
diff: 25.3004390001297
waiting
going to web site
Hello world	Thread-18600	6

time: 946690967.699561
diff: 15.3004390001297
waiting
going to web site
Hello world	Thread-18669	6

time: 946690983.699561
diff: 38.3004390001297
waiting
going to web site
Hello world	Thread-18840	5

time: 946691022.699561
diff: 13.3004390001297
waiting
going to web site
Hello world	Thread-18903	4

time: 946691036.699561
diff: 19.3004390001297
waiting
going to web site
Hello world	Thread-18994	6

time: 946691056.699561
diff: 26.3004390001297
waiting
going to web site
Hello world	Thread-19112	3

time: 946691083.699561
diff: 24.3004390001297
waiting
going to web site
Hello world	Thread-19220	5

time: 946691108.699561
diff: 11.3004390001297
waiting
going to web site
Hello world	Thread-19276	5

time: 946691120.699561
diff: 15.3004390001297
waiting
going to web site
Hello world	Thread-19346	7

time: 946691136.704561
diff: 24.29543900489807
waiting
going to web site
Hello world	Thread-19467	3

time: 946691161.704561
diff: 31.29543900489807
waiting
going to web site
Hello world	Thread-19603	5

time: 946691193.7085611
diff: 17.291438937187195
waiting
going to web site
Hello world	Thread-19682	5

time: 946691211.6995599
diff: 24.300440073013306
waiting
going to web site
Hello world	Thread-19811	6

time: 946691237.699561
diff: 13.3004390001297
waiting
going to web site
Hello world	Thread-19871	5

time: 946691251.699561
diff: 24.3004390001297
waiting
going to web site
Hello world	Thread-19985	4

time: 946691276.7085611
diff: 8.291438937187195
waiting
going to web site
Hello world	Thread-20029	4

time: 946691285.6995599
diff: 20.300440073013306
waiting
going to web site
Hello world	Thread-20123	4

time: 946691306.699561
diff: 26.3004390001297
waiting
going to web site
Hello world	Thread-20255	7

time: 946691333.713817
diff: 19.2861829996109
waiting
going to web site
Hello world	Thread-20347	4

time: 946691353.6995599
diff: 18.300440073013306
waiting
going to web site
Hello world	Thread-20442	8

time: 946691372.699561
diff: 25.3004390001297
waiting
going to web site
Hello world	Thread-20577	7

time: 946691398.699561
diff: 27.3004390001297
waiting
going to web site
Hello world	Thread-20703	7

time: 946691426.699561
diff: 6.3004390001297
waiting
going to web site
Hello world	Thread-20739	6

time: 946691433.699561
diff: 30.3004390001297
waiting
going to web site
Hello world	Thread-20891	3

time: 946691464.699561
diff: 2.3004390001296997
waiting
going to web site
Hello world	Thread-20902	5

time: 946691467.699561
diff: 28.3004390001297
waiting
going to web site
Hello world	Thread-21034	5

time: 946691496.699561
diff: 25.3004390001297
waiting
going to web site
Hello world	Thread-21159	5

time: 946691522.699561
diff: 12.3004390001297
waiting
going to web site
Hello world	Thread-21219	4

time: 946691535.709561
diff: 39.29043900966644
waiting
going to web site
Hello world	Thread-21399	6

time: 946691575.699561
diff: 25.3004390001297
waiting
going to web site
Hello world	Thread-21523	5

time: 946691601.699561
diff: 20.3004390001297
waiting
going to web site
Hello world	Thread-21614	6

time: 946691622.802193
diff: 15.19780695438385
waiting
going to web site
Hello world	Thread-21687	5

time: 946691638.812192
diff: 25.1878080368042
waiting
going to web site
Hello world	Thread-21800	2

time: 946691664.8031449
diff: 24.196855068206787
waiting
going to web site
Hello world	Thread-21908	5

time: 946691689.806193
diff: 22.193807005882263
waiting
going to web site
Hello world	Thread-22016	4

time: 946691712.7971929
diff: 11.202807068824768
waiting
going to web site
Hello world	Thread-22067	2

time: 946691724.802193
diff: 33.19780695438385
waiting
going to web site
Hello world	Thread-22210	4

time: 946691758.797192
diff: 14.202808022499084
waiting
going to web site
Hello world	Thread-22280	4

time: 946691773.8031449
diff: 21.196855068206787
waiting
going to web site
Hello world	Thread-22376	3

time: 946691795.802193
diff: 22.19780695438385
waiting
going to web site
Hello world	Thread-22474	4

time: 946691818.802192
diff: 23.197808027267456
waiting
going to web site
Hello world	Thread-22576	6

time: 946691842.7971929
diff: 20.202807068824768
waiting
going to web site
Hello world	Thread-22671	2

time: 946691863.8031449
diff: 23.196855068206787
waiting
going to web site
Hello world	Thread-22780	3

time: 946691887.802193
diff: 21.19780695438385
waiting
going to web site
Hello world	Thread-22870	4

time: 946691909.802192
diff: 29.197808027267456
waiting
going to web site
Hello world	Thread-23004	6

time: 946691939.802193
diff: 9.19780695438385
waiting
going to web site
Hello world	Thread-23058	5

time: 946691949.8031449
diff: 35.19685506820679
waiting
going to web site
Hello world	Thread-23229	4

time: 946691985.7971929
diff: 17.202807068824768
waiting
going to web site
Hello world	Thread-23314	5

time: 946692003.8031449
diff: 6.196855068206787
waiting
going to web site
Hello world	Thread-23344	5

time: 946692010.8031449
diff: 31.196855068206787
waiting
going to web site
Hello world	Thread-23497	5

time: 946692042.7971929
diff: 4.202807068824768
waiting
going to web site
Hello world	Thread-23525	3

time: 946692047.8031449
diff: 21.196855068206787
waiting
going to web site
Hello world	Thread-23629	6

time: 946692069.7971929
diff: 19.202807068824768
waiting
going to web site
Hello world	Thread-23727	5

time: 946692089.8001931
diff: 18.199806928634644
waiting
going to web site
Hello world	Thread-23807	4

time: 946692108.797192
diff: 22.202808022499084
waiting
going to web site
Hello world	Thread-23923	4

time: 946692131.7971929
diff: 17.202807068824768
waiting
going to web site
Hello world	Thread-24010	4

time: 946692149.802193
diff: 37.19780695438385
waiting
going to web site
Hello world	Thread-24181	5

time: 946692187.802192
diff: 14.197808027267456
waiting
going to web site
Hello world	Thread-24246	3

time: 946692202.802193
diff: 33.19780695438385
waiting
going to web site
Hello world	Thread-24402	5

time: 946692236.7205839
diff: 32.27941608428955
waiting
going to web site
Hello world	Thread-24555	4

time: 946692269.720585
diff: 17.279415011405945
waiting
going to web site
Hello world	Thread-24637	3

time: 946692287.732585
diff: 14.267415046691895
waiting
going to web site
Hello world	Thread-24705	6

time: 946692302.728585
diff: 23.27141499519348
waiting
going to web site
Hello world	Thread-24812	3

time: 946692326.7205839
diff: 34.27941608428955
waiting
going to web site
Hello world	Thread-24959	5

time: 946692361.729585
diff: 15.27041494846344
waiting
going to web site
Hello world	Thread-25030	5

time: 946692377.7205839
diff: 22.27941608428955
waiting
going to web site
Hello world	Thread-25124	5

time: 946692400.720585
diff: 25.279415011405945
waiting
going to web site
Hello world	Thread-25232	5

time: 946692426.729585
diff: 17.27041494846344
waiting
going to web site
Hello world	Thread-25309	3

time: 946692444.732325
diff: 28.267675042152405
waiting
going to web site
Hello world	Thread-25432	6

time: 946692473.729585
diff: 14.27041494846344
waiting
going to web site
Hello world	Thread-25494	3

time: 946692488.7205839
diff: 18.27941608428955
waiting
going to web site
Hello world	Thread-25565	5

time: 946692507.732585
diff: 25.267415046691895
waiting
going to web site
Hello world	Thread-25676	5

time: 946692533.732585
diff: 24.267415046691895
waiting
going to web site
Hello world	Thread-25784	6

time: 946692558.720585
diff: 30.279415011405945
waiting
going to web site
Hello world	Thread-25920	5

time: 946692589.729585
diff: 29.27041494846344
waiting
going to web site
Hello world	Thread-26047	6

time: 946692619.7205839
diff: 15.27941608428955
waiting
going to web site
Hello world	Thread-26109	3

time: 946692635.732325
diff: 19.267675042152405
waiting
going to web site
Hello world	Thread-26191	2

time: 946692655.732585
diff: 19.267415046691895
waiting
going to web site
Hello world	Thread-26264	5

