time: 946686600.0
diff: 46.0
waiting
going to web site
Hello world	Thread-197	6

time: 946686646.5167559
diff: 1.4832440614700317
waiting
going to web site
Hello world	Thread-209	3

time: 946686648.528757
diff: -0.5287569761276245
going to web site
Hello world	Thread-211	2

time: 946686649.0455129
diff: -1.0455129146575928
going to web site
Hello world	Thread-215	3

time: 946686649.563269
diff: -1.563269019126892
going to web site
Hello world	Thread-217	2

time: 946686650.080025
diff: -2.0800249576568604
going to web site
Hello world	Thread-219	2

time: 946686650.599781
diff: -1.5997810363769531
going to web site
Hello world	Thread-220	2

time: 946686651.116537
diff: -1.1165369749069214
going to web site
Hello world	Thread-222	2

time: 946686651.633293
diff: -1.6332930326461792
going to web site
Hello world	Thread-224	2

time: 946686652.150049
diff: 3.8499510288238525
waiting
going to web site
Hello world	Thread-241	5

time: 946686656.516757
diff: -0.5167570114135742
going to web site
Hello world	Thread-246	2

time: 946686657.041513
diff: -0.04151296615600586
going to web site
Hello world	Thread-251	3

time: 946686657.559269
diff: -0.5592689514160156
going to web site
Hello world	Thread-252	2

time: 946686658.076025
diff: -1.0760250091552734
going to web site
Hello world	Thread-256	3

time: 946686658.593781
diff: -1.5937809944152832
going to web site
Hello world	Thread-257	3

time: 946686659.1190009
diff: -1.1190009117126465
going to web site
Hello world	Thread-264	2

time: 946686659.636757
diff: -1.6367570161819458
going to web site
Hello world	Thread-268	2

time: 946686660.153513
diff: -2.153512954711914
going to web site
Hello world	Thread-273	2

time: 946686660.688135
diff: -2.688135027885437
going to web site
Hello world	Thread-277	2

time: 946686661.204891
diff: -2.2048909664154053
going to web site
Hello world	Thread-278	2

time: 946686661.721647
diff: 3.278352975845337
waiting
going to web site
Hello world	Thread-292	6

time: 946686665.5167559
diff: -0.5167559385299683
going to web site
Hello world	Thread-299	5

time: 946686666.0335119
diff: -0.03351187705993652
going to web site
Hello world	Thread-305	3

time: 946686666.555843
diff: -0.5558429956436157
going to web site
Hello world	Thread-310	3

time: 946686667.073599
diff: -1.0735989809036255
going to web site
Hello world	Thread-317	3

time: 946686667.619355
diff: -1.6193549633026123
going to web site
Hello world	Thread-319	5

time: 946686668.139111
diff: -2.139111042022705
going to web site
Hello world	Thread-325	2

time: 946686668.655867
diff: -2.6558669805526733
going to web site
Hello world	Thread-327	2

time: 946686669.1726229
diff: -3.1726229190826416
going to web site
Hello world	Thread-330	2

time: 946686669.689379
diff: -3.6893789768218994
going to web site
Hello world	Thread-332	2

time: 946686670.206135
diff: -3.2061350345611572
going to web site
Hello world	Thread-337	3

time: 946686670.7248911
diff: -3.7248910665512085
going to web site
Hello world	Thread-339	2

time: 946686671.2506471
diff: -4.250647068023682
going to web site
Hello world	Thread-345	2

time: 946686671.769403
diff: -4.769402980804443
going to web site
Hello world	Thread-348	2

time: 946686672.298117
diff: -5.29811704158783
going to web site
Hello world	Thread-355	2

time: 946686672.817873
diff: -5.817873001098633
going to web site
Hello world	Thread-357	3

time: 946686673.340629
diff: -6.340628981590271
going to web site
Hello world	Thread-362	2

time: 946686673.866385
diff: -3.866384983062744
going to web site
Hello world	Thread-366	6

time: 946686674.3861411
diff: -4.386141061782837
going to web site
Hello world	Thread-373	4

time: 946686674.914897
diff: -4.9148969650268555
going to web site
Hello world	Thread-379	5

time: 946686675.439653
diff: -5.439653038978577
going to web site
Hello world	Thread-385	4

time: 946686675.956409
diff: -5.956408977508545
going to web site
Hello world	Thread-388	7

time: 946686676.475165
diff: -6.475165009498596
going to web site
Hello world	Thread-395	4

time: 946686676.996921
diff: -2.996920943260193
going to web site
Hello world	Thread-399	6

time: 946686677.5156771
diff: -3.5156770944595337
going to web site
Hello world	Thread-405	5

time: 946686678.041433
diff: -4.041432976722717
going to web site
Hello world	Thread-410	5

time: 946686678.5621891
diff: -3.5621891021728516
going to web site
Hello world	Thread-413	2

time: 946686679.085945
diff: -4.085945010185242
going to web site
Hello world	Thread-418	4

time: 946686679.6027011
diff: -3.6027010679244995
going to web site
Hello world	Thread-420	3

time: 946686680.119457
diff: -4.119457006454468
going to web site
Hello world	Thread-427	3

time: 946686680.6472131
diff: -4.647213101387024
going to web site
Hello world	Thread-429	2

time: 946686681.163969
diff: -4.163969039916992
going to web site
Hello world	Thread-436	2

time: 946686681.6941351
diff: -4.694135069847107
going to web site
Hello world	Thread-437	2

time: 946686682.210891
diff: -5.210891008377075
going to web site
Hello world	Thread-441	2

time: 946686682.734647
diff: -4.734647035598755
going to web site
Hello world	Thread-443	2

time: 946686683.256403
diff: -5.256402969360352
going to web site
Hello world	Thread-448	2

time: 946686683.773159
diff: -5.773159027099609
going to web site
Hello world	Thread-449	3

time: 946686684.304376
diff: -1.3043760061264038
going to web site
Hello world	Thread-454	3

time: 946686684.831132
diff: -0.8311320543289185
going to web site
Hello world	Thread-458	2

time: 946686685.3528881
diff: -0.3528881072998047
going to web site
Hello world	Thread-462	2

time: 946686685.869644
diff: 1.130355954170227
waiting
going to web site
Hello world	Thread-473	4

time: 946686687.5167559
diff: 3.4832440614700317
waiting
going to web site
Hello world	Thread-496	4

time: 946686691.5257571
diff: 23.47424292564392
waiting
going to web site
Hello world	Thread-565	3

time: 946686715.522756
diff: -0.5227559804916382
going to web site
Hello world	Thread-567	3

time: 946686716.047914
diff: 1.9520859718322754
waiting
going to web site
Hello world	Thread-571	2

time: 946686718.5167559
diff: 1.4832440614700317
waiting
going to web site
Hello world	Thread-572	2

time: 946686720.516757
diff: 4.483242988586426
waiting
going to web site
Hello world	Thread-573	2

time: 946686725.5167559
diff: 0.48324406147003174
waiting
going to web site
Hello world	Thread-17	2

time: 946686726.5257571
diff: 3.474242925643921
waiting
going to web site
Hello world	Thread-578	2

time: 946686730.5167559
diff: 0.48324406147003174
waiting
going to web site
Hello world	Thread-579	2

time: 946686731.516757
diff: 1.4832429885864258
waiting
going to web site
Hello world	Thread-580	2

time: 946686733.5167559
diff: -0.5167559385299683
going to web site
Hello world	Thread-581	2

time: 946686734.0335119
diff: -1.0335118770599365
going to web site
Hello world	Thread-582	2

time: 946686734.550268
diff: -1.5502680540084839
going to web site
Hello world	Thread-583	2

time: 946686735.067024
diff: -0.06702399253845215
going to web site
Hello world	Thread-584	2

time: 946686735.5837799
diff: 0.4162200689315796
waiting
going to web site
Hello world	Thread-585	2

time: 946686736.516757
diff: 11.483242988586426
waiting
going to web site
Hello world	Thread-591	2

time: 946686748.5197561
diff: -0.5197560787200928
going to web site
Hello world	Thread-592	2

time: 946686749.040512
diff: 1.959488034248352
waiting
going to web site
Hello world	Thread-594	2

time: 946686751.516757
diff: 0.4832429885864258
waiting
going to web site
Hello world	Thread-595	2

time: 946686752.5167559
diff: -0.5167559385299683
going to web site
Hello world	Thread-596	2

time: 946686753.0335119
diff: -0.03351187705993652
going to web site
Hello world	Thread-597	2

time: 946686753.550268
diff: 0.4497319459915161
waiting
going to web site
Hello world	Thread-598	2

time: 946686754.5167559
diff: 3.4832440614700317
waiting
going to web site
Hello world	Thread-600	2

time: 946686758.516757
diff: 0.4832429885864258
waiting
going to web site
Hello world	Thread-602	4

time: 946686759.5167559
diff: 5.483244061470032
waiting
going to web site
Hello world	Thread-605	2

time: 946686765.516757
diff: 66.48324298858643
waiting
