time: 946686600.0
diff: 0.0
going to web site
Hello world	Thread-160	5

time: 946686751.821879
diff: -31.821879029273987
going to web site
Hello world	Thread-166	5

time: 946686752.4025351
diff: 87.59746491909027
waiting
going to web site
Hello world	Thread-403	4

time: 946686960.8414841
diff: -0.8414840698242188
going to web site
Hello world	Thread-409	4

time: 946686961.42214
diff: 119.57785999774933
waiting
going to web site
Hello world	Thread-560	6

time: 946687088.60051
diff: 52.399489998817444
waiting
going to web site
Hello world	Thread-714	2

time: 946687261.898726
diff: -60.89872598648071
going to web site
Hello world	Thread-720	8

time: 946687262.482382
diff: -1.48238205909729
going to web site
Hello world	Thread-733	2

time: 946687263.074038
diff: 117.92596197128296
waiting
going to web site
Hello world	Thread-903	4

time: 946687388.590656
diff: 52.409343957901
waiting
going to web site
Hello world	Thread-940	7

time: 946687442.600466
diff: 119.39953398704529
waiting
going to web site
Hello world	Thread-1109	3

time: 946687569.590656
diff: 52.409343957901
waiting
going to web site
Hello world	Thread-1180	5

time: 946687629.590656
diff: 112.409343957901
waiting
going to web site
Hello world	Thread-1253	6

time: 946687742.585656
diff: 59.41434395313263
waiting
going to web site
Hello world	Thread-1379	4

time: 946687809.590656
diff: 112.409343957901
waiting
going to web site
Hello world	Thread-1498	4

time: 946687925.580656
diff: 56.41934394836426
waiting
going to web site
Hello world	Thread-1571	3

time: 946687985.590656
diff: 57.409343957901
waiting
going to web site
Hello world	Thread-1746	8

time: 946688163.939441
diff: -60.939440965652466
going to web site
Hello world	Thread-1754	8

time: 946688164.5340971
diff: 58.46590292453766
waiting
going to web site
Hello world	Thread-1921	7

time: 946688343.975876
diff: -60.97587597370148
going to web site
Hello world	Thread-1929	5

time: 946688344.569532
diff: -1.569532036781311
going to web site
Hello world	Thread-1941	3

