time: 946686600.0
diff: 0.0
going to web site
Hello world	Thread-37	7

time: 946686631.669364
diff: 28.330636024475098
waiting
going to web site
Hello world	Thread-47	4

time: 946686660.667365
diff: 119.33263504505157
waiting
going to web site
Hello world	Thread-135	6

time: 946686787.668364
diff: 52.33163595199585
waiting
going to web site
Hello world	Thread-145	6

time: 946686840.6587939
diff: 59.341206073760986
waiting
going to web site
Hello world	Thread-182	6

time: 946686901.678795
diff: 118.32120501995087
waiting
going to web site
Hello world	Thread-244	4

time: 946687020.658365
diff: 60.34163498878479
waiting
going to web site
Hello world	Thread-300	6

time: 946687096.667364
diff: 104.33263599872589
waiting
going to web site
Hello world	Thread-342	2

time: 946687201.675449
diff: 119.32455098628998
waiting
going to web site
Hello world	Thread-418	5

time: 946687324.658364
diff: 56.341635942459106
waiting
going to web site
Hello world	Thread-438	3

time: 946687381.6663641
diff: 119.33363592624664
waiting
going to web site
Hello world	Thread-503	2

time: 946687501.6667511
diff: 59.33324885368347
waiting
going to web site
Hello world	Thread-550	3

time: 946687564.658365
diff: 117.34163498878479
waiting
going to web site
Hello world	Thread-629	5

time: 946687697.659364
diff: 104.34063601493835
waiting
going to web site
Hello world	Thread-676	5

time: 946687805.656908
diff: 56.34309196472168
waiting
going to web site
Hello world	Thread-698	7

time: 946687862.646908
diff: 59.35309195518494
waiting
going to web site
Hello world	Thread-751	7

time: 946687925.655909
diff: 116.3440910577774
waiting
going to web site
Hello world	Thread-806	4

time: 946688043.6589091
diff: 118.34109091758728
waiting
going to web site
Hello world	Thread-865	4

time: 946688162.655909
diff: 119.3440910577774
waiting
going to web site
Hello world	Thread-930	2

time: 946688282.646909
diff: 60.35309100151062
waiting
going to web site
Hello world	Thread-980	4

