time: 946686600.0
diff: 0.0
going to web site
Hello world	Thread-106	7

time: 946686723.806921
diff: -63.80692100524902
going to web site
Hello world	Thread-113	5

time: 946686724.3915771
diff: 55.60842287540436
waiting
going to web site
Hello world	Thread-190	6

time: 946686783.590656
diff: 56.409343957901
waiting
going to web site
Hello world	Thread-235	4

time: 946686840.5914301
diff: 119.40856993198395
waiting
going to web site
Hello world	Thread-432	6

time: 946686963.5896561
diff: 56.41034388542175
waiting
going to web site
Hello world	Thread-474	6

time: 946687020.580656
diff: 120.41934394836426
waiting
going to web site
Hello world	Thread-639	5

time: 946687156.590656
diff: 104.409343957901
waiting
going to web site
Hello world	Thread-725	3

time: 946687262.594434
diff: 58.40556597709656
waiting
going to web site
Hello world	Thread-850	2

time: 946687336.590656
diff: 104.409343957901
waiting
going to web site
Hello world	Thread-942	5

time: 946687442.610426
diff: 118.38957405090332
waiting
going to web site
Hello world	Thread-1090	4

time: 946687564.5896571
diff: 56.41034293174744
waiting
going to web site
Hello world	Thread-1174	5

time: 946687628.5896561
diff: 53.41034388542175
waiting
going to web site
Hello world	Thread-1328	3

time: 946687802.922312
diff: -60.92231202125549
going to web site
Hello world	Thread-1334	8

time: 946687803.514968
diff: -1.5149680376052856
going to web site
Hello world	Thread-1348	2

time: 946687804.107268
diff: 117.89273202419281
waiting
going to web site
Hello world	Thread-1510	5

time: 946687929.590656
diff: 52.409343957901
waiting
going to web site
Hello world	Thread-1533	5

time: 946687982.588656
diff: 59.411344051361084
waiting
going to web site
Hello world	Thread-1653	7

time: 946688049.5896571
diff: 53.41034293174744
waiting
going to web site
Hello world	Thread-1723	5

time: 946688118.590656
diff: 44.409343957901
waiting
going to web site
Hello world	Thread-1758	5

time: 946688164.5911491
diff: 58.40885090827942
waiting
going to web site
Hello world	Thread-1854	3

time: 946688254.590656
diff: 28.409343957901
waiting
going to web site
Hello world	Thread-1910	3

time: 946688314.590656
diff: 28.409343957901
waiting
going to web site
Hello world	Thread-1983	3

