time: 946686600.0
diff: 16.0
waiting
going to web site
Hello world	Thread-3	3

time: 946686616.5350641
diff: 8.464935898780823
waiting
going to web site
Hello world	Thread-8	2

time: 946686625.52983
diff: 33.47017002105713
waiting
going to web site
Hello world	Thread-29	2

time: 946686659.526065
diff: 17.47393500804901
waiting
going to web site
Hello world	Thread-47	2

time: 946686677.536065
diff: 10.463935017585754
waiting
going to web site
Hello world	Thread-56	3

time: 946686688.5350649
diff: 23.464935064315796
waiting
going to web site
Hello world	Thread-95	4

time: 946686712.526065
diff: 10.473935008049011
waiting
going to web site
Hello world	Thread-116	4

time: 946686723.544065
diff: 19.45593500137329
waiting
going to web site
Hello world	Thread-154	5

time: 946686743.536065
diff: 19.463935017585754
waiting
going to web site
Hello world	Thread-193	4

time: 946686763.543065
diff: 7.4569350481033325
waiting
going to web site
Hello world	Thread-929	4

time: 946686771.542549
diff: -0.5425490140914917
going to web site
Hello world	Thread-931	3

time: 946686772.0686129
diff: 1.9313870668411255
waiting
going to web site
Hello world	Thread-234	4

time: 946686774.536065
diff: 2.4639350175857544
waiting
going to web site
Hello world	Thread-956	5

time: 946686777.5270649
diff: 6.472935080528259
waiting
going to web site
Hello world	Thread-995	7

time: 946686784.5491011
diff: 1.4508988857269287
waiting
going to web site
Hello world	Thread-1005	5

time: 946686786.5345191
diff: 4.465480923652649
waiting
going to web site
Hello world	Thread-1021	3

time: 946686791.5350641
diff: 3.4649358987808228
waiting
going to web site
Hello world	Thread-1033	4

time: 946686795.526064
diff: 0.47393596172332764
waiting
going to web site
Hello world	Thread-1037	3

time: 946686796.526064
diff: 0.47393596172332764
waiting
going to web site
Hello world	Thread-1040	4

time: 946686797.526064
diff: 0.47393596172332764
waiting
going to web site
Hello world	Thread-1045	3

time: 946686798.526064
diff: 0.47393596172332764
waiting
going to web site
Hello world	Thread-1047	3

time: 946686799.5330639
diff: 1.4669361114501953
waiting
going to web site
Hello world	Thread-1052	4

time: 946686801.544065
diff: 0.455935001373291
waiting
going to web site
Hello world	Thread-1056	4

time: 946686802.542145
diff: 0.4578549861907959
waiting
going to web site
Hello world	Thread-1060	4

time: 946686803.5470649
diff: -0.5470649003982544
going to web site
Hello world	Thread-1064	4

time: 946686804.0731289
diff: -0.07312893867492676
going to web site
Hello world	Thread-1068	4

time: 946686804.599193
diff: 0.4008070230484009
waiting
going to web site
Hello world	Thread-1073	7

time: 946686805.5412899
diff: -0.5412899255752563
going to web site
Hello world	Thread-1080	4

time: 946686806.073354
diff: -0.07335400581359863
going to web site
Hello world	Thread-321	4

time: 946686806.607418
diff: -0.6074179410934448
going to web site
Hello world	Thread-1088	3

time: 946686807.133482
diff: -0.1334819793701172
going to web site
Hello world	Thread-1094	7

time: 946686807.659546
diff: 1.3404539823532104
waiting
going to web site
Hello world	Thread-1110	6

time: 946686809.534064
diff: 19.465935945510864
waiting
going to web site
Hello world	Thread-390	4

time: 946686829.5350641
diff: 5.464935898780823
waiting
going to web site
Hello world	Thread-1265	2

time: 946686835.5350641
diff: 6.464935898780823
waiting
going to web site
Hello world	Thread-1294	5

time: 946686842.5350641
diff: 0.46493589878082275
waiting
going to web site
Hello world	Thread-1300	5

time: 946686843.5350641
diff: 4.464935898780823
waiting
going to web site
Hello world	Thread-1319	3

time: 946686848.537064
diff: 5.462936043739319
waiting
going to web site
Hello world	Thread-475	3

time: 946686854.544065
diff: 24.45593500137329
waiting
going to web site
Hello world	Thread-558	7

time: 946686879.542272
diff: 30.457728028297424
waiting
going to web site
Hello world	Thread-676	4

time: 946686910.549749
diff: 20.45025098323822
waiting
going to web site
Hello world	Thread-757	7

time: 946686931.530417
diff: 17.46958303451538
waiting
going to web site
Hello world	Thread-844	6

time: 946686949.544065
diff: 18.45593500137329
waiting
going to web site
Hello world	Thread-928	5

time: 946686968.541065
diff: 19.458935022354126
waiting
going to web site
Hello world	Thread-1020	6

time: 946686988.533065
diff: 42.46693503856659
waiting
going to web site
Hello world	Thread-1225	5

time: 946687031.540065
diff: 17.459934949874878
waiting
going to web site
Hello world	Thread-1313	5

time: 946687049.528065
diff: 8.471935033798218
waiting
going to web site
Hello world	Thread-1343	7

time: 946687058.550065
diff: 26.44993495941162
waiting
going to web site
Hello world	Thread-1469	7

time: 946687085.526064
diff: 22.473935961723328
waiting
going to web site
Hello world	Thread-1570	7

time: 946687108.5350641
diff: 25.464935898780823
waiting
going to web site
Hello world	Thread-1680	7

time: 946687134.5270641
diff: 26.472935914993286
waiting
going to web site
Hello world	Thread-1799	5

time: 946687161.526064
diff: 32.47393596172333
waiting
going to web site
Hello world	Thread-1928	6

time: 946687194.5350641
diff: 8.464935898780823
waiting
going to web site
Hello world	Thread-1965	4

time: 946687203.526064
diff: 23.473935961723328
waiting
going to web site
Hello world	Thread-2076	4

time: 946687227.832832
diff: 20.167168021202087
waiting
going to web site
Hello world	Thread-2170	5

time: 946687251.849833
diff: 11.150166988372803
waiting
going to web site
Hello world	Thread-2226	4

time: 946687263.836832
diff: 22.16316795349121
waiting
going to web site
Hello world	Thread-2336	6

time: 946687286.8398321
diff: 23.160167932510376
waiting
going to web site
Hello world	Thread-2437	5

time: 946687310.832832
diff: 20.167168021202087
waiting
going to web site
Hello world	Thread-2534	6

time: 946687332.84848
diff: 29.151520013809204
waiting
going to web site
Hello world	Thread-2666	3

time: 946687362.841833
diff: 27.158167004585266
waiting
going to web site
Hello world	Thread-2791	4

time: 946687390.841833
diff: 16.158167004585266
waiting
going to web site
Hello world	Thread-2860	5

time: 946687407.841833
diff: 19.158167004585266
waiting
going to web site
Hello world	Thread-2952	2

time: 946687427.845833
diff: 20.15416705608368
waiting
going to web site
Hello world	Thread-3039	3

time: 946687448.844833
diff: 25.15516698360443
waiting
going to web site
Hello world	Thread-3158	2

time: 946687474.8418319
diff: 27.158168077468872
waiting
going to web site
Hello world	Thread-3281	5

time: 946687502.832833
diff: 21.16716694831848
waiting
going to web site
Hello world	Thread-3375	4

time: 946687524.832832
diff: 32.16716802120209
waiting
going to web site
Hello world	Thread-3519	3

time: 946687557.841833
diff: 25.158167004585266
waiting
going to web site
Hello world	Thread-3635	3

time: 946687583.841833
diff: 12.158167004585266
waiting
going to web site
Hello world	Thread-3683	5

time: 946687596.841833
diff: 10.158167004585266
waiting
going to web site
Hello world	Thread-3737	4

time: 946687608.841833
diff: 25.158167004585266
waiting
going to web site
Hello world	Thread-3854	5

time: 946687634.832833
diff: 26.16716694831848
waiting
going to web site
Hello world	Thread-3971	5

time: 946687661.832832
diff: 7.167168021202087
waiting
going to web site
Hello world	Thread-4009	2

time: 946687670.860833
diff: 26.139166951179504
waiting
going to web site
Hello world	Thread-4131	5

time: 946687697.836832
diff: 22.16316795349121
waiting
going to web site
Hello world	Thread-4228	4

time: 946687720.832832
diff: 14.167168021202087
waiting
going to web site
Hello world	Thread-4296	4

time: 946687735.841833
diff: 25.158167004585266
waiting
going to web site
Hello world	Thread-4407	4

time: 946687761.841833
diff: 17.158167004585266
waiting
going to web site
Hello world	Thread-4495	4

time: 946687779.841833
diff: 30.158167004585266
waiting
going to web site
Hello world	Thread-4639	2

time: 946687811.841833
diff: 20.158167004585266
waiting
going to web site
Hello world	Thread-4731	6

time: 946687832.543065
diff: 32.45693504810333
waiting
going to web site
Hello world	Thread-4873	7

time: 946687865.540065
diff: 16.459934949874878
waiting
going to web site
Hello world	Thread-4956	4

time: 946687882.535256
diff: 17.464743971824646
waiting
going to web site
Hello world	Thread-5039	7

time: 946687900.5350641
diff: 9.464935898780823
waiting
going to web site
Hello world	Thread-5078	7

time: 946687910.536064
diff: 14.46393597126007
waiting
going to web site
Hello world	Thread-5156	4

time: 946687925.528064
diff: 34.471935987472534
waiting
going to web site
Hello world	Thread-5319	4

time: 946687960.5350641
diff: 25.464935898780823
waiting
going to web site
Hello world	Thread-5444	5

time: 946687986.5350641
diff: 27.464935898780823
waiting
going to web site
Hello world	Thread-5572	7

time: 946688014.5350641
diff: 5.464935898780823
waiting
going to web site
Hello world	Thread-5595	6

time: 946688020.5350641
diff: 30.464935898780823
waiting
going to web site
Hello world	Thread-5734	6

time: 946688051.530041
diff: 30.469959020614624
waiting
going to web site
Hello world	Thread-5878	5

time: 946688082.544153
diff: 26.455847024917603
waiting
going to web site
Hello world	Thread-5993	6

time: 946688109.543065
diff: 14.456935048103333
waiting
going to web site
Hello world	Thread-6056	6

time: 946688124.539065
diff: 39.46093499660492
waiting
going to web site
Hello world	Thread-6223	6

time: 946688164.533065
diff: 17.46693503856659
waiting
going to web site
Hello world	Thread-6301	7

time: 946688182.533065
diff: 22.46693503856659
waiting
going to web site
Hello world	Thread-6407	4

time: 946688205.529065
diff: 18.470934987068176
waiting
going to web site
Hello world	Thread-6492	7

time: 946688224.534064
diff: 22.465935945510864
waiting
going to web site
Hello world	Thread-6590	7

time: 946688247.5350641
diff: 9.464935898780823
waiting
going to web site
Hello world	Thread-6632	4

time: 946688257.526064
diff: 30.473935961723328
waiting
going to web site
Hello world	Thread-6771	4

time: 946688288.526064
diff: 16.473935961723328
waiting
going to web site
Hello world	Thread-6844	4

time: 946688305.5350641
diff: 12.464935898780823
waiting
going to web site
Hello world	Thread-6904	6

time: 946688318.5350641
diff: 25.464935898780823
waiting
going to web site
Hello world	Thread-7010	4

time: 946688344.526064
diff: 20.473935961723328
waiting
going to web site
Hello world	Thread-7107	3

time: 946688365.526064
diff: 18.473935961723328
waiting
going to web site
Hello world	Thread-7194	7

time: 946688384.5270641
diff: 20.472935914993286
waiting
going to web site
Hello world	Thread-7287	7

time: 946688405.5350641
diff: 26.464935898780823
waiting
going to web site
Hello world	Thread-7410	3

time: 946688432.832832
diff: 28.167168021202087
waiting
going to web site
Hello world	Thread-7540	5

time: 946688461.841833
diff: 34.158167004585266
waiting
going to web site
Hello world	Thread-7692	4

time: 946688496.832833
diff: 27.16716694831848
waiting
going to web site
Hello world	Thread-7818	2

time: 946688524.836832
diff: 23.16316795349121
waiting
going to web site
Hello world	Thread-7917	2

time: 946688548.836832
diff: 20.16316795349121
waiting
going to web site
Hello world	Thread-8016	5

time: 946688569.832832
diff: 27.167168021202087
waiting
going to web site
Hello world	Thread-8136	2

time: 946688597.832833
diff: 13.167166948318481
waiting
going to web site
Hello world	Thread-8199	5

time: 946688611.832832
diff: 36.16716802120209
waiting
going to web site
Hello world	Thread-8358	2

time: 946688649.841833
diff: 16.158167004585266
waiting
going to web site
Hello world	Thread-8439	3

time: 946688666.841833
diff: 22.158167004585266
waiting
going to web site
Hello world	Thread-8532	2

time: 946688689.845833
diff: 18.15416705608368
waiting
going to web site
Hello world	Thread-8604	2

time: 946688708.845833
diff: 33.15416705608368
waiting
going to web site
Hello world	Thread-8740	2

time: 946688742.832833
diff: 19.16716694831848
waiting
going to web site
Hello world	Thread-8819	2

time: 946688762.832832
diff: 27.167168021202087
waiting
going to web site
Hello world	Thread-8923	3

time: 946688790.841833
diff: 3.158167004585266
waiting
going to web site
Hello world	Thread-8944	3

time: 946688795.841833
diff: 21.158167004585266
waiting
going to web site
Hello world	Thread-9038	2

time: 946688817.8378329
diff: 30.162167072296143
waiting
going to web site
Hello world	Thread-9170	4

time: 946688848.841833
diff: 30.158167004585266
waiting
going to web site
Hello world	Thread-9300	3

time: 946688879.832833
diff: 11.167166948318481
waiting
going to web site
Hello world	Thread-9354	6

time: 946688891.832832
diff: 27.167168021202087
waiting
going to web site
Hello world	Thread-9470	5

time: 946688919.832833
diff: 7.1671669483184814
waiting
going to web site
Hello world	Thread-9505	4

time: 946688927.832832
diff: 25.167168021202087
waiting
going to web site
Hello world	Thread-9620	4

time: 946688953.845833
diff: 13.15416705608368
waiting
going to web site
Hello world	Thread-9692	4

time: 946688968.841833
diff: 8.158167004585266
waiting
going to web site
Hello world	Thread-9735	2

time: 946688977.842277
diff: 25.15772294998169
waiting
going to web site
Hello world	Thread-9856	5

time: 946689003.832832
diff: 25.167168021202087
waiting
going to web site
Hello world	Thread-9982	2

time: 946689030.860833
diff: 24.139166951179504
waiting
going to web site
Hello world	Thread-10086	6

time: 946689055.832832
diff: 16.167168021202087
waiting
going to web site
Hello world	Thread-10176	3

time: 946689073.851833
diff: 27.14816701412201
waiting
going to web site
Hello world	Thread-10306	2

time: 946689102.841833
diff: 21.158167004585266
waiting
going to web site
Hello world	Thread-10414	5

time: 946689124.841833
diff: 16.158167004585266
waiting
going to web site
Hello world	Thread-10496	5

time: 946689141.832833
diff: 29.16716694831848
waiting
going to web site
Hello world	Thread-10634	3

time: 946689171.832832
diff: 5.167168021202087
waiting
going to web site
Hello world	Thread-10668	2

time: 946689178.844833
diff: 24.15516698360443
waiting
going to web site
Hello world	Thread-10794	4

time: 946689203.836832
diff: 10.163167953491211
waiting
going to web site
Hello world	Thread-10843	4

time: 946689214.836832
diff: 40.16316795349121
waiting
going to web site
Hello world	Thread-11042	5

time: 946689255.836832
diff: 21.16316795349121
waiting
going to web site
Hello world	Thread-11140	5

time: 946689277.832832
diff: 12.167168021202087
waiting
going to web site
Hello world	Thread-11214	2

time: 946689291.841833
diff: 20.158167004585266
waiting
going to web site
Hello world	Thread-11313	2

time: 946689312.841833
diff: 11.158167004585266
waiting
going to web site
Hello world	Thread-11368	4

time: 946689324.841833
diff: 26.158167004585266
waiting
going to web site
Hello world	Thread-11494	3

time: 946689351.841833
diff: 28.158167004585266
waiting
going to web site
Hello world	Thread-11626	4

time: 946689380.841833
diff: 16.158167004585266
waiting
going to web site
Hello world	Thread-11718	4

time: 946689398.841833
diff: 24.158167004585266
waiting
going to web site
Hello world	Thread-11824	4

time: 946689424.8588331
diff: 21.141166925430298
waiting
going to web site
Hello world	Thread-11924	3

time: 946689447.832832
diff: 25.167168021202087
waiting
going to web site
Hello world	Thread-12060	3

time: 946689474.858101
diff: 25.14189898967743
waiting
going to web site
Hello world	Thread-12174	4

time: 946689500.842832
diff: 22.15716803073883
waiting
going to web site
Hello world	Thread-12274	3

time: 946689523.841833
diff: 11.158167004585266
waiting
going to web site
Hello world	Thread-12331	4

time: 946689535.84604
diff: 21.15395998954773
waiting
going to web site
Hello world	Thread-12438	5

time: 946689557.832832
diff: 29.167168021202087
waiting
going to web site
Hello world	Thread-12577	2

time: 946689587.842833
diff: 7.157166957855225
waiting
going to web site
Hello world	Thread-12607	5

time: 946689595.832832
diff: 18.167168021202087
waiting
going to web site
Hello world	Thread-12682	3

time: 946689614.832833
diff: 19.16716694831848
waiting
going to web site
Hello world	Thread-12785	4

time: 946689634.832832
diff: 15.167168021202087
waiting
going to web site
Hello world	Thread-12860	3

time: 946689650.832833
diff: 27.16716694831848
waiting
going to web site
Hello world	Thread-12992	3

time: 946689678.9027761
diff: 26.0972238779068
waiting
going to web site
Hello world	Thread-13117	2

time: 946689705.910776
diff: 25.089223980903625
waiting
going to web site
Hello world	Thread-13260	2

time: 946689738.9027761
diff: 5.097223877906799
waiting
going to web site
Hello world	Thread-13288	2

time: 946689744.9027761
diff: 32.0972238779068
waiting
going to web site
Hello world	Thread-13439	2

time: 946689777.9027761
diff: 6.097223877906799
waiting
going to web site
Hello world	Thread-13469	2

time: 946689784.903776
diff: 34.09622395038605
waiting
going to web site
Hello world	Thread-13640	2

time: 946689819.9027761
diff: 23.0972238779068
waiting
going to web site
Hello world	Thread-13747	2

time: 946689843.910776
diff: 24.089223980903625
waiting
going to web site
Hello world	Thread-13872	2

time: 946689869.901776
diff: 31.09822404384613
waiting
going to web site
Hello world	Thread-14016	2

time: 946689901.9108081
diff: 21.089191913604736
waiting
going to web site
Hello world	Thread-14107	2

time: 946689923.918776
diff: 30.081223964691162
waiting
going to web site
Hello world	Thread-14250	2

time: 946689955.905777
diff: 6.0942230224609375
waiting
going to web site
Hello world	Thread-14285	2

time: 946689963.915777
diff: 18.08422303199768
waiting
going to web site
Hello world	Thread-14363	2

time: 946689982.9114009
diff: 27.0885990858078
waiting
going to web site
Hello world	Thread-14490	2

time: 946690010.910777
diff: 17.08922302722931
waiting
going to web site
Hello world	Thread-14569	2

time: 946690028.910777
diff: 31.08922302722931
waiting
going to web site
Hello world	Thread-14705	2

time: 946690060.910777
diff: 11.089223027229309
waiting
going to web site
Hello world	Thread-14752	2

time: 946690072.910777
diff: 26.08922302722931
waiting
going to web site
Hello world	Thread-14872	2

time: 946690099.910777
diff: 24.08922302722931
waiting
going to web site
Hello world	Thread-14976	2

time: 946690124.910777
diff: 19.08922302722931
waiting
going to web site
Hello world	Thread-15053	2

time: 946690144.901777
diff: 18.098222970962524
waiting
going to web site
Hello world	Thread-15142	2

time: 946690163.904776
diff: 34.095224022865295
waiting
going to web site
Hello world	Thread-15282	2

time: 946690198.910777
diff: 23.08922302722931
waiting
going to web site
Hello world	Thread-15388	2

time: 946690222.910777
diff: 18.08922302722931
waiting
going to web site
Hello world	Thread-15484	2

time: 946690242.919777
diff: 23.080222964286804
waiting
going to web site
Hello world	Thread-15592	2

time: 946690267.9027761
diff: 17.0972238779068
waiting
going to web site
Hello world	Thread-15664	3

time: 946690285.832832
diff: 27.167168021202087
waiting
going to web site
Hello world	Thread-15790	3

time: 946690313.832833
diff: 20.16716694831848
waiting
going to web site
Hello world	Thread-15874	4

time: 946690334.832832
diff: 21.167168021202087
waiting
going to web site
Hello world	Thread-15969	2

time: 946690356.832833
diff: 27.16716694831848
waiting
going to web site
Hello world	Thread-16090	4

time: 946690384.832832
diff: 18.167168021202087
waiting
going to web site
Hello world	Thread-16176	3

time: 946690403.841833
diff: 19.158167004585266
waiting
going to web site
Hello world	Thread-16261	2

time: 946690423.841833
diff: 15.158167004585266
waiting
going to web site
Hello world	Thread-16331	2

time: 946690439.832833
diff: 22.16716694831848
waiting
going to web site
Hello world	Thread-16431	2

time: 946690462.832832
diff: 21.167168021202087
waiting
going to web site
Hello world	Thread-16527	3

time: 946690484.832833
diff: 28.16716694831848
waiting
going to web site
Hello world	Thread-16656	4

time: 946690513.832832
diff: 19.167168021202087
waiting
going to web site
Hello world	Thread-16741	2

time: 946690533.841833
diff: 27.158167004585266
waiting
going to web site
Hello world	Thread-16865	4

time: 946690561.845833
diff: 28.15416705608368
waiting
going to web site
Hello world	Thread-16991	4

time: 946690590.832833
diff: 24.16716694831848
waiting
going to web site
Hello world	Thread-17094	3

time: 946690615.832832
diff: 18.167168021202087
waiting
going to web site
Hello world	Thread-17180	3

time: 946690634.841833
diff: 22.158167004585266
waiting
going to web site
Hello world	Thread-17275	2

time: 946690657.8424569
diff: 20.157543063163757
waiting
going to web site
Hello world	Thread-17363	3

time: 946690678.841833
diff: 19.158167004585266
waiting
going to web site
Hello world	Thread-17454	2

time: 946690698.841833
diff: 29.158167004585266
waiting
going to web site
Hello world	Thread-17579	2

time: 946690728.841833
diff: 26.158167004585266
waiting
going to web site
Hello world	Thread-17707	2

time: 946690756.842665
diff: 13.157335042953491
waiting
going to web site
Hello world	Thread-17775	2

time: 946690771.8418959
diff: 23.158104062080383
waiting
going to web site
Hello world	Thread-17878	2

time: 946690795.841833
diff: 29.158167004585266
waiting
going to web site
Hello world	Thread-18004	3

time: 946690825.845833
diff: 29.15416705608368
waiting
going to web site
Hello world	Thread-18125	2

time: 946690855.841833
diff: 18.158167004585266
waiting
going to web site
Hello world	Thread-18203	2

time: 946690874.841833
diff: 14.158167004585266
waiting
going to web site
Hello world	Thread-18274	4

time: 946690889.836833
diff: 16.163166999816895
waiting
going to web site
Hello world	Thread-18345	4

time: 946690906.832832
diff: 26.167168021202087
waiting
going to web site
Hello world	Thread-18459	4

time: 946690933.832833
diff: 23.16716694831848
waiting
going to web site
Hello world	Thread-18558	3

time: 946690957.832832
diff: 19.167168021202087
waiting
going to web site
Hello world	Thread-18648	2

time: 946690978.850864
diff: 20.149135947227478
waiting
going to web site
Hello world	Thread-18742	5

time: 946690999.832832
diff: 24.167168021202087
waiting
going to web site
Hello world	Thread-18848	3

time: 946691024.841833
diff: 22.158167004585266
waiting
going to web site
Hello world	Thread-18957	3

time: 946691047.841833
diff: 16.158167004585266
waiting
going to web site
Hello world	Thread-19032	2

time: 946691064.841833
diff: 11.158167004585266
waiting
going to web site
Hello world	Thread-19078	3

time: 946691076.850833
diff: 25.14916694164276
waiting
going to web site
Hello world	Thread-19197	7

time: 946691102.832832
diff: 41.16716802120209
waiting
going to web site
Hello world	Thread-19381	4

time: 946691144.841833
diff: 8.158167004585266
waiting
going to web site
Hello world	Thread-19430	2

time: 946691153.8514969
diff: 30.148503065109253
waiting
going to web site
Hello world	Thread-19560	3

time: 946691184.832833
diff: 7.1671669483184814
waiting
going to web site
Hello world	Thread-19597	4

time: 946691192.836832
diff: 10.163167953491211
waiting
going to web site
Hello world	Thread-19649	4

time: 946691203.832832
diff: 25.167168021202087
waiting
going to web site
Hello world	Thread-19768	2

time: 946691229.832833
diff: 21.16716694831848
waiting
going to web site
Hello world	Thread-19878	3

time: 946691252.836832
diff: 19.16316795349121
waiting
going to web site
Hello world	Thread-19971	4

time: 946691272.832832
diff: 21.167168021202087
waiting
going to web site
Hello world	Thread-20075	2

time: 946691294.841833
diff: 30.158167004585266
waiting
going to web site
Hello world	Thread-20218	3

time: 946691325.841833
diff: 14.158167004585266
waiting
going to web site
Hello world	Thread-20289	3

time: 946691340.841833
diff: 18.158167004585266
waiting
going to web site
Hello world	Thread-20371	2

time: 946691359.832833
diff: 24.16716694831848
waiting
going to web site
Hello world	Thread-20509	4

time: 946691384.841833
diff: 8.158167004585266
waiting
going to web site
Hello world	Thread-20552	2

time: 946691393.832833
diff: 19.16716694831848
waiting
going to web site
Hello world	Thread-20647	3

time: 946691413.832832
diff: 34.16716802120209
waiting
going to web site
Hello world	Thread-20813	3

time: 946691448.841833
diff: 17.158167004585266
waiting
going to web site
Hello world	Thread-20900	2

time: 946691466.832833
diff: 21.16716694831848
waiting
going to web site
Hello world	Thread-21004	3

time: 946691488.832832
diff: 28.167168021202087
waiting
going to web site
Hello world	Thread-21133	4

time: 946691517.845833
diff: 20.15416705608368
waiting
going to web site
Hello world	Thread-21243	3

time: 946691539.8424569
diff: 34.15754306316376
waiting
going to web site
Hello world	Thread-21397	3

time: 946691574.841833
diff: 27.158167004585266
waiting
going to web site
Hello world	Thread-21528	3

time: 946691602.836833
diff: 15.163166999816895
waiting
going to web site
Hello world	Thread-21596	5

time: 946691618.836832
diff: 2.163167953491211
waiting
going to web site
Hello world	Thread-21611	3

time: 946691621.832832
diff: 30.167168021202087
waiting
going to web site
Hello world	Thread-21748	2

time: 946691652.841833
diff: 33.158167004585266
waiting
going to web site
Hello world	Thread-21894	2

time: 946691686.8421
diff: 14.157899975776672
waiting
going to web site
Hello world	Thread-21963	3

time: 946691701.832832
diff: 17.167168021202087
waiting
going to web site
Hello world	Thread-22044	2

time: 946691719.841833
diff: 34.158167004585266
waiting
going to web site
Hello world	Thread-22197	3

time: 946691754.841833
diff: 8.158167004585266
waiting
going to web site
Hello world	Thread-22238	2

time: 946691763.859248
diff: 23.14075195789337
waiting
going to web site
Hello world	Thread-22333	5

time: 946691787.832832
diff: 21.167168021202087
waiting
going to web site
Hello world	Thread-22439	5

time: 946691809.841833
diff: 29.158167004585266
waiting
going to web site
Hello world	Thread-22568	3

time: 946691839.841833
diff: 19.158167004585266
waiting
going to web site
Hello world	Thread-22655	2

time: 946691859.841833
diff: 12.158167004585266
waiting
going to web site
Hello world	Thread-22715	2

time: 946691873.841833
diff: 32.158167004585266
waiting
going to web site
Hello world	Thread-22860	4

time: 946691906.841833
diff: 12.158167004585266
waiting
going to web site
Hello world	Thread-22922	2

time: 946691919.841833
diff: 23.158167004585266
waiting
going to web site
Hello world	Thread-23030	2

time: 946691943.841833
diff: 23.158167004585266
waiting
going to web site
Hello world	Thread-23145	2

time: 946691967.845833
diff: 1.1541670560836792
waiting
going to web site
Hello world	Thread-23154	2

time: 946691969.841833
diff: 20.158167004585266
waiting
going to web site
Hello world	Thread-23253	2

time: 946691990.841833
diff: 23.158167004585266
waiting
going to web site
Hello world	Thread-23365	2

time: 946692014.832833
diff: 20.16716694831848
waiting
going to web site
Hello world	Thread-23463	4

time: 946692035.832832
diff: 23.167168021202087
waiting
going to web site
Hello world	Thread-23586	3

time: 946692059.841833
diff: 27.158167004585266
waiting
going to web site
Hello world	Thread-23716	4

time: 946692087.8378329
diff: 23.162167072296143
waiting
going to web site
Hello world	Thread-23832	2

time: 946692112.841833
diff: 7.158167004585266
waiting
going to web site
Hello world	Thread-23881	2

time: 946692121.851833
diff: 36.14816701412201
waiting
going to web site
Hello world	Thread-24054	4

time: 946692159.841833
diff: 25.158167004585266
waiting
going to web site
Hello world	Thread-24175	3

time: 946692185.851833
diff: 20.14816701412201
waiting
going to web site
Hello world	Thread-24264	4

time: 946692206.841833
diff: 13.158167004585266
waiting
going to web site
Hello world	Thread-24344	2

time: 946692221.841833
diff: 26.158167004585266
waiting
going to web site
Hello world	Thread-24464	5

time: 946692248.841833
diff: 24.158167004585266
waiting
going to web site
Hello world	Thread-24570	4

time: 946692273.841833
diff: 32.158167004585266
waiting
going to web site
Hello world	Thread-24724	4

time: 946692306.841833
diff: 11.158167004585266
waiting
going to web site
Hello world	Thread-24781	3

time: 946692319.841833
diff: 29.158167004585266
waiting
going to web site
Hello world	Thread-24907	2

time: 946692349.832833
diff: 23.16716694831848
waiting
going to web site
Hello world	Thread-25012	7

time: 946692373.832832
diff: 14.167168021202087
waiting
going to web site
Hello world	Thread-25064	2

time: 946692388.832833
diff: 22.16716694831848
waiting
going to web site
Hello world	Thread-25168	4

time: 946692411.832832
diff: 30.167168021202087
waiting
going to web site
Hello world	Thread-25299	3

time: 946692442.841833
diff: 17.158167004585266
waiting
going to web site
Hello world	Thread-25379	3

time: 946692461.841833
diff: 20.158167004585266
waiting
going to web site
Hello world	Thread-25468	2

time: 946692482.832833
diff: 27.16716694831848
waiting
going to web site
Hello world	Thread-25584	4

time: 946692510.832832
diff: 27.167168021202087
waiting
going to web site
Hello world	Thread-25699	2

time: 946692538.832833
diff: 20.16716694831848
waiting
going to web site
Hello world	Thread-25790	5

time: 946692559.832832
diff: 19.167168021202087
waiting
going to web site
Hello world	Thread-25882	2

time: 946692579.841897
diff: 11.158102989196777
waiting
going to web site
Hello world	Thread-25934	3

