time: 946686600.0
diff: 315.0
waiting
going to web site
Hello world	Thread-1609	4

time: 946686916.02986
diff: -1.029860019683838
going to web site
Hello world	Thread-1618	3

time: 946686917.06372
diff: -2.0637199878692627
going to web site
Hello world	Thread-1630	4

time: 946686918.10958
diff: -3.1095800399780273
going to web site
Hello world	Thread-1640	2

time: 946686919.15044
diff: -3.150439977645874
going to web site
Hello world	Thread-1650	5

time: 946686920.1843001
diff: -4.184300065040588
going to web site
Hello world	Thread-1661	3

time: 946686921.220171
diff: -5.220170974731445
going to web site
Hello world	Thread-1669	3

time: 946686922.260454
diff: -6.260454058647156
going to web site
Hello world	Thread-1675	4

time: 946686923.287314
diff: -7.287314057350159
going to web site
Hello world	Thread-1683	5

time: 946686924.324918
diff: -8.324918031692505
going to web site
Hello world	Thread-1693	3

time: 946686925.351778
diff: -9.351778030395508
going to web site
Hello world	Thread-1699	2

time: 946686926.384638
diff: -10.384637951850891
going to web site
Hello world	Thread-1706	4

time: 946686927.418498
diff: -10.418498039245605
going to web site
Hello world	Thread-1713	3

time: 946686928.4453579
diff: -11.445357918739319
going to web site
Hello world	Thread-1721	4

time: 946686929.475218
diff: -12.475218057632446
going to web site
Hello world	Thread-1728	3

time: 946686930.5020779
diff: -12.50207793712616
going to web site
Hello world	Thread-1735	3

time: 946686931.5399381
diff: -13.53993809223175
going to web site
Hello world	Thread-1740	3

time: 946686932.569798
diff: -14.569797992706299
going to web site
Hello world	Thread-1746	4

time: 946686933.597658
diff: -15.597658038139343
going to web site
Hello world	Thread-1751	7

time: 946686934.634518
diff: -15.634518027305603
going to web site
Hello world	Thread-1761	2

time: 946686935.670378
diff: -16.67037796974182
going to web site
Hello world	Thread-1769	4

time: 946686936.697238
diff: -16.697237968444824
going to web site
Hello world	Thread-789	4

time: 946686937.7310979
diff: -15.731097936630249
going to web site
Hello world	Thread-1782	3

time: 946686938.757958
diff: -15.757958054542542
going to web site
Hello world	Thread-798	6

time: 946686939.798818
diff: 1.2011820077896118
waiting
going to web site
Hello world	Thread-1798	2

time: 946686942.047861
diff: 4.9521390199661255
waiting
going to web site
Hello world	Thread-1823	5

time: 946686948.043861
diff: 3.9561389684677124
waiting
going to web site
Hello world	Thread-1841	5

time: 946686953.0388601
diff: 6.961139917373657
waiting
going to web site
Hello world	Thread-900	2

time: 946686961.02686
diff: 18.973140001296997
waiting
going to web site
Hello world	Thread-992	2

time: 946686981.047861
diff: 18.952139019966125
waiting
going to web site
Hello world	Thread-1086	2

time: 946687001.035861
diff: 4.964138984680176
waiting
going to web site
Hello world	Thread-1111	3

time: 946687007.02986
diff: 26.970139980316162
waiting
going to web site
Hello world	Thread-1240	2

time: 946687035.0362531
diff: 3.9637469053268433
waiting
going to web site
Hello world	Thread-1262	2

time: 946687040.02686
diff: 22.973140001296997
waiting
going to web site
Hello world	Thread-1377	2

time: 946687064.035861
diff: 8.964138984680176
waiting
going to web site
Hello world	Thread-1420	2

time: 946687074.02686
diff: 24.973140001296997
waiting
going to web site
Hello world	Thread-1537	2

time: 946687100.038847
diff: 26.961153030395508
waiting
going to web site
Hello world	Thread-1656	2

time: 946687128.038847
diff: 27.961153030395508
waiting
going to web site
Hello world	Thread-1773	2

time: 946687157.0362539
diff: 16.963746070861816
waiting
going to web site
Hello world	Thread-1844	2

time: 946687175.0268611
diff: 37.97313892841339
waiting
going to web site
Hello world	Thread-2008	2

time: 946687214.02686
diff: 8.973140001296997
waiting
going to web site
Hello world	Thread-2061	2

time: 946687224.038847
diff: 28.961153030395508
waiting
going to web site
Hello world	Thread-2190	2

time: 946687255.048494
diff: 18.95150601863861
waiting
going to web site
Hello world	Thread-2288	2

time: 946687276.0268611
diff: 27.97313892841339
waiting
going to web site
Hello world	Thread-2414	3

time: 946687305.02686
diff: 20.973140001296997
waiting
going to web site
Hello world	Thread-2509	2

time: 946687328.035861
diff: 12.964138984680176
waiting
going to web site
Hello world	Thread-2572	3

time: 946687342.02686
diff: 17.973140001296997
waiting
going to web site
Hello world	Thread-2662	2

time: 946687362.038861
diff: 26.96113896369934
waiting
going to web site
Hello world	Thread-2786	2

time: 946687390.02686
diff: 24.973140001296997
waiting
going to web site
Hello world	Thread-2903	2

time: 946687416.0268611
diff: 31.97313892841339
waiting
going to web site
Hello world	Thread-3040	2

time: 946687449.032846
diff: 22.967154026031494
waiting
going to web site
Hello world	Thread-3149	2

time: 946687473.035861
diff: 14.964138984680176
waiting
going to web site
Hello world	Thread-3224	4

time: 946687490.02686
diff: 10.973140001296997
waiting
going to web site
Hello world	Thread-3276	2

time: 946687502.029861
diff: 27.970139026641846
waiting
going to web site
Hello world	Thread-3408	3

time: 946687531.841833
diff: 14.158167004585266
waiting
going to web site
Hello world	Thread-3467	7

time: 946687546.832833
diff: 22.16716694831848
waiting
going to web site
Hello world	Thread-3567	4

time: 946687569.832832
diff: 20.167168021202087
waiting
going to web site
Hello world	Thread-3660	3

time: 946687590.8500401
diff: 28.149959921836853
waiting
going to web site
Hello world	Thread-3791	5

time: 946687619.832832
diff: 13.167168021202087
waiting
going to web site
Hello world	Thread-3857	2

time: 946687634.852833
diff: 18.147166967391968
waiting
going to web site
Hello world	Thread-3934	3

time: 946687653.832832
diff: 29.167168021202087
waiting
going to web site
Hello world	Thread-4071	4

time: 946687684.841833
diff: 24.158167004585266
waiting
going to web site
Hello world	Thread-4179	5

time: 946687710.841833
diff: 28.158167004585266
waiting
going to web site
Hello world	Thread-4312	2

time: 946687739.841833
diff: 10.158167004585266
waiting
going to web site
Hello world	Thread-4362	3

time: 946687750.832833
diff: 36.16716694831848
waiting
going to web site
Hello world	Thread-4526	4

time: 946687787.832832
diff: 17.167168021202087
waiting
going to web site
Hello world	Thread-4607	4

time: 946687805.841833
diff: 24.158167004585266
waiting
going to web site
Hello world	Thread-4726	3

time: 946687830.841833
diff: 20.158167004585266
waiting
going to web site
Hello world	Thread-4817	2

time: 946687851.841833
diff: 27.158167004585266
waiting
going to web site
Hello world	Thread-4941	7

time: 946687879.832833
diff: 9.167166948318481
waiting
going to web site
Hello world	Thread-4985	4

time: 946687889.832832
diff: 19.167168021202087
waiting
going to web site
Hello world	Thread-5094	3

time: 946687912.852833
diff: 29.147166967391968
waiting
going to web site
Hello world	Thread-5235	6

time: 946687942.832832
diff: 10.167168021202087
waiting
going to web site
Hello world	Thread-5295	2

time: 946687953.841833
diff: 18.158167004585266
waiting
going to web site
Hello world	Thread-5384	3

time: 946687973.842833
diff: 13.157166957855225
waiting
going to web site
Hello world	Thread-5450	4

time: 946687987.832832
diff: 29.167168021202087
waiting
going to web site
Hello world	Thread-5591	2

time: 946688017.841833
diff: 32.158167004585266
waiting
going to web site
Hello world	Thread-5739	2

time: 946688051.846457
diff: 22.15354299545288
waiting
going to web site
Hello world	Thread-5837	6

time: 946688074.832832
diff: 9.167168021202087
waiting
going to web site
Hello world	Thread-5889	4

time: 946688084.841833
diff: 28.158167004585266
waiting
going to web site
Hello world	Thread-6015	3

time: 946688113.832833
diff: 24.16716694831848
waiting
going to web site
Hello world	Thread-6117	5

time: 946688138.6995599
diff: 29.300440073013306
waiting
going to web site
Hello world	Thread-6246	5

time: 946688168.699561
diff: 17.3004390001297
waiting
going to web site
Hello world	Thread-6323	5

time: 946688186.699561
diff: 7.3004390001297
waiting
going to web site
Hello world	Thread-6355	4

time: 946688194.699561
diff: 22.3004390001297
waiting
going to web site
Hello world	Thread-6459	4

time: 946688217.699561
diff: 13.3004390001297
waiting
going to web site
Hello world	Thread-6521	3

time: 946688231.7085611
diff: 37.291438937187195
waiting
going to web site
Hello world	Thread-6685	4

time: 946688269.6995599
diff: 12.300440073013306
waiting
going to web site
Hello world	Thread-6743	5

time: 946688282.699561
diff: 35.3004390001297
waiting
going to web site
Hello world	Thread-6906	5

time: 946688318.699561
diff: 5.3004390001297
waiting
going to web site
Hello world	Thread-6932	4

time: 946688324.699561
diff: 35.3004390001297
waiting
going to web site
Hello world	Thread-7086	6

time: 946688360.699561
diff: 21.3004390001297
waiting
going to web site
Hello world	Thread-7185	6

time: 946688382.699561
diff: 25.3004390001297
waiting
going to web site
Hello world	Thread-7301	4

time: 946688408.699561
diff: 17.3004390001297
waiting
going to web site
Hello world	Thread-7385	4

time: 946688426.699561
diff: 32.3004390001297
waiting
going to web site
Hello world	Thread-7529	5

time: 946688459.699561
diff: 26.3004390001297
waiting
going to web site
Hello world	Thread-7648	6

time: 946688486.699561
diff: 19.3004390001297
waiting
going to web site
Hello world	Thread-7736	3

time: 946688506.699561
diff: 19.3004390001297
waiting
going to web site
Hello world	Thread-7821	3

time: 946688526.699561
diff: 20.3004390001297
waiting
going to web site
Hello world	Thread-7912	6

time: 946688547.699561
diff: 20.3004390001297
waiting
going to web site
Hello world	Thread-8010	7

time: 946688568.699561
diff: 15.3004390001297
waiting
going to web site
Hello world	Thread-8077	4

time: 946688584.699561
diff: 12.3004390001297
waiting
going to web site
Hello world	Thread-8133	5

time: 946688597.699561
diff: 34.3004390001297
waiting
going to web site
Hello world	Thread-8287	3

time: 946688632.699561
diff: 21.3004390001297
waiting
going to web site
Hello world	Thread-8379	7

time: 946688654.699561
diff: 13.3004390001297
waiting
going to web site
Hello world	Thread-8442	3

time: 946688668.7085611
diff: 13.291438937187195
waiting
going to web site
Hello world	Thread-8496	5

time: 946688682.6995599
diff: 25.300440073013306
waiting
going to web site
Hello world	Thread-8602	5

time: 946688708.699561
diff: 30.3004390001297
waiting
going to web site
Hello world	Thread-8727	2

time: 946688739.7971929
diff: 29.202807068824768
waiting
going to web site
Hello world	Thread-8845	4

time: 946688769.802193
diff: 24.19780695438385
waiting
going to web site
Hello world	Thread-8938	2

time: 946688794.8031449
diff: 31.196855068206787
waiting
going to web site
Hello world	Thread-9069	2

time: 946688826.802193
diff: 24.19780695438385
waiting
going to web site
Hello world	Thread-9186	4

time: 946688851.797192
diff: 13.202808022499084
waiting
going to web site
Hello world	Thread-9239	6

time: 946688865.802193
diff: 24.19780695438385
waiting
going to web site
Hello world	Thread-9348	5

time: 946688890.797192
diff: 25.202808022499084
waiting
going to web site
Hello world	Thread-9457	4

time: 946688916.802193
diff: 30.19780695438385
waiting
going to web site
Hello world	Thread-9589	3

time: 946688947.802192
diff: 21.197808027267456
waiting
going to web site
Hello world	Thread-9697	4

time: 946688969.802193
diff: 22.19780695438385
waiting
going to web site
Hello world	Thread-9802	5

time: 946688992.802192
diff: 28.197808027267456
waiting
going to web site
Hello world	Thread-9935	6

time: 946689021.802193
diff: 24.19780695438385
waiting
going to web site
Hello world	Thread-10046	2

time: 946689046.802192
diff: 18.197808027267456
waiting
going to web site
Hello world	Thread-10136	2

time: 946689065.8061451
diff: 15.193854928016663
waiting
going to web site
Hello world	Thread-10217	6

time: 946689081.797192
diff: 24.202808022499084
waiting
going to web site
Hello world	Thread-10326	3

time: 946689106.7971929
diff: 18.202807068824768
waiting
going to web site
Hello world	Thread-10417	6

time: 946689125.7971929
diff: 33.20280706882477
waiting
going to web site
Hello world	Thread-10573	3

time: 946689159.8031449
diff: 9.196855068206787
waiting
going to web site
Hello world	Thread-10625	3

time: 946689169.802193
diff: 20.19780695438385
waiting
going to web site
Hello world	Thread-10731	4

time: 946689190.797192
diff: 35.202808022499084
waiting
going to web site
Hello world	Thread-10899	6

time: 946689226.7971929
diff: 8.202807068824768
waiting
going to web site
Hello world	Thread-10943	4

time: 946689235.802193
diff: 23.19780695438385
waiting
going to web site
Hello world	Thread-11061	5

time: 946689259.802192
diff: 14.197808027267456
waiting
going to web site
Hello world	Thread-11124	5

time: 946689274.7971929
diff: 15.202807068824768
waiting
going to web site
Hello world	Thread-11211	5

time: 946689291.802193
diff: 12.19780695438385
waiting
going to web site
Hello world	Thread-11273	5

time: 946689304.8031449
diff: 32.19685506820679
waiting
going to web site
Hello world	Thread-11430	5

time: 946689337.802193
diff: 24.19780695438385
waiting
going to web site
Hello world	Thread-11540	3

time: 946689362.836832
diff: 11.163167953491211
waiting
going to web site
Hello world	Thread-11604	5

time: 946689374.832832
diff: 33.16716802120209
waiting
going to web site
Hello world	Thread-11760	3

time: 946689408.841833
diff: 15.158167004585266
waiting
going to web site
Hello world	Thread-11844	3

time: 946689427.841833
diff: 12.158167004585266
waiting
going to web site
Hello world	Thread-11897	4

time: 946689440.841833
diff: 33.158167004585266
waiting
going to web site
Hello world	Thread-12066	5

time: 946689475.841833
diff: 9.158167004585266
waiting
going to web site
Hello world	Thread-12119	3

time: 946689486.841833
diff: 10.158167004585266
waiting
going to web site
Hello world	Thread-12163	2

time: 946689497.859208
diff: 27.14079201221466
waiting
going to web site
Hello world	Thread-12284	3

time: 946689525.841833
diff: 29.158167004585266
waiting
going to web site
Hello world	Thread-12436	2

time: 946689556.841833
diff: 10.158167004585266
waiting
going to web site
Hello world	Thread-12483	2

time: 946689567.845833
diff: 32.15416705608368
waiting
going to web site
Hello world	Thread-12631	2

time: 946689600.841833
diff: 7.158167004585266
waiting
going to web site
Hello world	Thread-12661	3

time: 946689608.841833
diff: 29.158167004585266
waiting
going to web site
Hello world	Thread-12801	3

time: 946689638.832833
diff: 17.16716694831848
waiting
going to web site
Hello world	Thread-12881	5

time: 946689656.832832
diff: 21.167168021202087
waiting
going to web site
Hello world	Thread-12990	4

time: 946689678.841833
diff: 30.158167004585266
waiting
going to web site
Hello world	Thread-13132	4

time: 946689710.841833
diff: 26.158167004585266
waiting
going to web site
Hello world	Thread-13255	2

time: 946689737.841833
diff: 12.158167004585266
waiting
going to web site
Hello world	Thread-13321	4

time: 946689750.832833
diff: 34.16716694831848
waiting
going to web site
Hello world	Thread-13473	4

time: 946689785.838832
diff: 25.161167979240417
waiting
going to web site
Hello world	Thread-13593	4

time: 946689811.832832
diff: 0.1671680212020874
waiting
going to web site
Hello world	Thread-13599	5

time: 946689812.841833
diff: 19.158167004585266
waiting
going to web site
Hello world	Thread-13690	3

time: 946689832.832833
diff: 17.16716694831848
waiting
going to web site
Hello world	Thread-13785	4

time: 946689850.832832
diff: 24.167168021202087
waiting
going to web site
Hello world	Thread-13909	3

time: 946689878.842665
diff: 24.15733504295349
waiting
going to web site
Hello world	Thread-14024	2

time: 946689903.841833
diff: 28.158167004585266
waiting
going to web site
Hello world	Thread-14147	2

time: 946689932.832833
diff: 6.1671669483184814
waiting
going to web site
Hello world	Thread-14173	5

time: 946689939.832832
diff: 19.167168021202087
waiting
going to web site
Hello world	Thread-14270	3

time: 946689959.841833
diff: 25.158167004585266
waiting
going to web site
Hello world	Thread-14375	5

time: 946689985.701561
diff: 13.298439025878906
waiting
going to web site
Hello world	Thread-14440	4

time: 946689999.699561
diff: 26.3004390001297
waiting
going to web site
Hello world	Thread-14559	6

time: 946690026.699561
diff: 27.3004390001297
waiting
going to web site
Hello world	Thread-14672	4

time: 946690054.699561
diff: 26.3004390001297
waiting
going to web site
Hello world	Thread-14781	6

time: 946690081.699561
diff: 6.3004390001297
waiting
going to web site
Hello world	Thread-14817	6

time: 946690088.699561
diff: 35.3004390001297
waiting
going to web site
Hello world	Thread-14971	7

time: 946690124.699561
diff: 18.3004390001297
waiting
going to web site
Hello world	Thread-15049	3

time: 946690143.699561
diff: 21.3004390001297
waiting
going to web site
Hello world	Thread-15147	5

time: 946690165.699561
diff: 31.3004390001297
waiting
going to web site
Hello world	Thread-15278	4

time: 946690197.699561
diff: 27.3004390001297
waiting
going to web site
Hello world	Thread-15402	6

time: 946690225.699561
diff: 18.3004390001297
waiting
going to web site
Hello world	Thread-15486	3

time: 946690244.699561
diff: 17.3004390001297
waiting
going to web site
Hello world	Thread-15563	6

time: 946690262.699561
diff: 22.3004390001297
waiting
going to web site
Hello world	Thread-15662	5

time: 946690285.713817
diff: 20.2861829996109
waiting
going to web site
Hello world	Thread-15754	5

time: 946690306.6995599
diff: 18.300440073013306
waiting
going to web site
Hello world	Thread-15843	2

time: 946690325.699561
diff: 34.3004390001297
waiting
going to web site
Hello world	Thread-15982	4

time: 946690360.699561
diff: 26.3004390001297
waiting
going to web site
Hello world	Thread-16103	5

time: 946690387.699561
diff: 25.3004390001297
waiting
going to web site
Hello world	Thread-16215	6

time: 946690413.699561
diff: 21.3004390001297
waiting
going to web site
Hello world	Thread-16312	6

time: 946690435.699561
diff: 22.3004390001297
waiting
going to web site
Hello world	Thread-16416	3

time: 946690458.699561
diff: 9.3004390001297
waiting
going to web site
Hello world	Thread-16455	7

time: 946690468.699561
diff: 20.3004390001297
waiting
going to web site
Hello world	Thread-16546	6

time: 946690489.699561
diff: 29.3004390001297
waiting
going to web site
Hello world	Thread-16681	4

time: 946690519.699561
diff: 25.3004390001297
waiting
going to web site
Hello world	Thread-16796	6

time: 946690545.699561
diff: 22.3004390001297
waiting
going to web site
Hello world	Thread-16896	5

time: 946690568.699561
diff: 12.3004390001297
waiting
going to web site
Hello world	Thread-16952	5

time: 946690581.699561
diff: 29.3004390001297
waiting
going to web site
Hello world	Thread-17072	6

time: 946690611.5350649
diff: 19.464935064315796
waiting
going to web site
Hello world	Thread-17162	6

time: 946690631.5350649
diff: 33.464935064315796
waiting
going to web site
Hello world	Thread-17308	4

time: 946690665.526065
diff: 19.47393500804901
waiting
going to web site
Hello world	Thread-17394	7

time: 946690685.526065
diff: 20.47393500804901
waiting
going to web site
Hello world	Thread-17482	4

time: 946690706.526065
diff: 24.47393500804901
waiting
going to web site
Hello world	Thread-17594	4

time: 946690731.544065
diff: 10.455935001373291
waiting
going to web site
Hello world	Thread-17643	3

time: 946690742.526065
diff: 25.47393500804901
waiting
going to web site
Hello world	Thread-17755	6

time: 946690768.542065
diff: 10.457934975624084
waiting
going to web site
Hello world	Thread-17803	6

time: 946690779.5350641
diff: 34.46493589878082
waiting
going to web site
Hello world	Thread-17954	3

time: 946690814.5350641
diff: 19.464935898780823
waiting
going to web site
Hello world	Thread-18045	4

time: 946690834.526064
diff: 34.47393596172333
waiting
going to web site
Hello world	Thread-18185	7

time: 946690869.5350641
diff: 16.464935898780823
waiting
going to web site
Hello world	Thread-18254	6

time: 946690886.5350641
diff: 37.46493589878082
waiting
going to web site
Hello world	Thread-18411	4

time: 946690924.5350641
diff: 19.464935898780823
waiting
going to web site
Hello world	Thread-18497	7

time: 946690944.5350641
diff: 19.464935898780823
waiting
going to web site
Hello world	Thread-18592	4

time: 946690964.5350641
diff: 16.464935898780823
waiting
going to web site
Hello world	Thread-18659	4

time: 946690981.5350641
diff: 27.464935898780823
waiting
going to web site
Hello world	Thread-18783	7

time: 946691009.5350649
diff: 15.464935064315796
waiting
going to web site
Hello world	Thread-18850	7

time: 946691025.535361
diff: 36.46463894844055
waiting
going to web site
Hello world	Thread-19018	4

time: 946691062.526064
diff: 9.473935961723328
waiting
going to web site
Hello world	Thread-19056	8

time: 946691072.5350641
diff: 31.464935898780823
waiting
going to web site
Hello world	Thread-19205	7

time: 946691104.5350641
diff: 15.464935898780823
waiting
going to web site
Hello world	Thread-19275	6

time: 946691120.534064
diff: 36.465935945510864
waiting
going to web site
Hello world	Thread-19444	7

time: 946691157.5350641
diff: 8.464935898780823
waiting
going to web site
Hello world	Thread-19477	7

time: 946691166.5350641
diff: 26.464935898780823
waiting
going to web site
Hello world	Thread-19600	7

time: 946691193.5350641
diff: 27.464935898780823
waiting
going to web site
Hello world	Thread-19733	7

time: 946691221.5350641
diff: 23.464935898780823
waiting
going to web site
Hello world	Thread-19837	7

time: 946691245.5350641
diff: 10.464935898780823
waiting
going to web site
Hello world	Thread-19896	7

time: 946691256.526064
diff: 25.473935961723328
waiting
going to web site
Hello world	Thread-20013	4

time: 946691282.526064
diff: 29.473935961723328
waiting
going to web site
Hello world	Thread-20156	7

time: 946691312.5330639
diff: 18.466936111450195
waiting
going to web site
Hello world	Thread-20247	6

time: 946691331.5370649
diff: 22.462935090065002
waiting
going to web site
Hello world	Thread-20351	7

time: 946691354.526065
diff: 15.473935008049011
waiting
going to web site
Hello world	Thread-20427	7

time: 946691370.542065
diff: 12.457934975624084
waiting
going to web site
Hello world	Thread-20501	6

time: 946691383.539064
diff: 29.460935950279236
waiting
going to web site
Hello world	Thread-20643	7

time: 946691413.5350641
diff: 29.464935898780823
waiting
going to web site
Hello world	Thread-20787	7

time: 946691443.526064
diff: 4.473935961723328
waiting
going to web site
Hello world	Thread-20808	7

time: 946691448.5350641
diff: 30.464935898780823
waiting
going to web site
Hello world	Thread-20956	6

time: 946691479.526064
diff: 20.473935961723328
waiting
going to web site
Hello world	Thread-21055	7

time: 946691500.5350641
diff: 14.464935898780823
waiting
going to web site
Hello world	Thread-21118	6

time: 946691515.5290639
diff: 21.470936059951782
waiting
going to web site
Hello world	Thread-21228	6

time: 946691537.526065
diff: 21.47393500804901
waiting
going to web site
Hello world	Thread-21329	5

time: 946691559.539897
diff: 11.460103034973145
waiting
going to web site
Hello world	Thread-21379	4

time: 946691571.544065
diff: 24.45593500137329
waiting
going to web site
Hello world	Thread-21500	5

time: 946691596.544065
diff: 29.45593500137329
waiting
going to web site
Hello world	Thread-21632	4

time: 946691626.5350649
diff: 14.464935064315796
waiting
going to web site
Hello world	Thread-21700	5

time: 946691641.526065
diff: 27.47393500804901
waiting
going to web site
Hello world	Thread-21813	7

time: 946691669.539425
diff: 18.460574984550476
waiting
going to web site
Hello world	Thread-21901	6

time: 946691688.5350641
diff: 6.464935898780823
waiting
going to web site
Hello world	Thread-21934	4

time: 946691695.5350641
diff: 28.464935898780823
waiting
going to web site
Hello world	Thread-22066	3

time: 946691724.526064
diff: 23.473935961723328
waiting
going to web site
Hello world	Thread-22168	6

time: 946691748.5350641
diff: 22.464935898780823
waiting
going to web site
Hello world	Thread-22271	5

time: 946691771.530417
diff: 32.46958303451538
waiting
going to web site
Hello world	Thread-22412	5

time: 946691804.544065
diff: 29.45593500137329
waiting
going to web site
Hello world	Thread-22540	5

time: 946691834.544065
diff: 15.455935001373291
waiting
going to web site
Hello world	Thread-22610	7

time: 946691850.544065
diff: 12.455935001373291
waiting
going to web site
Hello world	Thread-22667	6

time: 946691863.536065
diff: 39.463935017585754
waiting
going to web site
Hello world	Thread-22847	3

time: 946691903.526065
diff: 17.47393500804901
waiting
going to web site
Hello world	Thread-22931	5

time: 946691921.5350649
diff: 11.464935064315796
waiting
going to web site
Hello world	Thread-22978	5

time: 946691933.5350649
diff: 18.464935064315796
waiting
going to web site
Hello world	Thread-23073	6

time: 946691952.5350649
diff: 29.464935064315796
waiting
going to web site
Hello world	Thread-23212	6

time: 946691982.544832
diff: 21.45516800880432
waiting
going to web site
Hello world	Thread-23318	4

time: 946692004.526065
diff: 21.47393500804901
waiting
going to web site
Hello world	Thread-23419	6

time: 946692026.544065
diff: 28.45593500137329
waiting
going to web site
Hello world	Thread-23568	3

time: 946692055.5350649
diff: 12.464935064315796
waiting
going to web site
Hello world	Thread-23623	6

time: 946692068.535097
diff: 26.464902997016907
waiting
going to web site
Hello world	Thread-23753	7

time: 946692095.5350641
diff: 29.464935898780823
waiting
going to web site
Hello world	Thread-23896	7

time: 946692125.5350641
diff: 10.464935898780823
waiting
going to web site
Hello world	Thread-23946	4

time: 946692136.5350641
diff: 29.464935898780823
waiting
going to web site
Hello world	Thread-24084	3

time: 946692166.526064
diff: 9.473935961723328
waiting
going to web site
Hello world	Thread-24128	4

time: 946692176.526064
diff: 28.473935961723328
waiting
going to web site
Hello world	Thread-24256	7

time: 946692205.534064
diff: 13.465935945510864
waiting
going to web site
Hello world	Thread-24327	7

time: 946692219.5350641
diff: 26.464935898780823
waiting
going to web site
Hello world	Thread-24450	6

time: 946692246.534065
diff: 23.465934991836548
waiting
going to web site
Hello world	Thread-24558	5

time: 946692270.5350641
diff: 4.464935898780823
waiting
going to web site
Hello world	Thread-24577	6

time: 946692275.534518
diff: 26.465481996536255
waiting
going to web site
Hello world	Thread-24704	7

time: 946692302.549065
diff: 17.450935006141663
waiting
going to web site
Hello world	Thread-24784	7

time: 946692320.5350649
diff: 9.464935064315796
waiting
going to web site
Hello world	Thread-24824	6

time: 946692330.5370649
diff: 23.462935090065002
waiting
going to web site
Hello world	Thread-24924	4

time: 946692354.5350649
diff: 24.464935064315796
waiting
going to web site
Hello world	Thread-25040	4

time: 946692379.544065
diff: 20.45593500137329
waiting
going to web site
Hello world	Thread-25123	6

time: 946692400.540065
diff: 35.45993494987488
waiting
going to web site
Hello world	Thread-25276	2

time: 946692436.901776
diff: 18.09822404384613
waiting
going to web site
Hello world	Thread-25367	2

time: 946692458.901777
diff: 22.098222970962524
waiting
going to web site
Hello world	Thread-25466	2

time: 946692481.9067761
diff: 27.093223929405212
waiting
going to web site
Hello world	Thread-25615	2

time: 946692516.901776
diff: 16.09822404384613
waiting
going to web site
Hello world	Thread-25679	2

time: 946692533.911777
diff: 18.088222980499268
waiting
going to web site
Hello world	Thread-25776	2

time: 946692555.903776
diff: 21.096223950386047
waiting
going to web site
Hello world	Thread-25876	2

time: 946692578.9027761
diff: 32.0972238779068
waiting
going to web site
Hello world	Thread-26014	2

time: 946692612.901776
diff: 13.09822404384613
waiting
going to web site
Hello world	Thread-26078	2

time: 946692626.910777
diff: 24.08922302722931
waiting
going to web site
Hello world	Thread-26174	2

time: 946692651.911777
diff: 30.088222980499268
waiting
going to web site
Hello world	Thread-26287	2

time: 946692682.901776
diff: 11.09822404384613
waiting
going to web site
Hello world	Thread-26332	2

time: 946692694.910777
diff: 24.08922302722931
waiting
going to web site
Hello world	Thread-26407	2

time: 946692719.901777
diff: 22.098222970962524
waiting
going to web site
Hello world	Thread-26471	2

time: 946692742.901776
diff: 27.09822404384613
waiting
going to web site
Hello world	Thread-26542	2

time: 946692770.910777
diff: 25.08922302722931
waiting
going to web site
Hello world	Thread-26598	2

time: 946692796.910777
diff: 16.08922302722931
waiting
going to web site
Hello world	Thread-26637	2

time: 946692813.901777
diff: 22.098222970962524
waiting
going to web site
Hello world	Thread-26676	2

time: 946692836.901776
diff: 32.09822404384613
waiting
going to web site
Hello world	Thread-26725	2

time: 946692869.901777
diff: 18.098222970962524
waiting
going to web site
Hello world	Thread-26745	2

time: 946692888.901776
diff: 6.09822404384613
waiting
going to web site
Hello world	Thread-26754	2

