time: 946686600.0
diff: 300.0
waiting
going to web site
Hello world	Thread-646	2

time: 946686901.02686
diff: 15.973140001296997
waiting
going to web site
Hello world	Thread-1629	5

time: 946686918.036337
diff: -1.0363370180130005
going to web site
Hello world	Thread-1639	5

time: 946686919.0671971
diff: -2.06719708442688
going to web site
Hello world	Thread-1649	6

time: 946686920.0980569
diff: -3.09805691242218
going to web site
Hello world	Thread-1659	4

time: 946686921.132917
diff: -3.132917046546936
going to web site
Hello world	Thread-1668	4

time: 946686922.166217
diff: -3.1662169694900513
going to web site
Hello world	Thread-1674	4

time: 946686923.1980771
diff: -4.198077082633972
going to web site
Hello world	Thread-1682	4

time: 946686924.225937
diff: -4.225937008857727
going to web site
Hello world	Thread-1691	3

time: 946686925.260797
diff: -5.260797023773193
going to web site
Hello world	Thread-735	2

time: 946686926.2956569
diff: 5.70434308052063
waiting
going to web site
Hello world	Thread-1742	4

time: 946686933.0428469
diff: -1.042846918106079
going to web site
Hello world	Thread-1750	2

time: 946686934.082742
diff: -2.0827419757843018
going to web site
Hello world	Thread-1758	3

time: 946686935.118602
diff: -3.1186020374298096
going to web site
Hello world	Thread-1764	4

time: 946686936.145462
diff: -3.1454620361328125
going to web site
Hello world	Thread-1773	3

time: 946686937.179322
diff: -4.179322004318237
going to web site
Hello world	Thread-1779	4

time: 946686938.206182
diff: -4.20618200302124
going to web site
Hello world	Thread-796	2

time: 946686939.233042
diff: -0.23304200172424316
going to web site
Hello world	Thread-1789	2

time: 946686940.272902
diff: 3.727097988128662
waiting
going to web site
Hello world	Thread-1809	4

time: 946686945.038441
diff: -0.03844094276428223
going to web site
Hello world	Thread-1813	5

time: 946686946.0683011
diff: -1.0683010816574097
going to web site
Hello world	Thread-1818	4

time: 946686947.095161
diff: -2.095160961151123
going to web site
Hello world	Thread-1824	4

time: 946686948.123021
diff: 1.8769789934158325
waiting
going to web site
Hello world	Thread-853	2

time: 946686951.02686
diff: -1.026859998703003
going to web site
Hello world	Thread-1838	3

time: 946686952.05572
diff: -1.0557199716567993
going to web site
Hello world	Thread-1842	4

time: 946686953.08258
diff: 22.917420029640198
waiting
going to web site
Hello world	Thread-979	2

time: 946686977.035861
diff: 21.964138984680176
waiting
going to web site
Hello world	Thread-1079	2

time: 946687000.02686
diff: 14.973140001296997
waiting
going to web site
Hello world	Thread-1158	2

time: 946687016.0448611
diff: 9.955138921737671
waiting
going to web site
Hello world	Thread-1201	2

time: 946687027.0388601
diff: 11.961139917373657
waiting
going to web site
Hello world	Thread-1264	3

time: 946687040.02686
diff: 23.973140001296997
waiting
going to web site
Hello world	Thread-1380	2

time: 946687065.0268611
diff: 12.973138928413391
waiting
going to web site
Hello world	Thread-1437	2

time: 946687079.02686
diff: 30.973140001296997
waiting
going to web site
Hello world	Thread-1582	2

time: 946687111.035861
diff: 21.964138984680176
waiting
going to web site
Hello world	Thread-1678	2

time: 946687134.02686
diff: 29.973140001296997
waiting
going to web site
Hello world	Thread-1810	2

time: 946687165.035861
diff: 15.964138984680176
waiting
going to web site
Hello world	Thread-1874	2

time: 946687182.038847
diff: 32.96115303039551
waiting
going to web site
Hello world	Thread-2020	2

time: 946687216.048494
diff: 9.95150601863861
waiting
going to web site
Hello world	Thread-2073	2

time: 946687227.039861
diff: 21.96013903617859
waiting
going to web site
Hello world	Thread-2163	2

time: 946687250.038861
diff: 34.96113896369934
waiting
going to web site
Hello world	Thread-2333	2

time: 946687286.02986
diff: 17.970139980316162
waiting
going to web site
Hello world	Thread-2413	2

time: 946687305.02686
diff: 25.973140001296997
waiting
going to web site
Hello world	Thread-2536	2

time: 946687333.035861
diff: 12.964138984680176
waiting
going to web site
Hello world	Thread-2591	2

time: 946687347.02986
diff: 29.970139980316162
waiting
going to web site
Hello world	Thread-2735	2

time: 946687378.038847
diff: 23.961153030395508
waiting
going to web site
Hello world	Thread-2844	2

time: 946687403.038847
diff: 20.961153030395508
waiting
going to web site
Hello world	Thread-2939	2

time: 946687425.0428469
diff: 23.95715308189392
waiting
going to web site
Hello world	Thread-3045	2

time: 946687450.035861
diff: 21.964138984680176
waiting
going to web site
Hello world	Thread-3148	3

time: 946687473.02686
diff: 14.973140001296997
waiting
going to web site
Hello world	Thread-3226	2

time: 946687490.035861
diff: 23.964138984680176
waiting
going to web site
Hello world	Thread-3326	5

time: 946687514.832832
diff: 15.167168021202087
waiting
going to web site
Hello world	Thread-3406	2

time: 946687531.841833
diff: 11.158167004585266
waiting
going to web site
Hello world	Thread-3459	3

time: 946687544.841833
diff: 19.158167004585266
waiting
going to web site
Hello world	Thread-3544	2

time: 946687564.832833
diff: 34.16716694831848
waiting
going to web site
Hello world	Thread-3699	4

time: 946687599.851832
diff: 13.148167967796326
waiting
going to web site
Hello world	Thread-3760	6

time: 946687613.832832
diff: 30.167168021202087
waiting
going to web site
Hello world	Thread-3892	3

time: 946687644.841833
diff: 30.158167004585266
waiting
going to web site
Hello world	Thread-4043	3

time: 946687678.841833
diff: 15.158167004585266
waiting
going to web site
Hello world	Thread-4119	3

time: 946687694.841833
diff: 27.158167004585266
waiting
going to web site
Hello world	Thread-4239	3

time: 946687722.841833
diff: 9.158167004585266
waiting
going to web site
Hello world	Thread-4287	2

time: 946687732.841833
diff: 28.158167004585266
waiting
going to web site
Hello world	Thread-4415	4

time: 946687762.841833
diff: 27.158167004585266
waiting
going to web site
Hello world	Thread-4546	2

time: 946687791.841833
diff: 30.158167004585266
waiting
going to web site
Hello world	Thread-4684	4

time: 946687822.832833
diff: 10.167166948318481
waiting
going to web site
Hello world	Thread-4737	2

time: 946687833.832832
diff: 26.167168021202087
waiting
going to web site
Hello world	Thread-4852	6

time: 946687860.841833
diff: 14.158167004585266
waiting
going to web site
Hello world	Thread-4922	3

time: 946687875.841833
diff: 27.158167004585266
waiting
going to web site
Hello world	Thread-5054	5

time: 946687903.841833
diff: 17.158167004585266
waiting
going to web site
Hello world	Thread-5155	2

time: 946687924.841833
diff: 17.158167004585266
waiting
going to web site
Hello world	Thread-5239	2

time: 946687943.841833
diff: 22.158167004585266
waiting
going to web site
Hello world	Thread-5345	5

time: 946687966.836249
diff: 16.163751006126404
waiting
going to web site
Hello world	Thread-5431	4

time: 946687983.832833
diff: 10.167166948318481
waiting
going to web site
Hello world	Thread-5481	6

time: 946687994.832832
diff: 36.16716802120209
waiting
going to web site
Hello world	Thread-5649	4

time: 946688031.841833
diff: 19.158167004585266
waiting
going to web site
Hello world	Thread-5745	2

time: 946688052.869833
diff: 21.13016700744629
waiting
going to web site
Hello world	Thread-5839	4

time: 946688074.841833
diff: 16.158167004585266
waiting
going to web site
Hello world	Thread-5918	4

time: 946688091.841833
diff: 32.158167004585266
waiting
going to web site
Hello world	Thread-6057	7

time: 946688124.539065
diff: 17.46093499660492
waiting
going to web site
Hello world	Thread-6129	7

time: 946688142.5350641
diff: 21.464935898780823
waiting
going to web site
Hello world	Thread-6224	7

time: 946688164.533065
diff: 22.46693503856659
waiting
going to web site
Hello world	Thread-6327	2

time: 946688187.526065
diff: 9.473935008049011
waiting
going to web site
Hello world	Thread-6370	2

time: 946688197.5350649
diff: 16.464935064315796
waiting
going to web site
Hello world	Thread-6443	7

time: 946688214.5350649
diff: 31.464935064315796
waiting
going to web site
Hello world	Thread-6585	6

time: 946688246.544065
diff: 14.455935001373291
waiting
going to web site
Hello world	Thread-6653	7

time: 946688261.542065
diff: 25.457934975624084
waiting
going to web site
Hello world	Thread-6766	6

time: 946688287.5350641
diff: 17.464935898780823
waiting
going to web site
Hello world	Thread-6843	5

time: 946688305.5350641
diff: 21.464935898780823
waiting
going to web site
Hello world	Thread-6944	3

time: 946688327.5350641
diff: 36.46493589878082
waiting
going to web site
Hello world	Thread-7101	5

time: 946688364.5350641
diff: 21.464935898780823
waiting
going to web site
Hello world	Thread-7202	6

time: 946688386.5350641
diff: 32.46493589878082
waiting
going to web site
Hello world	Thread-7350	7

time: 946688419.5350641
diff: 24.464935898780823
waiting
going to web site
Hello world	Thread-7462	5

time: 946688444.5350641
diff: 14.464935898780823
waiting
going to web site
Hello world	Thread-7528	7

time: 946688459.5350641
diff: 33.46493589878082
waiting
going to web site
Hello world	Thread-7675	6

time: 946688493.526064
diff: 16.473935961723328
waiting
going to web site
Hello world	Thread-7750	6

time: 946688510.535452
diff: 16.464547991752625
waiting
going to web site
Hello world	Thread-7823	6

time: 946688527.5350641
diff: 14.464935898780823
waiting
going to web site
Hello world	Thread-7894	6

time: 946688542.5350641
diff: 22.464935898780823
waiting
going to web site
Hello world	Thread-7998	6

time: 946688565.5350641
diff: 24.464935898780823
waiting
going to web site
Hello world	Thread-8103	5

time: 946688590.5350641
diff: 10.464935898780823
waiting
going to web site
Hello world	Thread-8150	7

time: 946688601.5350641
diff: 34.46493589878082
waiting
going to web site
Hello world	Thread-8304	6

time: 946688636.526064
diff: 9.473935961723328
waiting
going to web site
Hello world	Thread-8340	5

time: 946688646.5350641
diff: 18.464935898780823
waiting
going to web site
Hello world	Thread-8430	6

time: 946688665.5350641
diff: 26.464935898780823
waiting
going to web site
Hello world	Thread-8542	5

time: 946688692.5350641
diff: 28.464935898780823
waiting
going to web site
Hello world	Thread-8653	6

time: 946688721.5294169
diff: 23.470583081245422
waiting
going to web site
Hello world	Thread-8751	4

time: 946688745.5380651
diff: 35.46193492412567
waiting
going to web site
Hello world	Thread-8890	7

time: 946688781.5350641
diff: 22.464935898780823
waiting
going to web site
Hello world	Thread-8987	5

time: 946688804.5330639
diff: 31.466936111450195
waiting
going to web site
Hello world	Thread-9120	5

time: 946688836.5380651
diff: 24.46193492412567
waiting
going to web site
Hello world	Thread-9226	4

time: 946688861.526064
diff: 15.473935961723328
waiting
going to web site
Hello world	Thread-9288	7

time: 946688877.526064
diff: 27.473935961723328
waiting
going to web site
Hello world	Thread-9410	7

time: 946688905.5350641
diff: 25.464935898780823
waiting
going to web site
Hello world	Thread-9523	6

time: 946688931.5350641
diff: 19.464935898780823
waiting
going to web site
Hello world	Thread-9605	7

time: 946688951.5350641
diff: 17.464935898780823
waiting
going to web site
Hello world	Thread-9693	6

time: 946688969.530561
diff: 29.469439029693604
waiting
going to web site
Hello world	Thread-9832	5

time: 946688999.544065
diff: 32.45593500137329
waiting
going to web site
Hello world	Thread-9987	6

time: 946689032.544065
diff: 20.45593500137329
waiting
going to web site
Hello world	Thread-10075	5

time: 946689053.526065
diff: 17.47393500804901
waiting
going to web site
Hello world	Thread-10160	5

time: 946689071.5350649
diff: 7.464935064315796
waiting
going to web site
Hello world	Thread-10207	3

time: 946689079.5350649
diff: 32.464935064315796
waiting
going to web site
Hello world	Thread-10353	5

time: 946689112.539129
diff: 18.46087098121643
waiting
going to web site
Hello world	Thread-10446	5

time: 946689131.5350641
diff: 31.464935898780823
waiting
going to web site
Hello world	Thread-10594	7

time: 946689163.5350641
diff: 2.4649358987808228
waiting
going to web site
Hello world	Thread-10610	4

time: 946689166.526064
diff: 28.473935961723328
waiting
going to web site
Hello world	Thread-10748	7

time: 946689195.5350641
diff: 16.464935898780823
waiting
going to web site
Hello world	Thread-10831	7

time: 946689212.5351491
diff: 20.464850902557373
waiting
going to web site
Hello world	Thread-10928	6

time: 946689233.526064
diff: 12.473935961723328
waiting
going to web site
Hello world	Thread-10993	7

time: 946689246.5350641
diff: 25.464935898780823
waiting
going to web site
Hello world	Thread-11113	7

time: 946689272.5350641
diff: 17.464935898780823
waiting
going to web site
Hello world	Thread-11205	5

time: 946689290.526064
diff: 33.47393596172333
waiting
going to web site
Hello world	Thread-11366	6

time: 946689324.5350641
diff: 12.464935898780823
waiting
going to web site
Hello world	Thread-11429	7

time: 946689337.5350641
diff: 20.464935898780823
waiting
going to web site
Hello world	Thread-11524	3

time: 946689358.832832
diff: 22.167168021202087
waiting
going to web site
Hello world	Thread-11631	5

time: 946689381.832833
diff: 21.16716694831848
waiting
going to web site
Hello world	Thread-11739	3

time: 946689403.832832
diff: 26.167168021202087
waiting
going to web site
Hello world	Thread-11867	2

time: 946689431.841833
diff: 13.158167004585266
waiting
going to web site
Hello world	Thread-11912	4

time: 946689445.841833
diff: 25.158167004585266
waiting
going to web site
Hello world	Thread-12038	3

time: 946689471.832833
diff: 16.16716694831848
waiting
going to web site
Hello world	Thread-12123	7

time: 946689488.832832
diff: 19.167168021202087
waiting
going to web site
Hello world	Thread-12209	2

time: 946689508.841833
diff: 18.158167004585266
waiting
going to web site
Hello world	Thread-12294	3

time: 946689527.832833
diff: 30.16716694831848
waiting
going to web site
Hello world	Thread-12444	4

time: 946689558.8358321
diff: 22.164167881011963
waiting
going to web site
Hello world	Thread-12543	3

time: 946689581.842832
diff: 11.15716803073883
waiting
going to web site
Hello world	Thread-12598	2

time: 946689593.841833
diff: 25.158167004585266
waiting
going to web site
Hello world	Thread-12714	4

time: 946689619.841981
diff: 19.158018946647644
waiting
going to web site
Hello world	Thread-12806	4

time: 946689639.832832
diff: 23.167168021202087
waiting
going to web site
Hello world	Thread-12918	3

time: 946689663.841833
diff: 15.158167004585266
waiting
going to web site
Hello world	Thread-12997	3

time: 946689679.841833
diff: 33.158167004585266
waiting
going to web site
Hello world	Thread-13151	4

time: 946689713.841833
diff: 16.158167004585266
waiting
going to web site
Hello world	Thread-13221	2

time: 946689730.841833
diff: 33.158167004585266
waiting
going to web site
Hello world	Thread-13385	2

time: 946689764.841833
diff: 18.158167004585266
waiting
going to web site
Hello world	Thread-13466	3

time: 946689783.841833
diff: 25.158167004585266
waiting
going to web site
Hello world	Thread-13586	2

time: 946689809.841833
diff: 13.158167004585266
waiting
going to web site
Hello world	Thread-13656	2

time: 946689823.841833
diff: 14.158167004585266
waiting
going to web site
Hello world	Thread-13720	2

time: 946689838.841833
diff: 28.158167004585266
waiting
going to web site
Hello world	Thread-13864	2

time: 946689867.851507
diff: 12.14849305152893
waiting
going to web site
Hello world	Thread-13922	2

time: 946689880.8478329
diff: 20.152167081832886
waiting
going to web site
Hello world	Thread-14014	4

time: 946689901.841864
diff: 20.158136010169983
waiting
going to web site
Hello world	Thread-14102	2

time: 946689922.841833
diff: 18.158167004585266
waiting
going to web site
Hello world	Thread-14183	2

time: 946689941.841833
diff: 12.158167004585266
waiting
going to web site
Hello world	Thread-14243	3

time: 946689954.836833
diff: 31.163166999816895
waiting
going to web site
Hello world	Thread-14383	5

time: 946689986.832832
diff: 24.167168021202087
waiting
going to web site
Hello world	Thread-14494	3

time: 946690011.841833
diff: 12.158167004585266
waiting
going to web site
Hello world	Thread-14556	3

time: 946690025.842833
diff: 27.157166957855225
waiting
going to web site
Hello world	Thread-14667	6

time: 946690053.832832
diff: 28.167168021202087
waiting
going to web site
Hello world	Thread-14791	3

time: 946690082.851765
diff: 23.148234963417053
waiting
going to web site
Hello world	Thread-14903	2

time: 946690106.832832
diff: 16.167168021202087
waiting
going to web site
Hello world	Thread-14969	3

time: 946690123.836833
diff: 31.163166999816895
waiting
going to web site
Hello world	Thread-15103	4

time: 946690155.832832
diff: 26.167168021202087
waiting
going to web site
Hello world	Thread-15217	3

time: 946690182.841833
diff: 18.158167004585266
waiting
going to web site
Hello world	Thread-15299	4

time: 946690201.841833
diff: 34.158167004585266
waiting
going to web site
Hello world	Thread-15453	4

time: 946690236.832833
diff: 14.167166948318481
waiting
going to web site
Hello world	Thread-15515	4

time: 946690251.836832
diff: 17.16316795349121
waiting
going to web site
Hello world	Thread-15600	3

time: 946690269.832832
diff: 18.167168021202087
waiting
going to web site
Hello world	Thread-15683	3

time: 946690288.85136
diff: 25.148640036582947
waiting
going to web site
Hello world	Thread-15793	4

time: 946690314.84238
diff: 27.157619953155518
waiting
going to web site
Hello world	Thread-15915	2

time: 946690342.832832
diff: 28.167168021202087
waiting
going to web site
Hello world	Thread-16035	5

time: 946690371.8588331
diff: 19.141166925430298
waiting
going to web site
Hello world	Thread-16121	6

time: 946690391.832832
diff: 22.167168021202087
waiting
going to web site
Hello world	Thread-16221	3

time: 946690414.832833
diff: 27.16716694831848
waiting
going to web site
Hello world	Thread-16344	4

time: 946690442.8398321
diff: 8.160167932510376
waiting
going to web site
Hello world	Thread-16380	3

time: 946690451.832832
diff: 24.167168021202087
waiting
going to web site
Hello world	Thread-16493	3

time: 946690476.841833
diff: 18.158167004585266
waiting
going to web site
Hello world	Thread-16581	2

time: 946690495.845833
diff: 17.15416705608368
waiting
going to web site
Hello world	Thread-16657	2

time: 946690513.841833
diff: 29.158167004585266
waiting
going to web site
Hello world	Thread-16803	2

time: 946690546.845833
diff: 23.15416705608368
waiting
going to web site
Hello world	Thread-16905	3

time: 946690570.841833
diff: 32.158167004585266
waiting
going to web site
Hello world	Thread-17041	4

time: 946690603.718409
diff: 16.281591057777405
waiting
going to web site
Hello world	Thread-17114	6

time: 946690620.7314091
diff: 19.268590927124023
waiting
going to web site
Hello world	Thread-17204	2

time: 946690640.723408
diff: 20.276592016220093
waiting
going to web site
Hello world	Thread-17289	3

time: 946690661.732213
diff: 27.267786979675293
waiting
going to web site
Hello world	Thread-17410	5

time: 946690689.718408
diff: 23.28159201145172
waiting
going to web site
Hello world	Thread-17516	4

time: 946690713.731707
diff: 19.268293023109436
waiting
going to web site
Hello world	Thread-17605	5

time: 946690733.727409
diff: 24.2725909948349
waiting
going to web site
Hello world	Thread-17713	3

time: 946690758.718408
diff: 2.281592011451721
waiting
going to web site
Hello world	Thread-17725	3

time: 946690761.718409
diff: 24.281591057777405
waiting
going to web site
Hello world	Thread-17835	5

time: 946690786.727409
diff: 31.2725909948349
waiting
going to web site
Hello world	Thread-17970	4

time: 946690818.718408
diff: 36.28159201145172
waiting
going to web site
Hello world	Thread-18123	5

time: 946690855.7314091
diff: 24.268590927124023
waiting
going to web site
Hello world	Thread-18227	5

time: 946690880.718408
diff: 16.28159201145172
waiting
going to web site
Hello world	Thread-18306	5

time: 946690897.727409
diff: 29.2725909948349
waiting
going to web site
Hello world	Thread-18426	5

time: 946690927.718408
diff: 16.28159201145172
waiting
going to web site
Hello world	Thread-18498	6

time: 946690944.7314091
diff: 13.268590927124023
waiting
going to web site
Hello world	Thread-18562	5

time: 946690958.718408
diff: 21.28159201145172
waiting
going to web site
Hello world	Thread-18654	4

time: 946690980.727409
diff: 39.2725909948349
waiting
going to web site
Hello world	Thread-18835	4

time: 946691020.718408
diff: 9.281592011451721
waiting
going to web site
Hello world	Thread-18880	3

time: 946691030.7314091
diff: 30.268590927124023
waiting
going to web site
Hello world	Thread-19015	4

time: 946691061.723408
diff: 24.276592016220093
waiting
going to web site
Hello world	Thread-19123	5

time: 946691086.718409
diff: 24.281591057777405
waiting
going to web site
Hello world	Thread-19233	4

time: 946691111.727409
diff: 18.2725909948349
waiting
going to web site
Hello world	Thread-19317	4

time: 946691130.718408
diff: 23.28159201145172
waiting
going to web site
Hello world	Thread-19431	4

time: 946691154.718409
diff: 17.281591057777405
waiting
going to web site
Hello world	Thread-19513	3

time: 946691172.727409
diff: 28.2725909948349
waiting
going to web site
Hello world	Thread-19641	5

time: 946691201.718408
diff: 25.28159201145172
waiting
going to web site
Hello world	Thread-19759	5

time: 946691227.7971929
diff: 9.202807068824768
waiting
going to web site
Hello world	Thread-19812	5

time: 946691237.802193
diff: 24.19780695438385
waiting
going to web site
Hello world	Thread-19922	6

time: 946691262.802192
diff: 28.197808027267456
waiting
going to web site
Hello world	Thread-20060	6

time: 946691291.806193
diff: 19.193807005882263
waiting
going to web site
Hello world	Thread-20150	4

time: 946691311.7971929
diff: 18.202807068824768
waiting
going to web site
Hello world	Thread-20244	3

time: 946691330.804193
diff: 20.195806980133057
waiting
going to web site
Hello world	Thread-20337	3

time: 946691351.8031449
diff: 11.196855068206787
waiting
going to web site
Hello world	Thread-20392	2

time: 946691364.7971929
diff: 22.202807068824768
waiting
going to web site
Hello world	Thread-20521	5

time: 946691387.8031449
diff: 27.196855068206787
waiting
going to web site
Hello world	Thread-20657	5

time: 946691415.7971929
diff: 17.202807068824768
waiting
going to web site
Hello world	Thread-20741	5

time: 946691433.7971929
diff: 25.202807068824768
waiting
going to web site
Hello world	Thread-20869	2

time: 946691459.8031449
diff: 18.196855068206787
waiting
going to web site
Hello world	Thread-20952	4

time: 946691478.7971929
diff: 13.202807068824768
waiting
going to web site
Hello world	Thread-21018	3

time: 946691492.806193
diff: 31.193807005882263
waiting
going to web site
Hello world	Thread-21169	6

time: 946691524.802193
diff: 14.19780695438385
waiting
going to web site
Hello world	Thread-21241	6

time: 946691539.797192
diff: 12.202808022499084
waiting
going to web site
Hello world	Thread-21302	4

time: 946691552.7971929
diff: 20.202807068824768
waiting
going to web site
Hello world	Thread-21394	5

time: 946691574.802193
diff: 31.19780695438385
waiting
going to web site
Hello world	Thread-21544	4

time: 946691606.802192
diff: 21.197808027267456
waiting
going to web site
Hello world	Thread-21644	4

time: 946691628.802193
diff: 11.19780695438385
waiting
going to web site
Hello world	Thread-21697	4

time: 946691640.797192
diff: 26.202808022499084
waiting
going to web site
Hello world	Thread-21803	6

time: 946691667.7971929
diff: 17.202807068824768
waiting
going to web site
Hello world	Thread-21887	4

time: 946691685.802193
diff: 12.19780695438385
waiting
going to web site
Hello world	Thread-21947	4

time: 946691698.804192
diff: 21.195808053016663
waiting
going to web site
Hello world	Thread-22047	5

time: 946691720.7971929
diff: 29.202807068824768
waiting
going to web site
Hello world	Thread-22179	4

time: 946691750.7971929
diff: 26.202807068824768
waiting
going to web site
Hello world	Thread-22294	4

time: 946691777.7971929
diff: 24.202807068824768
waiting
going to web site
Hello world	Thread-22399	6

time: 946691802.802193
diff: 14.19780695438385
waiting
going to web site
Hello world	Thread-22470	4

time: 946691817.810192
diff: 37.18980801105499
waiting
going to web site
Hello world	Thread-22632	6

time: 946691855.5350649
diff: 16.464935064315796
waiting
going to web site
Hello world	Thread-22711	7

time: 946691872.5350649
diff: 29.464935064315796
waiting
going to web site
Hello world	Thread-22843	6

time: 946691902.542065
diff: 8.457934975624084
waiting
going to web site
Hello world	Thread-22878	7

time: 946691911.5350641
diff: 31.464935898780823
waiting
going to web site
Hello world	Thread-23026	7

time: 946691943.5350641
diff: 27.464935898780823
waiting
going to web site
Hello world	Thread-23162	7

time: 946691971.5350641
diff: 7.464935898780823
waiting
going to web site
Hello world	Thread-23195	6

time: 946691979.5350641
diff: 21.464935898780823
waiting
going to web site
Hello world	Thread-23303	7

time: 946692001.534625
diff: 36.46537494659424
waiting
going to web site
Hello world	Thread-23476	7

time: 946692038.5350641
diff: 8.464935898780823
waiting
going to web site
Hello world	Thread-23521	6

time: 946692047.5350641
diff: 33.46493589878082
waiting
going to web site
Hello world	Thread-23683	6

time: 946692081.5350641
diff: 18.464935898780823
waiting
going to web site
Hello world	Thread-23775	5

time: 946692100.5350641
diff: 17.464935898780823
waiting
going to web site
Hello world	Thread-23864	7

time: 946692118.527417
diff: 24.472583055496216
waiting
going to web site
Hello world	Thread-23980	5

time: 946692143.544065
diff: 17.45593500137329
waiting
going to web site
Hello world	Thread-24061	3

time: 946692161.544065
diff: 19.45593500137329
waiting
going to web site
Hello world	Thread-24149	6

time: 946692181.544065
diff: 27.45593500137329
waiting
going to web site
Hello world	Thread-24279	7

time: 946692209.526065
diff: 12.473935008049011
waiting
going to web site
Hello world	Thread-24346	6

time: 946692222.539065
diff: 19.46093499660492
waiting
going to web site
Hello world	Thread-24426	6

time: 946692242.526064
diff: 10.473935961723328
waiting
going to web site
Hello world	Thread-24477	6

time: 946692253.531064
diff: 20.4689359664917
waiting
going to web site
Hello world	Thread-24573	5

time: 946692274.5350641
diff: 29.464935898780823
waiting
going to web site
Hello world	Thread-24712	6

time: 946692304.526064
diff: 12.473935961723328
waiting
going to web site
Hello world	Thread-24769	4

time: 946692317.5350641
diff: 16.464935898780823
waiting
going to web site
Hello world	Thread-24843	6

time: 946692334.5350641
diff: 33.46493589878082
waiting
going to web site
Hello world	Thread-24983	7

time: 946692368.526064
diff: 24.473935961723328
waiting
going to web site
Hello world	Thread-25091	7

time: 946692393.5350649
diff: 18.464935064315796
waiting
going to web site
Hello world	Thread-25172	4

time: 946692412.526065
diff: 24.47393500804901
waiting
going to web site
Hello world	Thread-25280	4

time: 946692437.544065
diff: 30.45593500137329
waiting
going to web site
Hello world	Thread-25408	3

time: 946692468.841833
diff: 20.158167004585266
waiting
going to web site
Hello world	Thread-25500	3

time: 946692489.860665
diff: 13.139335036277771
waiting
going to web site
Hello world	Thread-25555	3

time: 946692503.841833
diff: 22.158167004585266
waiting
going to web site
Hello world	Thread-25651	3

time: 946692526.841833
diff: 32.158167004585266
waiting
going to web site
Hello world	Thread-25792	3

time: 946692559.841833
diff: 34.158167004585266
waiting
going to web site
Hello world	Thread-25945	2

time: 946692595.836833
diff: 11.163166999816895
waiting
going to web site
Hello world	Thread-25995	3

time: 946692607.832832
diff: 25.167168021202087
waiting
going to web site
Hello world	Thread-26104	2

time: 946692633.848833
diff: 18.151167035102844
waiting
going to web site
Hello world	Thread-26177	4

time: 946692652.841833
diff: 28.158167004585266
waiting
going to web site
Hello world	Thread-26282	5

time: 946692681.841833
diff: 23.158167004585266
waiting
going to web site
Hello world	Thread-26361	3

time: 946692705.841833
diff: 9.158167004585266
waiting
going to web site
Hello world	Thread-26390	2

time: 946692715.841833
diff: 36.158167004585266
waiting
going to web site
Hello world	Thread-26498	3

time: 946692752.832833
diff: 23.16716694831848
waiting
going to web site
Hello world	Thread-26555	2

time: 946692776.836832
diff: 22.16316795349121
waiting
going to web site
Hello world	Thread-26602	3

time: 946692799.832832
diff: 26.167168021202087
waiting
going to web site
Hello world	Thread-26659	2

time: 946692826.841833
diff: 21.158167004585266
waiting
going to web site
Hello world	Thread-26689	3

time: 946692848.832833
diff: 13.167166948318481
waiting
going to web site
Hello world	Thread-26714	2

time: 946692862.832832
diff: 16.167168021202087
waiting
going to web site
Hello world	Thread-26736	2

