time: 946686600.0
diff: 0.0
going to web site
Hello world	Thread-258	8

time: 946686841.9720571
diff: -181.97205710411072
going to web site
Hello world	Thread-271	3

time: 946686842.6712891
diff: -122.67128908634186
going to web site
Hello world	Thread-281	3

time: 946686843.367521
diff: -62.36752104759216
going to web site
Hello world	Thread-292	2

time: 946686844.058753
diff: 56.94124698638916
waiting
going to web site
Hello world	Thread-392	3

time: 946686932.731639
diff: 88.26836097240448
waiting
going to web site
Hello world	Thread-625	3

time: 946687144.8953581
diff: -63.895358085632324
going to web site
Hello world	Thread-628	3

time: 946687145.4760141
diff: -4.476014137268066
going to web site
Hello world	Thread-630	2

time: 946687146.0566701
diff: 54.94332993030548
waiting
going to web site
Hello world	Thread-808	5

time: 946687322.9174161
diff: -60.91741609573364
going to web site
Hello world	Thread-814	10

time: 946687323.499072
diff: 58.50092804431915
waiting
going to web site
Hello world	Thread-887	2

time: 946687383.586657
diff: 58.41334295272827
waiting
going to web site
Hello world	Thread-998	2

time: 946687457.602518
diff: 44.39748203754425
waiting
going to web site
Hello world	Thread-1050	4

time: 946687509.590656
diff: 112.409343957901
waiting
going to web site
Hello world	Thread-1149	3

time: 946687623.604656
diff: 58.39534401893616
waiting
going to web site
Hello world	Thread-1364	2

time: 946687806.059888
diff: -63.05988800525665
going to web site
Hello world	Thread-1374	2

time: 946687807.75112
diff: -4.75111997127533
going to web site
Hello world	Thread-1375	2

time: 946687808.442352
diff: 114.5576479434967
waiting
going to web site
Hello world	Thread-1517	3

time: 946687930.691232
diff: 52.30876803398132
waiting
going to web site
Hello world	Thread-1610	3

time: 946688014.7002331
diff: 28.299766898155212
waiting
going to web site
Hello world	Thread-1748	6

time: 946688163.979459
diff: -0.9794590473175049
going to web site
Hello world	Thread-1756	6

time: 946688164.563115
diff: 118.43688499927521
waiting
going to web site
Hello world	Thread-1898	3

time: 946688290.590656
diff: 53.409343957901
waiting
going to web site
Hello world	Thread-1962	7

