time: 946686600.0
diff: 0.0
going to web site
Hello world	Thread-1	7

time: 946686600.636976
diff: 119.36302399635315
waiting
going to web site
Hello world	Thread-15	7

time: 946686720.636976
diff: 59.36302399635315
waiting
going to web site
Hello world	Thread-24	4

time: 946686780.636976
diff: 59.36302399635315
waiting
going to web site
Hello world	Thread-28	3

time: 946686840.636976
diff: 59.36302399635315
waiting
going to web site
Hello world	Thread-36	4

time: 946686900.636976
diff: 59.36302399635315
waiting
going to web site
Hello world	Thread-43	2

time: 946686960.636976
diff: 120.36302399635315
waiting
going to web site
Hello world	Thread-61	4

time: 946687081.6459771
diff: 59.35402286052704
waiting
going to web site
Hello world	Thread-66	5

time: 946687141.6459761
diff: 59.354023933410645
waiting
going to web site
Hello world	Thread-72	5

time: 946687201.660988
diff: 59.339012026786804
waiting
going to web site
Hello world	Thread-79	5

time: 946687261.6459771
diff: 59.35402286052704
waiting
going to web site
Hello world	Thread-86	2

time: 946687321.6369761
diff: 119.36302387714386
waiting
going to web site
Hello world	Thread-95	3

time: 946687441.6369761
diff: 60.36302387714386
waiting
going to web site
Hello world	Thread-107	5

time: 946687502.6459761
diff: 59.354023933410645
waiting
going to web site
Hello world	Thread-111	7

time: 946687562.6459761
diff: 59.354023933410645
waiting
going to web site
Hello world	Thread-121	6

time: 946687622.6459761
diff: 119.35402393341064
waiting
going to web site
Hello world	Thread-133	5

time: 946687742.6459761
diff: 119.35402393341064
waiting
going to web site
Hello world	Thread-145	4

time: 946687862.6529762
diff: 59.34702384471893
waiting
going to web site
Hello world	Thread-152	3

time: 946687922.6459761
diff: 120.35402393341064
waiting
going to web site
Hello world	Thread-169	4

time: 946688043.6459762
diff: 59.354023814201355
waiting
going to web site
Hello world	Thread-177	5

time: 946688103.6459762
diff: 59.354023814201355
waiting
going to web site
Hello world	Thread-185	4

time: 946688163.6459762
diff: 59.354023814201355
waiting
going to web site
Hello world	Thread-192	4

time: 946688223.6459762
diff: 59.354023814201355
waiting
going to web site
Hello world	Thread-199	3

time: 946688283.6459762
diff: 59.354023814201355
waiting
going to web site
Hello world	Thread-205	3

