time: 946686600.0
diff: 32.0
waiting
going to web site
Hello world	Thread-108	2

time: 946686632.832832
diff: 0.1671680212020874
waiting
going to web site
Hello world	Thread-113	3

time: 946686633.8618599
diff: -0.861859917640686
going to web site
Hello world	Thread-116	3

time: 946686634.694692
diff: -0.6946920156478882
going to web site
Hello world	Thread-120	4

time: 946686635.535524
diff: -0.5355240106582642
going to web site
Hello world	Thread-123	4

time: 946686636.368356
diff: 0.6316440105438232
waiting
going to web site
Hello world	Thread-15	2

time: 946686637.841833
diff: 4.158167004585266
waiting
going to web site
Hello world	Thread-16	2

time: 946686642.8408331
diff: 13.159166932106018
waiting
going to web site
Hello world	Thread-210	4

time: 946686656.8398321
diff: 3.160167932510376
waiting
going to web site
Hello world	Thread-223	2

time: 946686660.836832
diff: 18.16316795349121
waiting
going to web site
Hello world	Thread-51	2

time: 946686679.8409159
diff: 12.15908408164978
waiting
going to web site
Hello world	Thread-64	2

time: 946686692.845797
diff: 24.154203057289124
waiting
going to web site
Hello world	Thread-103	2

time: 946686717.8810959
diff: 7.118904113769531
waiting
going to web site
Hello world	Thread-120	3

time: 946686725.836833
diff: 24.163166999816895
waiting
going to web site
Hello world	Thread-171	3

time: 946686750.832832
diff: 13.167168021202087
waiting
going to web site
Hello world	Thread-198	2

time: 946686764.8536241
diff: 8.146375894546509
waiting
going to web site
Hello world	Thread-232	3

time: 946686773.840832
diff: 27.159168004989624
waiting
going to web site
Hello world	Thread-308	3

time: 946686801.841833
diff: 24.158167004585266
waiting
going to web site
Hello world	Thread-383	2

time: 946686826.8478329
diff: 16.152167081832886
waiting
going to web site
Hello world	Thread-436	3

time: 946686843.841833
diff: 31.158167004585266
waiting
going to web site
Hello world	Thread-542	3

time: 946686875.841833
diff: 21.158167004585266
waiting
going to web site
Hello world	Thread-637	3

time: 946686898.843833
diff: 31.156167030334473
waiting
going to web site
Hello world	Thread-754	4

time: 946686930.848918
diff: 9.151082038879395
waiting
going to web site
Hello world	Thread-807	2

time: 946686940.848833
diff: 24.151167035102844
waiting
going to web site
Hello world	Thread-915	4

time: 946686965.858037
diff: 27.141963005065918
waiting
going to web site
Hello world	Thread-1052	5

time: 946686993.8398329
diff: 17.16016709804535
waiting
going to web site
Hello world	Thread-1130	4

time: 946687011.8418471
diff: 42.1581529378891
waiting
going to web site
Hello world	Thread-1330	4

time: 946687054.836832
diff: 0.16316795349121094
waiting
going to web site
Hello world	Thread-1334	4

time: 946687055.832832
diff: 23.167168021202087
waiting
going to web site
Hello world	Thread-1443	2

time: 946687079.845833
diff: 22.15416705608368
waiting
going to web site
Hello world	Thread-1554	2

time: 946687103.842833
diff: 25.157166957855225
waiting
going to web site
Hello world	Thread-1661	2

time: 946687129.832832
diff: 23.167168021202087
waiting
going to web site
Hello world	Thread-1757	3

time: 946687153.848833
diff: 36.151167035102844
waiting
going to web site
Hello world	Thread-1915	4

time: 946687190.842833
diff: 16.157166957855225
waiting
going to web site
Hello world	Thread-1981	5

time: 946687207.832832
diff: 9.167168021202087
waiting
going to web site
Hello world	Thread-2030	3

time: 946687217.8664811
diff: 18.133518934249878
waiting
going to web site
Hello world	Thread-2106	4

time: 946687236.8398321
diff: 30.160167932510376
waiting
going to web site
Hello world	Thread-2250	2

time: 946687267.832832
diff: 12.167168021202087
waiting
going to web site
Hello world	Thread-2306	2

time: 946687280.841833
diff: 25.158167004585266
waiting
going to web site
Hello world	Thread-2423	4

time: 946687306.832833
diff: 29.16716694831848
waiting
going to web site
Hello world	Thread-2554	5

time: 946687336.841833
diff: 25.158167004585266
waiting
going to web site
Hello world	Thread-2665	4

time: 946687362.841833
diff: 10.158167004585266
waiting
going to web site
Hello world	Thread-2716	4

time: 946687373.841833
diff: 32.158167004585266
waiting
going to web site
Hello world	Thread-2858	3

time: 946687406.841833
diff: 24.158167004585266
waiting
going to web site
Hello world	Thread-2974	2

time: 946687432.842545
diff: 17.15745496749878
waiting
going to web site
Hello world	Thread-3049	3

time: 946687450.832832
diff: 32.16716802120209
waiting
going to web site
Hello world	Thread-3197	3

time: 946687483.841833
diff: 17.158167004585266
waiting
going to web site
Hello world	Thread-3275	3

time: 946687501.842833
diff: 22.157166957855225
waiting
going to web site
Hello world	Thread-3376	3

time: 946687524.832832
diff: 21.167168021202087
waiting
going to web site
Hello world	Thread-3468	6

time: 946687546.832833
diff: 30.16716694831848
waiting
going to web site
Hello world	Thread-3605	3

time: 946687577.836832
diff: 20.16316795349121
waiting
going to web site
Hello world	Thread-3692	5

time: 946687598.836832
diff: 7.163167953491211
waiting
going to web site
Hello world	Thread-3726	4

time: 946687606.832832
diff: 25.167168021202087
waiting
going to web site
Hello world	Thread-3843	4

time: 946687632.836833
diff: 16.163166999816895
waiting
going to web site
Hello world	Thread-3910	6

time: 946687649.832832
diff: 18.167168021202087
waiting
going to web site
Hello world	Thread-3997	3

time: 946687668.841833
diff: 30.158167004585266
waiting
going to web site
Hello world	Thread-4141	4

time: 946687699.841833
diff: 18.158167004585266
waiting
going to web site
Hello world	Thread-4222	3

time: 946687718.8588331
diff: 21.141166925430298
waiting
going to web site
Hello world	Thread-4316	4

time: 946687740.832832
diff: 24.167168021202087
waiting
going to web site
Hello world	Thread-4425	2

time: 946687765.832833
diff: 16.16716694831848
waiting
going to web site
Hello world	Thread-4508	5

time: 946687782.832832
diff: 31.167168021202087
waiting
going to web site
Hello world	Thread-4651	4

time: 946687814.841833
diff: 15.158167004585266
waiting
going to web site
Hello world	Thread-4727	2

time: 946687830.841833
diff: 27.158167004585266
waiting
going to web site
Hello world	Thread-4842	4

time: 946687858.544065
diff: 15.455935001373291
waiting
going to web site
Hello world	Thread-4915	6

time: 946687874.526065
diff: 20.47393500804901
waiting
going to web site
Hello world	Thread-5012	6

time: 946687895.544065
diff: 14.455935001373291
waiting
going to web site
Hello world	Thread-5079	6

time: 946687910.545186
diff: 17.454813957214355
waiting
going to web site
Hello world	Thread-5171	7

time: 946687928.5350641
diff: 27.464935898780823
waiting
going to web site
Hello world	Thread-5304	7

time: 946687956.5350641
diff: 29.464935898780823
waiting
going to web site
Hello world	Thread-5445	6

time: 946687986.5350641
diff: 8.464935898780823
waiting
going to web site
Hello world	Thread-5486	6

time: 946687995.5350641
diff: 30.464935898780823
waiting
going to web site
Hello world	Thread-5624	3

time: 946688026.5350641
diff: 24.464935898780823
waiting
going to web site
Hello world	Thread-5735	7

time: 946688051.530041
diff: 16.469959020614624
waiting
going to web site
Hello world	Thread-5813	6

time: 946688068.544065
diff: 24.45593500137329
waiting
going to web site
Hello world	Thread-5923	5

time: 946688093.526065
diff: 28.47393500804901
waiting
going to web site
Hello world	Thread-6047	7

time: 946688122.5350649
diff: 21.464935064315796
waiting
going to web site
Hello world	Thread-6138	5

time: 946688144.526065
diff: 30.47393500804901
waiting
going to web site
Hello world	Thread-6268	5

time: 946688175.5350649
diff: 18.464935064315796
waiting
going to web site
Hello world	Thread-6352	6

time: 946688194.5350649
diff: 27.464935064315796
waiting
going to web site
Hello world	Thread-6483	7

time: 946688222.526065
diff: 15.473935008049011
waiting
going to web site
Hello world	Thread-6548	5

time: 946688238.544502
diff: 35.4554979801178
waiting
going to web site
Hello world	Thread-6705	4

time: 946688274.526064
diff: 9.473935961723328
waiting
going to web site
Hello world	Thread-6753	6

time: 946688284.5350641
diff: 24.464935898780823
waiting
going to web site
Hello world	Thread-6860	5

time: 946688309.5350641
diff: 18.464935898780823
waiting
going to web site
Hello world	Thread-6946	6

time: 946688328.5350641
diff: 16.464935898780823
waiting
going to web site
Hello world	Thread-7016	6

time: 946688345.5350641
diff: 25.464935898780823
waiting
going to web site
Hello world	Thread-7133	7

time: 946688371.5350641
diff: 17.464935898780823
waiting
going to web site
Hello world	Thread-7219	5

time: 946688389.5350641
diff: 5.464935898780823
waiting
going to web site
Hello world	Thread-7245	5

time: 946688395.526064
diff: 30.473935961723328
waiting
going to web site
Hello world	Thread-7383	6

time: 946688426.5350641
diff: 30.464935898780823
waiting
going to web site
Hello world	Thread-7515	7

time: 946688457.5350641
diff: 19.464935898780823
waiting
going to web site
Hello world	Thread-7614	7

time: 946688477.526064
diff: 39.47393596172333
waiting
going to web site
Hello world	Thread-7788	6

time: 946688517.5350641
diff: 25.464935898780823
waiting
going to web site
Hello world	Thread-7899	4

time: 946688543.5350641
diff: 18.464935898780823
waiting
going to web site
Hello world	Thread-7983	7

time: 946688562.5350641
diff: 27.464935898780823
waiting
going to web site
Hello world	Thread-8104	6

time: 946688590.5350641
diff: 29.464935898780823
waiting
going to web site
Hello world	Thread-8237	5

time: 946688620.540064
diff: 15.459936022758484
waiting
going to web site
Hello world	Thread-8308	2

time: 946688636.5350649
diff: 27.464935064315796
waiting
going to web site
Hello world	Thread-8428	3

time: 946688664.5350649
diff: 16.464935064315796
waiting
going to web site
Hello world	Thread-8490	6

time: 946688681.526065
diff: 22.47393500804901
waiting
going to web site
Hello world	Thread-8584	6

time: 946688704.5427971
diff: 24.457202911376953
waiting
going to web site
Hello world	Thread-8689	5

time: 946688729.5350641
diff: 39.46493589878082
waiting
going to web site
Hello world	Thread-8842	7

time: 946688769.5350641
diff: 24.464935898780823
waiting
going to web site
Hello world	Thread-8934	6

time: 946688794.526064
diff: 16.473935961723328
waiting
going to web site
Hello world	Thread-9013	6

time: 946688811.5290639
diff: 16.470936059951782
waiting
going to web site
Hello world	Thread-9077	5

time: 946688828.5350649
diff: 18.464935064315796
waiting
going to web site
Hello world	Thread-9165	4

time: 946688847.544065
diff: 23.45593500137329
waiting
going to web site
Hello world	Thread-9261	3

time: 946688871.526065
diff: 18.47393500804901
waiting
going to web site
Hello world	Thread-9346	6

time: 946688890.540065
diff: 21.459934949874878
waiting
going to web site
Hello world	Thread-9439	5

time: 946688912.535209
diff: 24.46479105949402
waiting
going to web site
Hello world	Thread-9553	6

time: 946688937.544065
diff: 22.45593500137329
waiting
going to web site
Hello world	Thread-9648	7

time: 946688960.5418969
diff: 15.458103060722351
waiting
going to web site
Hello world	Thread-9727	5

time: 946688976.540065
diff: 6.459934949874878
waiting
going to web site
Hello world	Thread-9753	6

time: 946688983.5350641
diff: 25.464935898780823
waiting
going to web site
Hello world	Thread-9885	6

time: 946689009.534832
diff: 23.465167999267578
waiting
going to web site
Hello world	Thread-9992	4

time: 946689033.5350641
diff: 25.464935898780823
waiting
going to web site
Hello world	Thread-10103	7

time: 946689059.526064
diff: 14.473935961723328
waiting
going to web site
Hello world	Thread-10177	6

time: 946689074.526064
diff: 18.473935961723328
waiting
going to web site
Hello world	Thread-10268	3

time: 946689093.724584
diff: 33.275416016578674
waiting
going to web site
Hello world	Thread-10425	5

time: 946689127.732585
diff: 16.267415046691895
waiting
going to web site
Hello world	Thread-10510	4

time: 946689144.741585
diff: 26.25841498374939
waiting
going to web site
Hello world	Thread-10633	4

time: 946689171.7205839
diff: 8.27941608428955
waiting
going to web site
Hello world	Thread-10677	5

time: 946689180.7245849
diff: 16.275415062904358
waiting
going to web site
Hello world	Thread-10762	5

time: 946689197.732325
diff: 15.267675042152405
waiting
going to web site
Hello world	Thread-10838	3

time: 946689213.732585
diff: 27.267415046691895
waiting
going to web site
Hello world	Thread-10968	6

time: 946689241.7345849
diff: 24.2654150724411
waiting
going to web site
Hello world	Thread-11091	5

time: 946689266.7300999
diff: 23.26990008354187
waiting
going to web site
Hello world	Thread-11208	2

time: 946689290.732585
diff: 23.267415046691895
waiting
going to web site
Hello world	Thread-11321	3

time: 946689314.732417
diff: 12.267583012580872
waiting
going to web site
Hello world	Thread-11378	4

time: 946689327.729585
diff: 23.27041494846344
waiting
going to web site
Hello world	Thread-11492	4

time: 946689351.7205839
diff: 13.27941608428955
waiting
going to web site
Hello world	Thread-11552	4

time: 946689365.732585
diff: 30.267415046691895
waiting
going to web site
Hello world	Thread-11705	3

time: 946689396.732585
diff: 26.267415046691895
waiting
going to web site
Hello world	Thread-11821	4

time: 946689423.732325
diff: 24.267675042152405
waiting
going to web site
Hello world	Thread-11929	4

time: 946689448.732325
diff: 21.267675042152405
waiting
going to web site
Hello world	Thread-12035	4

time: 946689470.732325
diff: 37.267675042152405
waiting
going to web site
Hello world	Thread-12208	4

time: 946689508.732585
diff: 8.267415046691895
waiting
going to web site
Hello world	Thread-12247	6

time: 946689517.732585
diff: 23.267415046691895
waiting
going to web site
Hello world	Thread-12361	5

time: 946689541.732585
diff: 10.267415046691895
waiting
going to web site
Hello world	Thread-12412	4

time: 946689552.729585
diff: 20.27041494846344
waiting
going to web site
Hello world	Thread-12506	5

time: 946689573.724584
diff: 34.275416016578674
waiting
going to web site
Hello world	Thread-12659	5

time: 946689608.732325
diff: 6.267675042152405
waiting
going to web site
Hello world	Thread-12689	5

time: 946689615.732325
diff: 23.267675042152405
waiting
going to web site
Hello world	Thread-12804	6

time: 946689639.732585
diff: 15.267415046691895
waiting
going to web site
Hello world	Thread-12876	4

time: 946689655.732585
diff: 17.267415046691895
waiting
going to web site
Hello world	Thread-12966	3

time: 946689673.741585
diff: 26.25841498374939
waiting
going to web site
Hello world	Thread-13095	3

time: 946689700.832832
diff: 17.167168021202087
waiting
going to web site
Hello world	Thread-13182	3

time: 946689719.841833
diff: 23.158167004585266
waiting
going to web site
Hello world	Thread-13282	5

time: 946689743.832833
diff: 27.16716694831848
waiting
going to web site
Hello world	Thread-13415	3

time: 946689771.832832
diff: 25.167168021202087
waiting
going to web site
Hello world	Thread-13532	3

time: 946689797.832833
diff: 16.16716694831848
waiting
going to web site
Hello world	Thread-13610	6

time: 946689814.832832
diff: 18.167168021202087
waiting
going to web site
Hello world	Thread-13702	2

time: 946689834.841833
diff: 25.158167004585266
waiting
going to web site
Hello world	Thread-13827	4

time: 946689860.841833
diff: 26.158167004585266
waiting
going to web site
Hello world	Thread-13953	3

time: 946689887.841833
diff: 26.158167004585266
waiting
going to web site
Hello world	Thread-14065	2

time: 946689914.841833
diff: 25.158167004585266
waiting
going to web site
Hello world	Thread-14181	2

time: 946689940.832833
diff: 20.16716694831848
waiting
going to web site
Hello world	Thread-14273	6

time: 946689961.832832
diff: 19.167168021202087
waiting
going to web site
Hello world	Thread-14352	3

time: 946689981.832833
diff: 21.16716694831848
waiting
going to web site
Hello world	Thread-14456	5

time: 946690003.832832
diff: 27.167168021202087
waiting
going to web site
Hello world	Thread-14576	2

time: 946690031.841833
diff: 14.158167004585266
waiting
going to web site
Hello world	Thread-14642	2

time: 946690046.841833
diff: 32.158167004585266
waiting
going to web site
Hello world	Thread-14772	3

time: 946690079.832833
diff: 25.16716694831848
waiting
going to web site
Hello world	Thread-14894	5

time: 946690105.832832
diff: 12.167168021202087
waiting
going to web site
Hello world	Thread-14945	2

time: 946690118.841833
diff: 35.158167004585266
waiting
going to web site
Hello world	Thread-15101	2

time: 946690154.841833
diff: 20.158167004585266
waiting
going to web site
Hello world	Thread-15193	3

time: 946690176.841833
diff: 8.158167004585266
waiting
going to web site
Hello world	Thread-15225	2

time: 946690185.841833
diff: 23.158167004585266
waiting
going to web site
Hello world	Thread-15335	3

time: 946690209.841833
diff: 28.158167004585266
waiting
going to web site
Hello world	Thread-15479	2

time: 946690241.841833
diff: 16.158167004585266
waiting
going to web site
Hello world	Thread-15549	3

time: 946690258.841833
diff: 28.158167004585266
waiting
going to web site
Hello world	Thread-15675	2

time: 946690287.841833
diff: 13.158167004585266
waiting
going to web site
Hello world	Thread-15734	4

time: 946690301.841833
diff: 28.158167004585266
waiting
going to web site
Hello world	Thread-15858	2

time: 946690330.841833
diff: 32.158167004585266
waiting
going to web site
Hello world	Thread-16007	2

time: 946690364.849833
diff: 8.150166988372803
waiting
going to web site
Hello world	Thread-16044	5

time: 946690373.832832
diff: 29.167168021202087
waiting
going to web site
Hello world	Thread-16175	4

time: 946690403.841833
diff: 22.158167004585266
waiting
going to web site
Hello world	Thread-16274	2

time: 946690426.832833
diff: 24.16716694831848
waiting
going to web site
Hello world	Thread-16381	2

time: 946690451.842832
diff: 6.157168030738831
waiting
going to web site
Hello world	Thread-16417	2

time: 946690458.836833
diff: 31.163166999816895
waiting
going to web site
Hello world	Thread-16555	4

time: 946690490.836832
diff: 9.163167953491211
waiting
going to web site
Hello world	Thread-16603	6

time: 946690500.832832
diff: 31.167168021202087
waiting
going to web site
Hello world	Thread-16738	3

time: 946690532.841833
diff: 32.158167004585266
waiting
going to web site
Hello world	Thread-16884	2

time: 946690565.845833
diff: 15.15416705608368
waiting
going to web site
Hello world	Thread-16954	2

time: 946690581.841833
diff: 31.158167004585266
waiting
going to web site
Hello world	Thread-17087	2

time: 946690613.841833
diff: 17.158167004585266
waiting
going to web site
Hello world	Thread-17170	3

time: 946690632.842833
diff: 18.157166957855225
waiting
going to web site
Hello world	Thread-17244	5

time: 946690651.832832
diff: 27.167168021202087
waiting
going to web site
Hello world	Thread-17368	2

time: 946690679.841833
diff: 19.158167004585266
waiting
going to web site
Hello world	Thread-17457	3

time: 946690699.841833
diff: 18.158167004585266
waiting
going to web site
Hello world	Thread-17539	2

time: 946690718.841833
diff: 34.158167004585266
waiting
going to web site
Hello world	Thread-17691	2

time: 946690753.842833
diff: 16.157166957855225
waiting
going to web site
Hello world	Thread-17770	3

time: 946690770.8338319
diff: 25.166168093681335
waiting
going to web site
Hello world	Thread-17882	4

time: 946690796.845833
diff: 29.15416705608368
waiting
going to web site
Hello world	Thread-18010	2

time: 946690826.841833
diff: 9.158167004585266
waiting
going to web site
Hello world	Thread-18053	2

time: 946690836.851665
diff: 39.148334980010986
waiting
going to web site
Hello world	Thread-18211	4

time: 946690876.832832
diff: 14.167168021202087
waiting
going to web site
Hello world	Thread-18287	5

time: 946690891.841833
diff: 17.158167004585266
waiting
going to web site
Hello world	Thread-18359	2

time: 946690909.7971929
diff: 19.202807068824768
waiting
going to web site
Hello world	Thread-18437	6

time: 946690929.7971929
diff: 31.202807068824768
waiting
going to web site
Hello world	Thread-18575	7

time: 946690961.7971929
diff: 10.202807068824768
waiting
going to web site
Hello world	Thread-18623	5

time: 946690972.802193
diff: 28.19780695438385
waiting
going to web site
Hello world	Thread-18751	4

time: 946691001.802192
diff: 20.197808027267456
waiting
going to web site
Hello world	Thread-18841	4

time: 946691022.7971929
diff: 20.202807068824768
waiting
going to web site
Hello world	Thread-18936	3

time: 946691043.802193
diff: 29.19780695438385
waiting
going to web site
Hello world	Thread-19063	7

time: 946691073.797192
diff: 16.202808022499084
waiting
going to web site
Hello world	Thread-19146	4

time: 946691090.811193
diff: 13.188807010650635
waiting
going to web site
Hello world	Thread-19207	5

time: 946691104.8031449
diff: 30.196855068206787
waiting
going to web site
Hello world	Thread-19344	3

time: 946691135.8031449
diff: 26.196855068206787
waiting
going to web site
Hello world	Thread-19469	3

time: 946691162.7971929
diff: 18.202807068824768
waiting
going to web site
Hello world	Thread-19548	3

time: 946691181.7971929
diff: 15.202807068824768
waiting
going to web site
Hello world	Thread-19624	3

time: 946691197.7971929
diff: 23.202807068824768
waiting
going to web site
Hello world	Thread-19735	4

time: 946691221.8031449
diff: 6.196855068206787
waiting
going to web site
Hello world	Thread-19764	4

time: 946691228.806193
diff: 22.193807005882263
waiting
going to web site
Hello world	Thread-19873	2

time: 946691251.802193
diff: 24.19780695438385
waiting
going to web site
Hello world	Thread-19986	2

time: 946691276.802192
diff: 19.197808027267456
waiting
going to web site
Hello world	Thread-20080	2

time: 946691296.7971929
diff: 8.202807068824768
waiting
going to web site
Hello world	Thread-20114	6

time: 946691305.7971929
diff: 36.20280706882477
waiting
going to web site
Hello world	Thread-20294	3

time: 946691342.7971929
diff: 27.202807068824768
waiting
going to web site
Hello world	Thread-20429	5

time: 946691370.7971929
diff: 9.202807068824768
waiting
going to web site
Hello world	Thread-20491	2

time: 946691381.802193
diff: 19.19780695438385
waiting
going to web site
Hello world	Thread-20589	3

time: 946691401.802192
diff: 11.197808027267456
waiting
going to web site
Hello world	Thread-20646	4

time: 946691413.8031449
diff: 24.196855068206787
waiting
going to web site
Hello world	Thread-20761	4

time: 946691438.7971929
diff: 30.202807068824768
waiting
going to web site
Hello world	Thread-20909	6

time: 946691469.802193
diff: 20.19780695438385
waiting
going to web site
Hello world	Thread-21010	2

time: 946691490.802192
diff: 17.197808027267456
waiting
going to web site
Hello world	Thread-21093	3

time: 946691508.802193
diff: 35.19780695438385
waiting
going to web site
Hello world	Thread-21261	6

time: 946691544.6995599
diff: 14.300440073013306
waiting
going to web site
Hello world	Thread-21330	4

time: 946691559.699561
diff: 27.3004390001297
waiting
going to web site
Hello world	Thread-21455	3

time: 946691587.699561
diff: 33.3004390001297
waiting
going to web site
Hello world	Thread-21608	6

time: 946691621.699561
diff: 7.3004390001297
waiting
going to web site
Hello world	Thread-21647	6

time: 946691629.699561
diff: 20.3004390001297
waiting
going to web site
Hello world	Thread-21738	5

time: 946691650.7085611
diff: 21.291438937187195
waiting
going to web site
Hello world	Thread-21829	4

time: 946691672.6995599
diff: 36.300440073013306
waiting
going to web site
Hello world	Thread-22001	4

time: 946691709.699561
diff: 5.3004390001297
waiting
going to web site
Hello world	Thread-22026	3

time: 946691715.699561
diff: 20.3004390001297
waiting
going to web site
Hello world	Thread-22113	5

time: 946691736.699561
diff: 38.3004390001297
waiting
going to web site
Hello world	Thread-22288	4

time: 946691775.699561
diff: 6.3004390001297
waiting
going to web site
Hello world	Thread-22308	6

time: 946691782.699561
diff: 33.3004390001297
waiting
going to web site
Hello world	Thread-22463	6

time: 946691816.699561
diff: 23.3004390001297
waiting
going to web site
Hello world	Thread-22569	2

time: 946691840.699561
diff: 5.3004390001297
waiting
going to web site
Hello world	Thread-22591	4

time: 946691846.699561
diff: 25.3004390001297
waiting
going to web site
Hello world	Thread-22713	3

time: 946691872.699561
diff: 14.3004390001297
waiting
going to web site
Hello world	Thread-22779	5

time: 946691887.699561
diff: 31.3004390001297
waiting
going to web site
Hello world	Thread-22920	4

time: 946691919.699561
diff: 22.3004390001297
waiting
going to web site
Hello world	Thread-23021	6

time: 946691942.699561
diff: 17.3004390001297
waiting
going to web site
Hello world	Thread-23114	5

time: 946691960.699561
diff: 22.3004390001297
waiting
going to web site
Hello world	Thread-23222	3

time: 946691983.7085611
diff: 12.291438937187195
waiting
going to web site
Hello world	Thread-23279	4

time: 946691996.6995599
diff: 24.300440073013306
waiting
going to web site
Hello world	Thread-23392	5

time: 946692021.699561
diff: 18.3004390001297
waiting
going to web site
Hello world	Thread-23488	7

time: 946692040.699561
diff: 0.3004390001296997
waiting
going to web site
Hello world	Thread-23494	4

time: 946692041.699561
diff: 26.3004390001297
waiting
going to web site
Hello world	Thread-23625	5

time: 946692068.699561
diff: 31.3004390001297
waiting
going to web site
Hello world	Thread-23776	4

time: 946692100.7085611
diff: 20.291438937187195
waiting
going to web site
Hello world	Thread-23878	5

time: 946692121.6995599
diff: 24.300440073013306
waiting
going to web site
Hello world	Thread-23994	5

time: 946692146.740585
diff: 36.25941503047943
waiting
going to web site
Hello world	Thread-24159	7

time: 946692183.720585
diff: 29.279415011405945
waiting
going to web site
Hello world	Thread-24299	4

time: 946692213.720585
diff: 9.279415011405945
waiting
going to web site
Hello world	Thread-24351	3

time: 946692223.720585
diff: 23.279415011405945
waiting
going to web site
Hello world	Thread-24459	3

time: 946692247.729585
diff: 20.27041494846344
waiting
going to web site
Hello world	Thread-24551	5

time: 946692268.7205839
diff: 28.27941608428955
waiting
going to web site
Hello world	Thread-24681	3

time: 946692297.732325
diff: 31.267675042152405
waiting
going to web site
Hello world	Thread-24823	2

time: 946692329.741585
diff: 17.25841498374939
waiting
going to web site
Hello world	Thread-24897	5

time: 946692347.7205839
diff: 17.27941608428955
waiting
going to web site
Hello world	Thread-24970	4

time: 946692365.732585
diff: 24.267415046691895
waiting
going to web site
Hello world	Thread-25077	5

time: 946692390.732585
diff: 30.267415046691895
waiting
going to web site
Hello world	Thread-25210	4

time: 946692421.729585
diff: 9.27041494846344
waiting
going to web site
Hello world	Thread-25255	3

time: 946692431.724584
diff: 26.275416016578674
waiting
going to web site
Hello world	Thread-25365	4

time: 946692458.720585
diff: 15.279415011405945
waiting
going to web site
Hello world	Thread-25439	4

time: 946692474.732325
diff: 33.267675042152405
waiting
going to web site
Hello world	Thread-25572	4

time: 946692508.732325
diff: 28.267675042152405
waiting
going to web site
Hello world	Thread-25695	4

time: 946692537.732585
diff: 15.267415046691895
waiting
going to web site
Hello world	Thread-25764	4

time: 946692553.733585
diff: 29.266414999961853
waiting
going to web site
Hello world	Thread-25894	5

time: 946692583.7205839
diff: 10.27941608428955
waiting
going to web site
Hello world	Thread-25941	5

time: 946692594.732585
diff: 21.267415046691895
waiting
going to web site
Hello world	Thread-26033	6

