time: 946686600.0
diff: 0.0
going to web site
Hello world	Thread-127	6

time: 946686727.828277
diff: -67.82827699184418
going to web site
Hello world	Thread-133	4

time: 946686728.419947
diff: 52.580052971839905
waiting
going to web site
Hello world	Thread-187	3

time: 946686782.5896561
diff: 118.41034388542175
waiting
going to web site
Hello world	Thread-384	5

time: 946686916.590656
diff: 44.409343957901
waiting
going to web site
Hello world	Thread-453	6

time: 946686968.585656
diff: 112.41434395313263
waiting
going to web site
Hello world	Thread-555	5

time: 946687084.580656
diff: 116.41934394836426
waiting
going to web site
Hello world	Thread-693	5

time: 946687216.590656
diff: 104.409343957901
waiting
going to web site
Hello world	Thread-825	6

time: 946687324.580656
diff: 117.41934394836426
waiting
going to web site
Hello world	Thread-973	2

time: 946687445.588657
diff: 116.41134297847748
waiting
going to web site
Hello world	Thread-1210	3

time: 946687682.97044
diff: -0.9704400300979614
going to web site
Hello world	Thread-1216	3

time: 946687683.613224
diff: 118.38677597045898
waiting
going to web site
Hello world	Thread-1340	4

time: 946687803.673784
diff: 58.326215982437134
waiting
going to web site
Hello world	Thread-1540	6

time: 946687982.938656
diff: -60.938655972480774
going to web site
Hello world	Thread-1546	8

time: 946687983.5338581
diff: 59.46614193916321
waiting
going to web site
Hello world	Thread-1677	4

time: 946688074.592656
diff: 28.407343983650208
waiting
going to web site
Hello world	Thread-1708	5

time: 946688106.580656
diff: 116.41934394836426
waiting
going to web site
Hello world	Thread-1923	4

time: 946688344.011656
diff: -61.011656045913696
going to web site
Hello world	Thread-1977	2

time: 946688351.599312
diff: -8.59931194782257
going to web site
Hello world	Thread-1978	2

