time: 946686600.0
diff: 0.0
going to web site
Hello world	Thread-199	3

time: 946686783.840484
diff: -123.84048402309418
going to web site
Hello world	Thread-205	3

time: 946686784.42114
diff: -64.42113995552063
going to web site
Hello world	Thread-210	3

time: 946686785.001796
diff: -4.001796007156372
going to web site
Hello world	Thread-212	3

time: 946686785.5824519
diff: 55.417548060417175
waiting
going to web site
Hello world	Thread-326	3

time: 946686856.598657
diff: 44.40134298801422
waiting
going to web site
Hello world	Thread-388	7

time: 946686932.613777
diff: 88.38622295856476
waiting
going to web site
Hello world	Thread-529	4

time: 946687052.600518
diff: 28.399482011795044
waiting
going to web site
Hello world	Thread-576	2

time: 946687112.590656
diff: 28.409343957901
waiting
going to web site
Hello world	Thread-680	2

time: 946687204.590656
diff: -2.590656042098999
going to web site
Hello world	Thread-684	2

time: 946687205.171312
diff: 116.82868802547455
waiting
going to web site
Hello world	Thread-844	2

time: 946687329.6962329
diff: 112.30376708507538
waiting
going to web site
Hello world	Thread-959	2

time: 946687443.7131121
diff: 118.28688788414001
waiting
going to web site
Hello world	Thread-1221	3

time: 946687684.044774
diff: -62.04477405548096
going to web site
Hello world	Thread-1225	2

time: 946687684.7420061
diff: -2.7420060634613037
going to web site
Hello world	Thread-1226	2

time: 946687685.433238
diff: 57.56676197052002
waiting
going to web site
Hello world	Thread-1296	3

time: 946687746.691232
diff: 116.30876803398132
waiting
going to web site
Hello world	Thread-1447	2

time: 946687870.696233
diff: 112.30376696586609
waiting
going to web site
Hello world	Thread-1609	4

time: 946688014.7002331
diff: 28.299766898155212
waiting
going to web site
Hello world	Thread-1747	7

time: 946688163.969459
diff: -0.969459056854248
going to web site
Hello world	Thread-1755	7

time: 946688164.563115
diff: 58.43688499927521
waiting
going to web site
Hello world	Thread-1936	6

time: 946688344.99326
diff: -60.99326002597809
going to web site
Hello world	Thread-1946	6

