time: 946686600.0
diff: 89.0
waiting
going to web site
Hello world	Thread-405	4

time: 946686689.718408
diff: -0.7184079885482788
going to web site
Hello world	Thread-412	5

time: 946686690.444816
diff: -1.444815993309021
going to web site
Hello world	Thread-423	4

time: 946686691.172076
diff: -1.1720759868621826
going to web site
Hello world	Thread-433	3

time: 946686691.903484
diff: -1.9034839868545532
going to web site
Hello world	Thread-437	9

time: 946686692.621892
diff: -2.621891975402832
going to web site
Hello world	Thread-447	5

time: 946686693.3433
diff: -3.343299984931946
going to web site
Hello world	Thread-459	4

time: 946686694.078384
diff: -4.078384041786194
going to web site
Hello world	Thread-467	2

time: 946686694.813792
diff: -4.813791990280151
going to web site
Hello world	Thread-473	6

time: 946686695.552881
diff: -5.5528810024261475
going to web site
Hello world	Thread-481	3

time: 946686696.290289
diff: -6.290289044380188
going to web site
Hello world	Thread-489	3

time: 946686697.0086969
diff: -6.008696913719177
going to web site
Hello world	Thread-494	5

time: 946686697.728105
diff: -5.728104948997498
going to web site
Hello world	Thread-501	4

time: 946686698.446513
diff: -6.446513056755066
going to web site
Hello world	Thread-506	4

time: 946686699.173921
diff: -6.17392098903656
going to web site
Hello world	Thread-513	4

time: 946686699.910329
diff: -6.910328984260559
going to web site
Hello world	Thread-517	4

time: 946686700.635237
diff: -7.635236978530884
going to web site
Hello world	Thread-523	3

time: 946686701.3636451
diff: -8.363645076751709
going to web site
Hello world	Thread-531	3

time: 946686702.082053
diff: -9.082052946090698
going to web site
Hello world	Thread-538	3

time: 946686702.800461
diff: -8.800461053848267
going to web site
Hello world	Thread-540	5

time: 946686703.525869
diff: -8.525869011878967
going to web site
Hello world	Thread-545	2

time: 946686704.244277
diff: -7.244277000427246
going to web site
Hello world	Thread-549	2

time: 946686704.962869
diff: -7.962869048118591
going to web site
Hello world	Thread-554	4

time: 946686705.6846211
diff: -7.684621095657349
going to web site
Hello world	Thread-559	3

time: 946686706.4060291
diff: -7.406029105186462
going to web site
Hello world	Thread-567	4

time: 946686707.142256
diff: -8.142256021499634
going to web site
Hello world	Thread-580	4

time: 946686707.865664
diff: -4.865664005279541
going to web site
Hello world	Thread-586	8

time: 946686708.596072
diff: -5.59607195854187
going to web site
Hello world	Thread-597	6

time: 946686709.31448
diff: -4.314479947090149
going to web site
Hello world	Thread-609	5

time: 946686710.047824
diff: -4.047824025154114
going to web site
Hello world	Thread-617	8

time: 946686710.766232
diff: -4.766232013702393
going to web site
Hello world	Thread-624	4

time: 946686711.491882
diff: -5.491881966590881
going to web site
Hello world	Thread-93	2

time: 946686712.2102901
diff: -6.21029007434845
going to web site
Hello world	Thread-638	5

time: 946686712.928698
diff: -5.928697943687439
going to web site
Hello world	Thread-644	6

time: 946686713.6731061
diff: -6.673106074333191
going to web site
Hello world	Thread-652	3

time: 946686714.396514
diff: -3.396514058113098
going to web site
Hello world	Thread-658	6

time: 946686715.120922
diff: -3.1209219694137573
going to web site
Hello world	Thread-664	5

time: 946686715.86735
diff: -1.8673499822616577
going to web site
Hello world	Thread-671	5

time: 946686716.592175
diff: -2.592175006866455
going to web site
Hello world	Thread-679	3

time: 946686717.3226631
diff: -2.3226630687713623
going to web site
Hello world	Thread-684	2

time: 946686718.0741041
diff: -3.074104070663452
going to web site
Hello world	Thread-689	4

time: 946686718.805552
diff: -2.8055520057678223
going to web site
Hello world	Thread-693	4

time: 946686719.53696
diff: -3.536960005760193
going to web site
Hello world	Thread-698	2

time: 946686720.259368
diff: -4.259367942810059
going to web site
Hello world	Thread-703	3

time: 946686720.977776
diff: -4.977776050567627
going to web site
Hello world	Thread-707	4

time: 946686721.696184
diff: 0.30381596088409424
waiting
going to web site
Hello world	Thread-714	3

time: 946686722.732409
diff: 0.2675909996032715
waiting
going to web site
Hello world	Thread-721	3

time: 946686723.718408
diff: -0.7184079885482788
going to web site
Hello world	Thread-725	5

time: 946686724.451816
diff: -1.4518159627914429
going to web site
Hello world	Thread-733	3

time: 946686725.1712241
diff: -1.1712241172790527
going to web site
Hello world	Thread-738	3

time: 946686725.889632
diff: -1.889631986618042
going to web site
Hello world	Thread-742	6

time: 946686726.61304
diff: -1.6130399703979492
going to web site
Hello world	Thread-749	4

time: 946686727.3314481
diff: -2.3314480781555176
going to web site
Hello world	Thread-126	2

time: 946686728.070856
diff: -3.070855975151062
going to web site
Hello world	Thread-758	4

time: 946686728.803264
diff: 3.196735978126526
waiting
going to web site
Hello world	Thread-773	2

time: 946686732.718408
diff: 7.281592011451721
waiting
going to web site
Hello world	Thread-151	2

time: 946686740.739409
diff: 19.26059103012085
waiting
going to web site
Hello world	Thread-188	3

time: 946686760.727409
diff: 3.2725909948349
waiting
going to web site
Hello world	Thread-911	3

time: 946686764.732409
diff: 23.26759099960327
waiting
going to web site
Hello world	Thread-268	4

time: 946686788.7370211
diff: 10.262978911399841
waiting
going to web site
Hello world	Thread-295	5

time: 946686799.724236
diff: 24.275763988494873
waiting
going to web site
Hello world	Thread-376	4

time: 946686824.7224079
diff: 10.277592062950134
waiting
going to web site
Hello world	Thread-408	6

time: 946686835.7314091
diff: 12.268590927124023
waiting
going to web site
Hello world	Thread-450	4

time: 946686848.723453
diff: 15.276546955108643
waiting
going to web site
Hello world	Thread-1393	2

time: 946686864.731408
diff: 1.2685920000076294
waiting
going to web site
Hello world	Thread-1400	3

time: 946686866.727409
diff: 0.2725909948348999
waiting
going to web site
Hello world	Thread-1404	2

time: 946686867.721408
diff: -0.7214080095291138
going to web site
Hello world	Thread-1405	2

time: 946686868.4398159
diff: -1.439815878868103
going to web site
Hello world	Thread-1407	2

time: 946686869.158224
diff: -2.1582239866256714
going to web site
Hello world	Thread-1408	2

time: 946686869.8846321
diff: -1.8846321105957031
going to web site
Hello world	Thread-1409	3

time: 946686870.616652
diff: -1.616652011871338
going to web site
Hello world	Thread-1411	2

time: 946686871.3386791
diff: -1.3386790752410889
going to web site
Hello world	Thread-529	2

time: 946686872.057087
diff: -2.057086944580078
going to web site
Hello world	Thread-1416	3

time: 946686872.784495
diff: -0.7844949960708618
going to web site
Hello world	Thread-1418	2

time: 946686873.502903
diff: 14.49709701538086
waiting
going to web site
Hello world	Thread-591	4

time: 946686888.727563
diff: 26.2724369764328
waiting
going to web site
Hello world	Thread-707	3

time: 946686915.727408
diff: 25.272591948509216
waiting
going to web site
Hello world	Thread-811	3

time: 946686941.723408
diff: 24.276592016220093
waiting
going to web site
Hello world	Thread-919	4

time: 946686966.730577
diff: 37.26942300796509
waiting
going to web site
Hello world	Thread-1100	5

time: 946687004.727409
diff: 19.2725909948349
waiting
going to web site
Hello world	Thread-1189	3

time: 946687024.725408
diff: 15.2745920419693
waiting
going to web site
Hello world	Thread-1267	2

time: 946687040.733409
diff: 20.26659095287323
waiting
going to web site
Hello world	Thread-1360	5

time: 946687061.718408
diff: 23.28159201145172
waiting
going to web site
Hello world	Thread-1477	5

time: 946687086.7314091
diff: 26.268590927124023
waiting
going to web site
Hello world	Thread-1590	4

time: 946687113.718408
diff: 27.28159201145172
waiting
going to web site
Hello world	Thread-1713	3

time: 946687141.7312369
diff: 9.268763065338135
waiting
going to web site
Hello world	Thread-1753	3

time: 946687151.718409
diff: 38.281591057777405
waiting
going to web site
Hello world	Thread-1912	6

time: 946687190.723409
diff: 24.276590943336487
waiting
going to web site
Hello world	Thread-2016	5

time: 946687215.727408
diff: 10.272591948509216
waiting
going to web site
Hello world	Thread-2070	5

time: 946687226.718408
diff: 35.28159201145172
waiting
going to web site
Hello world	Thread-2221	3

time: 946687262.723409
diff: 17.276590943336487
waiting
going to web site
Hello world	Thread-2302	6

time: 946687280.718408
diff: 17.28159201145172
waiting
going to web site
Hello world	Thread-2387	4

time: 946687298.5350649
diff: 21.464935064315796
waiting
going to web site
Hello world	Thread-2482	5

time: 946687320.543065
diff: 14.456935048103333
waiting
going to web site
Hello world	Thread-2545	8

time: 946687335.542065
diff: 15.457934975624084
waiting
going to web site
Hello world	Thread-2610	5

time: 946687351.526064
diff: 23.473935961723328
waiting
going to web site
Hello world	Thread-2721	4

time: 946687375.526064
diff: 34.47393596172333
waiting
going to web site
Hello world	Thread-2872	7

time: 946687410.526064
diff: 17.473935961723328
waiting
going to web site
Hello world	Thread-2953	7

time: 946687428.5350641
diff: 23.464935898780823
waiting
going to web site
Hello world	Thread-3056	5

time: 946687452.526064
diff: 29.473935961723328
waiting
going to web site
Hello world	Thread-3188	5

time: 946687482.526064
diff: 14.473935961723328
waiting
going to web site
Hello world	Thread-3251	6

time: 946687497.5350641
diff: 33.46493589878082
waiting
going to web site
Hello world	Thread-3404	6

time: 946687531.5350641
diff: 23.464935898780823
waiting
going to web site
Hello world	Thread-3507	6

time: 946687555.5350641
diff: 24.464935898780823
waiting
going to web site
Hello world	Thread-3613	7

time: 946687580.5350641
diff: 24.464935898780823
waiting
going to web site
Hello world	Thread-3718	7

time: 946687605.526064
diff: 13.473935961723328
waiting
going to web site
Hello world	Thread-3788	7

time: 946687619.5350641
diff: 26.464935898780823
waiting
going to web site
Hello world	Thread-3897	6

time: 946687646.5350641
diff: 24.464935898780823
waiting
going to web site
Hello world	Thread-4010	4

time: 946687671.534932
diff: 17.465067982673645
waiting
going to web site
Hello world	Thread-4093	6

time: 946687689.5350641
diff: 11.464935898780823
waiting
going to web site
Hello world	Thread-4148	6

time: 946687701.5350641
diff: 28.464935898780823
waiting
going to web site
Hello world	Thread-4275	3

time: 946687730.526064
diff: 10.473935961723328
waiting
going to web site
Hello world	Thread-4318	7

time: 946687741.530064
diff: 24.46993601322174
waiting
going to web site
Hello world	Thread-4427	6

time: 946687766.526065
diff: 13.473935008049011
waiting
going to web site
Hello world	Thread-4498	3

time: 946687780.526065
diff: 23.47393500804901
waiting
going to web site
Hello world	Thread-4603	2

time: 946687804.5350649
diff: 33.464935064315796
waiting
going to web site
Hello world	Thread-4754	5

time: 946687838.539065
diff: 14.46093499660492
waiting
going to web site
Hello world	Thread-4821	7

time: 946687853.534064
diff: 21.465935945510864
waiting
going to web site
Hello world	Thread-4919	6

time: 946687875.535416
diff: 31.46458399295807
waiting
going to web site
Hello world	Thread-5068	3

time: 946687907.832832
diff: 20.167168021202087
waiting
going to web site
Hello world	Thread-5176	5

time: 946687928.841833
diff: 33.158167004585266
waiting
going to web site
Hello world	Thread-5330	5

time: 946687962.832833
diff: 8.167166948318481
waiting
going to web site
Hello world	Thread-5372	6

time: 946687971.832832
diff: 11.167168021202087
waiting
going to web site
Hello world	Thread-5432	3

time: 946687983.832833
diff: 18.16716694831848
waiting
going to web site
Hello world	Thread-5513	4

time: 946688002.832832
diff: 19.167168021202087
waiting
going to web site
Hello world	Thread-5610	2

time: 946688022.841833
diff: 36.158167004585266
waiting
going to web site
Hello world	Thread-5774	2

time: 946688059.84648
diff: 14.153519988059998
waiting
going to web site
Hello world	Thread-5836	5

time: 946688074.832832
diff: 30.167168021202087
waiting
going to web site
Hello world	Thread-5974	6

time: 946688105.832833
diff: 13.167166948318481
waiting
going to web site
Hello world	Thread-6032	2

time: 946688119.832832
diff: 16.167168021202087
waiting
going to web site
Hello world	Thread-6111	3

time: 946688136.832833
diff: 37.16716694831848
waiting
going to web site
Hello world	Thread-6265	4

time: 946688174.832832
diff: 28.167168021202087
waiting
going to web site
Hello world	Thread-6403	5

time: 946688204.841833
diff: 19.158167004585266
waiting
going to web site
Hello world	Thread-6495	4

time: 946688224.859833
diff: 31.140166997909546
waiting
going to web site
Hello world	Thread-6627	6

time: 946688256.836832
diff: 14.163167953491211
waiting
going to web site
Hello world	Thread-6694	2

time: 946688271.832832
diff: 26.167168021202087
waiting
going to web site
Hello world	Thread-6818	4

time: 946688299.8434801
diff: 12.156519889831543
waiting
going to web site
Hello world	Thread-6879	2

time: 946688312.842832
diff: 26.15716803073883
waiting
going to web site
Hello world	Thread-6995	4

time: 946688339.832833
diff: 14.167166948318481
waiting
going to web site
Hello world	Thread-7060	6

time: 946688354.832832
diff: 19.167168021202087
waiting
going to web site
Hello world	Thread-7157	4

time: 946688375.841833
diff: 18.158167004585266
waiting
going to web site
Hello world	Thread-7269	4

time: 946688401.846833
diff: 13.153167009353638
waiting
going to web site
Hello world	Thread-7333	4

time: 946688415.832833
diff: 29.16716694831848
waiting
going to web site
Hello world	Thread-7468	2

time: 946688445.836832
diff: 4.163167953491211
waiting
going to web site
Hello world	Thread-7490	2

time: 946688450.832832
diff: 17.167168021202087
waiting
going to web site
Hello world	Thread-7571	2

time: 946688468.845833
diff: 25.15416705608368
waiting
going to web site
Hello world	Thread-7683	2

time: 946688494.8378329
diff: 38.16216707229614
waiting
going to web site
Hello world	Thread-7848	4

time: 946688533.841833
diff: 18.158167004585266
waiting
going to web site
Hello world	Thread-7940	2

time: 946688553.841833
diff: 34.158167004585266
waiting
going to web site
Hello world	Thread-8095	4

time: 946688588.832833
diff: 16.16716694831848
waiting
going to web site
Hello world	Thread-8171	6

time: 946688605.832832
diff: 40.16716802120209
waiting
going to web site
Hello world	Thread-8342	2

time: 946688646.841833
diff: 18.158167004585266
waiting
going to web site
Hello world	Thread-8438	2

time: 946688666.841833
diff: 23.158167004585266
waiting
going to web site
Hello world	Thread-8534	5

time: 946688690.832833
diff: 13.167166948318481
waiting
going to web site
Hello world	Thread-8586	3

time: 946688704.832832
diff: 27.167168021202087
waiting
going to web site
Hello world	Thread-8701	2

time: 946688732.841833
diff: 18.158167004585266
waiting
going to web site
Hello world	Thread-8778	2

time: 946688751.832833
diff: 24.16716694831848
waiting
going to web site
Hello world	Thread-8870	4

time: 946688776.834832
diff: 37.165168046951294
waiting
going to web site
Hello world	Thread-9027	2

time: 946688814.832833
diff: 12.167166948318481
waiting
going to web site
Hello world	Thread-9074	3

time: 946688827.851832
diff: 29.148167967796326
waiting
going to web site
Hello world	Thread-9205	3

time: 946688857.832832
diff: 16.167168021202087
waiting
going to web site
Hello world	Thread-9275	2

time: 946688874.841833
diff: 12.158167004585266
waiting
going to web site
Hello world	Thread-9333	2

time: 946688887.841897
diff: 37.15810298919678
waiting
going to web site
Hello world	Thread-9497	5

time: 946688925.832832
diff: 22.167168021202087
waiting
going to web site
Hello world	Thread-9592	3

time: 946688948.836833
diff: 11.163166999816895
waiting
going to web site
Hello world	Thread-9651	2

time: 946688960.832832
diff: 22.167168021202087
waiting
going to web site
Hello world	Thread-9757	2

time: 946688983.841833
diff: 19.158167004585266
waiting
going to web site
Hello world	Thread-9857	2

time: 946689003.841833
diff: 24.158167004585266
waiting
going to web site
Hello world	Thread-9970	3

time: 946689028.841833
diff: 18.158167004585266
waiting
going to web site
Hello world	Thread-10066	2

time: 946689050.842833
diff: 8.157166957855225
waiting
going to web site
Hello world	Thread-10105	3

time: 946689059.832832
diff: 13.167168021202087
waiting
going to web site
Hello world	Thread-10173	4

time: 946689073.832833
diff: 27.16716694831848
waiting
going to web site
Hello world	Thread-10302	4

time: 946689101.832832
diff: 26.167168021202087
waiting
going to web site
Hello world	Thread-10448	2

time: 946689131.841833
diff: 12.158167004585266
waiting
going to web site
Hello world	Thread-10508	6

time: 946689144.5380651
diff: 31.46193492412567
waiting
going to web site
Hello world	Thread-10653	6

time: 946689176.5350641
diff: 14.464935898780823
waiting
going to web site
Hello world	Thread-10734	6

time: 946689191.5350641
diff: 31.464935898780823
waiting
going to web site
Hello world	Thread-10886	6

time: 946689223.5290639
diff: 8.470936059951782
waiting
going to web site
Hello world	Thread-10925	4

time: 946689232.536065
diff: 26.463935017585754
waiting
going to web site
Hello world	Thread-11060	6

time: 946689259.544153
diff: 10.455847024917603
waiting
going to web site
Hello world	Thread-11107	6

time: 946689270.539065
diff: 28.46093499660492
waiting
going to web site
Hello world	Thread-11251	3

time: 946689299.5350641
diff: 21.464935898780823
waiting
going to web site
Hello world	Thread-11354	6

time: 946689321.5350641
diff: 15.464935898780823
waiting
going to web site
Hello world	Thread-11428	6

time: 946689337.5350641
diff: 28.464935898780823
waiting
going to web site
Hello world	Thread-11555	7

time: 946689366.5350641
diff: 28.464935898780823
waiting
going to web site
Hello world	Thread-11696	8

time: 946689395.5350641
diff: 4.464935898780823
waiting
going to web site
Hello world	Thread-11722	4

time: 946689400.5350641
diff: 22.464935898780823
waiting
going to web site
Hello world	Thread-11818	7

time: 946689423.526064
diff: 22.473935961723328
waiting
going to web site
Hello world	Thread-11915	6

time: 946689446.526064
diff: 18.473935961723328
waiting
going to web site
Hello world	Thread-12010	7

time: 946689465.535781
diff: 20.464218974113464
waiting
going to web site
Hello world	Thread-12115	6

time: 946689486.5350641
diff: 28.464935898780823
waiting
going to web site
Hello world	Thread-12237	7

time: 946689515.5350641
diff: 25.464935898780823
waiting
going to web site
Hello world	Thread-12359	7

time: 946689541.5294169
diff: 29.470583081245422
waiting
going to web site
Hello world	Thread-12495	6

time: 946689571.542065
diff: 19.457934975624084
waiting
going to web site
Hello world	Thread-12589	4

time: 946689591.526064
diff: 25.473935961723328
waiting
going to web site
Hello world	Thread-12700	7

time: 946689617.5294169
diff: 0.47058308124542236
waiting
going to web site
Hello world	Thread-12706	7

time: 946689618.5350649
diff: 33.464935064315796
waiting
going to web site
Hello world	Thread-12866	3

time: 946689652.526065
diff: 15.473935008049011
waiting
going to web site
Hello world	Thread-12938	5

time: 946689668.5300651
diff: 28.469934940338135
waiting
going to web site
Hello world	Thread-13077	5

time: 946689697.5350641
diff: 19.464935898780823
waiting
going to web site
Hello world	Thread-13172	2

time: 946689717.526064
diff: 16.473935961723328
waiting
going to web site
Hello world	Thread-13240	7

time: 946689734.5350641
diff: 14.464935898780823
waiting
going to web site
Hello world	Thread-13315	4

time: 946689749.836832
diff: 16.16316795349121
waiting
going to web site
Hello world	Thread-13389	4

time: 946689766.832832
diff: 33.16716802120209
waiting
going to web site
Hello world	Thread-13543	4

time: 946689800.832833
diff: 15.167166948318481
waiting
going to web site
Hello world	Thread-13621	5

time: 946689816.832832
diff: 29.167168021202087
waiting
going to web site
Hello world	Thread-13760	4

time: 946689846.841833
diff: 14.158167004585266
waiting
going to web site
Hello world	Thread-13831	4

time: 946689861.832833
diff: 25.16716694831848
waiting
going to web site
Hello world	Thread-13951	6

time: 946689887.832832
diff: 28.167168021202087
waiting
going to web site
Hello world	Thread-14075	3

time: 946689916.841833
diff: 22.158167004585266
waiting
going to web site
Hello world	Thread-14174	4

time: 946689939.841833
diff: 19.158167004585266
waiting
going to web site
Hello world	Thread-14268	2

time: 946689959.841833
diff: 34.158167004585266
waiting
going to web site
Hello world	Thread-14422	3

time: 946689995.841833
diff: 23.158167004585266
waiting
going to web site
Hello world	Thread-14527	2

time: 946690019.841833
diff: 18.158167004585266
waiting
going to web site
Hello world	Thread-14607	2

time: 946690038.841833
diff: 15.158167004585266
waiting
going to web site
Hello world	Thread-14674	2

time: 946690054.841833
diff: 23.158167004585266
waiting
going to web site
Hello world	Thread-14768	3

time: 946690078.841833
diff: 28.158167004585266
waiting
going to web site
Hello world	Thread-14906	4

time: 946690107.832833
diff: 10.167166948318481
waiting
going to web site
Hello world	Thread-14943	3

time: 946690118.832832
diff: 24.167168021202087
waiting
going to web site
Hello world	Thread-15050	2

time: 946690143.836833
diff: 31.163166999816895
waiting
going to web site
Hello world	Thread-15186	5

time: 946690175.832832
diff: 25.167168021202087
waiting
going to web site
Hello world	Thread-15298	3

time: 946690201.841833
diff: 11.158167004585266
waiting
going to web site
Hello world	Thread-15353	2

time: 946690213.841833
diff: 24.158167004585266
waiting
going to web site
Hello world	Thread-15461	2

time: 946690238.841833
diff: 32.158167004585266
waiting
going to web site
Hello world	Thread-15619	3

time: 946690272.859833
diff: 5.140166997909546
waiting
going to web site
Hello world	Thread-15636	4

time: 946690278.832832
diff: 35.16716802120209
waiting
going to web site
Hello world	Thread-15794	3

time: 946690314.84238
diff: 14.157619953155518
waiting
going to web site
Hello world	Thread-15854	3

time: 946690329.832832
diff: 32.16716802120209
waiting
going to web site
Hello world	Thread-15993	4

time: 946690362.841833
diff: 12.158167004585266
waiting
going to web site
Hello world	Thread-16055	2

time: 946690375.846833
diff: 31.153167009353638
waiting
going to web site
Hello world	Thread-16200	2

time: 946690408.845833
diff: 21.15416705608368
waiting
going to web site
Hello world	Thread-16291	3

time: 946690430.841833
diff: 22.158167004585266
waiting
going to web site
Hello world	Thread-16391	2

time: 946690453.841833
diff: 27.158167004585266
waiting
going to web site
Hello world	Thread-16514	4

time: 946690481.841833
diff: 8.158167004585266
waiting
going to web site
Hello world	Thread-16618	2

time: 946690505.8423929
diff: 6.157607078552246
waiting
going to web site
Hello world	Thread-16653	3

time: 946690512.841897
diff: 26.158102989196777
waiting
going to web site
Hello world	Thread-16771	3

time: 946690539.838833
diff: 15.161167025566101
waiting
going to web site
Hello world	Thread-16832	4

time: 946690555.841833
diff: 19.158167004585266
waiting
going to web site
Hello world	Thread-16926	4

time: 946690575.832833
diff: 33.16716694831848
waiting
going to web site
Hello world	Thread-17063	6

time: 946690609.832832
diff: 23.167168021202087
waiting
going to web site
Hello world	Thread-17175	3

time: 946690633.8422489
diff: 16.157751083374023
waiting
going to web site
Hello world	Thread-17242	2

time: 946690650.846833
diff: 29.153167009353638
waiting
going to web site
Hello world	Thread-17376	3

time: 946690680.841833
diff: 35.158167004585266
waiting
going to web site
Hello world	Thread-17532	3

time: 946690716.832833
diff: 12.167166948318481
waiting
going to web site
Hello world	Thread-17585	3

time: 946690729.838832
diff: 17.161167979240417
waiting
going to web site
Hello world	Thread-17666	4

time: 946690747.832832
diff: 31.167168021202087
waiting
going to web site
Hello world	Thread-17807	3

time: 946690779.841833
diff: 7.158167004585266
waiting
going to web site
Hello world	Thread-17841	3

time: 946690787.841833
diff: 35.158167004585266
waiting
going to web site
Hello world	Thread-17992	4

time: 946690823.841833
diff: 16.158167004585266
waiting
going to web site
Hello world	Thread-18068	2

time: 946690840.841833
diff: 30.158167004585266
waiting
going to web site
Hello world	Thread-18197	4

time: 946690871.8418959
diff: 24.158104062080383
waiting
going to web site
Hello world	Thread-18304	3

time: 946690896.841833
diff: 13.158167004585266
waiting
going to web site
Hello world	Thread-18364	2

time: 946690910.8616079
diff: 29.138392090797424
waiting
going to web site
Hello world	Thread-18485	2

time: 946690940.8463601
diff: 19.153639912605286
waiting
going to web site
Hello world	Thread-18571	4

time: 946690960.832832
diff: 29.167168021202087
waiting
going to web site
Hello world	Thread-18704	4

time: 946690990.841833
diff: 22.158167004585266
waiting
going to web site
Hello world	Thread-18804	2

time: 946691013.832833
diff: 13.167166948318481
waiting
going to web site
Hello world	Thread-18864	5

time: 946691027.832832
diff: 22.167168021202087
waiting
going to web site
Hello world	Thread-18972	3

time: 946691051.842665
diff: 23.15733504295349
waiting
going to web site
Hello world	Thread-19071	4

time: 946691075.832833
diff: 16.16716694831848
waiting
going to web site
Hello world	Thread-19154	5

time: 946691092.832832
diff: 32.16716802120209
waiting
going to web site
Hello world	Thread-19301	3

time: 946691125.832833
diff: 9.167166948318481
waiting
going to web site
Hello world	Thread-19347	6

time: 946691136.836832
diff: 13.163167953491211
waiting
going to web site
Hello world	Thread-19413	5

time: 946691150.832832
diff: 19.167168021202087
waiting
going to web site
Hello world	Thread-19502	3

time: 946691170.841833
diff: 30.158167004585266
waiting
going to web site
Hello world	Thread-19643	2

time: 946691201.841833
diff: 31.158167004585266
waiting
going to web site
Hello world	Thread-19798	2

time: 946691234.845833
diff: 13.15416705608368
waiting
going to web site
Hello world	Thread-19893	2

time: 946691255.841833
diff: 22.158167004585266
waiting
going to web site
Hello world	Thread-19997	3

time: 946691278.841833
diff: 15.158167004585266
waiting
going to web site
Hello world	Thread-20073	4

time: 946691294.841833
diff: 8.158167004585266
waiting
going to web site
Hello world	Thread-20108	2

time: 946691303.841833
diff: 16.158167004585266
waiting
going to web site
Hello world	Thread-20193	2

time: 946691320.841833
diff: 27.158167004585266
waiting
going to web site
Hello world	Thread-20323	4

time: 946691348.841833
diff: 16.158167004585266
waiting
going to web site
Hello world	Thread-20446	4

time: 946691372.841833
diff: 7.158167004585266
waiting
going to web site
Hello world	Thread-20523	3

time: 946691387.851833
diff: 25.14816701412201
waiting
going to web site
Hello world	Thread-20665	3

time: 946691416.842833
diff: 19.157166957855225
waiting
going to web site
Hello world	Thread-20753	4

time: 946691436.832832
diff: 16.167168021202087
waiting
going to web site
Hello world	Thread-20838	2

time: 946691453.842833
diff: 20.157166957855225
waiting
going to web site
Hello world	Thread-20929	5

time: 946691474.832832
diff: 21.167168021202087
waiting
going to web site
Hello world	Thread-21036	3

time: 946691496.836833
diff: 19.163166999816895
waiting
going to web site
Hello world	Thread-21126	5

time: 946691516.832832
diff: 21.167168021202087
waiting
going to web site
Hello world	Thread-21245	4

time: 946691539.8424569
diff: 21.157543063163757
waiting
going to web site
Hello world	Thread-21345	2

time: 946691562.848833
diff: 28.151167035102844
waiting
going to web site
Hello world	Thread-21476	2

time: 946691591.862037
diff: 18.13796305656433
waiting
going to web site
Hello world	Thread-21568	2

time: 946691611.878037
diff: 21.121963024139404
waiting
going to web site
Hello world	Thread-21666	2

time: 946691633.859037
diff: 24.140962958335876
waiting
going to web site
Hello world	Thread-21775	2

time: 946691658.850935
diff: 32.149065017700195
waiting
going to web site
Hello world	Thread-21921	2

time: 946691691.850037
diff: 9.149963021278381
waiting
going to web site
Hello world	Thread-21965	2

time: 946691701.858037
diff: 18.141963005065918
waiting
going to web site
Hello world	Thread-22050	2

time: 946691720.8655921
diff: 31.134407877922058
waiting
going to web site
Hello world	Thread-22189	5

time: 946691752.849036
diff: 26.15096402168274
waiting
going to web site
Hello world	Thread-22302	2

time: 946691779.859037
diff: 13.140962958335876
waiting
going to web site
Hello world	Thread-22366	3

time: 946691793.850935
diff: 12.149065017700195
waiting
going to web site
Hello world	Thread-22423	2

time: 946691806.859037
diff: 30.140962958335876
waiting
going to web site
Hello world	Thread-22557	2

time: 946691837.8590361
diff: 19.140963912010193
waiting
going to web site
Hello world	Thread-22642	2

time: 946691857.8590361
diff: 22.140963912010193
waiting
going to web site
Hello world	Thread-22750	5

time: 946691880.849036
diff: 34.15096402168274
waiting
going to web site
Hello world	Thread-22904	4

time: 946691915.850037
diff: 10.149963021278381
waiting
going to web site
Hello world	Thread-22954	3

time: 946691926.850037
diff: 22.14996302127838
waiting
going to web site
Hello world	Thread-23066	2

time: 946691950.8650371
diff: 13.134962916374207
waiting
going to web site
Hello world	Thread-23130	3

time: 946691964.849036
diff: 27.15096402168274
waiting
going to web site
Hello world	Thread-23278	2

time: 946691995.859037
diff: 12.140962958335876
waiting
going to web site
Hello world	Thread-23334	4

time: 946692008.849036
diff: 27.15096402168274
waiting
going to web site
Hello world	Thread-23469	2

time: 946692036.850037
diff: 21.14996302127838
waiting
going to web site
Hello world	Thread-23583	2

time: 946692058.850037
diff: 11.149963021278381
waiting
going to web site
Hello world	Thread-23644	2

time: 946692071.859037
diff: 15.140962958335876
waiting
going to web site
Hello world	Thread-23723	3

time: 946692088.860037
diff: 15.139963030815125
waiting
going to web site
Hello world	Thread-23794	2

time: 946692104.850037
diff: 21.14996302127838
waiting
going to web site
Hello world	Thread-23906	2

time: 946692126.860037
diff: 15.139963030815125
waiting
going to web site
Hello world	Thread-23978	2

time: 946692142.859037
diff: 27.140962958335876
waiting
going to web site
Hello world	Thread-24100	2

time: 946692170.850935
diff: 32.149065017700195
waiting
going to web site
Hello world	Thread-24251	4

time: 946692203.8419061
diff: 10.158093929290771
waiting
going to web site
Hello world	Thread-24303	6

time: 946692214.832832
diff: 28.167168021202087
waiting
going to web site
Hello world	Thread-24434	4

time: 946692243.832833
diff: 32.16716694831848
waiting
going to web site
Hello world	Thread-24593	4

time: 946692277.832832
diff: 24.167168021202087
waiting
going to web site
Hello world	Thread-24707	5

time: 946692302.8408331
diff: 15.159166932106018
waiting
going to web site
Hello world	Thread-24774	5

time: 946692318.832832
diff: 28.167168021202087
waiting
going to web site
Hello world	Thread-24899	2

time: 946692347.841833
diff: 21.158167004585266
waiting
going to web site
Hello world	Thread-24996	3

time: 946692370.841833
diff: 23.158167004585266
waiting
going to web site
Hello world	Thread-25105	3

time: 946692395.841833
diff: 24.158167004585266
waiting
going to web site
Hello world	Thread-25205	2

time: 946692420.841833
diff: 12.158167004585266
waiting
going to web site
Hello world	Thread-25261	4

time: 946692433.832833
diff: 26.16716694831848
waiting
going to web site
Hello world	Thread-25374	4

time: 946692460.836832
diff: 32.16316795349121
waiting
going to web site
Hello world	Thread-25516	2

time: 946692493.851481
diff: 17.148519039154053
waiting
going to web site
Hello world	Thread-25592	3

time: 946692511.841833
diff: 19.158167004585266
waiting
going to web site
Hello world	Thread-25670	3

time: 946692531.841864
diff: 24.158136010169983
waiting
going to web site
Hello world	Thread-25781	3

time: 946692556.841833
diff: 27.158167004585266
waiting
going to web site
Hello world	Thread-25899	5

time: 946692584.841833
diff: 17.158167004585266
waiting
going to web site
Hello world	Thread-25974	2

time: 946692602.851665
diff: 33.148334980010986
waiting
going to web site
Hello world	Thread-26115	4

time: 946692636.832832
diff: 26.167168021202087
waiting
going to web site
Hello world	Thread-26219	2

time: 946692663.841833
diff: 3.158167004585266
waiting
going to web site
Hello world	Thread-26234	3

time: 946692668.841833
diff: 14.158167004585266
waiting
going to web site
Hello world	Thread-26291	2

