time: 946686600.0
diff: 0.0
going to web site
Hello world	Thread-14	6

time: 946686601.649364
diff: 118.35063600540161
waiting
going to web site
Hello world	Thread-69	5

time: 946686720.666575
diff: 119.33342504501343
waiting
going to web site
Hello world	Thread-165	5

time: 946686843.667365
diff: 117.33263504505157
waiting
going to web site
Hello world	Thread-222	4

time: 946686962.668364
diff: 118.33163595199585
waiting
going to web site
Hello world	Thread-281	7

time: 946687082.657364
diff: 118.34263598918915
waiting
going to web site
Hello world	Thread-371	2

time: 946687232.8666841
diff: 88.13331592082977
waiting
going to web site
Hello world	Thread-432	3

time: 946687336.849684
diff: 44.15031599998474
waiting
going to web site
Hello world	Thread-467	2

time: 946687396.8586841
diff: 105.14131593704224
waiting
going to web site
Hello world	Thread-530	2

time: 946687505.8765382
diff: 116.12346184253693
waiting
going to web site
Hello world	Thread-599	2

time: 946687637.8586841
diff: 104.14131593704224
waiting
going to web site
Hello world	Thread-659	2

time: 946687749.8496841
diff: 52.15031588077545
waiting
going to web site
Hello world	Thread-664	4

time: 946687802.674496
diff: 119.32550394535065
waiting
going to web site
Hello world	Thread-743	5

time: 946687923.655909
diff: 118.3440910577774
waiting
going to web site
Hello world	Thread-804	6

time: 946688043.6589091
diff: 59.34109091758728
waiting
going to web site
Hello world	Thread-853	2

time: 946688106.656908
diff: 56.34309196472168
waiting
going to web site
Hello world	Thread-869	6

time: 946688163.646908
diff: 119.35309195518494
waiting
going to web site
Hello world	Thread-953	4

time: 946688290.667908
diff: 52.33209204673767
waiting
going to web site
Hello world	Thread-982	2

