time: 946686600.0
diff: 0.0
going to web site
Hello world	Thread-9	5

time: 946686601.089084
diff: 119.91091597080231
waiting
going to web site
Hello world	Thread-86	2

time: 946686722.085085
diff: 58.91491496562958
waiting
going to web site
Hello world	Thread-122	2

time: 946686782.0920839
diff: 118.90791606903076
waiting
going to web site
Hello world	Thread-186	2

time: 946686902.108267
diff: 118.89173305034637
waiting
going to web site
Hello world	Thread-254	3

time: 946687022.0850841
diff: 118.9149159193039
waiting
going to web site
Hello world	Thread-313	5

time: 946687142.0750841
diff: 118.92491590976715
waiting
going to web site
Hello world	Thread-390	4

time: 946687264.668364
diff: 117.33163595199585
waiting
going to web site
Hello world	Thread-442	4

time: 946687382.6667511
diff: 119.33324885368347
waiting
going to web site
Hello world	Thread-525	7

time: 946687505.6673651
diff: 116.33263492584229
waiting
going to web site
Hello world	Thread-595	6

time: 946687637.667364
diff: 44.33263599872589
waiting
going to web site
Hello world	Thread-611	4

time: 946687683.658364
diff: 58.341635942459106
waiting
going to web site
Hello world	Thread-653	2

time: 946687745.667365
diff: 56.332635045051575
waiting
going to web site
Hello world	Thread-682	5

time: 946687809.659364
diff: 53.340636014938354
waiting
going to web site
Hello world	Thread-710	6

time: 946687864.6593649
diff: 118.34063506126404
waiting
going to web site
Hello world	Thread-780	6

time: 946687984.658365
diff: 118.34163498878479
waiting
going to web site
Hello world	Thread-843	6

time: 946688104.658364
diff: 118.3416359424591
waiting
going to web site
Hello world	Thread-908	4

time: 946688224.658364
diff: 118.3416359424591
waiting
going to web site
Hello world	Thread-986	4

