time: 946686600.0
diff: 223.0
waiting
going to web site
Hello world	Thread-1195	7

time: 946686823.535417
diff: 1.4645830392837524
waiting
going to web site
Hello world	Thread-1209	7

time: 946686825.538708
diff: 0.461292028427124
waiting
going to web site
Hello world	Thread-1218	5

time: 946686826.5350649
diff: 1.464935064315796
waiting
going to web site
Hello world	Thread-1229	6

time: 946686828.533065
diff: 4.466935038566589
waiting
going to web site
Hello world	Thread-1252	6

time: 946686833.533065
diff: -0.5330649614334106
going to web site
Hello world	Thread-1256	3

time: 946686834.059129
diff: 4.940871000289917
waiting
going to web site
Hello world	Thread-1278	5

time: 946686839.546666
diff: -0.5466660261154175
going to web site
Hello world	Thread-1283	2

time: 946686840.112807
diff: -1.112807035446167
going to web site
Hello world	Thread-1288	5

time: 946686840.6488711
diff: 0.3511289358139038
waiting
going to web site
Hello world	Thread-426	7

time: 946686841.5350641
diff: 3.4649358987808228
waiting
going to web site
Hello world	Thread-1308	3

time: 946686845.530064
diff: 1.4699360132217407
waiting
going to web site
Hello world	Thread-1314	3

time: 946686847.544065
diff: -0.544064998626709
going to web site
Hello world	Thread-1317	4

time: 946686848.070129
diff: 14.929870963096619
waiting
going to web site
Hello world	Thread-501	4

time: 946686863.5348239
diff: 15.465176105499268
waiting
going to web site
Hello world	Thread-559	8

time: 946686879.542272
diff: 4.457728028297424
waiting
going to web site
Hello world	Thread-1454	4

time: 946686884.544381
diff: 0.4556189775466919
waiting
going to web site
Hello world	Thread-1458	3

time: 946686885.532064
diff: 11.467936038970947
waiting
going to web site
Hello world	Thread-1485	6

time: 946686897.543065
diff: -0.5430649518966675
going to web site
Hello world	Thread-1490	2

time: 946686898.069129
diff: -1.0691289901733398
going to web site
Hello world	Thread-1493	4

time: 946686898.605973
diff: -0.6059730052947998
going to web site
Hello world	Thread-640	2

time: 946686899.1430371
diff: 24.85696291923523
waiting
going to web site
Hello world	Thread-1688	3

time: 946686924.526064
diff: 2.4739359617233276
waiting
going to web site
Hello world	Thread-738	3

time: 946686927.5290639
diff: 14.470936059951782
waiting
going to web site
Hello world	Thread-814	5

time: 946686942.542065
diff: 2.4579349756240845
waiting
going to web site
Hello world	Thread-826	5

time: 946686945.526064
diff: 20.473935961723328
waiting
going to web site
Hello world	Thread-917	6

time: 946686966.535237
diff: 26.464763045310974
waiting
going to web site
Hello world	Thread-1048	8

time: 946686993.533065
diff: 19.46693503856659
waiting
going to web site
Hello world	Thread-1139	7

time: 946687013.5350649
diff: 17.464935064315796
waiting
going to web site
Hello world	Thread-1224	4

time: 946687031.540065
diff: 10.459934949874878
waiting
going to web site
Hello world	Thread-1273	6

time: 946687042.541065
diff: 36.458935022354126
waiting
going to web site
Hello world	Thread-1439	7

time: 946687079.539065
diff: 20.46093499660492
waiting
going to web site
Hello world	Thread-1538	6

time: 946687100.5350641
diff: 27.464935898780823
waiting
going to web site
Hello world	Thread-1657	4

time: 946687128.526064
diff: 20.473935961723328
waiting
going to web site
Hello world	Thread-1742	7

time: 946687149.526064
diff: 31.473935961723328
waiting
going to web site
Hello world	Thread-1868	9

time: 946687181.5350641
diff: 14.464935898780823
waiting
going to web site
Hello world	Thread-1935	7

time: 946687196.5350641
diff: 28.464935898780823
waiting
going to web site
Hello world	Thread-2068	3

time: 946687225.526064
diff: 22.473935961723328
waiting
going to web site
Hello world	Thread-2152	7

time: 946687248.5350641
diff: 18.464935898780823
waiting
going to web site
Hello world	Thread-2247	5

time: 946687267.526064
diff: 12.473935961723328
waiting
going to web site
Hello world	Thread-2301	7

time: 946687280.541517
diff: 29.45848298072815
waiting
going to web site
Hello world	Thread-2435	6

time: 946687310.5345191
diff: 41.46548092365265
waiting
going to web site
Hello world	Thread-2614	7

time: 946687352.5350641
diff: 11.464935898780823
waiting
going to web site
Hello world	Thread-2670	4

time: 946687364.534064
diff: 34.465935945510864
waiting
going to web site
Hello world	Thread-2825	7

time: 946687399.5294169
diff: 16.470583081245422
waiting
going to web site
Hello world	Thread-2906	2

time: 946687416.5350649
diff: 16.464935064315796
waiting
going to web site
Hello world	Thread-2976	4

time: 946687433.5350649
diff: 16.464935064315796
waiting
going to web site
Hello world	Thread-3048	6

time: 946687450.544065
diff: 18.45593500137329
waiting
going to web site
Hello world	Thread-3134	4

time: 946687469.526065
diff: 21.47393500804901
waiting
going to web site
Hello world	Thread-3231	5

time: 946687491.526065
diff: 19.47393500804901
waiting
going to web site
Hello world	Thread-3311	6

time: 946687511.544065
diff: 23.45593500137329
waiting
going to web site
Hello world	Thread-3423	5

time: 946687535.544065
diff: 33.45593500137329
waiting
going to web site
Hello world	Thread-3566	6

time: 946687569.5350649
diff: 13.464935064315796
waiting
going to web site
Hello world	Thread-3631	6

time: 946687583.5350649
diff: 31.464935064315796
waiting
going to web site
Hello world	Thread-3772	3

time: 946687615.5350649
diff: 20.464935064315796
waiting
going to web site
Hello world	Thread-3861	7

time: 946687636.5350649
diff: 18.464935064315796
waiting
going to web site
Hello world	Thread-3940	5

time: 946687655.5350649
diff: 33.464935064315796
waiting
going to web site
Hello world	Thread-4095	5

time: 946687689.544065
diff: 23.45593500137329
waiting
going to web site
Hello world	Thread-4195	6

time: 946687713.544065
diff: 26.45593500137329
waiting
going to web site
Hello world	Thread-4313	5

time: 946687740.5350649
diff: 10.464935064315796
waiting
going to web site
Hello world	Thread-4364	7

time: 946687751.533065
diff: 33.46693503856659
waiting
going to web site
Hello world	Thread-4520	3

time: 946687785.526065
diff: 22.47393500804901
waiting
going to web site
Hello world	Thread-4623	4

time: 946687808.5357369
diff: 18.464263081550598
waiting
going to web site
Hello world	Thread-4711	6

time: 946687827.544065
diff: 4.455935001373291
waiting
going to web site
Hello world	Thread-4733	4

time: 946687832.543065
diff: 21.456935048103333
waiting
going to web site
Hello world	Thread-4827	6

time: 946687854.5350649
diff: 22.464935064315796
waiting
going to web site
Hello world	Thread-4931	6

time: 946687877.5350649
diff: 31.464935064315796
waiting
going to web site
Hello world	Thread-5074	4

time: 946687909.5350649
diff: 2.464935064315796
waiting
going to web site
Hello world	Thread-5090	7

time: 946687912.536417
diff: 35.46358299255371
waiting
going to web site
Hello world	Thread-5263	7

time: 946687948.5350641
diff: 22.464935898780823
waiting
going to web site
Hello world	Thread-5371	7

time: 946687971.5350641
diff: 21.464935898780823
waiting
going to web site
Hello world	Thread-5475	7

time: 946687993.526064
diff: 23.473935961723328
waiting
going to web site
Hello world	Thread-5589	4

time: 946688017.5350649
diff: 22.464935064315796
waiting
going to web site
Hello world	Thread-5692	2

time: 946688040.910777
diff: 24.08922302722931
waiting
going to web site
Hello world	Thread-5801	3

time: 946688065.910777
diff: 15.089223027229309
waiting
going to web site
Hello world	Thread-5875	2

time: 946688081.910777
diff: 28.08922302722931
waiting
going to web site
Hello world	Thread-6003	2

time: 946688110.910777
diff: 10.089223027229309
waiting
going to web site
Hello world	Thread-6045	2

time: 946688121.910777
diff: 19.08922302722931
waiting
going to web site
Hello world	Thread-6127	2

time: 946688141.901777
diff: 21.098222970962524
waiting
going to web site
Hello world	Thread-6222	2

time: 946688163.9027761
diff: 27.0972238779068
waiting
going to web site
Hello world	Thread-6343	2

time: 946688191.9027761
diff: 25.0972238779068
waiting
going to web site
Hello world	Thread-6475	2

time: 946688220.905776
diff: 18.094223976135254
waiting
going to web site
Hello world	Thread-6557	3

time: 946688239.9027761
diff: 14.0972238779068
waiting
going to web site
Hello world	Thread-6622	2

time: 946688254.9027761
diff: 18.0972238779068
waiting
going to web site
Hello world	Thread-6703	2

time: 946688273.903776
diff: 38.09622395038605
waiting
going to web site
Hello world	Thread-6897	2

time: 946688315.9027761
diff: 14.0972238779068
waiting
going to web site
Hello world	Thread-6965	2

time: 946688331.9117199
diff: 32.08828008174896
waiting
going to web site
Hello world	Thread-7104	2

time: 946688364.910777
diff: 26.08922302722931
waiting
going to web site
Hello world	Thread-7229	2

time: 946688391.910777
diff: 22.08922302722931
waiting
going to web site
Hello world	Thread-7332	2

time: 946688414.910777
diff: 16.08922302722931
waiting
going to web site
Hello world	Thread-7409	2

time: 946688431.910777
diff: 19.08922302722931
waiting
going to web site
Hello world	Thread-7497	2

time: 946688451.910777
diff: 18.08922302722931
waiting
going to web site
Hello world	Thread-7584	2

time: 946688470.910777
diff: 28.08922302722931
waiting
going to web site
Hello world	Thread-7723	3

time: 946688502.901777
diff: 10.098222970962524
waiting
going to web site
Hello world	Thread-7769	2

time: 946688513.9067761
diff: 17.093223929405212
waiting
going to web site
Hello world	Thread-7842	2

time: 946688531.9027761
diff: 17.0972238779068
waiting
going to web site
Hello world	Thread-7923	2

time: 946688549.907776
diff: 33.09222400188446
waiting
going to web site
Hello world	Thread-8074	2

time: 946688583.910777
diff: 4.089223027229309
waiting
going to web site
Hello world	Thread-8097	2

time: 946688588.901777
diff: 16.098222970962524
waiting
going to web site
Hello world	Thread-8174	2

time: 946688605.9027761
diff: 28.0972238779068
waiting
going to web site
Hello world	Thread-8299	2

time: 946688634.910776
diff: 18.089223980903625
waiting
going to web site
Hello world	Thread-8375	5

time: 946688653.802192
diff: 33.197808027267456
waiting
going to web site
Hello world	Thread-8520	2

time: 946688687.7971929
diff: 26.202807068824768
waiting
going to web site
Hello world	Thread-8626	5

time: 946688714.802193
diff: 25.19780695438385
waiting
going to web site
Hello world	Thread-8729	6

time: 946688740.797192
diff: 32.202808022499084
waiting
going to web site
Hello world	Thread-8860	4

time: 946688773.801193
diff: 29.19880700111389
waiting
going to web site
Hello world	Thread-8982	6

time: 946688803.802193
diff: 25.19780695438385
waiting
going to web site
Hello world	Thread-9082	6

time: 946688829.802192
diff: 20.197808027267456
waiting
going to web site
Hello world	Thread-9179	5

time: 946688850.7971929
diff: 21.202807068824768
waiting
going to web site
Hello world	Thread-9267	3

time: 946688872.8031449
diff: 15.196855068206787
waiting
going to web site
Hello world	Thread-9338	6

time: 946688888.7971929
diff: 28.202807068824768
waiting
going to web site
Hello world	Thread-9463	4

time: 946688917.7971929
diff: 33.20280706882477
waiting
going to web site
Hello world	Thread-9609	3

time: 946688951.8031449
diff: 17.196855068206787
waiting
going to web site
Hello world	Thread-9696	3

time: 946688969.802193
diff: 26.19780695438385
waiting
going to web site
Hello world	Thread-9820	5

time: 946688996.797192
diff: 12.202808022499084
waiting
going to web site
Hello world	Thread-9886	5

time: 946689009.802193
diff: 19.19780695438385
waiting
going to web site
Hello world	Thread-9973	5

time: 946689029.802192
diff: 24.197808027267456
waiting
going to web site
Hello world	Thread-10082	3

time: 946689054.802193
diff: 19.19780695438385
waiting
going to web site
Hello world	Thread-10180	4

time: 946689074.8031449
diff: 19.196855068206787
waiting
going to web site
Hello world	Thread-10270	3

time: 946689094.7971929
diff: 18.202807068824768
waiting
going to web site
Hello world	Thread-10358	5

time: 946689113.802193
diff: 30.19780695438385
waiting
going to web site
Hello world	Thread-10511	3

time: 946689144.8151921
diff: 16.184807896614075
waiting
going to web site
Hello world	Thread-10589	5

time: 946689162.8031449
diff: 21.196855068206787
waiting
going to web site
Hello world	Thread-10698	6

time: 946689184.7971929
diff: 2.202807068824768
waiting
going to web site
Hello world	Thread-10715	4

time: 946689187.8031449
diff: 19.196855068206787
waiting
going to web site
Hello world	Thread-10810	5

time: 946689207.7971929
diff: 23.202807068824768
waiting
going to web site
Hello world	Thread-10920	3

time: 946689231.7971929
diff: 26.202807068824768
waiting
going to web site
Hello world	Thread-11055	5

time: 946689258.7245849
diff: 28.275415062904358
waiting
going to web site
Hello world	Thread-11187	6

time: 946689287.720585
diff: 22.279415011405945
waiting
going to web site
Hello world	Thread-11302	3

time: 946689310.741585
diff: 20.25841498374939
waiting
going to web site
Hello world	Thread-11397	5

time: 946689331.7205839
diff: 16.27941608428955
waiting
going to web site
Hello world	Thread-11477	4

time: 946689348.720585
diff: 17.279415011405945
waiting
going to web site
Hello world	Thread-11557	5

time: 946689366.732325
diff: 34.267675042152405
waiting
going to web site
Hello world	Thread-11727	5

time: 946689401.7342091
diff: -0.7342090606689453
going to web site
Hello world	Thread-11731	2

time: 946689402.454793
diff: 28.545207023620605
waiting
going to web site
Hello world	Thread-11865	4

time: 946689431.7326809
diff: 16.267319083213806
waiting
going to web site
Hello world	Thread-11930	5

time: 946689448.732325
diff: 30.267675042152405
waiting
going to web site
Hello world	Thread-12083	6

time: 946689479.732585
diff: 17.267415046691895
waiting
going to web site
Hello world	Thread-12161	5

time: 946689497.729585
diff: 26.27041494846344
waiting
going to web site
Hello world	Thread-12275	5

time: 946689524.7205839
diff: 13.27941608428955
waiting
going to web site
Hello world	Thread-12348	4

time: 946689538.732585
diff: 17.267415046691895
waiting
going to web site
Hello world	Thread-12433	6

time: 946689556.729585
diff: 20.27041494846344
waiting
going to web site
Hello world	Thread-12522	3

time: 946689577.7205839
diff: 19.27941608428955
waiting
going to web site
Hello world	Thread-12616	4

time: 946689597.729585
diff: 23.27041494846344
waiting
going to web site
Hello world	Thread-12723	4

time: 946689621.7205839
diff: 33.27941608428955
waiting
going to web site
Hello world	Thread-12877	5

time: 946689655.732585
diff: 26.267415046691895
waiting
going to web site
Hello world	Thread-13014	3

time: 946689682.732325
diff: 25.267675042152405
waiting
going to web site
Hello world	Thread-13121	5

time: 946689708.720585
diff: 17.279415011405945
waiting
going to web site
Hello world	Thread-13203	4

time: 946689726.729585
diff: 11.27041494846344
waiting
going to web site
Hello world	Thread-13257	5

time: 946689738.721584
diff: 29.27841603755951
waiting
going to web site
Hello world	Thread-13398	7

time: 946689768.720585
diff: 8.279415011405945
waiting
going to web site
Hello world	Thread-13435	6

time: 946689777.729585
diff: 37.27041494846344
waiting
going to web site
Hello world	Thread-13614	6

time: 946689815.721584
diff: 14.27841603755951
waiting
going to web site
Hello world	Thread-13681	5

time: 946689830.732325
diff: 19.267675042152405
waiting
going to web site
Hello world	Thread-13784	5

time: 946689850.732325
diff: 11.267675042152405
waiting
going to web site
Hello world	Thread-13838	6

time: 946689862.832833
diff: 22.16716694831848
waiting
going to web site
Hello world	Thread-13943	5

time: 946689885.832832
diff: 24.167168021202087
waiting
going to web site
Hello world	Thread-14057	3

time: 946689910.844833
diff: 22.15516698360443
waiting
going to web site
Hello world	Thread-14150	5

time: 946689933.832832
diff: 27.167168021202087
waiting
going to web site
Hello world	Thread-14276	4

time: 946689961.841833
diff: 5.158167004585266
waiting
going to web site
Hello world	Thread-14298	5

time: 946689967.841833
diff: 34.158167004585266
waiting
going to web site
Hello world	Thread-14452	3

time: 946690002.841833
diff: 21.158167004585266
waiting
going to web site
Hello world	Thread-14550	4

time: 946690024.841833
diff: 28.158167004585266
waiting
going to web site
Hello world	Thread-14670	2

time: 946690053.841833
diff: 21.158167004585266
waiting
going to web site
Hello world	Thread-14761	2

time: 946690075.832833
diff: 11.167166948318481
waiting
going to web site
Hello world	Thread-14815	3

time: 946690087.832832
diff: 40.16716802120209
waiting
going to web site
Hello world	Thread-14993	3

time: 946690128.841833
diff: 27.158167004585266
waiting
going to web site
Hello world	Thread-15109	4

time: 946690156.858037
diff: 22.141963005065918
waiting
going to web site
Hello world	Thread-15203	4

time: 946690179.832833
diff: 19.16716694831848
waiting
going to web site
Hello world	Thread-15284	5

time: 946690199.832832
diff: 13.167168021202087
waiting
going to web site
Hello world	Thread-15352	3

time: 946690213.841833
diff: 27.158167004585266
waiting
going to web site
Hello world	Thread-15478	4

time: 946690241.841833
diff: 12.158167004585266
waiting
going to web site
Hello world	Thread-15529	2

time: 946690254.841833
diff: 27.158167004585266
waiting
going to web site
Hello world	Thread-15649	2

time: 946690282.841897
diff: 31.158102989196777
waiting
going to web site
Hello world	Thread-15792	5

time: 946690314.832832
diff: 21.167168021202087
waiting
going to web site
Hello world	Thread-15887	2

time: 946690336.832833
diff: 22.16716694831848
waiting
going to web site
Hello world	Thread-15981	2

time: 946690359.832832
diff: 24.167168021202087
waiting
going to web site
Hello world	Thread-16092	3

time: 946690384.841833
diff: 5.158167004585266
waiting
going to web site
Hello world	Thread-16117	2

time: 946690390.841833
diff: 36.158167004585266
waiting
going to web site
Hello world	Thread-16276	4

time: 946690427.841833
diff: 18.158167004585266
waiting
going to web site
Hello world	Thread-16367	3

time: 946690446.841833
diff: 17.158167004585266
waiting
going to web site
Hello world	Thread-16436	6

time: 946690464.5446119
diff: 25.455388069152832
waiting
going to web site
Hello world	Thread-16551	7

time: 946690490.538625
diff: 23.46137499809265
waiting
going to web site
Hello world	Thread-16659	5

time: 946690514.526064
diff: 22.473935961723328
waiting
going to web site
Hello world	Thread-16755	7

time: 946690537.5350641
diff: 33.46493589878082
waiting
going to web site
Hello world	Thread-16908	7

time: 946690571.5350641
diff: 11.464935898780823
waiting
going to web site
Hello world	Thread-16960	5

time: 946690583.5350641
diff: 32.46493589878082
waiting
going to web site
Hello world	Thread-17098	5

time: 946690616.5350641
diff: 6.464935898780823
waiting
going to web site
Hello world	Thread-17128	6

time: 946690623.5350641
diff: 30.464935898780823
waiting
going to web site
Hello world	Thread-17257	4

time: 946690654.5350641
diff: 24.464935898780823
waiting
going to web site
Hello world	Thread-17365	7

time: 946690679.5350641
diff: 8.464935898780823
waiting
going to web site
Hello world	Thread-17406	3

time: 946690688.526064
diff: 19.473935961723328
waiting
going to web site
Hello world	Thread-17492	6

time: 946690708.5350641
diff: 23.464935898780823
waiting
going to web site
Hello world	Thread-17597	6

time: 946690732.5350641
diff: 32.46493589878082
waiting
going to web site
Hello world	Thread-17737	7

time: 946690765.5290639
diff: 24.470936059951782
waiting
going to web site
Hello world	Thread-17858	4

time: 946690790.544065
diff: 20.45593500137329
waiting
going to web site
Hello world	Thread-17946	3

time: 946690811.526065
diff: 27.47393500804901
waiting
going to web site
Hello world	Thread-18060	6

time: 946690839.544065
diff: 20.45593500137329
waiting
going to web site
Hello world	Thread-18141	7

time: 946690860.535097
diff: 29.464902997016907
waiting
going to web site
Hello world	Thread-18278	7

time: 946690890.5350641
diff: 24.464935898780823
waiting
going to web site
Hello world	Thread-18378	7

time: 946690915.540064
diff: 14.459936022758484
waiting
going to web site
Hello world	Thread-18443	6

time: 946690930.544065
diff: 34.45593500137329
waiting
going to web site
Hello world	Thread-18595	3

time: 946690965.526065
diff: 15.473935008049011
waiting
going to web site
Hello world	Thread-18660	3

time: 946690981.544065
diff: 23.45593500137329
waiting
going to web site
Hello world	Thread-18771	5

time: 946691005.544065
diff: 17.45593500137329
waiting
going to web site
Hello world	Thread-18845	2

time: 946691023.5350649
diff: 22.464935064315796
waiting
going to web site
Hello world	Thread-18951	4

time: 946691046.542065
diff: 34.457934975624084
waiting
going to web site
Hello world	Thread-19106	3

time: 946691081.6995599
diff: 6.300440073013306
waiting
going to web site
Hello world	Thread-19133	4

time: 946691088.699561
diff: 23.3004390001297
waiting
going to web site
Hello world	Thread-19238	6

time: 946691112.699561
diff: 25.3004390001297
waiting
going to web site
Hello world	Thread-19358	3

time: 946691138.699561
diff: 32.3004390001297
waiting
going to web site
Hello world	Thread-19503	7

time: 946691171.699561
diff: 20.3004390001297
waiting
going to web site
Hello world	Thread-19596	5

time: 946691192.699561
diff: 11.3004390001297
waiting
going to web site
Hello world	Thread-19654	6

time: 946691204.699561
diff: 29.3004390001297
waiting
going to web site
Hello world	Thread-19796	5

time: 946691234.700561
diff: 13.299438953399658
waiting
going to web site
Hello world	Thread-19852	5

time: 946691248.6995599
diff: 27.300440073013306
waiting
going to web site
Hello world	Thread-19984	3

time: 946691276.7085611
diff: 14.291438937187195
waiting
going to web site
Hello world	Thread-20058	7

time: 946691291.6995599
diff: 13.300440073013306
waiting
going to web site
Hello world	Thread-20113	7

time: 946691305.699561
diff: 36.3004390001297
waiting
going to web site
Hello world	Thread-20293	4

time: 946691342.699561
diff: 20.3004390001297
waiting
going to web site
Hello world	Thread-20386	2

time: 946691363.699561
diff: 14.3004390001297
waiting
going to web site
Hello world	Thread-20473	6

time: 946691378.699561
diff: 25.3004390001297
waiting
going to web site
Hello world	Thread-20602	6

time: 946691404.699561
diff: 25.3004390001297
waiting
going to web site
Hello world	Thread-20725	2

time: 946691430.699561
diff: 8.3004390001297
waiting
going to web site
Hello world	Thread-20767	4

time: 946691439.699561
diff: 21.3004390001297
waiting
going to web site
Hello world	Thread-20878	4

time: 946691461.699561
diff: 18.3004390001297
waiting
going to web site
Hello world	Thread-20964	4

time: 946691480.7085611
diff: 26.291438937187195
waiting
going to web site
Hello world	Thread-21089	3

time: 946691507.6995599
diff: 13.300440073013306
waiting
going to web site
Hello world	Thread-21153	5

time: 946691521.699561
diff: 22.3004390001297
waiting
going to web site
Hello world	Thread-21262	5

time: 946691544.713817
diff: 22.2861829996109
waiting
going to web site
Hello world	Thread-21363	3

time: 946691567.6995599
diff: 14.300440073013306
waiting
going to web site
Hello world	Thread-21434	3

time: 946691582.699561
diff: 18.3004390001297
waiting
going to web site
Hello world	Thread-21522	4

time: 946691601.699561
diff: 16.3004390001297
waiting
going to web site
Hello world	Thread-21595	6

time: 946691618.700561
diff: 24.299438953399658
waiting
going to web site
Hello world	Thread-21711	4

time: 946691643.6995599
diff: 21.300440073013306
waiting
going to web site
Hello world	Thread-21801	2

time: 946691665.699561
diff: 21.3004390001297
waiting
going to web site
Hello world	Thread-21899	4

time: 946691687.851664
diff: 29.148336052894592
waiting
going to web site
Hello world	Thread-22035	6

time: 946691717.841833
diff: 27.158167004585266
waiting
going to web site
Hello world	Thread-22163	3

time: 946691746.851833
diff: 15.14816701412201
waiting
going to web site
Hello world	Thread-22230	4

time: 946691762.841833
diff: 37.158167004585266
waiting
going to web site
Hello world	Thread-22393	2

time: 946691800.832833
diff: 26.16716694831848
waiting
going to web site
Hello world	Thread-22516	4

time: 946691827.832832
diff: 20.167168021202087
waiting
going to web site
Hello world	Thread-22600	4

time: 946691848.841833
diff: 10.158167004585266
waiting
going to web site
Hello world	Thread-22659	3

time: 946691860.841833
diff: 19.158167004585266
waiting
going to web site
Hello world	Thread-22751	4

time: 946691880.8602489
diff: 28.139751076698303
waiting
going to web site
Hello world	Thread-22872	2

time: 946691909.841833
diff: 22.158167004585266
waiting
going to web site
Hello world	Thread-22974	4

time: 946691932.832833
diff: 22.16716694831848
waiting
going to web site
Hello world	Thread-23093	5

time: 946691955.832832
diff: 26.167168021202087
waiting
going to web site
Hello world	Thread-23215	3

time: 946691982.841833
diff: 10.158167004585266
waiting
going to web site
Hello world	Thread-23273	3

time: 946691993.841833
diff: 26.158167004585266
waiting
going to web site
Hello world	Thread-23391	5

time: 946692020.841833
diff: 28.158167004585266
waiting
going to web site
Hello world	Thread-23538	3

time: 946692049.841833
diff: 10.158167004585266
waiting
going to web site
Hello world	Thread-23592	2

time: 946692060.841833
diff: 26.158167004585266
waiting
going to web site
Hello world	Thread-23717	5

time: 946692087.8378329
diff: 20.162167072296143
waiting
going to web site
Hello world	Thread-23809	3

time: 946692108.841833
diff: 21.158167004585266
waiting
going to web site
Hello world	Thread-23921	3

time: 946692130.841833
diff: 10.158167004585266
waiting
going to web site
Hello world	Thread-23973	5

time: 946692141.851833
diff: 22.14816701412201
waiting
going to web site
Hello world	Thread-24078	2

time: 946692164.842417
diff: 24.157582998275757
waiting
going to web site
Hello world	Thread-24192	7

time: 946692189.832832
diff: 22.167168021202087
waiting
going to web site
Hello world	Thread-24296	3

time: 946692212.832833
diff: 2.1671669483184814
waiting
going to web site
Hello world	Thread-24310	5

time: 946692215.832832
diff: 26.167168021202087
waiting
going to web site
Hello world	Thread-24429	3

time: 946692242.851481
diff: 6.148519039154053
waiting
going to web site
Hello world	Thread-24469	5

time: 946692249.841833
diff: 31.158167004585266
waiting
going to web site
Hello world	Thread-24614	2

time: 946692281.841833
diff: 26.158167004585266
waiting
going to web site
Hello world	Thread-24729	2

time: 946692308.841833
diff: 19.158167004585266
waiting
going to web site
Hello world	Thread-24816	2

time: 946692328.841833
diff: 27.158167004585266
waiting
going to web site
Hello world	Thread-24966	2

time: 946692363.841833
diff: 26.158167004585266
waiting
going to web site
Hello world	Thread-25082	3

time: 946692391.851833
diff: 16.14816701412201
waiting
going to web site
Hello world	Thread-25154	2

time: 946692408.841833
diff: 24.158167004585266
waiting
going to web site
Hello world	Thread-25260	2

time: 946692433.832833
diff: 20.16716694831848
waiting
going to web site
Hello world	Thread-25347	2

time: 946692454.832832
diff: 21.167168021202087
waiting
going to web site
Hello world	Thread-25448	3

time: 946692476.841833
diff: 35.158167004585266
waiting
going to web site
Hello world	Thread-25598	3

time: 946692512.841833
diff: 13.158167004585266
waiting
going to web site
Hello world	Thread-25650	2

time: 946692526.841833
diff: 31.158167004585266
waiting
going to web site
Hello world	Thread-25786	3

time: 946692558.832833
diff: 13.167166948318481
waiting
going to web site
Hello world	Thread-25845	5

time: 946692572.836832
diff: 31.16316795349121
waiting
going to web site
Hello world	Thread-25982	4

time: 946692604.832832
diff: 23.167168021202087
waiting
going to web site
Hello world	Thread-26087	2

time: 946692628.841833
diff: 12.158167004585266
waiting
going to web site
Hello world	Thread-26133	2

time: 946692641.841833
diff: 29.158167004585266
waiting
going to web site
Hello world	Thread-26242	2

time: 946692671.832833
diff: 10.167166948318481
waiting
going to web site
Hello world	Thread-26285	3

time: 946692682.832832
diff: 37.16716802120209
waiting
going to web site
Hello world	Thread-26409	2

time: 946692720.832833
diff: 11.167166948318481
waiting
going to web site
Hello world	Thread-26439	3

time: 946692732.832832
diff: 34.16716802120209
waiting
going to web site
Hello world	Thread-26534	3

time: 946692767.841833
diff: 18.158167004585266
waiting
going to web site
Hello world	Thread-26576	4

time: 946692786.841833
diff: 22.158167004585266
waiting
going to web site
Hello world	Thread-26628	2

time: 946692809.832833
diff: 15.167166948318481
waiting
going to web site
Hello world	Thread-26654	4

