time: 946686600.0
diff: 0.0
going to web site
Hello world	Thread-10	4

time: 946686601.089084
diff: 58.91091597080231
waiting
going to web site
Hello world	Thread-49	2

time: 946686661.0750841
diff: 118.92491590976715
waiting
going to web site
Hello world	Thread-114	3

time: 946686781.0850841
diff: 118.9149159193039
waiting
going to web site
Hello world	Thread-177	3

time: 946686901.0750841
diff: 59.92491590976715
waiting
going to web site
Hello world	Thread-216	4

time: 946686962.0750841
diff: 118.92491590976715
waiting
going to web site
Hello world	Thread-280	2

time: 946687082.088084
diff: 58.91191601753235
waiting
going to web site
Hello world	Thread-316	2

time: 946687142.0850841
diff: 58.914915919303894
waiting
going to web site
Hello world	Thread-347	2

time: 946687202.676751
diff: 118.3232489824295
waiting
going to web site
Hello world	Thread-430	5

time: 946687336.6633639
diff: 104.33663606643677
waiting
going to web site
Hello world	Thread-486	7

time: 946687444.658365
diff: 117.34163498878479
waiting
going to web site
Hello world	Thread-538	6

time: 946687562.658364
diff: 59.341635942459106
waiting
going to web site
Hello world	Thread-574	3

time: 946687622.658364
diff: 59.341635942459106
waiting
going to web site
Hello world	Thread-625	3

time: 946687689.668364
diff: 112.33163595199585
waiting
going to web site
Hello world	Thread-661	7

time: 946687802.655908
diff: 59.34409201145172
waiting
going to web site
Hello world	Thread-716	6

time: 946687865.656908
diff: 56.34309196472168
waiting
going to web site
Hello world	Thread-737	3

time: 946687922.646908
diff: 60.35309195518494
waiting
going to web site
Hello world	Thread-777	4

time: 946687983.6589091
diff: 119.34109091758728
waiting
going to web site
Hello world	Thread-850	5

time: 946688106.656908
diff: 116.34309196472168
waiting
going to web site
Hello world	Thread-900	7

time: 946688223.646908
diff: 119.35309195518494
waiting
going to web site
Hello world	Thread-977	7

