time: 946686600.0
diff: 104.0
waiting
going to web site
Hello world	Thread-546	4

time: 946686704.526064
diff: 0.47393596172332764
waiting
going to web site
Hello world	Thread-553	7

time: 946686705.5350641
diff: -0.5350641012191772
going to web site
Hello world	Thread-558	3

time: 946686706.072128
diff: -1.0721280574798584
going to web site
Hello world	Thread-564	6

time: 946686706.6031921
diff: -1.6031920909881592
going to web site
Hello world	Thread-569	3

time: 946686707.142256
diff: -2.142256021499634
going to web site
Hello world	Thread-579	7

time: 946686707.68432
diff: -2.6843199729919434
going to web site
Hello world	Thread-583	4

time: 946686708.210384
diff: -3.2103840112686157
going to web site
Hello world	Thread-594	6

time: 946686708.740448
diff: -2.740447998046875
going to web site
Hello world	Thread-598	5

time: 946686709.2815119
diff: -3.281511902809143
going to web site
Hello world	Thread-608	5

time: 946686709.813576
diff: -3.8135759830474854
going to web site
Hello world	Thread-614	4

time: 946686710.34423
diff: -4.344230055809021
going to web site
Hello world	Thread-622	4

time: 946686710.885294
diff: -4.885293960571289
going to web site
Hello world	Thread-627	5

time: 946686711.430358
diff: -5.430358052253723
going to web site
Hello world	Thread-631	5

time: 946686711.972422
diff: -4.972422003746033
going to web site
Hello world	Thread-634	5

time: 946686712.501486
diff: -5.5014859437942505
going to web site
Hello world	Thread-641	3

time: 946686713.02855
diff: -6.028550028800964
going to web site
Hello world	Thread-645	7

time: 946686713.563614
diff: -6.563614010810852
going to web site
Hello world	Thread-650	5

time: 946686714.1098639
diff: -7.109863877296448
going to web site
Hello world	Thread-656	4

time: 946686714.635928
diff: -5.63592803478241
going to web site
Hello world	Thread-661	3

time: 946686715.168992
diff: -5.168992042541504
going to web site
Hello world	Thread-665	4

time: 946686715.7280899
diff: -5.728089928627014
going to web site
Hello world	Thread-669	3

time: 946686716.268154
diff: -6.26815402507782
going to web site
Hello world	Thread-677	5

time: 946686716.8333579
diff: -5.833357930183411
going to web site
Hello world	Thread-680	3

time: 946686717.375587
diff: -6.375586986541748
going to web site
Hello world	Thread-683	3

time: 946686717.933499
diff: -5.933498978614807
going to web site
Hello world	Thread-686	5

time: 946686718.466563
diff: -5.466562986373901
going to web site
Hello world	Thread-691	2

time: 946686718.9926269
diff: -5.992626905441284
going to web site
Hello world	Thread-694	3

time: 946686719.527691
diff: -6.527691006660461
going to web site
Hello world	Thread-697	3

time: 946686720.056755
diff: -5.056754946708679
going to web site
Hello world	Thread-699	5

time: 946686720.5894489
diff: -1.5894489288330078
going to web site
Hello world	Thread-704	2

time: 946686721.124513
diff: -2.124513030052185
going to web site
Hello world	Thread-709	3

time: 946686721.652577
diff: -2.652577042579651
going to web site
Hello world	Thread-710	4

time: 946686722.184641
diff: 4.815358996391296
waiting
going to web site
Hello world	Thread-123	3

time: 946686727.5350641
diff: 7.464935898780823
waiting
going to web site
Hello world	Thread-141	4

time: 946686735.539209
diff: 14.460790991783142
waiting
going to web site
Hello world	Thread-867	4

time: 946686750.5350641
diff: -0.5350641012191772
going to web site
Hello world	Thread-870	2

time: 946686751.0611279
diff: -1.0611279010772705
going to web site
Hello world	Thread-871	3

time: 946686751.587192
diff: -1.5871920585632324
going to web site
Hello world	Thread-873	2

time: 946686752.113256
diff: 3.8867440223693848
waiting
going to web site
Hello world	Thread-184	3

time: 946686756.5350649
diff: 18.464935064315796
waiting
going to web site
Hello world	Thread-238	3

time: 946686775.544065
diff: 23.45593500137329
waiting
going to web site
Hello world	Thread-294	6

time: 946686799.542065
diff: 18.457934975624084
waiting
going to web site
Hello world	Thread-351	4

time: 946686818.534665
diff: 9.465335011482239
waiting
going to web site
Hello world	Thread-386	5

time: 946686828.533065
diff: 18.46693503856659
waiting
going to web site
Hello world	Thread-444	6

time: 946686847.544065
diff: 29.45593500137329
waiting
going to web site
Hello world	Thread-551	4

time: 946686877.526065
diff: 8.473935008049011
waiting
going to web site
Hello world	Thread-583	4

time: 946686886.526065
diff: 28.47393500804901
waiting
going to web site
Hello world	Thread-705	5

time: 946686915.549065
diff: 13.450935006141663
waiting
going to web site
Hello world	Thread-745	6

time: 946686929.5510269
diff: 28.448973059654236
waiting
going to web site
Hello world	Thread-887	7

time: 946686958.540065
diff: 28.459934949874878
waiting
going to web site
Hello world	Thread-1014	7

time: 946686987.530064
diff: 19.46993601322174
waiting
going to web site
Hello world	Thread-1115	3

time: 946687007.540065
diff: 25.459934949874878
waiting
going to web site
Hello world	Thread-1234	4

time: 946687033.5350641
diff: 27.464935898780823
waiting
going to web site
Hello world	Thread-1359	6

time: 946687061.534656
diff: 12.465343952178955
waiting
going to web site
Hello world	Thread-1421	5

time: 946687074.526064
diff: 30.473935961723328
waiting
going to web site
Hello world	Thread-1556	4

time: 946687105.5350641
diff: 35.46493589878082
waiting
going to web site
Hello world	Thread-1711	5

time: 946687141.5290639
diff: 15.470936059951782
waiting
going to web site
Hello world	Thread-1775	6

time: 946687157.544065
diff: 9.455935001373291
waiting
going to web site
Hello world	Thread-1818	7

time: 946687167.539065
diff: 33.46093499660492
waiting
going to web site
Hello world	Thread-1959	4

time: 946687201.526064
diff: 17.473935961723328
waiting
going to web site
Hello world	Thread-2037	4

time: 946687219.5345191
diff: 34.46548092365265
waiting
going to web site
Hello world	Thread-2185	7

time: 946687254.5350641
diff: 15.464935898780823
waiting
going to web site
Hello world	Thread-2257	6

time: 946687270.5345191
diff: 21.46548092365265
waiting
going to web site
Hello world	Thread-2357	6

time: 946687292.5330639
diff: 19.466936111450195
waiting
going to web site
Hello world	Thread-2447	3

time: 946687312.5350649
diff: 25.464935064315796
waiting
going to web site
Hello world	Thread-2562	5

time: 946687338.5350649
diff: 12.464935064315796
waiting
going to web site
Hello world	Thread-2613	3

time: 946687351.5350649
diff: 13.464935064315796
waiting
going to web site
Hello world	Thread-2674	5

time: 946687365.5350649
diff: 23.464935064315796
waiting
going to web site
Hello world	Thread-2782	8

time: 946687389.5350649
diff: 34.464935064315796
waiting
going to web site
Hello world	Thread-2935	6

time: 946687424.5350649
diff: 23.464935064315796
waiting
going to web site
Hello world	Thread-3037	6

time: 946687448.5380651
diff: 16.46193492412567
waiting
going to web site
Hello world	Thread-3116	8

time: 946687465.5330639
diff: 36.466936111450195
waiting
going to web site
Hello world	Thread-3278	7

time: 946687502.526065
diff: 19.47393500804901
waiting
going to web site
Hello world	Thread-3363	6

time: 946687522.542065
diff: 21.457934975624084
waiting
going to web site
Hello world	Thread-3455	6

time: 946687544.5350641
diff: 24.464935898780823
waiting
going to web site
Hello world	Thread-3564	7

time: 946687569.526064
diff: 27.473935961723328
waiting
going to web site
Hello world	Thread-3684	7

time: 946687597.5290639
diff: 18.470936059951782
waiting
going to web site
Hello world	Thread-3775	5

time: 946687616.544065
diff: 27.45593500137329
waiting
going to web site
Hello world	Thread-3890	4

time: 946687644.544065
diff: 15.455935001373291
waiting
going to web site
Hello world	Thread-3965	6

time: 946687660.544065
diff: 22.45593500137329
waiting
going to web site
Hello world	Thread-4062	5

time: 946687683.544065
diff: 26.45593500137329
waiting
going to web site
Hello world	Thread-4177	7

time: 946687710.5350649
diff: 7.464935064315796
waiting
going to web site
Hello world	Thread-4219	6

time: 946687718.544065
diff: 24.45593500137329
waiting
going to web site
Hello world	Thread-4331	5

time: 946687743.5450649
diff: 28.45493507385254
waiting
going to web site
Hello world	Thread-4458	6

time: 946687772.539065
diff: 18.46093499660492
waiting
going to web site
Hello world	Thread-4541	6

time: 946687791.5350641
diff: 13.464935898780823
waiting
going to web site
Hello world	Thread-4604	7

time: 946687805.5350641
diff: 18.464935898780823
waiting
going to web site
Hello world	Thread-4692	6

time: 946687824.526064
diff: 27.473935961723328
waiting
going to web site
Hello world	Thread-4819	2

time: 946687852.526064
diff: 23.473935961723328
waiting
going to web site
Hello world	Thread-4924	6

time: 946687876.526064
diff: 15.473935961723328
waiting
going to web site
Hello world	Thread-4996	5

time: 946687892.526064
diff: 34.47393596172333
waiting
going to web site
Hello world	Thread-5169	3

time: 946687927.832832
diff: 21.167168021202087
waiting
going to web site
Hello world	Thread-5273	3

time: 946687949.8510411
diff: 15.148958921432495
waiting
going to web site
Hello world	Thread-5341	5

time: 946687965.832832
diff: 18.167168021202087
waiting
going to web site
Hello world	Thread-5434	2

time: 946687984.832833
diff: 28.16716694831848
waiting
going to web site
Hello world	Thread-5568	4

time: 946688013.832832
diff: 16.167168021202087
waiting
going to web site
Hello world	Thread-5640	3

time: 946688030.841833
diff: 10.158167004585266
waiting
going to web site
Hello world	Thread-5693	2

time: 946688041.832833
diff: 20.16716694831848
waiting
going to web site
Hello world	Thread-5782	5

time: 946688062.832832
diff: 25.167168021202087
waiting
going to web site
Hello world	Thread-5906	2

time: 946688088.841833
diff: 28.158167004585266
waiting
going to web site
Hello world	Thread-6024	2

time: 946688117.841833
diff: 19.158167004585266
waiting
going to web site
Hello world	Thread-6115	2

time: 946688137.832833
diff: 25.16716694831848
waiting
going to web site
Hello world	Thread-6217	6

time: 946688163.832832
diff: 34.16716802120209
waiting
going to web site
Hello world	Thread-6374	2

time: 946688198.845833
diff: 10.15416705608368
waiting
going to web site
Hello world	Thread-6426	2

time: 946688209.8423389
diff: 34.15766108036041
waiting
going to web site
Hello world	Thread-6579	5

time: 946688244.832833
diff: 31.16716694831848
waiting
going to web site
Hello world	Thread-6713	5

time: 946688276.832832
diff: 7.167168021202087
waiting
going to web site
Hello world	Thread-6758	2

time: 946688284.841833
diff: 34.158167004585266
waiting
going to web site
Hello world	Thread-6911	3

time: 946688319.836833
diff: 14.163166999816895
waiting
going to web site
Hello world	Thread-6977	4

time: 946688334.832832
diff: 21.167168021202087
waiting
going to web site
Hello world	Thread-7069	2

time: 946688356.841833
diff: 23.158167004585266
waiting
going to web site
Hello world	Thread-7181	3

time: 946688380.841833
diff: 7.158167004585266
waiting
going to web site
Hello world	Thread-7216	3

time: 946688388.850896
diff: 17.14910399913788
waiting
going to web site
Hello world	Thread-7295	4

time: 946688406.832832
diff: 29.167168021202087
waiting
going to web site
Hello world	Thread-7431	4

time: 946688437.841833
diff: 18.158167004585266
waiting
going to web site
Hello world	Thread-7532	2

time: 946688459.841833
diff: 11.158167004585266
waiting
going to web site
Hello world	Thread-7593	2

time: 946688472.851833
diff: 13.14816701412201
waiting
going to web site
Hello world	Thread-7656	2

time: 946688487.860833
diff: 21.139166951179504
waiting
going to web site
Hello world	Thread-7746	4

time: 946688509.836832
diff: 26.16316795349121
waiting
going to web site
Hello world	Thread-7864	7

time: 946688536.526064
diff: 36.47393596172333
waiting
going to web site
Hello world	Thread-8032	5

time: 946688573.5350641
diff: 34.46493589878082
waiting
going to web site
Hello world	Thread-8180	6

time: 946688608.5350641
diff: 13.464935898780823
waiting
going to web site
Hello world	Thread-8244	5

time: 946688622.5350641
diff: 38.46493589878082
waiting
going to web site
Hello world	Thread-8411	7

time: 946688661.5350641
diff: 16.464935898780823
waiting
going to web site
Hello world	Thread-8474	7

time: 946688678.529518
diff: 31.470481991767883
waiting
going to web site
Hello world	Thread-8611	3

time: 946688710.526064
diff: 13.473935961723328
waiting
going to web site
Hello world	Thread-8669	5

time: 946688724.526064
diff: 24.473935961723328
waiting
going to web site
Hello world	Thread-8767	6

time: 946688749.534518
diff: 28.465481996536255
waiting
going to web site
Hello world	Thread-8877	3

time: 946688778.5351491
diff: 23.464850902557373
waiting
going to web site
Hello world	Thread-8976	6

time: 946688802.526064
diff: 31.473935961723328
waiting
going to web site
Hello world	Thread-9108	7

time: 946688834.5294169
diff: 17.470583081245422
waiting
going to web site
Hello world	Thread-9189	7

time: 946688852.526065
diff: 24.47393500804901
waiting
going to web site
Hello world	Thread-9289	4

time: 946688877.536065
diff: 16.463935017585754
waiting
going to web site
Hello world	Thread-9369	5

time: 946688894.5350649
diff: 24.464935064315796
waiting
going to web site
Hello world	Thread-9469	7

time: 946688919.526065
diff: 12.473935008049011
waiting
going to web site
Hello world	Thread-9529	5

time: 946688932.544065
diff: 21.45593500137329
waiting
going to web site
Hello world	Thread-9623	4

time: 946688954.5350649
diff: 22.464935064315796
waiting
going to web site
Hello world	Thread-9732	6

time: 946688977.544509
diff: 27.455490946769714
waiting
going to web site
Hello world	Thread-9865	5

time: 946689005.5350641
diff: 29.464935898780823
waiting
going to web site
Hello world	Thread-10000	7

time: 946689035.5350641
diff: 12.464935898780823
waiting
going to web site
Hello world	Thread-10054	6

time: 946689048.526064
diff: 7.473935961723328
waiting
going to web site
Hello world	Thread-10090	6

time: 946689056.5294169
diff: 13.470583081245422
waiting
going to web site
Hello world	Thread-10155	6

time: 946689070.540065
diff: 29.459934949874878
waiting
going to web site
Hello world	Thread-10292	6

time: 946689100.5350641
diff: 12.464935898780823
waiting
going to web site
Hello world	Thread-10356	6

time: 946689113.534481
diff: 30.465518951416016
waiting
going to web site
Hello world	Thread-10512	2

time: 946689144.832832
diff: 20.167168021202087
waiting
going to web site
Hello world	Thread-10607	5

time: 946689165.841833
diff: 30.158167004585266
waiting
going to web site
Hello world	Thread-10764	3

time: 946689197.841833
diff: 8.158167004585266
waiting
going to web site
Hello world	Thread-10808	3

time: 946689206.841833
diff: 20.158167004585266
waiting
going to web site
Hello world	Thread-10909	2

time: 946689227.845833
diff: 29.15416705608368
waiting
going to web site
Hello world	Thread-11052	3

time: 946689257.845833
diff: 18.15416705608368
waiting
going to web site
Hello world	Thread-11142	2

time: 946689277.841833
diff: 9.158167004585266
waiting
going to web site
Hello world	Thread-11189	3

time: 946689287.832833
diff: 15.167166948318481
waiting
going to web site
Hello world	Thread-11269	4

time: 946689303.832832
diff: 19.167168021202087
waiting
going to web site
Hello world	Thread-11365	3

time: 946689323.832833
diff: 31.16716694831848
waiting
going to web site
Hello world	Thread-11513	4

time: 946689355.832832
diff: 27.167168021202087
waiting
going to web site
Hello world	Thread-11641	3

time: 946689383.832833
diff: 22.16716694831848
waiting
going to web site
Hello world	Thread-11748	3

time: 946689406.832832
diff: 20.167168021202087
waiting
going to web site
Hello world	Thread-11861	3

time: 946689430.844833
diff: 3.155166983604431
waiting
going to web site
Hello world	Thread-11880	3

time: 946689434.832832
diff: 24.167168021202087
waiting
going to web site
Hello world	Thread-11988	2

time: 946689459.841833
diff: 19.158167004585266
waiting
going to web site
Hello world	Thread-12087	3

time: 946689479.841833
diff: 30.158167004585266
waiting
going to web site
Hello world	Thread-12217	5

time: 946689510.832833
diff: 23.16716694831848
waiting
going to web site
Hello world	Thread-12330	5

time: 946689535.836832
diff: 20.16316795349121
waiting
going to web site
Hello world	Thread-12435	4

time: 946689556.832832
diff: 32.16716802120209
waiting
going to web site
Hello world	Thread-12587	3

time: 946689589.832833
diff: 28.16716694831848
waiting
going to web site
Hello world	Thread-12709	4

time: 946689618.836832
diff: 4.163167953491211
waiting
going to web site
Hello world	Thread-12730	2

time: 946689623.832832
diff: 18.167168021202087
waiting
going to web site
Hello world	Thread-12820	2

time: 946689642.841833
diff: 17.158167004585266
waiting
going to web site
Hello world	Thread-12908	3

time: 946689661.841833
diff: 24.158167004585266
waiting
going to web site
Hello world	Thread-13035	4

time: 946689686.832833
diff: 23.16716694831848
waiting
going to web site
Hello world	Thread-13131	7

time: 946689710.832832
diff: 28.167168021202087
waiting
going to web site
Hello world	Thread-13265	3

time: 946689739.851068
diff: 17.148931980133057
waiting
going to web site
Hello world	Thread-13353	4

time: 946689757.832832
diff: 5.167168021202087
waiting
going to web site
Hello world	Thread-13382	2

time: 946689763.841833
diff: 22.158167004585266
waiting
going to web site
Hello world	Thread-13482	4

time: 946689787.842833
diff: 25.157166957855225
waiting
going to web site
Hello world	Thread-13602	7

time: 946689813.832832
diff: 24.167168021202087
waiting
going to web site
Hello world	Thread-13723	5

time: 946689838.841833
diff: 12.158167004585266
waiting
going to web site
Hello world	Thread-13791	5

time: 946689851.832833
diff: 38.16716694831848
waiting
going to web site
Hello world	Thread-13967	6

time: 946689890.832832
diff: 4.167168021202087
waiting
going to web site
Hello world	Thread-13984	3

time: 946689895.842101
diff: 30.157899022102356
waiting
going to web site
Hello world	Thread-14121	2

time: 946689926.832833
diff: 29.16716694831848
waiting
going to web site
Hello world	Thread-14252	6

time: 946689956.832832
diff: 21.167168021202087
waiting
going to web site
Hello world	Thread-14340	4

time: 946689978.832833
diff: 32.16716694831848
waiting
going to web site
Hello world	Thread-14492	5

time: 946690011.832832
diff: 23.167168021202087
waiting
going to web site
Hello world	Thread-14592	4

time: 946690035.8588331
diff: 21.141166925430298
waiting
going to web site
Hello world	Thread-14685	6

time: 946690057.832832
diff: 11.167168021202087
waiting
going to web site
Hello world	Thread-14741	2

time: 946690069.841833
diff: 30.158167004585266
waiting
going to web site
Hello world	Thread-14875	4

time: 946690100.841833
diff: 22.158167004585266
waiting
going to web site
Hello world	Thread-14968	4

time: 946690123.836833
diff: 9.163166999816895
waiting
going to web site
Hello world	Thread-15011	2

time: 946690133.832832
diff: 25.167168021202087
waiting
going to web site
Hello world	Thread-15128	3

time: 946690160.859833
diff: 35.140166997909546
waiting
going to web site
Hello world	Thread-15274	4

time: 946690196.832832
diff: 16.167168021202087
waiting
going to web site
Hello world	Thread-15351	4

time: 946690213.841833
diff: 21.158167004585266
waiting
going to web site
Hello world	Thread-15450	3

time: 946690235.841833
diff: 26.158167004585266
waiting
going to web site
Hello world	Thread-15567	3

time: 946690262.845833
diff: 20.15416705608368
waiting
going to web site
Hello world	Thread-15652	4

time: 946690283.832833
diff: 20.16716694831848
waiting
going to web site
Hello world	Thread-15749	4

time: 946690304.832832
diff: 22.167168021202087
waiting
going to web site
Hello world	Thread-15848	2

time: 946690327.841833
diff: 25.158167004585266
waiting
going to web site
Hello world	Thread-15960	2

time: 946690353.842009
diff: 16.15799105167389
waiting
going to web site
Hello world	Thread-16030	2

time: 946690370.841833
diff: 25.158167004585266
waiting
going to web site
Hello world	Thread-16146	2

time: 946690396.841833
diff: 19.158167004585266
waiting
going to web site
Hello world	Thread-16227	4

time: 946690416.841833
diff: 30.158167004585266
waiting
going to web site
Hello world	Thread-16370	4

time: 946690447.832833
diff: 23.16716694831848
waiting
going to web site
Hello world	Thread-16473	3

time: 946690471.832832
diff: 19.167168021202087
waiting
going to web site
Hello world	Thread-16560	5

time: 946690491.841833
diff: 21.158167004585266
waiting
going to web site
Hello world	Thread-16658	3

time: 946690513.841833
diff: 22.158167004585266
waiting
going to web site
Hello world	Thread-16754	3

time: 946690536.832833
diff: 25.16716694831848
waiting
going to web site
Hello world	Thread-16872	7

time: 946690562.833833
diff: 13.16616702079773
waiting
going to web site
Hello world	Thread-16932	2

time: 946690576.845833
diff: 17.15416705608368
waiting
going to web site
Hello world	Thread-17009	3

time: 946690594.842749
diff: 20.157251000404358
waiting
going to web site
Hello world	Thread-17095	2

time: 946690615.841833
diff: 33.158167004585266
waiting
going to web site
Hello world	Thread-17237	4

time: 946690649.841833
diff: 23.158167004585266
waiting
going to web site
Hello world	Thread-17335	4

time: 946690673.832833
diff: 33.16716694831848
waiting
going to web site
Hello world	Thread-17487	6

time: 946690707.832832
diff: 20.167168021202087
waiting
going to web site
Hello world	Thread-17580	4

time: 946690728.841833
diff: 23.158167004585266
waiting
going to web site
Hello world	Thread-17685	3

time: 946690752.841833
diff: 6.158167004585266
waiting
going to web site
Hello world	Thread-17718	4

time: 946690759.841833
diff: 36.158167004585266
waiting
going to web site
Hello world	Thread-17883	2

time: 946690796.845833
diff: 9.15416705608368
waiting
going to web site
Hello world	Thread-17923	2

time: 946690806.841833
diff: 34.158167004585266
waiting
going to web site
Hello world	Thread-18074	5

time: 946690841.841833
diff: 16.158167004585266
waiting
going to web site
Hello world	Thread-18136	2

time: 946690858.841833
diff: 28.158167004585266
waiting
going to web site
Hello world	Thread-18270	2

time: 946690888.851833
diff: 19.14816701412201
waiting
going to web site
Hello world	Thread-18356	5

time: 946690908.841833
diff: 26.158167004585266
waiting
going to web site
Hello world	Thread-18467	3

time: 946690935.841833
diff: 20.158167004585266
waiting
going to web site
Hello world	Thread-18557	3

time: 946690956.832833
diff: 20.16716694831848
waiting
going to web site
Hello world	Thread-18643	4

time: 946690977.832832
diff: 19.167168021202087
waiting
going to web site
Hello world	Thread-18734	4

time: 946690997.841833
diff: 22.158167004585266
waiting
going to web site
Hello world	Thread-18836	2

time: 946691020.841833
diff: 33.158167004585266
waiting
going to web site
Hello world	Thread-18985	5

time: 946691054.859861
diff: 21.1401389837265
waiting
going to web site
Hello world	Thread-19076	5

time: 946691076.841776
diff: 12.158223986625671
waiting
going to web site
Hello world	Thread-19139	3

time: 946691089.840832
diff: 23.159168004989624
waiting
going to web site
Hello world	Thread-19248	2

time: 946691113.841833
diff: 25.158167004585266
waiting
going to web site
Hello world	Thread-19364	4

time: 946691139.841833
diff: 11.158167004585266
waiting
going to web site
Hello world	Thread-19419	4

time: 946691151.841833
diff: 18.158167004585266
waiting
going to web site
Hello world	Thread-19508	2

time: 946691171.841833
diff: 10.158167004585266
waiting
going to web site
Hello world	Thread-19553	3

time: 946691182.841833
diff: 35.158167004585266
waiting
going to web site
Hello world	Thread-19720	4

time: 946691218.841833
diff: 36.158167004585266
waiting
going to web site
Hello world	Thread-19911	2

time: 946691258.8578329
diff: 0.1421670913696289
waiting
going to web site
Hello world	Thread-19914	2

time: 946691259.832833
diff: 31.16716694831848
waiting
going to web site
Hello world	Thread-20059	5

time: 946691291.832832
diff: 21.167168021202087
waiting
going to web site
Hello world	Thread-20161	6

time: 946691313.832833
diff: 9.167166948318481
waiting
going to web site
Hello world	Thread-20205	4

time: 946691323.832832
diff: 22.167168021202087
waiting
going to web site
Hello world	Thread-20313	2

time: 946691346.841833
diff: 25.158167004585266
waiting
going to web site
Hello world	Thread-20453	3

time: 946691373.8558251
diff: 8.144174933433533
waiting
going to web site
Hello world	Thread-20496	5

time: 946691382.832832
diff: 12.167168021202087
waiting
going to web site
Hello world	Thread-20564	2

time: 946691395.841833
diff: 28.158167004585266
waiting
going to web site
Hello world	Thread-20700	3

time: 946691424.832833
diff: 20.16716694831848
waiting
going to web site
Hello world	Thread-20798	4

time: 946691445.832832
diff: 20.167168021202087
waiting
going to web site
Hello world	Thread-20899	3

time: 946691466.832833
diff: 18.16716694831848
waiting
going to web site
Hello world	Thread-20989	5

time: 946691485.832832
diff: 18.167168021202087
waiting
going to web site
Hello world	Thread-21079	3

time: 946691504.841833
diff: 29.158167004585266
waiting
going to web site
Hello world	Thread-21217	2

time: 946691534.841833
diff: 11.158167004585266
waiting
going to web site
Hello world	Thread-21270	4

time: 946691546.841833
diff: 30.158167004585266
waiting
going to web site
Hello world	Thread-21411	4

time: 946691577.699561
diff: 20.3004390001297
waiting
going to web site
Hello world	Thread-21512	3

time: 946691598.699561
diff: 28.3004390001297
waiting
going to web site
Hello world	Thread-21636	5

time: 946691627.699561
diff: 19.3004390001297
waiting
going to web site
Hello world	Thread-21724	6

time: 946691647.699561
diff: 30.3004390001297
waiting
going to web site
Hello world	Thread-21857	7

time: 946691678.699561
diff: 19.3004390001297
waiting
going to web site
Hello world	Thread-21946	5

time: 946691698.713817
diff: 24.2861829996109
waiting
going to web site
Hello world	Thread-22064	3

time: 946691723.6995599
diff: 16.300440073013306
waiting
going to web site
Hello world	Thread-22129	6

time: 946691740.699561
diff: 27.3004390001297
waiting
going to web site
Hello world	Thread-22261	5

time: 946691768.699561
diff: 27.3004390001297
waiting
going to web site
Hello world	Thread-22379	5

time: 946691796.699561
diff: 13.3004390001297
waiting
going to web site
Hello world	Thread-22441	7

time: 946691810.699561
diff: 24.3004390001297
waiting
going to web site
Hello world	Thread-22547	3

time: 946691835.699561
diff: 27.3004390001297
waiting
going to web site
Hello world	Thread-22668	5

time: 946691863.699561
diff: 8.3004390001297
waiting
going to web site
Hello world	Thread-22712	2

time: 946691872.699561
diff: 31.3004390001297
waiting
going to web site
Hello world	Thread-22849	5

time: 946691904.699561
diff: 29.3004390001297
waiting
going to web site
Hello world	Thread-22983	6

time: 946691934.699561
diff: 8.3004390001297
waiting
going to web site
Hello world	Thread-23029	3

time: 946691943.699561
diff: 27.3004390001297
waiting
going to web site
Hello world	Thread-23165	4

time: 946691971.699561
diff: 10.3004390001297
waiting
going to web site
Hello world	Thread-23213	5

time: 946691982.699561
diff: 28.3004390001297
waiting
going to web site
Hello world	Thread-23348	6

time: 946692011.699561
diff: 26.3004390001297
waiting
going to web site
Hello world	Thread-23478	5

time: 946692038.699561
diff: 9.3004390001297
waiting
going to web site
Hello world	Thread-23530	4

time: 946692048.699561
diff: 29.3004390001297
waiting
going to web site
Hello world	Thread-23670	4

time: 946692078.699561
diff: 0.3004390001296997
waiting
going to web site
Hello world	Thread-23674	4

time: 946692079.699561
diff: 21.3004390001297
waiting
going to web site
Hello world	Thread-23780	4

time: 946692101.699561
diff: 24.3004390001297
waiting
going to web site
Hello world	Thread-23903	5

time: 946692126.7085611
diff: 16.291438937187195
waiting
going to web site
Hello world	Thread-23982	4

time: 946692143.6995599
diff: 15.300440073013306
waiting
going to web site
Hello world	Thread-24051	7

time: 946692159.704561
diff: 36.29543900489807
waiting
going to web site
Hello world	Thread-24222	5

time: 946692196.841833
diff: 21.158167004585266
waiting
going to web site
Hello world	Thread-24332	5

time: 946692219.841833
diff: 19.158167004585266
waiting
going to web site
Hello world	Thread-24413	5

time: 946692239.841833
diff: 24.158167004585266
waiting
going to web site
Hello world	Thread-24537	3

time: 946692264.841833
diff: 30.158167004585266
waiting
going to web site
Hello world	Thread-24677	2

time: 946692296.851481
diff: 17.148519039154053
waiting
going to web site
Hello world	Thread-24761	4

time: 946692315.841833
diff: 24.158167004585266
waiting
going to web site
Hello world	Thread-24870	2

time: 946692340.841833
diff: 26.158167004585266
waiting
going to web site
Hello world	Thread-24981	3

time: 946692367.841833
diff: 28.158167004585266
waiting
going to web site
Hello world	Thread-25109	6

time: 946692396.832833
diff: 23.16716694831848
waiting
going to web site
Hello world	Thread-25204	4

time: 946692420.832832
diff: 9.167168021202087
waiting
going to web site
Hello world	Thread-25251	4

time: 946692430.841833
diff: 16.158167004585266
waiting
going to web site
Hello world	Thread-25323	2

time: 946692447.845833
diff: 33.15416705608368
waiting
going to web site
Hello world	Thread-25465	3

time: 946692481.845833
diff: 19.15416705608368
waiting
going to web site
Hello world	Thread-25546	2

time: 946692501.841833
diff: 22.158167004585266
waiting
going to web site
Hello world	Thread-25642	2

time: 946692524.841833
diff: 22.158167004585266
waiting
going to web site
Hello world	Thread-25748	4

time: 946692548.841833
diff: 23.158167004585266
waiting
going to web site
Hello world	Thread-25846	3

time: 946692572.845833
diff: 29.15416705608368
waiting
going to web site
Hello world	Thread-25975	3

time: 946692602.851665
diff: 11.148334980010986
waiting
going to web site
Hello world	Thread-26023	3

time: 946692614.836832
diff: 26.16316795349121
waiting
going to web site
Hello world	Thread-26132	5

time: 946692641.832832
diff: 29.167168021202087
waiting
going to web site
Hello world	Thread-26246	6

time: 946692671.832833
diff: 13.167166948318481
waiting
going to web site
Hello world	Thread-26295	2

time: 946692685.8358321
diff: 15.164167881011963
waiting
going to web site
Hello world	Thread-26348	3

