time: 946686600.0
diff: 0.0
going to web site
Hello world	Thread-242	4

time: 946686840.8553101
diff: -120.85531008243561
going to web site
Hello world	Thread-247	4

time: 946686841.438661
diff: -61.438660979270935
going to web site
Hello world	Thread-264	3

time: 946686842.0453169
diff: -1.0453169345855713
going to web site
Hello world	Thread-274	4

time: 946686842.625973
diff: 58.37402701377869
waiting
going to web site
Hello world	Thread-390	5

time: 946686932.613777
diff: 88.38622295856476
waiting
going to web site
Hello world	Thread-531	3

time: 946687052.600518
diff: 88.39948201179504
waiting
going to web site
Hello world	Thread-769	2

time: 946687268.9156561
diff: -7.915656089782715
going to web site
Hello world	Thread-770	2

time: 946687269.496312
diff: 51.50368797779083
waiting
going to web site
Hello world	Thread-951	4

time: 946687442.957254
diff: -60.95725405216217
going to web site
Hello world	Thread-956	5

time: 946687443.54691
diff: 58.45308995246887
waiting
going to web site
Hello world	Thread-1155	3

time: 946687623.97814
diff: -61.978139996528625
going to web site
Hello world	Thread-1161	3

time: 946687624.571796
diff: 57.42820405960083
waiting
going to web site
Hello world	Thread-1245	7

time: 946687713.5902101
diff: 88.40978991985321
waiting
going to web site
Hello world	Thread-1483	3

time: 946687924.0044839
diff: -2.004483938217163
going to web site
Hello world	Thread-1507	2

time: 946687927.58814
diff: 115.41185998916626
waiting
going to web site
Hello world	Thread-1651	3

time: 946688046.582656
diff: 56.417343974113464
waiting
going to web site
Hello world	Thread-1699	2

time: 946688104.580656
diff: 118.41934394836426
waiting
going to web site
Hello world	Thread-1960	3

time: 946688347.023312
diff: -4.023311972618103
going to web site
Hello world	Thread-1969	3

