time: 946686600.0
diff: 0.0
going to web site
Hello world	Thread-34	4

time: 946686615.659364
diff: 44.340636014938354
waiting
going to web site
Hello world	Thread-54	4

time: 946686661.6593649
diff: 58.34063506126404
waiting
going to web site
Hello world	Thread-102	4

time: 946686735.696273
diff: 104.30372703075409
waiting
going to web site
Hello world	Thread-168	2

time: 946686843.667365
diff: 56.332635045051575
waiting
going to web site
Hello world	Thread-196	4

time: 946686903.668365
diff: 116.33163499832153
waiting
going to web site
Hello world	Thread-242	6

time: 946687020.658365
diff: 119.34163498878479
waiting
going to web site
Hello world	Thread-306	2

time: 946687140.6493641
diff: 60.35063588619232
waiting
going to web site
Hello world	Thread-364	7

time: 946687216.667364
diff: 104.33263599872589
waiting
going to web site
Hello world	Thread-404	4

time: 946687321.658364
diff: 119.3416359424591
waiting
going to web site
Hello world	Thread-472	3

time: 946687441.676365
diff: 59.32363498210907
waiting
going to web site
Hello world	Thread-521	5

time: 946687504.658365
diff: 56.34163498878479
waiting
going to web site
Hello world	Thread-549	4

time: 946687564.658365
diff: 116.34163498878479
waiting
going to web site
Hello world	Thread-601	2

time: 946687681.6493641
diff: 120.35063588619232
waiting
going to web site
Hello world	Thread-663	5

time: 946687802.674496
diff: 119.32550394535065
waiting
going to web site
Hello world	Thread-742	6

time: 946687923.655909
diff: 118.3440910577774
waiting
going to web site
Hello world	Thread-802	2

time: 946688042.655909
diff: 59.344091057777405
waiting
going to web site
Hello world	Thread-833	5

time: 946688102.655909
diff: 59.344091057777405
waiting
going to web site
Hello world	Thread-866	3

time: 946688162.655909
diff: 59.344091057777405
waiting
going to web site
Hello world	Thread-899	2

time: 946688222.646909
diff: 120.35309100151062
waiting
going to web site
Hello world	Thread-979	5

